r,n_asleep,n_awake,n_honest_asleep,n_honest_dreamy,n_honest_awake,n_adversary,n_all,party0_ledger_best_length,party0_ledger_best_age,party0_ledger_fast_length,party0_ledger_fast_age,party0_ledger_slow_length,party0_ledger_slow_age,party0_comms_all_size,party0_comms_all_count,party0_comms_proposal_size,party0_comms_proposal_count,party0_comms_piece_block_size,party0_comms_piece_block_count,party0_comms_piece_vote_size,party0_comms_piece_vote_count,party1_ledger_best_length,party1_ledger_best_age,party1_ledger_fast_length,party1_ledger_fast_age,party1_ledger_slow_length,party1_ledger_slow_age,party1_comms_all_size,party1_comms_all_count,party1_comms_proposal_size,party1_comms_proposal_count,party1_comms_piece_block_size,party1_comms_piece_block_count,party1_comms_piece_vote_size,party1_comms_piece_vote_count,party2_ledger_best_length,party2_ledger_best_age,party2_ledger_fast_length,party2_ledger_fast_age,party2_ledger_slow_length,party2_ledger_slow_age,party2_comms_all_size,party2_comms_all_count,party2_comms_proposal_size,party2_comms_proposal_count,party2_comms_piece_block_size,party2_comms_piece_block_count,party2_comms_piece_vote_size,party2_comms_piece_vote_count,party3_ledger_best_length,party3_ledger_best_age,party3_ledger_fast_length,party3_ledger_fast_age,party3_ledger_slow_length,party3_ledger_slow_age,party3_comms_all_size,party3_comms_all_count,party3_comms_proposal_size,party3_comms_proposal_count,party3_comms_piece_block_size,party3_comms_piece_block_count,party3_comms_piece_vote_size,party3_comms_piece_vote_count,party4_ledger_best_length,party4_ledger_best_age,party4_ledger_fast_length,party4_ledger_fast_age,party4_ledger_slow_length,party4_ledger_slow_age,party4_comms_all_size,party4_comms_all_count,party4_comms_proposal_size,party4_comms_proposal_count,party4_comms_piece_block_size,party4_comms_piece_block_count,party4_comms_piece_vote_size,party4_comms_piece_vote_count,partyALWAYSAWAKE_ledger_best_length,partyALWAYSAWAKE_ledger_best_age,partyALWAYSAWAKE_ledger_fast_length,partyALWAYSAWAKE_ledger_fast_age,partyALWAYSAWAKE_ledger_slow_length,partyALWAYSAWAKE_ledger_slow_age,partyALWAYSAWAKE_comms_all_size,partyALWAYSAWAKE_comms_all_count,partyALWAYSAWAKE_comms_proposal_size,partyALWAYSAWAKE_comms_proposal_count,partyALWAYSAWAKE_comms_piece_block_size,partyALWAYSAWAKE_comms_piece_block_count,partyALWAYSAWAKE_comms_piece_vote_size,partyALWAYSAWAKE_comms_piece_vote_count
4,0,1000,0,0,1000,0,1000,0,0,0,0,0,0,0,0,0,0,0,0,0,0,0,0,0,0,0,0,0,0,0,0,0,0,0,0,0,0,0,0,0,0,0,0,0,0,0,0,0,0,0,0,0,0,0,0,0,0,0,0,0,0,0,0,0,0,0,0,0,0,0,0,0,0,0,0,0,0,0,0,0,0,0,0,0,0,0,0,0,0,0,0
5,0,1000,0,0,1000,0,1000,0,0,0,0,0,0,3066,7,3066,7,0,0,0,0,0,0,0,0,0,0,3066,7,3066,7,0,0,0,0,0,0,0,0,0,0,3066,7,3066,7,0,0,0,0,0,0,0,0,0,0,3066,7,3066,7,0,0,0,0,0,0,0,0,0,0,3066,7,3066,7,0,0,0,0,0,0,0,0,0,0,3066,7,3066,7,0,0,0,0
6,0,1000,0,0,1000,0,1000,1,1,1,1,0,0,29938,110,0,0,290,1,29648,109,1,1,1,1,0,0,29938,110,0,0,290,1,29648,109,1,1,1,1,0,0,29938,110,0,0,290,1,29648,109,1,1,1,1,0,0,29938,110,0,0,290,1,29648,109,1,1,1,1,0,0,29938,110,0,0,290,1,29648,109,1,1,1,1,0,0,29938,110,0,0,290,1,29648,109
7,0,1000,0,0,1000,0,1000,1,1,1,1,0,0,0,0,0,0,0,0,0,0,1,1,1,1,0,0,0,0,0,0,0,0,0,0,1,1,1,1,0,0,0,0,0,0,0,0,0,0,1,1,1,1,0,0,0,0,0,0,0,0,0,0,1,1,1,1,0,0,0,0,0,0,0,0,0,0,1,1,1,1,0,0,0,0,0,0,0,0,0,0
8,0,1000,0,0,1000,0,1000,1,1,1,1,0,0,0,0,0,0,0,0,0,0,1,1,1,1,0,0,0,0,0,0,0,0,0,0,1,1,1,1,0,0,0,0,0,0,0,0,0,0,1,1,1,1,0,0,0,0,0,0,0,0,0,0,1,1,1,1,0,0,0,0,0,0,0,0,0,0,1,1,1,1,0,0,0,0,0,0,0,0,0,0
9,0,1000,0,0,1000,0,1000,1,1,1,1,0,0,23556,6,23556,6,0,0,0,0,1,1,1,1,0,0,23556,6,23556,6,0,0,0,0,1,1,1,1,0,0,23556,6,23556,6,0,0,0,0,1,1,1,1,0,0,23556,6,23556,6,0,0,0,0,1,1,1,1,0,0,23556,6,23556,6,0,0,0,0,1,1,1,1,0,0,23556,6,23556,6,0,0,0,0
10,0,1000,0,0,1000,0,1000,2,2,2,2,0,0,25858,95,0,0,290,1,25568,94,2,2,2,2,0,0,25858,95,0,0,290,1,25568,94,2,2,2,2,0,0,25858,95,0,0,290,1,25568,94,2,2,2,2,0,0,25858,95,0,0,290,1,25568,94,2,2,2,2,0,0,25858,95,0,0,290,1,25568,94,2,2,2,2,0,0,25858,95,0,0,290,1,25568,94
11,0,1000,0,0,1000,0,1000,2,2,2,2,0,0,0,0,0,0,0,0,0,0,2,2,2,2,0,0,0,0,0,0,0,0,0,0,2,2,2,2,0,0,0,0,0,0,0,0,0,0,2,2,2,2,0,0,0,0,0,0,0,0,0,0,2,2,2,2,0,0,0,0,0,0,0,0,0,0,2,2,2,2,0,0,0,0,0,0,0,0,0,0
12,0,1000,0,0,1000,0,1000,2,2,2,2,0,0,0,0,0,0,0,0,0,0,2,2,2,2,0,0,0,0,0,0,0,0,0,0,2,2,2,2,0,0,0,0,0,0,0,0,0,0,2,2,2,2,0,0,0,0,0,0,0,0,0,0,2,2,2,2,0,0,0,0,0,0,0,0,0,0,2,2,2,2,0,0,0,0,0,0,0,0,0,0
13,0,1000,0,0,1000,0,1000,2,2,2,2,0,0,20676,6,20676,6,0,0,0,0,2,2,2,2,0,0,20676,6,20676,6,0,0,0,0,2,2,2,2,0,0,20676,6,20676,6,0,0,0,0,2,2,2,2,0,0,20676,6,20676,6,0,0,0,0,2,2,2,2,0,0,20676,6,20676,6,0,0,0,0,2,2,2,2,0,0,20676,6,20676,6,0,0,0,0
14,0,1000,0,0,1000,0,1000,3,3,3,3,0,0,27762,102,0,0,290,1,27472,101,3,3,3,3,0,0,27762,102,0,0,290,1,27472,101,3,3,3,3,0,0,27762,102,0,0,290,1,27472,101,3,3,3,3,0,0,27762,102,0,0,290,1,27472,101,3,3,3,3,0,0,27762,102,0,0,290,1,27472,101,3,3,3,3,0,0,27762,102,0,0,290,1,27472,101
15,0,1000,0,0,1000,0,1000,3,3,3,3,0,0,0,0,0,0,0,0,0,0,3,3,3,3,0,0,0,0,0,0,0,0,0,0,3,3,3,3,0,0,0,0,0,0,0,0,0,0,3,3,3,3,0,0,0,0,0,0,0,0,0,0,3,3,3,3,0,0,0,0,0,0,0,0,0,0,3,3,3,3,0,0,0,0,0,0,0,0,0,0
16,0,1000,0,0,1000,0,1000,3,3,3,3,0,0,0,0,0,0,0,0,0,0,3,3,3,3,0,0,0,0,0,0,0,0,0,0,3,3,3,3,0,0,0,0,0,0,0,0,0,0,3,3,3,3,0,0,0,0,0,0,0,0,0,0,3,3,3,3,0,0,0,0,0,0,0,0,0,0,3,3,3,3,0,0,0,0,0,0,0,0,0,0
17,0,1000,0,0,1000,0,1000,3,3,3,3,0,0,33027,9,33027,9,0,0,0,0,3,3,3,3,0,0,33027,9,33027,9,0,0,0,0,3,3,3,3,0,0,33027,9,33027,9,0,0,0,0,3,3,3,3,0,0,33027,9,33027,9,0,0,0,0,3,3,3,3,0,0,33027,9,33027,9,0,0,0,0,3,3,3,3,0,0,33027,9,33027,9,0,0,0,0
18,0,1000,0,0,1000,0,1000,4,4,4,4,0,0,28032,103,0,0,288,1,27744,102,4,4,4,4,0,0,28032,103,0,0,288,1,27744,102,4,4,4,4,0,0,28032,103,0,0,288,1,27744,102,4,4,4,4,0,0,28032,103,0,0,288,1,27744,102,4,4,4,4,0,0,28032,103,0,0,288,1,27744,102,4,4,4,4,0,0,28032,103,0,0,288,1,27744,102
19,0,1000,0,0,1000,0,1000,4,4,4,4,0,0,0,0,0,0,0,0,0,0,4,4,4,4,0,0,0,0,0,0,0,0,0,0,4,4,4,4,0,0,0,0,0,0,0,0,0,0,4,4,4,4,0,0,0,0,0,0,0,0,0,0,4,4,4,4,0,0,0,0,0,0,0,0,0,0,4,4,4,4,0,0,0,0,0,0,0,0,0,0
20,0,1000,0,0,1000,0,1000,4,4,4,4,0,0,0,0,0,0,0,0,0,0,4,4,4,4,0,0,0,0,0,0,0,0,0,0,4,4,4,4,0,0,0,0,0,0,0,0,0,0,4,4,4,4,0,0,0,0,0,0,0,0,0,0,4,4,4,4,0,0,0,0,0,0,0,0,0,0,4,4,4,4,0,0,0,0,0,0,0,0,0,0
21,0,1000,0,0,1000,0,1000,4,4,4,4,0,0,18510,5,18510,5,0,0,0,0,4,4,4,4,0,0,18510,5,18510,5,0,0,0,0,4,4,4,4,0,0,18510,5,18510,5,0,0,0,0,4,4,4,4,0,0,18510,5,18510,5,0,0,0,0,4,4,4,4,0,0,18510,5,18510,5,0,0,0,0,4,4,4,4,0,0,18510,5,18510,5,0,0,0,0
22,0,1000,0,0,1000,0,1000,5,5,5,5,0,0,28578,105,0,0,290,1,28288,104,5,5,5,5,0,0,28578,105,0,0,290,1,28288,104,5,5,5,5,0,0,28578,105,0,0,290,1,28288,104,5,5,5,5,0,0,28578,105,0,0,290,1,28288,104,5,5,5,5,0,0,28578,105,0,0,290,1,28288,104,5,5,5,5,0,0,28578,105,0,0,290,1,28288,104
23,0,1000,0,0,1000,0,1000,5,5,5,5,0,0,0,0,0,0,0,0,0,0,5,5,5,5,0,0,0,0,0,0,0,0,0,0,5,5,5,5,0,0,0,0,0,0,0,0,0,0,5,5,5,5,0,0,0,0,0,0,0,0,0,0,5,5,5,5,0,0,0,0,0,0,0,0,0,0,5,5,5,5,0,0,0,0,0,0,0,0,0,0
24,0,1000,0,0,1000,0,1000,5,5,5,5,0,0,0,0,0,0,0,0,0,0,5,5,5,5,0,0,0,0,0,0,0,0,0,0,5,5,5,5,0,0,0,0,0,0,0,0,0,0,5,5,5,5,0,0,0,0,0,0,0,0,0,0,5,5,5,5,0,0,0,0,0,0,0,0,0,0,5,5,5,5,0,0,0,0,0,0,0,0,0,0
25,0,1000,0,0,1000,0,1000,5,5,5,5,0,0,26361,7,26361,7,0,0,0,0,5,5,5,5,0,0,26361,7,26361,7,0,0,0,0,5,5,5,5,0,0,26361,7,26361,7,0,0,0,0,5,5,5,5,0,0,26361,7,26361,7,0,0,0,0,5,5,5,5,0,0,26361,7,26361,7,0,0,0,0,5,5,5,5,0,0,26361,7,26361,7,0,0,0,0
26,0,1000,0,0,1000,0,1000,6,6,6,6,0,0,23681,87,0,0,289,1,23392,86,6,6,6,6,0,0,23681,87,0,0,289,1,23392,86,6,6,6,6,0,0,23681,87,0,0,289,1,23392,86,6,6,6,6,0,0,23681,87,0,0,289,1,23392,86,6,6,6,6,0,0,23681,87,0,0,289,1,23392,86,6,6,6,6,0,0,23681,87,0,0,289,1,23392,86
27,0,1000,0,0,1000,0,1000,6,6,6,6,0,0,0,0,0,0,0,0,0,0,6,6,6,6,0,0,0,0,0,0,0,0,0,0,6,6,6,6,0,0,0,0,0,0,0,0,0,0,6,6,6,6,0,0,0,0,0,0,0,0,0,0,6,6,6,6,0,0,0,0,0,0,0,0,0,0,6,6,6,6,0,0,0,0,0,0,0,0,0,0
28,0,1000,0,0,1000,0,1000,6,6,6,6,0,0,0,0,0,0,0,0,0,0,6,6,6,6,0,0,0,0,0,0,0,0,0,0,6,6,6,6,0,0,0,0,0,0,0,0,0,0,6,6,6,6,0,0,0,0,0,0,0,0,0,0,6,6,6,6,0,0,0,0,0,0,0,0,0,0,6,6,6,6,0,0,0,0,0,0,0,0,0,0
29,0,1000,0,0,1000,0,1000,6,6,6,6,0,0,22329,7,22329,7,0,0,0,0,6,6,6,6,0,0,22329,7,22329,7,0,0,0,0,6,6,6,6,0,0,22329,7,22329,7,0,0,0,0,6,6,6,6,0,0,22329,7,22329,7,0,0,0,0,6,6,6,6,0,0,22329,7,22329,7,0,0,0,0,6,6,6,6,0,0,22329,7,22329,7,0,0,0,0
30,0,1000,0,0,1000,0,1000,7,7,7,7,0,0,28577,105,0,0,289,1,28288,104,7,7,7,7,0,0,28577,105,0,0,289,1,28288,104,7,7,7,7,0,0,28577,105,0,0,289,1,28288,104,7,7,7,7,0,0,28577,105,0,0,289,1,28288,104,7,7,7,7,0,0,28577,105,0,0,289,1,28288,104,7,7,7,7,0,0,28577,105,0,0,289,1,28288,104
31,0,1000,0,0,1000,0,1000,7,7,7,7,0,0,0,0,0,0,0,0,0,0,7,7,7,7,0,0,0,0,0,0,0,0,0,0,7,7,7,7,0,0,0,0,0,0,0,0,0,0,7,7,7,7,0,0,0,0,0,0,0,0,0,0,7,7,7,7,0,0,0,0,0,0,0,0,0,0,7,7,7,7,0,0,0,0,0,0,0,0,0,0
32,0,1000,0,0,1000,0,1000,7,7,7,7,0,0,0,0,0,0,0,0,0,0,7,7,7,7,0,0,0,0,0,0,0,0,0,0,7,7,7,7,0,0,0,0,0,0,0,0,0,0,7,7,7,7,0,0,0,0,0,0,0,0,0,0,7,7,7,7,0,0,0,0,0,0,0,0,0,0,7,7,7,7,0,0,0,0,0,0,0,0,0,0
33,0,1000,0,0,1000,0,1000,7,7,7,7,0,0,30128,8,30128,8,0,0,0,0,7,7,7,7,0,0,30128,8,30128,8,0,0,0,0,7,7,7,7,0,0,30128,8,30128,8,0,0,0,0,7,7,7,7,0,0,30128,8,30128,8,0,0,0,0,7,7,7,7,0,0,30128,8,30128,8,0,0,0,0,7,7,7,7,0,0,30128,8,30128,8,0,0,0,0
34,0,1000,0,0,1000,0,1000,8,8,8,8,0,0,26674,98,0,0,290,1,26384,97,8,8,8,8,0,0,26674,98,0,0,290,1,26384,97,8,8,8,8,0,0,26674,98,0,0,290,1,26384,97,8,8,8,8,0,0,26674,98,0,0,290,1,26384,97,8,8,8,8,0,0,26674,98,0,0,290,1,26384,97,8,8,8,8,0,0,26674,98,0,0,290,1,26384,97
35,0,1000,0,0,1000,0,1000,8,8,8,8,0,0,0,0,0,0,0,0,0,0,8,8,8,8,0,0,0,0,0,0,0,0,0,0,8,8,8,8,0,0,0,0,0,0,0,0,0,0,8,8,8,8,0,0,0,0,0,0,0,0,0,0,8,8,8,8,0,0,0,0,0,0,0,0,0,0,8,8,8,8,0,0,0,0,0,0,0,0,0,0
36,0,1000,0,0,1000,0,1000,8,8,8,8,0,0,0,0,0,0,0,0,0,0,8,8,8,8,0,0,0,0,0,0,0,0,0,0,8,8,8,8,0,0,0,0,0,0,0,0,0,0,8,8,8,8,0,0,0,0,0,0,0,0,0,0,8,8,8,8,0,0,0,0,0,0,0,0,0,0,8,8,8,8,0,0,0,0,0,0,0,0,0,0
37,0,1000,0,0,1000,0,1000,8,8,8,8,0,0,17710,5,17710,5,0,0,0,0,8,8,8,8,0,0,17710,5,17710,5,0,0,0,0,8,8,8,8,0,0,17710,5,17710,5,0,0,0,0,8,8,8,8,0,0,17710,5,17710,5,0,0,0,0,8,8,8,8,0,0,17710,5,17710,5,0,0,0,0,8,8,8,8,0,0,17710,5,17710,5,0,0,0,0
38,0,1000,0,0,1000,0,1000,9,9,9,9,0,0,31298,115,0,0,290,1,31008,114,9,9,9,9,0,0,31298,115,0,0,290,1,31008,114,9,9,9,9,0,0,31298,115,0,0,290,1,31008,114,9,9,9,9,0,0,31298,115,0,0,290,1,31008,114,9,9,9,9,0,0,31298,115,0,0,290,1,31008,114,9,9,9,9,0,0,31298,115,0,0,290,1,31008,114
39,0,1000,0,0,1000,0,1000,9,9,9,9,0,0,0,0,0,0,0,0,0,0,9,9,9,9,0,0,0,0,0,0,0,0,0,0,9,9,9,9,0,0,0,0,0,0,0,0,0,0,9,9,9,9,0,0,0,0,0,0,0,0,0,0,9,9,9,9,0,0,0,0,0,0,0,0,0,0,9,9,9,9,0,0,0,0,0,0,0,0,0,0
40,0,1000,0,0,1000,0,1000,9,9,9,9,0,0,0,0,0,0,0,0,0,0,9,9,9,9,0,0,0,0,0,0,0,0,0,0,9,9,9,9,0,0,0,0,0,0,0,0,0,0,9,9,9,9,0,0,0,0,0,0,0,0,0,0,9,9,9,9,0,0,0,0,0,0,0,0,0,0,9,9,9,9,0,0,0,0,0,0,0,0,0,0
41,0,1000,0,0,1000,0,1000,9,9,9,9,0,0,44956,11,44956,11,0,0,0,0,9,9,9,9,0,0,44956,11,44956,11,0,0,0,0,9,9,9,9,0,0,44956,11,44956,11,0,0,0,0,9,9,9,9,0,0,44956,11,44956,11,0,0,0,0,9,9,9,9,0,0,44956,11,44956,11,0,0,0,0,9,9,9,9,0,0,44956,11,44956,11,0,0,0,0
42,0,1000,0,0,1000,0,1000,10,10,10,10,0,0,23955,88,0,0,291,1,23664,87,10,10,10,10,0,0,23955,88,0,0,291,1,23664,87,10,10,10,10,0,0,23955,88,0,0,291,1,23664,87,10,10,10,10,0,0,23955,88,0,0,291,1,23664,87,10,10,10,10,0,0,23955,88,0,0,291,1,23664,87,10,10,10,10,0,0,23955,88,0,0,291,1,23664,87
43,0,1000,0,0,1000,0,1000,10,10,10,10,0,0,0,0,0,0,0,0,0,0,10,10,10,10,0,0,0,0,0,0,0,0,0,0,10,10,10,10,0,0,0,0,0,0,0,0,0,0,10,10,10,10,0,0,0,0,0,0,0,0,0,0,10,10,10,10,0,0,0,0,0,0,0,0,0,0,10,10,10,10,0,0,0,0,0,0,0,0,0,0
44,0,1000,0,0,1000,0,1000,10,10,10,10,0,0,0,0,0,0,0,0,0,0,10,10,10,10,0,0,0,0,0,0,0,0,0,0,10,10,10,10,0,0,0,0,0,0,0,0,0,0,10,10,10,10,0,0,0,0,0,0,0,0,0,0,10,10,10,10,0,0,0,0,0,0,0,0,0,0,10,10,10,10,0,0,0,0,0,0,0,0,0,0
45,0,1000,0,0,1000,0,1000,10,10,10,10,0,0,19338,6,19338,6,0,0,0,0,10,10,10,10,0,0,19338,6,19338,6,0,0,0,0,10,10,10,10,0,0,19338,6,19338,6,0,0,0,0,10,10,10,10,0,0,19338,6,19338,6,0,0,0,0,10,10,10,10,0,0,19338,6,19338,6,0,0,0,0,10,10,10,10,0,0,19338,6,19338,6,0,0,0,0
46,0,1000,0,0,1000,0,1000,11,11,11,11,0,0,25315,93,0,0,291,1,25024,92,11,11,11,11,0,0,25315,93,0,0,291,1,25024,92,11,11,11,11,0,0,25315,93,0,0,291,1,25024,92,11,11,11,11,0,0,25315,93,0,0,291,1,25024,92,11,11,11,11,0,0,25315,93,0,0,291,1,25024,92,11,11,11,11,0,0,25315,93,0,0,291,1,25024,92
47,0,1000,0,0,1000,0,1000,11,11,11,11,1,1,0,0,0,0,0,0,0,0,11,11,11,11,1,1,0,0,0,0,0,0,0,0,11,11,11,11,1,1,0,0,0,0,0,0,0,0,11,11,11,11,1,1,0,0,0,0,0,0,0,0,11,11,11,11,1,1,0,0,0,0,0,0,0,0,11,11,11,11,1,1,0,0,0,0,0,0,0,0
48,0,1000,0,0,1000,0,1000,11,11,11,11,1,1,0,0,0,0,0,0,0,0,11,11,11,11,1,1,0,0,0,0,0,0,0,0,11,11,11,11,1,1,0,0,0,0,0,0,0,0,11,11,11,11,1,1,0,0,0,0,0,0,0,0,11,11,11,11,1,1,0,0,0,0,0,0,0,0,11,11,11,11,1,1,0,0,0,0,0,0,0,0
49,0,1000,0,0,1000,0,1000,11,11,11,11,1,1,64272,19,64272,19,0,0,0,0,11,11,11,11,1,1,64272,19,64272,19,0,0,0,0,11,11,11,11,1,1,64272,19,64272,19,0,0,0,0,11,11,11,11,1,1,64272,19,64272,19,0,0,0,0,11,11,11,11,1,1,64272,19,64272,19,0,0,0,0,11,11,11,11,1,1,64272,19,64272,19,0,0,0,0
50,0,1000,0,0,1000,0,1000,12,12,12,12,1,1,26403,97,0,0,291,1,26112,96,12,12,12,12,1,1,26403,97,0,0,291,1,26112,96,12,12,12,12,1,1,26403,97,0,0,291,1,26112,96,12,12,12,12,1,1,26403,97,0,0,291,1,26112,96,12,12,12,12,1,1,26403,97,0,0,291,1,26112,96,12,12,12,12,1,1,26403,97,0,0,291,1,26112,96
51,0,1000,0,0,1000,0,1000,12,12,12,12,2,2,0,0,0,0,0,0,0,0,12,12,12,12,2,2,0,0,0,0,0,0,0,0,12,12,12,12,2,2,0,0,0,0,0,0,0,0,12,12,12,12,2,2,0,0,0,0,0,0,0,0,12,12,12,12,2,2,0,0,0,0,0,0,0,0,12,12,12,12,2,2,0,0,0,0,0,0,0,0
52,0,1000,0,0,1000,0,1000,12,12,12,12,2,2,0,0,0,0,0,0,0,0,12,12,12,12,2,2,0,0,0,0,0,0,0,0,12,12,12,12,2,2,0,0,0,0,0,0,0,0,12,12,12,12,2,2,0,0,0,0,0,0,0,0,12,12,12,12,2,2,0,0,0,0,0,0,0,0,12,12,12,12,2,2,0,0,0,0,0,0,0,0
53,0,1000,0,0,1000,0,1000,12,12,12,12,2,2,28088,8,28088,8,0,0,0,0,12,12,12,12,2,2,28088,8,28088,8,0,0,0,0,12,12,12,12,2,2,28088,8,28088,8,0,0,0,0,12,12,12,12,2,2,28088,8,28088,8,0,0,0,0,12,12,12,12,2,2,28088,8,28088,8,0,0,0,0,12,12,12,12,2,2,28088,8,28088,8,0,0,0,0
54,0,1000,0,0,1000,0,1000,13,13,13,13,2,2,26403,97,0,0,291,1,26112,96,13,13,13,13,2,2,26403,97,0,0,291,1,26112,96,13,13,13,13,2,2,26403,97,0,0,291,1,26112,96,13,13,13,13,2,2,26403,97,0,0,291,1,26112,96,13,13,13,13,2,2,26403,97,0,0,291,1,26112,96,13,13,13,13,2,2,26403,97,0,0,291,1,26112,96
55,0,1000,0,0,1000,0,1000,13,13,13,13,3,3,0,0,0,0,0,0,0,0,13,13,13,13,3,3,0,0,0,0,0,0,0,0,13,13,13,13,3,3,0,0,0,0,0,0,0,0,13,13,13,13,3,3,0,0,0,0,0,0,0,0,13,13,13,13,3,3,0,0,0,0,0,0,0,0,13,13,13,13,3,3,0,0,0,0,0,0,0,0
56,0,1000,0,0,1000,0,1000,13,13,13,13,3,3,0,0,0,0,0,0,0,0,13,13,13,13,3,3,0,0,0,0,0,0,0,0,13,13,13,13,3,3,0,0,0,0,0,0,0,0,13,13,13,13,3,3,0,0,0,0,0,0,0,0,13,13,13,13,3,3,0,0,0,0,0,0,0,0,13,13,13,13,3,3,0,0,0,0,0,0,0,0
57,0,1000,0,0,1000,0,1000,13,13,13,13,3,3,21066,6,21066,6,0,0,0,0,13,13,13,13,3,3,21066,6,21066,6,0,0,0,0,13,13,13,13,3,3,21066,6,21066,6,0,0,0,0,13,13,13,13,3,3,21066,6,21066,6,0,0,0,0,13,13,13,13,3,3,21066,6,21066,6,0,0,0,0,13,13,13,13,3,3,21066,6,21066,6,0,0,0,0
58,0,1000,0,0,1000,0,1000,14,14,14,14,3,3,28307,104,0,0,291,1,28016,103,14,14,14,14,3,3,28307,104,0,0,291,1,28016,103,14,14,14,14,3,3,28307,104,0,0,291,1,28016,103,14,14,14,14,3,3,28307,104,0,0,291,1,28016,103,14,14,14,14,3,3,28307,104,0,0,291,1,28016,103,14,14,14,14,3,3,28307,104,0,0,291,1,28016,103
59,0,1000,0,0,1000,0,1000,14,14,14,14,4,4,0,0,0,0,0,0,0,0,14,14,14,14,4,4,0,0,0,0,0,0,0,0,14,14,14,14,4,4,0,0,0,0,0,0,0,0,14,14,14,14,4,4,0,0,0,0,0,0,0,0,14,14,14,14,4,4,0,0,0,0,0,0,0,0,14,14,14,14,4,4,0,0,0,0,0,0,0,0
60,0,1000,0,0,1000,0,1000,14,14,14,14,4,4,0,0,0,0,0,0,0,0,14,14,14,14,4,4,0,0,0,0,0,0,0,0,14,14,14,14,4,4,0,0,0,0,0,0,0,0,14,14,14,14,4,4,0,0,0,0,0,0,0,0,14,14,14,14,4,4,0,0,0,0,0,0,0,0,14,14,14,14,4,4,0,0,0,0,0,0,0,0
61,0,1000,0,0,1000,0,1000,14,14,14,14,4,4,14940,4,14940,4,0,0,0,0,14,14,14,14,4,4,14940,4,14940,4,0,0,0,0,14,14,14,14,4,4,14940,4,14940,4,0,0,0,0,14,14,14,14,4,4,14940,4,14940,4,0,0,0,0,14,14,14,14,4,4,14940,4,14940,4,0,0,0,0,14,14,14,14,4,4,14940,4,14940,4,0,0,0,0
62,0,1000,0,0,1000,0,1000,15,15,15,15,4,4,28579,105,0,0,291,1,28288,104,15,15,15,15,4,4,28579,105,0,0,291,1,28288,104,15,15,15,15,4,4,28579,105,0,0,291,1,28288,104,15,15,15,15,4,4,28579,105,0,0,291,1,28288,104,15,15,15,15,4,4,28579,105,0,0,291,1,28288,104,15,15,15,15,4,4,28579,105,0,0,291,1,28288,104
63,0,1000,0,0,1000,0,1000,15,15,15,15,5,5,0,0,0,0,0,0,0,0,15,15,15,15,5,5,0,0,0,0,0,0,0,0,15,15,15,15,5,5,0,0,0,0,0,0,0,0,15,15,15,15,5,5,0,0,0,0,0,0,0,0,15,15,15,15,5,5,0,0,0,0,0,0,0,0,15,15,15,15,5,5,0,0,0,0,0,0,0,0
64,0,1000,0,0,1000,0,1000,15,15,15,15,5,5,0,0,0,0,0,0,0,0,15,15,15,15,5,5,0,0,0,0,0,0,0,0,15,15,15,15,5,5,0,0,0,0,0,0,0,0,15,15,15,15,5,5,0,0,0,0,0,0,0,0,15,15,15,15,5,5,0,0,0,0,0,0,0,0,15,15,15,15,5,5,0,0,0,0,0,0,0,0
65,900,100,900,0,100,0,1000,15,15,15,15,5,5,30135,8,30135,8,0,0,0,0,15,15,15,15,5,5,30135,8,30135,8,0,0,0,0,15,15,15,15,5,5,30135,8,30135,8,0,0,0,0,15,15,15,15,5,5,30135,8,30135,8,0,0,0,0,15,15,15,15,5,5,30135,8,30135,8,0,0,0,0,15,15,15,15,5,5,30135,8,30135,8,0,0,0,0
66,900,100,900,0,100,0,1000,15,15,15,15,5,5,3011,11,0,0,291,1,2720,10,15,15,15,15,5,5,3011,11,0,0,291,1,2720,10,15,15,15,15,5,5,3011,11,0,0,291,1,2720,10,15,15,15,15,5,5,3011,11,0,0,291,1,2720,10,15,15,15,15,5,5,3011,11,0,0,291,1,2720,10,15,15,15,15,5,5,3011,11,0,0,291,1,2720,10
67,900,100,900,0,100,0,1000,15,15,15,15,5,5,0,0,0,0,0,0,0,0,15,15,15,15,5,5,0,0,0,0,0,0,0,0,15,15,15,15,5,5,0,0,0,0,0,0,0,0,15,15,15,15,5,5,0,0,0,0,0,0,0,0,15,15,15,15,5,5,0,0,0,0,0,0,0,0,15,15,15,15,6,6,0,0,0,0,0,0,0,0
68,900,100,900,0,100,0,1000,15,15,15,15,5,5,0,0,0,0,0,0,0,0,15,15,15,15,5,5,0,0,0,0,0,0,0,0,15,15,15,15,5,5,0,0,0,0,0,0,0,0,15,15,15,15,5,5,0,0,0,0,0,0,0,0,15,15,15,15,5,5,0,0,0,0,0,0,0,0,15,15,15,15,6,6,0,0,0,0,0,0,0,0
69,900,100,900,0,100,0,1000,15,15,15,15,5,5,758,1,758,1,0,0,0,0,15,15,15,15,5,5,758,1,758,1,0,0,0,0,15,15,15,15,5,5,758,1,758,1,0,0,0,0,15,15,15,15,5,5,758,1,758,1,0,0,0,0,15,15,15,15,5,5,758,1,758,1,0,0,0,0,15,15,15,15,6,6,758,1,758,1,0,0,0,0
70,900,100,900,0,100,0,1000,15,15,15,15,5,5,3282,12,0,0,290,1,2992,11,15,15,15,15,5,5,3282,12,0,0,290,1,2992,11,15,15,15,15,5,5,3282,12,0,0,290,1,2992,11,15,15,15,15,5,5,3282,12,0,0,290,1,2992,11,15,15,15,15,5,5,3282,12,0,0,290,1,2992,11,15,15,15,15,6,6,3282,12,0,0,290,1,2992,11
71,900,100,900,0,100,0,1000,15,15,15,15,5,5,0,0,0,0,0,0,0,0,15,15,15,15,5,5,0,0,0,0,0,0,0,0,15,15,15,15,5,5,0,0,0,0,0,0,0,0,15,15,15,15,5,5,0,0,0,0,0,0,0,0,15,15,15,15,5,5,0,0,0,0,0,0,0,0,15,15,15,15,7,7,0,0,0,0,0,0,0,0
72,900,100,900,0,100,0,1000,15,15,15,15,5,5,0,0,0,0,0,0,0,0,15,15,15,15,5,5,0,0,0,0,0,0,0,0,15,15,15,15,5,5,0,0,0,0,0,0,0,0,15,15,15,15,5,5,0,0,0,0,0,0,0,0,15,15,15,15,5,5,0,0,0,0,0,0,0,0,15,15,15,15,7,7,0,0,0,0,0,0,0,0
73,900,100,900,0,100,0,1000,15,15,15,15,5,5,791,1,791,1,0,0,0,0,15,15,15,15,5,5,791,1,791,1,0,0,0,0,15,15,15,15,5,5,791,1,791,1,0,0,0,0,15,15,15,15,5,5,791,1,791,1,0,0,0,0,15,15,15,15,5,5,791,1,791,1,0,0,0,0,15,15,15,15,7,7,791,1,791,1,0,0,0,0
74,900,100,900,0,100,0,1000,15,15,15,15,5,5,1651,6,0,0,291,1,1360,5,15,15,15,15,5,5,1651,6,0,0,291,1,1360,5,15,15,15,15,5,5,1651,6,0,0,291,1,1360,5,15,15,15,15,5,5,1651,6,0,0,291,1,1360,5,15,15,15,15,5,5,1651,6,0,0,291,1,1360,5,15,15,15,15,7,7,1651,6,0,0,291,1,1360,5
75,900,100,900,0,100,0,1000,15,15,15,15,5,5,0,0,0,0,0,0,0,0,15,15,15,15,5,5,0,0,0,0,0,0,0,0,15,15,15,15,5,5,0,0,0,0,0,0,0,0,15,15,15,15,5,5,0,0,0,0,0,0,0,0,15,15,15,15,5,5,0,0,0,0,0,0,0,0,15,15,15,15,8,8,0,0,0,0,0,0,0,0
76,900,100,900,0,100,0,1000,15,15,15,15,5,5,0,0,0,0,0,0,0,0,15,15,15,15,5,5,0,0,0,0,0,0,0,0,15,15,15,15,5,5,0,0,0,0,0,0,0,0,15,15,15,15,5,5,0,0,0,0,0,0,0,0,15,15,15,15,5,5,0,0,0,0,0,0,0,0,15,15,15,15,8,8,0,0,0,0,0,0,0,0
77,900,100,900,0,100,0,1000,15,15,15,15,5,5,0,0,0,0,0,0,0,0,15,15,15,15,5,5,0,0,0,0,0,0,0,0,15,15,15,15,5,5,0,0,0,0,0,0,0,0,15,15,15,15,5,5,0,0,0,0,0,0,0,0,15,15,15,15,5,5,0,0,0,0,0,0,0,0,15,15,15,15,8,8,0,0,0,0,0,0,0,0
78,900,100,900,0,100,0,1000,15,15,15,15,5,5,2992,11,0,0,0,0,2992,11,15,15,15,15,5,5,2992,11,0,0,0,0,2992,11,15,15,15,15,5,5,2992,11,0,0,0,0,2992,11,15,15,15,15,5,5,2992,11,0,0,0,0,2992,11,15,15,15,15,5,5,2992,11,0,0,0,0,2992,11,15,15,15,15,8,8,2992,11,0,0,0,0,2992,11
79,900,100,900,0,100,0,1000,15,15,15,15,5,5,0,0,0,0,0,0,0,0,15,15,15,15,5,5,0,0,0,0,0,0,0,0,15,15,15,15,5,5,0,0,0,0,0,0,0,0,15,15,15,15,5,5,0,0,0,0,0,0,0,0,15,15,15,15,5,5,0,0,0,0,0,0,0,0,15,15,15,15,9,9,0,0,0,0,0,0,0,0
80,900,100,900,0,100,0,1000,15,15,15,15,5,5,0,0,0,0,0,0,0,0,15,15,15,15,5,5,0,0,0,0,0,0,0,0,15,15,15,15,5,5,0,0,0,0,0,0,0,0,15,15,15,15,5,5,0,0,0,0,0,0,0,0,15,15,15,15,5,5,0,0,0,0,0,0,0,0,15,15,15,15,9,9,0,0,0,0,0,0,0,0
81,900,100,900,0,100,0,1000,15,15,15,15,5,5,0,0,0,0,0,0,0,0,15,15,15,15,5,5,0,0,0,0,0,0,0,0,15,15,15,15,5,5,0,0,0,0,0,0,0,0,15,15,15,15,5,5,0,0,0,0,0,0,0,0,15,15,15,15,5,5,0,0,0,0,0,0,0,0,15,15,15,15,9,9,0,0,0,0,0,0,0,0
82,900,100,900,0,100,0,1000,15,15,15,15,5,5,2448,9,0,0,0,0,2448,9,15,15,15,15,5,5,2448,9,0,0,0,0,2448,9,15,15,15,15,5,5,2448,9,0,0,0,0,2448,9,15,15,15,15,5,5,2448,9,0,0,0,0,2448,9,15,15,15,15,5,5,2448,9,0,0,0,0,2448,9,15,15,15,15,9,9,2448,9,0,0,0,0,2448,9
83,900,100,900,0,100,0,1000,15,15,15,15,5,5,0,0,0,0,0,0,0,0,15,15,15,15,5,5,0,0,0,0,0,0,0,0,15,15,15,15,5,5,0,0,0,0,0,0,0,0,15,15,15,15,5,5,0,0,0,0,0,0,0,0,15,15,15,15,5,5,0,0,0,0,0,0,0,0,15,15,15,15,10,10,0,0,0,0,0,0,0,0
84,900,100,900,0,100,0,1000,15,15,15,15,5,5,0,0,0,0,0,0,0,0,15,15,15,15,5,5,0,0,0,0,0,0,0,0,15,15,15,15,5,5,0,0,0,0,0,0,0,0,15,15,15,15,5,5,0,0,0,0,0,0,0,0,15,15,15,15,5,5,0,0,0,0,0,0,0,0,15,15,15,15,10,10,0,0,0,0,0,0,0,0
85,900,100,900,0,100,0,1000,15,15,15,15,5,5,1454,2,1454,2,0,0,0,0,15,15,15,15,5,5,1454,2,1454,2,0,0,0,0,15,15,15,15,5,5,1454,2,1454,2,0,0,0,0,15,15,15,15,5,5,1454,2,1454,2,0,0,0,0,15,15,15,15,5,5,1454,2,1454,2,0,0,0,0,15,15,15,15,10,10,1454,2,1454,2,0,0,0,0
86,900,100,900,0,100,0,1000,15,15,15,15,5,5,4371,16,0,0,291,1,4080,15,15,15,15,15,5,5,4371,16,0,0,291,1,4080,15,15,15,15,15,5,5,4371,16,0,0,291,1,4080,15,15,15,15,15,5,5,4371,16,0,0,291,1,4080,15,15,15,15,15,5,5,4371,16,0,0,291,1,4080,15,15,15,15,15,10,10,4371,16,0,0,291,1,4080,15
87,900,100,900,0,100,0,1000,15,15,15,15,5,5,0,0,0,0,0,0,0,0,15,15,15,15,5,5,0,0,0,0,0,0,0,0,15,15,15,15,5,5,0,0,0,0,0,0,0,0,15,15,15,15,5,5,0,0,0,0,0,0,0,0,15,15,15,15,5,5,0,0,0,0,0,0,0,0,15,15,15,15,11,11,0,0,0,0,0,0,0,0
88,900,100,900,0,100,0,1000,15,15,15,15,5,5,0,0,0,0,0,0,0,0,15,15,15,15,5,5,0,0,0,0,0,0,0,0,15,15,15,15,5,5,0,0,0,0,0,0,0,0,15,15,15,15,5,5,0,0,0,0,0,0,0,0,15,15,15,15,5,5,0,0,0,0,0,0,0,0,15,15,15,15,11,11,0,0,0,0,0,0,0,0
89,900,100,900,0,100,0,1000,15,15,15,15,5,5,0,0,0,0,0,0,0,0,15,15,15,15,5,5,0,0,0,0,0,0,0,0,15,15,15,15,5,5,0,0,0,0,0,0,0,0,15,15,15,15,5,5,0,0,0,0,0,0,0,0,15,15,15,15,5,5,0,0,0,0,0,0,0,0,15,15,15,15,11,11,0,0,0,0,0,0,0,0
90,900,100,900,0,100,0,1000,15,15,15,15,5,5,2448,9,0,0,0,0,2448,9,15,15,15,15,5,5,2448,9,0,0,0,0,2448,9,15,15,15,15,5,5,2448,9,0,0,0,0,2448,9,15,15,15,15,5,5,2448,9,0,0,0,0,2448,9,15,15,15,15,5,5,2448,9,0,0,0,0,2448,9,15,15,15,15,11,11,2448,9,0,0,0,0,2448,9
91,900,100,900,0,100,0,1000,15,15,15,15,5,5,0,0,0,0,0,0,0,0,15,15,15,15,5,5,0,0,0,0,0,0,0,0,15,15,15,15,5,5,0,0,0,0,0,0,0,0,15,15,15,15,5,5,0,0,0,0,0,0,0,0,15,15,15,15,5,5,0,0,0,0,0,0,0,0,15,15,15,15,12,12,0,0,0,0,0,0,0,0
92,900,100,900,0,100,0,1000,15,15,15,15,5,5,0,0,0,0,0,0,0,0,15,15,15,15,5,5,0,0,0,0,0,0,0,0,15,15,15,15,5,5,0,0,0,0,0,0,0,0,15,15,15,15,5,5,0,0,0,0,0,0,0,0,15,15,15,15,5,5,0,0,0,0,0,0,0,0,15,15,15,15,12,12,0,0,0,0,0,0,0,0
93,900,100,900,0,100,0,1000,15,15,15,15,5,5,0,0,0,0,0,0,0,0,15,15,15,15,5,5,0,0,0,0,0,0,0,0,15,15,15,15,5,5,0,0,0,0,0,0,0,0,15,15,15,15,5,5,0,0,0,0,0,0,0,0,15,15,15,15,5,5,0,0,0,0,0,0,0,0,15,15,15,15,12,12,0,0,0,0,0,0,0,0
94,900,100,900,0,100,0,1000,15,15,15,15,5,5,1632,6,0,0,0,0,1632,6,15,15,15,15,5,5,1632,6,0,0,0,0,1632,6,15,15,15,15,5,5,1632,6,0,0,0,0,1632,6,15,15,15,15,5,5,1632,6,0,0,0,0,1632,6,15,15,15,15,5,5,1632,6,0,0,0,0,1632,6,15,15,15,15,12,12,1632,6,0,0,0,0,1632,6
95,900,100,900,0,100,0,1000,15,15,15,15,5,5,0,0,0,0,0,0,0,0,15,15,15,15,5,5,0,0,0,0,0,0,0,0,15,15,15,15,5,5,0,0,0,0,0,0,0,0,15,15,15,15,5,5,0,0,0,0,0,0,0,0,15,15,15,15,5,5,0,0,0,0,0,0,0,0,15,15,15,15,13,13,0,0,0,0,0,0,0,0
96,900,100,900,0,100,0,1000,15,15,15,15,5,5,0,0,0,0,0,0,0,0,15,15,15,15,5,5,0,0,0,0,0,0,0,0,15,15,15,15,5,5,0,0,0,0,0,0,0,0,15,15,15,15,5,5,0,0,0,0,0,0,0,0,15,15,15,15,5,5,0,0,0,0,0,0,0,0,15,15,15,15,13,13,0,0,0,0,0,0,0,0
97,900,100,900,0,100,0,1000,15,15,15,15,5,5,1262,2,1262,2,0,0,0,0,15,15,15,15,5,5,1262,2,1262,2,0,0,0,0,15,15,15,15,5,5,1262,2,1262,2,0,0,0,0,15,15,15,15,5,5,1262,2,1262,2,0,0,0,0,15,15,15,15,5,5,1262,2,1262,2,0,0,0,0,15,15,15,15,13,13,1262,2,1262,2,0,0,0,0
98,900,100,900,0,100,0,1000,15,15,15,15,5,5,3011,11,0,0,291,1,2720,10,15,15,15,15,5,5,3011,11,0,0,291,1,2720,10,15,15,15,15,5,5,3011,11,0,0,291,1,2720,10,15,15,15,15,5,5,3011,11,0,0,291,1,2720,10,15,15,15,15,5,5,3011,11,0,0,291,1,2720,10,15,15,15,15,13,13,3011,11,0,0,291,1,2720,10
99,900,100,900,0,100,0,1000,15,15,15,15,5,5,0,0,0,0,0,0,0,0,15,15,15,15,5,5,0,0,0,0,0,0,0,0,15,15,15,15,5,5,0,0,0,0,0,0,0,0,15,15,15,15,5,5,0,0,0,0,0,0,0,0,15,15,15,15,5,5,0,0,0,0,0,0,0,0,15,15,15,15,14,14,0,0,0,0,0,0,0,0
100,900,100,900,0,100,0,1000,15,15,15,15,5,5,0,0,0,0,0,0,0,0,15,15,15,15,5,5,0,0,0,0,0,0,0,0,15,15,15,15,5,5,0,0,0,0,0,0,0,0,15,15,15,15,5,5,0,0,0,0,0,0,0,0,15,15,15,15,5,5,0,0,0,0,0,0,0,0,15,15,15,15,14,14,0,0,0,0,0,0,0,0
101,900,100,900,0,100,0,1000,15,15,15,15,5,5,0,0,0,0,0,0,0,0,15,15,15,15,5,5,0,0,0,0,0,0,0,0,15,15,15,15,5,5,0,0,0,0,0,0,0,0,15,15,15,15,5,5,0,0,0,0,0,0,0,0,15,15,15,15,5,5,0,0,0,0,0,0,0,0,15,15,15,15,14,14,0,0,0,0,0,0,0,0
102,900,100,900,0,100,0,1000,15,15,15,15,5,5,3264,12,0,0,0,0,3264,12,15,15,15,15,5,5,3264,12,0,0,0,0,3264,12,15,15,15,15,5,5,3264,12,0,0,0,0,3264,12,15,15,15,15,5,5,3264,12,0,0,0,0,3264,12,15,15,15,15,5,5,3264,12,0,0,0,0,3264,12,15,15,15,15,14,14,3264,12,0,0,0,0,3264,12
103,900,100,900,0,100,0,1000,15,15,15,15,5,5,0,0,0,0,0,0,0,0,15,15,15,15,5,5,0,0,0,0,0,0,0,0,15,15,15,15,5,5,0,0,0,0,0,0,0,0,15,15,15,15,5,5,0,0,0,0,0,0,0,0,15,15,15,15,5,5,0,0,0,0,0,0,0,0,15,15,15,15,15,15,0,0,0,0,0,0,0,0
104,900,100,900,0,100,0,1000,15,15,15,15,5,5,0,0,0,0,0,0,0,0,15,15,15,15,5,5,0,0,0,0,0,0,0,0,15,15,15,15,5,5,0,0,0,0,0,0,0,0,15,15,15,15,5,5,0,0,0,0,0,0,0,0,15,15,15,15,5,5,0,0,0,0,0,0,0,0,15,15,15,15,15,15,0,0,0,0,0,0,0,0
105,900,100,900,0,100,0,1000,15,15,15,15,5,5,0,0,0,0,0,0,0,0,15,15,15,15,5,5,0,0,0,0,0,0,0,0,15,15,15,15,5,5,0,0,0,0,0,0,0,0,15,15,15,15,5,5,0,0,0,0,0,0,0,0,15,15,15,15,5,5,0,0,0,0,0,0,0,0,15,15,15,15,15,15,0,0,0,0,0,0,0,0
106,900,100,900,0,100,0,1000,15,15,15,15,5,5,3536,13,0,0,0,0,3536,13,15,15,15,15,5,5,3536,13,0,0,0,0,3536,13,15,15,15,15,5,5,3536,13,0,0,0,0,3536,13,15,15,15,15,5,5,3536,13,0,0,0,0,3536,13,15,15,15,15,5,5,3536,13,0,0,0,0,3536,13,15,15,15,15,15,15,3536,13,0,0,0,0,3536,13
107,900,100,900,0,100,0,1000,15,15,15,15,5,5,0,0,0,0,0,0,0,0,15,15,15,15,5,5,0,0,0,0,0,0,0,0,15,15,15,15,5,5,0,0,0,0,0,0,0,0,15,15,15,15,5,5,0,0,0,0,0,0,0,0,15,15,15,15,5,5,0,0,0,0,0,0,0,0,16,16,15,15,16,16,0,0,0,0,0,0,0,0
108,900,100,900,0,100,0,1000,15,15,15,15,5,5,0,0,0,0,0,0,0,0,15,15,15,15,5,5,0,0,0,0,0,0,0,0,15,15,15,15,5,5,0,0,0,0,0,0,0,0,15,15,15,15,5,5,0,0,0,0,0,0,0,0,15,15,15,15,5,5,0,0,0,0,0,0,0,0,16,16,15,15,16,16,0,0,0,0,0,0,0,0
109,900,100,900,0,100,0,1000,15,15,15,15,5,5,1710,2,1710,2,0,0,0,0,15,15,15,15,5,5,1710,2,1710,2,0,0,0,0,15,15,15,15,5,5,1710,2,1710,2,0,0,0,0,15,15,15,15,5,5,1710,2,1710,2,0,0,0,0,15,15,15,15,5,5,1710,2,1710,2,0,0,0,0,16,16,15,15,16,16,1710,2,1710,2,0,0,0,0
110,900,100,900,0,100,0,1000,15,15,15,15,5,5,1651,6,0,0,291,1,1360,5,15,15,15,15,5,5,1651,6,0,0,291,1,1360,5,15,15,15,15,5,5,1651,6,0,0,291,1,1360,5,15,15,15,15,5,5,1651,6,0,0,291,1,1360,5,15,15,15,15,5,5,1651,6,0,0,291,1,1360,5,16,16,15,15,16,16,1651,6,0,0,291,1,1360,5
111,900,100,900,0,100,0,1000,15,15,15,15,5,5,0,0,0,0,0,0,0,0,15,15,15,15,5,5,0,0,0,0,0,0,0,0,15,15,15,15,5,5,0,0,0,0,0,0,0,0,15,15,15,15,5,5,0,0,0,0,0,0,0,0,15,15,15,15,5,5,0,0,0,0,0,0,0,0,17,17,15,15,17,17,0,0,0,0,0,0,0,0
112,900,100,900,0,100,0,1000,15,15,15,15,5,5,0,0,0,0,0,0,0,0,15,15,15,15,5,5,0,0,0,0,0,0,0,0,15,15,15,15,5,5,0,0,0,0,0,0,0,0,15,15,15,15,5,5,0,0,0,0,0,0,0,0,15,15,15,15,5,5,0,0,0,0,0,0,0,0,17,17,15,15,17,17,0,0,0,0,0,0,0,0
113,900,100,900,0,100,0,1000,15,15,15,15,5,5,599,1,599,1,0,0,0,0,15,15,15,15,5,5,599,1,599,1,0,0,0,0,15,15,15,15,5,5,599,1,599,1,0,0,0,0,15,15,15,15,5,5,599,1,599,1,0,0,0,0,15,15,15,15,5,5,599,1,599,1,0,0,0,0,17,17,15,15,17,17,599,1,599,1,0,0,0,0
114,900,100,900,0,100,0,1000,15,15,15,15,5,5,2195,8,0,0,291,1,1904,7,15,15,15,15,5,5,2195,8,0,0,291,1,1904,7,15,15,15,15,5,5,2195,8,0,0,291,1,1904,7,15,15,15,15,5,5,2195,8,0,0,291,1,1904,7,15,15,15,15,5,5,2195,8,0,0,291,1,1904,7,17,17,15,15,17,17,2195,8,0,0,291,1,1904,7
115,900,100,900,0,100,0,1000,15,15,15,15,5,5,0,0,0,0,0,0,0,0,15,15,15,15,5,5,0,0,0,0,0,0,0,0,15,15,15,15,5,5,0,0,0,0,0,0,0,0,15,15,15,15,5,5,0,0,0,0,0,0,0,0,15,15,15,15,5,5,0,0,0,0,0,0,0,0,18,18,15,15,18,18,0,0,0,0,0,0,0,0
116,900,100,900,0,100,0,1000,15,15,15,15,5,5,0,0,0,0,0,0,0,0,15,15,15,15,5,5,0,0,0,0,0,0,0,0,15,15,15,15,5,5,0,0,0,0,0,0,0,0,15,15,15,15,5,5,0,0,0,0,0,0,0,0,15,15,15,15,5,5,0,0,0,0,0,0,0,0,18,18,15,15,18,18,0,0,0,0,0,0,0,0
117,900,100,900,0,100,0,1000,15,15,15,15,5,5,1326,2,1326,2,0,0,0,0,15,15,15,15,5,5,1326,2,1326,2,0,0,0,0,15,15,15,15,5,5,1326,2,1326,2,0,0,0,0,15,15,15,15,5,5,1326,2,1326,2,0,0,0,0,15,15,15,15,5,5,1326,2,1326,2,0,0,0,0,18,18,15,15,18,18,1326,2,1326,2,0,0,0,0
118,900,100,900,0,100,0,1000,15,15,15,15,5,5,3011,11,0,0,291,1,2720,10,15,15,15,15,5,5,3011,11,0,0,291,1,2720,10,15,15,15,15,5,5,3011,11,0,0,291,1,2720,10,15,15,15,15,5,5,3011,11,0,0,291,1,2720,10,15,15,15,15,5,5,3011,11,0,0,291,1,2720,10,18,18,15,15,18,18,3011,11,0,0,291,1,2720,10
119,900,100,900,0,100,0,1000,15,15,15,15,5,5,0,0,0,0,0,0,0,0,15,15,15,15,5,5,0,0,0,0,0,0,0,0,15,15,15,15,5,5,0,0,0,0,0,0,0,0,15,15,15,15,5,5,0,0,0,0,0,0,0,0,15,15,15,15,5,5,0,0,0,0,0,0,0,0,18,18,15,15,18,18,0,0,0,0,0,0,0,0
120,900,100,900,0,100,0,1000,15,15,15,15,5,5,0,0,0,0,0,0,0,0,15,15,15,15,5,5,0,0,0,0,0,0,0,0,15,15,15,15,5,5,0,0,0,0,0,0,0,0,15,15,15,15,5,5,0,0,0,0,0,0,0,0,15,15,15,15,5,5,0,0,0,0,0,0,0,0,18,18,15,15,18,18,0,0,0,0,0,0,0,0
121,900,100,900,0,100,0,1000,15,15,15,15,5,5,759,1,759,1,0,0,0,0,15,15,15,15,5,5,759,1,759,1,0,0,0,0,15,15,15,15,5,5,759,1,759,1,0,0,0,0,15,15,15,15,5,5,759,1,759,1,0,0,0,0,15,15,15,15,5,5,759,1,759,1,0,0,0,0,18,18,15,15,18,18,759,1,759,1,0,0,0,0
122,900,100,900,0,100,0,1000,15,15,15,15,5,5,3283,12,0,0,291,1,2992,11,15,15,15,15,5,5,3283,12,0,0,291,1,2992,11,15,15,15,15,5,5,3283,12,0,0,291,1,2992,11,15,15,15,15,5,5,3283,12,0,0,291,1,2992,11,15,15,15,15,5,5,3283,12,0,0,291,1,2992,11,18,18,15,15,18,18,3283,12,0,0,291,1,2992,11
123,900,100,900,0,100,0,1000,15,15,15,15,5,5,0,0,0,0,0,0,0,0,15,15,15,15,5,5,0,0,0,0,0,0,0,0,15,15,15,15,5,5,0,0,0,0,0,0,0,0,15,15,15,15,5,5,0,0,0,0,0,0,0,0,15,15,15,15,5,5,0,0,0,0,0,0,0,0,18,18,15,15,18,18,0,0,0,0,0,0,0,0
124,900,100,900,0,100,0,1000,15,15,15,15,5,5,0,0,0,0,0,0,0,0,15,15,15,15,5,5,0,0,0,0,0,0,0,0,15,15,15,15,5,5,0,0,0,0,0,0,0,0,15,15,15,15,5,5,0,0,0,0,0,0,0,0,15,15,15,15,5,5,0,0,0,0,0,0,0,0,18,18,15,15,18,18,0,0,0,0,0,0,0,0
125,900,100,900,0,100,0,1000,15,15,15,15,5,5,0,0,0,0,0,0,0,0,15,15,15,15,5,5,0,0,0,0,0,0,0,0,15,15,15,15,5,5,0,0,0,0,0,0,0,0,15,15,15,15,5,5,0,0,0,0,0,0,0,0,15,15,15,15,5,5,0,0,0,0,0,0,0,0,18,18,15,15,18,18,0,0,0,0,0,0,0,0
126,0,1000,0,900,100,0,1000,15,15,15,15,5,5,2448,9,0,0,0,0,2448,9,15,15,15,15,5,5,2448,9,0,0,0,0,2448,9,15,15,15,15,5,5,2448,9,0,0,0,0,2448,9,15,15,15,15,5,5,2448,9,0,0,0,0,2448,9,15,15,15,15,5,5,2448,9,0,0,0,0,2448,9,18,18,15,15,18,18,2448,9,0,0,0,0,2448,9
127,0,1000,0,0,1000,0,1000,19,21,15,15,19,21,0,0,0,0,0,0,0,0,19,21,15,15,19,21,0,0,0,0,0,0,0,0,19,21,15,15,19,21,0,0,0,0,0,0,0,0,19,21,15,15,19,21,0,0,0,0,0,0,0,0,19,21,15,15,19,21,0,0,0,0,0,0,0,0,19,21,15,15,19,21,0,0,0,0,0,0,0,0
128,0,1000,0,0,1000,0,1000,19,21,15,15,19,21,0,0,0,0,0,0,0,0,19,21,15,15,19,21,0,0,0,0,0,0,0,0,19,21,15,15,19,21,0,0,0,0,0,0,0,0,19,21,15,15,19,21,0,0,0,0,0,0,0,0,19,21,15,15,19,21,0,0,0,0,0,0,0,0,19,21,15,15,19,21,0,0,0,0,0,0,0,0
129,0,1000,0,0,1000,0,1000,19,21,15,15,19,21,6541,9,6541,9,0,0,0,0,19,21,15,15,19,21,6541,9,6541,9,0,0,0,0,19,21,15,15,19,21,6541,9,6541,9,0,0,0,0,19,21,15,15,19,21,6541,9,6541,9,0,0,0,0,19,21,15,15,19,21,6541,9,6541,9,0,0,0,0,19,21,15,15,19,21,6541,9,6541,9,0,0,0,0
130,0,1000,0,0,1000,0,1000,25,32,25,32,19,21,25859,95,0,0,291,1,25568,94,25,32,25,32,19,21,25859,95,0,0,291,1,25568,94,25,32,25,32,19,21,25859,95,0,0,291,1,25568,94,25,32,25,32,19,21,25859,95,0,0,291,1,25568,94,25,32,25,32,19,21,25859,95,0,0,291,1,25568,94,25,32,25,32,19,21,25859,95,0,0,291,1,25568,94
131,0,1000,0,0,1000,0,1000,25,32,25,32,19,21,0,0,0,0,0,0,0,0,25,32,25,32,19,21,0,0,0,0,0,0,0,0,25,32,25,32,19,21,0,0,0,0,0,0,0,0,25,32,25,32,19,21,0,0,0,0,0,0,0,0,25,32,25,32,19,21,0,0,0,0,0,0,0,0,25,32,25,32,19,21,0,0,0,0,0,0,0,0
132,0,1000,0,0,1000,0,1000,25,32,25,32,19,21,0,0,0,0,0,0,0,0,25,32,25,32,19,21,0,0,0,0,0,0,0,0,25,32,25,32,19,21,0,0,0,0,0,0,0,0,25,32,25,32,19,21,0,0,0,0,0,0,0,0,25,32,25,32,19,21,0,0,0,0,0,0,0,0,25,32,25,32,19,21,0,0,0,0,0,0,0,0
133,0,1000,0,0,1000,0,1000,25,32,25,32,19,21,20682,6,20682,6,0,0,0,0,25,32,25,32,19,21,20682,6,20682,6,0,0,0,0,25,32,25,32,19,21,20682,6,20682,6,0,0,0,0,25,32,25,32,19,21,20682,6,20682,6,0,0,0,0,25,32,25,32,19,21,20682,6,20682,6,0,0,0,0,25,32,25,32,19,21,20682,6,20682,6,0,0,0,0
134,0,1000,0,0,1000,0,1000,26,33,26,33,19,21,29123,107,0,0,291,1,28832,106,26,33,26,33,19,21,29123,107,0,0,291,1,28832,106,26,33,26,33,19,21,29123,107,0,0,291,1,28832,106,26,33,26,33,19,21,29123,107,0,0,291,1,28832,106,26,33,26,33,19,21,29123,107,0,0,291,1,28832,106,26,33,26,33,19,21,29123,107,0,0,291,1,28832,106
135,0,1000,0,0,1000,0,1000,26,33,26,33,19,21,0,0,0,0,0,0,0,0,26,33,26,33,19,21,0,0,0,0,0,0,0,0,26,33,26,33,19,21,0,0,0,0,0,0,0,0,26,33,26,33,19,21,0,0,0,0,0,0,0,0,26,33,26,33,19,21,0,0,0,0,0,0,0,0,26,33,26,33,19,21,0,0,0,0,0,0,0,0
136,0,1000,0,0,1000,0,1000,26,33,26,33,19,21,0,0,0,0,0,0,0,0,26,33,26,33,19,21,0,0,0,0,0,0,0,0,26,33,26,33,19,21,0,0,0,0,0,0,0,0,26,33,26,33,19,21,0,0,0,0,0,0,0,0,26,33,26,33,19,21,0,0,0,0,0,0,0,0,26,33,26,33,19,21,0,0,0,0,0,0,0,0
137,0,1000,0,0,1000,0,1000,26,33,26,33,19,21,49802,13,49802,13,0,0,0,0,26,33,26,33,19,21,49802,13,49802,13,0,0,0,0,26,33,26,33,19,21,49802,13,49802,13,0,0,0,0,26,33,26,33,19,21,49802,13,49802,13,0,0,0,0,26,33,26,33,19,21,49802,13,49802,13,0,0,0,0,26,33,26,33,19,21,49802,13,49802,13,0,0,0,0
138,0,1000,0,0,1000,0,1000,27,34,27,34,19,21,26403,97,0,0,291,1,26112,96,27,34,27,34,19,21,26403,97,0,0,291,1,26112,96,27,34,27,34,19,21,26403,97,0,0,291,1,26112,96,27,34,27,34,19,21,26403,97,0,0,291,1,26112,96,27,34,27,34,19,21,26403,97,0,0,291,1,26112,96,27,34,27,34,19,21,26403,97,0,0,291,1,26112,96
139,0,1000,0,0,1000,0,1000,27,34,27,34,20,24,0,0,0,0,0,0,0,0,27,34,27,34,20,24,0,0,0,0,0,0,0,0,27,34,27,34,20,24,0,0,0,0,0,0,0,0,27,34,27,34,20,24,0,0,0,0,0,0,0,0,27,34,27,34,20,24,0,0,0,0,0,0,0,0,27,34,27,34,20,24,0,0,0,0,0,0,0,0
140,0,1000,0,0,1000,0,1000,27,34,27,34,20,24,0,0,0,0,0,0,0,0,27,34,27,34,20,24,0,0,0,0,0,0,0,0,27,34,27,34,20,24,0,0,0,0,0,0,0,0,27,34,27,34,20,24,0,0,0,0,0,0,0,0,27,34,27,34,20,24,0,0,0,0,0,0,0,0,27,34,27,34,20,24,0,0,0,0,0,0,0,0
141,0,1000,0,0,1000,0,1000,27,34,27,34,20,24,24576,7,24576,7,0,0,0,0,27,34,27,34,20,24,24576,7,24576,7,0,0,0,0,27,34,27,34,20,24,24576,7,24576,7,0,0,0,0,27,34,27,34,20,24,24576,7,24576,7,0,0,0,0,27,34,27,34,20,24,24576,7,24576,7,0,0,0,0,27,34,27,34,20,24,24576,7,24576,7,0,0,0,0
142,0,1000,0,0,1000,0,1000,28,35,28,35,20,24,24499,90,0,0,291,1,24208,89,28,35,28,35,20,24,24499,90,0,0,291,1,24208,89,28,35,28,35,20,24,24499,90,0,0,291,1,24208,89,28,35,28,35,20,24,24499,90,0,0,291,1,24208,89,28,35,28,35,20,24,24499,90,0,0,291,1,24208,89,28,35,28,35,20,24,24499,90,0,0,291,1,24208,89
143,0,1000,0,0,1000,0,1000,28,35,28,35,20,24,0,0,0,0,0,0,0,0,28,35,28,35,20,24,0,0,0,0,0,0,0,0,28,35,28,35,20,24,0,0,0,0,0,0,0,0,28,35,28,35,20,24,0,0,0,0,0,0,0,0,28,35,28,35,20,24,0,0,0,0,0,0,0,0,28,35,28,35,20,24,0,0,0,0,0,0,0,0
144,0,1000,0,0,1000,0,1000,28,35,28,35,20,24,0,0,0,0,0,0,0,0,28,35,28,35,20,24,0,0,0,0,0,0,0,0,28,35,28,35,20,24,0,0,0,0,0,0,0,0,28,35,28,35,20,24,0,0,0,0,0,0,0,0,28,35,28,35,20,24,0,0,0,0,0,0,0,0,28,35,28,35,20,24,0,0,0,0,0,0,0,0
145,0,1000,0,0,1000,0,1000,28,35,28,35,20,24,32870,10,32870,10,0,0,0,0,28,35,28,35,20,24,32870,10,32870,10,0,0,0,0,28,35,28,35,20,24,32870,10,32870,10,0,0,0,0,28,35,28,35,20,24,32870,10,32870,10,0,0,0,0,28,35,28,35,20,24,32870,10,32870,10,0,0,0,0,28,35,28,35,20,24,32870,10,32870,10,0,0,0,0
146,0,1000,0,0,1000,0,1000,29,36,29,36,20,24,29667,109,0,0,291,1,29376,108,29,36,29,36,20,24,29667,109,0,0,291,1,29376,108,29,36,29,36,20,24,29667,109,0,0,291,1,29376,108,29,36,29,36,20,24,29667,109,0,0,291,1,29376,108,29,36,29,36,20,24,29667,109,0,0,291,1,29376,108,29,36,29,36,20,24,29667,109,0,0,291,1,29376,108
147,0,1000,0,0,1000,0,1000,29,36,29,36,20,24,0,0,0,0,0,0,0,0,29,36,29,36,20,24,0,0,0,0,0,0,0,0,29,36,29,36,20,24,0,0,0,0,0,0,0,0,29,36,29,36,20,24,0,0,0,0,0,0,0,0,29,36,29,36,20,24,0,0,0,0,0,0,0,0,29,36,29,36,20,24,0,0,0,0,0,0,0,0
148,0,1000,0,0,1000,0,1000,29,36,29,36,20,24,0,0,0,0,0,0,0,0,29,36,29,36,20,24,0,0,0,0,0,0,0,0,29,36,29,36,20,24,0,0,0,0,0,0,0,0,29,36,29,36,20,24,0,0,0,0,0,0,0,0,29,36,29,36,20,24,0,0,0,0,0,0,0,0,29,36,29,36,20,24,0,0,0,0,0,0,0,0
149,0,1000,0,0,1000,0,1000,29,36,29,36,20,24,31159,8,31159,8,0,0,0,0,29,36,29,36,20,24,31159,8,31159,8,0,0,0,0,29,36,29,36,20,24,31159,8,31159,8,0,0,0,0,29,36,29,36,20,24,31159,8,31159,8,0,0,0,0,29,36,29,36,20,24,31159,8,31159,8,0,0,0,0,29,36,29,36,20,24,31159,8,31159,8,0,0,0,0
150,0,1000,0,0,1000,0,1000,30,37,30,37,20,24,24771,91,0,0,291,1,24480,90,30,37,30,37,20,24,24771,91,0,0,291,1,24480,90,30,37,30,37,20,24,24771,91,0,0,291,1,24480,90,30,37,30,37,20,24,24771,91,0,0,291,1,24480,90,30,37,30,37,20,24,24771,91,0,0,291,1,24480,90,30,37,30,37,20,24,24771,91,0,0,291,1,24480,90
151,0,1000,0,0,1000,0,1000,30,37,30,37,21,27,0,0,0,0,0,0,0,0,30,37,30,37,21,27,0,0,0,0,0,0,0,0,30,37,30,37,21,27,0,0,0,0,0,0,0,0,30,37,30,37,21,27,0,0,0,0,0,0,0,0,30,37,30,37,21,27,0,0,0,0,0,0,0,0,30,37,30,37,21,27,0,0,0,0,0,0,0,0
152,0,1000,0,0,1000,0,1000,30,37,30,37,21,27,0,0,0,0,0,0,0,0,30,37,30,37,21,27,0,0,0,0,0,0,0,0,30,37,30,37,21,27,0,0,0,0,0,0,0,0,30,37,30,37,21,27,0,0,0,0,0,0,0,0,30,37,30,37,21,27,0,0,0,0,0,0,0,0,30,37,30,37,21,27,0,0,0,0,0,0,0,0
153,0,1000,0,0,1000,0,1000,30,37,30,37,21,27,29871,9,29871,9,0,0,0,0,30,37,30,37,21,27,29871,9,29871,9,0,0,0,0,30,37,30,37,21,27,29871,9,29871,9,0,0,0,0,30,37,30,37,21,27,29871,9,29871,9,0,0,0,0,30,37,30,37,21,27,29871,9,29871,9,0,0,0,0,30,37,30,37,21,27,29871,9,29871,9,0,0,0,0
154,0,1000,0,0,1000,0,1000,31,38,31,38,21,27,30755,113,0,0,291,1,30464,112,31,38,31,38,21,27,30755,113,0,0,291,1,30464,112,31,38,31,38,21,27,30755,113,0,0,291,1,30464,112,31,38,31,38,21,27,30755,113,0,0,291,1,30464,112,31,38,31,38,21,27,30755,113,0,0,291,1,30464,112,31,38,31,38,21,27,30755,113,0,0,291,1,30464,112
155,0,1000,0,0,1000,0,1000,31,38,31,38,22,28,0,0,0,0,0,0,0,0,31,38,31,38,22,28,0,0,0,0,0,0,0,0,31,38,31,38,22,28,0,0,0,0,0,0,0,0,31,38,31,38,22,28,0,0,0,0,0,0,0,0,31,38,31,38,22,28,0,0,0,0,0,0,0,0,31,38,31,38,22,28,0,0,0,0,0,0,0,0
156,0,1000,0,0,1000,0,1000,31,38,31,38,22,28,0,0,0,0,0,0,0,0,31,38,31,38,22,28,0,0,0,0,0,0,0,0,31,38,31,38,22,28,0,0,0,0,0,0,0,0,31,38,31,38,22,28,0,0,0,0,0,0,0,0,31,38,31,38,22,28,0,0,0,0,0,0,0,0,31,38,31,38,22,28,0,0,0,0,0,0,0,0
157,0,1000,0,0,1000,0,1000,31,38,31,38,22,28,16092,4,16092,4,0,0,0,0,31,38,31,38,22,28,16092,4,16092,4,0,0,0,0,31,38,31,38,22,28,16092,4,16092,4,0,0,0,0,31,38,31,38,22,28,16092,4,16092,4,0,0,0,0,31,38,31,38,22,28,16092,4,16092,4,0,0,0,0,31,38,31,38,22,28,16092,4,16092,4,0,0,0,0
158,0,1000,0,0,1000,0,1000,32,39,32,39,22,28,32387,119,0,0,291,1,32096,118,32,39,32,39,22,28,32387,119,0,0,291,1,32096,118,32,39,32,39,22,28,32387,119,0,0,291,1,32096,118,32,39,32,39,22,28,32387,119,0,0,291,1,32096,118,32,39,32,39,22,28,32387,119,0,0,291,1,32096,118,32,39,32,39,22,28,32387,119,0,0,291,1,32096,118
159,0,1000,0,0,1000,0,1000,32,39,32,39,23,29,0,0,0,0,0,0,0,0,32,39,32,39,23,29,0,0,0,0,0,0,0,0,32,39,32,39,23,29,0,0,0,0,0,0,0,0,32,39,32,39,23,29,0,0,0,0,0,0,0,0,32,39,32,39,23,29,0,0,0,0,0,0,0,0,32,39,32,39,23,29,0,0,0,0,0,0,0,0
160,0,1000,0,0,1000,0,1000,32,39,32,39,23,29,0,0,0,0,0,0,0,0,32,39,32,39,23,29,0,0,0,0,0,0,0,0,32,39,32,39,23,29,0,0,0,0,0,0,0,0,32,39,32,39,23,29,0,0,0,0,0,0,0,0,32,39,32,39,23,29,0,0,0,0,0,0,0,0,32,39,32,39,23,29,0,0,0,0,0,0,0,0
161,0,1000,0,0,1000,0,1000,32,39,32,39,23,29,25290,6,25290,6,0,0,0,0,32,39,32,39,23,29,25290,6,25290,6,0,0,0,0,32,39,32,39,23,29,25290,6,25290,6,0,0,0,0,32,39,32,39,23,29,25290,6,25290,6,0,0,0,0,32,39,32,39,23,29,25290,6,25290,6,0,0,0,0,32,39,32,39,23,29,25290,6,25290,6,0,0,0,0
162,0,1000,0,0,1000,0,1000,33,40,33,40,23,29,35923,132,0,0,291,1,35632,131,33,40,33,40,23,29,35923,132,0,0,291,1,35632,131,33,40,33,40,23,29,35923,132,0,0,291,1,35632,131,33,40,33,40,23,29,35923,132,0,0,291,1,35632,131,33,40,33,40,23,29,35923,132,0,0,291,1,35632,131,33,40,33,40,23,29,35923,132,0,0,291,1,35632,131
163,0,1000,0,0,1000,0,1000,33,40,33,40,24,30,0,0,0,0,0,0,0,0,33,40,33,40,24,30,0,0,0,0,0,0,0,0,33,40,33,40,24,30,0,0,0,0,0,0,0,0,33,40,33,40,24,30,0,0,0,0,0,0,0,0,33,40,33,40,24,30,0,0,0,0,0,0,0,0,33,40,33,40,24,30,0,0,0,0,0,0,0,0
164,0,1000,0,0,1000,0,1000,33,40,33,40,24,30,0,0,0,0,0,0,0,0,33,40,33,40,24,30,0,0,0,0,0,0,0,0,33,40,33,40,24,30,0,0,0,0,0,0,0,0,33,40,33,40,24,30,0,0,0,0,0,0,0,0,33,40,33,40,24,30,0,0,0,0,0,0,0,0,33,40,33,40,24,30,0,0,0,0,0,0,0,0
165,0,1000,0,0,1000,0,1000,33,40,33,40,24,30,23154,5,23154,5,0,0,0,0,33,40,33,40,24,30,23154,5,23154,5,0,0,0,0,33,40,33,40,24,30,23154,5,23154,5,0,0,0,0,33,40,33,40,24,30,23154,5,23154,5,0,0,0,0,33,40,33,40,24,30,23154,5,23154,5,0,0,0,0,33,40,33,40,24,30,23154,5,23154,5,0,0,0,0
166,0,1000,0,0,1000,0,1000,34,41,34,41,24,30,29123,107,0,0,291,1,28832,106,34,41,34,41,24,30,29123,107,0,0,291,1,28832,106,34,41,34,41,24,30,29123,107,0,0,291,1,28832,106,34,41,34,41,24,30,29123,107,0,0,291,1,28832,106,34,41,34,41,24,30,29123,107,0,0,291,1,28832,106,34,41,34,41,24,30,29123,107,0,0,291,1,28832,106
167,0,1000,0,0,1000,0,1000,34,41,34,41,24,30,0,0,0,0,0,0,0,0,34,41,34,41,24,30,0,0,0,0,0,0,0,0,34,41,34,41,24,30,0,0,0,0,0,0,0,0,34,41,34,41,24,30,0,0,0,0,0,0,0,0,34,41,34,41,24,30,0,0,0,0,0,0,0,0,34,41,34,41,24,30,0,0,0,0,0,0,0,0
168,0,1000,0,0,1000,0,1000,34,41,34,41,24,30,0,0,0,0,0,0,0,0,34,41,34,41,24,30,0,0,0,0,0,0,0,0,34,41,34,41,24,30,0,0,0,0,0,0,0,0,34,41,34,41,24,30,0,0,0,0,0,0,0,0,34,41,34,41,24,30,0,0,0,0,0,0,0,0,34,41,34,41,24,30,0,0,0,0,0,0,0,0
169,0,1000,0,0,1000,0,1000,34,41,34,41,24,30,38308,10,38308,10,0,0,0,0,34,41,34,41,24,30,38308,10,38308,10,0,0,0,0,34,41,34,41,24,30,38308,10,38308,10,0,0,0,0,34,41,34,41,24,30,38308,10,38308,10,0,0,0,0,34,41,34,41,24,30,38308,10,38308,10,0,0,0,0,34,41,34,41,24,30,38308,10,38308,10,0,0,0,0
170,0,1000,0,0,1000,0,1000,35,42,35,42,24,30,26403,97,0,0,291,1,26112,96,35,42,35,42,24,30,26403,97,0,0,291,1,26112,96,35,42,35,42,24,30,26403,97,0,0,291,1,26112,96,35,42,35,42,24,30,26403,97,0,0,291,1,26112,96,35,42,35,42,24,30,26403,97,0,0,291,1,26112,96,35,42,35,42,24,30,26403,97,0,0,291,1,26112,96
171,0,1000,0,0,1000,0,1000,35,42,35,42,25,32,0,0,0,0,0,0,0,0,35,42,35,42,25,32,0,0,0,0,0,0,0,0,35,42,35,42,25,32,0,0,0,0,0,0,0,0,35,42,35,42,25,32,0,0,0,0,0,0,0,0,35,42,35,42,25,32,0,0,0,0,0,0,0,0,35,42,35,42,25,32,0,0,0,0,0,0,0,0
172,0,1000,0,0,1000,0,1000,35,42,35,42,25,32,0,0,0,0,0,0,0,0,35,42,35,42,25,32,0,0,0,0,0,0,0,0,35,42,35,42,25,32,0,0,0,0,0,0,0,0,35,42,35,42,25,32,0,0,0,0,0,0,0,0,35,42,35,42,25,32,0,0,0,0,0,0,0,0,35,42,35,42,25,32,0,0,0,0,0,0,0,0
173,0,1000,0,0,1000,0,1000,35,42,35,42,25,32,38620,11,38620,11,0,0,0,0,35,42,35,42,25,32,38620,11,38620,11,0,0,0,0,35,42,35,42,25,32,38620,11,38620,11,0,0,0,0,35,42,35,42,25,32,38620,11,38620,11,0,0,0,0,35,42,35,42,25,32,38620,11,38620,11,0,0,0,0,35,42,35,42,25,32,38620,11,38620,11,0,0,0,0
174,0,1000,0,0,1000,0,1000,36,43,36,43,25,32,26947,99,0,0,291,1,26656,98,36,43,36,43,25,32,26947,99,0,0,291,1,26656,98,36,43,36,43,25,32,26947,99,0,0,291,1,26656,98,36,43,36,43,25,32,26947,99,0,0,291,1,26656,98,36,43,36,43,25,32,26947,99,0,0,291,1,26656,98,36,43,36,43,25,32,26947,99,0,0,291,1,26656,98
175,0,1000,0,0,1000,0,1000,36,43,36,43,26,33,0,0,0,0,0,0,0,0,36,43,36,43,26,33,0,0,0,0,0,0,0,0,36,43,36,43,26,33,0,0,0,0,0,0,0,0,36,43,36,43,26,33,0,0,0,0,0,0,0,0,36,43,36,43,26,33,0,0,0,0,0,0,0,0,36,43,36,43,26,33,0,0,0,0,0,0,0,0
176,0,1000,0,0,1000,0,1000,36,43,36,43,26,33,0,0,0,0,0,0,0,0,36,43,36,43,26,33,0,0,0,0,0,0,0,0,36,43,36,43,26,33,0,0,0,0,0,0,0,0,36,43,36,43,26,33,0,0,0,0,0,0,0,0,36,43,36,43,26,33,0,0,0,0,0,0,0,0,36,43,36,43,26,33,0,0,0,0,0,0,0,0
177,0,1000,0,0,1000,0,1000,36,43,36,43,26,33,21450,6,21450,6,0,0,0,0,36,43,36,43,26,33,21450,6,21450,6,0,0,0,0,36,43,36,43,26,33,21450,6,21450,6,0,0,0,0,36,43,36,43,26,33,21450,6,21450,6,0,0,0,0,36,43,36,43,26,33,21450,6,21450,6,0,0,0,0,36,43,36,43,26,33,21450,6,21450,6,0,0,0,0
178,0,1000,0,0,1000,0,1000,37,44,37,44,26,33,27491,101,0,0,291,1,27200,100,37,44,37,44,26,33,27491,101,0,0,291,1,27200,100,37,44,37,44,26,33,27491,101,0,0,291,1,27200,100,37,44,37,44,26,33,27491,101,0,0,291,1,27200,100,37,44,37,44,26,33,27491,101,0,0,291,1,27200,100,37,44,37,44,26,33,27491,101,0,0,291,1,27200,100
179,0,1000,0,0,1000,0,1000,37,44,37,44,27,34,0,0,0,0,0,0,0,0,37,44,37,44,27,34,0,0,0,0,0,0,0,0,37,44,37,44,27,34,0,0,0,0,0,0,0,0,37,44,37,44,27,34,0,0,0,0,0,0,0,0,37,44,37,44,27,34,0,0,0,0,0,0,0,0,37,44,37,44,27,34,0,0,0,0,0,0,0,0
180,0,1000,0,0,1000,0,1000,37,44,37,44,27,34,0,0,0,0,0,0,0,0,37,44,37,44,27,34,0,0,0,0,0,0,0,0,37,44,37,44,27,34,0,0,0,0,0,0,0,0,37,44,37,44,27,34,0,0,0,0,0,0,0,0,37,44,37,44,27,34,0,0,0,0,0,0,0,0,37,44,37,44,27,34,0,0,0,0,0,0,0,0
181,0,1000,0,0,1000,0,1000,37,44,37,44,27,34,25472,7,25472,7,0,0,0,0,37,44,37,44,27,34,25472,7,25472,7,0,0,0,0,37,44,37,44,27,34,25472,7,25472,7,0,0,0,0,37,44,37,44,27,34,25472,7,25472,7,0,0,0,0,37,44,37,44,27,34,25472,7,25472,7,0,0,0,0,37,44,37,44,27,34,25472,7,25472,7,0,0,0,0
182,0,1000,0,0,1000,0,1000,38,45,38,45,27,34,28851,106,0,0,291,1,28560,105,38,45,38,45,27,34,28851,106,0,0,291,1,28560,105,38,45,38,45,27,34,28851,106,0,0,291,1,28560,105,38,45,38,45,27,34,28851,106,0,0,291,1,28560,105,38,45,38,45,27,34,28851,106,0,0,291,1,28560,105,38,45,38,45,27,34,28851,106,0,0,291,1,28560,105
183,0,1000,0,0,1000,0,1000,38,45,38,45,28,35,0,0,0,0,0,0,0,0,38,45,38,45,28,35,0,0,0,0,0,0,0,0,38,45,38,45,28,35,0,0,0,0,0,0,0,0,38,45,38,45,28,35,0,0,0,0,0,0,0,0,38,45,38,45,28,35,0,0,0,0,0,0,0,0,38,45,38,45,28,35,0,0,0,0,0,0,0,0
184,0,1000,0,0,1000,0,1000,38,45,38,45,28,35,0,0,0,0,0,0,0,0,38,45,38,45,28,35,0,0,0,0,0,0,0,0,38,45,38,45,28,35,0,0,0,0,0,0,0,0,38,45,38,45,28,35,0,0,0,0,0,0,0,0,38,45,38,45,28,35,0,0,0,0,0,0,0,0,38,45,38,45,28,35,0,0,0,0,0,0,0,0
185,0,1000,0,0,1000,0,1000,38,45,38,45,28,35,37990,10,37990,10,0,0,0,0,38,45,38,45,28,35,37990,10,37990,10,0,0,0,0,38,45,38,45,28,35,37990,10,37990,10,0,0,0,0,38,45,38,45,28,35,37990,10,37990,10,0,0,0,0,38,45,38,45,28,35,37990,10,37990,10,0,0,0,0,38,45,38,45,28,35,37990,10,37990,10,0,0,0,0
186,0,1000,0,0,1000,0,1000,39,46,39,46,28,35,27763,102,0,0,291,1,27472,101,39,46,39,46,28,35,27763,102,0,0,291,1,27472,101,39,46,39,46,28,35,27763,102,0,0,291,1,27472,101,39,46,39,46,28,35,27763,102,0,0,291,1,27472,101,39,46,39,46,28,35,27763,102,0,0,291,1,27472,101,39,46,39,46,28,35,27763,102,0,0,291,1,27472,101
187,900,100,900,0,100,0,1000,39,46,39,46,28,35,0,0,0,0,0,0,0,0,39,46,39,46,28,35,0,0,0,0,0,0,0,0,39,46,39,46,28,35,0,0,0,0,0,0,0,0,39,46,39,46,28,35,0,0,0,0,0,0,0,0,39,46,39,46,28,35,0,0,0,0,0,0,0,0,39,46,39,46,29,36,0,0,0,0,0,0,0,0
188,900,100,900,0,100,0,1000,39,46,39,46,28,35,0,0,0,0,0,0,0,0,39,46,39,46,28,35,0,0,0,0,0,0,0,0,39,46,39,46,28,35,0,0,0,0,0,0,0,0,39,46,39,46,28,35,0,0,0,0,0,0,0,0,39,46,39,46,28,35,0,0,0,0,0,0,0,0,39,46,39,46,29,36,0,0,0,0,0,0,0,0
189,900,100,900,0,100,0,1000,39,46,39,46,28,35,3671,1,3671,1,0,0,0,0,39,46,39,46,28,35,3671,1,3671,1,0,0,0,0,39,46,39,46,28,35,3671,1,3671,1,0,0,0,0,39,46,39,46,28,35,3671,1,3671,1,0,0,0,0,39,46,39,46,28,35,3671,1,3671,1,0,0,0,0,39,46,39,46,29,36,3671,1,3671,1,0,0,0,0
190,900,100,900,0,100,0,1000,39,46,39,46,28,35,2195,8,0,0,291,1,1904,7,39,46,39,46,28,35,2195,8,0,0,291,1,1904,7,39,46,39,46,28,35,2195,8,0,0,291,1,1904,7,39,46,39,46,28,35,2195,8,0,0,291,1,1904,7,39,46,39,46,28,35,2195,8,0,0,291,1,1904,7,39,46,39,46,29,36,2195,8,0,0,291,1,1904,7
191,900,100,900,0,100,0,1000,39,46,39,46,28,35,0,0,0,0,0,0,0,0,39,46,39,46,28,35,0,0,0,0,0,0,0,0,39,46,39,46,28,35,0,0,0,0,0,0,0,0,39,46,39,46,28,35,0,0,0,0,0,0,0,0,39,46,39,46,28,35,0,0,0,0,0,0,0,0,39,46,39,46,30,37,0,0,0,0,0,0,0,0
192,900,100,900,0,100,0,1000,39,46,39,46,28,35,0,0,0,0,0,0,0,0,39,46,39,46,28,35,0,0,0,0,0,0,0,0,39,46,39,46,28,35,0,0,0,0,0,0,0,0,39,46,39,46,28,35,0,0,0,0,0,0,0,0,39,46,39,46,28,35,0,0,0,0,0,0,0,0,39,46,39,46,30,37,0,0,0,0,0,0,0,0
193,900,100,900,0,100,0,1000,39,46,39,46,28,35,0,0,0,0,0,0,0,0,39,46,39,46,28,35,0,0,0,0,0,0,0,0,39,46,39,46,28,35,0,0,0,0,0,0,0,0,39,46,39,46,28,35,0,0,0,0,0,0,0,0,39,46,39,46,28,35,0,0,0,0,0,0,0,0,39,46,39,46,30,37,0,0,0,0,0,0,0,0
194,900,100,900,0,100,0,1000,39,46,39,46,28,35,2176,8,0,0,0,0,2176,8,39,46,39,46,28,35,2176,8,0,0,0,0,2176,8,39,46,39,46,28,35,2176,8,0,0,0,0,2176,8,39,46,39,46,28,35,2176,8,0,0,0,0,2176,8,39,46,39,46,28,35,2176,8,0,0,0,0,2176,8,39,46,39,46,30,37,2176,8,0,0,0,0,2176,8
195,900,100,900,0,100,0,1000,39,46,39,46,28,35,0,0,0,0,0,0,0,0,39,46,39,46,28,35,0,0,0,0,0,0,0,0,39,46,39,46,28,35,0,0,0,0,0,0,0,0,39,46,39,46,28,35,0,0,0,0,0,0,0,0,39,46,39,46,28,35,0,0,0,0,0,0,0,0,39,46,39,46,31,38,0,0,0,0,0,0,0,0
196,900,100,900,0,100,0,1000,39,46,39,46,28,35,0,0,0,0,0,0,0,0,39,46,39,46,28,35,0,0,0,0,0,0,0,0,39,46,39,46,28,35,0,0,0,0,0,0,0,0,39,46,39,46,28,35,0,0,0,0,0,0,0,0,39,46,39,46,28,35,0,0,0,0,0,0,0,0,39,46,39,46,31,38,0,0,0,0,0,0,0,0
197,900,100,900,0,100,0,1000,39,46,39,46,28,35,0,0,0,0,0,0,0,0,39,46,39,46,28,35,0,0,0,0,0,0,0,0,39,46,39,46,28,35,0,0,0,0,0,0,0,0,39,46,39,46,28,35,0,0,0,0,0,0,0,0,39,46,39,46,28,35,0,0,0,0,0,0,0,0,39,46,39,46,31,38,0,0,0,0,0,0,0,0
198,900,100,900,0,100,0,1000,39,46,39,46,28,35,2992,11,0,0,0,0,2992,11,39,46,39,46,28,35,2992,11,0,0,0,0,2992,11,39,46,39,46,28,35,2992,11,0,0,0,0,2992,11,39,46,39,46,28,35,2992,11,0,0,0,0,2992,11,39,46,39,46,28,35,2992,11,0,0,0,0,2992,11,39,46,39,46,31,38,2992,11,0,0,0,0,2992,11
199,900,100,900,0,100,0,1000,39,46,39,46,28,35,0,0,0,0,0,0,0,0,39,46,39,46,28,35,0,0,0,0,0,0,0,0,39,46,39,46,28,35,0,0,0,0,0,0,0,0,39,46,39,46,28,35,0,0,0,0,0,0,0,0,39,46,39,46,28,35,0,0,0,0,0,0,0,0,39,46,39,46,32,39,0,0,0,0,0,0,0,0
200,900,100,900,0,100,0,1000,39,46,39,46,28,35,0,0,0,0,0,0,0,0,39,46,39,46,28,35,0,0,0,0,0,0,0,0,39,46,39,46,28,35,0,0,0,0,0,0,0,0,39,46,39,46,28,35,0,0,0,0,0,0,0,0,39,46,39,46,28,35,0,0,0,0,0,0,0,0,39,46,39,46,32,39,0,0,0,0,0,0,0,0
201,900,100,900,0,100,0,1000,39,46,39,46,28,35,1582,2,1582,2,0,0,0,0,39,46,39,46,28,35,1582,2,1582,2,0,0,0,0,39,46,39,46,28,35,1582,2,1582,2,0,0,0,0,39,46,39,46,28,35,1582,2,1582,2,0,0,0,0,39,46,39,46,28,35,1582,2,1582,2,0,0,0,0,39,46,39,46,32,39,1582,2,1582,2,0,0,0,0
202,900,100,900,0,100,0,1000,39,46,39,46,28,35,3011,11,0,0,291,1,2720,10,39,46,39,46,28,35,3011,11,0,0,291,1,2720,10,39,46,39,46,28,35,3011,11,0,0,291,1,2720,10,39,46,39,46,28,35,3011,11,0,0,291,1,2720,10,39,46,39,46,28,35,3011,11,0,0,291,1,2720,10,39,46,39,46,32,39,3011,11,0,0,291,1,2720,10
203,900,100,900,0,100,0,1000,39,46,39,46,28,35,0,0,0,0,0,0,0,0,39,46,39,46,28,35,0,0,0,0,0,0,0,0,39,46,39,46,28,35,0,0,0,0,0,0,0,0,39,46,39,46,28,35,0,0,0,0,0,0,0,0,39,46,39,46,28,35,0,0,0,0,0,0,0,0,39,46,39,46,33,40,0,0,0,0,0,0,0,0
204,900,100,900,0,100,0,1000,39,46,39,46,28,35,0,0,0,0,0,0,0,0,39,46,39,46,28,35,0,0,0,0,0,0,0,0,39,46,39,46,28,35,0,0,0,0,0,0,0,0,39,46,39,46,28,35,0,0,0,0,0,0,0,0,39,46,39,46,28,35,0,0,0,0,0,0,0,0,39,46,39,46,33,40,0,0,0,0,0,0,0,0
205,900,100,900,0,100,0,1000,39,46,39,46,28,35,759,1,759,1,0,0,0,0,39,46,39,46,28,35,759,1,759,1,0,0,0,0,39,46,39,46,28,35,759,1,759,1,0,0,0,0,39,46,39,46,28,35,759,1,759,1,0,0,0,0,39,46,39,46,28,35,759,1,759,1,0,0,0,0,39,46,39,46,33,40,759,1,759,1,0,0,0,0
206,900,100,900,0,100,0,1000,39,46,39,46,28,35,3827,14,0,0,291,1,3536,13,39,46,39,46,28,35,3827,14,0,0,291,1,3536,13,39,46,39,46,28,35,3827,14,0,0,291,1,3536,13,39,46,39,46,28,35,3827,14,0,0,291,1,3536,13,39,46,39,46,28,35,3827,14,0,0,291,1,3536,13,39,46,39,46,33,40,3827,14,0,0,291,1,3536,13
207,900,100,900,0,100,0,1000,39,46,39,46,28,35,0,0,0,0,0,0,0,0,39,46,39,46,28,35,0,0,0,0,0,0,0,0,39,46,39,46,28,35,0,0,0,0,0,0,0,0,39,46,39,46,28,35,0,0,0,0,0,0,0,0,39,46,39,46,28,35,0,0,0,0,0,0,0,0,39,46,39,46,34,41,0,0,0,0,0,0,0,0
208,900,100,900,0,100,0,1000,39,46,39,46,28,35,0,0,0,0,0,0,0,0,39,46,39,46,28,35,0,0,0,0,0,0,0,0,39,46,39,46,28,35,0,0,0,0,0,0,0,0,39,46,39,46,28,35,0,0,0,0,0,0,0,0,39,46,39,46,28,35,0,0,0,0,0,0,0,0,39,46,39,46,34,41,0,0,0,0,0,0,0,0
209,900,100,900,0,100,0,1000,39,46,39,46,28,35,855,1,855,1,0,0,0,0,39,46,39,46,28,35,855,1,855,1,0,0,0,0,39,46,39,46,28,35,855,1,855,1,0,0,0,0,39,46,39,46,28,35,855,1,855,1,0,0,0,0,39,46,39,46,28,35,855,1,855,1,0,0,0,0,39,46,39,46,34,41,855,1,855,1,0,0,0,0
210,900,100,900,0,100,0,1000,39,46,39,46,28,35,2195,8,0,0,291,1,1904,7,39,46,39,46,28,35,2195,8,0,0,291,1,1904,7,39,46,39,46,28,35,2195,8,0,0,291,1,1904,7,39,46,39,46,28,35,2195,8,0,0,291,1,1904,7,39,46,39,46,28,35,2195,8,0,0,291,1,1904,7,39,46,39,46,34,41,2195,8,0,0,291,1,1904,7
211,900,100,900,0,100,0,1000,39,46,39,46,28,35,0,0,0,0,0,0,0,0,39,46,39,46,28,35,0,0,0,0,0,0,0,0,39,46,39,46,28,35,0,0,0,0,0,0,0,0,39,46,39,46,28,35,0,0,0,0,0,0,0,0,39,46,39,46,28,35,0,0,0,0,0,0,0,0,39,46,39,46,35,42,0,0,0,0,0,0,0,0
212,900,100,900,0,100,0,1000,39,46,39,46,28,35,0,0,0,0,0,0,0,0,39,46,39,46,28,35,0,0,0,0,0,0,0,0,39,46,39,46,28,35,0,0,0,0,0,0,0,0,39,46,39,46,28,35,0,0,0,0,0,0,0,0,39,46,39,46,28,35,0,0,0,0,0,0,0,0,39,46,39,46,35,42,0,0,0,0,0,0,0,0
213,900,100,900,0,100,0,1000,39,46,39,46,28,35,663,1,663,1,0,0,0,0,39,46,39,46,28,35,663,1,663,1,0,0,0,0,39,46,39,46,28,35,663,1,663,1,0,0,0,0,39,46,39,46,28,35,663,1,663,1,0,0,0,0,39,46,39,46,28,35,663,1,663,1,0,0,0,0,39,46,39,46,35,42,663,1,663,1,0,0,0,0
214,900,100,900,0,100,0,1000,39,46,39,46,28,35,3283,12,0,0,291,1,2992,11,39,46,39,46,28,35,3283,12,0,0,291,1,2992,11,39,46,39,46,28,35,3283,12,0,0,291,1,2992,11,39,46,39,46,28,35,3283,12,0,0,291,1,2992,11,39,46,39,46,28,35,3283,12,0,0,291,1,2992,11,39,46,39,46,35,42,3283,12,0,0,291,1,2992,11
215,900,100,900,0,100,0,1000,39,46,39,46,28,35,0,0,0,0,0,0,0,0,39,46,39,46,28,35,0,0,0,0,0,0,0,0,39,46,39,46,28,35,0,0,0,0,0,0,0,0,39,46,39,46,28,35,0,0,0,0,0,0,0,0,39,46,39,46,28,35,0,0,0,0,0,0,0,0,39,46,39,46,36,43,0,0,0,0,0,0,0,0
216,900,100,900,0,100,0,1000,39,46,39,46,28,35,0,0,0,0,0,0,0,0,39,46,39,46,28,35,0,0,0,0,0,0,0,0,39,46,39,46,28,35,0,0,0,0,0,0,0,0,39,46,39,46,28,35,0,0,0,0,0,0,0,0,39,46,39,46,28,35,0,0,0,0,0,0,0,0,39,46,39,46,36,43,0,0,0,0,0,0,0,0
217,900,100,900,0,100,0,1000,39,46,39,46,28,35,791,1,791,1,0,0,0,0,39,46,39,46,28,35,791,1,791,1,0,0,0,0,39,46,39,46,28,35,791,1,791,1,0,0,0,0,39,46,39,46,28,35,791,1,791,1,0,0,0,0,39,46,39,46,28,35,791,1,791,1,0,0,0,0,39,46,39,46,36,43,791,1,791,1,0,0,0,0
218,900,100,900,0,100,0,1000,39,46,39,46,28,35,3011,11,0,0,291,1,2720,10,39,46,39,46,28,35,3011,11,0,0,291,1,2720,10,39,46,39,46,28,35,3011,11,0,0,291,1,2720,10,39,46,39,46,28,35,3011,11,0,0,291,1,2720,10,39,46,39,46,28,35,3011,11,0,0,291,1,2720,10,39,46,39,46,36,43,3011,11,0,0,291,1,2720,10
219,900,100,900,0,100,0,1000,39,46,39,46,28,35,0,0,0,0,0,0,0,0,39,46,39,46,28,35,0,0,0,0,0,0,0,0,39,46,39,46,28,35,0,0,0,0,0,0,0,0,39,46,39,46,28,35,0,0,0,0,0,0,0,0,39,46,39,46,28,35,0,0,0,0,0,0,0,0,39,46,39,46,37,44,0,0,0,0,0,0,0,0
220,900,100,900,0,100,0,1000,39,46,39,46,28,35,0,0,0,0,0,0,0,0,39,46,39,46,28,35,0,0,0,0,0,0,0,0,39,46,39,46,28,35,0,0,0,0,0,0,0,0,39,46,39,46,28,35,0,0,0,0,0,0,0,0,39,46,39,46,28,35,0,0,0,0,0,0,0,0,39,46,39,46,37,44,0,0,0,0,0,0,0,0
221,900,100,900,0,100,0,1000,39,46,39,46,28,35,759,1,759,1,0,0,0,0,39,46,39,46,28,35,759,1,759,1,0,0,0,0,39,46,39,46,28,35,759,1,759,1,0,0,0,0,39,46,39,46,28,35,759,1,759,1,0,0,0,0,39,46,39,46,28,35,759,1,759,1,0,0,0,0,39,46,39,46,37,44,759,1,759,1,0,0,0,0
222,900,100,900,0,100,0,1000,39,46,39,46,28,35,4099,15,0,0,291,1,3808,14,39,46,39,46,28,35,4099,15,0,0,291,1,3808,14,39,46,39,46,28,35,4099,15,0,0,291,1,3808,14,39,46,39,46,28,35,4099,15,0,0,291,1,3808,14,39,46,39,46,28,35,4099,15,0,0,291,1,3808,14,39,46,39,46,37,44,4099,15,0,0,291,1,3808,14
223,900,100,900,0,100,0,1000,39,46,39,46,28,35,0,0,0,0,0,0,0,0,39,46,39,46,28,35,0,0,0,0,0,0,0,0,39,46,39,46,28,35,0,0,0,0,0,0,0,0,39,46,39,46,28,35,0,0,0,0,0,0,0,0,39,46,39,46,28,35,0,0,0,0,0,0,0,0,39,46,39,46,38,45,0,0,0,0,0,0,0,0
224,900,100,900,0,100,0,1000,39,46,39,46,28,35,0,0,0,0,0,0,0,0,39,46,39,46,28,35,0,0,0,0,0,0,0,0,39,46,39,46,28,35,0,0,0,0,0,0,0,0,39,46,39,46,28,35,0,0,0,0,0,0,0,0,39,46,39,46,28,35,0,0,0,0,0,0,0,0,39,46,39,46,38,45,0,0,0,0,0,0,0,0
225,900,100,900,0,100,0,1000,39,46,39,46,28,35,887,1,887,1,0,0,0,0,39,46,39,46,28,35,887,1,887,1,0,0,0,0,39,46,39,46,28,35,887,1,887,1,0,0,0,0,39,46,39,46,28,35,887,1,887,1,0,0,0,0,39,46,39,46,28,35,887,1,887,1,0,0,0,0,39,46,39,46,38,45,887,1,887,1,0,0,0,0
226,900,100,900,0,100,0,1000,39,46,39,46,28,35,3283,12,0,0,291,1,2992,11,39,46,39,46,28,35,3283,12,0,0,291,1,2992,11,39,46,39,46,28,35,3283,12,0,0,291,1,2992,11,39,46,39,46,28,35,3283,12,0,0,291,1,2992,11,39,46,39,46,28,35,3283,12,0,0,291,1,2992,11,39,46,39,46,38,45,3283,12,0,0,291,1,2992,11
227,900,100,900,0,100,0,1000,39,46,39,46,28,35,0,0,0,0,0,0,0,0,39,46,39,46,28,35,0,0,0,0,0,0,0,0,39,46,39,46,28,35,0,0,0,0,0,0,0,0,39,46,39,46,28,35,0,0,0,0,0,0,0,0,39,46,39,46,28,35,0,0,0,0,0,0,0,0,39,46,39,46,39,46,0,0,0,0,0,0,0,0
228,900,100,900,0,100,0,1000,39,46,39,46,28,35,0,0,0,0,0,0,0,0,39,46,39,46,28,35,0,0,0,0,0,0,0,0,39,46,39,46,28,35,0,0,0,0,0,0,0,0,39,46,39,46,28,35,0,0,0,0,0,0,0,0,39,46,39,46,28,35,0,0,0,0,0,0,0,0,39,46,39,46,39,46,0,0,0,0,0,0,0,0
229,900,100,900,0,100,0,1000,39,46,39,46,28,35,790,1,790,1,0,0,0,0,39,46,39,46,28,35,790,1,790,1,0,0,0,0,39,46,39,46,28,35,790,1,790,1,0,0,0,0,39,46,39,46,28,35,790,1,790,1,0,0,0,0,39,46,39,46,28,35,790,1,790,1,0,0,0,0,39,46,39,46,39,46,790,1,790,1,0,0,0,0
230,900,100,900,0,100,0,1000,39,46,39,46,28,35,2194,8,0,0,290,1,1904,7,39,46,39,46,28,35,2194,8,0,0,290,1,1904,7,39,46,39,46,28,35,2194,8,0,0,290,1,1904,7,39,46,39,46,28,35,2194,8,0,0,290,1,1904,7,39,46,39,46,28,35,2194,8,0,0,290,1,1904,7,39,46,39,46,39,46,2194,8,0,0,290,1,1904,7
231,900,100,900,0,100,0,1000,39,46,39,46,28,35,0,0,0,0,0,0,0,0,39,46,39,46,28,35,0,0,0,0,0,0,0,0,39,46,39,46,28,35,0,0,0,0,0,0,0,0,39,46,39,46,28,35,0,0,0,0,0,0,0,0,39,46,39,46,28,35,0,0,0,0,0,0,0,0,40,47,39,46,40,47,0,0,0,0,0,0,0,0
232,900,100,900,0,100,0,1000,39,46,39,46,28,35,0,0,0,0,0,0,0,0,39,46,39,46,28,35,0,0,0,0,0,0,0,0,39,46,39,46,28,35,0,0,0,0,0,0,0,0,39,46,39,46,28,35,0,0,0,0,0,0,0,0,39,46,39,46,28,35,0,0,0,0,0,0,0,0,40,47,39,46,40,47,0,0,0,0,0,0,0,0
233,900,100,900,0,100,0,1000,39,46,39,46,28,35,663,1,663,1,0,0,0,0,39,46,39,46,28,35,663,1,663,1,0,0,0,0,39,46,39,46,28,35,663,1,663,1,0,0,0,0,39,46,39,46,28,35,663,1,663,1,0,0,0,0,39,46,39,46,28,35,663,1,663,1,0,0,0,0,40,47,39,46,40,47,663,1,663,1,0,0,0,0
234,900,100,900,0,100,0,1000,39,46,39,46,28,35,3827,14,0,0,291,1,3536,13,39,46,39,46,28,35,3827,14,0,0,291,1,3536,13,39,46,39,46,28,35,3827,14,0,0,291,1,3536,13,39,46,39,46,28,35,3827,14,0,0,291,1,3536,13,39,46,39,46,28,35,3827,14,0,0,291,1,3536,13,40,47,39,46,40,47,3827,14,0,0,291,1,3536,13
235,900,100,900,0,100,0,1000,39,46,39,46,28,35,0,0,0,0,0,0,0,0,39,46,39,46,28,35,0,0,0,0,0,0,0,0,39,46,39,46,28,35,0,0,0,0,0,0,0,0,39,46,39,46,28,35,0,0,0,0,0,0,0,0,39,46,39,46,28,35,0,0,0,0,0,0,0,0,40,47,39,46,40,47,0,0,0,0,0,0,0,0
236,900,100,900,0,100,0,1000,39,46,39,46,28,35,0,0,0,0,0,0,0,0,39,46,39,46,28,35,0,0,0,0,0,0,0,0,39,46,39,46,28,35,0,0,0,0,0,0,0,0,39,46,39,46,28,35,0,0,0,0,0,0,0,0,39,46,39,46,28,35,0,0,0,0,0,0,0,0,40,47,39,46,40,47,0,0,0,0,0,0,0,0
237,900,100,900,0,100,0,1000,39,46,39,46,28,35,0,0,0,0,0,0,0,0,39,46,39,46,28,35,0,0,0,0,0,0,0,0,39,46,39,46,28,35,0,0,0,0,0,0,0,0,39,46,39,46,28,35,0,0,0,0,0,0,0,0,39,46,39,46,28,35,0,0,0,0,0,0,0,0,40,47,39,46,40,47,0,0,0,0,0,0,0,0
238,900,100,900,0,100,0,1000,39,46,39,46,28,35,2448,9,0,0,0,0,2448,9,39,46,39,46,28,35,2448,9,0,0,0,0,2448,9,39,46,39,46,28,35,2448,9,0,0,0,0,2448,9,39,46,39,46,28,35,2448,9,0,0,0,0,2448,9,39,46,39,46,28,35,2448,9,0,0,0,0,2448,9,40,47,39,46,40,47,2448,9,0,0,0,0,2448,9
239,900,100,900,0,100,0,1000,39,46,39,46,28,35,0,0,0,0,0,0,0,0,39,46,39,46,28,35,0,0,0,0,0,0,0,0,39,46,39,46,28,35,0,0,0,0,0,0,0,0,39,46,39,46,28,35,0,0,0,0,0,0,0,0,39,46,39,46,28,35,0,0,0,0,0,0,0,0,40,47,39,46,40,47,0,0,0,0,0,0,0,0
240,900,100,900,0,100,0,1000,39,46,39,46,28,35,0,0,0,0,0,0,0,0,39,46,39,46,28,35,0,0,0,0,0,0,0,0,39,46,39,46,28,35,0,0,0,0,0,0,0,0,39,46,39,46,28,35,0,0,0,0,0,0,0,0,39,46,39,46,28,35,0,0,0,0,0,0,0,0,40,47,39,46,40,47,0,0,0,0,0,0,0,0
241,900,100,900,0,100,0,1000,39,46,39,46,28,35,1454,2,1454,2,0,0,0,0,39,46,39,46,28,35,1454,2,1454,2,0,0,0,0,39,46,39,46,28,35,1454,2,1454,2,0,0,0,0,39,46,39,46,28,35,1454,2,1454,2,0,0,0,0,39,46,39,46,28,35,1454,2,1454,2,0,0,0,0,40,47,39,46,40,47,1454,2,1454,2,0,0,0,0
242,900,100,900,0,100,0,1000,39,46,39,46,28,35,3555,13,0,0,291,1,3264,12,39,46,39,46,28,35,3555,13,0,0,291,1,3264,12,39,46,39,46,28,35,3555,13,0,0,291,1,3264,12,39,46,39,46,28,35,3555,13,0,0,291,1,3264,12,39,46,39,46,28,35,3555,13,0,0,291,1,3264,12,40,47,39,46,40,47,3555,13,0,0,291,1,3264,12
243,900,100,900,0,100,0,1000,39,46,39,46,28,35,0,0,0,0,0,0,0,0,39,46,39,46,28,35,0,0,0,0,0,0,0,0,39,46,39,46,28,35,0,0,0,0,0,0,0,0,39,46,39,46,28,35,0,0,0,0,0,0,0,0,39,46,39,46,28,35,0,0,0,0,0,0,0,0,41,50,39,46,41,50,0,0,0,0,0,0,0,0
244,900,100,900,0,100,0,1000,39,46,39,46,28,35,0,0,0,0,0,0,0,0,39,46,39,46,28,35,0,0,0,0,0,0,0,0,39,46,39,46,28,35,0,0,0,0,0,0,0,0,39,46,39,46,28,35,0,0,0,0,0,0,0,0,39,46,39,46,28,35,0,0,0,0,0,0,0,0,41,50,39,46,41,50,0,0,0,0,0,0,0,0
245,900,100,900,0,100,0,1000,39,46,39,46,28,35,0,0,0,0,0,0,0,0,39,46,39,46,28,35,0,0,0,0,0,0,0,0,39,46,39,46,28,35,0,0,0,0,0,0,0,0,39,46,39,46,28,35,0,0,0,0,0,0,0,0,39,46,39,46,28,35,0,0,0,0,0,0,0,0,41,50,39,46,41,50,0,0,0,0,0,0,0,0
246,900,100,900,0,100,0,1000,39,46,39,46,28,35,2448,9,0,0,0,0,2448,9,39,46,39,46,28,35,2448,9,0,0,0,0,2448,9,39,46,39,46,28,35,2448,9,0,0,0,0,2448,9,39,46,39,46,28,35,2448,9,0,0,0,0,2448,9,39,46,39,46,28,35,2448,9,0,0,0,0,2448,9,41,50,39,46,41,50,2448,9,0,0,0,0,2448,9
247,900,100,900,0,100,0,1000,39,46,39,46,28,35,0,0,0,0,0,0,0,0,39,46,39,46,28,35,0,0,0,0,0,0,0,0,39,46,39,46,28,35,0,0,0,0,0,0,0,0,39,46,39,46,28,35,0,0,0,0,0,0,0,0,39,46,39,46,28,35,0,0,0,0,0,0,0,0,42,51,39,46,42,51,0,0,0,0,0,0,0,0
248,0,1000,0,900,100,0,1000,39,46,39,46,28,35,0,0,0,0,0,0,0,0,39,46,39,46,28,35,0,0,0,0,0,0,0,0,39,46,39,46,28,35,0,0,0,0,0,0,0,0,39,46,39,46,28,35,0,0,0,0,0,0,0,0,39,46,39,46,28,35,0,0,0,0,0,0,0,0,42,51,39,46,42,51,0,0,0,0,0,0,0,0
249,0,1000,0,900,100,0,1000,39,46,39,46,28,35,0,0,0,0,0,0,0,0,39,46,39,46,28,35,0,0,0,0,0,0,0,0,39,46,39,46,28,35,0,0,0,0,0,0,0,0,39,46,39,46,28,35,0,0,0,0,0,0,0,0,39,46,39,46,28,35,0,0,0,0,0,0,0,0,42,51,39,46,42,51,0,0,0,0,0,0,0,0
250,0,1000,0,900,100,0,1000,39,46,39,46,28,35,4080,15,0,0,0,0,4080,15,39,46,39,46,28,35,4080,15,0,0,0,0,4080,15,39,46,39,46,28,35,4080,15,0,0,0,0,4080,15,39,46,39,46,28,35,4080,15,0,0,0,0,4080,15,39,46,39,46,28,35,4080,15,0,0,0,0,4080,15,42,51,39,46,42,51,4080,15,0,0,0,0,4080,15
251,0,1000,0,0,1000,0,1000,43,52,39,46,43,52,0,0,0,0,0,0,0,0,43,52,39,46,43,52,0,0,0,0,0,0,0,0,43,52,39,46,43,52,0,0,0,0,0,0,0,0,43,52,39,46,43,52,0,0,0,0,0,0,0,0,43,52,39,46,43,52,0,0,0,0,0,0,0,0,43,52,39,46,43,52,0,0,0,0,0,0,0,0
252,0,1000,0,0,1000,0,1000,43,52,39,46,43,52,0,0,0,0,0,0,0,0,43,52,39,46,43,52,0,0,0,0,0,0,0,0,43,52,39,46,43,52,0,0,0,0,0,0,0,0,43,52,39,46,43,52,0,0,0,0,0,0,0,0,43,52,39,46,43,52,0,0,0,0,0,0,0,0,43,52,39,46,43,52,0,0,0,0,0,0,0,0
253,0,1000,0,0,1000,0,1000,43,52,39,46,43,52,4595,5,4595,5,0,0,0,0,43,52,39,46,43,52,4595,5,4595,5,0,0,0,0,43,52,39,46,43,52,4595,5,4595,5,0,0,0,0,43,52,39,46,43,52,4595,5,4595,5,0,0,0,0,43,52,39,46,43,52,4595,5,4595,5,0,0,0,0,43,52,39,46,43,52,4595,5,4595,5,0,0,0,0
254,0,1000,0,0,1000,0,1000,51,63,51,63,43,52,25587,94,0,0,291,1,25296,93,51,63,51,63,43,52,25587,94,0,0,291,1,25296,93,51,63,51,63,43,52,25587,94,0,0,291,1,25296,93,51,63,51,63,43,52,25587,94,0,0,291,1,25296,93,51,63,51,63,43,52,25587,94,0,0,291,1,25296,93,51,63,51,63,43,52,25587,94,0,0,291,1,25296,93
255,0,1000,0,0,1000,0,1000,51,63,51,63,44,53,0,0,0,0,0,0,0,0,51,63,51,63,44,53,0,0,0,0,0,0,0,0,51,63,51,63,44,53,0,0,0,0,0,0,0,0,51,63,51,63,44,53,0,0,0,0,0,0,0,0,51,63,51,63,44,53,0,0,0,0,0,0,0,0,51,63,51,63,44,53,0,0,0,0,0,0,0,0
256,0,1000,0,0,1000,0,1000,51,63,51,63,44,53,0,0,0,0,0,0,0,0,51,63,51,63,44,53,0,0,0,0,0,0,0,0,51,63,51,63,44,53,0,0,0,0,0,0,0,0,51,63,51,63,44,53,0,0,0,0,0,0,0,0,51,63,51,63,44,53,0,0,0,0,0,0,0,0,51,63,51,63,44,53,0,0,0,0,0,0,0,0
257,0,1000,0,0,1000,0,1000,51,63,51,63,44,53,6830,2,6830,2,0,0,0,0,51,63,51,63,44,53,6830,2,6830,2,0,0,0,0,51,63,51,63,44,53,6830,2,6830,2,0,0,0,0,51,63,51,63,44,53,6830,2,6830,2,0,0,0,0,51,63,51,63,44,53,6830,2,6830,2,0,0,0,0,51,63,51,63,44,53,6830,2,6830,2,0,0,0,0
258,0,1000,0,0,1000,0,1000,52,64,52,64,44,53,22323,82,0,0,291,1,22032,81,52,64,52,64,44,53,22323,82,0,0,291,1,22032,81,52,64,52,64,44,53,22323,82,0,0,291,1,22032,81,52,64,52,64,44,53,22323,82,0,0,291,1,22032,81,52,64,52,64,44,53,22323,82,0,0,291,1,22032,81,52,64,52,64,44,53,22323,82,0,0,291,1,22032,81
259,0,1000,0,0,1000,0,1000,52,64,52,64,45,54,0,0,0,0,0,0,0,0,52,64,52,64,45,54,0,0,0,0,0,0,0,0,52,64,52,64,45,54,0,0,0,0,0,0,0,0,52,64,52,64,45,54,0,0,0,0,0,0,0,0,52,64,52,64,45,54,0,0,0,0,0,0,0,0,52,64,52,64,45,54,0,0,0,0,0,0,0,0
260,0,1000,0,0,1000,0,1000,52,64,52,64,45,54,0,0,0,0,0,0,0,0,52,64,52,64,45,54,0,0,0,0,0,0,0,0,52,64,52,64,45,54,0,0,0,0,0,0,0,0,52,64,52,64,45,54,0,0,0,0,0,0,0,0,52,64,52,64,45,54,0,0,0,0,0,0,0,0,52,64,52,64,45,54,0,0,0,0,0,0,0,0
261,0,1000,0,0,1000,0,1000,52,64,52,64,45,54,21216,7,21216,7,0,0,0,0,52,64,52,64,45,54,21216,7,21216,7,0,0,0,0,52,64,52,64,45,54,21216,7,21216,7,0,0,0,0,52,64,52,64,45,54,21216,7,21216,7,0,0,0,0,52,64,52,64,45,54,21216,7,21216,7,0,0,0,0,52,64,52,64,45,54,21216,7,21216,7,0,0,0,0
262,0,1000,0,0,1000,0,1000,53,65,53,65,45,54,26675,98,0,0,291,1,26384,97,53,65,53,65,45,54,26675,98,0,0,291,1,26384,97,53,65,53,65,45,54,26675,98,0,0,291,1,26384,97,53,65,53,65,45,54,26675,98,0,0,291,1,26384,97,53,65,53,65,45,54,26675,98,0,0,291,1,26384,97,53,65,53,65,45,54,26675,98,0,0,291,1,26384,97
263,0,1000,0,0,1000,0,1000,53,65,53,65,46,55,0,0,0,0,0,0,0,0,53,65,53,65,46,55,0,0,0,0,0,0,0,0,53,65,53,65,46,55,0,0,0,0,0,0,0,0,53,65,53,65,46,55,0,0,0,0,0,0,0,0,53,65,53,65,46,55,0,0,0,0,0,0,0,0,53,65,53,65,46,55,0,0,0,0,0,0,0,0
264,0,1000,0,0,1000,0,1000,53,65,53,65,46,55,0,0,0,0,0,0,0,0,53,65,53,65,46,55,0,0,0,0,0,0,0,0,53,65,53,65,46,55,0,0,0,0,0,0,0,0,53,65,53,65,46,55,0,0,0,0,0,0,0,0,53,65,53,65,46,55,0,0,0,0,0,0,0,0,53,65,53,65,46,55,0,0,0,0,0,0,0,0
265,0,1000,0,0,1000,0,1000,53,65,53,65,46,55,14172,4,14172,4,0,0,0,0,53,65,53,65,46,55,14172,4,14172,4,0,0,0,0,53,65,53,65,46,55,14172,4,14172,4,0,0,0,0,53,65,53,65,46,55,14172,4,14172,4,0,0,0,0,53,65,53,65,46,55,14172,4,14172,4,0,0,0,0,53,65,53,65,46,55,14172,4,14172,4,0,0,0,0
266,0,1000,0,0,1000,0,1000,54,66,54,66,46,55,24499,90,0,0,291,1,24208,89,54,66,54,66,46,55,24499,90,0,0,291,1,24208,89,54,66,54,66,46,55,24499,90,0,0,291,1,24208,89,54,66,54,66,46,55,24499,90,0,0,291,1,24208,89,54,66,54,66,46,55,24499,90,0,0,291,1,24208,89,54,66,54,66,46,55,24499,90,0,0,291,1,24208,89
267,0,1000,0,0,1000,0,1000,54,66,54,66,47,56,0,0,0,0,0,0,0,0,54,66,54,66,47,56,0,0,0,0,0,0,0,0,54,66,54,66,47,56,0,0,0,0,0,0,0,0,54,66,54,66,47,56,0,0,0,0,0,0,0,0,54,66,54,66,47,56,0,0,0,0,0,0,0,0,54,66,54,66,47,56,0,0,0,0,0,0,0,0
268,0,1000,0,0,1000,0,1000,54,66,54,66,47,56,0,0,0,0,0,0,0,0,54,66,54,66,47,56,0,0,0,0,0,0,0,0,54,66,54,66,47,56,0,0,0,0,0,0,0,0,54,66,54,66,47,56,0,0,0,0,0,0,0,0,54,66,54,66,47,56,0,0,0,0,0,0,0,0,54,66,54,66,47,56,0,0,0,0,0,0,0,0
269,0,1000,0,0,1000,0,1000,54,66,54,66,47,56,19722,6,19722,6,0,0,0,0,54,66,54,66,47,56,19722,6,19722,6,0,0,0,0,54,66,54,66,47,56,19722,6,19722,6,0,0,0,0,54,66,54,66,47,56,19722,6,19722,6,0,0,0,0,54,66,54,66,47,56,19722,6,19722,6,0,0,0,0,54,66,54,66,47,56,19722,6,19722,6,0,0,0,0
270,0,1000,0,0,1000,0,1000,55,67,55,67,47,56,32115,118,0,0,291,1,31824,117,55,67,55,67,47,56,32115,118,0,0,291,1,31824,117,55,67,55,67,47,56,32115,118,0,0,291,1,31824,117,55,67,55,67,47,56,32115,118,0,0,291,1,31824,117,55,67,55,67,47,56,32115,118,0,0,291,1,31824,117,55,67,55,67,47,56,32115,118,0,0,291,1,31824,117
271,0,1000,0,0,1000,0,1000,55,67,55,67,48,57,0,0,0,0,0,0,0,0,55,67,55,67,48,57,0,0,0,0,0,0,0,0,55,67,55,67,48,57,0,0,0,0,0,0,0,0,55,67,55,67,48,57,0,0,0,0,0,0,0,0,55,67,55,67,48,57,0,0,0,0,0,0,0,0,55,67,55,67,48,57,0,0,0,0,0,0,0,0
272,0,1000,0,0,1000,0,1000,55,67,55,67,48,57,0,0,0,0,0,0,0,0,55,67,55,67,48,57,0,0,0,0,0,0,0,0,55,67,55,67,48,57,0,0,0,0,0,0,0,0,55,67,55,67,48,57,0,0,0,0,0,0,0,0,55,67,55,67,48,57,0,0,0,0,0,0,0,0,55,67,55,67,48,57,0,0,0,0,0,0,0,0
273,0,1000,0,0,1000,0,1000,55,67,55,67,48,57,16731,4,16731,4,0,0,0,0,55,67,55,67,48,57,16731,4,16731,4,0,0,0,0,55,67,55,67,48,57,16731,4,16731,4,0,0,0,0,55,67,55,67,48,57,16731,4,16731,4,0,0,0,0,55,67,55,67,48,57,16731,4,16731,4,0,0,0,0,55,67,55,67,48,57,16731,4,16731,4,0,0,0,0
274,0,1000,0,0,1000,0,1000,56,68,56,68,48,57,30211,111,0,0,291,1,29920,110,56,68,56,68,48,57,30211,111,0,0,291,1,29920,110,56,68,56,68,48,57,30211,111,0,0,291,1,29920,110,56,68,56,68,48,57,30211,111,0,0,291,1,29920,110,56,68,56,68,48,57,30211,111,0,0,291,1,29920,110,56,68,56,68,48,57,30211,111,0,0,291,1,29920,110
275,0,1000,0,0,1000,0,1000,56,68,56,68,49,58,0,0,0,0,0,0,0,0,56,68,56,68,49,58,0,0,0,0,0,0,0,0,56,68,56,68,49,58,0,0,0,0,0,0,0,0,56,68,56,68,49,58,0,0,0,0,0,0,0,0,56,68,56,68,49,58,0,0,0,0,0,0,0,0,56,68,56,68,49,58,0,0,0,0,0,0,0,0
276,0,1000,0,0,1000,0,1000,56,68,56,68,49,58,0,0,0,0,0,0,0,0,56,68,56,68,49,58,0,0,0,0,0,0,0,0,56,68,56,68,49,58,0,0,0,0,0,0,0,0,56,68,56,68,49,58,0,0,0,0,0,0,0,0,56,68,56,68,49,58,0,0,0,0,0,0,0,0,56,68,56,68,49,58,0,0,0,0,0,0,0,0
277,0,1000,0,0,1000,0,1000,56,68,56,68,49,58,23752,6,23752,6,0,0,0,0,56,68,56,68,49,58,23752,6,23752,6,0,0,0,0,56,68,56,68,49,58,23752,6,23752,6,0,0,0,0,56,68,56,68,49,58,23752,6,23752,6,0,0,0,0,56,68,56,68,49,58,23752,6,23752,6,0,0,0,0,56,68,56,68,49,58,23752,6,23752,6,0,0,0,0
278,0,1000,0,0,1000,0,1000,57,69,57,69,49,58,26131,96,0,0,291,1,25840,95,57,69,57,69,49,58,26131,96,0,0,291,1,25840,95,57,69,57,69,49,58,26131,96,0,0,291,1,25840,95,57,69,57,69,49,58,26131,96,0,0,291,1,25840,95,57,69,57,69,49,58,26131,96,0,0,291,1,25840,95,57,69,57,69,49,58,26131,96,0,0,291,1,25840,95
279,0,1000,0,0,1000,0,1000,57,69,57,69,49,58,0,0,0,0,0,0,0,0,57,69,57,69,49,58,0,0,0,0,0,0,0,0,57,69,57,69,49,58,0,0,0,0,0,0,0,0,57,69,57,69,49,58,0,0,0,0,0,0,0,0,57,69,57,69,49,58,0,0,0,0,0,0,0,0,57,69,57,69,49,58,0,0,0,0,0,0,0,0
280,0,1000,0,0,1000,0,1000,57,69,57,69,49,58,0,0,0,0,0,0,0,0,57,69,57,69,49,58,0,0,0,0,0,0,0,0,57,69,57,69,49,58,0,0,0,0,0,0,0,0,57,69,57,69,49,58,0,0,0,0,0,0,0,0,57,69,57,69,49,58,0,0,0,0,0,0,0,0,57,69,57,69,49,58,0,0,0,0,0,0,0,0
281,0,1000,0,0,1000,0,1000,57,69,57,69,49,58,34789,10,34789,10,0,0,0,0,57,69,57,69,49,58,34789,10,34789,10,0,0,0,0,57,69,57,69,49,58,34789,10,34789,10,0,0,0,0,57,69,57,69,49,58,34789,10,34789,10,0,0,0,0,57,69,57,69,49,58,34789,10,34789,10,0,0,0,0,57,69,57,69,49,58,34789,10,34789,10,0,0,0,0
282,0,1000,0,0,1000,0,1000,58,70,58,70,49,58,23955,88,0,0,291,1,23664,87,58,70,58,70,49,58,23955,88,0,0,291,1,23664,87,58,70,58,70,49,58,23955,88,0,0,291,1,23664,87,58,70,58,70,49,58,23955,88,0,0,291,1,23664,87,58,70,58,70,49,58,23955,88,0,0,291,1,23664,87,58,70,58,70,49,58,23955,88,0,0,291,1,23664,87
283,0,1000,0,0,1000,0,1000,58,70,58,70,50,60,0,0,0,0,0,0,0,0,58,70,58,70,50,60,0,0,0,0,0,0,0,0,58,70,58,70,50,60,0,0,0,0,0,0,0,0,58,70,58,70,50,60,0,0,0,0,0,0,0,0,58,70,58,70,50,60,0,0,0,0,0,0,0,0,58,70,58,70,50,60,0,0,0,0,0,0,0,0
284,0,1000,0,0,1000,0,1000,58,70,58,70,50,60,0,0,0,0,0,0,0,0,58,70,58,70,50,60,0,0,0,0,0,0,0,0,58,70,58,70,50,60,0,0,0,0,0,0,0,0,58,70,58,70,50,60,0,0,0,0,0,0,0,0,58,70,58,70,50,60,0,0,0,0,0,0,0,0,58,70,58,70,50,60,0,0,0,0,0,0,0,0
285,0,1000,0,0,1000,0,1000,58,70,58,70,50,60,19338,6,19338,6,0,0,0,0,58,70,58,70,50,60,19338,6,19338,6,0,0,0,0,58,70,58,70,50,60,19338,6,19338,6,0,0,0,0,58,70,58,70,50,60,19338,6,19338,6,0,0,0,0,58,70,58,70,50,60,19338,6,19338,6,0,0,0,0,58,70,58,70,50,60,19338,6,19338,6,0,0,0,0
286,0,1000,0,0,1000,0,1000,59,71,59,71,50,60,33203,122,0,0,291,1,32912,121,59,71,59,71,50,60,33203,122,0,0,291,1,32912,121,59,71,59,71,50,60,33203,122,0,0,291,1,32912,121,59,71,59,71,50,60,33203,122,0,0,291,1,32912,121,59,71,59,71,50,60,33203,122,0,0,291,1,32912,121,59,71,59,71,50,60,33203,122,0,0,291,1,32912,121
287,0,1000,0,0,1000,0,1000,59,71,59,71,50,60,0,0,0,0,0,0,0,0,59,71,59,71,50,60,0,0,0,0,0,0,0,0,59,71,59,71,50,60,0,0,0,0,0,0,0,0,59,71,59,71,50,60,0,0,0,0,0,0,0,0,59,71,59,71,50,60,0,0,0,0,0,0,0,0,59,71,59,71,50,60,0,0,0,0,0,0,0,0
288,0,1000,0,0,1000,0,1000,59,71,59,71,50,60,0,0,0,0,0,0,0,0,59,71,59,71,50,60,0,0,0,0,0,0,0,0,59,71,59,71,50,60,0,0,0,0,0,0,0,0,59,71,59,71,50,60,0,0,0,0,0,0,0,0,59,71,59,71,50,60,0,0,0,0,0,0,0,0,59,71,59,71,50,60,0,0,0,0,0,0,0,0
289,0,1000,0,0,1000,0,1000,59,71,59,71,50,60,47420,11,47420,11,0,0,0,0,59,71,59,71,50,60,47420,11,47420,11,0,0,0,0,59,71,59,71,50,60,47420,11,47420,11,0,0,0,0,59,71,59,71,50,60,47420,11,47420,11,0,0,0,0,59,71,59,71,50,60,47420,11,47420,11,0,0,0,0,59,71,59,71,50,60,47420,11,47420,11,0,0,0,0
290,0,1000,0,0,1000,0,1000,60,72,60,72,50,60,27491,101,0,0,291,1,27200,100,60,72,60,72,50,60,27491,101,0,0,291,1,27200,100,60,72,60,72,50,60,27491,101,0,0,291,1,27200,100,60,72,60,72,50,60,27491,101,0,0,291,1,27200,100,60,72,60,72,50,60,27491,101,0,0,291,1,27200,100,60,72,60,72,50,60,27491,101,0,0,291,1,27200,100
291,0,1000,0,0,1000,0,1000,60,72,60,72,50,60,0,0,0,0,0,0,0,0,60,72,60,72,50,60,0,0,0,0,0,0,0,0,60,72,60,72,50,60,0,0,0,0,0,0,0,0,60,72,60,72,50,60,0,0,0,0,0,0,0,0,60,72,60,72,50,60,0,0,0,0,0,0,0,0,60,72,60,72,50,60,0,0,0,0,0,0,0,0
292,0,1000,0,0,1000,0,1000,60,72,60,72,50,60,0,0,0,0,0,0,0,0,60,72,60,72,50,60,0,0,0,0,0,0,0,0,60,72,60,72,50,60,0,0,0,0,0,0,0,0,60,72,60,72,50,60,0,0,0,0,0,0,0,0,60,72,60,72,50,60,0,0,0,0,0,0,0,0,60,72,60,72,50,60,0,0,0,0,0,0,0,0
293,0,1000,0,0,1000,0,1000,60,72,60,72,50,60,18195,5,18195,5,0,0,0,0,60,72,60,72,50,60,18195,5,18195,5,0,0,0,0,60,72,60,72,50,60,18195,5,18195,5,0,0,0,0,60,72,60,72,50,60,18195,5,18195,5,0,0,0,0,60,72,60,72,50,60,18195,5,18195,5,0,0,0,0,60,72,60,72,50,60,18195,5,18195,5,0,0,0,0
294,0,1000,0,0,1000,0,1000,61,73,61,73,50,60,30755,113,0,0,291,1,30464,112,61,73,61,73,50,60,30755,113,0,0,291,1,30464,112,61,73,61,73,50,60,30755,113,0,0,291,1,30464,112,61,73,61,73,50,60,30755,113,0,0,291,1,30464,112,61,73,61,73,50,60,30755,113,0,0,291,1,30464,112,61,73,61,73,50,60,30755,113,0,0,291,1,30464,112
295,0,1000,0,0,1000,0,1000,61,73,61,73,51,63,0,0,0,0,0,0,0,0,61,73,61,73,51,63,0,0,0,0,0,0,0,0,61,73,61,73,51,63,0,0,0,0,0,0,0,0,61,73,61,73,51,63,0,0,0,0,0,0,0,0,61,73,61,73,51,63,0,0,0,0,0,0,0,0,61,73,61,73,51,63,0,0,0,0,0,0,0,0
296,0,1000,0,0,1000,0,1000,61,73,61,73,51,63,0,0,0,0,0,0,0,0,61,73,61,73,51,63,0,0,0,0,0,0,0,0,61,73,61,73,51,63,0,0,0,0,0,0,0,0,61,73,61,73,51,63,0,0,0,0,0,0,0,0,61,73,61,73,51,63,0,0,0,0,0,0,0,0,61,73,61,73,51,63,0,0,0,0,0,0,0,0
297,0,1000,0,0,1000,0,1000,61,73,61,73,51,63,32184,8,32184,8,0,0,0,0,61,73,61,73,51,63,32184,8,32184,8,0,0,0,0,61,73,61,73,51,63,32184,8,32184,8,0,0,0,0,61,73,61,73,51,63,32184,8,32184,8,0,0,0,0,61,73,61,73,51,63,32184,8,32184,8,0,0,0,0,61,73,61,73,51,63,32184,8,32184,8,0,0,0,0
298,0,1000,0,0,1000,0,1000,62,74,62,74,51,63,24771,91,0,0,291,1,24480,90,62,74,62,74,51,63,24771,91,0,0,291,1,24480,90,62,74,62,74,51,63,24771,91,0,0,291,1,24480,90,62,74,62,74,51,63,24771,91,0,0,291,1,24480,90,62,74,62,74,51,63,24771,91,0,0,291,1,24480,90,62,74,62,74,51,63,24771,91,0,0,291,1,24480,90
299,0,1000,0,0,1000,0,1000,62,74,62,74,52,64,0,0,0,0,0,0,0,0,62,74,62,74,52,64,0,0,0,0,0,0,0,0,62,74,62,74,52,64,0,0,0,0,0,0,0,0,62,74,62,74,52,64,0,0,0,0,0,0,0,0,62,74,62,74,52,64,0,0,0,0,0,0,0,0,62,74,62,74,52,64,0,0,0,0,0,0,0,0
300,0,1000,0,0,1000,0,1000,62,74,62,74,52,64,0,0,0,0,0,0,0,0,62,74,62,74,52,64,0,0,0,0,0,0,0,0,62,74,62,74,52,64,0,0,0,0,0,0,0,0,62,74,62,74,52,64,0,0,0,0,0,0,0,0,62,74,62,74,52,64,0,0,0,0,0,0,0,0,62,74,62,74,52,64,0,0,0,0,0,0,0,0
301,0,1000,0,0,1000,0,1000,62,74,62,74,52,64,19914,6,19914,6,0,0,0,0,62,74,62,74,52,64,19914,6,19914,6,0,0,0,0,62,74,62,74,52,64,19914,6,19914,6,0,0,0,0,62,74,62,74,52,64,19914,6,19914,6,0,0,0,0,62,74,62,74,52,64,19914,6,19914,6,0,0,0,0,62,74,62,74,52,64,19914,6,19914,6,0,0,0,0
302,0,1000,0,0,1000,0,1000,63,75,63,75,52,64,30211,111,0,0,291,1,29920,110,63,75,63,75,52,64,30211,111,0,0,291,1,29920,110,63,75,63,75,52,64,30211,111,0,0,291,1,29920,110,63,75,63,75,52,64,30211,111,0,0,291,1,29920,110,63,75,63,75,52,64,30211,111,0,0,291,1,29920,110,63,75,63,75,52,64,30211,111,0,0,291,1,29920,110
303,0,1000,0,0,1000,0,1000,63,75,63,75,53,65,0,0,0,0,0,0,0,0,63,75,63,75,53,65,0,0,0,0,0,0,0,0,63,75,63,75,53,65,0,0,0,0,0,0,0,0,63,75,63,75,53,65,0,0,0,0,0,0,0,0,63,75,63,75,53,65,0,0,0,0,0,0,0,0,63,75,63,75,53,65,0,0,0,0,0,0,0,0

digraph G {
  rankdir=BT;
  style=filled;
  color=lightgrey;
  node [shape=box,style=filled,color=white];
  b_HCo9qklVRLf [label="H(Co9qklVRLf)\nt=55 id=854"];
  b_HByQ6cUdt9c [label="H(ByQ6cUdt9c)\nt=39 id=165"];
  b_HR38GpC2TGf [label="H(R38GpC2TGf)\nt=10 id=913"];
  b_HX2p26Ws4c5 [label="H(X2p26Ws4c5)\nt=11 id=774"];
  b_HNUhTQ1dAv6 [label="H(NUhTQ1dAv6)\nt=37 id=179"];
  b_HsjdPuF1up [label="H(sjd/PuF1up)\nt=32 id=130"];
  b_H87Oj3K81bW [label="H(87Oj3K81bW)\nt=29 id=111"];
  b_HLa6otQ8MVa [label="H(La6otQ8MVa)\nt=69 id=635"];
  b_HDEdhx454PZ [label="H(DEdhx454PZ)\nt=63 id=259"];
  b_HAViSkVOjOt [label="H(AViSkVOjOt)\nt=43 id=439"];
  b_HjIpLSoCO [label="H(jIpLS/o+CO)\nt=5 id=155"];
  b_HqpEMVILKoU [label="H(qpEMVILKoU)\nt=3 id=584"];
  b_HtKJDJiPQLg [label="H(tKJDJiPQLg)\nt=1 id=395"];
  b_HSi4UAwpd82 [label="H(Si4UAwpd82)\nt=71 id=949"];
  b_HcBcEeUM2o [label="H(cBc/EeUM2o)\nt=56 id=778"];
  b_H8WZaHb1lS [label="H(8WZaHb1+lS)\nt=70 id=408"];
  b_HZyqotcAo5S [label="H(ZyqotcAo5S)\nt=52 id=639"];
  b_H8d1IyCc5Rc [label="H(8d1IyCc5Rc)\nt=30 id=776"];
  b_HvowHdFviMx [label="H(vowHdFviMx)\nt=17 id=47"];
  b_Hog5tJ1NnqF [label="H(og5tJ1NnqF)\nt=38 id=747"];
  b_HGQkcQhzv [label="H(GQkcQ+hzv+)\nt=13 id=961"];
  b_HYWpqNCdDoe [label="H(YWpqNCdDoe)\nt=24 id=964"];
  b_HPYs1q7Kble [label="H(PYs1q7Kble)\nt=35 id=117"];
  b_H1j9ZBRglD [label="H(1j9ZBRgl/D)\nt=45 id=443"];
  b_HlPpH6L8b3 [label="H(/lPpH6L8b3)\nt=46 id=535"];
  b_HTV2cvHJYBx [label="H(TV2cvHJYBx)\nt=65 id=523"];
  b_HUPB0YMXgRr [label="H(UPB0YMXgRr)\nt=40 id=308"];
  b_HoYOIM6xuDd [label="H(oYOIM6xuDd)\nt=7 id=66"];
  b_HIn629pOfa [label="H(In629p/Ofa)\nt=50 id=385"];
  b_HUi2ksuXKn1 [label="H(Ui2ksuXKn1)\nt=12 id=788"];
  b_HE0RyMAiah [label="H(E0RyMAi+ah)\nt=60 id=674"];
  b_HgSr8eUvmLh [label="H(gSr8eUvmLh)\nt=8 id=338"];
  b_HciYkleIcQs [label="H(ciYkleIcQs)\nt=75 id=953"];
  b_Hv2L3Kuy22 [label="H(v+2L3Kuy22)\nt=67 id=681"];
  b_HRRtnI4QDV [label="H(RRtnI4+QDV)\nt=53 id=331"];
  b_HxGqYjoqWhA [label="H(xGqYjoqWhA)\nt=16 id=881"];
  b_H63vfygISF [label="H(63+vfygISF)\nt=18 id=129"];
  b_HpqwW7BXVwz [label="H(pqwW7BXVwz)\n"];
  b_H4cjDknIV09 [label="H(4cjDknIV09)\nt=58 id=343"];
  b_HFK2IrFi37c [label="H(FK2IrFi37c)\nt=44 id=291"];
  b_HR4RL2zRQF [label="H(/R4RL2zRQF)\nt=51 id=129"];
  b_HEH7dg63tIJ [label="H(EH7dg63tIJ)\nt=28 id=566"];
  b_Hon4Kmg3IIh [label="H(on4Kmg3IIh)\nt=6 id=60"];
  b_H5CpQ4HhMUf [label="H(5CpQ4HhMUf)\nt=73 id=310"];
  b_HgXDHO67fGm [label="H(gXDHO67fGm)\nt=68 id=798"];
  b_H1xUmLxDhVI [label="H(1xUmLxDhVI)\nt=15 id=834"];
  b_HGwSEN3Oewz [label="H(GwSEN3Oewz)\nt=9 id=753"];
  b_HC9MI3FYwSl [label="H(C9MI3FYwSl)\nt=14 id=472"];
  b_HIOcBlFeg9H [label="H(IOcBlFeg9H)\nt=21 id=152"];
  b_Hzu1G8V9CND [label="H(zu1G8V9CND)\nt=27 id=565"];
  b_HPk8dx5XsE [label="H(Pk8d/x5XsE)\nt=42 id=188"];
  b_HGTv8LoWVEy [label="H(GTv8LoWVEy)\nt=36 id=458"];
  b_HMgYZiDRmk2 [label="H(MgYZiDRmk2)\nt=57 id=48"];
  b_H4MVegCySpt [label="H(4MVegCySpt)\nt=66 id=929"];
  b_Hcu2TBhJ3xN [label="H(cu2TBhJ3xN)\nt=54 id=349"];
  b_H0nfwdej9a [label="H(0nfwde+j9a)\nt=74 id=244"];
  b_HnNOMRczbN [label="H(nN+OMRczbN)\nt=47 id=776"];
  b_Hv7ZxhOFQSm [label="H(v7ZxhOFQSm)\nt=64 id=610"];
  b_HccVvpuUuQO [label="H(ccVvpuUuQO)\nt=33 id=210"];
  b_HkHIFBuGTCd [label="H(kHIFBuGTCd)\nt=4 id=2"];
  b_HHW4QB3N1cY [label="H(HW4QB3N1cY)\nt=41 id=933"];
  b_HdW6rl0iSoq [label="H(dW6rl0iSoq)\nt=72 id=229"];
  b_HlRZtFiTCmC [label="H(lRZtFiTCmC)\nt=34 id=969"];
  b_Hr8iaxkxjn [label="H(r+8iaxkxjn)\nt=2 id=531"];
  b_HCo9qklVRLf -> b_Hcu2TBhJ3xN;
  b_HByQ6cUdt9c -> b_Hog5tJ1NnqF;
  b_HR38GpC2TGf -> b_HGwSEN3Oewz;
  b_HX2p26Ws4c5 -> b_HR38GpC2TGf;
  b_HNUhTQ1dAv6 -> b_HGTv8LoWVEy;
  b_HsjdPuF1up -> b_H8d1IyCc5Rc;
  b_H87Oj3K81bW -> b_HEH7dg63tIJ;
  b_HLa6otQ8MVa -> b_HgXDHO67fGm;
  b_HDEdhx454PZ -> b_HE0RyMAiah;
  b_HAViSkVOjOt -> b_HPk8dx5XsE;
  b_HjIpLSoCO -> b_HkHIFBuGTCd;
  b_HqpEMVILKoU -> b_Hr8iaxkxjn;
  b_HtKJDJiPQLg -> b_HpqwW7BXVwz;
  b_HSi4UAwpd82 -> b_H8WZaHb1lS;
  b_HcBcEeUM2o -> b_HCo9qklVRLf;
  b_H8WZaHb1lS -> b_HLa6otQ8MVa;
  b_HZyqotcAo5S -> b_HR4RL2zRQF;
  b_H8d1IyCc5Rc -> b_H87Oj3K81bW;
  b_HvowHdFviMx -> b_HxGqYjoqWhA;
  b_Hog5tJ1NnqF -> b_HNUhTQ1dAv6;
  b_HGQkcQhzv -> b_HUi2ksuXKn1;
  b_HYWpqNCdDoe -> b_HIOcBlFeg9H;
  b_HPYs1q7Kble -> b_HlRZtFiTCmC;
  b_H1j9ZBRglD -> b_HFK2IrFi37c;
  b_HlPpH6L8b3 -> b_H1j9ZBRglD;
  b_HTV2cvHJYBx -> b_Hv7ZxhOFQSm;
  b_HUPB0YMXgRr -> b_HByQ6cUdt9c;
  b_HoYOIM6xuDd -> b_Hon4Kmg3IIh;
  b_HIn629pOfa -> b_HnNOMRczbN;
  b_HUi2ksuXKn1 -> b_HX2p26Ws4c5;
  b_HE0RyMAiah -> b_H4cjDknIV09;
  b_HgSr8eUvmLh -> b_HoYOIM6xuDd;
  b_HciYkleIcQs -> b_H0nfwdej9a;
  b_Hv2L3Kuy22 -> b_H4MVegCySpt;
  b_HRRtnI4QDV -> b_HZyqotcAo5S;
  b_HxGqYjoqWhA -> b_H1xUmLxDhVI;
  b_H63vfygISF -> b_HvowHdFviMx;
  b_H4cjDknIV09 -> b_HMgYZiDRmk2;
  b_HFK2IrFi37c -> b_HAViSkVOjOt;
  b_HR4RL2zRQF -> b_HIn629pOfa;
  b_HEH7dg63tIJ -> b_Hzu1G8V9CND;
  b_Hon4Kmg3IIh -> b_HjIpLSoCO;
  b_H5CpQ4HhMUf -> b_HdW6rl0iSoq;
  b_HgXDHO67fGm -> b_Hv2L3Kuy22;
  b_H1xUmLxDhVI -> b_HC9MI3FYwSl;
  b_HGwSEN3Oewz -> b_HgSr8eUvmLh;
  b_HC9MI3FYwSl -> b_HGQkcQhzv;
  b_HIOcBlFeg9H -> b_H63vfygISF;
  b_Hzu1G8V9CND -> b_HYWpqNCdDoe;
  b_HPk8dx5XsE -> b_HHW4QB3N1cY;
  b_HGTv8LoWVEy -> b_HPYs1q7Kble;
  b_HMgYZiDRmk2 -> b_HcBcEeUM2o;
  b_H4MVegCySpt -> b_HTV2cvHJYBx;
  b_Hcu2TBhJ3xN -> b_HRRtnI4QDV;
  b_H0nfwdej9a -> b_H5CpQ4HhMUf;
  b_HnNOMRczbN -> b_HlPpH6L8b3;
  b_Hv7ZxhOFQSm -> b_HDEdhx454PZ;
  b_HccVvpuUuQO -> b_HsjdPuF1up;
  b_HkHIFBuGTCd -> b_HqpEMVILKoU;
  b_HHW4QB3N1cY -> b_HUPB0YMXgRr;
  b_HdW6rl0iSoq -> b_HSi4UAwpd82;
  b_HlRZtFiTCmC -> b_HccVvpuUuQO;
  b_Hr8iaxkxjn -> b_HtKJDJiPQLg;
  v_HGzuDeache [label="id=299 t=75"];
  v_HGzuDeache -> b_HciYkleIcQs;
  v_H2LgkDTDZJv [label="id=845 t=75"];
  v_H2LgkDTDZJv -> b_HciYkleIcQs;
  v_HvfS65kmcXl [label="id=795 t=75"];
  v_HvfS65kmcXl -> b_HciYkleIcQs;
  v_Hft8HPdHNsw [label="id=965 t=75"];
  v_Hft8HPdHNsw -> b_HciYkleIcQs;
  v_Hfw6e4DwjRJ [label="id=216 t=75"];
  v_Hfw6e4DwjRJ -> b_HciYkleIcQs;
  v_HnTAkSZjOoZ [label="id=300 t=75"];
  v_HnTAkSZjOoZ -> b_HciYkleIcQs;
  v_H8PnlCg3aW7 [label="id=320 t=75"];
  v_H8PnlCg3aW7 -> b_HciYkleIcQs;
  v_HKNhbLkmnC2 [label="id=146 t=75"];
  v_HKNhbLkmnC2 -> b_HciYkleIcQs;
  v_HTfccBkTt2 [label="id=617 t=75"];
  v_HTfccBkTt2 -> b_HciYkleIcQs;
  v_HR4B2f5lrIs [label="id=227 t=75"];
  v_HR4B2f5lrIs -> b_HciYkleIcQs;
  v_HB6ZR2fGS7Q [label="id=591 t=75"];
  v_HB6ZR2fGS7Q -> b_HciYkleIcQs;
  v_HKYOSq56fQq [label="id=425 t=75"];
  v_HKYOSq56fQq -> b_HciYkleIcQs;
  v_HczanFsGId [label="id=603 t=75"];
  v_HczanFsGId -> b_HciYkleIcQs;
  v_HDQDYykJwjF [label="id=556 t=75"];
  v_HDQDYykJwjF -> b_HciYkleIcQs;
  v_HNpwa3Vu5l [label="id=797 t=75"];
  v_HNpwa3Vu5l -> b_HciYkleIcQs;
  v_Hw6LRkg2FH [label="id=967 t=75"];
  v_Hw6LRkg2FH -> b_HciYkleIcQs;
  v_HVDIlfQuNpx [label="id=437 t=75"];
  v_HVDIlfQuNpx -> b_HciYkleIcQs;
  v_Hhj6p8gc3ny [label="id=130 t=75"];
  v_Hhj6p8gc3ny -> b_HciYkleIcQs;
  v_HrcsLkUBLta [label="id=920 t=75"];
  v_HrcsLkUBLta -> b_HciYkleIcQs;
  v_H90Gzdr4rcl [label="id=219 t=75"];
  v_H90Gzdr4rcl -> b_HciYkleIcQs;
  v_He2ylOUjcWm [label="id=642 t=75"];
  v_He2ylOUjcWm -> b_HciYkleIcQs;
  v_HuMfw9eOKdf [label="id=420 t=75"];
  v_HuMfw9eOKdf -> b_HciYkleIcQs;
  v_HDtKQ7DQsEZ [label="id=343 t=75"];
  v_HDtKQ7DQsEZ -> b_HciYkleIcQs;
  v_HY4U82OFDQJ [label="id=622 t=75"];
  v_HY4U82OFDQJ -> b_HciYkleIcQs;
  v_HGGNYek [label="id=260 t=75"];
  v_HGGNYek -> b_HciYkleIcQs;
  v_Hl5mntLBo6S [label="id=999 t=75"];
  v_Hl5mntLBo6S -> b_HciYkleIcQs;
  v_HLiwyPb4UO [label="id=129 t=75"];
  v_HLiwyPb4UO -> b_HciYkleIcQs;
  v_HfHL76L3OIQ [label="id=170 t=75"];
  v_HfHL76L3OIQ -> b_HciYkleIcQs;
  v_HbMZlPy76b3 [label="id=740 t=75"];
  v_HbMZlPy76b3 -> b_HciYkleIcQs;
  v_HSOJOPGGPQ [label="id=915 t=75"];
  v_HSOJOPGGPQ -> b_HciYkleIcQs;
  v_HvffdKrJF0d [label="id=958 t=75"];
  v_HvffdKrJF0d -> b_HciYkleIcQs;
  v_H8L2ro6uOPU [label="id=869 t=75"];
  v_H8L2ro6uOPU -> b_HciYkleIcQs;
  v_HMnEXRzgIXW [label="id=411 t=75"];
  v_HMnEXRzgIXW -> b_HciYkleIcQs;
  v_Hwuh9F0fWRI [label="id=800 t=75"];
  v_Hwuh9F0fWRI -> b_HciYkleIcQs;
  v_H0d220l8pY4 [label="id=553 t=75"];
  v_H0d220l8pY4 -> b_HciYkleIcQs;
  v_HCRjt49rwmT [label="id=944 t=75"];
  v_HCRjt49rwmT -> b_HciYkleIcQs;
  v_HyImzZTVexo [label="id=374 t=75"];
  v_HyImzZTVexo -> b_HciYkleIcQs;
  v_HbI4yWmnFIS [label="id=308 t=75"];
  v_HbI4yWmnFIS -> b_HciYkleIcQs;
  v_HoKwMOsUzCV [label="id=930 t=75"];
  v_HoKwMOsUzCV -> b_HciYkleIcQs;
  v_H19uje88oIx [label="id=811 t=75"];
  v_H19uje88oIx -> b_HciYkleIcQs;
  v_HgnMB3QanKh [label="id=672 t=75"];
  v_HgnMB3QanKh -> b_HciYkleIcQs;
  v_HGDK9TNHNc [label="id=654 t=75"];
  v_HGDK9TNHNc -> b_HciYkleIcQs;
  v_H27ZVhdbU5a [label="id=629 t=75"];
  v_H27ZVhdbU5a -> b_HciYkleIcQs;
  v_H7DiH5msIvT [label="id=327 t=75"];
  v_H7DiH5msIvT -> b_HciYkleIcQs;
  v_H2DFchtwkD8 [label="id=199 t=75"];
  v_H2DFchtwkD8 -> b_HciYkleIcQs;
  v_HMbcBNOak5 [label="id=717 t=75"];
  v_HMbcBNOak5 -> b_HciYkleIcQs;
  v_HPttFPUgWEl [label="id=432 t=75"];
  v_HPttFPUgWEl -> b_HciYkleIcQs;
  v_Hy19tZoIMg [label="id=115 t=75"];
  v_Hy19tZoIMg -> b_HciYkleIcQs;
  v_Hv8J0ciVjSA [label="id=63 t=75"];
  v_Hv8J0ciVjSA -> b_HciYkleIcQs;
  v_HFPTINBgveH [label="id=212 t=75"];
  v_HFPTINBgveH -> b_HciYkleIcQs;
  v_HQ2OsfxZ2I [label="id=153 t=75"];
  v_HQ2OsfxZ2I -> b_HciYkleIcQs;
  v_Hkulvxr5oT [label="id=690 t=75"];
  v_Hkulvxr5oT -> b_HciYkleIcQs;
  v_HsTqtTW3FHN [label="id=848 t=75"];
  v_HsTqtTW3FHN -> b_HciYkleIcQs;
  v_Heu3KlfAPW [label="id=60 t=75"];
  v_Heu3KlfAPW -> b_HciYkleIcQs;
  v_H8EJdvNGcl [label="id=950 t=75"];
  v_H8EJdvNGcl -> b_HciYkleIcQs;
  v_HTVgSEWoVVV [label="id=214 t=75"];
  v_HTVgSEWoVVV -> b_HciYkleIcQs;
  v_Hq7SZadOFT [label="id=698 t=75"];
  v_Hq7SZadOFT -> b_HciYkleIcQs;
  v_HEsmWF4AZHH [label="id=249 t=75"];
  v_HEsmWF4AZHH -> b_HciYkleIcQs;
  v_HNbCyC6i5mL [label="id=331 t=75"];
  v_HNbCyC6i5mL -> b_HciYkleIcQs;
  v_HHfwnar9o1e [label="id=705 t=75"];
  v_HHfwnar9o1e -> b_HciYkleIcQs;
  v_HMN8qc7vetc [label="id=495 t=75"];
  v_HMN8qc7vetc -> b_HciYkleIcQs;
  v_HrkvAxkCn7 [label="id=162 t=75"];
  v_HrkvAxkCn7 -> b_HciYkleIcQs;
  v_HJLoLR3lun [label="id=973 t=75"];
  v_HJLoLR3lun -> b_HciYkleIcQs;
  v_HyhD3Kq76Vx [label="id=86 t=75"];
  v_HyhD3Kq76Vx -> b_HciYkleIcQs;
  v_HFSekxeBgI3 [label="id=278 t=75"];
  v_HFSekxeBgI3 -> b_HciYkleIcQs;
  v_HbHxtUZeN3r [label="id=258 t=75"];
  v_HbHxtUZeN3r -> b_HciYkleIcQs;
  v_Hskq6KjeXrA [label="id=408 t=75"];
  v_Hskq6KjeXrA -> b_HciYkleIcQs;
  v_HPt4qaQbzSC [label="id=264 t=75"];
  v_HPt4qaQbzSC -> b_HciYkleIcQs;
  v_HNXZTHMcQK7 [label="id=131 t=75"];
  v_HNXZTHMcQK7 -> b_HciYkleIcQs;
  v_HIW6LyQsjy [label="id=165 t=75"];
  v_HIW6LyQsjy -> b_HciYkleIcQs;
  v_Hl9rY8UEorJ [label="id=371 t=75"];
  v_Hl9rY8UEorJ -> b_HciYkleIcQs;
  v_HVXTkUTrXVu [label="id=394 t=75"];
  v_HVXTkUTrXVu -> b_HciYkleIcQs;
  v_H5d4Waz7djS [label="id=349 t=75"];
  v_H5d4Waz7djS -> b_HciYkleIcQs;
  v_Hbyj9Qs1DE [label="id=639 t=75"];
  v_Hbyj9Qs1DE -> b_HciYkleIcQs;
  v_HJ1WGkkWeg [label="id=975 t=75"];
  v_HJ1WGkkWeg -> b_HciYkleIcQs;
  v_H03dXctnHI6 [label="id=355 t=75"];
  v_H03dXctnHI6 -> b_HciYkleIcQs;
  v_HTk36vDoPYx [label="id=742 t=75"];
  v_HTk36vDoPYx -> b_HciYkleIcQs;
  v_HQEKK7rWFu9 [label="id=179 t=75"];
  v_HQEKK7rWFu9 -> b_HciYkleIcQs;
  v_HOWgFgzYBIK [label="id=231 t=75"];
  v_HOWgFgzYBIK -> b_HciYkleIcQs;
  v_H2KbNY2k2ZC [label="id=182 t=75"];
  v_H2KbNY2k2ZC -> b_HciYkleIcQs;
  v_Hal2mYVyMz0 [label="id=545 t=75"];
  v_Hal2mYVyMz0 -> b_HciYkleIcQs;
  v_HTzCcb3ZbH [label="id=487 t=75"];
  v_HTzCcb3ZbH -> b_HciYkleIcQs;
  v_HiXQUGYY9Z [label="id=677 t=75"];
  v_HiXQUGYY9Z -> b_HciYkleIcQs;
  v_HwNvYOxGNIG [label="id=367 t=75"];
  v_HwNvYOxGNIG -> b_HciYkleIcQs;
  v_HwOQFzwnVp [label="id=140 t=75"];
  v_HwOQFzwnVp -> b_HciYkleIcQs;
  v_HSbFN9iDiur [label="id=882 t=75"];
  v_HSbFN9iDiur -> b_HciYkleIcQs;
  v_HIvzuWB0KC [label="id=859 t=75"];
  v_HIvzuWB0KC -> b_HciYkleIcQs;
  v_HTFueyx18o [label="id=831 t=75"];
  v_HTFueyx18o -> b_HciYkleIcQs;
  v_HIbXnoaij0j [label="id=861 t=75"];
  v_HIbXnoaij0j -> b_HciYkleIcQs;
  v_HkUXjsJECJ3 [label="id=474 t=75"];
  v_HkUXjsJECJ3 -> b_HciYkleIcQs;
  v_HOOcJAM33zq [label="id=593 t=75"];
  v_HOOcJAM33zq -> b_HciYkleIcQs;
  v_HkCpehrKAUZ [label="id=244 t=75"];
  v_HkCpehrKAUZ -> b_HciYkleIcQs;
  v_HBrtPU7YEdv [label="id=583 t=75"];
  v_HBrtPU7YEdv -> b_HciYkleIcQs;
  v_H6MCwOdmFSv [label="id=323 t=75"];
  v_H6MCwOdmFSv -> b_HciYkleIcQs;
  v_HFUO8FZp6Ij [label="id=512 t=75"];
  v_HFUO8FZp6Ij -> b_HciYkleIcQs;
  v_HOF1kex4t9m [label="id=730 t=75"];
  v_HOF1kex4t9m -> b_HciYkleIcQs;
  v_HfhH3aFI6kG [label="id=368 t=75"];
  v_HfhH3aFI6kG -> b_HciYkleIcQs;
  v_HBkuG4aYNc1 [label="id=464 t=75"];
  v_HBkuG4aYNc1 -> b_HciYkleIcQs;
  v_HUZ0ZlDKJwN [label="id=243 t=75"];
  v_HUZ0ZlDKJwN -> b_HciYkleIcQs;
  v_Hp0hWVmu55 [label="id=49 t=75"];
  v_Hp0hWVmu55 -> b_HciYkleIcQs;
  v_HPXsotDM7T [label="id=581 t=75"];
  v_HPXsotDM7T -> b_HciYkleIcQs;
  v_HhVmWxBHPg [label="id=615 t=75"];
  v_HhVmWxBHPg -> b_HciYkleIcQs;
  v_HJEBAlHWtK [label="id=877 t=75"];
  v_HJEBAlHWtK -> b_HciYkleIcQs;
  v_HcLBuoiysK [label="id=516 t=75"];
  v_HcLBuoiysK -> b_HciYkleIcQs;
  v_HsZhm6PEA5 [label="id=963 t=75"];
  v_HsZhm6PEA5 -> b_HciYkleIcQs;
  v_HgHxM1shWCO [label="id=20 t=75"];
  v_HgHxM1shWCO -> b_HciYkleIcQs;
  v_H70JzEQLig [label="id=157 t=75"];
  v_H70JzEQLig -> b_HciYkleIcQs;
  v_HgYBq0gQDlp [label="id=289 t=75"];
  v_HgYBq0gQDlp -> b_HciYkleIcQs;
  v_Hb6uXAAboK [label="id=657 t=75"];
  v_Hb6uXAAboK -> b_HciYkleIcQs;
  v_HvcJZHTPhE [label="id=689 t=75"];
  v_HvcJZHTPhE -> b_HciYkleIcQs;
}


ALWAYS AWAKE final ledgers: 63 75 63 75 53 65
ALWAYS AWAKE total communication: 2426536 5072
ALWAYS AWAKE blocks communication: 18318 63
ALWAYS AWAKE votes communication: 1267792 4661
ALWAYS AWAKE proposals communication: 1140426 348
