r,n_asleep,n_awake,n_honest_asleep,n_honest_dreamy,n_honest_awake,n_adversary,n_all,party0_ledger_best_length,party0_ledger_best_age,party0_ledger_fast_length,party0_ledger_fast_age,party0_ledger_slow_length,party0_ledger_slow_age,party0_comms_all_size,party0_comms_all_count,party0_comms_proposal_size,party0_comms_proposal_count,party0_comms_piece_block_size,party0_comms_piece_block_count,party0_comms_piece_vote_size,party0_comms_piece_vote_count,party1_ledger_best_length,party1_ledger_best_age,party1_ledger_fast_length,party1_ledger_fast_age,party1_ledger_slow_length,party1_ledger_slow_age,party1_comms_all_size,party1_comms_all_count,party1_comms_proposal_size,party1_comms_proposal_count,party1_comms_piece_block_size,party1_comms_piece_block_count,party1_comms_piece_vote_size,party1_comms_piece_vote_count,party2_ledger_best_length,party2_ledger_best_age,party2_ledger_fast_length,party2_ledger_fast_age,party2_ledger_slow_length,party2_ledger_slow_age,party2_comms_all_size,party2_comms_all_count,party2_comms_proposal_size,party2_comms_proposal_count,party2_comms_piece_block_size,party2_comms_piece_block_count,party2_comms_piece_vote_size,party2_comms_piece_vote_count,party3_ledger_best_length,party3_ledger_best_age,party3_ledger_fast_length,party3_ledger_fast_age,party3_ledger_slow_length,party3_ledger_slow_age,party3_comms_all_size,party3_comms_all_count,party3_comms_proposal_size,party3_comms_proposal_count,party3_comms_piece_block_size,party3_comms_piece_block_count,party3_comms_piece_vote_size,party3_comms_piece_vote_count,party4_ledger_best_length,party4_ledger_best_age,party4_ledger_fast_length,party4_ledger_fast_age,party4_ledger_slow_length,party4_ledger_slow_age,party4_comms_all_size,party4_comms_all_count,party4_comms_proposal_size,party4_comms_proposal_count,party4_comms_piece_block_size,party4_comms_piece_block_count,party4_comms_piece_vote_size,party4_comms_piece_vote_count,partyALWAYSAWAKE_ledger_best_length,partyALWAYSAWAKE_ledger_best_age,partyALWAYSAWAKE_ledger_fast_length,partyALWAYSAWAKE_ledger_fast_age,partyALWAYSAWAKE_ledger_slow_length,partyALWAYSAWAKE_ledger_slow_age,partyALWAYSAWAKE_comms_all_size,partyALWAYSAWAKE_comms_all_count,partyALWAYSAWAKE_comms_proposal_size,partyALWAYSAWAKE_comms_proposal_count,partyALWAYSAWAKE_comms_piece_block_size,partyALWAYSAWAKE_comms_piece_block_count,partyALWAYSAWAKE_comms_piece_vote_size,partyALWAYSAWAKE_comms_piece_vote_count
4,0,1000,0,0,1000,0,1000,0,0,0,0,0,0,0,0,0,0,0,0,0,0,0,0,0,0,0,0,0,0,0,0,0,0,0,0,0,0,0,0,0,0,0,0,0,0,0,0,0,0,0,0,0,0,0,0,0,0,0,0,0,0,0,0,0,0,0,0,0,0,0,0,0,0,0,0,0,0,0,0,0,0,0,0,0,0,0,0,0,0,0,0
5,0,1000,0,0,1000,0,1000,0,0,0,0,0,0,160874,2,160874,2,0,0,0,0,0,0,0,0,0,0,160874,2,160874,2,0,0,0,0,0,0,0,0,0,0,160874,2,160874,2,0,0,0,0,0,0,0,0,0,0,160874,2,160874,2,0,0,0,0,0,0,0,0,0,0,160874,2,160874,2,0,0,0,0,0,0,0,0,0,0,160874,2,160874,2,0,0,0,0
6,0,1000,0,0,1000,0,1000,1,1,1,1,0,0,106402,97,0,0,80290,1,26112,96,1,1,1,1,0,0,106402,97,0,0,80290,1,26112,96,1,1,1,1,0,0,106402,97,0,0,80290,1,26112,96,1,1,1,1,0,0,106402,97,0,0,80290,1,26112,96,1,1,1,1,0,0,106402,97,0,0,80290,1,26112,96,1,1,1,1,0,0,106402,97,0,0,80290,1,26112,96
7,0,1000,0,0,1000,0,1000,1,1,1,1,0,0,0,0,0,0,0,0,0,0,1,1,1,1,0,0,0,0,0,0,0,0,0,0,1,1,1,1,0,0,0,0,0,0,0,0,0,0,1,1,1,1,0,0,0,0,0,0,0,0,0,0,1,1,1,1,0,0,0,0,0,0,0,0,0,0,1,1,1,1,0,0,0,0,0,0,0,0,0,0
8,0,1000,0,0,1000,0,1000,1,1,1,1,0,0,0,0,0,0,0,0,0,0,1,1,1,1,0,0,0,0,0,0,0,0,0,0,1,1,1,1,0,0,0,0,0,0,0,0,0,0,1,1,1,1,0,0,0,0,0,0,0,0,0,0,1,1,1,1,0,0,0,0,0,0,0,0,0,0,1,1,1,1,0,0,0,0,0,0,0,0,0,0
9,0,1000,0,0,1000,0,1000,1,1,1,1,0,0,83508,1,83508,1,0,0,0,0,1,1,1,1,0,0,83508,1,83508,1,0,0,0,0,1,1,1,1,0,0,83508,1,83508,1,0,0,0,0,1,1,1,1,0,0,83508,1,83508,1,0,0,0,0,1,1,1,1,0,0,83508,1,83508,1,0,0,0,0,1,1,1,1,0,0,83508,1,83508,1,0,0,0,0
10,0,1000,0,0,1000,0,1000,2,2,2,2,0,0,105040,92,0,0,80288,1,24752,91,2,2,2,2,0,0,105040,92,0,0,80288,1,24752,91,2,2,2,2,0,0,105040,92,0,0,80288,1,24752,91,2,2,2,2,0,0,105040,92,0,0,80288,1,24752,91,2,2,2,2,0,0,105040,92,0,0,80288,1,24752,91,2,2,2,2,0,0,105040,92,0,0,80288,1,24752,91
11,0,1000,0,0,1000,0,1000,2,2,2,2,0,0,0,0,0,0,0,0,0,0,2,2,2,2,0,0,0,0,0,0,0,0,0,0,2,2,2,2,0,0,0,0,0,0,0,0,0,0,2,2,2,2,0,0,0,0,0,0,0,0,0,0,2,2,2,2,0,0,0,0,0,0,0,0,0,0,2,2,2,2,0,0,0,0,0,0,0,0,0,0
12,0,1000,0,0,1000,0,1000,2,2,2,2,0,0,0,0,0,0,0,0,0,0,2,2,2,2,0,0,0,0,0,0,0,0,0,0,2,2,2,2,0,0,0,0,0,0,0,0,0,0,2,2,2,2,0,0,0,0,0,0,0,0,0,0,2,2,2,2,0,0,0,0,0,0,0,0,0,0,2,2,2,2,0,0,0,0,0,0,0,0,0,0
13,0,1000,0,0,1000,0,1000,2,2,2,2,0,0,83350,1,83350,1,0,0,0,0,2,2,2,2,0,0,83350,1,83350,1,0,0,0,0,2,2,2,2,0,0,83350,1,83350,1,0,0,0,0,2,2,2,2,0,0,83350,1,83350,1,0,0,0,0,2,2,2,2,0,0,83350,1,83350,1,0,0,0,0,2,2,2,2,0,0,83350,1,83350,1,0,0,0,0
14,0,1000,0,0,1000,0,1000,3,3,3,3,0,0,104770,91,0,0,80290,1,24480,90,3,3,3,3,0,0,104770,91,0,0,80290,1,24480,90,3,3,3,3,0,0,104770,91,0,0,80290,1,24480,90,3,3,3,3,0,0,104770,91,0,0,80290,1,24480,90,3,3,3,3,0,0,104770,91,0,0,80290,1,24480,90,3,3,3,3,0,0,104770,91,0,0,80290,1,24480,90
15,0,1000,0,0,1000,0,1000,3,3,3,3,0,0,0,0,0,0,0,0,0,0,3,3,3,3,0,0,0,0,0,0,0,0,0,0,3,3,3,3,0,0,0,0,0,0,0,0,0,0,3,3,3,3,0,0,0,0,0,0,0,0,0,0,3,3,3,3,0,0,0,0,0,0,0,0,0,0,3,3,3,3,0,0,0,0,0,0,0,0,0,0
16,0,1000,0,0,1000,0,1000,3,3,3,3,0,0,0,0,0,0,0,0,0,0,3,3,3,3,0,0,0,0,0,0,0,0,0,0,3,3,3,3,0,0,0,0,0,0,0,0,0,0,3,3,3,3,0,0,0,0,0,0,0,0,0,0,3,3,3,3,0,0,0,0,0,0,0,0,0,0,3,3,3,3,0,0,0,0,0,0,0,0,0,0
17,0,1000,0,0,1000,0,1000,3,3,3,3,0,0,166635,2,166635,2,0,0,0,0,3,3,3,3,0,0,166635,2,166635,2,0,0,0,0,3,3,3,3,0,0,166635,2,166635,2,0,0,0,0,3,3,3,3,0,0,166635,2,166635,2,0,0,0,0,3,3,3,3,0,0,166635,2,166635,2,0,0,0,0,3,3,3,3,0,0,166635,2,166635,2,0,0,0,0
18,0,1000,0,0,1000,0,1000,4,4,4,4,0,0,103410,86,0,0,80290,1,23120,85,4,4,4,4,0,0,103410,86,0,0,80290,1,23120,85,4,4,4,4,0,0,103410,86,0,0,80290,1,23120,85,4,4,4,4,0,0,103410,86,0,0,80290,1,23120,85,4,4,4,4,0,0,103410,86,0,0,80290,1,23120,85,4,4,4,4,0,0,103410,86,0,0,80290,1,23120,85
19,0,1000,0,0,1000,0,1000,4,4,4,4,0,0,0,0,0,0,0,0,0,0,4,4,4,4,0,0,0,0,0,0,0,0,0,0,4,4,4,4,0,0,0,0,0,0,0,0,0,0,4,4,4,4,0,0,0,0,0,0,0,0,0,0,4,4,4,4,0,0,0,0,0,0,0,0,0,0,4,4,4,4,0,0,0,0,0,0,0,0,0,0
20,0,1000,0,0,1000,0,1000,4,4,4,4,0,0,0,0,0,0,0,0,0,0,4,4,4,4,0,0,0,0,0,0,0,0,0,0,4,4,4,4,0,0,0,0,0,0,0,0,0,0,4,4,4,4,0,0,0,0,0,0,0,0,0,0,4,4,4,4,0,0,0,0,0,0,0,0,0,0,4,4,4,4,0,0,0,0,0,0,0,0,0,0
21,0,1000,0,0,1000,0,1000,4,4,4,4,0,0,83158,1,83158,1,0,0,0,0,4,4,4,4,0,0,83158,1,83158,1,0,0,0,0,4,4,4,4,0,0,83158,1,83158,1,0,0,0,0,4,4,4,4,0,0,83158,1,83158,1,0,0,0,0,4,4,4,4,0,0,83158,1,83158,1,0,0,0,0,4,4,4,4,0,0,83158,1,83158,1,0,0,0,0
22,0,1000,0,0,1000,0,1000,5,5,5,5,0,0,108578,105,0,0,80290,1,28288,104,5,5,5,5,0,0,108578,105,0,0,80290,1,28288,104,5,5,5,5,0,0,108578,105,0,0,80290,1,28288,104,5,5,5,5,0,0,108578,105,0,0,80290,1,28288,104,5,5,5,5,0,0,108578,105,0,0,80290,1,28288,104,5,5,5,5,0,0,108578,105,0,0,80290,1,28288,104
23,0,1000,0,0,1000,0,1000,5,5,5,5,0,0,0,0,0,0,0,0,0,0,5,5,5,5,0,0,0,0,0,0,0,0,0,0,5,5,5,5,0,0,0,0,0,0,0,0,0,0,5,5,5,5,0,0,0,0,0,0,0,0,0,0,5,5,5,5,0,0,0,0,0,0,0,0,0,0,5,5,5,5,0,0,0,0,0,0,0,0,0,0
24,0,1000,0,0,1000,0,1000,5,5,5,5,0,0,0,0,0,0,0,0,0,0,5,5,5,5,0,0,0,0,0,0,0,0,0,0,5,5,5,5,0,0,0,0,0,0,0,0,0,0,5,5,5,5,0,0,0,0,0,0,0,0,0,0,5,5,5,5,0,0,0,0,0,0,0,0,0,0,5,5,5,5,0,0,0,0,0,0,0,0,0,0
25,0,1000,0,0,1000,0,1000,5,5,5,5,0,0,0,0,0,0,0,0,0,0,5,5,5,5,0,0,0,0,0,0,0,0,0,0,5,5,5,5,0,0,0,0,0,0,0,0,0,0,5,5,5,5,0,0,0,0,0,0,0,0,0,0,5,5,5,5,0,0,0,0,0,0,0,0,0,0,5,5,5,5,0,0,0,0,0,0,0,0,0,0
26,0,1000,0,0,1000,0,1000,5,5,5,5,0,0,23392,86,0,0,0,0,23392,86,5,5,5,5,0,0,23392,86,0,0,0,0,23392,86,5,5,5,5,0,0,23392,86,0,0,0,0,23392,86,5,5,5,5,0,0,23392,86,0,0,0,0,23392,86,5,5,5,5,0,0,23392,86,0,0,0,0,23392,86,5,5,5,5,0,0,23392,86,0,0,0,0,23392,86
27,0,1000,0,0,1000,0,1000,5,5,5,5,0,0,0,0,0,0,0,0,0,0,5,5,5,5,0,0,0,0,0,0,0,0,0,0,5,5,5,5,0,0,0,0,0,0,0,0,0,0,5,5,5,5,0,0,0,0,0,0,0,0,0,0,5,5,5,5,0,0,0,0,0,0,0,0,0,0,5,5,5,5,0,0,0,0,0,0,0,0,0,0
28,0,1000,0,0,1000,0,1000,5,5,5,5,0,0,0,0,0,0,0,0,0,0,5,5,5,5,0,0,0,0,0,0,0,0,0,0,5,5,5,5,0,0,0,0,0,0,0,0,0,0,5,5,5,5,0,0,0,0,0,0,0,0,0,0,5,5,5,5,0,0,0,0,0,0,0,0,0,0,5,5,5,5,0,0,0,0,0,0,0,0,0,0
29,0,1000,0,0,1000,0,1000,5,5,5,5,0,0,0,0,0,0,0,0,0,0,5,5,5,5,0,0,0,0,0,0,0,0,0,0,5,5,5,5,0,0,0,0,0,0,0,0,0,0,5,5,5,5,0,0,0,0,0,0,0,0,0,0,5,5,5,5,0,0,0,0,0,0,0,0,0,0,5,5,5,5,0,0,0,0,0,0,0,0,0,0
30,0,1000,0,0,1000,0,1000,5,5,5,5,0,0,22032,81,0,0,0,0,22032,81,5,5,5,5,0,0,22032,81,0,0,0,0,22032,81,5,5,5,5,0,0,22032,81,0,0,0,0,22032,81,5,5,5,5,0,0,22032,81,0,0,0,0,22032,81,5,5,5,5,0,0,22032,81,0,0,0,0,22032,81,5,5,5,5,0,0,22032,81,0,0,0,0,22032,81
31,0,1000,0,0,1000,0,1000,5,5,5,5,0,0,0,0,0,0,0,0,0,0,5,5,5,5,0,0,0,0,0,0,0,0,0,0,5,5,5,5,0,0,0,0,0,0,0,0,0,0,5,5,5,5,0,0,0,0,0,0,0,0,0,0,5,5,5,5,0,0,0,0,0,0,0,0,0,0,5,5,5,5,0,0,0,0,0,0,0,0,0,0
32,0,1000,0,0,1000,0,1000,5,5,5,5,0,0,0,0,0,0,0,0,0,0,5,5,5,5,0,0,0,0,0,0,0,0,0,0,5,5,5,5,0,0,0,0,0,0,0,0,0,0,5,5,5,5,0,0,0,0,0,0,0,0,0,0,5,5,5,5,0,0,0,0,0,0,0,0,0,0,5,5,5,5,0,0,0,0,0,0,0,0,0,0
33,0,1000,0,0,1000,0,1000,5,5,5,5,0,0,83030,1,83030,1,0,0,0,0,5,5,5,5,0,0,83030,1,83030,1,0,0,0,0,5,5,5,5,0,0,83030,1,83030,1,0,0,0,0,5,5,5,5,0,0,83030,1,83030,1,0,0,0,0,5,5,5,5,0,0,83030,1,83030,1,0,0,0,0,5,5,5,5,0,0,83030,1,83030,1,0,0,0,0
34,0,1000,0,0,1000,0,1000,6,8,6,8,0,0,107762,102,0,0,80290,1,27472,101,6,8,6,8,0,0,107762,102,0,0,80290,1,27472,101,6,8,6,8,0,0,107762,102,0,0,80290,1,27472,101,6,8,6,8,0,0,107762,102,0,0,80290,1,27472,101,6,8,6,8,0,0,107762,102,0,0,80290,1,27472,101,6,8,6,8,0,0,107762,102,0,0,80290,1,27472,101
35,0,1000,0,0,1000,0,1000,6,8,6,8,0,0,0,0,0,0,0,0,0,0,6,8,6,8,0,0,0,0,0,0,0,0,0,0,6,8,6,8,0,0,0,0,0,0,0,0,0,0,6,8,6,8,0,0,0,0,0,0,0,0,0,0,6,8,6,8,0,0,0,0,0,0,0,0,0,0,6,8,6,8,0,0,0,0,0,0,0,0,0,0
36,0,1000,0,0,1000,0,1000,6,8,6,8,0,0,0,0,0,0,0,0,0,0,6,8,6,8,0,0,0,0,0,0,0,0,0,0,6,8,6,8,0,0,0,0,0,0,0,0,0,0,6,8,6,8,0,0,0,0,0,0,0,0,0,0,6,8,6,8,0,0,0,0,0,0,0,0,0,0,6,8,6,8,0,0,0,0,0,0,0,0,0,0
37,0,1000,0,0,1000,0,1000,6,8,6,8,0,0,0,0,0,0,0,0,0,0,6,8,6,8,0,0,0,0,0,0,0,0,0,0,6,8,6,8,0,0,0,0,0,0,0,0,0,0,6,8,6,8,0,0,0,0,0,0,0,0,0,0,6,8,6,8,0,0,0,0,0,0,0,0,0,0,6,8,6,8,0,0,0,0,0,0,0,0,0,0
38,0,1000,0,0,1000,0,1000,6,8,6,8,0,0,28016,103,0,0,0,0,28016,103,6,8,6,8,0,0,28016,103,0,0,0,0,28016,103,6,8,6,8,0,0,28016,103,0,0,0,0,28016,103,6,8,6,8,0,0,28016,103,0,0,0,0,28016,103,6,8,6,8,0,0,28016,103,0,0,0,0,28016,103,6,8,6,8,0,0,28016,103,0,0,0,0,28016,103
39,0,1000,0,0,1000,0,1000,6,8,6,8,0,0,0,0,0,0,0,0,0,0,6,8,6,8,0,0,0,0,0,0,0,0,0,0,6,8,6,8,0,0,0,0,0,0,0,0,0,0,6,8,6,8,0,0,0,0,0,0,0,0,0,0,6,8,6,8,0,0,0,0,0,0,0,0,0,0,6,8,6,8,0,0,0,0,0,0,0,0,0,0
40,0,1000,0,0,1000,0,1000,6,8,6,8,0,0,0,0,0,0,0,0,0,0,6,8,6,8,0,0,0,0,0,0,0,0,0,0,6,8,6,8,0,0,0,0,0,0,0,0,0,0,6,8,6,8,0,0,0,0,0,0,0,0,0,0,6,8,6,8,0,0,0,0,0,0,0,0,0,0,6,8,6,8,0,0,0,0,0,0,0,0,0,0
41,0,1000,0,0,1000,0,1000,6,8,6,8,0,0,167470,2,167470,2,0,0,0,0,6,8,6,8,0,0,167470,2,167470,2,0,0,0,0,6,8,6,8,0,0,167470,2,167470,2,0,0,0,0,6,8,6,8,0,0,167470,2,167470,2,0,0,0,0,6,8,6,8,0,0,167470,2,167470,2,0,0,0,0,6,8,6,8,0,0,167470,2,167470,2,0,0,0,0
42,0,1000,0,0,1000,0,1000,7,10,7,10,0,0,110755,113,0,0,80291,1,30464,112,7,10,7,10,0,0,110755,113,0,0,80291,1,30464,112,7,10,7,10,0,0,110755,113,0,0,80291,1,30464,112,7,10,7,10,0,0,110755,113,0,0,80291,1,30464,112,7,10,7,10,0,0,110755,113,0,0,80291,1,30464,112,7,10,7,10,0,0,110755,113,0,0,80291,1,30464,112
43,0,1000,0,0,1000,0,1000,7,10,7,10,0,0,0,0,0,0,0,0,0,0,7,10,7,10,0,0,0,0,0,0,0,0,0,0,7,10,7,10,0,0,0,0,0,0,0,0,0,0,7,10,7,10,0,0,0,0,0,0,0,0,0,0,7,10,7,10,0,0,0,0,0,0,0,0,0,0,7,10,7,10,0,0,0,0,0,0,0,0,0,0
44,0,1000,0,0,1000,0,1000,7,10,7,10,0,0,0,0,0,0,0,0,0,0,7,10,7,10,0,0,0,0,0,0,0,0,0,0,7,10,7,10,0,0,0,0,0,0,0,0,0,0,7,10,7,10,0,0,0,0,0,0,0,0,0,0,7,10,7,10,0,0,0,0,0,0,0,0,0,0,7,10,7,10,0,0,0,0,0,0,0,0,0,0
45,0,1000,0,0,1000,0,1000,7,10,7,10,0,0,84023,1,84023,1,0,0,0,0,7,10,7,10,0,0,84023,1,84023,1,0,0,0,0,7,10,7,10,0,0,84023,1,84023,1,0,0,0,0,7,10,7,10,0,0,84023,1,84023,1,0,0,0,0,7,10,7,10,0,0,84023,1,84023,1,0,0,0,0,7,10,7,10,0,0,84023,1,84023,1,0,0,0,0
46,0,1000,0,0,1000,0,1000,8,11,8,11,0,0,106403,97,0,0,80291,1,26112,96,8,11,8,11,0,0,106403,97,0,0,80291,1,26112,96,8,11,8,11,0,0,106403,97,0,0,80291,1,26112,96,8,11,8,11,0,0,106403,97,0,0,80291,1,26112,96,8,11,8,11,0,0,106403,97,0,0,80291,1,26112,96,8,11,8,11,0,0,106403,97,0,0,80291,1,26112,96
47,0,1000,0,0,1000,0,1000,8,11,8,11,1,1,0,0,0,0,0,0,0,0,8,11,8,11,1,1,0,0,0,0,0,0,0,0,8,11,8,11,1,1,0,0,0,0,0,0,0,0,8,11,8,11,1,1,0,0,0,0,0,0,0,0,8,11,8,11,1,1,0,0,0,0,0,0,0,0,8,11,8,11,1,1,0,0,0,0,0,0,0,0
48,0,1000,0,0,1000,0,1000,8,11,8,11,1,1,0,0,0,0,0,0,0,0,8,11,8,11,1,1,0,0,0,0,0,0,0,0,8,11,8,11,1,1,0,0,0,0,0,0,0,0,8,11,8,11,1,1,0,0,0,0,0,0,0,0,8,11,8,11,1,1,0,0,0,0,0,0,0,0,8,11,8,11,1,1,0,0,0,0,0,0,0,0
49,0,1000,0,0,1000,0,1000,8,11,8,11,1,1,0,0,0,0,0,0,0,0,8,11,8,11,1,1,0,0,0,0,0,0,0,0,8,11,8,11,1,1,0,0,0,0,0,0,0,0,8,11,8,11,1,1,0,0,0,0,0,0,0,0,8,11,8,11,1,1,0,0,0,0,0,0,0,0,8,11,8,11,1,1,0,0,0,0,0,0,0,0
50,0,1000,0,0,1000,0,1000,8,11,8,11,1,1,23120,85,0,0,0,0,23120,85,8,11,8,11,1,1,23120,85,0,0,0,0,23120,85,8,11,8,11,1,1,23120,85,0,0,0,0,23120,85,8,11,8,11,1,1,23120,85,0,0,0,0,23120,85,8,11,8,11,1,1,23120,85,0,0,0,0,23120,85,8,11,8,11,1,1,23120,85,0,0,0,0,23120,85
51,0,1000,0,0,1000,0,1000,8,11,8,11,2,2,0,0,0,0,0,0,0,0,8,11,8,11,2,2,0,0,0,0,0,0,0,0,8,11,8,11,2,2,0,0,0,0,0,0,0,0,8,11,8,11,2,2,0,0,0,0,0,0,0,0,8,11,8,11,2,2,0,0,0,0,0,0,0,0,8,11,8,11,2,2,0,0,0,0,0,0,0,0
52,0,1000,0,0,1000,0,1000,8,11,8,11,2,2,0,0,0,0,0,0,0,0,8,11,8,11,2,2,0,0,0,0,0,0,0,0,8,11,8,11,2,2,0,0,0,0,0,0,0,0,8,11,8,11,2,2,0,0,0,0,0,0,0,0,8,11,8,11,2,2,0,0,0,0,0,0,0,0,8,11,8,11,2,2,0,0,0,0,0,0,0,0
53,0,1000,0,0,1000,0,1000,8,11,8,11,2,2,0,0,0,0,0,0,0,0,8,11,8,11,2,2,0,0,0,0,0,0,0,0,8,11,8,11,2,2,0,0,0,0,0,0,0,0,8,11,8,11,2,2,0,0,0,0,0,0,0,0,8,11,8,11,2,2,0,0,0,0,0,0,0,0,8,11,8,11,2,2,0,0,0,0,0,0,0,0
54,0,1000,0,0,1000,0,1000,8,11,8,11,2,2,29920,110,0,0,0,0,29920,110,8,11,8,11,2,2,29920,110,0,0,0,0,29920,110,8,11,8,11,2,2,29920,110,0,0,0,0,29920,110,8,11,8,11,2,2,29920,110,0,0,0,0,29920,110,8,11,8,11,2,2,29920,110,0,0,0,0,29920,110,8,11,8,11,2,2,29920,110,0,0,0,0,29920,110
55,0,1000,0,0,1000,0,1000,8,11,8,11,3,3,0,0,0,0,0,0,0,0,8,11,8,11,3,3,0,0,0,0,0,0,0,0,8,11,8,11,3,3,0,0,0,0,0,0,0,0,8,11,8,11,3,3,0,0,0,0,0,0,0,0,8,11,8,11,3,3,0,0,0,0,0,0,0,0,8,11,8,11,3,3,0,0,0,0,0,0,0,0
56,0,1000,0,0,1000,0,1000,8,11,8,11,3,3,0,0,0,0,0,0,0,0,8,11,8,11,3,3,0,0,0,0,0,0,0,0,8,11,8,11,3,3,0,0,0,0,0,0,0,0,8,11,8,11,3,3,0,0,0,0,0,0,0,0,8,11,8,11,3,3,0,0,0,0,0,0,0,0,8,11,8,11,3,3,0,0,0,0,0,0,0,0
57,0,1000,0,0,1000,0,1000,8,11,8,11,3,3,251876,3,251876,3,0,0,0,0,8,11,8,11,3,3,251876,3,251876,3,0,0,0,0,8,11,8,11,3,3,251876,3,251876,3,0,0,0,0,8,11,8,11,3,3,251876,3,251876,3,0,0,0,0,8,11,8,11,3,3,251876,3,251876,3,0,0,0,0,8,11,8,11,3,3,251876,3,251876,3,0,0,0,0
58,0,1000,0,0,1000,0,1000,9,14,9,14,3,3,114019,125,0,0,80291,1,33728,124,9,14,9,14,3,3,114019,125,0,0,80291,1,33728,124,9,14,9,14,3,3,114019,125,0,0,80291,1,33728,124,9,14,9,14,3,3,114019,125,0,0,80291,1,33728,124,9,14,9,14,3,3,114019,125,0,0,80291,1,33728,124,9,14,9,14,3,3,114019,125,0,0,80291,1,33728,124
59,0,1000,0,0,1000,0,1000,9,14,9,14,4,4,0,0,0,0,0,0,0,0,9,14,9,14,4,4,0,0,0,0,0,0,0,0,9,14,9,14,4,4,0,0,0,0,0,0,0,0,9,14,9,14,4,4,0,0,0,0,0,0,0,0,9,14,9,14,4,4,0,0,0,0,0,0,0,0,9,14,9,14,4,4,0,0,0,0,0,0,0,0
60,0,1000,0,0,1000,0,1000,9,14,9,14,4,4,0,0,0,0,0,0,0,0,9,14,9,14,4,4,0,0,0,0,0,0,0,0,9,14,9,14,4,4,0,0,0,0,0,0,0,0,9,14,9,14,4,4,0,0,0,0,0,0,0,0,9,14,9,14,4,4,0,0,0,0,0,0,0,0,9,14,9,14,4,4,0,0,0,0,0,0,0,0
61,0,1000,0,0,1000,0,1000,9,14,9,14,4,4,0,0,0,0,0,0,0,0,9,14,9,14,4,4,0,0,0,0,0,0,0,0,9,14,9,14,4,4,0,0,0,0,0,0,0,0,9,14,9,14,4,4,0,0,0,0,0,0,0,0,9,14,9,14,4,4,0,0,0,0,0,0,0,0,9,14,9,14,4,4,0,0,0,0,0,0,0,0
62,0,1000,0,0,1000,0,1000,9,14,9,14,4,4,31280,115,0,0,0,0,31280,115,9,14,9,14,4,4,31280,115,0,0,0,0,31280,115,9,14,9,14,4,4,31280,115,0,0,0,0,31280,115,9,14,9,14,4,4,31280,115,0,0,0,0,31280,115,9,14,9,14,4,4,31280,115,0,0,0,0,31280,115,9,14,9,14,4,4,31280,115,0,0,0,0,31280,115
63,0,1000,0,0,1000,0,1000,9,14,9,14,5,5,0,0,0,0,0,0,0,0,9,14,9,14,5,5,0,0,0,0,0,0,0,0,9,14,9,14,5,5,0,0,0,0,0,0,0,0,9,14,9,14,5,5,0,0,0,0,0,0,0,0,9,14,9,14,5,5,0,0,0,0,0,0,0,0,9,14,9,14,5,5,0,0,0,0,0,0,0,0
64,0,1000,0,0,1000,0,1000,9,14,9,14,5,5,0,0,0,0,0,0,0,0,9,14,9,14,5,5,0,0,0,0,0,0,0,0,9,14,9,14,5,5,0,0,0,0,0,0,0,0,9,14,9,14,5,5,0,0,0,0,0,0,0,0,9,14,9,14,5,5,0,0,0,0,0,0,0,0,9,14,9,14,5,5,0,0,0,0,0,0,0,0
65,0,1000,0,0,1000,0,1000,9,14,9,14,5,5,168238,2,168238,2,0,0,0,0,9,14,9,14,5,5,168238,2,168238,2,0,0,0,0,9,14,9,14,5,5,168238,2,168238,2,0,0,0,0,9,14,9,14,5,5,168238,2,168238,2,0,0,0,0,9,14,9,14,5,5,168238,2,168238,2,0,0,0,0,9,14,9,14,5,5,168238,2,168238,2,0,0,0,0
66,0,1000,0,0,1000,0,1000,10,16,10,16,5,5,107763,102,0,0,80291,1,27472,101,10,16,10,16,5,5,107763,102,0,0,80291,1,27472,101,10,16,10,16,5,5,107763,102,0,0,80291,1,27472,101,10,16,10,16,5,5,107763,102,0,0,80291,1,27472,101,10,16,10,16,5,5,107763,102,0,0,80291,1,27472,101,10,16,10,16,5,5,107763,102,0,0,80291,1,27472,101
67,0,1000,0,0,1000,0,1000,10,16,10,16,5,5,0,0,0,0,0,0,0,0,10,16,10,16,5,5,0,0,0,0,0,0,0,0,10,16,10,16,5,5,0,0,0,0,0,0,0,0,10,16,10,16,5,5,0,0,0,0,0,0,0,0,10,16,10,16,5,5,0,0,0,0,0,0,0,0,10,16,10,16,5,5,0,0,0,0,0,0,0,0
68,0,1000,0,0,1000,0,1000,10,16,10,16,5,5,0,0,0,0,0,0,0,0,10,16,10,16,5,5,0,0,0,0,0,0,0,0,10,16,10,16,5,5,0,0,0,0,0,0,0,0,10,16,10,16,5,5,0,0,0,0,0,0,0,0,10,16,10,16,5,5,0,0,0,0,0,0,0,0,10,16,10,16,5,5,0,0,0,0,0,0,0,0
69,0,1000,0,0,1000,0,1000,10,16,10,16,5,5,0,0,0,0,0,0,0,0,10,16,10,16,5,5,0,0,0,0,0,0,0,0,10,16,10,16,5,5,0,0,0,0,0,0,0,0,10,16,10,16,5,5,0,0,0,0,0,0,0,0,10,16,10,16,5,5,0,0,0,0,0,0,0,0,10,16,10,16,5,5,0,0,0,0,0,0,0,0
70,0,1000,0,0,1000,0,1000,10,16,10,16,5,5,28832,106,0,0,0,0,28832,106,10,16,10,16,5,5,28832,106,0,0,0,0,28832,106,10,16,10,16,5,5,28832,106,0,0,0,0,28832,106,10,16,10,16,5,5,28832,106,0,0,0,0,28832,106,10,16,10,16,5,5,28832,106,0,0,0,0,28832,106,10,16,10,16,5,5,28832,106,0,0,0,0,28832,106
71,0,1000,0,0,1000,0,1000,10,16,10,16,5,5,0,0,0,0,0,0,0,0,10,16,10,16,5,5,0,0,0,0,0,0,0,0,10,16,10,16,5,5,0,0,0,0,0,0,0,0,10,16,10,16,5,5,0,0,0,0,0,0,0,0,10,16,10,16,5,5,0,0,0,0,0,0,0,0,10,16,10,16,5,5,0,0,0,0,0,0,0,0
72,0,1000,0,0,1000,0,1000,10,16,10,16,5,5,0,0,0,0,0,0,0,0,10,16,10,16,5,5,0,0,0,0,0,0,0,0,10,16,10,16,5,5,0,0,0,0,0,0,0,0,10,16,10,16,5,5,0,0,0,0,0,0,0,0,10,16,10,16,5,5,0,0,0,0,0,0,0,0,10,16,10,16,5,5,0,0,0,0,0,0,0,0
73,0,1000,0,0,1000,0,1000,10,16,10,16,5,5,0,0,0,0,0,0,0,0,10,16,10,16,5,5,0,0,0,0,0,0,0,0,10,16,10,16,5,5,0,0,0,0,0,0,0,0,10,16,10,16,5,5,0,0,0,0,0,0,0,0,10,16,10,16,5,5,0,0,0,0,0,0,0,0,10,16,10,16,5,5,0,0,0,0,0,0,0,0
74,0,1000,0,0,1000,0,1000,10,16,10,16,5,5,32640,120,0,0,0,0,32640,120,10,16,10,16,5,5,32640,120,0,0,0,0,32640,120,10,16,10,16,5,5,32640,120,0,0,0,0,32640,120,10,16,10,16,5,5,32640,120,0,0,0,0,32640,120,10,16,10,16,5,5,32640,120,0,0,0,0,32640,120,10,16,10,16,5,5,32640,120,0,0,0,0,32640,120
75,0,1000,0,0,1000,0,1000,10,16,10,16,6,8,0,0,0,0,0,0,0,0,10,16,10,16,6,8,0,0,0,0,0,0,0,0,10,16,10,16,6,8,0,0,0,0,0,0,0,0,10,16,10,16,6,8,0,0,0,0,0,0,0,0,10,16,10,16,6,8,0,0,0,0,0,0,0,0,10,16,10,16,6,8,0,0,0,0,0,0,0,0
76,0,1000,0,0,1000,0,1000,10,16,10,16,6,8,0,0,0,0,0,0,0,0,10,16,10,16,6,8,0,0,0,0,0,0,0,0,10,16,10,16,6,8,0,0,0,0,0,0,0,0,10,16,10,16,6,8,0,0,0,0,0,0,0,0,10,16,10,16,6,8,0,0,0,0,0,0,0,0,10,16,10,16,6,8,0,0,0,0,0,0,0,0
77,0,1000,0,0,1000,0,1000,10,16,10,16,6,8,84279,1,84279,1,0,0,0,0,10,16,10,16,6,8,84279,1,84279,1,0,0,0,0,10,16,10,16,6,8,84279,1,84279,1,0,0,0,0,10,16,10,16,6,8,84279,1,84279,1,0,0,0,0,10,16,10,16,6,8,84279,1,84279,1,0,0,0,0,10,16,10,16,6,8,84279,1,84279,1,0,0,0,0
78,0,1000,0,0,1000,0,1000,11,19,11,19,6,8,107219,100,0,0,80291,1,26928,99,11,19,11,19,6,8,107219,100,0,0,80291,1,26928,99,11,19,11,19,6,8,107219,100,0,0,80291,1,26928,99,11,19,11,19,6,8,107219,100,0,0,80291,1,26928,99,11,19,11,19,6,8,107219,100,0,0,80291,1,26928,99,11,19,11,19,6,8,107219,100,0,0,80291,1,26928,99
79,0,1000,0,0,1000,0,1000,11,19,11,19,6,8,0,0,0,0,0,0,0,0,11,19,11,19,6,8,0,0,0,0,0,0,0,0,11,19,11,19,6,8,0,0,0,0,0,0,0,0,11,19,11,19,6,8,0,0,0,0,0,0,0,0,11,19,11,19,6,8,0,0,0,0,0,0,0,0,11,19,11,19,6,8,0,0,0,0,0,0,0,0
80,0,1000,0,0,1000,0,1000,11,19,11,19,6,8,0,0,0,0,0,0,0,0,11,19,11,19,6,8,0,0,0,0,0,0,0,0,11,19,11,19,6,8,0,0,0,0,0,0,0,0,11,19,11,19,6,8,0,0,0,0,0,0,0,0,11,19,11,19,6,8,0,0,0,0,0,0,0,0,11,19,11,19,6,8,0,0,0,0,0,0,0,0
81,0,1000,0,0,1000,0,1000,11,19,11,19,6,8,83607,1,83607,1,0,0,0,0,11,19,11,19,6,8,83607,1,83607,1,0,0,0,0,11,19,11,19,6,8,83607,1,83607,1,0,0,0,0,11,19,11,19,6,8,83607,1,83607,1,0,0,0,0,11,19,11,19,6,8,83607,1,83607,1,0,0,0,0,11,19,11,19,6,8,83607,1,83607,1,0,0,0,0
82,0,1000,0,0,1000,0,1000,12,20,12,20,6,8,104499,90,0,0,80291,1,24208,89,12,20,12,20,6,8,104499,90,0,0,80291,1,24208,89,12,20,12,20,6,8,104499,90,0,0,80291,1,24208,89,12,20,12,20,6,8,104499,90,0,0,80291,1,24208,89,12,20,12,20,6,8,104499,90,0,0,80291,1,24208,89,12,20,12,20,6,8,104499,90,0,0,80291,1,24208,89
83,0,1000,0,0,1000,0,1000,12,20,12,20,7,10,0,0,0,0,0,0,0,0,12,20,12,20,7,10,0,0,0,0,0,0,0,0,12,20,12,20,7,10,0,0,0,0,0,0,0,0,12,20,12,20,7,10,0,0,0,0,0,0,0,0,12,20,12,20,7,10,0,0,0,0,0,0,0,0,12,20,12,20,7,10,0,0,0,0,0,0,0,0
84,0,1000,0,0,1000,0,1000,12,20,12,20,7,10,0,0,0,0,0,0,0,0,12,20,12,20,7,10,0,0,0,0,0,0,0,0,12,20,12,20,7,10,0,0,0,0,0,0,0,0,12,20,12,20,7,10,0,0,0,0,0,0,0,0,12,20,12,20,7,10,0,0,0,0,0,0,0,0,12,20,12,20,7,10,0,0,0,0,0,0,0,0
85,0,1000,0,0,1000,0,1000,12,20,12,20,7,10,166574,2,166574,2,0,0,0,0,12,20,12,20,7,10,166574,2,166574,2,0,0,0,0,12,20,12,20,7,10,166574,2,166574,2,0,0,0,0,12,20,12,20,7,10,166574,2,166574,2,0,0,0,0,12,20,12,20,7,10,166574,2,166574,2,0,0,0,0,12,20,12,20,7,10,166574,2,166574,2,0,0,0,0
86,0,1000,0,0,1000,0,1000,13,21,13,21,7,10,102867,84,0,0,80291,1,22576,83,13,21,13,21,7,10,102867,84,0,0,80291,1,22576,83,13,21,13,21,7,10,102867,84,0,0,80291,1,22576,83,13,21,13,21,7,10,102867,84,0,0,80291,1,22576,83,13,21,13,21,7,10,102867,84,0,0,80291,1,22576,83,13,21,13,21,7,10,102867,84,0,0,80291,1,22576,83
87,0,1000,0,0,1000,0,1000,13,21,13,21,8,11,0,0,0,0,0,0,0,0,13,21,13,21,8,11,0,0,0,0,0,0,0,0,13,21,13,21,8,11,0,0,0,0,0,0,0,0,13,21,13,21,8,11,0,0,0,0,0,0,0,0,13,21,13,21,8,11,0,0,0,0,0,0,0,0,13,21,13,21,8,11,0,0,0,0,0,0,0,0
88,0,1000,0,0,1000,0,1000,13,21,13,21,8,11,0,0,0,0,0,0,0,0,13,21,13,21,8,11,0,0,0,0,0,0,0,0,13,21,13,21,8,11,0,0,0,0,0,0,0,0,13,21,13,21,8,11,0,0,0,0,0,0,0,0,13,21,13,21,8,11,0,0,0,0,0,0,0,0,13,21,13,21,8,11,0,0,0,0,0,0,0,0
89,0,1000,0,0,1000,0,1000,13,21,13,21,8,11,0,0,0,0,0,0,0,0,13,21,13,21,8,11,0,0,0,0,0,0,0,0,13,21,13,21,8,11,0,0,0,0,0,0,0,0,13,21,13,21,8,11,0,0,0,0,0,0,0,0,13,21,13,21,8,11,0,0,0,0,0,0,0,0,13,21,13,21,8,11,0,0,0,0,0,0,0,0
90,0,1000,0,0,1000,0,1000,13,21,13,21,8,11,25840,95,0,0,0,0,25840,95,13,21,13,21,8,11,25840,95,0,0,0,0,25840,95,13,21,13,21,8,11,25840,95,0,0,0,0,25840,95,13,21,13,21,8,11,25840,95,0,0,0,0,25840,95,13,21,13,21,8,11,25840,95,0,0,0,0,25840,95,13,21,13,21,8,11,25840,95,0,0,0,0,25840,95
91,0,1000,0,0,1000,0,1000,13,21,13,21,8,11,0,0,0,0,0,0,0,0,13,21,13,21,8,11,0,0,0,0,0,0,0,0,13,21,13,21,8,11,0,0,0,0,0,0,0,0,13,21,13,21,8,11,0,0,0,0,0,0,0,0,13,21,13,21,8,11,0,0,0,0,0,0,0,0,13,21,13,21,8,11,0,0,0,0,0,0,0,0
92,0,1000,0,0,1000,0,1000,13,21,13,21,8,11,0,0,0,0,0,0,0,0,13,21,13,21,8,11,0,0,0,0,0,0,0,0,13,21,13,21,8,11,0,0,0,0,0,0,0,0,13,21,13,21,8,11,0,0,0,0,0,0,0,0,13,21,13,21,8,11,0,0,0,0,0,0,0,0,13,21,13,21,8,11,0,0,0,0,0,0,0,0
93,0,1000,0,0,1000,0,1000,13,21,13,21,8,11,166958,2,166958,2,0,0,0,0,13,21,13,21,8,11,166958,2,166958,2,0,0,0,0,13,21,13,21,8,11,166958,2,166958,2,0,0,0,0,13,21,13,21,8,11,166958,2,166958,2,0,0,0,0,13,21,13,21,8,11,166958,2,166958,2,0,0,0,0,13,21,13,21,8,11,166958,2,166958,2,0,0,0,0
94,0,1000,0,0,1000,0,1000,14,23,14,23,8,11,110483,112,0,0,80291,1,30192,111,14,23,14,23,8,11,110483,112,0,0,80291,1,30192,111,14,23,14,23,8,11,110483,112,0,0,80291,1,30192,111,14,23,14,23,8,11,110483,112,0,0,80291,1,30192,111,14,23,14,23,8,11,110483,112,0,0,80291,1,30192,111,14,23,14,23,8,11,110483,112,0,0,80291,1,30192,111
95,0,1000,0,0,1000,0,1000,14,23,14,23,8,11,0,0,0,0,0,0,0,0,14,23,14,23,8,11,0,0,0,0,0,0,0,0,14,23,14,23,8,11,0,0,0,0,0,0,0,0,14,23,14,23,8,11,0,0,0,0,0,0,0,0,14,23,14,23,8,11,0,0,0,0,0,0,0,0,14,23,14,23,8,11,0,0,0,0,0,0,0,0
96,0,1000,0,0,1000,0,1000,14,23,14,23,8,11,0,0,0,0,0,0,0,0,14,23,14,23,8,11,0,0,0,0,0,0,0,0,14,23,14,23,8,11,0,0,0,0,0,0,0,0,14,23,14,23,8,11,0,0,0,0,0,0,0,0,14,23,14,23,8,11,0,0,0,0,0,0,0,0,14,23,14,23,8,11,0,0,0,0,0,0,0,0
97,0,1000,0,0,1000,0,1000,14,23,14,23,8,11,83991,1,83991,1,0,0,0,0,14,23,14,23,8,11,83991,1,83991,1,0,0,0,0,14,23,14,23,8,11,83991,1,83991,1,0,0,0,0,14,23,14,23,8,11,83991,1,83991,1,0,0,0,0,14,23,14,23,8,11,83991,1,83991,1,0,0,0,0,14,23,14,23,8,11,83991,1,83991,1,0,0,0,0
98,0,1000,0,0,1000,0,1000,15,24,15,24,8,11,108307,104,0,0,80291,1,28016,103,15,24,15,24,8,11,108307,104,0,0,80291,1,28016,103,15,24,15,24,8,11,108307,104,0,0,80291,1,28016,103,15,24,15,24,8,11,108307,104,0,0,80291,1,28016,103,15,24,15,24,8,11,108307,104,0,0,80291,1,28016,103,15,24,15,24,8,11,108307,104,0,0,80291,1,28016,103
99,0,1000,0,0,1000,0,1000,15,24,15,24,9,14,0,0,0,0,0,0,0,0,15,24,15,24,9,14,0,0,0,0,0,0,0,0,15,24,15,24,9,14,0,0,0,0,0,0,0,0,15,24,15,24,9,14,0,0,0,0,0,0,0,0,15,24,15,24,9,14,0,0,0,0,0,0,0,0,15,24,15,24,9,14,0,0,0,0,0,0,0,0
100,0,1000,0,0,1000,0,1000,15,24,15,24,9,14,0,0,0,0,0,0,0,0,15,24,15,24,9,14,0,0,0,0,0,0,0,0,15,24,15,24,9,14,0,0,0,0,0,0,0,0,15,24,15,24,9,14,0,0,0,0,0,0,0,0,15,24,15,24,9,14,0,0,0,0,0,0,0,0,15,24,15,24,9,14,0,0,0,0,0,0,0,0
101,0,1000,0,0,1000,0,1000,15,24,15,24,9,14,167470,2,167470,2,0,0,0,0,15,24,15,24,9,14,167470,2,167470,2,0,0,0,0,15,24,15,24,9,14,167470,2,167470,2,0,0,0,0,15,24,15,24,9,14,167470,2,167470,2,0,0,0,0,15,24,15,24,9,14,167470,2,167470,2,0,0,0,0,15,24,15,24,9,14,167470,2,167470,2,0,0,0,0
102,0,1000,0,0,1000,0,1000,16,25,16,25,9,14,104771,91,0,0,80291,1,24480,90,16,25,16,25,9,14,104771,91,0,0,80291,1,24480,90,16,25,16,25,9,14,104771,91,0,0,80291,1,24480,90,16,25,16,25,9,14,104771,91,0,0,80291,1,24480,90,16,25,16,25,9,14,104771,91,0,0,80291,1,24480,90,16,25,16,25,9,14,104771,91,0,0,80291,1,24480,90
103,0,1000,0,0,1000,0,1000,16,25,16,25,9,14,0,0,0,0,0,0,0,0,16,25,16,25,9,14,0,0,0,0,0,0,0,0,16,25,16,25,9,14,0,0,0,0,0,0,0,0,16,25,16,25,9,14,0,0,0,0,0,0,0,0,16,25,16,25,9,14,0,0,0,0,0,0,0,0,16,25,16,25,9,14,0,0,0,0,0,0,0,0
104,0,1000,0,0,1000,0,1000,16,25,16,25,9,14,0,0,0,0,0,0,0,0,16,25,16,25,9,14,0,0,0,0,0,0,0,0,16,25,16,25,9,14,0,0,0,0,0,0,0,0,16,25,16,25,9,14,0,0,0,0,0,0,0,0,16,25,16,25,9,14,0,0,0,0,0,0,0,0,16,25,16,25,9,14,0,0,0,0,0,0,0,0
105,0,1000,0,0,1000,0,1000,16,25,16,25,9,14,83319,1,83319,1,0,0,0,0,16,25,16,25,9,14,83319,1,83319,1,0,0,0,0,16,25,16,25,9,14,83319,1,83319,1,0,0,0,0,16,25,16,25,9,14,83319,1,83319,1,0,0,0,0,16,25,16,25,9,14,83319,1,83319,1,0,0,0,0,16,25,16,25,9,14,83319,1,83319,1,0,0,0,0
106,0,1000,0,0,1000,0,1000,17,26,17,26,9,14,111299,115,0,0,80291,1,31008,114,17,26,17,26,9,14,111299,115,0,0,80291,1,31008,114,17,26,17,26,9,14,111299,115,0,0,80291,1,31008,114,17,26,17,26,9,14,111299,115,0,0,80291,1,31008,114,17,26,17,26,9,14,111299,115,0,0,80291,1,31008,114,17,26,17,26,9,14,111299,115,0,0,80291,1,31008,114
107,0,1000,0,0,1000,0,1000,17,26,17,26,10,16,0,0,0,0,0,0,0,0,17,26,17,26,10,16,0,0,0,0,0,0,0,0,17,26,17,26,10,16,0,0,0,0,0,0,0,0,17,26,17,26,10,16,0,0,0,0,0,0,0,0,17,26,17,26,10,16,0,0,0,0,0,0,0,0,17,26,17,26,10,16,0,0,0,0,0,0,0,0
108,0,1000,0,0,1000,0,1000,17,26,17,26,10,16,0,0,0,0,0,0,0,0,17,26,17,26,10,16,0,0,0,0,0,0,0,0,17,26,17,26,10,16,0,0,0,0,0,0,0,0,17,26,17,26,10,16,0,0,0,0,0,0,0,0,17,26,17,26,10,16,0,0,0,0,0,0,0,0,17,26,17,26,10,16,0,0,0,0,0,0,0,0
109,0,1000,0,0,1000,0,1000,17,26,17,26,10,16,0,0,0,0,0,0,0,0,17,26,17,26,10,16,0,0,0,0,0,0,0,0,17,26,17,26,10,16,0,0,0,0,0,0,0,0,17,26,17,26,10,16,0,0,0,0,0,0,0,0,17,26,17,26,10,16,0,0,0,0,0,0,0,0,17,26,17,26,10,16,0,0,0,0,0,0,0,0
110,0,1000,0,0,1000,0,1000,17,26,17,26,10,16,27200,100,0,0,0,0,27200,100,17,26,17,26,10,16,27200,100,0,0,0,0,27200,100,17,26,17,26,10,16,27200,100,0,0,0,0,27200,100,17,26,17,26,10,16,27200,100,0,0,0,0,27200,100,17,26,17,26,10,16,27200,100,0,0,0,0,27200,100,17,26,17,26,10,16,27200,100,0,0,0,0,27200,100
111,0,1000,0,0,1000,0,1000,17,26,17,26,10,16,0,0,0,0,0,0,0,0,17,26,17,26,10,16,0,0,0,0,0,0,0,0,17,26,17,26,10,16,0,0,0,0,0,0,0,0,17,26,17,26,10,16,0,0,0,0,0,0,0,0,17,26,17,26,10,16,0,0,0,0,0,0,0,0,17,26,17,26,10,16,0,0,0,0,0,0,0,0
112,0,1000,0,0,1000,0,1000,17,26,17,26,10,16,0,0,0,0,0,0,0,0,17,26,17,26,10,16,0,0,0,0,0,0,0,0,17,26,17,26,10,16,0,0,0,0,0,0,0,0,17,26,17,26,10,16,0,0,0,0,0,0,0,0,17,26,17,26,10,16,0,0,0,0,0,0,0,0,17,26,17,26,10,16,0,0,0,0,0,0,0,0
113,0,1000,0,0,1000,0,1000,17,26,17,26,10,16,83639,1,83639,1,0,0,0,0,17,26,17,26,10,16,83639,1,83639,1,0,0,0,0,17,26,17,26,10,16,83639,1,83639,1,0,0,0,0,17,26,17,26,10,16,83639,1,83639,1,0,0,0,0,17,26,17,26,10,16,83639,1,83639,1,0,0,0,0,17,26,17,26,10,16,83639,1,83639,1,0,0,0,0
114,0,1000,0,0,1000,0,1000,18,28,18,28,10,16,106403,97,0,0,80291,1,26112,96,18,28,18,28,10,16,106403,97,0,0,80291,1,26112,96,18,28,18,28,10,16,106403,97,0,0,80291,1,26112,96,18,28,18,28,10,16,106403,97,0,0,80291,1,26112,96,18,28,18,28,10,16,106403,97,0,0,80291,1,26112,96,18,28,18,28,10,16,106403,97,0,0,80291,1,26112,96
115,0,1000,0,0,1000,0,1000,18,28,18,28,10,16,0,0,0,0,0,0,0,0,18,28,18,28,10,16,0,0,0,0,0,0,0,0,18,28,18,28,10,16,0,0,0,0,0,0,0,0,18,28,18,28,10,16,0,0,0,0,0,0,0,0,18,28,18,28,10,16,0,0,0,0,0,0,0,0,18,28,18,28,10,16,0,0,0,0,0,0,0,0
116,0,1000,0,0,1000,0,1000,18,28,18,28,10,16,0,0,0,0,0,0,0,0,18,28,18,28,10,16,0,0,0,0,0,0,0,0,18,28,18,28,10,16,0,0,0,0,0,0,0,0,18,28,18,28,10,16,0,0,0,0,0,0,0,0,18,28,18,28,10,16,0,0,0,0,0,0,0,0,18,28,18,28,10,16,0,0,0,0,0,0,0,0
117,0,1000,0,0,1000,0,1000,18,28,18,28,10,16,0,0,0,0,0,0,0,0,18,28,18,28,10,16,0,0,0,0,0,0,0,0,18,28,18,28,10,16,0,0,0,0,0,0,0,0,18,28,18,28,10,16,0,0,0,0,0,0,0,0,18,28,18,28,10,16,0,0,0,0,0,0,0,0,18,28,18,28,10,16,0,0,0,0,0,0,0,0
118,0,1000,0,0,1000,0,1000,18,28,18,28,10,16,22848,84,0,0,0,0,22848,84,18,28,18,28,10,16,22848,84,0,0,0,0,22848,84,18,28,18,28,10,16,22848,84,0,0,0,0,22848,84,18,28,18,28,10,16,22848,84,0,0,0,0,22848,84,18,28,18,28,10,16,22848,84,0,0,0,0,22848,84,18,28,18,28,10,16,22848,84,0,0,0,0,22848,84
119,0,1000,0,0,1000,0,1000,18,28,18,28,11,19,0,0,0,0,0,0,0,0,18,28,18,28,11,19,0,0,0,0,0,0,0,0,18,28,18,28,11,19,0,0,0,0,0,0,0,0,18,28,18,28,11,19,0,0,0,0,0,0,0,0,18,28,18,28,11,19,0,0,0,0,0,0,0,0,18,28,18,28,11,19,0,0,0,0,0,0,0,0
120,0,1000,0,0,1000,0,1000,18,28,18,28,11,19,0,0,0,0,0,0,0,0,18,28,18,28,11,19,0,0,0,0,0,0,0,0,18,28,18,28,11,19,0,0,0,0,0,0,0,0,18,28,18,28,11,19,0,0,0,0,0,0,0,0,18,28,18,28,11,19,0,0,0,0,0,0,0,0,18,28,18,28,11,19,0,0,0,0,0,0,0,0
121,0,1000,0,0,1000,0,1000,18,28,18,28,11,19,0,0,0,0,0,0,0,0,18,28,18,28,11,19,0,0,0,0,0,0,0,0,18,28,18,28,11,19,0,0,0,0,0,0,0,0,18,28,18,28,11,19,0,0,0,0,0,0,0,0,18,28,18,28,11,19,0,0,0,0,0,0,0,0,18,28,18,28,11,19,0,0,0,0,0,0,0,0
122,0,1000,0,0,1000,0,1000,18,28,18,28,11,19,29920,110,0,0,0,0,29920,110,18,28,18,28,11,19,29920,110,0,0,0,0,29920,110,18,28,18,28,11,19,29920,110,0,0,0,0,29920,110,18,28,18,28,11,19,29920,110,0,0,0,0,29920,110,18,28,18,28,11,19,29920,110,0,0,0,0,29920,110,18,28,18,28,11,19,29920,110,0,0,0,0,29920,110
123,0,1000,0,0,1000,0,1000,18,28,18,28,12,20,0,0,0,0,0,0,0,0,18,28,18,28,12,20,0,0,0,0,0,0,0,0,18,28,18,28,12,20,0,0,0,0,0,0,0,0,18,28,18,28,12,20,0,0,0,0,0,0,0,0,18,28,18,28,12,20,0,0,0,0,0,0,0,0,18,28,18,28,12,20,0,0,0,0,0,0,0,0
124,0,1000,0,0,1000,0,1000,18,28,18,28,12,20,0,0,0,0,0,0,0,0,18,28,18,28,12,20,0,0,0,0,0,0,0,0,18,28,18,28,12,20,0,0,0,0,0,0,0,0,18,28,18,28,12,20,0,0,0,0,0,0,0,0,18,28,18,28,12,20,0,0,0,0,0,0,0,0,18,28,18,28,12,20,0,0,0,0,0,0,0,0
125,0,1000,0,0,1000,0,1000,18,28,18,28,12,20,83959,1,83959,1,0,0,0,0,18,28,18,28,12,20,83959,1,83959,1,0,0,0,0,18,28,18,28,12,20,83959,1,83959,1,0,0,0,0,18,28,18,28,12,20,83959,1,83959,1,0,0,0,0,18,28,18,28,12,20,83959,1,83959,1,0,0,0,0,18,28,18,28,12,20,83959,1,83959,1,0,0,0,0
126,0,1000,0,0,1000,0,1000,19,31,19,31,12,20,101235,78,0,0,80291,1,20944,77,19,31,19,31,12,20,101235,78,0,0,80291,1,20944,77,19,31,19,31,12,20,101235,78,0,0,80291,1,20944,77,19,31,19,31,12,20,101235,78,0,0,80291,1,20944,77,19,31,19,31,12,20,101235,78,0,0,80291,1,20944,77,19,31,19,31,12,20,101235,78,0,0,80291,1,20944,77
127,0,1000,0,0,1000,0,1000,19,31,19,31,13,21,0,0,0,0,0,0,0,0,19,31,19,31,13,21,0,0,0,0,0,0,0,0,19,31,19,31,13,21,0,0,0,0,0,0,0,0,19,31,19,31,13,21,0,0,0,0,0,0,0,0,19,31,19,31,13,21,0,0,0,0,0,0,0,0,19,31,19,31,13,21,0,0,0,0,0,0,0,0
128,0,1000,0,0,1000,0,1000,19,31,19,31,13,21,0,0,0,0,0,0,0,0,19,31,19,31,13,21,0,0,0,0,0,0,0,0,19,31,19,31,13,21,0,0,0,0,0,0,0,0,19,31,19,31,13,21,0,0,0,0,0,0,0,0,19,31,19,31,13,21,0,0,0,0,0,0,0,0,19,31,19,31,13,21,0,0,0,0,0,0,0,0
129,0,1000,0,0,1000,0,1000,19,31,19,31,13,21,0,0,0,0,0,0,0,0,19,31,19,31,13,21,0,0,0,0,0,0,0,0,19,31,19,31,13,21,0,0,0,0,0,0,0,0,19,31,19,31,13,21,0,0,0,0,0,0,0,0,19,31,19,31,13,21,0,0,0,0,0,0,0,0,19,31,19,31,13,21,0,0,0,0,0,0,0,0
130,0,1000,0,0,1000,0,1000,19,31,19,31,13,21,25568,94,0,0,0,0,25568,94,19,31,19,31,13,21,25568,94,0,0,0,0,25568,94,19,31,19,31,13,21,25568,94,0,0,0,0,25568,94,19,31,19,31,13,21,25568,94,0,0,0,0,25568,94,19,31,19,31,13,21,25568,94,0,0,0,0,25568,94,19,31,19,31,13,21,25568,94,0,0,0,0,25568,94
131,0,1000,0,0,1000,0,1000,19,31,19,31,13,21,0,0,0,0,0,0,0,0,19,31,19,31,13,21,0,0,0,0,0,0,0,0,19,31,19,31,13,21,0,0,0,0,0,0,0,0,19,31,19,31,13,21,0,0,0,0,0,0,0,0,19,31,19,31,13,21,0,0,0,0,0,0,0,0,19,31,19,31,13,21,0,0,0,0,0,0,0,0
132,0,1000,0,0,1000,0,1000,19,31,19,31,13,21,0,0,0,0,0,0,0,0,19,31,19,31,13,21,0,0,0,0,0,0,0,0,19,31,19,31,13,21,0,0,0,0,0,0,0,0,19,31,19,31,13,21,0,0,0,0,0,0,0,0,19,31,19,31,13,21,0,0,0,0,0,0,0,0,19,31,19,31,13,21,0,0,0,0,0,0,0,0
133,0,1000,0,0,1000,0,1000,19,31,19,31,13,21,250340,3,250340,3,0,0,0,0,19,31,19,31,13,21,250340,3,250340,3,0,0,0,0,19,31,19,31,13,21,250340,3,250340,3,0,0,0,0,19,31,19,31,13,21,250340,3,250340,3,0,0,0,0,19,31,19,31,13,21,250340,3,250340,3,0,0,0,0,19,31,19,31,13,21,250340,3,250340,3,0,0,0,0
134,0,1000,0,0,1000,0,1000,20,33,20,33,13,21,109939,110,0,0,80291,1,29648,109,20,33,20,33,13,21,109939,110,0,0,80291,1,29648,109,20,33,20,33,13,21,109939,110,0,0,80291,1,29648,109,20,33,20,33,13,21,109939,110,0,0,80291,1,29648,109,20,33,20,33,13,21,109939,110,0,0,80291,1,29648,109,20,33,20,33,13,21,109939,110,0,0,80291,1,29648,109
135,0,1000,0,0,1000,0,1000,20,33,20,33,14,23,0,0,0,0,0,0,0,0,20,33,20,33,14,23,0,0,0,0,0,0,0,0,20,33,20,33,14,23,0,0,0,0,0,0,0,0,20,33,20,33,14,23,0,0,0,0,0,0,0,0,20,33,20,33,14,23,0,0,0,0,0,0,0,0,20,33,20,33,14,23,0,0,0,0,0,0,0,0
136,0,1000,0,0,1000,0,1000,20,33,20,33,14,23,0,0,0,0,0,0,0,0,20,33,20,33,14,23,0,0,0,0,0,0,0,0,20,33,20,33,14,23,0,0,0,0,0,0,0,0,20,33,20,33,14,23,0,0,0,0,0,0,0,0,20,33,20,33,14,23,0,0,0,0,0,0,0,0,20,33,20,33,14,23,0,0,0,0,0,0,0,0
137,0,1000,0,0,1000,0,1000,20,33,20,33,14,23,0,0,0,0,0,0,0,0,20,33,20,33,14,23,0,0,0,0,0,0,0,0,20,33,20,33,14,23,0,0,0,0,0,0,0,0,20,33,20,33,14,23,0,0,0,0,0,0,0,0,20,33,20,33,14,23,0,0,0,0,0,0,0,0,20,33,20,33,14,23,0,0,0,0,0,0,0,0
138,0,1000,0,0,1000,0,1000,20,33,20,33,14,23,27472,101,0,0,0,0,27472,101,20,33,20,33,14,23,27472,101,0,0,0,0,27472,101,20,33,20,33,14,23,27472,101,0,0,0,0,27472,101,20,33,20,33,14,23,27472,101,0,0,0,0,27472,101,20,33,20,33,14,23,27472,101,0,0,0,0,27472,101,20,33,20,33,14,23,27472,101,0,0,0,0,27472,101
139,0,1000,0,0,1000,0,1000,20,33,20,33,15,24,0,0,0,0,0,0,0,0,20,33,20,33,15,24,0,0,0,0,0,0,0,0,20,33,20,33,15,24,0,0,0,0,0,0,0,0,20,33,20,33,15,24,0,0,0,0,0,0,0,0,20,33,20,33,15,24,0,0,0,0,0,0,0,0,20,33,20,33,15,24,0,0,0,0,0,0,0,0
140,0,1000,0,0,1000,0,1000,20,33,20,33,15,24,0,0,0,0,0,0,0,0,20,33,20,33,15,24,0,0,0,0,0,0,0,0,20,33,20,33,15,24,0,0,0,0,0,0,0,0,20,33,20,33,15,24,0,0,0,0,0,0,0,0,20,33,20,33,15,24,0,0,0,0,0,0,0,0,20,33,20,33,15,24,0,0,0,0,0,0,0,0
141,0,1000,0,0,1000,0,1000,20,33,20,33,15,24,251013,3,251013,3,0,0,0,0,20,33,20,33,15,24,251013,3,251013,3,0,0,0,0,20,33,20,33,15,24,251013,3,251013,3,0,0,0,0,20,33,20,33,15,24,251013,3,251013,3,0,0,0,0,20,33,20,33,15,24,251013,3,251013,3,0,0,0,0,20,33,20,33,15,24,251013,3,251013,3,0,0,0,0
142,0,1000,0,0,1000,0,1000,21,35,21,35,15,24,108579,105,0,0,80291,1,28288,104,21,35,21,35,15,24,108579,105,0,0,80291,1,28288,104,21,35,21,35,15,24,108579,105,0,0,80291,1,28288,104,21,35,21,35,15,24,108579,105,0,0,80291,1,28288,104,21,35,21,35,15,24,108579,105,0,0,80291,1,28288,104,21,35,21,35,15,24,108579,105,0,0,80291,1,28288,104
143,0,1000,0,0,1000,0,1000,21,35,21,35,16,25,0,0,0,0,0,0,0,0,21,35,21,35,16,25,0,0,0,0,0,0,0,0,21,35,21,35,16,25,0,0,0,0,0,0,0,0,21,35,21,35,16,25,0,0,0,0,0,0,0,0,21,35,21,35,16,25,0,0,0,0,0,0,0,0,21,35,21,35,16,25,0,0,0,0,0,0,0,0
144,0,1000,0,0,1000,0,1000,21,35,21,35,16,25,0,0,0,0,0,0,0,0,21,35,21,35,16,25,0,0,0,0,0,0,0,0,21,35,21,35,16,25,0,0,0,0,0,0,0,0,21,35,21,35,16,25,0,0,0,0,0,0,0,0,21,35,21,35,16,25,0,0,0,0,0,0,0,0,21,35,21,35,16,25,0,0,0,0,0,0,0,0
145,0,1000,0,0,1000,0,1000,21,35,21,35,16,25,0,0,0,0,0,0,0,0,21,35,21,35,16,25,0,0,0,0,0,0,0,0,21,35,21,35,16,25,0,0,0,0,0,0,0,0,21,35,21,35,16,25,0,0,0,0,0,0,0,0,21,35,21,35,16,25,0,0,0,0,0,0,0,0,21,35,21,35,16,25,0,0,0,0,0,0,0,0
146,0,1000,0,0,1000,0,1000,21,35,21,35,16,25,27200,100,0,0,0,0,27200,100,21,35,21,35,16,25,27200,100,0,0,0,0,27200,100,21,35,21,35,16,25,27200,100,0,0,0,0,27200,100,21,35,21,35,16,25,27200,100,0,0,0,0,27200,100,21,35,21,35,16,25,27200,100,0,0,0,0,27200,100,21,35,21,35,16,25,27200,100,0,0,0,0,27200,100
147,0,1000,0,0,1000,0,1000,21,35,21,35,17,26,0,0,0,0,0,0,0,0,21,35,21,35,17,26,0,0,0,0,0,0,0,0,21,35,21,35,17,26,0,0,0,0,0,0,0,0,21,35,21,35,17,26,0,0,0,0,0,0,0,0,21,35,21,35,17,26,0,0,0,0,0,0,0,0,21,35,21,35,17,26,0,0,0,0,0,0,0,0
148,0,1000,0,0,1000,0,1000,21,35,21,35,17,26,0,0,0,0,0,0,0,0,21,35,21,35,17,26,0,0,0,0,0,0,0,0,21,35,21,35,17,26,0,0,0,0,0,0,0,0,21,35,21,35,17,26,0,0,0,0,0,0,0,0,21,35,21,35,17,26,0,0,0,0,0,0,0,0,21,35,21,35,17,26,0,0,0,0,0,0,0,0
149,0,1000,0,0,1000,0,1000,21,35,21,35,17,26,0,0,0,0,0,0,0,0,21,35,21,35,17,26,0,0,0,0,0,0,0,0,21,35,21,35,17,26,0,0,0,0,0,0,0,0,21,35,21,35,17,26,0,0,0,0,0,0,0,0,21,35,21,35,17,26,0,0,0,0,0,0,0,0,21,35,21,35,17,26,0,0,0,0,0,0,0,0
150,0,1000,0,0,1000,0,1000,21,35,21,35,17,26,30464,112,0,0,0,0,30464,112,21,35,21,35,17,26,30464,112,0,0,0,0,30464,112,21,35,21,35,17,26,30464,112,0,0,0,0,30464,112,21,35,21,35,17,26,30464,112,0,0,0,0,30464,112,21,35,21,35,17,26,30464,112,0,0,0,0,30464,112,21,35,21,35,17,26,30464,112,0,0,0,0,30464,112
151,0,1000,0,0,1000,0,1000,21,35,21,35,17,26,0,0,0,0,0,0,0,0,21,35,21,35,17,26,0,0,0,0,0,0,0,0,21,35,21,35,17,26,0,0,0,0,0,0,0,0,21,35,21,35,17,26,0,0,0,0,0,0,0,0,21,35,21,35,17,26,0,0,0,0,0,0,0,0,21,35,21,35,17,26,0,0,0,0,0,0,0,0
152,0,1000,0,0,1000,0,1000,21,35,21,35,17,26,0,0,0,0,0,0,0,0,21,35,21,35,17,26,0,0,0,0,0,0,0,0,21,35,21,35,17,26,0,0,0,0,0,0,0,0,21,35,21,35,17,26,0,0,0,0,0,0,0,0,21,35,21,35,17,26,0,0,0,0,0,0,0,0,21,35,21,35,17,26,0,0,0,0,0,0,0,0
153,0,1000,0,0,1000,0,1000,21,35,21,35,17,26,168046,2,168046,2,0,0,0,0,21,35,21,35,17,26,168046,2,168046,2,0,0,0,0,21,35,21,35,17,26,168046,2,168046,2,0,0,0,0,21,35,21,35,17,26,168046,2,168046,2,0,0,0,0,21,35,21,35,17,26,168046,2,168046,2,0,0,0,0,21,35,21,35,17,26,168046,2,168046,2,0,0,0,0
154,0,1000,0,0,1000,0,1000,22,38,22,38,17,26,107763,102,0,0,80291,1,27472,101,22,38,22,38,17,26,107763,102,0,0,80291,1,27472,101,22,38,22,38,17,26,107763,102,0,0,80291,1,27472,101,22,38,22,38,17,26,107763,102,0,0,80291,1,27472,101,22,38,22,38,17,26,107763,102,0,0,80291,1,27472,101,22,38,22,38,17,26,107763,102,0,0,80291,1,27472,101
155,0,1000,0,0,1000,0,1000,22,38,22,38,18,28,0,0,0,0,0,0,0,0,22,38,22,38,18,28,0,0,0,0,0,0,0,0,22,38,22,38,18,28,0,0,0,0,0,0,0,0,22,38,22,38,18,28,0,0,0,0,0,0,0,0,22,38,22,38,18,28,0,0,0,0,0,0,0,0,22,38,22,38,18,28,0,0,0,0,0,0,0,0
156,0,1000,0,0,1000,0,1000,22,38,22,38,18,28,0,0,0,0,0,0,0,0,22,38,22,38,18,28,0,0,0,0,0,0,0,0,22,38,22,38,18,28,0,0,0,0,0,0,0,0,22,38,22,38,18,28,0,0,0,0,0,0,0,0,22,38,22,38,18,28,0,0,0,0,0,0,0,0,22,38,22,38,18,28,0,0,0,0,0,0,0,0
157,0,1000,0,0,1000,0,1000,22,38,22,38,18,28,83671,1,83671,1,0,0,0,0,22,38,22,38,18,28,83671,1,83671,1,0,0,0,0,22,38,22,38,18,28,83671,1,83671,1,0,0,0,0,22,38,22,38,18,28,83671,1,83671,1,0,0,0,0,22,38,22,38,18,28,83671,1,83671,1,0,0,0,0,22,38,22,38,18,28,83671,1,83671,1,0,0,0,0
158,0,1000,0,0,1000,0,1000,23,39,23,39,18,28,109395,108,0,0,80291,1,29104,107,23,39,23,39,18,28,109395,108,0,0,80291,1,29104,107,23,39,23,39,18,28,109395,108,0,0,80291,1,29104,107,23,39,23,39,18,28,109395,108,0,0,80291,1,29104,107,23,39,23,39,18,28,109395,108,0,0,80291,1,29104,107,23,39,23,39,18,28,109395,108,0,0,80291,1,29104,107
159,0,1000,0,0,1000,0,1000,23,39,23,39,18,28,0,0,0,0,0,0,0,0,23,39,23,39,18,28,0,0,0,0,0,0,0,0,23,39,23,39,18,28,0,0,0,0,0,0,0,0,23,39,23,39,18,28,0,0,0,0,0,0,0,0,23,39,23,39,18,28,0,0,0,0,0,0,0,0,23,39,23,39,18,28,0,0,0,0,0,0,0,0
160,0,1000,0,0,1000,0,1000,23,39,23,39,18,28,0,0,0,0,0,0,0,0,23,39,23,39,18,28,0,0,0,0,0,0,0,0,23,39,23,39,18,28,0,0,0,0,0,0,0,0,23,39,23,39,18,28,0,0,0,0,0,0,0,0,23,39,23,39,18,28,0,0,0,0,0,0,0,0,23,39,23,39,18,28,0,0,0,0,0,0,0,0
161,0,1000,0,0,1000,0,1000,23,39,23,39,18,28,0,0,0,0,0,0,0,0,23,39,23,39,18,28,0,0,0,0,0,0,0,0,23,39,23,39,18,28,0,0,0,0,0,0,0,0,23,39,23,39,18,28,0,0,0,0,0,0,0,0,23,39,23,39,18,28,0,0,0,0,0,0,0,0,23,39,23,39,18,28,0,0,0,0,0,0,0,0
162,0,1000,0,0,1000,0,1000,23,39,23,39,18,28,26384,97,0,0,0,0,26384,97,23,39,23,39,18,28,26384,97,0,0,0,0,26384,97,23,39,23,39,18,28,26384,97,0,0,0,0,26384,97,23,39,23,39,18,28,26384,97,0,0,0,0,26384,97,23,39,23,39,18,28,26384,97,0,0,0,0,26384,97,23,39,23,39,18,28,26384,97,0,0,0,0,26384,97
163,0,1000,0,0,1000,0,1000,23,39,23,39,18,28,0,0,0,0,0,0,0,0,23,39,23,39,18,28,0,0,0,0,0,0,0,0,23,39,23,39,18,28,0,0,0,0,0,0,0,0,23,39,23,39,18,28,0,0,0,0,0,0,0,0,23,39,23,39,18,28,0,0,0,0,0,0,0,0,23,39,23,39,18,28,0,0,0,0,0,0,0,0
164,0,1000,0,0,1000,0,1000,23,39,23,39,18,28,0,0,0,0,0,0,0,0,23,39,23,39,18,28,0,0,0,0,0,0,0,0,23,39,23,39,18,28,0,0,0,0,0,0,0,0,23,39,23,39,18,28,0,0,0,0,0,0,0,0,23,39,23,39,18,28,0,0,0,0,0,0,0,0,23,39,23,39,18,28,0,0,0,0,0,0,0,0
165,0,1000,0,0,1000,0,1000,23,39,23,39,18,28,83543,1,83543,1,0,0,0,0,23,39,23,39,18,28,83543,1,83543,1,0,0,0,0,23,39,23,39,18,28,83543,1,83543,1,0,0,0,0,23,39,23,39,18,28,83543,1,83543,1,0,0,0,0,23,39,23,39,18,28,83543,1,83543,1,0,0,0,0,23,39,23,39,18,28,83543,1,83543,1,0,0,0,0
166,0,1000,0,0,1000,0,1000,24,41,24,41,18,28,108579,105,0,0,80291,1,28288,104,24,41,24,41,18,28,108579,105,0,0,80291,1,28288,104,24,41,24,41,18,28,108579,105,0,0,80291,1,28288,104,24,41,24,41,18,28,108579,105,0,0,80291,1,28288,104,24,41,24,41,18,28,108579,105,0,0,80291,1,28288,104,24,41,24,41,18,28,108579,105,0,0,80291,1,28288,104
167,0,1000,0,0,1000,0,1000,24,41,24,41,19,31,0,0,0,0,0,0,0,0,24,41,24,41,19,31,0,0,0,0,0,0,0,0,24,41,24,41,19,31,0,0,0,0,0,0,0,0,24,41,24,41,19,31,0,0,0,0,0,0,0,0,24,41,24,41,19,31,0,0,0,0,0,0,0,0,24,41,24,41,19,31,0,0,0,0,0,0,0,0
168,0,1000,0,0,1000,0,1000,24,41,24,41,19,31,0,0,0,0,0,0,0,0,24,41,24,41,19,31,0,0,0,0,0,0,0,0,24,41,24,41,19,31,0,0,0,0,0,0,0,0,24,41,24,41,19,31,0,0,0,0,0,0,0,0,24,41,24,41,19,31,0,0,0,0,0,0,0,0,24,41,24,41,19,31,0,0,0,0,0,0,0,0
169,0,1000,0,0,1000,0,1000,24,41,24,41,19,31,251301,3,251301,3,0,0,0,0,24,41,24,41,19,31,251301,3,251301,3,0,0,0,0,24,41,24,41,19,31,251301,3,251301,3,0,0,0,0,24,41,24,41,19,31,251301,3,251301,3,0,0,0,0,24,41,24,41,19,31,251301,3,251301,3,0,0,0,0,24,41,24,41,19,31,251301,3,251301,3,0,0,0,0
170,0,1000,0,0,1000,0,1000,25,42,25,42,19,31,113747,124,0,0,80291,1,33456,123,25,42,25,42,19,31,113747,124,0,0,80291,1,33456,123,25,42,25,42,19,31,113747,124,0,0,80291,1,33456,123,25,42,25,42,19,31,113747,124,0,0,80291,1,33456,123,25,42,25,42,19,31,113747,124,0,0,80291,1,33456,123,25,42,25,42,19,31,113747,124,0,0,80291,1,33456,123
171,0,1000,0,0,1000,0,1000,25,42,25,42,19,31,0,0,0,0,0,0,0,0,25,42,25,42,19,31,0,0,0,0,0,0,0,0,25,42,25,42,19,31,0,0,0,0,0,0,0,0,25,42,25,42,19,31,0,0,0,0,0,0,0,0,25,42,25,42,19,31,0,0,0,0,0,0,0,0,25,42,25,42,19,31,0,0,0,0,0,0,0,0
172,0,1000,0,0,1000,0,1000,25,42,25,42,19,31,0,0,0,0,0,0,0,0,25,42,25,42,19,31,0,0,0,0,0,0,0,0,25,42,25,42,19,31,0,0,0,0,0,0,0,0,25,42,25,42,19,31,0,0,0,0,0,0,0,0,25,42,25,42,19,31,0,0,0,0,0,0,0,0,25,42,25,42,19,31,0,0,0,0,0,0,0,0
173,0,1000,0,0,1000,0,1000,25,42,25,42,19,31,0,0,0,0,0,0,0,0,25,42,25,42,19,31,0,0,0,0,0,0,0,0,25,42,25,42,19,31,0,0,0,0,0,0,0,0,25,42,25,42,19,31,0,0,0,0,0,0,0,0,25,42,25,42,19,31,0,0,0,0,0,0,0,0,25,42,25,42,19,31,0,0,0,0,0,0,0,0
174,0,1000,0,0,1000,0,1000,25,42,25,42,19,31,28016,103,0,0,0,0,28016,103,25,42,25,42,19,31,28016,103,0,0,0,0,28016,103,25,42,25,42,19,31,28016,103,0,0,0,0,28016,103,25,42,25,42,19,31,28016,103,0,0,0,0,28016,103,25,42,25,42,19,31,28016,103,0,0,0,0,28016,103,25,42,25,42,19,31,28016,103,0,0,0,0,28016,103
175,0,1000,0,0,1000,0,1000,25,42,25,42,20,33,0,0,0,0,0,0,0,0,25,42,25,42,20,33,0,0,0,0,0,0,0,0,25,42,25,42,20,33,0,0,0,0,0,0,0,0,25,42,25,42,20,33,0,0,0,0,0,0,0,0,25,42,25,42,20,33,0,0,0,0,0,0,0,0,25,42,25,42,20,33,0,0,0,0,0,0,0,0
176,0,1000,0,0,1000,0,1000,25,42,25,42,20,33,0,0,0,0,0,0,0,0,25,42,25,42,20,33,0,0,0,0,0,0,0,0,25,42,25,42,20,33,0,0,0,0,0,0,0,0,25,42,25,42,20,33,0,0,0,0,0,0,0,0,25,42,25,42,20,33,0,0,0,0,0,0,0,0,25,42,25,42,20,33,0,0,0,0,0,0,0,0
177,0,1000,0,0,1000,0,1000,25,42,25,42,20,33,83735,1,83735,1,0,0,0,0,25,42,25,42,20,33,83735,1,83735,1,0,0,0,0,25,42,25,42,20,33,83735,1,83735,1,0,0,0,0,25,42,25,42,20,33,83735,1,83735,1,0,0,0,0,25,42,25,42,20,33,83735,1,83735,1,0,0,0,0,25,42,25,42,20,33,83735,1,83735,1,0,0,0,0
178,0,1000,0,0,1000,0,1000,26,44,26,44,20,33,108307,104,0,0,80291,1,28016,103,26,44,26,44,20,33,108307,104,0,0,80291,1,28016,103,26,44,26,44,20,33,108307,104,0,0,80291,1,28016,103,26,44,26,44,20,33,108307,104,0,0,80291,1,28016,103,26,44,26,44,20,33,108307,104,0,0,80291,1,28016,103,26,44,26,44,20,33,108307,104,0,0,80291,1,28016,103
179,0,1000,0,0,1000,0,1000,26,44,26,44,20,33,0,0,0,0,0,0,0,0,26,44,26,44,20,33,0,0,0,0,0,0,0,0,26,44,26,44,20,33,0,0,0,0,0,0,0,0,26,44,26,44,20,33,0,0,0,0,0,0,0,0,26,44,26,44,20,33,0,0,0,0,0,0,0,0,26,44,26,44,20,33,0,0,0,0,0,0,0,0
180,0,1000,0,0,1000,0,1000,26,44,26,44,20,33,0,0,0,0,0,0,0,0,26,44,26,44,20,33,0,0,0,0,0,0,0,0,26,44,26,44,20,33,0,0,0,0,0,0,0,0,26,44,26,44,20,33,0,0,0,0,0,0,0,0,26,44,26,44,20,33,0,0,0,0,0,0,0,0,26,44,26,44,20,33,0,0,0,0,0,0,0,0
181,0,1000,0,0,1000,0,1000,26,44,26,44,20,33,251205,3,251205,3,0,0,0,0,26,44,26,44,20,33,251205,3,251205,3,0,0,0,0,26,44,26,44,20,33,251205,3,251205,3,0,0,0,0,26,44,26,44,20,33,251205,3,251205,3,0,0,0,0,26,44,26,44,20,33,251205,3,251205,3,0,0,0,0,26,44,26,44,20,33,251205,3,251205,3,0,0,0,0
182,0,1000,0,0,1000,0,1000,27,45,27,45,20,33,109395,108,0,0,80291,1,29104,107,27,45,27,45,20,33,109395,108,0,0,80291,1,29104,107,27,45,27,45,20,33,109395,108,0,0,80291,1,29104,107,27,45,27,45,20,33,109395,108,0,0,80291,1,29104,107,27,45,27,45,20,33,109395,108,0,0,80291,1,29104,107,27,45,27,45,20,33,109395,108,0,0,80291,1,29104,107
183,0,1000,0,0,1000,0,1000,27,45,27,45,21,35,0,0,0,0,0,0,0,0,27,45,27,45,21,35,0,0,0,0,0,0,0,0,27,45,27,45,21,35,0,0,0,0,0,0,0,0,27,45,27,45,21,35,0,0,0,0,0,0,0,0,27,45,27,45,21,35,0,0,0,0,0,0,0,0,27,45,27,45,21,35,0,0,0,0,0,0,0,0
184,0,1000,0,0,1000,0,1000,27,45,27,45,21,35,0,0,0,0,0,0,0,0,27,45,27,45,21,35,0,0,0,0,0,0,0,0,27,45,27,45,21,35,0,0,0,0,0,0,0,0,27,45,27,45,21,35,0,0,0,0,0,0,0,0,27,45,27,45,21,35,0,0,0,0,0,0,0,0,27,45,27,45,21,35,0,0,0,0,0,0,0,0
185,0,1000,0,0,1000,0,1000,27,45,27,45,21,35,0,0,0,0,0,0,0,0,27,45,27,45,21,35,0,0,0,0,0,0,0,0,27,45,27,45,21,35,0,0,0,0,0,0,0,0,27,45,27,45,21,35,0,0,0,0,0,0,0,0,27,45,27,45,21,35,0,0,0,0,0,0,0,0,27,45,27,45,21,35,0,0,0,0,0,0,0,0
186,0,1000,0,0,1000,0,1000,27,45,27,45,21,35,30464,112,0,0,0,0,30464,112,27,45,27,45,21,35,30464,112,0,0,0,0,30464,112,27,45,27,45,21,35,30464,112,0,0,0,0,30464,112,27,45,27,45,21,35,30464,112,0,0,0,0,30464,112,27,45,27,45,21,35,30464,112,0,0,0,0,30464,112,27,45,27,45,21,35,30464,112,0,0,0,0,30464,112
187,0,1000,0,0,1000,0,1000,27,45,27,45,21,35,0,0,0,0,0,0,0,0,27,45,27,45,21,35,0,0,0,0,0,0,0,0,27,45,27,45,21,35,0,0,0,0,0,0,0,0,27,45,27,45,21,35,0,0,0,0,0,0,0,0,27,45,27,45,21,35,0,0,0,0,0,0,0,0,27,45,27,45,21,35,0,0,0,0,0,0,0,0
188,0,1000,0,0,1000,0,1000,27,45,27,45,21,35,0,0,0,0,0,0,0,0,27,45,27,45,21,35,0,0,0,0,0,0,0,0,27,45,27,45,21,35,0,0,0,0,0,0,0,0,27,45,27,45,21,35,0,0,0,0,0,0,0,0,27,45,27,45,21,35,0,0,0,0,0,0,0,0,27,45,27,45,21,35,0,0,0,0,0,0,0,0
189,0,1000,0,0,1000,0,1000,27,45,27,45,21,35,0,0,0,0,0,0,0,0,27,45,27,45,21,35,0,0,0,0,0,0,0,0,27,45,27,45,21,35,0,0,0,0,0,0,0,0,27,45,27,45,21,35,0,0,0,0,0,0,0,0,27,45,27,45,21,35,0,0,0,0,0,0,0,0,27,45,27,45,21,35,0,0,0,0,0,0,0,0
190,0,1000,0,0,1000,0,1000,27,45,27,45,21,35,25296,93,0,0,0,0,25296,93,27,45,27,45,21,35,25296,93,0,0,0,0,25296,93,27,45,27,45,21,35,25296,93,0,0,0,0,25296,93,27,45,27,45,21,35,25296,93,0,0,0,0,25296,93,27,45,27,45,21,35,25296,93,0,0,0,0,25296,93,27,45,27,45,21,35,25296,93,0,0,0,0,25296,93
191,0,1000,0,0,1000,0,1000,27,45,27,45,21,35,0,0,0,0,0,0,0,0,27,45,27,45,21,35,0,0,0,0,0,0,0,0,27,45,27,45,21,35,0,0,0,0,0,0,0,0,27,45,27,45,21,35,0,0,0,0,0,0,0,0,27,45,27,45,21,35,0,0,0,0,0,0,0,0,27,45,27,45,21,35,0,0,0,0,0,0,0,0
192,0,1000,0,0,1000,0,1000,27,45,27,45,21,35,0,0,0,0,0,0,0,0,27,45,27,45,21,35,0,0,0,0,0,0,0,0,27,45,27,45,21,35,0,0,0,0,0,0,0,0,27,45,27,45,21,35,0,0,0,0,0,0,0,0,27,45,27,45,21,35,0,0,0,0,0,0,0,0,27,45,27,45,21,35,0,0,0,0,0,0,0,0
193,0,1000,0,0,1000,0,1000,27,45,27,45,21,35,83415,1,83415,1,0,0,0,0,27,45,27,45,21,35,83415,1,83415,1,0,0,0,0,27,45,27,45,21,35,83415,1,83415,1,0,0,0,0,27,45,27,45,21,35,83415,1,83415,1,0,0,0,0,27,45,27,45,21,35,83415,1,83415,1,0,0,0,0,27,45,27,45,21,35,83415,1,83415,1,0,0,0,0
194,0,1000,0,0,1000,0,1000,28,48,28,48,21,35,105859,95,0,0,80291,1,25568,94,28,48,28,48,21,35,105859,95,0,0,80291,1,25568,94,28,48,28,48,21,35,105859,95,0,0,80291,1,25568,94,28,48,28,48,21,35,105859,95,0,0,80291,1,25568,94,28,48,28,48,21,35,105859,95,0,0,80291,1,25568,94,28,48,28,48,21,35,105859,95,0,0,80291,1,25568,94
195,0,1000,0,0,1000,0,1000,28,48,28,48,22,38,0,0,0,0,0,0,0,0,28,48,28,48,22,38,0,0,0,0,0,0,0,0,28,48,28,48,22,38,0,0,0,0,0,0,0,0,28,48,28,48,22,38,0,0,0,0,0,0,0,0,28,48,28,48,22,38,0,0,0,0,0,0,0,0,28,48,28,48,22,38,0,0,0,0,0,0,0,0
196,0,1000,0,0,1000,0,1000,28,48,28,48,22,38,0,0,0,0,0,0,0,0,28,48,28,48,22,38,0,0,0,0,0,0,0,0,28,48,28,48,22,38,0,0,0,0,0,0,0,0,28,48,28,48,22,38,0,0,0,0,0,0,0,0,28,48,28,48,22,38,0,0,0,0,0,0,0,0,28,48,28,48,22,38,0,0,0,0,0,0,0,0
197,0,1000,0,0,1000,0,1000,28,48,28,48,22,38,0,0,0,0,0,0,0,0,28,48,28,48,22,38,0,0,0,0,0,0,0,0,28,48,28,48,22,38,0,0,0,0,0,0,0,0,28,48,28,48,22,38,0,0,0,0,0,0,0,0,28,48,28,48,22,38,0,0,0,0,0,0,0,0,28,48,28,48,22,38,0,0,0,0,0,0,0,0
198,0,1000,0,0,1000,0,1000,28,48,28,48,22,38,25024,92,0,0,0,0,25024,92,28,48,28,48,22,38,25024,92,0,0,0,0,25024,92,28,48,28,48,22,38,25024,92,0,0,0,0,25024,92,28,48,28,48,22,38,25024,92,0,0,0,0,25024,92,28,48,28,48,22,38,25024,92,0,0,0,0,25024,92,28,48,28,48,22,38,25024,92,0,0,0,0,25024,92
199,0,1000,0,0,1000,0,1000,28,48,28,48,23,39,0,0,0,0,0,0,0,0,28,48,28,48,23,39,0,0,0,0,0,0,0,0,28,48,28,48,23,39,0,0,0,0,0,0,0,0,28,48,28,48,23,39,0,0,0,0,0,0,0,0,28,48,28,48,23,39,0,0,0,0,0,0,0,0,28,48,28,48,23,39,0,0,0,0,0,0,0,0
200,0,1000,0,0,1000,0,1000,28,48,28,48,23,39,0,0,0,0,0,0,0,0,28,48,28,48,23,39,0,0,0,0,0,0,0,0,28,48,28,48,23,39,0,0,0,0,0,0,0,0,28,48,28,48,23,39,0,0,0,0,0,0,0,0,28,48,28,48,23,39,0,0,0,0,0,0,0,0,28,48,28,48,23,39,0,0,0,0,0,0,0,0
201,0,1000,0,0,1000,0,1000,28,48,28,48,23,39,0,0,0,0,0,0,0,0,28,48,28,48,23,39,0,0,0,0,0,0,0,0,28,48,28,48,23,39,0,0,0,0,0,0,0,0,28,48,28,48,23,39,0,0,0,0,0,0,0,0,28,48,28,48,23,39,0,0,0,0,0,0,0,0,28,48,28,48,23,39,0,0,0,0,0,0,0,0
202,0,1000,0,0,1000,0,1000,28,48,28,48,23,39,25296,93,0,0,0,0,25296,93,28,48,28,48,23,39,25296,93,0,0,0,0,25296,93,28,48,28,48,23,39,25296,93,0,0,0,0,25296,93,28,48,28,48,23,39,25296,93,0,0,0,0,25296,93,28,48,28,48,23,39,25296,93,0,0,0,0,25296,93,28,48,28,48,23,39,25296,93,0,0,0,0,25296,93
203,0,1000,0,0,1000,0,1000,28,48,28,48,23,39,0,0,0,0,0,0,0,0,28,48,28,48,23,39,0,0,0,0,0,0,0,0,28,48,28,48,23,39,0,0,0,0,0,0,0,0,28,48,28,48,23,39,0,0,0,0,0,0,0,0,28,48,28,48,23,39,0,0,0,0,0,0,0,0,28,48,28,48,23,39,0,0,0,0,0,0,0,0
204,0,1000,0,0,1000,0,1000,28,48,28,48,23,39,0,0,0,0,0,0,0,0,28,48,28,48,23,39,0,0,0,0,0,0,0,0,28,48,28,48,23,39,0,0,0,0,0,0,0,0,28,48,28,48,23,39,0,0,0,0,0,0,0,0,28,48,28,48,23,39,0,0,0,0,0,0,0,0,28,48,28,48,23,39,0,0,0,0,0,0,0,0
205,0,1000,0,0,1000,0,1000,28,48,28,48,23,39,0,0,0,0,0,0,0,0,28,48,28,48,23,39,0,0,0,0,0,0,0,0,28,48,28,48,23,39,0,0,0,0,0,0,0,0,28,48,28,48,23,39,0,0,0,0,0,0,0,0,28,48,28,48,23,39,0,0,0,0,0,0,0,0,28,48,28,48,23,39,0,0,0,0,0,0,0,0
206,0,1000,0,0,1000,0,1000,28,48,28,48,23,39,25568,94,0,0,0,0,25568,94,28,48,28,48,23,39,25568,94,0,0,0,0,25568,94,28,48,28,48,23,39,25568,94,0,0,0,0,25568,94,28,48,28,48,23,39,25568,94,0,0,0,0,25568,94,28,48,28,48,23,39,25568,94,0,0,0,0,25568,94,28,48,28,48,23,39,25568,94,0,0,0,0,25568,94
207,0,1000,0,0,1000,0,1000,28,48,28,48,24,41,0,0,0,0,0,0,0,0,28,48,28,48,24,41,0,0,0,0,0,0,0,0,28,48,28,48,24,41,0,0,0,0,0,0,0,0,28,48,28,48,24,41,0,0,0,0,0,0,0,0,28,48,28,48,24,41,0,0,0,0,0,0,0,0,28,48,28,48,24,41,0,0,0,0,0,0,0,0
208,0,1000,0,0,1000,0,1000,28,48,28,48,24,41,0,0,0,0,0,0,0,0,28,48,28,48,24,41,0,0,0,0,0,0,0,0,28,48,28,48,24,41,0,0,0,0,0,0,0,0,28,48,28,48,24,41,0,0,0,0,0,0,0,0,28,48,28,48,24,41,0,0,0,0,0,0,0,0,28,48,28,48,24,41,0,0,0,0,0,0,0,0
209,0,1000,0,0,1000,0,1000,28,48,28,48,24,41,83447,1,83447,1,0,0,0,0,28,48,28,48,24,41,83447,1,83447,1,0,0,0,0,28,48,28,48,24,41,83447,1,83447,1,0,0,0,0,28,48,28,48,24,41,83447,1,83447,1,0,0,0,0,28,48,28,48,24,41,83447,1,83447,1,0,0,0,0,28,48,28,48,24,41,83447,1,83447,1,0,0,0,0
210,0,1000,0,0,1000,0,1000,29,52,29,52,24,41,110483,112,0,0,80291,1,30192,111,29,52,29,52,24,41,110483,112,0,0,80291,1,30192,111,29,52,29,52,24,41,110483,112,0,0,80291,1,30192,111,29,52,29,52,24,41,110483,112,0,0,80291,1,30192,111,29,52,29,52,24,41,110483,112,0,0,80291,1,30192,111,29,52,29,52,24,41,110483,112,0,0,80291,1,30192,111
211,0,1000,0,0,1000,0,1000,29,52,29,52,25,42,0,0,0,0,0,0,0,0,29,52,29,52,25,42,0,0,0,0,0,0,0,0,29,52,29,52,25,42,0,0,0,0,0,0,0,0,29,52,29,52,25,42,0,0,0,0,0,0,0,0,29,52,29,52,25,42,0,0,0,0,0,0,0,0,29,52,29,52,25,42,0,0,0,0,0,0,0,0
212,0,1000,0,0,1000,0,1000,29,52,29,52,25,42,0,0,0,0,0,0,0,0,29,52,29,52,25,42,0,0,0,0,0,0,0,0,29,52,29,52,25,42,0,0,0,0,0,0,0,0,29,52,29,52,25,42,0,0,0,0,0,0,0,0,29,52,29,52,25,42,0,0,0,0,0,0,0,0,29,52,29,52,25,42,0,0,0,0,0,0,0,0
213,0,1000,0,0,1000,0,1000,29,52,29,52,25,42,83991,1,83991,1,0,0,0,0,29,52,29,52,25,42,83991,1,83991,1,0,0,0,0,29,52,29,52,25,42,83991,1,83991,1,0,0,0,0,29,52,29,52,25,42,83991,1,83991,1,0,0,0,0,29,52,29,52,25,42,83991,1,83991,1,0,0,0,0,29,52,29,52,25,42,83991,1,83991,1,0,0,0,0
214,0,1000,0,0,1000,0,1000,30,53,30,53,25,42,110211,111,0,0,80291,1,29920,110,30,53,30,53,25,42,110211,111,0,0,80291,1,29920,110,30,53,30,53,25,42,110211,111,0,0,80291,1,29920,110,30,53,30,53,25,42,110211,111,0,0,80291,1,29920,110,30,53,30,53,25,42,110211,111,0,0,80291,1,29920,110,30,53,30,53,25,42,110211,111,0,0,80291,1,29920,110
215,0,1000,0,0,1000,0,1000,30,53,30,53,25,42,0,0,0,0,0,0,0,0,30,53,30,53,25,42,0,0,0,0,0,0,0,0,30,53,30,53,25,42,0,0,0,0,0,0,0,0,30,53,30,53,25,42,0,0,0,0,0,0,0,0,30,53,30,53,25,42,0,0,0,0,0,0,0,0,30,53,30,53,25,42,0,0,0,0,0,0,0,0
216,0,1000,0,0,1000,0,1000,30,53,30,53,25,42,0,0,0,0,0,0,0,0,30,53,30,53,25,42,0,0,0,0,0,0,0,0,30,53,30,53,25,42,0,0,0,0,0,0,0,0,30,53,30,53,25,42,0,0,0,0,0,0,0,0,30,53,30,53,25,42,0,0,0,0,0,0,0,0,30,53,30,53,25,42,0,0,0,0,0,0,0,0
217,0,1000,0,0,1000,0,1000,30,53,30,53,25,42,83959,1,83959,1,0,0,0,0,30,53,30,53,25,42,83959,1,83959,1,0,0,0,0,30,53,30,53,25,42,83959,1,83959,1,0,0,0,0,30,53,30,53,25,42,83959,1,83959,1,0,0,0,0,30,53,30,53,25,42,83959,1,83959,1,0,0,0,0,30,53,30,53,25,42,83959,1,83959,1,0,0,0,0
218,0,1000,0,0,1000,0,1000,31,54,31,54,25,42,107763,102,0,0,80291,1,27472,101,31,54,31,54,25,42,107763,102,0,0,80291,1,27472,101,31,54,31,54,25,42,107763,102,0,0,80291,1,27472,101,31,54,31,54,25,42,107763,102,0,0,80291,1,27472,101,31,54,31,54,25,42,107763,102,0,0,80291,1,27472,101,31,54,31,54,25,42,107763,102,0,0,80291,1,27472,101
219,0,1000,0,0,1000,0,1000,31,54,31,54,26,44,0,0,0,0,0,0,0,0,31,54,31,54,26,44,0,0,0,0,0,0,0,0,31,54,31,54,26,44,0,0,0,0,0,0,0,0,31,54,31,54,26,44,0,0,0,0,0,0,0,0,31,54,31,54,26,44,0,0,0,0,0,0,0,0,31,54,31,54,26,44,0,0,0,0,0,0,0,0
220,0,1000,0,0,1000,0,1000,31,54,31,54,26,44,0,0,0,0,0,0,0,0,31,54,31,54,26,44,0,0,0,0,0,0,0,0,31,54,31,54,26,44,0,0,0,0,0,0,0,0,31,54,31,54,26,44,0,0,0,0,0,0,0,0,31,54,31,54,26,44,0,0,0,0,0,0,0,0,31,54,31,54,26,44,0,0,0,0,0,0,0,0
221,0,1000,0,0,1000,0,1000,31,54,31,54,26,44,167342,2,167342,2,0,0,0,0,31,54,31,54,26,44,167342,2,167342,2,0,0,0,0,31,54,31,54,26,44,167342,2,167342,2,0,0,0,0,31,54,31,54,26,44,167342,2,167342,2,0,0,0,0,31,54,31,54,26,44,167342,2,167342,2,0,0,0,0,31,54,31,54,26,44,167342,2,167342,2,0,0,0,0
222,0,1000,0,0,1000,0,1000,32,55,32,55,26,44,110755,113,0,0,80291,1,30464,112,32,55,32,55,26,44,110755,113,0,0,80291,1,30464,112,32,55,32,55,26,44,110755,113,0,0,80291,1,30464,112,32,55,32,55,26,44,110755,113,0,0,80291,1,30464,112,32,55,32,55,26,44,110755,113,0,0,80291,1,30464,112,32,55,32,55,26,44,110755,113,0,0,80291,1,30464,112
223,0,1000,0,0,1000,0,1000,32,55,32,55,27,45,0,0,0,0,0,0,0,0,32,55,32,55,27,45,0,0,0,0,0,0,0,0,32,55,32,55,27,45,0,0,0,0,0,0,0,0,32,55,32,55,27,45,0,0,0,0,0,0,0,0,32,55,32,55,27,45,0,0,0,0,0,0,0,0,32,55,32,55,27,45,0,0,0,0,0,0,0,0
224,0,1000,0,0,1000,0,1000,32,55,32,55,27,45,0,0,0,0,0,0,0,0,32,55,32,55,27,45,0,0,0,0,0,0,0,0,32,55,32,55,27,45,0,0,0,0,0,0,0,0,32,55,32,55,27,45,0,0,0,0,0,0,0,0,32,55,32,55,27,45,0,0,0,0,0,0,0,0,32,55,32,55,27,45,0,0,0,0,0,0,0,0
225,0,1000,0,0,1000,0,1000,32,55,32,55,27,45,84023,1,84023,1,0,0,0,0,32,55,32,55,27,45,84023,1,84023,1,0,0,0,0,32,55,32,55,27,45,84023,1,84023,1,0,0,0,0,32,55,32,55,27,45,84023,1,84023,1,0,0,0,0,32,55,32,55,27,45,84023,1,84023,1,0,0,0,0,32,55,32,55,27,45,84023,1,84023,1,0,0,0,0
226,0,1000,0,0,1000,0,1000,33,56,33,56,27,45,105315,93,0,0,80291,1,25024,92,33,56,33,56,27,45,105315,93,0,0,80291,1,25024,92,33,56,33,56,27,45,105315,93,0,0,80291,1,25024,92,33,56,33,56,27,45,105315,93,0,0,80291,1,25024,92,33,56,33,56,27,45,105315,93,0,0,80291,1,25024,92,33,56,33,56,27,45,105315,93,0,0,80291,1,25024,92
227,0,1000,0,0,1000,0,1000,33,56,33,56,27,45,0,0,0,0,0,0,0,0,33,56,33,56,27,45,0,0,0,0,0,0,0,0,33,56,33,56,27,45,0,0,0,0,0,0,0,0,33,56,33,56,27,45,0,0,0,0,0,0,0,0,33,56,33,56,27,45,0,0,0,0,0,0,0,0,33,56,33,56,27,45,0,0,0,0,0,0,0,0
228,0,1000,0,0,1000,0,1000,33,56,33,56,27,45,0,0,0,0,0,0,0,0,33,56,33,56,27,45,0,0,0,0,0,0,0,0,33,56,33,56,27,45,0,0,0,0,0,0,0,0,33,56,33,56,27,45,0,0,0,0,0,0,0,0,33,56,33,56,27,45,0,0,0,0,0,0,0,0,33,56,33,56,27,45,0,0,0,0,0,0,0,0
229,0,1000,0,0,1000,0,1000,33,56,33,56,27,45,83383,1,83383,1,0,0,0,0,33,56,33,56,27,45,83383,1,83383,1,0,0,0,0,33,56,33,56,27,45,83383,1,83383,1,0,0,0,0,33,56,33,56,27,45,83383,1,83383,1,0,0,0,0,33,56,33,56,27,45,83383,1,83383,1,0,0,0,0,33,56,33,56,27,45,83383,1,83383,1,0,0,0,0
230,0,1000,0,0,1000,0,1000,34,57,34,57,27,45,104227,89,0,0,80291,1,23936,88,34,57,34,57,27,45,104227,89,0,0,80291,1,23936,88,34,57,34,57,27,45,104227,89,0,0,80291,1,23936,88,34,57,34,57,27,45,104227,89,0,0,80291,1,23936,88,34,57,34,57,27,45,104227,89,0,0,80291,1,23936,88,34,57,34,57,27,45,104227,89,0,0,80291,1,23936,88
231,0,1000,0,0,1000,0,1000,34,57,34,57,27,45,0,0,0,0,0,0,0,0,34,57,34,57,27,45,0,0,0,0,0,0,0,0,34,57,34,57,27,45,0,0,0,0,0,0,0,0,34,57,34,57,27,45,0,0,0,0,0,0,0,0,34,57,34,57,27,45,0,0,0,0,0,0,0,0,34,57,34,57,27,45,0,0,0,0,0,0,0,0
232,0,1000,0,0,1000,0,1000,34,57,34,57,27,45,0,0,0,0,0,0,0,0,34,57,34,57,27,45,0,0,0,0,0,0,0,0,34,57,34,57,27,45,0,0,0,0,0,0,0,0,34,57,34,57,27,45,0,0,0,0,0,0,0,0,34,57,34,57,27,45,0,0,0,0,0,0,0,0,34,57,34,57,27,45,0,0,0,0,0,0,0,0
233,0,1000,0,0,1000,0,1000,34,57,34,57,27,45,166510,2,166510,2,0,0,0,0,34,57,34,57,27,45,166510,2,166510,2,0,0,0,0,34,57,34,57,27,45,166510,2,166510,2,0,0,0,0,34,57,34,57,27,45,166510,2,166510,2,0,0,0,0,34,57,34,57,27,45,166510,2,166510,2,0,0,0,0,34,57,34,57,27,45,166510,2,166510,2,0,0,0,0
234,0,1000,0,0,1000,0,1000,35,58,35,58,27,45,108035,103,0,0,80291,1,27744,102,35,58,35,58,27,45,108035,103,0,0,80291,1,27744,102,35,58,35,58,27,45,108035,103,0,0,80291,1,27744,102,35,58,35,58,27,45,108035,103,0,0,80291,1,27744,102,35,58,35,58,27,45,108035,103,0,0,80291,1,27744,102,35,58,35,58,27,45,108035,103,0,0,80291,1,27744,102
235,0,1000,0,0,1000,0,1000,35,58,35,58,28,48,0,0,0,0,0,0,0,0,35,58,35,58,28,48,0,0,0,0,0,0,0,0,35,58,35,58,28,48,0,0,0,0,0,0,0,0,35,58,35,58,28,48,0,0,0,0,0,0,0,0,35,58,35,58,28,48,0,0,0,0,0,0,0,0,35,58,35,58,28,48,0,0,0,0,0,0,0,0
236,0,1000,0,0,1000,0,1000,35,58,35,58,28,48,0,0,0,0,0,0,0,0,35,58,35,58,28,48,0,0,0,0,0,0,0,0,35,58,35,58,28,48,0,0,0,0,0,0,0,0,35,58,35,58,28,48,0,0,0,0,0,0,0,0,35,58,35,58,28,48,0,0,0,0,0,0,0,0,35,58,35,58,28,48,0,0,0,0,0,0,0,0
237,0,1000,0,0,1000,0,1000,35,58,35,58,28,48,167405,2,167405,2,0,0,0,0,35,58,35,58,28,48,167405,2,167405,2,0,0,0,0,35,58,35,58,28,48,167405,2,167405,2,0,0,0,0,35,58,35,58,28,48,167405,2,167405,2,0,0,0,0,35,58,35,58,28,48,167405,2,167405,2,0,0,0,0,35,58,35,58,28,48,167405,2,167405,2,0,0,0,0
238,0,1000,0,0,1000,0,1000,36,59,36,59,28,48,101234,78,0,0,80290,1,20944,77,36,59,36,59,28,48,101234,78,0,0,80290,1,20944,77,36,59,36,59,28,48,101234,78,0,0,80290,1,20944,77,36,59,36,59,28,48,101234,78,0,0,80290,1,20944,77,36,59,36,59,28,48,101234,78,0,0,80290,1,20944,77,36,59,36,59,28,48,101234,78,0,0,80290,1,20944,77
239,0,1000,0,0,1000,0,1000,36,59,36,59,28,48,0,0,0,0,0,0,0,0,36,59,36,59,28,48,0,0,0,0,0,0,0,0,36,59,36,59,28,48,0,0,0,0,0,0,0,0,36,59,36,59,28,48,0,0,0,0,0,0,0,0,36,59,36,59,28,48,0,0,0,0,0,0,0,0,36,59,36,59,28,48,0,0,0,0,0,0,0,0
240,0,1000,0,0,1000,0,1000,36,59,36,59,28,48,0,0,0,0,0,0,0,0,36,59,36,59,28,48,0,0,0,0,0,0,0,0,36,59,36,59,28,48,0,0,0,0,0,0,0,0,36,59,36,59,28,48,0,0,0,0,0,0,0,0,36,59,36,59,28,48,0,0,0,0,0,0,0,0,36,59,36,59,28,48,0,0,0,0,0,0,0,0
241,0,1000,0,0,1000,0,1000,36,59,36,59,28,48,165806,2,165806,2,0,0,0,0,36,59,36,59,28,48,165806,2,165806,2,0,0,0,0,36,59,36,59,28,48,165806,2,165806,2,0,0,0,0,36,59,36,59,28,48,165806,2,165806,2,0,0,0,0,36,59,36,59,28,48,165806,2,165806,2,0,0,0,0,36,59,36,59,28,48,165806,2,165806,2,0,0,0,0
242,0,1000,0,0,1000,0,1000,37,60,37,60,28,48,111027,114,0,0,80291,1,30736,113,37,60,37,60,28,48,111027,114,0,0,80291,1,30736,113,37,60,37,60,28,48,111027,114,0,0,80291,1,30736,113,37,60,37,60,28,48,111027,114,0,0,80291,1,30736,113,37,60,37,60,28,48,111027,114,0,0,80291,1,30736,113,37,60,37,60,28,48,111027,114,0,0,80291,1,30736,113
243,0,1000,0,0,1000,0,1000,37,60,37,60,28,48,0,0,0,0,0,0,0,0,37,60,37,60,28,48,0,0,0,0,0,0,0,0,37,60,37,60,28,48,0,0,0,0,0,0,0,0,37,60,37,60,28,48,0,0,0,0,0,0,0,0,37,60,37,60,28,48,0,0,0,0,0,0,0,0,37,60,37,60,28,48,0,0,0,0,0,0,0,0
244,0,1000,0,0,1000,0,1000,37,60,37,60,28,48,0,0,0,0,0,0,0,0,37,60,37,60,28,48,0,0,0,0,0,0,0,0,37,60,37,60,28,48,0,0,0,0,0,0,0,0,37,60,37,60,28,48,0,0,0,0,0,0,0,0,37,60,37,60,28,48,0,0,0,0,0,0,0,0,37,60,37,60,28,48,0,0,0,0,0,0,0,0
245,0,1000,0,0,1000,0,1000,37,60,37,60,28,48,84055,1,84055,1,0,0,0,0,37,60,37,60,28,48,84055,1,84055,1,0,0,0,0,37,60,37,60,28,48,84055,1,84055,1,0,0,0,0,37,60,37,60,28,48,84055,1,84055,1,0,0,0,0,37,60,37,60,28,48,84055,1,84055,1,0,0,0,0,37,60,37,60,28,48,84055,1,84055,1,0,0,0,0
246,0,1000,0,0,1000,0,1000,38,61,38,61,28,48,111027,114,0,0,80291,1,30736,113,38,61,38,61,28,48,111027,114,0,0,80291,1,30736,113,38,61,38,61,28,48,111027,114,0,0,80291,1,30736,113,38,61,38,61,28,48,111027,114,0,0,80291,1,30736,113,38,61,38,61,28,48,111027,114,0,0,80291,1,30736,113,38,61,38,61,28,48,111027,114,0,0,80291,1,30736,113
247,0,1000,0,0,1000,0,1000,38,61,38,61,28,48,0,0,0,0,0,0,0,0,38,61,38,61,28,48,0,0,0,0,0,0,0,0,38,61,38,61,28,48,0,0,0,0,0,0,0,0,38,61,38,61,28,48,0,0,0,0,0,0,0,0,38,61,38,61,28,48,0,0,0,0,0,0,0,0,38,61,38,61,28,48,0,0,0,0,0,0,0,0
248,0,1000,0,0,1000,0,1000,38,61,38,61,28,48,0,0,0,0,0,0,0,0,38,61,38,61,28,48,0,0,0,0,0,0,0,0,38,61,38,61,28,48,0,0,0,0,0,0,0,0,38,61,38,61,28,48,0,0,0,0,0,0,0,0,38,61,38,61,28,48,0,0,0,0,0,0,0,0,38,61,38,61,28,48,0,0,0,0,0,0,0,0
249,0,1000,0,0,1000,0,1000,38,61,38,61,28,48,0,0,0,0,0,0,0,0,38,61,38,61,28,48,0,0,0,0,0,0,0,0,38,61,38,61,28,48,0,0,0,0,0,0,0,0,38,61,38,61,28,48,0,0,0,0,0,0,0,0,38,61,38,61,28,48,0,0,0,0,0,0,0,0,38,61,38,61,28,48,0,0,0,0,0,0,0,0
250,0,1000,0,0,1000,0,1000,38,61,38,61,28,48,28016,103,0,0,0,0,28016,103,38,61,38,61,28,48,28016,103,0,0,0,0,28016,103,38,61,38,61,28,48,28016,103,0,0,0,0,28016,103,38,61,38,61,28,48,28016,103,0,0,0,0,28016,103,38,61,38,61,28,48,28016,103,0,0,0,0,28016,103,38,61,38,61,28,48,28016,103,0,0,0,0,28016,103
251,0,1000,0,0,1000,0,1000,38,61,38,61,29,52,0,0,0,0,0,0,0,0,38,61,38,61,29,52,0,0,0,0,0,0,0,0,38,61,38,61,29,52,0,0,0,0,0,0,0,0,38,61,38,61,29,52,0,0,0,0,0,0,0,0,38,61,38,61,29,52,0,0,0,0,0,0,0,0,38,61,38,61,29,52,0,0,0,0,0,0,0,0
252,0,1000,0,0,1000,0,1000,38,61,38,61,29,52,0,0,0,0,0,0,0,0,38,61,38,61,29,52,0,0,0,0,0,0,0,0,38,61,38,61,29,52,0,0,0,0,0,0,0,0,38,61,38,61,29,52,0,0,0,0,0,0,0,0,38,61,38,61,29,52,0,0,0,0,0,0,0,0,38,61,38,61,29,52,0,0,0,0,0,0,0,0
253,0,1000,0,0,1000,0,1000,38,61,38,61,29,52,83735,1,83735,1,0,0,0,0,38,61,38,61,29,52,83735,1,83735,1,0,0,0,0,38,61,38,61,29,52,83735,1,83735,1,0,0,0,0,38,61,38,61,29,52,83735,1,83735,1,0,0,0,0,38,61,38,61,29,52,83735,1,83735,1,0,0,0,0,38,61,38,61,29,52,83735,1,83735,1,0,0,0,0
254,0,1000,0,0,1000,0,1000,39,63,39,63,29,52,109667,109,0,0,80291,1,29376,108,39,63,39,63,29,52,109667,109,0,0,80291,1,29376,108,39,63,39,63,29,52,109667,109,0,0,80291,1,29376,108,39,63,39,63,29,52,109667,109,0,0,80291,1,29376,108,39,63,39,63,29,52,109667,109,0,0,80291,1,29376,108,39,63,39,63,29,52,109667,109,0,0,80291,1,29376,108
255,0,1000,0,0,1000,0,1000,39,63,39,63,30,53,0,0,0,0,0,0,0,0,39,63,39,63,30,53,0,0,0,0,0,0,0,0,39,63,39,63,30,53,0,0,0,0,0,0,0,0,39,63,39,63,30,53,0,0,0,0,0,0,0,0,39,63,39,63,30,53,0,0,0,0,0,0,0,0,39,63,39,63,30,53,0,0,0,0,0,0,0,0
256,0,1000,0,0,1000,0,1000,39,63,39,63,30,53,0,0,0,0,0,0,0,0,39,63,39,63,30,53,0,0,0,0,0,0,0,0,39,63,39,63,30,53,0,0,0,0,0,0,0,0,39,63,39,63,30,53,0,0,0,0,0,0,0,0,39,63,39,63,30,53,0,0,0,0,0,0,0,0,39,63,39,63,30,53,0,0,0,0,0,0,0,0
257,0,1000,0,0,1000,0,1000,39,63,39,63,30,53,167790,2,167790,2,0,0,0,0,39,63,39,63,30,53,167790,2,167790,2,0,0,0,0,39,63,39,63,30,53,167790,2,167790,2,0,0,0,0,39,63,39,63,30,53,167790,2,167790,2,0,0,0,0,39,63,39,63,30,53,167790,2,167790,2,0,0,0,0,39,63,39,63,30,53,167790,2,167790,2,0,0,0,0
258,0,1000,0,0,1000,0,1000,40,64,40,64,30,53,108035,103,0,0,80291,1,27744,102,40,64,40,64,30,53,108035,103,0,0,80291,1,27744,102,40,64,40,64,30,53,108035,103,0,0,80291,1,27744,102,40,64,40,64,30,53,108035,103,0,0,80291,1,27744,102,40,64,40,64,30,53,108035,103,0,0,80291,1,27744,102,40,64,40,64,30,53,108035,103,0,0,80291,1,27744,102
259,0,1000,0,0,1000,0,1000,40,64,40,64,31,54,0,0,0,0,0,0,0,0,40,64,40,64,31,54,0,0,0,0,0,0,0,0,40,64,40,64,31,54,0,0,0,0,0,0,0,0,40,64,40,64,31,54,0,0,0,0,0,0,0,0,40,64,40,64,31,54,0,0,0,0,0,0,0,0,40,64,40,64,31,54,0,0,0,0,0,0,0,0
260,0,1000,0,0,1000,0,1000,40,64,40,64,31,54,0,0,0,0,0,0,0,0,40,64,40,64,31,54,0,0,0,0,0,0,0,0,40,64,40,64,31,54,0,0,0,0,0,0,0,0,40,64,40,64,31,54,0,0,0,0,0,0,0,0,40,64,40,64,31,54,0,0,0,0,0,0,0,0,40,64,40,64,31,54,0,0,0,0,0,0,0,0
261,0,1000,0,0,1000,0,1000,40,64,40,64,31,54,83703,1,83703,1,0,0,0,0,40,64,40,64,31,54,83703,1,83703,1,0,0,0,0,40,64,40,64,31,54,83703,1,83703,1,0,0,0,0,40,64,40,64,31,54,83703,1,83703,1,0,0,0,0,40,64,40,64,31,54,83703,1,83703,1,0,0,0,0,40,64,40,64,31,54,83703,1,83703,1,0,0,0,0
262,0,1000,0,0,1000,0,1000,41,65,41,65,31,54,108579,105,0,0,80291,1,28288,104,41,65,41,65,31,54,108579,105,0,0,80291,1,28288,104,41,65,41,65,31,54,108579,105,0,0,80291,1,28288,104,41,65,41,65,31,54,108579,105,0,0,80291,1,28288,104,41,65,41,65,31,54,108579,105,0,0,80291,1,28288,104,41,65,41,65,31,54,108579,105,0,0,80291,1,28288,104
263,0,1000,0,0,1000,0,1000,41,65,41,65,32,55,0,0,0,0,0,0,0,0,41,65,41,65,32,55,0,0,0,0,0,0,0,0,41,65,41,65,32,55,0,0,0,0,0,0,0,0,41,65,41,65,32,55,0,0,0,0,0,0,0,0,41,65,41,65,32,55,0,0,0,0,0,0,0,0,41,65,41,65,32,55,0,0,0,0,0,0,0,0
264,0,1000,0,0,1000,0,1000,41,65,41,65,32,55,0,0,0,0,0,0,0,0,41,65,41,65,32,55,0,0,0,0,0,0,0,0,41,65,41,65,32,55,0,0,0,0,0,0,0,0,41,65,41,65,32,55,0,0,0,0,0,0,0,0,41,65,41,65,32,55,0,0,0,0,0,0,0,0,41,65,41,65,32,55,0,0,0,0,0,0,0,0
265,0,1000,0,0,1000,0,1000,41,65,41,65,32,55,83767,1,83767,1,0,0,0,0,41,65,41,65,32,55,83767,1,83767,1,0,0,0,0,41,65,41,65,32,55,83767,1,83767,1,0,0,0,0,41,65,41,65,32,55,83767,1,83767,1,0,0,0,0,41,65,41,65,32,55,83767,1,83767,1,0,0,0,0,41,65,41,65,32,55,83767,1,83767,1,0,0,0,0
266,0,1000,0,0,1000,0,1000,42,66,42,66,32,55,107491,101,0,0,80291,1,27200,100,42,66,42,66,32,55,107491,101,0,0,80291,1,27200,100,42,66,42,66,32,55,107491,101,0,0,80291,1,27200,100,42,66,42,66,32,55,107491,101,0,0,80291,1,27200,100,42,66,42,66,32,55,107491,101,0,0,80291,1,27200,100,42,66,42,66,32,55,107491,101,0,0,80291,1,27200,100
267,0,1000,0,0,1000,0,1000,42,66,42,66,33,56,0,0,0,0,0,0,0,0,42,66,42,66,33,56,0,0,0,0,0,0,0,0,42,66,42,66,33,56,0,0,0,0,0,0,0,0,42,66,42,66,33,56,0,0,0,0,0,0,0,0,42,66,42,66,33,56,0,0,0,0,0,0,0,0,42,66,42,66,33,56,0,0,0,0,0,0,0,0
268,0,1000,0,0,1000,0,1000,42,66,42,66,33,56,0,0,0,0,0,0,0,0,42,66,42,66,33,56,0,0,0,0,0,0,0,0,42,66,42,66,33,56,0,0,0,0,0,0,0,0,42,66,42,66,33,56,0,0,0,0,0,0,0,0,42,66,42,66,33,56,0,0,0,0,0,0,0,0,42,66,42,66,33,56,0,0,0,0,0,0,0,0
269,0,1000,0,0,1000,0,1000,42,66,42,66,33,56,83639,1,83639,1,0,0,0,0,42,66,42,66,33,56,83639,1,83639,1,0,0,0,0,42,66,42,66,33,56,83639,1,83639,1,0,0,0,0,42,66,42,66,33,56,83639,1,83639,1,0,0,0,0,42,66,42,66,33,56,83639,1,83639,1,0,0,0,0,42,66,42,66,33,56,83639,1,83639,1,0,0,0,0
270,0,1000,0,0,1000,0,1000,43,67,43,67,33,56,108851,106,0,0,80291,1,28560,105,43,67,43,67,33,56,108851,106,0,0,80291,1,28560,105,43,67,43,67,33,56,108851,106,0,0,80291,1,28560,105,43,67,43,67,33,56,108851,106,0,0,80291,1,28560,105,43,67,43,67,33,56,108851,106,0,0,80291,1,28560,105,43,67,43,67,33,56,108851,106,0,0,80291,1,28560,105
271,0,1000,0,0,1000,0,1000,43,67,43,67,34,57,0,0,0,0,0,0,0,0,43,67,43,67,34,57,0,0,0,0,0,0,0,0,43,67,43,67,34,57,0,0,0,0,0,0,0,0,43,67,43,67,34,57,0,0,0,0,0,0,0,0,43,67,43,67,34,57,0,0,0,0,0,0,0,0,43,67,43,67,34,57,0,0,0,0,0,0,0,0
272,0,1000,0,0,1000,0,1000,43,67,43,67,34,57,0,0,0,0,0,0,0,0,43,67,43,67,34,57,0,0,0,0,0,0,0,0,43,67,43,67,34,57,0,0,0,0,0,0,0,0,43,67,43,67,34,57,0,0,0,0,0,0,0,0,43,67,43,67,34,57,0,0,0,0,0,0,0,0,43,67,43,67,34,57,0,0,0,0,0,0,0,0
273,0,1000,0,0,1000,0,1000,43,67,43,67,34,57,0,0,0,0,0,0,0,0,43,67,43,67,34,57,0,0,0,0,0,0,0,0,43,67,43,67,34,57,0,0,0,0,0,0,0,0,43,67,43,67,34,57,0,0,0,0,0,0,0,0,43,67,43,67,34,57,0,0,0,0,0,0,0,0,43,67,43,67,34,57,0,0,0,0,0,0,0,0
274,0,1000,0,0,1000,0,1000,43,67,43,67,34,57,26384,97,0,0,0,0,26384,97,43,67,43,67,34,57,26384,97,0,0,0,0,26384,97,43,67,43,67,34,57,26384,97,0,0,0,0,26384,97,43,67,43,67,34,57,26384,97,0,0,0,0,26384,97,43,67,43,67,34,57,26384,97,0,0,0,0,26384,97,43,67,43,67,34,57,26384,97,0,0,0,0,26384,97
275,0,1000,0,0,1000,0,1000,43,67,43,67,35,58,0,0,0,0,0,0,0,0,43,67,43,67,35,58,0,0,0,0,0,0,0,0,43,67,43,67,35,58,0,0,0,0,0,0,0,0,43,67,43,67,35,58,0,0,0,0,0,0,0,0,43,67,43,67,35,58,0,0,0,0,0,0,0,0,43,67,43,67,35,58,0,0,0,0,0,0,0,0
276,0,1000,0,0,1000,0,1000,43,67,43,67,35,58,0,0,0,0,0,0,0,0,43,67,43,67,35,58,0,0,0,0,0,0,0,0,43,67,43,67,35,58,0,0,0,0,0,0,0,0,43,67,43,67,35,58,0,0,0,0,0,0,0,0,43,67,43,67,35,58,0,0,0,0,0,0,0,0,43,67,43,67,35,58,0,0,0,0,0,0,0,0
277,0,1000,0,0,1000,0,1000,43,67,43,67,35,58,0,0,0,0,0,0,0,0,43,67,43,67,35,58,0,0,0,0,0,0,0,0,43,67,43,67,35,58,0,0,0,0,0,0,0,0,43,67,43,67,35,58,0,0,0,0,0,0,0,0,43,67,43,67,35,58,0,0,0,0,0,0,0,0,43,67,43,67,35,58,0,0,0,0,0,0,0,0
278,0,1000,0,0,1000,0,1000,43,67,43,67,35,58,26656,98,0,0,0,0,26656,98,43,67,43,67,35,58,26656,98,0,0,0,0,26656,98,43,67,43,67,35,58,26656,98,0,0,0,0,26656,98,43,67,43,67,35,58,26656,98,0,0,0,0,26656,98,43,67,43,67,35,58,26656,98,0,0,0,0,26656,98,43,67,43,67,35,58,26656,98,0,0,0,0,26656,98
279,0,1000,0,0,1000,0,1000,43,67,43,67,36,59,0,0,0,0,0,0,0,0,43,67,43,67,36,59,0,0,0,0,0,0,0,0,43,67,43,67,36,59,0,0,0,0,0,0,0,0,43,67,43,67,36,59,0,0,0,0,0,0,0,0,43,67,43,67,36,59,0,0,0,0,0,0,0,0,43,67,43,67,36,59,0,0,0,0,0,0,0,0
280,0,1000,0,0,1000,0,1000,43,67,43,67,36,59,0,0,0,0,0,0,0,0,43,67,43,67,36,59,0,0,0,0,0,0,0,0,43,67,43,67,36,59,0,0,0,0,0,0,0,0,43,67,43,67,36,59,0,0,0,0,0,0,0,0,43,67,43,67,36,59,0,0,0,0,0,0,0,0,43,67,43,67,36,59,0,0,0,0,0,0,0,0
281,0,1000,0,0,1000,0,1000,43,67,43,67,36,59,0,0,0,0,0,0,0,0,43,67,43,67,36,59,0,0,0,0,0,0,0,0,43,67,43,67,36,59,0,0,0,0,0,0,0,0,43,67,43,67,36,59,0,0,0,0,0,0,0,0,43,67,43,67,36,59,0,0,0,0,0,0,0,0,43,67,43,67,36,59,0,0,0,0,0,0,0,0
282,0,1000,0,0,1000,0,1000,43,67,43,67,36,59,26656,98,0,0,0,0,26656,98,43,67,43,67,36,59,26656,98,0,0,0,0,26656,98,43,67,43,67,36,59,26656,98,0,0,0,0,26656,98,43,67,43,67,36,59,26656,98,0,0,0,0,26656,98,43,67,43,67,36,59,26656,98,0,0,0,0,26656,98,43,67,43,67,36,59,26656,98,0,0,0,0,26656,98
283,0,1000,0,0,1000,0,1000,43,67,43,67,37,60,0,0,0,0,0,0,0,0,43,67,43,67,37,60,0,0,0,0,0,0,0,0,43,67,43,67,37,60,0,0,0,0,0,0,0,0,43,67,43,67,37,60,0,0,0,0,0,0,0,0,43,67,43,67,37,60,0,0,0,0,0,0,0,0,43,67,43,67,37,60,0,0,0,0,0,0,0,0
284,0,1000,0,0,1000,0,1000,43,67,43,67,37,60,0,0,0,0,0,0,0,0,43,67,43,67,37,60,0,0,0,0,0,0,0,0,43,67,43,67,37,60,0,0,0,0,0,0,0,0,43,67,43,67,37,60,0,0,0,0,0,0,0,0,43,67,43,67,37,60,0,0,0,0,0,0,0,0,43,67,43,67,37,60,0,0,0,0,0,0,0,0
285,0,1000,0,0,1000,0,1000,43,67,43,67,37,60,167150,2,167150,2,0,0,0,0,43,67,43,67,37,60,167150,2,167150,2,0,0,0,0,43,67,43,67,37,60,167150,2,167150,2,0,0,0,0,43,67,43,67,37,60,167150,2,167150,2,0,0,0,0,43,67,43,67,37,60,167150,2,167150,2,0,0,0,0,43,67,43,67,37,60,167150,2,167150,2,0,0,0,0
286,0,1000,0,0,1000,0,1000,44,71,44,71,37,60,108579,105,0,0,80291,1,28288,104,44,71,44,71,37,60,108579,105,0,0,80291,1,28288,104,44,71,44,71,37,60,108579,105,0,0,80291,1,28288,104,44,71,44,71,37,60,108579,105,0,0,80291,1,28288,104,44,71,44,71,37,60,108579,105,0,0,80291,1,28288,104,44,71,44,71,37,60,108579,105,0,0,80291,1,28288,104
287,0,1000,0,0,1000,0,1000,44,71,44,71,38,61,0,0,0,0,0,0,0,0,44,71,44,71,38,61,0,0,0,0,0,0,0,0,44,71,44,71,38,61,0,0,0,0,0,0,0,0,44,71,44,71,38,61,0,0,0,0,0,0,0,0,44,71,44,71,38,61,0,0,0,0,0,0,0,0,44,71,44,71,38,61,0,0,0,0,0,0,0,0
288,0,1000,0,0,1000,0,1000,44,71,44,71,38,61,0,0,0,0,0,0,0,0,44,71,44,71,38,61,0,0,0,0,0,0,0,0,44,71,44,71,38,61,0,0,0,0,0,0,0,0,44,71,44,71,38,61,0,0,0,0,0,0,0,0,44,71,44,71,38,61,0,0,0,0,0,0,0,0,44,71,44,71,38,61,0,0,0,0,0,0,0,0
289,0,1000,0,0,1000,0,1000,44,71,44,71,38,61,83767,1,83767,1,0,0,0,0,44,71,44,71,38,61,83767,1,83767,1,0,0,0,0,44,71,44,71,38,61,83767,1,83767,1,0,0,0,0,44,71,44,71,38,61,83767,1,83767,1,0,0,0,0,44,71,44,71,38,61,83767,1,83767,1,0,0,0,0,44,71,44,71,38,61,83767,1,83767,1,0,0,0,0
290,0,1000,0,0,1000,0,1000,45,72,45,72,38,61,106947,99,0,0,80291,1,26656,98,45,72,45,72,38,61,106947,99,0,0,80291,1,26656,98,45,72,45,72,38,61,106947,99,0,0,80291,1,26656,98,45,72,45,72,38,61,106947,99,0,0,80291,1,26656,98,45,72,45,72,38,61,106947,99,0,0,80291,1,26656,98,45,72,45,72,38,61,106947,99,0,0,80291,1,26656,98
291,0,1000,0,0,1000,0,1000,45,72,45,72,38,61,0,0,0,0,0,0,0,0,45,72,45,72,38,61,0,0,0,0,0,0,0,0,45,72,45,72,38,61,0,0,0,0,0,0,0,0,45,72,45,72,38,61,0,0,0,0,0,0,0,0,45,72,45,72,38,61,0,0,0,0,0,0,0,0,45,72,45,72,38,61,0,0,0,0,0,0,0,0
292,0,1000,0,0,1000,0,1000,45,72,45,72,38,61,0,0,0,0,0,0,0,0,45,72,45,72,38,61,0,0,0,0,0,0,0,0,45,72,45,72,38,61,0,0,0,0,0,0,0,0,45,72,45,72,38,61,0,0,0,0,0,0,0,0,45,72,45,72,38,61,0,0,0,0,0,0,0,0,45,72,45,72,38,61,0,0,0,0,0,0,0,0
293,0,1000,0,0,1000,0,1000,45,72,45,72,38,61,0,0,0,0,0,0,0,0,45,72,45,72,38,61,0,0,0,0,0,0,0,0,45,72,45,72,38,61,0,0,0,0,0,0,0,0,45,72,45,72,38,61,0,0,0,0,0,0,0,0,45,72,45,72,38,61,0,0,0,0,0,0,0,0,45,72,45,72,38,61,0,0,0,0,0,0,0,0
294,0,1000,0,0,1000,0,1000,45,72,45,72,38,61,26112,96,0,0,0,0,26112,96,45,72,45,72,38,61,26112,96,0,0,0,0,26112,96,45,72,45,72,38,61,26112,96,0,0,0,0,26112,96,45,72,45,72,38,61,26112,96,0,0,0,0,26112,96,45,72,45,72,38,61,26112,96,0,0,0,0,26112,96,45,72,45,72,38,61,26112,96,0,0,0,0,26112,96
295,0,1000,0,0,1000,0,1000,45,72,45,72,39,63,0,0,0,0,0,0,0,0,45,72,45,72,39,63,0,0,0,0,0,0,0,0,45,72,45,72,39,63,0,0,0,0,0,0,0,0,45,72,45,72,39,63,0,0,0,0,0,0,0,0,45,72,45,72,39,63,0,0,0,0,0,0,0,0,45,72,45,72,39,63,0,0,0,0,0,0,0,0
296,0,1000,0,0,1000,0,1000,45,72,45,72,39,63,0,0,0,0,0,0,0,0,45,72,45,72,39,63,0,0,0,0,0,0,0,0,45,72,45,72,39,63,0,0,0,0,0,0,0,0,45,72,45,72,39,63,0,0,0,0,0,0,0,0,45,72,45,72,39,63,0,0,0,0,0,0,0,0,45,72,45,72,39,63,0,0,0,0,0,0,0,0
297,0,1000,0,0,1000,0,1000,45,72,45,72,39,63,0,0,0,0,0,0,0,0,45,72,45,72,39,63,0,0,0,0,0,0,0,0,45,72,45,72,39,63,0,0,0,0,0,0,0,0,45,72,45,72,39,63,0,0,0,0,0,0,0,0,45,72,45,72,39,63,0,0,0,0,0,0,0,0,45,72,45,72,39,63,0,0,0,0,0,0,0,0
298,0,1000,0,0,1000,0,1000,45,72,45,72,39,63,26384,97,0,0,0,0,26384,97,45,72,45,72,39,63,26384,97,0,0,0,0,26384,97,45,72,45,72,39,63,26384,97,0,0,0,0,26384,97,45,72,45,72,39,63,26384,97,0,0,0,0,26384,97,45,72,45,72,39,63,26384,97,0,0,0,0,26384,97,45,72,45,72,39,63,26384,97,0,0,0,0,26384,97
299,0,1000,0,0,1000,0,1000,45,72,45,72,40,64,0,0,0,0,0,0,0,0,45,72,45,72,40,64,0,0,0,0,0,0,0,0,45,72,45,72,40,64,0,0,0,0,0,0,0,0,45,72,45,72,40,64,0,0,0,0,0,0,0,0,45,72,45,72,40,64,0,0,0,0,0,0,0,0,45,72,45,72,40,64,0,0,0,0,0,0,0,0
300,0,1000,0,0,1000,0,1000,45,72,45,72,40,64,0,0,0,0,0,0,0,0,45,72,45,72,40,64,0,0,0,0,0,0,0,0,45,72,45,72,40,64,0,0,0,0,0,0,0,0,45,72,45,72,40,64,0,0,0,0,0,0,0,0,45,72,45,72,40,64,0,0,0,0,0,0,0,0,45,72,45,72,40,64,0,0,0,0,0,0,0,0
301,0,1000,0,0,1000,0,1000,45,72,45,72,40,64,0,0,0,0,0,0,0,0,45,72,45,72,40,64,0,0,0,0,0,0,0,0,45,72,45,72,40,64,0,0,0,0,0,0,0,0,45,72,45,72,40,64,0,0,0,0,0,0,0,0,45,72,45,72,40,64,0,0,0,0,0,0,0,0,45,72,45,72,40,64,0,0,0,0,0,0,0,0
302,0,1000,0,0,1000,0,1000,45,72,45,72,40,64,28288,104,0,0,0,0,28288,104,45,72,45,72,40,64,28288,104,0,0,0,0,28288,104,45,72,45,72,40,64,28288,104,0,0,0,0,28288,104,45,72,45,72,40,64,28288,104,0,0,0,0,28288,104,45,72,45,72,40,64,28288,104,0,0,0,0,28288,104,45,72,45,72,40,64,28288,104,0,0,0,0,28288,104
303,0,1000,0,0,1000,0,1000,45,72,45,72,41,65,0,0,0,0,0,0,0,0,45,72,45,72,41,65,0,0,0,0,0,0,0,0,45,72,45,72,41,65,0,0,0,0,0,0,0,0,45,72,45,72,41,65,0,0,0,0,0,0,0,0,45,72,45,72,41,65,0,0,0,0,0,0,0,0,45,72,45,72,41,65,0,0,0,0,0,0,0,0

digraph G {
  rankdir=BT;
  style=filled;
  color=lightgrey;
  node [shape=box,style=filled,color=white];
  b_H1hjpLdoBuF [label="H(1hjpLdoBuF)\nt=5 id=880"];
  b_HfA14D7aSUo [label="H(fA14D7aSUo)\nt=41 id=663"];
  b_H62EooLDmRS [label="H(62EooLDmRS)\nt=53 id=366"];
  b_Hb3C3aAwPz1 [label="H(b3C3aAwPz1)\nt=25 id=109"];
  b_Huj0aliNpAF [label="H(uj0aliNpAF)\nt=39 id=184"];
  b_HloKaArIK2 [label="H(loKaA/rIK2)\nt=42 id=741"];
  b_HJrvjiNgpXE [label="H(JrvjiNgpXE)\nt=63 id=609"];
  b_H0jQYV0ChJ3 [label="H(0jQYV0ChJ3)\nt=58 id=326"];
  b_H9fIuVCDyWb [label="H(9fIuVCDyWb)\nt=20 id=808"];
  b_HrlSXtjg6EU [label="H(rlSXtjg6EU)\nt=4 id=355"];
  b_H2jDDsy8916 [label="H(2jDDsy8916)\nt=24 id=999"];
  b_HsE1Q0FaI0 [label="H(sE1Q0/FaI0)\nt=33 id=379"];
  b_HYo793ZkkK6 [label="H(Yo793ZkkK6)\nt=54 id=905"];
  b_HjGCp1NCpyx [label="H(jGCp1NCpyx)\nt=10 id=385"];
  b_H07XWr9oHSQ [label="H(07XWr9oHSQ)\nt=55 id=503"];
  b_HkzsYCbNVgE [label="H(kzsYCbNVgE)\nt=26 id=119"];
  b_H9QnfP8iCli [label="H(9QnfP8iCli)\nt=31 id=657"];
  b_HHOcvNnR3FI [label="H(HOcvNnR3FI)\nt=2 id=5"];
  b_HR7SV40nIKa [label="H(R7SV40nIKa)\nt=57 id=405"];
  b_HyMFy91sXCE [label="H(yMFy91sXCE)\nt=35 id=216"];
  b_HtfjqBmd7q [label="H(tfjq+Bmd7q)\n"];
  b_Hx4fP8Nzdkq [label="H(x4fP8Nzdkq)\nt=52 id=628"];
  b_HPcxLbR5AAl [label="H(PcxLbR5AAl)\nt=21 id=692"];
  b_HmWO07qbH7P [label="H(mWO07qbH7P)\nt=64 id=603"];
  b_HLJi5lT26M [label="H(LJi5lT2+6M)\nt=65 id=247"];
  b_HVwpXHwlO5a [label="H(VwpXHwlO5a)\nt=71 id=872"];
  b_HIoo1bxsTi [label="H(Ioo+1bxsTi)\nt=28 id=660"];
  b_HBV68Hq5nZ [label="H(BV68+Hq5nZ)\nt=44 id=411"];
  b_Hmc74g9nre [label="H(m+c74g9nre)\nt=45 id=215"];
  b_H5d4up6FCo4 [label="H(5d4up6FCo4)\nt=60 id=998"];
  b_HW6ghsjafZe [label="H(W6ghsjafZe)\nt=66 id=226"];
  b_H8RL46nOyN4 [label="H(8RL46nOyN4)\nt=48 id=421"];
  b_Hh4obIHN0ef [label="H(h4obIHN0ef)\nt=14 id=166"];
  b_HgOxfYzPKQ [label="H(gOxfYzPKQ/)\nt=61 id=186"];
  b_HR5HoFDxBO [label="H(R5H/oFDxBO)\nt=59 id=10"];
  b_HIl89Nj2V9C [label="H(Il89Nj2V9C)\nt=16 id=827"];
  b_HaqTsSS3eXw [label="H(aqTsSS3eXw)\nt=56 id=968"];
  b_HGDn3vnNH69 [label="H(GDn3vnNH69)\nt=72 id=110"];
  b_H1bayEVYP [label="H(+1bayEVYP/)\nt=38 id=147"];
  b_HDWrounW52n [label="H(DWrounW52n)\nt=23 id=779"];
  b_HCe6YZJDtS [label="H(Ce6Y+ZJDtS)\nt=1 id=365"];
  b_HoV7nElTXw [label="H(oV+7nElTXw)\nt=8 id=881"];
  b_HSm7WE2WqXZ [label="H(Sm7WE2WqXZ)\nt=3 id=610"];
  b_H94NgVm47aS [label="H(94NgVm47aS)\nt=67 id=204"];
  b_HeeDW2hbmX7 [label="H(eeDW2hbmX7)\nt=11 id=164"];
  b_HdclbRZl3Mk [label="H(dclbRZl3Mk)\nt=19 id=759"];
  b_H1hjpLdoBuF -> b_HrlSXtjg6EU;
  b_HfA14D7aSUo -> b_Huj0aliNpAF;
  b_H62EooLDmRS -> b_Hx4fP8Nzdkq;
  b_Hb3C3aAwPz1 -> b_H2jDDsy8916;
  b_Huj0aliNpAF -> b_H1bayEVYP;
  b_HloKaArIK2 -> b_HfA14D7aSUo;
  b_HJrvjiNgpXE -> b_HgOxfYzPKQ;
  b_H0jQYV0ChJ3 -> b_HR7SV40nIKa;
  b_H9fIuVCDyWb -> b_HdclbRZl3Mk;
  b_HrlSXtjg6EU -> b_HSm7WE2WqXZ;
  b_H2jDDsy8916 -> b_HDWrounW52n;
  b_HsE1Q0FaI0 -> b_H9QnfP8iCli;
  b_HYo793ZkkK6 -> b_H62EooLDmRS;
  b_HjGCp1NCpyx -> b_HoV7nElTXw;
  b_H07XWr9oHSQ -> b_HYo793ZkkK6;
  b_HkzsYCbNVgE -> b_Hb3C3aAwPz1;
  b_H9QnfP8iCli -> b_HIoo1bxsTi;
  b_HHOcvNnR3FI -> b_HCe6YZJDtS;
  b_HR7SV40nIKa -> b_HaqTsSS3eXw;
  b_HyMFy91sXCE -> b_HsE1Q0FaI0;
  b_Hx4fP8Nzdkq -> b_H8RL46nOyN4;
  b_HPcxLbR5AAl -> b_H9fIuVCDyWb;
  b_HmWO07qbH7P -> b_HJrvjiNgpXE;
  b_HLJi5lT26M -> b_HmWO07qbH7P;
  b_HVwpXHwlO5a -> b_H94NgVm47aS;
  b_HIoo1bxsTi -> b_HkzsYCbNVgE;
  b_HBV68Hq5nZ -> b_HloKaArIK2;
  b_Hmc74g9nre -> b_HBV68Hq5nZ;
  b_H5d4up6FCo4 -> b_HR5HoFDxBO;
  b_HW6ghsjafZe -> b_HLJi5lT26M;
  b_H8RL46nOyN4 -> b_Hmc74g9nre;
  b_Hh4obIHN0ef -> b_HeeDW2hbmX7;
  b_HgOxfYzPKQ -> b_H5d4up6FCo4;
  b_HR5HoFDxBO -> b_H0jQYV0ChJ3;
  b_HIl89Nj2V9C -> b_Hh4obIHN0ef;
  b_HaqTsSS3eXw -> b_H07XWr9oHSQ;
  b_HGDn3vnNH69 -> b_HVwpXHwlO5a;
  b_H1bayEVYP -> b_HyMFy91sXCE;
  b_HDWrounW52n -> b_HPcxLbR5AAl;
  b_HCe6YZJDtS -> b_HtfjqBmd7q;
  b_HoV7nElTXw -> b_H1hjpLdoBuF;
  b_HSm7WE2WqXZ -> b_HHOcvNnR3FI;
  b_H94NgVm47aS -> b_HW6ghsjafZe;
  b_HeeDW2hbmX7 -> b_HjGCp1NCpyx;
  b_HdclbRZl3Mk -> b_HIl89Nj2V9C;
  v_HSTlFXweYSs [label="id=521 t=75"];
  v_HSTlFXweYSs -> b_HGDn3vnNH69;
  v_Hi0aica2PRr [label="id=963 t=75"];
  v_Hi0aica2PRr -> b_HGDn3vnNH69;
  v_H6yzWRgzHU [label="id=571 t=75"];
  v_H6yzWRgzHU -> b_HGDn3vnNH69;
  v_Hs6CIcXPsyc [label="id=206 t=75"];
  v_Hs6CIcXPsyc -> b_HGDn3vnNH69;
  v_HjLzRLuvL85 [label="id=496 t=75"];
  v_HjLzRLuvL85 -> b_HGDn3vnNH69;
  v_H1doHc9DY9z [label="id=295 t=75"];
  v_H1doHc9DY9z -> b_HGDn3vnNH69;
  v_HTYul8Vf5X9 [label="id=490 t=75"];
  v_HTYul8Vf5X9 -> b_HGDn3vnNH69;
  v_HFMUsKmXcR4 [label="id=961 t=75"];
  v_HFMUsKmXcR4 -> b_HGDn3vnNH69;
  v_HXkqNWRivOD [label="id=140 t=75"];
  v_HXkqNWRivOD -> b_HGDn3vnNH69;
  v_HiYSWfTKj2 [label="id=373 t=75"];
  v_HiYSWfTKj2 -> b_HGDn3vnNH69;
  v_HGPMln2E451 [label="id=655 t=75"];
  v_HGPMln2E451 -> b_HGDn3vnNH69;
  v_H7WmRPegGJ7 [label="id=998 t=75"];
  v_H7WmRPegGJ7 -> b_HGDn3vnNH69;
  v_HU6UxxNneW5 [label="id=123 t=75"];
  v_HU6UxxNneW5 -> b_HGDn3vnNH69;
  v_HyOxPAlz6WF [label="id=371 t=75"];
  v_HyOxPAlz6WF -> b_HGDn3vnNH69;
  v_HUlP7OtqXHk [label="id=513 t=75"];
  v_HUlP7OtqXHk -> b_HGDn3vnNH69;
  v_H3bI2B06g1q [label="id=649 t=75"];
  v_H3bI2B06g1q -> b_HGDn3vnNH69;
  v_HVETnp5Ctb6 [label="id=12 t=75"];
  v_HVETnp5Ctb6 -> b_HGDn3vnNH69;
  v_HzKgAMakJ63 [label="id=230 t=75"];
  v_HzKgAMakJ63 -> b_HGDn3vnNH69;
  v_HCWMhxbZV2c [label="id=435 t=75"];
  v_HCWMhxbZV2c -> b_HGDn3vnNH69;
  v_H5DeIKfkYKT [label="id=400 t=75"];
  v_H5DeIKfkYKT -> b_HGDn3vnNH69;
  v_HJAzrvAgOjw [label="id=906 t=75"];
  v_HJAzrvAgOjw -> b_HGDn3vnNH69;
  v_H1xIOZnp5Ji [label="id=411 t=75"];
  v_H1xIOZnp5Ji -> b_HGDn3vnNH69;
  v_HBdGEGV8CkB [label="id=296 t=75"];
  v_HBdGEGV8CkB -> b_HGDn3vnNH69;
  v_H0aQcxYryvi [label="id=145 t=75"];
  v_H0aQcxYryvi -> b_HGDn3vnNH69;
  v_H0TiI4usS8 [label="id=982 t=75"];
  v_H0TiI4usS8 -> b_HGDn3vnNH69;
  v_Hs3H4tq4Yk1 [label="id=133 t=75"];
  v_Hs3H4tq4Yk1 -> b_HGDn3vnNH69;
  v_Hxe53sbqPua [label="id=691 t=75"];
  v_Hxe53sbqPua -> b_HGDn3vnNH69;
  v_HGaAHQ8Oz [label="id=205 t=75"];
  v_HGaAHQ8Oz -> b_HGDn3vnNH69;
  v_H249MjVJ84H [label="id=419 t=75"];
  v_H249MjVJ84H -> b_HGDn3vnNH69;
  v_Hr5ZHMtwMF [label="id=442 t=75"];
  v_Hr5ZHMtwMF -> b_HGDn3vnNH69;
  v_HBCCFYyCY6R [label="id=155 t=75"];
  v_HBCCFYyCY6R -> b_HGDn3vnNH69;
  v_H6xmgPaG4C [label="id=431 t=75"];
  v_H6xmgPaG4C -> b_HGDn3vnNH69;
  v_Hjxw6IHjSKu [label="id=555 t=75"];
  v_Hjxw6IHjSKu -> b_HGDn3vnNH69;
  v_HWkauEdateu [label="id=918 t=75"];
  v_HWkauEdateu -> b_HGDn3vnNH69;
  v_HxCST9G8bQz [label="id=338 t=75"];
  v_HxCST9G8bQz -> b_HGDn3vnNH69;
  v_Hfcw62MFhn5 [label="id=716 t=75"];
  v_Hfcw62MFhn5 -> b_HGDn3vnNH69;
  v_HM3yHkRDDUL [label="id=13 t=75"];
  v_HM3yHkRDDUL -> b_HGDn3vnNH69;
  v_HV8THlWD9SD [label="id=746 t=75"];
  v_HV8THlWD9SD -> b_HGDn3vnNH69;
  v_H3bEqWmzPbZ [label="id=616 t=75"];
  v_H3bEqWmzPbZ -> b_HGDn3vnNH69;
  v_HEmQhfrpyuM [label="id=17 t=75"];
  v_HEmQhfrpyuM -> b_HGDn3vnNH69;
  v_HLJySD6Rq4 [label="id=447 t=75"];
  v_HLJySD6Rq4 -> b_HGDn3vnNH69;
  v_HtZOow310Ia [label="id=323 t=75"];
  v_HtZOow310Ia -> b_HGDn3vnNH69;
  v_HWf251iCBz7 [label="id=151 t=75"];
  v_HWf251iCBz7 -> b_HGDn3vnNH69;
  v_Hiy94Pv2g51 [label="id=204 t=75"];
  v_Hiy94Pv2g51 -> b_HGDn3vnNH69;
  v_H13COXsp0Um [label="id=146 t=75"];
  v_H13COXsp0Um -> b_HGDn3vnNH69;
  v_HQ0P5JLyahz [label="id=445 t=75"];
  v_HQ0P5JLyahz -> b_HGDn3vnNH69;
  v_H7mXn44HCWZ [label="id=440 t=75"];
  v_H7mXn44HCWZ -> b_HGDn3vnNH69;
  v_HyUIQCCaaA9 [label="id=669 t=75"];
  v_HyUIQCCaaA9 -> b_HGDn3vnNH69;
  v_H5eAD5Dsvot [label="id=678 t=75"];
  v_H5eAD5Dsvot -> b_HGDn3vnNH69;
  v_HvVr2NZBpwn [label="id=582 t=75"];
  v_HvVr2NZBpwn -> b_HGDn3vnNH69;
  v_HCCPfp2Palm [label="id=336 t=75"];
  v_HCCPfp2Palm -> b_HGDn3vnNH69;
  v_HeLbhBPnm4 [label="id=915 t=75"];
  v_HeLbhBPnm4 -> b_HGDn3vnNH69;
  v_HWbMC5jqOy [label="id=390 t=75"];
  v_HWbMC5jqOy -> b_HGDn3vnNH69;
  v_HrXZrwbqaag [label="id=228 t=75"];
  v_HrXZrwbqaag -> b_HGDn3vnNH69;
  v_H5OMnR6Xr55 [label="id=324 t=75"];
  v_H5OMnR6Xr55 -> b_HGDn3vnNH69;
  v_HH1hI6k5GqC [label="id=402 t=75"];
  v_HH1hI6k5GqC -> b_HGDn3vnNH69;
  v_HmyRSuGQBNp [label="id=784 t=75"];
  v_HmyRSuGQBNp -> b_HGDn3vnNH69;
  v_HGHd5v7dv4 [label="id=484 t=75"];
  v_HGHd5v7dv4 -> b_HGDn3vnNH69;
  v_HO9qZKSPP49 [label="id=219 t=75"];
  v_HO9qZKSPP49 -> b_HGDn3vnNH69;
  v_HZKBJ5kgyRj [label="id=187 t=75"];
  v_HZKBJ5kgyRj -> b_HGDn3vnNH69;
  v_HLcsouLCVkW [label="id=162 t=75"];
  v_HLcsouLCVkW -> b_HGDn3vnNH69;
  v_H94UvGGmk6 [label="id=51 t=75"];
  v_H94UvGGmk6 -> b_HGDn3vnNH69;
  v_H5GaFhWEDrc [label="id=663 t=75"];
  v_H5GaFhWEDrc -> b_HGDn3vnNH69;
  v_HJtAS83AbzY [label="id=396 t=75"];
  v_HJtAS83AbzY -> b_HGDn3vnNH69;
  v_H7vpQDGdLbG [label="id=696 t=75"];
  v_H7vpQDGdLbG -> b_HGDn3vnNH69;
  v_HLpD6NISwRm [label="id=318 t=75"];
  v_HLpD6NISwRm -> b_HGDn3vnNH69;
  v_HYywiqXNvFy [label="id=304 t=75"];
  v_HYywiqXNvFy -> b_HGDn3vnNH69;
  v_H2hXFmkWko [label="id=531 t=75"];
  v_H2hXFmkWko -> b_HGDn3vnNH69;
  v_HM6VMJaEEe [label="id=769 t=75"];
  v_HM6VMJaEEe -> b_HGDn3vnNH69;
  v_H1vMzaTIR0 [label="id=80 t=75"];
  v_H1vMzaTIR0 -> b_HGDn3vnNH69;
  v_H2LQJZSoll [label="id=79 t=75"];
  v_H2LQJZSoll -> b_HGDn3vnNH69;
  v_H7fZXxBQdt [label="id=126 t=75"];
  v_H7fZXxBQdt -> b_HGDn3vnNH69;
  v_HOnU63Crq2d [label="id=407 t=75"];
  v_HOnU63Crq2d -> b_HGDn3vnNH69;
  v_HiQ4VsLMRtM [label="id=395 t=75"];
  v_HiQ4VsLMRtM -> b_HGDn3vnNH69;
  v_HDN4vHKtuCX [label="id=544 t=75"];
  v_HDN4vHKtuCX -> b_HGDn3vnNH69;
  v_HrW3GVuB5 [label="id=466 t=75"];
  v_HrW3GVuB5 -> b_HGDn3vnNH69;
  v_Hoe4gfHIaUV [label="id=976 t=75"];
  v_Hoe4gfHIaUV -> b_HGDn3vnNH69;
  v_HuYiCg745a [label="id=363 t=75"];
  v_HuYiCg745a -> b_HGDn3vnNH69;
  v_HMxZd4BLe76 [label="id=765 t=75"];
  v_HMxZd4BLe76 -> b_HGDn3vnNH69;
  v_Hwm1Tm6xJAw [label="id=163 t=75"];
  v_Hwm1Tm6xJAw -> b_HGDn3vnNH69;
  v_HQ4kj5DH07 [label="id=901 t=75"];
  v_HQ4kj5DH07 -> b_HGDn3vnNH69;
  v_Hjx1UIJ1Aj4 [label="id=89 t=75"];
  v_Hjx1UIJ1Aj4 -> b_HGDn3vnNH69;
  v_HJ3wAppU6U3 [label="id=408 t=75"];
  v_HJ3wAppU6U3 -> b_HGDn3vnNH69;
  v_HUgKkEqBDv5 [label="id=874 t=75"];
  v_HUgKkEqBDv5 -> b_HGDn3vnNH69;
  v_H5rQYi2OQt8 [label="id=356 t=75"];
  v_H5rQYi2OQt8 -> b_HGDn3vnNH69;
  v_HpJxq45b0J6 [label="id=468 t=75"];
  v_HpJxq45b0J6 -> b_HGDn3vnNH69;
  v_HoFprU9NVia [label="id=565 t=75"];
  v_HoFprU9NVia -> b_HGDn3vnNH69;
  v_H5Gs1emyxea [label="id=549 t=75"];
  v_H5Gs1emyxea -> b_HGDn3vnNH69;
  v_HXqyiqoV6RU [label="id=454 t=75"];
  v_HXqyiqoV6RU -> b_HGDn3vnNH69;
  v_Hbfz40abDtP [label="id=817 t=75"];
  v_Hbfz40abDtP -> b_HGDn3vnNH69;
  v_HL00ICkRA8p [label="id=110 t=75"];
  v_HL00ICkRA8p -> b_HGDn3vnNH69;
  v_HwbitYqBXEt [label="id=947 t=75"];
  v_HwbitYqBXEt -> b_HGDn3vnNH69;
  v_HJ1xLpVbcQ [label="id=422 t=75"];
  v_HJ1xLpVbcQ -> b_HGDn3vnNH69;
  v_Hc61Ajwbume [label="id=178 t=75"];
  v_Hc61Ajwbume -> b_HGDn3vnNH69;
  v_HEoNgDe8jE [label="id=832 t=75"];
  v_HEoNgDe8jE -> b_HGDn3vnNH69;
  v_Hp70Bwgjb5r [label="id=213 t=75"];
  v_Hp70Bwgjb5r -> b_HGDn3vnNH69;
  v_HfepoG6AG1 [label="id=530 t=75"];
  v_HfepoG6AG1 -> b_HGDn3vnNH69;
  v_HXo4ZBjCesX [label="id=774 t=75"];
  v_HXo4ZBjCesX -> b_HGDn3vnNH69;
  v_HqVpotHFMvb [label="id=307 t=75"];
  v_HqVpotHFMvb -> b_HGDn3vnNH69;
  v_HdF3httTZA8 [label="id=209 t=75"];
  v_HdF3httTZA8 -> b_HGDn3vnNH69;
  v_HpYIAqnfWYX [label="id=670 t=75"];
  v_HpYIAqnfWYX -> b_HGDn3vnNH69;
  v_HLzgjIGiy1E [label="id=33 t=75"];
  v_HLzgjIGiy1E -> b_HGDn3vnNH69;
  v_H4sDZavw3K0 [label="id=38 t=75"];
  v_H4sDZavw3K0 -> b_HGDn3vnNH69;
  v_HW0cR1BH5FL [label="id=721 t=75"];
  v_HW0cR1BH5FL -> b_HGDn3vnNH69;
}


ALWAYS AWAKE final ledgers: 45 72 45 72 41 65
ALWAYS AWAKE total communication: 11427761 7647
ALWAYS AWAKE blocks communication: 3613086 45
ALWAYS AWAKE votes communication: 2048976 7533
ALWAYS AWAKE proposals communication: 5765699 69
