r,n_asleep,n_awake,n_honest_asleep,n_honest_dreamy,n_honest_awake,n_adversary,n_all,party0_ledger_best_length,party0_ledger_best_age,party0_ledger_fast_length,party0_ledger_fast_age,party0_ledger_slow_length,party0_ledger_slow_age,party0_comms_all_size,party0_comms_all_count,party0_comms_proposal_size,party0_comms_proposal_count,party0_comms_piece_block_size,party0_comms_piece_block_count,party0_comms_piece_vote_size,party0_comms_piece_vote_count,party1_ledger_best_length,party1_ledger_best_age,party1_ledger_fast_length,party1_ledger_fast_age,party1_ledger_slow_length,party1_ledger_slow_age,party1_comms_all_size,party1_comms_all_count,party1_comms_proposal_size,party1_comms_proposal_count,party1_comms_piece_block_size,party1_comms_piece_block_count,party1_comms_piece_vote_size,party1_comms_piece_vote_count,party2_ledger_best_length,party2_ledger_best_age,party2_ledger_fast_length,party2_ledger_fast_age,party2_ledger_slow_length,party2_ledger_slow_age,party2_comms_all_size,party2_comms_all_count,party2_comms_proposal_size,party2_comms_proposal_count,party2_comms_piece_block_size,party2_comms_piece_block_count,party2_comms_piece_vote_size,party2_comms_piece_vote_count,party3_ledger_best_length,party3_ledger_best_age,party3_ledger_fast_length,party3_ledger_fast_age,party3_ledger_slow_length,party3_ledger_slow_age,party3_comms_all_size,party3_comms_all_count,party3_comms_proposal_size,party3_comms_proposal_count,party3_comms_piece_block_size,party3_comms_piece_block_count,party3_comms_piece_vote_size,party3_comms_piece_vote_count,party4_ledger_best_length,party4_ledger_best_age,party4_ledger_fast_length,party4_ledger_fast_age,party4_ledger_slow_length,party4_ledger_slow_age,party4_comms_all_size,party4_comms_all_count,party4_comms_proposal_size,party4_comms_proposal_count,party4_comms_piece_block_size,party4_comms_piece_block_count,party4_comms_piece_vote_size,party4_comms_piece_vote_count,partyALWAYSAWAKE_ledger_best_length,partyALWAYSAWAKE_ledger_best_age,partyALWAYSAWAKE_ledger_fast_length,partyALWAYSAWAKE_ledger_fast_age,partyALWAYSAWAKE_ledger_slow_length,partyALWAYSAWAKE_ledger_slow_age,partyALWAYSAWAKE_comms_all_size,partyALWAYSAWAKE_comms_all_count,partyALWAYSAWAKE_comms_proposal_size,partyALWAYSAWAKE_comms_proposal_count,partyALWAYSAWAKE_comms_piece_block_size,partyALWAYSAWAKE_comms_piece_block_count,partyALWAYSAWAKE_comms_piece_vote_size,partyALWAYSAWAKE_comms_piece_vote_count
4,0,1000,0,0,1000,0,1000,0,0,0,0,0,0,0,0,0,0,0,0,0,0,0,0,0,0,0,0,0,0,0,0,0,0,0,0,0,0,0,0,0,0,0,0,0,0,0,0,0,0,0,0,0,0,0,0,0,0,0,0,0,0,0,0,0,0,0,0,0,0,0,0,0,0,0,0,0,0,0,0,0,0,0,0,0,0,0,0,0,0,0,0
5,0,1000,0,0,1000,0,1000,0,0,0,0,0,0,402190,5,402190,5,0,0,0,0,0,0,0,0,0,0,402190,5,402190,5,0,0,0,0,0,0,0,0,0,0,402190,5,402190,5,0,0,0,0,0,0,0,0,0,0,402190,5,402190,5,0,0,0,0,0,0,0,0,0,0,402190,5,402190,5,0,0,0,0,0,0,0,0,0,0,402190,5,402190,5,0,0,0,0
6,0,1000,0,0,1000,0,1000,1,1,1,1,0,0,104498,90,0,0,80290,1,24208,89,1,1,1,1,0,0,104498,90,0,0,80290,1,24208,89,1,1,1,1,0,0,104498,90,0,0,80290,1,24208,89,1,1,1,1,0,0,104498,90,0,0,80290,1,24208,89,1,1,1,1,0,0,104498,90,0,0,80290,1,24208,89,1,1,1,1,0,0,104498,90,0,0,80290,1,24208,89
7,0,1000,0,0,1000,0,1000,1,1,1,1,0,0,0,0,0,0,0,0,0,0,1,1,1,1,0,0,0,0,0,0,0,0,0,0,1,1,1,1,0,0,0,0,0,0,0,0,0,0,1,1,1,1,0,0,0,0,0,0,0,0,0,0,1,1,1,1,0,0,0,0,0,0,0,0,0,0,1,1,1,1,0,0,0,0,0,0,0,0,0,0
8,0,1000,0,0,1000,0,1000,1,1,1,1,0,0,0,0,0,0,0,0,0,0,1,1,1,1,0,0,0,0,0,0,0,0,0,0,1,1,1,1,0,0,0,0,0,0,0,0,0,0,1,1,1,1,0,0,0,0,0,0,0,0,0,0,1,1,1,1,0,0,0,0,0,0,0,0,0,0,1,1,1,1,0,0,0,0,0,0,0,0,0,0
9,0,1000,0,0,1000,0,1000,1,1,1,1,0,0,166572,2,166572,2,0,0,0,0,1,1,1,1,0,0,166572,2,166572,2,0,0,0,0,1,1,1,1,0,0,166572,2,166572,2,0,0,0,0,1,1,1,1,0,0,166572,2,166572,2,0,0,0,0,1,1,1,1,0,0,166572,2,166572,2,0,0,0,0,1,1,1,1,0,0,166572,2,166572,2,0,0,0,0
10,0,1000,0,0,1000,0,1000,2,2,2,2,0,0,105858,95,0,0,80290,1,25568,94,2,2,2,2,0,0,105858,95,0,0,80290,1,25568,94,2,2,2,2,0,0,105858,95,0,0,80290,1,25568,94,2,2,2,2,0,0,105858,95,0,0,80290,1,25568,94,2,2,2,2,0,0,105858,95,0,0,80290,1,25568,94,2,2,2,2,0,0,105858,95,0,0,80290,1,25568,94
11,0,1000,0,0,1000,0,1000,2,2,2,2,0,0,0,0,0,0,0,0,0,0,2,2,2,2,0,0,0,0,0,0,0,0,0,0,2,2,2,2,0,0,0,0,0,0,0,0,0,0,2,2,2,2,0,0,0,0,0,0,0,0,0,0,2,2,2,2,0,0,0,0,0,0,0,0,0,0,2,2,2,2,0,0,0,0,0,0,0,0,0,0
12,0,1000,0,0,1000,0,1000,2,2,2,2,0,0,0,0,0,0,0,0,0,0,2,2,2,2,0,0,0,0,0,0,0,0,0,0,2,2,2,2,0,0,0,0,0,0,0,0,0,0,2,2,2,2,0,0,0,0,0,0,0,0,0,0,2,2,2,2,0,0,0,0,0,0,0,0,0,0,2,2,2,2,0,0,0,0,0,0,0,0,0,0
13,0,1000,0,0,1000,0,1000,2,2,2,2,0,0,166891,2,166891,2,0,0,0,0,2,2,2,2,0,0,166891,2,166891,2,0,0,0,0,2,2,2,2,0,0,166891,2,166891,2,0,0,0,0,2,2,2,2,0,0,166891,2,166891,2,0,0,0,0,2,2,2,2,0,0,166891,2,166891,2,0,0,0,0,2,2,2,2,0,0,166891,2,166891,2,0,0,0,0
14,0,1000,0,0,1000,0,1000,3,3,3,3,0,0,106130,96,0,0,80290,1,25840,95,3,3,3,3,0,0,106130,96,0,0,80290,1,25840,95,3,3,3,3,0,0,106130,96,0,0,80290,1,25840,95,3,3,3,3,0,0,106130,96,0,0,80290,1,25840,95,3,3,3,3,0,0,106130,96,0,0,80290,1,25840,95,3,3,3,3,0,0,106130,96,0,0,80290,1,25840,95
15,0,1000,0,0,1000,0,1000,3,3,3,3,0,0,0,0,0,0,0,0,0,0,3,3,3,3,0,0,0,0,0,0,0,0,0,0,3,3,3,3,0,0,0,0,0,0,0,0,0,0,3,3,3,3,0,0,0,0,0,0,0,0,0,0,3,3,3,3,0,0,0,0,0,0,0,0,0,0,3,3,3,3,0,0,0,0,0,0,0,0,0,0
16,0,1000,0,0,1000,0,1000,3,3,3,3,0,0,0,0,0,0,0,0,0,0,3,3,3,3,0,0,0,0,0,0,0,0,0,0,3,3,3,3,0,0,0,0,0,0,0,0,0,0,3,3,3,3,0,0,0,0,0,0,0,0,0,0,3,3,3,3,0,0,0,0,0,0,0,0,0,0,3,3,3,3,0,0,0,0,0,0,0,0,0,0
17,0,1000,0,0,1000,0,1000,3,3,3,3,0,0,500867,6,500867,6,0,0,0,0,3,3,3,3,0,0,500867,6,500867,6,0,0,0,0,3,3,3,3,0,0,500867,6,500867,6,0,0,0,0,3,3,3,3,0,0,500867,6,500867,6,0,0,0,0,3,3,3,3,0,0,500867,6,500867,6,0,0,0,0,3,3,3,3,0,0,500867,6,500867,6,0,0,0,0
18,0,1000,0,0,1000,0,1000,4,4,4,4,0,0,108578,105,0,0,80290,1,28288,104,4,4,4,4,0,0,108578,105,0,0,80290,1,28288,104,4,4,4,4,0,0,108578,105,0,0,80290,1,28288,104,4,4,4,4,0,0,108578,105,0,0,80290,1,28288,104,4,4,4,4,0,0,108578,105,0,0,80290,1,28288,104,4,4,4,4,0,0,108578,105,0,0,80290,1,28288,104
19,0,1000,0,0,1000,0,1000,4,4,4,4,0,0,0,0,0,0,0,0,0,0,4,4,4,4,0,0,0,0,0,0,0,0,0,0,4,4,4,4,0,0,0,0,0,0,0,0,0,0,4,4,4,4,0,0,0,0,0,0,0,0,0,0,4,4,4,4,0,0,0,0,0,0,0,0,0,0,4,4,4,4,0,0,0,0,0,0,0,0,0,0
20,0,1000,0,0,1000,0,1000,4,4,4,4,0,0,0,0,0,0,0,0,0,0,4,4,4,4,0,0,0,0,0,0,0,0,0,0,4,4,4,4,0,0,0,0,0,0,0,0,0,0,4,4,4,4,0,0,0,0,0,0,0,0,0,0,4,4,4,4,0,0,0,0,0,0,0,0,0,0,4,4,4,4,0,0,0,0,0,0,0,0,0,0
21,0,1000,0,0,1000,0,1000,4,4,4,4,0,0,251297,3,251297,3,0,0,0,0,4,4,4,4,0,0,251297,3,251297,3,0,0,0,0,4,4,4,4,0,0,251297,3,251297,3,0,0,0,0,4,4,4,4,0,0,251297,3,251297,3,0,0,0,0,4,4,4,4,0,0,251297,3,251297,3,0,0,0,0,4,4,4,4,0,0,251297,3,251297,3,0,0,0,0
22,0,1000,0,0,1000,0,1000,5,5,5,5,0,0,109121,107,0,0,80289,1,28832,106,5,5,5,5,0,0,109121,107,0,0,80289,1,28832,106,5,5,5,5,0,0,109121,107,0,0,80289,1,28832,106,5,5,5,5,0,0,109121,107,0,0,80289,1,28832,106,5,5,5,5,0,0,109121,107,0,0,80289,1,28832,106,5,5,5,5,0,0,109121,107,0,0,80289,1,28832,106
23,0,1000,0,0,1000,0,1000,5,5,5,5,0,0,0,0,0,0,0,0,0,0,5,5,5,5,0,0,0,0,0,0,0,0,0,0,5,5,5,5,0,0,0,0,0,0,0,0,0,0,5,5,5,5,0,0,0,0,0,0,0,0,0,0,5,5,5,5,0,0,0,0,0,0,0,0,0,0,5,5,5,5,0,0,0,0,0,0,0,0,0,0
24,0,1000,0,0,1000,0,1000,5,5,5,5,0,0,0,0,0,0,0,0,0,0,5,5,5,5,0,0,0,0,0,0,0,0,0,0,5,5,5,5,0,0,0,0,0,0,0,0,0,0,5,5,5,5,0,0,0,0,0,0,0,0,0,0,5,5,5,5,0,0,0,0,0,0,0,0,0,0,5,5,5,5,0,0,0,0,0,0,0,0,0,0
25,0,1000,0,0,1000,0,1000,5,5,5,5,0,0,251490,3,251490,3,0,0,0,0,5,5,5,5,0,0,251490,3,251490,3,0,0,0,0,5,5,5,5,0,0,251490,3,251490,3,0,0,0,0,5,5,5,5,0,0,251490,3,251490,3,0,0,0,0,5,5,5,5,0,0,251490,3,251490,3,0,0,0,0,5,5,5,5,0,0,251490,3,251490,3,0,0,0,0
26,0,1000,0,0,1000,0,1000,6,6,6,6,0,0,107218,100,0,0,80290,1,26928,99,6,6,6,6,0,0,107218,100,0,0,80290,1,26928,99,6,6,6,6,0,0,107218,100,0,0,80290,1,26928,99,6,6,6,6,0,0,107218,100,0,0,80290,1,26928,99,6,6,6,6,0,0,107218,100,0,0,80290,1,26928,99,6,6,6,6,0,0,107218,100,0,0,80290,1,26928,99
27,0,1000,0,0,1000,0,1000,6,6,6,6,0,0,0,0,0,0,0,0,0,0,6,6,6,6,0,0,0,0,0,0,0,0,0,0,6,6,6,6,0,0,0,0,0,0,0,0,0,0,6,6,6,6,0,0,0,0,0,0,0,0,0,0,6,6,6,6,0,0,0,0,0,0,0,0,0,0,6,6,6,6,0,0,0,0,0,0,0,0,0,0
28,0,1000,0,0,1000,0,1000,6,6,6,6,0,0,0,0,0,0,0,0,0,0,6,6,6,6,0,0,0,0,0,0,0,0,0,0,6,6,6,6,0,0,0,0,0,0,0,0,0,0,6,6,6,6,0,0,0,0,0,0,0,0,0,0,6,6,6,6,0,0,0,0,0,0,0,0,0,0,6,6,6,6,0,0,0,0,0,0,0,0,0,0
29,0,1000,0,0,1000,0,1000,6,6,6,6,0,0,334424,4,334424,4,0,0,0,0,6,6,6,6,0,0,334424,4,334424,4,0,0,0,0,6,6,6,6,0,0,334424,4,334424,4,0,0,0,0,6,6,6,6,0,0,334424,4,334424,4,0,0,0,0,6,6,6,6,0,0,334424,4,334424,4,0,0,0,0,6,6,6,6,0,0,334424,4,334424,4,0,0,0,0
30,0,1000,0,0,1000,0,1000,7,7,7,7,0,0,110482,112,0,0,80290,1,30192,111,7,7,7,7,0,0,110482,112,0,0,80290,1,30192,111,7,7,7,7,0,0,110482,112,0,0,80290,1,30192,111,7,7,7,7,0,0,110482,112,0,0,80290,1,30192,111,7,7,7,7,0,0,110482,112,0,0,80290,1,30192,111,7,7,7,7,0,0,110482,112,0,0,80290,1,30192,111
31,0,1000,0,0,1000,0,1000,7,7,7,7,0,0,0,0,0,0,0,0,0,0,7,7,7,7,0,0,0,0,0,0,0,0,0,0,7,7,7,7,0,0,0,0,0,0,0,0,0,0,7,7,7,7,0,0,0,0,0,0,0,0,0,0,7,7,7,7,0,0,0,0,0,0,0,0,0,0,7,7,7,7,0,0,0,0,0,0,0,0,0,0
32,0,1000,0,0,1000,0,1000,7,7,7,7,0,0,0,0,0,0,0,0,0,0,7,7,7,7,0,0,0,0,0,0,0,0,0,0,7,7,7,7,0,0,0,0,0,0,0,0,0,0,7,7,7,7,0,0,0,0,0,0,0,0,0,0,7,7,7,7,0,0,0,0,0,0,0,0,0,0,7,7,7,7,0,0,0,0,0,0,0,0,0,0
33,0,1000,0,0,1000,0,1000,7,7,7,7,0,0,251970,3,251970,3,0,0,0,0,7,7,7,7,0,0,251970,3,251970,3,0,0,0,0,7,7,7,7,0,0,251970,3,251970,3,0,0,0,0,7,7,7,7,0,0,251970,3,251970,3,0,0,0,0,7,7,7,7,0,0,251970,3,251970,3,0,0,0,0,7,7,7,7,0,0,251970,3,251970,3,0,0,0,0
34,0,1000,0,0,1000,0,1000,8,8,8,8,0,0,108578,105,0,0,80290,1,28288,104,8,8,8,8,0,0,108578,105,0,0,80290,1,28288,104,8,8,8,8,0,0,108578,105,0,0,80290,1,28288,104,8,8,8,8,0,0,108578,105,0,0,80290,1,28288,104,8,8,8,8,0,0,108578,105,0,0,80290,1,28288,104,8,8,8,8,0,0,108578,105,0,0,80290,1,28288,104
35,0,1000,0,0,1000,0,1000,8,8,8,8,0,0,0,0,0,0,0,0,0,0,8,8,8,8,0,0,0,0,0,0,0,0,0,0,8,8,8,8,0,0,0,0,0,0,0,0,0,0,8,8,8,8,0,0,0,0,0,0,0,0,0,0,8,8,8,8,0,0,0,0,0,0,0,0,0,0,8,8,8,8,0,0,0,0,0,0,0,0,0,0
36,0,1000,0,0,1000,0,1000,8,8,8,8,0,0,0,0,0,0,0,0,0,0,8,8,8,8,0,0,0,0,0,0,0,0,0,0,8,8,8,8,0,0,0,0,0,0,0,0,0,0,8,8,8,8,0,0,0,0,0,0,0,0,0,0,8,8,8,8,0,0,0,0,0,0,0,0,0,0,8,8,8,8,0,0,0,0,0,0,0,0,0,0
37,0,1000,0,0,1000,0,1000,8,8,8,8,0,0,335064,4,335064,4,0,0,0,0,8,8,8,8,0,0,335064,4,335064,4,0,0,0,0,8,8,8,8,0,0,335064,4,335064,4,0,0,0,0,8,8,8,8,0,0,335064,4,335064,4,0,0,0,0,8,8,8,8,0,0,335064,4,335064,4,0,0,0,0,8,8,8,8,0,0,335064,4,335064,4,0,0,0,0
38,0,1000,0,0,1000,0,1000,9,9,9,9,0,0,108306,104,0,0,80290,1,28016,103,9,9,9,9,0,0,108306,104,0,0,80290,1,28016,103,9,9,9,9,0,0,108306,104,0,0,80290,1,28016,103,9,9,9,9,0,0,108306,104,0,0,80290,1,28016,103,9,9,9,9,0,0,108306,104,0,0,80290,1,28016,103,9,9,9,9,0,0,108306,104,0,0,80290,1,28016,103
39,0,1000,0,0,1000,0,1000,9,9,9,9,0,0,0,0,0,0,0,0,0,0,9,9,9,9,0,0,0,0,0,0,0,0,0,0,9,9,9,9,0,0,0,0,0,0,0,0,0,0,9,9,9,9,0,0,0,0,0,0,0,0,0,0,9,9,9,9,0,0,0,0,0,0,0,0,0,0,9,9,9,9,0,0,0,0,0,0,0,0,0,0
40,0,1000,0,0,1000,0,1000,9,9,9,9,0,0,0,0,0,0,0,0,0,0,9,9,9,9,0,0,0,0,0,0,0,0,0,0,9,9,9,9,0,0,0,0,0,0,0,0,0,0,9,9,9,9,0,0,0,0,0,0,0,0,0,0,9,9,9,9,0,0,0,0,0,0,0,0,0,0,9,9,9,9,0,0,0,0,0,0,0,0,0,0
41,0,1000,0,0,1000,0,1000,9,9,9,9,0,0,167470,2,167470,2,0,0,0,0,9,9,9,9,0,0,167470,2,167470,2,0,0,0,0,9,9,9,9,0,0,167470,2,167470,2,0,0,0,0,9,9,9,9,0,0,167470,2,167470,2,0,0,0,0,9,9,9,9,0,0,167470,2,167470,2,0,0,0,0,9,9,9,9,0,0,167470,2,167470,2,0,0,0,0
42,0,1000,0,0,1000,0,1000,10,10,10,10,0,0,108035,103,0,0,80291,1,27744,102,10,10,10,10,0,0,108035,103,0,0,80291,1,27744,102,10,10,10,10,0,0,108035,103,0,0,80291,1,27744,102,10,10,10,10,0,0,108035,103,0,0,80291,1,27744,102,10,10,10,10,0,0,108035,103,0,0,80291,1,27744,102,10,10,10,10,0,0,108035,103,0,0,80291,1,27744,102
43,0,1000,0,0,1000,0,1000,10,10,10,10,0,0,0,0,0,0,0,0,0,0,10,10,10,10,0,0,0,0,0,0,0,0,0,0,10,10,10,10,0,0,0,0,0,0,0,0,0,0,10,10,10,10,0,0,0,0,0,0,0,0,0,0,10,10,10,10,0,0,0,0,0,0,0,0,0,0,10,10,10,10,0,0,0,0,0,0,0,0,0,0
44,0,1000,0,0,1000,0,1000,10,10,10,10,0,0,0,0,0,0,0,0,0,0,10,10,10,10,0,0,0,0,0,0,0,0,0,0,10,10,10,10,0,0,0,0,0,0,0,0,0,0,10,10,10,10,0,0,0,0,0,0,0,0,0,0,10,10,10,10,0,0,0,0,0,0,0,0,0,0,10,10,10,10,0,0,0,0,0,0,0,0,0,0
45,0,1000,0,0,1000,0,1000,10,10,10,10,0,0,251109,3,251109,3,0,0,0,0,10,10,10,10,0,0,251109,3,251109,3,0,0,0,0,10,10,10,10,0,0,251109,3,251109,3,0,0,0,0,10,10,10,10,0,0,251109,3,251109,3,0,0,0,0,10,10,10,10,0,0,251109,3,251109,3,0,0,0,0,10,10,10,10,0,0,251109,3,251109,3,0,0,0,0
46,0,1000,0,0,1000,0,1000,11,11,11,11,0,0,107219,100,0,0,80291,1,26928,99,11,11,11,11,0,0,107219,100,0,0,80291,1,26928,99,11,11,11,11,0,0,107219,100,0,0,80291,1,26928,99,11,11,11,11,0,0,107219,100,0,0,80291,1,26928,99,11,11,11,11,0,0,107219,100,0,0,80291,1,26928,99,11,11,11,11,0,0,107219,100,0,0,80291,1,26928,99
47,0,1000,0,0,1000,0,1000,11,11,11,11,1,1,0,0,0,0,0,0,0,0,11,11,11,11,1,1,0,0,0,0,0,0,0,0,11,11,11,11,1,1,0,0,0,0,0,0,0,0,11,11,11,11,1,1,0,0,0,0,0,0,0,0,11,11,11,11,1,1,0,0,0,0,0,0,0,0,11,11,11,11,1,1,0,0,0,0,0,0,0,0
48,0,1000,0,0,1000,0,1000,11,11,11,11,1,1,0,0,0,0,0,0,0,0,11,11,11,11,1,1,0,0,0,0,0,0,0,0,11,11,11,11,1,1,0,0,0,0,0,0,0,0,11,11,11,11,1,1,0,0,0,0,0,0,0,0,11,11,11,11,1,1,0,0,0,0,0,0,0,0,11,11,11,11,1,1,0,0,0,0,0,0,0,0
49,0,1000,0,0,1000,0,1000,11,11,11,11,1,1,501642,6,501642,6,0,0,0,0,11,11,11,11,1,1,501642,6,501642,6,0,0,0,0,11,11,11,11,1,1,501642,6,501642,6,0,0,0,0,11,11,11,11,1,1,501642,6,501642,6,0,0,0,0,11,11,11,11,1,1,501642,6,501642,6,0,0,0,0,11,11,11,11,1,1,501642,6,501642,6,0,0,0,0
50,0,1000,0,0,1000,0,1000,12,12,12,12,1,1,107219,100,0,0,80291,1,26928,99,12,12,12,12,1,1,107219,100,0,0,80291,1,26928,99,12,12,12,12,1,1,107219,100,0,0,80291,1,26928,99,12,12,12,12,1,1,107219,100,0,0,80291,1,26928,99,12,12,12,12,1,1,107219,100,0,0,80291,1,26928,99,12,12,12,12,1,1,107219,100,0,0,80291,1,26928,99
51,0,1000,0,0,1000,0,1000,12,12,12,12,2,2,0,0,0,0,0,0,0,0,12,12,12,12,2,2,0,0,0,0,0,0,0,0,12,12,12,12,2,2,0,0,0,0,0,0,0,0,12,12,12,12,2,2,0,0,0,0,0,0,0,0,12,12,12,12,2,2,0,0,0,0,0,0,0,0,12,12,12,12,2,2,0,0,0,0,0,0,0,0
52,0,1000,0,0,1000,0,1000,12,12,12,12,2,2,0,0,0,0,0,0,0,0,12,12,12,12,2,2,0,0,0,0,0,0,0,0,12,12,12,12,2,2,0,0,0,0,0,0,0,0,12,12,12,12,2,2,0,0,0,0,0,0,0,0,12,12,12,12,2,2,0,0,0,0,0,0,0,0,12,12,12,12,2,2,0,0,0,0,0,0,0,0
53,0,1000,0,0,1000,0,1000,12,12,12,12,2,2,0,0,0,0,0,0,0,0,12,12,12,12,2,2,0,0,0,0,0,0,0,0,12,12,12,12,2,2,0,0,0,0,0,0,0,0,12,12,12,12,2,2,0,0,0,0,0,0,0,0,12,12,12,12,2,2,0,0,0,0,0,0,0,0,12,12,12,12,2,2,0,0,0,0,0,0,0,0
54,0,1000,0,0,1000,0,1000,12,12,12,12,2,2,29104,107,0,0,0,0,29104,107,12,12,12,12,2,2,29104,107,0,0,0,0,29104,107,12,12,12,12,2,2,29104,107,0,0,0,0,29104,107,12,12,12,12,2,2,29104,107,0,0,0,0,29104,107,12,12,12,12,2,2,29104,107,0,0,0,0,29104,107,12,12,12,12,2,2,29104,107,0,0,0,0,29104,107
55,0,1000,0,0,1000,0,1000,12,12,12,12,3,3,0,0,0,0,0,0,0,0,12,12,12,12,3,3,0,0,0,0,0,0,0,0,12,12,12,12,3,3,0,0,0,0,0,0,0,0,12,12,12,12,3,3,0,0,0,0,0,0,0,0,12,12,12,12,3,3,0,0,0,0,0,0,0,0,12,12,12,12,3,3,0,0,0,0,0,0,0,0
56,0,1000,0,0,1000,0,1000,12,12,12,12,3,3,0,0,0,0,0,0,0,0,12,12,12,12,3,3,0,0,0,0,0,0,0,0,12,12,12,12,3,3,0,0,0,0,0,0,0,0,12,12,12,12,3,3,0,0,0,0,0,0,0,0,12,12,12,12,3,3,0,0,0,0,0,0,0,0,12,12,12,12,3,3,0,0,0,0,0,0,0,0
57,0,1000,0,0,1000,0,1000,12,12,12,12,3,3,335452,4,335452,4,0,0,0,0,12,12,12,12,3,3,335452,4,335452,4,0,0,0,0,12,12,12,12,3,3,335452,4,335452,4,0,0,0,0,12,12,12,12,3,3,335452,4,335452,4,0,0,0,0,12,12,12,12,3,3,335452,4,335452,4,0,0,0,0,12,12,12,12,3,3,335452,4,335452,4,0,0,0,0
58,0,1000,0,0,1000,0,1000,13,14,13,14,3,3,108035,103,0,0,80291,1,27744,102,13,14,13,14,3,3,108035,103,0,0,80291,1,27744,102,13,14,13,14,3,3,108035,103,0,0,80291,1,27744,102,13,14,13,14,3,3,108035,103,0,0,80291,1,27744,102,13,14,13,14,3,3,108035,103,0,0,80291,1,27744,102,13,14,13,14,3,3,108035,103,0,0,80291,1,27744,102
59,0,1000,0,0,1000,0,1000,13,14,13,14,4,4,0,0,0,0,0,0,0,0,13,14,13,14,4,4,0,0,0,0,0,0,0,0,13,14,13,14,4,4,0,0,0,0,0,0,0,0,13,14,13,14,4,4,0,0,0,0,0,0,0,0,13,14,13,14,4,4,0,0,0,0,0,0,0,0,13,14,13,14,4,4,0,0,0,0,0,0,0,0
60,0,1000,0,0,1000,0,1000,13,14,13,14,4,4,0,0,0,0,0,0,0,0,13,14,13,14,4,4,0,0,0,0,0,0,0,0,13,14,13,14,4,4,0,0,0,0,0,0,0,0,13,14,13,14,4,4,0,0,0,0,0,0,0,0,13,14,13,14,4,4,0,0,0,0,0,0,0,0,13,14,13,14,4,4,0,0,0,0,0,0,0,0
61,0,1000,0,0,1000,0,1000,13,14,13,14,4,4,251109,3,251109,3,0,0,0,0,13,14,13,14,4,4,251109,3,251109,3,0,0,0,0,13,14,13,14,4,4,251109,3,251109,3,0,0,0,0,13,14,13,14,4,4,251109,3,251109,3,0,0,0,0,13,14,13,14,4,4,251109,3,251109,3,0,0,0,0,13,14,13,14,4,4,251109,3,251109,3,0,0,0,0
62,0,1000,0,0,1000,0,1000,14,15,14,15,4,4,108035,103,0,0,80291,1,27744,102,14,15,14,15,4,4,108035,103,0,0,80291,1,27744,102,14,15,14,15,4,4,108035,103,0,0,80291,1,27744,102,14,15,14,15,4,4,108035,103,0,0,80291,1,27744,102,14,15,14,15,4,4,108035,103,0,0,80291,1,27744,102,14,15,14,15,4,4,108035,103,0,0,80291,1,27744,102
63,0,1000,0,0,1000,0,1000,14,15,14,15,5,5,0,0,0,0,0,0,0,0,14,15,14,15,5,5,0,0,0,0,0,0,0,0,14,15,14,15,5,5,0,0,0,0,0,0,0,0,14,15,14,15,5,5,0,0,0,0,0,0,0,0,14,15,14,15,5,5,0,0,0,0,0,0,0,0,14,15,14,15,5,5,0,0,0,0,0,0,0,0
64,0,1000,0,0,1000,0,1000,14,15,14,15,5,5,0,0,0,0,0,0,0,0,14,15,14,15,5,5,0,0,0,0,0,0,0,0,14,15,14,15,5,5,0,0,0,0,0,0,0,0,14,15,14,15,5,5,0,0,0,0,0,0,0,0,14,15,14,15,5,5,0,0,0,0,0,0,0,0,14,15,14,15,5,5,0,0,0,0,0,0,0,0
65,800,200,800,0,200,0,1000,14,15,14,15,5,5,334812,4,334812,4,0,0,0,0,14,15,14,15,5,5,334812,4,334812,4,0,0,0,0,14,15,14,15,5,5,334812,4,334812,4,0,0,0,0,14,15,14,15,5,5,334812,4,334812,4,0,0,0,0,14,15,14,15,5,5,334812,4,334812,4,0,0,0,0,14,15,14,15,5,5,334812,4,334812,4,0,0,0,0
66,800,200,800,0,200,0,1000,14,15,14,15,5,5,84643,17,0,0,80291,1,4352,16,14,15,14,15,5,5,84643,17,0,0,80291,1,4352,16,14,15,14,15,5,5,84643,17,0,0,80291,1,4352,16,14,15,14,15,5,5,84643,17,0,0,80291,1,4352,16,14,15,14,15,5,5,84643,17,0,0,80291,1,4352,16,14,15,14,15,5,5,84643,17,0,0,80291,1,4352,16
67,800,200,800,0,200,0,1000,14,15,14,15,5,5,0,0,0,0,0,0,0,0,14,15,14,15,5,5,0,0,0,0,0,0,0,0,14,15,14,15,5,5,0,0,0,0,0,0,0,0,14,15,14,15,5,5,0,0,0,0,0,0,0,0,14,15,14,15,5,5,0,0,0,0,0,0,0,0,14,15,14,15,6,6,0,0,0,0,0,0,0,0
68,800,200,800,0,200,0,1000,14,15,14,15,5,5,0,0,0,0,0,0,0,0,14,15,14,15,5,5,0,0,0,0,0,0,0,0,14,15,14,15,5,5,0,0,0,0,0,0,0,0,14,15,14,15,5,5,0,0,0,0,0,0,0,0,14,15,14,15,5,5,0,0,0,0,0,0,0,0,14,15,14,15,6,6,0,0,0,0,0,0,0,0
69,800,200,800,0,200,0,1000,14,15,14,15,5,5,0,0,0,0,0,0,0,0,14,15,14,15,5,5,0,0,0,0,0,0,0,0,14,15,14,15,5,5,0,0,0,0,0,0,0,0,14,15,14,15,5,5,0,0,0,0,0,0,0,0,14,15,14,15,5,5,0,0,0,0,0,0,0,0,14,15,14,15,6,6,0,0,0,0,0,0,0,0
70,800,200,800,0,200,0,1000,14,15,14,15,5,5,6528,24,0,0,0,0,6528,24,14,15,14,15,5,5,6528,24,0,0,0,0,6528,24,14,15,14,15,5,5,6528,24,0,0,0,0,6528,24,14,15,14,15,5,5,6528,24,0,0,0,0,6528,24,14,15,14,15,5,5,6528,24,0,0,0,0,6528,24,14,15,14,15,6,6,6528,24,0,0,0,0,6528,24
71,800,200,800,0,200,0,1000,14,15,14,15,5,5,0,0,0,0,0,0,0,0,14,15,14,15,5,5,0,0,0,0,0,0,0,0,14,15,14,15,5,5,0,0,0,0,0,0,0,0,14,15,14,15,5,5,0,0,0,0,0,0,0,0,14,15,14,15,5,5,0,0,0,0,0,0,0,0,14,15,14,15,7,7,0,0,0,0,0,0,0,0
72,800,200,800,0,200,0,1000,14,15,14,15,5,5,0,0,0,0,0,0,0,0,14,15,14,15,5,5,0,0,0,0,0,0,0,0,14,15,14,15,5,5,0,0,0,0,0,0,0,0,14,15,14,15,5,5,0,0,0,0,0,0,0,0,14,15,14,15,5,5,0,0,0,0,0,0,0,0,14,15,14,15,7,7,0,0,0,0,0,0,0,0
73,800,200,800,0,200,0,1000,14,15,14,15,5,5,0,0,0,0,0,0,0,0,14,15,14,15,5,5,0,0,0,0,0,0,0,0,14,15,14,15,5,5,0,0,0,0,0,0,0,0,14,15,14,15,5,5,0,0,0,0,0,0,0,0,14,15,14,15,5,5,0,0,0,0,0,0,0,0,14,15,14,15,7,7,0,0,0,0,0,0,0,0
74,800,200,800,0,200,0,1000,14,15,14,15,5,5,5168,19,0,0,0,0,5168,19,14,15,14,15,5,5,5168,19,0,0,0,0,5168,19,14,15,14,15,5,5,5168,19,0,0,0,0,5168,19,14,15,14,15,5,5,5168,19,0,0,0,0,5168,19,14,15,14,15,5,5,5168,19,0,0,0,0,5168,19,14,15,14,15,7,7,5168,19,0,0,0,0,5168,19
75,800,200,800,0,200,0,1000,14,15,14,15,5,5,0,0,0,0,0,0,0,0,14,15,14,15,5,5,0,0,0,0,0,0,0,0,14,15,14,15,5,5,0,0,0,0,0,0,0,0,14,15,14,15,5,5,0,0,0,0,0,0,0,0,14,15,14,15,5,5,0,0,0,0,0,0,0,0,14,15,14,15,8,8,0,0,0,0,0,0,0,0
76,800,200,800,0,200,0,1000,14,15,14,15,5,5,0,0,0,0,0,0,0,0,14,15,14,15,5,5,0,0,0,0,0,0,0,0,14,15,14,15,5,5,0,0,0,0,0,0,0,0,14,15,14,15,5,5,0,0,0,0,0,0,0,0,14,15,14,15,5,5,0,0,0,0,0,0,0,0,14,15,14,15,8,8,0,0,0,0,0,0,0,0
77,800,200,800,0,200,0,1000,14,15,14,15,5,5,0,0,0,0,0,0,0,0,14,15,14,15,5,5,0,0,0,0,0,0,0,0,14,15,14,15,5,5,0,0,0,0,0,0,0,0,14,15,14,15,5,5,0,0,0,0,0,0,0,0,14,15,14,15,5,5,0,0,0,0,0,0,0,0,14,15,14,15,8,8,0,0,0,0,0,0,0,0
78,800,200,800,0,200,0,1000,14,15,14,15,5,5,4896,18,0,0,0,0,4896,18,14,15,14,15,5,5,4896,18,0,0,0,0,4896,18,14,15,14,15,5,5,4896,18,0,0,0,0,4896,18,14,15,14,15,5,5,4896,18,0,0,0,0,4896,18,14,15,14,15,5,5,4896,18,0,0,0,0,4896,18,14,15,14,15,8,8,4896,18,0,0,0,0,4896,18
79,800,200,800,0,200,0,1000,14,15,14,15,5,5,0,0,0,0,0,0,0,0,14,15,14,15,5,5,0,0,0,0,0,0,0,0,14,15,14,15,5,5,0,0,0,0,0,0,0,0,14,15,14,15,5,5,0,0,0,0,0,0,0,0,14,15,14,15,5,5,0,0,0,0,0,0,0,0,14,15,14,15,9,9,0,0,0,0,0,0,0,0
80,800,200,800,0,200,0,1000,14,15,14,15,5,5,0,0,0,0,0,0,0,0,14,15,14,15,5,5,0,0,0,0,0,0,0,0,14,15,14,15,5,5,0,0,0,0,0,0,0,0,14,15,14,15,5,5,0,0,0,0,0,0,0,0,14,15,14,15,5,5,0,0,0,0,0,0,0,0,14,15,14,15,9,9,0,0,0,0,0,0,0,0
81,800,200,800,0,200,0,1000,14,15,14,15,5,5,81015,1,81015,1,0,0,0,0,14,15,14,15,5,5,81015,1,81015,1,0,0,0,0,14,15,14,15,5,5,81015,1,81015,1,0,0,0,0,14,15,14,15,5,5,81015,1,81015,1,0,0,0,0,14,15,14,15,5,5,81015,1,81015,1,0,0,0,0,14,15,14,15,9,9,81015,1,81015,1,0,0,0,0
82,800,200,800,0,200,0,1000,14,15,14,15,5,5,85459,20,0,0,80291,1,5168,19,14,15,14,15,5,5,85459,20,0,0,80291,1,5168,19,14,15,14,15,5,5,85459,20,0,0,80291,1,5168,19,14,15,14,15,5,5,85459,20,0,0,80291,1,5168,19,14,15,14,15,5,5,85459,20,0,0,80291,1,5168,19,14,15,14,15,9,9,85459,20,0,0,80291,1,5168,19
83,800,200,800,0,200,0,1000,14,15,14,15,5,5,0,0,0,0,0,0,0,0,14,15,14,15,5,5,0,0,0,0,0,0,0,0,14,15,14,15,5,5,0,0,0,0,0,0,0,0,14,15,14,15,5,5,0,0,0,0,0,0,0,0,14,15,14,15,5,5,0,0,0,0,0,0,0,0,14,15,14,15,10,10,0,0,0,0,0,0,0,0
84,800,200,800,0,200,0,1000,14,15,14,15,5,5,0,0,0,0,0,0,0,0,14,15,14,15,5,5,0,0,0,0,0,0,0,0,14,15,14,15,5,5,0,0,0,0,0,0,0,0,14,15,14,15,5,5,0,0,0,0,0,0,0,0,14,15,14,15,5,5,0,0,0,0,0,0,0,0,14,15,14,15,10,10,0,0,0,0,0,0,0,0
85,800,200,800,0,200,0,1000,14,15,14,15,5,5,0,0,0,0,0,0,0,0,14,15,14,15,5,5,0,0,0,0,0,0,0,0,14,15,14,15,5,5,0,0,0,0,0,0,0,0,14,15,14,15,5,5,0,0,0,0,0,0,0,0,14,15,14,15,5,5,0,0,0,0,0,0,0,0,14,15,14,15,10,10,0,0,0,0,0,0,0,0
86,800,200,800,0,200,0,1000,14,15,14,15,5,5,6528,24,0,0,0,0,6528,24,14,15,14,15,5,5,6528,24,0,0,0,0,6528,24,14,15,14,15,5,5,6528,24,0,0,0,0,6528,24,14,15,14,15,5,5,6528,24,0,0,0,0,6528,24,14,15,14,15,5,5,6528,24,0,0,0,0,6528,24,14,15,14,15,10,10,6528,24,0,0,0,0,6528,24
87,800,200,800,0,200,0,1000,14,15,14,15,5,5,0,0,0,0,0,0,0,0,14,15,14,15,5,5,0,0,0,0,0,0,0,0,14,15,14,15,5,5,0,0,0,0,0,0,0,0,14,15,14,15,5,5,0,0,0,0,0,0,0,0,14,15,14,15,5,5,0,0,0,0,0,0,0,0,14,15,14,15,11,11,0,0,0,0,0,0,0,0
88,800,200,800,0,200,0,1000,14,15,14,15,5,5,0,0,0,0,0,0,0,0,14,15,14,15,5,5,0,0,0,0,0,0,0,0,14,15,14,15,5,5,0,0,0,0,0,0,0,0,14,15,14,15,5,5,0,0,0,0,0,0,0,0,14,15,14,15,5,5,0,0,0,0,0,0,0,0,14,15,14,15,11,11,0,0,0,0,0,0,0,0
89,800,200,800,0,200,0,1000,14,15,14,15,5,5,81207,1,81207,1,0,0,0,0,14,15,14,15,5,5,81207,1,81207,1,0,0,0,0,14,15,14,15,5,5,81207,1,81207,1,0,0,0,0,14,15,14,15,5,5,81207,1,81207,1,0,0,0,0,14,15,14,15,5,5,81207,1,81207,1,0,0,0,0,14,15,14,15,11,11,81207,1,81207,1,0,0,0,0
90,800,200,800,0,200,0,1000,14,15,14,15,5,5,84915,18,0,0,80291,1,4624,17,14,15,14,15,5,5,84915,18,0,0,80291,1,4624,17,14,15,14,15,5,5,84915,18,0,0,80291,1,4624,17,14,15,14,15,5,5,84915,18,0,0,80291,1,4624,17,14,15,14,15,5,5,84915,18,0,0,80291,1,4624,17,14,15,14,15,11,11,84915,18,0,0,80291,1,4624,17
91,800,200,800,0,200,0,1000,14,15,14,15,5,5,0,0,0,0,0,0,0,0,14,15,14,15,5,5,0,0,0,0,0,0,0,0,14,15,14,15,5,5,0,0,0,0,0,0,0,0,14,15,14,15,5,5,0,0,0,0,0,0,0,0,14,15,14,15,5,5,0,0,0,0,0,0,0,0,14,15,14,15,12,12,0,0,0,0,0,0,0,0
92,800,200,800,0,200,0,1000,14,15,14,15,5,5,0,0,0,0,0,0,0,0,14,15,14,15,5,5,0,0,0,0,0,0,0,0,14,15,14,15,5,5,0,0,0,0,0,0,0,0,14,15,14,15,5,5,0,0,0,0,0,0,0,0,14,15,14,15,5,5,0,0,0,0,0,0,0,0,14,15,14,15,12,12,0,0,0,0,0,0,0,0
93,800,200,800,0,200,0,1000,14,15,14,15,5,5,0,0,0,0,0,0,0,0,14,15,14,15,5,5,0,0,0,0,0,0,0,0,14,15,14,15,5,5,0,0,0,0,0,0,0,0,14,15,14,15,5,5,0,0,0,0,0,0,0,0,14,15,14,15,5,5,0,0,0,0,0,0,0,0,14,15,14,15,12,12,0,0,0,0,0,0,0,0
94,800,200,800,0,200,0,1000,14,15,14,15,5,5,6528,24,0,0,0,0,6528,24,14,15,14,15,5,5,6528,24,0,0,0,0,6528,24,14,15,14,15,5,5,6528,24,0,0,0,0,6528,24,14,15,14,15,5,5,6528,24,0,0,0,0,6528,24,14,15,14,15,5,5,6528,24,0,0,0,0,6528,24,14,15,14,15,12,12,6528,24,0,0,0,0,6528,24
95,800,200,800,0,200,0,1000,14,15,14,15,5,5,0,0,0,0,0,0,0,0,14,15,14,15,5,5,0,0,0,0,0,0,0,0,14,15,14,15,5,5,0,0,0,0,0,0,0,0,14,15,14,15,5,5,0,0,0,0,0,0,0,0,14,15,14,15,5,5,0,0,0,0,0,0,0,0,14,15,14,15,12,12,0,0,0,0,0,0,0,0
96,800,200,800,0,200,0,1000,14,15,14,15,5,5,0,0,0,0,0,0,0,0,14,15,14,15,5,5,0,0,0,0,0,0,0,0,14,15,14,15,5,5,0,0,0,0,0,0,0,0,14,15,14,15,5,5,0,0,0,0,0,0,0,0,14,15,14,15,5,5,0,0,0,0,0,0,0,0,14,15,14,15,12,12,0,0,0,0,0,0,0,0
97,800,200,800,0,200,0,1000,14,15,14,15,5,5,0,0,0,0,0,0,0,0,14,15,14,15,5,5,0,0,0,0,0,0,0,0,14,15,14,15,5,5,0,0,0,0,0,0,0,0,14,15,14,15,5,5,0,0,0,0,0,0,0,0,14,15,14,15,5,5,0,0,0,0,0,0,0,0,14,15,14,15,12,12,0,0,0,0,0,0,0,0
98,800,200,800,0,200,0,1000,14,15,14,15,5,5,4352,16,0,0,0,0,4352,16,14,15,14,15,5,5,4352,16,0,0,0,0,4352,16,14,15,14,15,5,5,4352,16,0,0,0,0,4352,16,14,15,14,15,5,5,4352,16,0,0,0,0,4352,16,14,15,14,15,5,5,4352,16,0,0,0,0,4352,16,14,15,14,15,12,12,4352,16,0,0,0,0,4352,16
99,800,200,800,0,200,0,1000,14,15,14,15,5,5,0,0,0,0,0,0,0,0,14,15,14,15,5,5,0,0,0,0,0,0,0,0,14,15,14,15,5,5,0,0,0,0,0,0,0,0,14,15,14,15,5,5,0,0,0,0,0,0,0,0,14,15,14,15,5,5,0,0,0,0,0,0,0,0,14,15,14,15,13,14,0,0,0,0,0,0,0,0
100,800,200,800,0,200,0,1000,14,15,14,15,5,5,0,0,0,0,0,0,0,0,14,15,14,15,5,5,0,0,0,0,0,0,0,0,14,15,14,15,5,5,0,0,0,0,0,0,0,0,14,15,14,15,5,5,0,0,0,0,0,0,0,0,14,15,14,15,5,5,0,0,0,0,0,0,0,0,14,15,14,15,13,14,0,0,0,0,0,0,0,0
101,800,200,800,0,200,0,1000,14,15,14,15,5,5,80951,1,80951,1,0,0,0,0,14,15,14,15,5,5,80951,1,80951,1,0,0,0,0,14,15,14,15,5,5,80951,1,80951,1,0,0,0,0,14,15,14,15,5,5,80951,1,80951,1,0,0,0,0,14,15,14,15,5,5,80951,1,80951,1,0,0,0,0,14,15,14,15,13,14,80951,1,80951,1,0,0,0,0
102,800,200,800,0,200,0,1000,14,15,14,15,5,5,85731,21,0,0,80291,1,5440,20,14,15,14,15,5,5,85731,21,0,0,80291,1,5440,20,14,15,14,15,5,5,85731,21,0,0,80291,1,5440,20,14,15,14,15,5,5,85731,21,0,0,80291,1,5440,20,14,15,14,15,5,5,85731,21,0,0,80291,1,5440,20,14,15,14,15,13,14,85731,21,0,0,80291,1,5440,20
103,800,200,800,0,200,0,1000,14,15,14,15,5,5,0,0,0,0,0,0,0,0,14,15,14,15,5,5,0,0,0,0,0,0,0,0,14,15,14,15,5,5,0,0,0,0,0,0,0,0,14,15,14,15,5,5,0,0,0,0,0,0,0,0,14,15,14,15,5,5,0,0,0,0,0,0,0,0,14,15,14,15,14,15,0,0,0,0,0,0,0,0
104,800,200,800,0,200,0,1000,14,15,14,15,5,5,0,0,0,0,0,0,0,0,14,15,14,15,5,5,0,0,0,0,0,0,0,0,14,15,14,15,5,5,0,0,0,0,0,0,0,0,14,15,14,15,5,5,0,0,0,0,0,0,0,0,14,15,14,15,5,5,0,0,0,0,0,0,0,0,14,15,14,15,14,15,0,0,0,0,0,0,0,0
105,800,200,800,0,200,0,1000,14,15,14,15,5,5,0,0,0,0,0,0,0,0,14,15,14,15,5,5,0,0,0,0,0,0,0,0,14,15,14,15,5,5,0,0,0,0,0,0,0,0,14,15,14,15,5,5,0,0,0,0,0,0,0,0,14,15,14,15,5,5,0,0,0,0,0,0,0,0,14,15,14,15,14,15,0,0,0,0,0,0,0,0
106,800,200,800,0,200,0,1000,14,15,14,15,5,5,4624,17,0,0,0,0,4624,17,14,15,14,15,5,5,4624,17,0,0,0,0,4624,17,14,15,14,15,5,5,4624,17,0,0,0,0,4624,17,14,15,14,15,5,5,4624,17,0,0,0,0,4624,17,14,15,14,15,5,5,4624,17,0,0,0,0,4624,17,14,15,14,15,14,15,4624,17,0,0,0,0,4624,17
107,800,200,800,0,200,0,1000,14,15,14,15,5,5,0,0,0,0,0,0,0,0,14,15,14,15,5,5,0,0,0,0,0,0,0,0,14,15,14,15,5,5,0,0,0,0,0,0,0,0,14,15,14,15,5,5,0,0,0,0,0,0,0,0,14,15,14,15,5,5,0,0,0,0,0,0,0,0,15,16,14,15,15,16,0,0,0,0,0,0,0,0
108,800,200,800,0,200,0,1000,14,15,14,15,5,5,0,0,0,0,0,0,0,0,14,15,14,15,5,5,0,0,0,0,0,0,0,0,14,15,14,15,5,5,0,0,0,0,0,0,0,0,14,15,14,15,5,5,0,0,0,0,0,0,0,0,14,15,14,15,5,5,0,0,0,0,0,0,0,0,15,16,14,15,15,16,0,0,0,0,0,0,0,0
109,800,200,800,0,200,0,1000,14,15,14,15,5,5,80982,1,80982,1,0,0,0,0,14,15,14,15,5,5,80982,1,80982,1,0,0,0,0,14,15,14,15,5,5,80982,1,80982,1,0,0,0,0,14,15,14,15,5,5,80982,1,80982,1,0,0,0,0,14,15,14,15,5,5,80982,1,80982,1,0,0,0,0,15,16,14,15,15,16,80982,1,80982,1,0,0,0,0
110,800,200,800,0,200,0,1000,14,15,14,15,5,5,85458,20,0,0,80290,1,5168,19,14,15,14,15,5,5,85458,20,0,0,80290,1,5168,19,14,15,14,15,5,5,85458,20,0,0,80290,1,5168,19,14,15,14,15,5,5,85458,20,0,0,80290,1,5168,19,14,15,14,15,5,5,85458,20,0,0,80290,1,5168,19,15,16,14,15,15,16,85458,20,0,0,80290,1,5168,19
111,800,200,800,0,200,0,1000,14,15,14,15,5,5,0,0,0,0,0,0,0,0,14,15,14,15,5,5,0,0,0,0,0,0,0,0,14,15,14,15,5,5,0,0,0,0,0,0,0,0,14,15,14,15,5,5,0,0,0,0,0,0,0,0,14,15,14,15,5,5,0,0,0,0,0,0,0,0,15,16,14,15,15,16,0,0,0,0,0,0,0,0
112,800,200,800,0,200,0,1000,14,15,14,15,5,5,0,0,0,0,0,0,0,0,14,15,14,15,5,5,0,0,0,0,0,0,0,0,14,15,14,15,5,5,0,0,0,0,0,0,0,0,14,15,14,15,5,5,0,0,0,0,0,0,0,0,14,15,14,15,5,5,0,0,0,0,0,0,0,0,15,16,14,15,15,16,0,0,0,0,0,0,0,0
113,800,200,800,0,200,0,1000,14,15,14,15,5,5,0,0,0,0,0,0,0,0,14,15,14,15,5,5,0,0,0,0,0,0,0,0,14,15,14,15,5,5,0,0,0,0,0,0,0,0,14,15,14,15,5,5,0,0,0,0,0,0,0,0,14,15,14,15,5,5,0,0,0,0,0,0,0,0,15,16,14,15,15,16,0,0,0,0,0,0,0,0
114,800,200,800,0,200,0,1000,14,15,14,15,5,5,5168,19,0,0,0,0,5168,19,14,15,14,15,5,5,5168,19,0,0,0,0,5168,19,14,15,14,15,5,5,5168,19,0,0,0,0,5168,19,14,15,14,15,5,5,5168,19,0,0,0,0,5168,19,14,15,14,15,5,5,5168,19,0,0,0,0,5168,19,15,16,14,15,15,16,5168,19,0,0,0,0,5168,19
115,800,200,800,0,200,0,1000,14,15,14,15,5,5,0,0,0,0,0,0,0,0,14,15,14,15,5,5,0,0,0,0,0,0,0,0,14,15,14,15,5,5,0,0,0,0,0,0,0,0,14,15,14,15,5,5,0,0,0,0,0,0,0,0,14,15,14,15,5,5,0,0,0,0,0,0,0,0,15,16,14,15,15,16,0,0,0,0,0,0,0,0
116,800,200,800,0,200,0,1000,14,15,14,15,5,5,0,0,0,0,0,0,0,0,14,15,14,15,5,5,0,0,0,0,0,0,0,0,14,15,14,15,5,5,0,0,0,0,0,0,0,0,14,15,14,15,5,5,0,0,0,0,0,0,0,0,14,15,14,15,5,5,0,0,0,0,0,0,0,0,15,16,14,15,15,16,0,0,0,0,0,0,0,0
117,800,200,800,0,200,0,1000,14,15,14,15,5,5,81047,1,81047,1,0,0,0,0,14,15,14,15,5,5,81047,1,81047,1,0,0,0,0,14,15,14,15,5,5,81047,1,81047,1,0,0,0,0,14,15,14,15,5,5,81047,1,81047,1,0,0,0,0,14,15,14,15,5,5,81047,1,81047,1,0,0,0,0,15,16,14,15,15,16,81047,1,81047,1,0,0,0,0
118,800,200,800,0,200,0,1000,14,15,14,15,5,5,84915,18,0,0,80291,1,4624,17,14,15,14,15,5,5,84915,18,0,0,80291,1,4624,17,14,15,14,15,5,5,84915,18,0,0,80291,1,4624,17,14,15,14,15,5,5,84915,18,0,0,80291,1,4624,17,14,15,14,15,5,5,84915,18,0,0,80291,1,4624,17,15,16,14,15,15,16,84915,18,0,0,80291,1,4624,17
119,800,200,800,0,200,0,1000,14,15,14,15,5,5,0,0,0,0,0,0,0,0,14,15,14,15,5,5,0,0,0,0,0,0,0,0,14,15,14,15,5,5,0,0,0,0,0,0,0,0,14,15,14,15,5,5,0,0,0,0,0,0,0,0,14,15,14,15,5,5,0,0,0,0,0,0,0,0,15,16,14,15,15,16,0,0,0,0,0,0,0,0
120,800,200,800,0,200,0,1000,14,15,14,15,5,5,0,0,0,0,0,0,0,0,14,15,14,15,5,5,0,0,0,0,0,0,0,0,14,15,14,15,5,5,0,0,0,0,0,0,0,0,14,15,14,15,5,5,0,0,0,0,0,0,0,0,14,15,14,15,5,5,0,0,0,0,0,0,0,0,15,16,14,15,15,16,0,0,0,0,0,0,0,0
121,800,200,800,0,200,0,1000,14,15,14,15,5,5,0,0,0,0,0,0,0,0,14,15,14,15,5,5,0,0,0,0,0,0,0,0,14,15,14,15,5,5,0,0,0,0,0,0,0,0,14,15,14,15,5,5,0,0,0,0,0,0,0,0,14,15,14,15,5,5,0,0,0,0,0,0,0,0,15,16,14,15,15,16,0,0,0,0,0,0,0,0
122,800,200,800,0,200,0,1000,14,15,14,15,5,5,5984,22,0,0,0,0,5984,22,14,15,14,15,5,5,5984,22,0,0,0,0,5984,22,14,15,14,15,5,5,5984,22,0,0,0,0,5984,22,14,15,14,15,5,5,5984,22,0,0,0,0,5984,22,14,15,14,15,5,5,5984,22,0,0,0,0,5984,22,15,16,14,15,15,16,5984,22,0,0,0,0,5984,22
123,800,200,800,0,200,0,1000,14,15,14,15,5,5,0,0,0,0,0,0,0,0,14,15,14,15,5,5,0,0,0,0,0,0,0,0,14,15,14,15,5,5,0,0,0,0,0,0,0,0,14,15,14,15,5,5,0,0,0,0,0,0,0,0,14,15,14,15,5,5,0,0,0,0,0,0,0,0,16,20,14,15,16,20,0,0,0,0,0,0,0,0
124,800,200,800,0,200,0,1000,14,15,14,15,5,5,0,0,0,0,0,0,0,0,14,15,14,15,5,5,0,0,0,0,0,0,0,0,14,15,14,15,5,5,0,0,0,0,0,0,0,0,14,15,14,15,5,5,0,0,0,0,0,0,0,0,14,15,14,15,5,5,0,0,0,0,0,0,0,0,16,20,14,15,16,20,0,0,0,0,0,0,0,0
125,800,200,800,0,200,0,1000,14,15,14,15,5,5,81143,1,81143,1,0,0,0,0,14,15,14,15,5,5,81143,1,81143,1,0,0,0,0,14,15,14,15,5,5,81143,1,81143,1,0,0,0,0,14,15,14,15,5,5,81143,1,81143,1,0,0,0,0,14,15,14,15,5,5,81143,1,81143,1,0,0,0,0,16,20,14,15,16,20,81143,1,81143,1,0,0,0,0
126,0,1000,0,800,200,0,1000,14,15,14,15,5,5,85459,20,0,0,80291,1,5168,19,14,15,14,15,5,5,85459,20,0,0,80291,1,5168,19,14,15,14,15,5,5,85459,20,0,0,80291,1,5168,19,14,15,14,15,5,5,85459,20,0,0,80291,1,5168,19,14,15,14,15,5,5,85459,20,0,0,80291,1,5168,19,16,20,14,15,16,20,85459,20,0,0,80291,1,5168,19
127,0,1000,0,0,1000,0,1000,16,20,14,15,16,20,0,0,0,0,0,0,0,0,16,20,14,15,16,20,0,0,0,0,0,0,0,0,16,20,14,15,16,20,0,0,0,0,0,0,0,0,16,20,14,15,16,20,0,0,0,0,0,0,0,0,16,20,14,15,16,20,0,0,0,0,0,0,0,0,16,20,14,15,16,20,0,0,0,0,0,0,0,0
128,0,1000,0,0,1000,0,1000,16,20,14,15,16,20,0,0,0,0,0,0,0,0,16,20,14,15,16,20,0,0,0,0,0,0,0,0,16,20,14,15,16,20,0,0,0,0,0,0,0,0,16,20,14,15,16,20,0,0,0,0,0,0,0,0,16,20,14,15,16,20,0,0,0,0,0,0,0,0,16,20,14,15,16,20,0,0,0,0,0,0,0,0
129,0,1000,0,0,1000,0,1000,16,20,14,15,16,20,324188,4,324188,4,0,0,0,0,16,20,14,15,16,20,324188,4,324188,4,0,0,0,0,16,20,14,15,16,20,324188,4,324188,4,0,0,0,0,16,20,14,15,16,20,324188,4,324188,4,0,0,0,0,16,20,14,15,16,20,324188,4,324188,4,0,0,0,0,16,20,14,15,16,20,324188,4,324188,4,0,0,0,0
130,0,1000,0,0,1000,0,1000,22,32,22,32,16,20,105043,92,0,0,80291,1,24752,91,22,32,22,32,16,20,105043,92,0,0,80291,1,24752,91,22,32,22,32,16,20,105043,92,0,0,80291,1,24752,91,22,32,22,32,16,20,105043,92,0,0,80291,1,24752,91,22,32,22,32,16,20,105043,92,0,0,80291,1,24752,91,22,32,22,32,16,20,105043,92,0,0,80291,1,24752,91
131,0,1000,0,0,1000,0,1000,22,32,22,32,17,22,0,0,0,0,0,0,0,0,22,32,22,32,17,22,0,0,0,0,0,0,0,0,22,32,22,32,17,22,0,0,0,0,0,0,0,0,22,32,22,32,17,22,0,0,0,0,0,0,0,0,22,32,22,32,17,22,0,0,0,0,0,0,0,0,22,32,22,32,17,22,0,0,0,0,0,0,0,0
132,0,1000,0,0,1000,0,1000,22,32,22,32,17,22,0,0,0,0,0,0,0,0,22,32,22,32,17,22,0,0,0,0,0,0,0,0,22,32,22,32,17,22,0,0,0,0,0,0,0,0,22,32,22,32,17,22,0,0,0,0,0,0,0,0,22,32,22,32,17,22,0,0,0,0,0,0,0,0,22,32,22,32,17,22,0,0,0,0,0,0,0,0
133,0,1000,0,0,1000,0,1000,22,32,22,32,17,22,166702,2,166702,2,0,0,0,0,22,32,22,32,17,22,166702,2,166702,2,0,0,0,0,22,32,22,32,17,22,166702,2,166702,2,0,0,0,0,22,32,22,32,17,22,166702,2,166702,2,0,0,0,0,22,32,22,32,17,22,166702,2,166702,2,0,0,0,0,22,32,22,32,17,22,166702,2,166702,2,0,0,0,0
134,0,1000,0,0,1000,0,1000,23,33,23,33,17,22,107491,101,0,0,80291,1,27200,100,23,33,23,33,17,22,107491,101,0,0,80291,1,27200,100,23,33,23,33,17,22,107491,101,0,0,80291,1,27200,100,23,33,23,33,17,22,107491,101,0,0,80291,1,27200,100,23,33,23,33,17,22,107491,101,0,0,80291,1,27200,100,23,33,23,33,17,22,107491,101,0,0,80291,1,27200,100
135,0,1000,0,0,1000,0,1000,23,33,23,33,17,22,0,0,0,0,0,0,0,0,23,33,23,33,17,22,0,0,0,0,0,0,0,0,23,33,23,33,17,22,0,0,0,0,0,0,0,0,23,33,23,33,17,22,0,0,0,0,0,0,0,0,23,33,23,33,17,22,0,0,0,0,0,0,0,0,23,33,23,33,17,22,0,0,0,0,0,0,0,0
136,0,1000,0,0,1000,0,1000,23,33,23,33,17,22,0,0,0,0,0,0,0,0,23,33,23,33,17,22,0,0,0,0,0,0,0,0,23,33,23,33,17,22,0,0,0,0,0,0,0,0,23,33,23,33,17,22,0,0,0,0,0,0,0,0,23,33,23,33,17,22,0,0,0,0,0,0,0,0,23,33,23,33,17,22,0,0,0,0,0,0,0,0
137,0,1000,0,0,1000,0,1000,23,33,23,33,17,22,0,0,0,0,0,0,0,0,23,33,23,33,17,22,0,0,0,0,0,0,0,0,23,33,23,33,17,22,0,0,0,0,0,0,0,0,23,33,23,33,17,22,0,0,0,0,0,0,0,0,23,33,23,33,17,22,0,0,0,0,0,0,0,0,23,33,23,33,17,22,0,0,0,0,0,0,0,0
138,0,1000,0,0,1000,0,1000,23,33,23,33,17,22,25296,93,0,0,0,0,25296,93,23,33,23,33,17,22,25296,93,0,0,0,0,25296,93,23,33,23,33,17,22,25296,93,0,0,0,0,25296,93,23,33,23,33,17,22,25296,93,0,0,0,0,25296,93,23,33,23,33,17,22,25296,93,0,0,0,0,25296,93,23,33,23,33,17,22,25296,93,0,0,0,0,25296,93
139,0,1000,0,0,1000,0,1000,23,33,23,33,17,22,0,0,0,0,0,0,0,0,23,33,23,33,17,22,0,0,0,0,0,0,0,0,23,33,23,33,17,22,0,0,0,0,0,0,0,0,23,33,23,33,17,22,0,0,0,0,0,0,0,0,23,33,23,33,17,22,0,0,0,0,0,0,0,0,23,33,23,33,17,22,0,0,0,0,0,0,0,0
140,0,1000,0,0,1000,0,1000,23,33,23,33,17,22,0,0,0,0,0,0,0,0,23,33,23,33,17,22,0,0,0,0,0,0,0,0,23,33,23,33,17,22,0,0,0,0,0,0,0,0,23,33,23,33,17,22,0,0,0,0,0,0,0,0,23,33,23,33,17,22,0,0,0,0,0,0,0,0,23,33,23,33,17,22,0,0,0,0,0,0,0,0
141,0,1000,0,0,1000,0,1000,23,33,23,33,17,22,166830,2,166830,2,0,0,0,0,23,33,23,33,17,22,166830,2,166830,2,0,0,0,0,23,33,23,33,17,22,166830,2,166830,2,0,0,0,0,23,33,23,33,17,22,166830,2,166830,2,0,0,0,0,23,33,23,33,17,22,166830,2,166830,2,0,0,0,0,23,33,23,33,17,22,166830,2,166830,2,0,0,0,0
142,0,1000,0,0,1000,0,1000,24,35,24,35,17,22,106675,98,0,0,80291,1,26384,97,24,35,24,35,17,22,106675,98,0,0,80291,1,26384,97,24,35,24,35,17,22,106675,98,0,0,80291,1,26384,97,24,35,24,35,17,22,106675,98,0,0,80291,1,26384,97,24,35,24,35,17,22,106675,98,0,0,80291,1,26384,97,24,35,24,35,17,22,106675,98,0,0,80291,1,26384,97
143,0,1000,0,0,1000,0,1000,24,35,24,35,18,25,0,0,0,0,0,0,0,0,24,35,24,35,18,25,0,0,0,0,0,0,0,0,24,35,24,35,18,25,0,0,0,0,0,0,0,0,24,35,24,35,18,25,0,0,0,0,0,0,0,0,24,35,24,35,18,25,0,0,0,0,0,0,0,0,24,35,24,35,18,25,0,0,0,0,0,0,0,0
144,0,1000,0,0,1000,0,1000,24,35,24,35,18,25,0,0,0,0,0,0,0,0,24,35,24,35,18,25,0,0,0,0,0,0,0,0,24,35,24,35,18,25,0,0,0,0,0,0,0,0,24,35,24,35,18,25,0,0,0,0,0,0,0,0,24,35,24,35,18,25,0,0,0,0,0,0,0,0,24,35,24,35,18,25,0,0,0,0,0,0,0,0
145,0,1000,0,0,1000,0,1000,24,35,24,35,18,25,334170,4,334170,4,0,0,0,0,24,35,24,35,18,25,334170,4,334170,4,0,0,0,0,24,35,24,35,18,25,334170,4,334170,4,0,0,0,0,24,35,24,35,18,25,334170,4,334170,4,0,0,0,0,24,35,24,35,18,25,334170,4,334170,4,0,0,0,0,24,35,24,35,18,25,334170,4,334170,4,0,0,0,0
146,0,1000,0,0,1000,0,1000,25,36,25,36,18,25,107217,100,0,0,80289,1,26928,99,25,36,25,36,18,25,107217,100,0,0,80289,1,26928,99,25,36,25,36,18,25,107217,100,0,0,80289,1,26928,99,25,36,25,36,18,25,107217,100,0,0,80289,1,26928,99,25,36,25,36,18,25,107217,100,0,0,80289,1,26928,99,25,36,25,36,18,25,107217,100,0,0,80289,1,26928,99
147,0,1000,0,0,1000,0,1000,25,36,25,36,18,25,0,0,0,0,0,0,0,0,25,36,25,36,18,25,0,0,0,0,0,0,0,0,25,36,25,36,18,25,0,0,0,0,0,0,0,0,25,36,25,36,18,25,0,0,0,0,0,0,0,0,25,36,25,36,18,25,0,0,0,0,0,0,0,0,25,36,25,36,18,25,0,0,0,0,0,0,0,0
148,0,1000,0,0,1000,0,1000,25,36,25,36,18,25,0,0,0,0,0,0,0,0,25,36,25,36,18,25,0,0,0,0,0,0,0,0,25,36,25,36,18,25,0,0,0,0,0,0,0,0,25,36,25,36,18,25,0,0,0,0,0,0,0,0,25,36,25,36,18,25,0,0,0,0,0,0,0,0,25,36,25,36,18,25,0,0,0,0,0,0,0,0
149,0,1000,0,0,1000,0,1000,25,36,25,36,18,25,418035,5,418035,5,0,0,0,0,25,36,25,36,18,25,418035,5,418035,5,0,0,0,0,25,36,25,36,18,25,418035,5,418035,5,0,0,0,0,25,36,25,36,18,25,418035,5,418035,5,0,0,0,0,25,36,25,36,18,25,418035,5,418035,5,0,0,0,0,25,36,25,36,18,25,418035,5,418035,5,0,0,0,0
150,0,1000,0,0,1000,0,1000,26,37,26,37,18,25,105859,95,0,0,80291,1,25568,94,26,37,26,37,18,25,105859,95,0,0,80291,1,25568,94,26,37,26,37,18,25,105859,95,0,0,80291,1,25568,94,26,37,26,37,18,25,105859,95,0,0,80291,1,25568,94,26,37,26,37,18,25,105859,95,0,0,80291,1,25568,94,26,37,26,37,18,25,105859,95,0,0,80291,1,25568,94
151,0,1000,0,0,1000,0,1000,26,37,26,37,19,27,0,0,0,0,0,0,0,0,26,37,26,37,19,27,0,0,0,0,0,0,0,0,26,37,26,37,19,27,0,0,0,0,0,0,0,0,26,37,26,37,19,27,0,0,0,0,0,0,0,0,26,37,26,37,19,27,0,0,0,0,0,0,0,0,26,37,26,37,19,27,0,0,0,0,0,0,0,0
152,0,1000,0,0,1000,0,1000,26,37,26,37,19,27,0,0,0,0,0,0,0,0,26,37,26,37,19,27,0,0,0,0,0,0,0,0,26,37,26,37,19,27,0,0,0,0,0,0,0,0,26,37,26,37,19,27,0,0,0,0,0,0,0,0,26,37,26,37,19,27,0,0,0,0,0,0,0,0,26,37,26,37,19,27,0,0,0,0,0,0,0,0
153,0,1000,0,0,1000,0,1000,26,37,26,37,19,27,333787,4,333787,4,0,0,0,0,26,37,26,37,19,27,333787,4,333787,4,0,0,0,0,26,37,26,37,19,27,333787,4,333787,4,0,0,0,0,26,37,26,37,19,27,333787,4,333787,4,0,0,0,0,26,37,26,37,19,27,333787,4,333787,4,0,0,0,0,26,37,26,37,19,27,333787,4,333787,4,0,0,0,0
154,0,1000,0,0,1000,0,1000,27,38,27,38,19,27,109667,109,0,0,80291,1,29376,108,27,38,27,38,19,27,109667,109,0,0,80291,1,29376,108,27,38,27,38,19,27,109667,109,0,0,80291,1,29376,108,27,38,27,38,19,27,109667,109,0,0,80291,1,29376,108,27,38,27,38,19,27,109667,109,0,0,80291,1,29376,108,27,38,27,38,19,27,109667,109,0,0,80291,1,29376,108
155,0,1000,0,0,1000,0,1000,27,38,27,38,19,27,0,0,0,0,0,0,0,0,27,38,27,38,19,27,0,0,0,0,0,0,0,0,27,38,27,38,19,27,0,0,0,0,0,0,0,0,27,38,27,38,19,27,0,0,0,0,0,0,0,0,27,38,27,38,19,27,0,0,0,0,0,0,0,0,27,38,27,38,19,27,0,0,0,0,0,0,0,0
156,0,1000,0,0,1000,0,1000,27,38,27,38,19,27,0,0,0,0,0,0,0,0,27,38,27,38,19,27,0,0,0,0,0,0,0,0,27,38,27,38,19,27,0,0,0,0,0,0,0,0,27,38,27,38,19,27,0,0,0,0,0,0,0,0,27,38,27,38,19,27,0,0,0,0,0,0,0,0,27,38,27,38,19,27,0,0,0,0,0,0,0,0
157,0,1000,0,0,1000,0,1000,27,38,27,38,19,27,251685,3,251685,3,0,0,0,0,27,38,27,38,19,27,251685,3,251685,3,0,0,0,0,27,38,27,38,19,27,251685,3,251685,3,0,0,0,0,27,38,27,38,19,27,251685,3,251685,3,0,0,0,0,27,38,27,38,19,27,251685,3,251685,3,0,0,0,0,27,38,27,38,19,27,251685,3,251685,3,0,0,0,0
158,0,1000,0,0,1000,0,1000,28,39,28,39,19,27,108579,105,0,0,80291,1,28288,104,28,39,28,39,19,27,108579,105,0,0,80291,1,28288,104,28,39,28,39,19,27,108579,105,0,0,80291,1,28288,104,28,39,28,39,19,27,108579,105,0,0,80291,1,28288,104,28,39,28,39,19,27,108579,105,0,0,80291,1,28288,104,28,39,28,39,19,27,108579,105,0,0,80291,1,28288,104
159,0,1000,0,0,1000,0,1000,28,39,28,39,20,29,0,0,0,0,0,0,0,0,28,39,28,39,20,29,0,0,0,0,0,0,0,0,28,39,28,39,20,29,0,0,0,0,0,0,0,0,28,39,28,39,20,29,0,0,0,0,0,0,0,0,28,39,28,39,20,29,0,0,0,0,0,0,0,0,28,39,28,39,20,29,0,0,0,0,0,0,0,0
160,0,1000,0,0,1000,0,1000,28,39,28,39,20,29,0,0,0,0,0,0,0,0,28,39,28,39,20,29,0,0,0,0,0,0,0,0,28,39,28,39,20,29,0,0,0,0,0,0,0,0,28,39,28,39,20,29,0,0,0,0,0,0,0,0,28,39,28,39,20,29,0,0,0,0,0,0,0,0,28,39,28,39,20,29,0,0,0,0,0,0,0,0
161,0,1000,0,0,1000,0,1000,28,39,28,39,20,29,251301,3,251301,3,0,0,0,0,28,39,28,39,20,29,251301,3,251301,3,0,0,0,0,28,39,28,39,20,29,251301,3,251301,3,0,0,0,0,28,39,28,39,20,29,251301,3,251301,3,0,0,0,0,28,39,28,39,20,29,251301,3,251301,3,0,0,0,0,28,39,28,39,20,29,251301,3,251301,3,0,0,0,0
162,0,1000,0,0,1000,0,1000,29,40,29,40,20,29,104499,90,0,0,80291,1,24208,89,29,40,29,40,20,29,104499,90,0,0,80291,1,24208,89,29,40,29,40,20,29,104499,90,0,0,80291,1,24208,89,29,40,29,40,20,29,104499,90,0,0,80291,1,24208,89,29,40,29,40,20,29,104499,90,0,0,80291,1,24208,89,29,40,29,40,20,29,104499,90,0,0,80291,1,24208,89
163,0,1000,0,0,1000,0,1000,29,40,29,40,20,29,0,0,0,0,0,0,0,0,29,40,29,40,20,29,0,0,0,0,0,0,0,0,29,40,29,40,20,29,0,0,0,0,0,0,0,0,29,40,29,40,20,29,0,0,0,0,0,0,0,0,29,40,29,40,20,29,0,0,0,0,0,0,0,0,29,40,29,40,20,29,0,0,0,0,0,0,0,0
164,0,1000,0,0,1000,0,1000,29,40,29,40,20,29,0,0,0,0,0,0,0,0,29,40,29,40,20,29,0,0,0,0,0,0,0,0,29,40,29,40,20,29,0,0,0,0,0,0,0,0,29,40,29,40,20,29,0,0,0,0,0,0,0,0,29,40,29,40,20,29,0,0,0,0,0,0,0,0,29,40,29,40,20,29,0,0,0,0,0,0,0,0
165,0,1000,0,0,1000,0,1000,29,40,29,40,20,29,499722,6,499722,6,0,0,0,0,29,40,29,40,20,29,499722,6,499722,6,0,0,0,0,29,40,29,40,20,29,499722,6,499722,6,0,0,0,0,29,40,29,40,20,29,499722,6,499722,6,0,0,0,0,29,40,29,40,20,29,499722,6,499722,6,0,0,0,0,29,40,29,40,20,29,499722,6,499722,6,0,0,0,0
166,0,1000,0,0,1000,0,1000,30,41,30,41,20,29,106675,98,0,0,80291,1,26384,97,30,41,30,41,20,29,106675,98,0,0,80291,1,26384,97,30,41,30,41,20,29,106675,98,0,0,80291,1,26384,97,30,41,30,41,20,29,106675,98,0,0,80291,1,26384,97,30,41,30,41,20,29,106675,98,0,0,80291,1,26384,97,30,41,30,41,20,29,106675,98,0,0,80291,1,26384,97
167,0,1000,0,0,1000,0,1000,30,41,30,41,21,31,0,0,0,0,0,0,0,0,30,41,30,41,21,31,0,0,0,0,0,0,0,0,30,41,30,41,21,31,0,0,0,0,0,0,0,0,30,41,30,41,21,31,0,0,0,0,0,0,0,0,30,41,30,41,21,31,0,0,0,0,0,0,0,0,30,41,30,41,21,31,0,0,0,0,0,0,0,0
168,0,1000,0,0,1000,0,1000,30,41,30,41,21,31,0,0,0,0,0,0,0,0,30,41,30,41,21,31,0,0,0,0,0,0,0,0,30,41,30,41,21,31,0,0,0,0,0,0,0,0,30,41,30,41,21,31,0,0,0,0,0,0,0,0,30,41,30,41,21,31,0,0,0,0,0,0,0,0,30,41,30,41,21,31,0,0,0,0,0,0,0,0
169,0,1000,0,0,1000,0,1000,30,41,30,41,21,31,501258,6,501258,6,0,0,0,0,30,41,30,41,21,31,501258,6,501258,6,0,0,0,0,30,41,30,41,21,31,501258,6,501258,6,0,0,0,0,30,41,30,41,21,31,501258,6,501258,6,0,0,0,0,30,41,30,41,21,31,501258,6,501258,6,0,0,0,0,30,41,30,41,21,31,501258,6,501258,6,0,0,0,0
170,0,1000,0,0,1000,0,1000,31,42,31,42,21,31,105043,92,0,0,80291,1,24752,91,31,42,31,42,21,31,105043,92,0,0,80291,1,24752,91,31,42,31,42,21,31,105043,92,0,0,80291,1,24752,91,31,42,31,42,21,31,105043,92,0,0,80291,1,24752,91,31,42,31,42,21,31,105043,92,0,0,80291,1,24752,91,31,42,31,42,21,31,105043,92,0,0,80291,1,24752,91
171,0,1000,0,0,1000,0,1000,31,42,31,42,22,32,0,0,0,0,0,0,0,0,31,42,31,42,22,32,0,0,0,0,0,0,0,0,31,42,31,42,22,32,0,0,0,0,0,0,0,0,31,42,31,42,22,32,0,0,0,0,0,0,0,0,31,42,31,42,22,32,0,0,0,0,0,0,0,0,31,42,31,42,22,32,0,0,0,0,0,0,0,0
172,0,1000,0,0,1000,0,1000,31,42,31,42,22,32,0,0,0,0,0,0,0,0,31,42,31,42,22,32,0,0,0,0,0,0,0,0,31,42,31,42,22,32,0,0,0,0,0,0,0,0,31,42,31,42,22,32,0,0,0,0,0,0,0,0,31,42,31,42,22,32,0,0,0,0,0,0,0,0,31,42,31,42,22,32,0,0,0,0,0,0,0,0
173,0,1000,0,0,1000,0,1000,31,42,31,42,22,32,500104,6,500104,6,0,0,0,0,31,42,31,42,22,32,500104,6,500104,6,0,0,0,0,31,42,31,42,22,32,500104,6,500104,6,0,0,0,0,31,42,31,42,22,32,500104,6,500104,6,0,0,0,0,31,42,31,42,22,32,500104,6,500104,6,0,0,0,0,31,42,31,42,22,32,500104,6,500104,6,0,0,0,0
174,0,1000,0,0,1000,0,1000,32,43,32,43,22,32,105585,94,0,0,80289,1,25296,93,32,43,32,43,22,32,105585,94,0,0,80289,1,25296,93,32,43,32,43,22,32,105585,94,0,0,80289,1,25296,93,32,43,32,43,22,32,105585,94,0,0,80289,1,25296,93,32,43,32,43,22,32,105585,94,0,0,80289,1,25296,93,32,43,32,43,22,32,105585,94,0,0,80289,1,25296,93
175,0,1000,0,0,1000,0,1000,32,43,32,43,23,33,0,0,0,0,0,0,0,0,32,43,32,43,23,33,0,0,0,0,0,0,0,0,32,43,32,43,23,33,0,0,0,0,0,0,0,0,32,43,32,43,23,33,0,0,0,0,0,0,0,0,32,43,32,43,23,33,0,0,0,0,0,0,0,0,32,43,32,43,23,33,0,0,0,0,0,0,0,0
176,0,1000,0,0,1000,0,1000,32,43,32,43,23,33,0,0,0,0,0,0,0,0,32,43,32,43,23,33,0,0,0,0,0,0,0,0,32,43,32,43,23,33,0,0,0,0,0,0,0,0,32,43,32,43,23,33,0,0,0,0,0,0,0,0,32,43,32,43,23,33,0,0,0,0,0,0,0,0,32,43,32,43,23,33,0,0,0,0,0,0,0,0
177,0,1000,0,0,1000,0,1000,32,43,32,43,23,33,250244,3,250244,3,0,0,0,0,32,43,32,43,23,33,250244,3,250244,3,0,0,0,0,32,43,32,43,23,33,250244,3,250244,3,0,0,0,0,32,43,32,43,23,33,250244,3,250244,3,0,0,0,0,32,43,32,43,23,33,250244,3,250244,3,0,0,0,0,32,43,32,43,23,33,250244,3,250244,3,0,0,0,0
178,0,1000,0,0,1000,0,1000,33,44,33,44,23,33,113202,122,0,0,80290,1,32912,121,33,44,33,44,23,33,113202,122,0,0,80290,1,32912,121,33,44,33,44,23,33,113202,122,0,0,80290,1,32912,121,33,44,33,44,23,33,113202,122,0,0,80290,1,32912,121,33,44,33,44,23,33,113202,122,0,0,80290,1,32912,121,33,44,33,44,23,33,113202,122,0,0,80290,1,32912,121
179,0,1000,0,0,1000,0,1000,33,44,33,44,23,33,0,0,0,0,0,0,0,0,33,44,33,44,23,33,0,0,0,0,0,0,0,0,33,44,33,44,23,33,0,0,0,0,0,0,0,0,33,44,33,44,23,33,0,0,0,0,0,0,0,0,33,44,33,44,23,33,0,0,0,0,0,0,0,0,33,44,33,44,23,33,0,0,0,0,0,0,0,0
180,0,1000,0,0,1000,0,1000,33,44,33,44,23,33,0,0,0,0,0,0,0,0,33,44,33,44,23,33,0,0,0,0,0,0,0,0,33,44,33,44,23,33,0,0,0,0,0,0,0,0,33,44,33,44,23,33,0,0,0,0,0,0,0,0,33,44,33,44,23,33,0,0,0,0,0,0,0,0,33,44,33,44,23,33,0,0,0,0,0,0,0,0
181,0,1000,0,0,1000,0,1000,33,44,33,44,23,33,84311,1,84311,1,0,0,0,0,33,44,33,44,23,33,84311,1,84311,1,0,0,0,0,33,44,33,44,23,33,84311,1,84311,1,0,0,0,0,33,44,33,44,23,33,84311,1,84311,1,0,0,0,0,33,44,33,44,23,33,84311,1,84311,1,0,0,0,0,33,44,33,44,23,33,84311,1,84311,1,0,0,0,0
182,0,1000,0,0,1000,0,1000,34,45,34,45,23,33,111571,116,0,0,80291,1,31280,115,34,45,34,45,23,33,111571,116,0,0,80291,1,31280,115,34,45,34,45,23,33,111571,116,0,0,80291,1,31280,115,34,45,34,45,23,33,111571,116,0,0,80291,1,31280,115,34,45,34,45,23,33,111571,116,0,0,80291,1,31280,115,34,45,34,45,23,33,111571,116,0,0,80291,1,31280,115
183,0,1000,0,0,1000,0,1000,34,45,34,45,24,35,0,0,0,0,0,0,0,0,34,45,34,45,24,35,0,0,0,0,0,0,0,0,34,45,34,45,24,35,0,0,0,0,0,0,0,0,34,45,34,45,24,35,0,0,0,0,0,0,0,0,34,45,34,45,24,35,0,0,0,0,0,0,0,0,34,45,34,45,24,35,0,0,0,0,0,0,0,0
184,0,1000,0,0,1000,0,1000,34,45,34,45,24,35,0,0,0,0,0,0,0,0,34,45,34,45,24,35,0,0,0,0,0,0,0,0,34,45,34,45,24,35,0,0,0,0,0,0,0,0,34,45,34,45,24,35,0,0,0,0,0,0,0,0,34,45,34,45,24,35,0,0,0,0,0,0,0,0,34,45,34,45,24,35,0,0,0,0,0,0,0,0
185,0,1000,0,0,1000,0,1000,34,45,34,45,24,35,168238,2,168238,2,0,0,0,0,34,45,34,45,24,35,168238,2,168238,2,0,0,0,0,34,45,34,45,24,35,168238,2,168238,2,0,0,0,0,34,45,34,45,24,35,168238,2,168238,2,0,0,0,0,34,45,34,45,24,35,168238,2,168238,2,0,0,0,0,34,45,34,45,24,35,168238,2,168238,2,0,0,0,0
186,0,1000,0,0,1000,0,1000,35,46,35,46,24,35,106131,96,0,0,80291,1,25840,95,35,46,35,46,24,35,106131,96,0,0,80291,1,25840,95,35,46,35,46,24,35,106131,96,0,0,80291,1,25840,95,35,46,35,46,24,35,106131,96,0,0,80291,1,25840,95,35,46,35,46,24,35,106131,96,0,0,80291,1,25840,95,35,46,35,46,24,35,106131,96,0,0,80291,1,25840,95
187,800,200,800,0,200,0,1000,35,46,35,46,24,35,0,0,0,0,0,0,0,0,35,46,35,46,24,35,0,0,0,0,0,0,0,0,35,46,35,46,24,35,0,0,0,0,0,0,0,0,35,46,35,46,24,35,0,0,0,0,0,0,0,0,35,46,35,46,24,35,0,0,0,0,0,0,0,0,35,46,35,46,25,36,0,0,0,0,0,0,0,0
188,800,200,800,0,200,0,1000,35,46,35,46,24,35,0,0,0,0,0,0,0,0,35,46,35,46,24,35,0,0,0,0,0,0,0,0,35,46,35,46,24,35,0,0,0,0,0,0,0,0,35,46,35,46,24,35,0,0,0,0,0,0,0,0,35,46,35,46,24,35,0,0,0,0,0,0,0,0,35,46,35,46,25,36,0,0,0,0,0,0,0,0
189,800,200,800,0,200,0,1000,35,46,35,46,24,35,83479,1,83479,1,0,0,0,0,35,46,35,46,24,35,83479,1,83479,1,0,0,0,0,35,46,35,46,24,35,83479,1,83479,1,0,0,0,0,35,46,35,46,24,35,83479,1,83479,1,0,0,0,0,35,46,35,46,24,35,83479,1,83479,1,0,0,0,0,35,46,35,46,25,36,83479,1,83479,1,0,0,0,0
190,800,200,800,0,200,0,1000,35,46,35,46,24,35,85187,19,0,0,80291,1,4896,18,35,46,35,46,24,35,85187,19,0,0,80291,1,4896,18,35,46,35,46,24,35,85187,19,0,0,80291,1,4896,18,35,46,35,46,24,35,85187,19,0,0,80291,1,4896,18,35,46,35,46,24,35,85187,19,0,0,80291,1,4896,18,35,46,35,46,25,36,85187,19,0,0,80291,1,4896,18
191,800,200,800,0,200,0,1000,35,46,35,46,24,35,0,0,0,0,0,0,0,0,35,46,35,46,24,35,0,0,0,0,0,0,0,0,35,46,35,46,24,35,0,0,0,0,0,0,0,0,35,46,35,46,24,35,0,0,0,0,0,0,0,0,35,46,35,46,24,35,0,0,0,0,0,0,0,0,35,46,35,46,26,37,0,0,0,0,0,0,0,0
192,800,200,800,0,200,0,1000,35,46,35,46,24,35,0,0,0,0,0,0,0,0,35,46,35,46,24,35,0,0,0,0,0,0,0,0,35,46,35,46,24,35,0,0,0,0,0,0,0,0,35,46,35,46,24,35,0,0,0,0,0,0,0,0,35,46,35,46,24,35,0,0,0,0,0,0,0,0,35,46,35,46,26,37,0,0,0,0,0,0,0,0
193,800,200,800,0,200,0,1000,35,46,35,46,24,35,0,0,0,0,0,0,0,0,35,46,35,46,24,35,0,0,0,0,0,0,0,0,35,46,35,46,24,35,0,0,0,0,0,0,0,0,35,46,35,46,24,35,0,0,0,0,0,0,0,0,35,46,35,46,24,35,0,0,0,0,0,0,0,0,35,46,35,46,26,37,0,0,0,0,0,0,0,0
194,800,200,800,0,200,0,1000,35,46,35,46,24,35,7616,28,0,0,0,0,7616,28,35,46,35,46,24,35,7616,28,0,0,0,0,7616,28,35,46,35,46,24,35,7616,28,0,0,0,0,7616,28,35,46,35,46,24,35,7616,28,0,0,0,0,7616,28,35,46,35,46,24,35,7616,28,0,0,0,0,7616,28,35,46,35,46,26,37,7616,28,0,0,0,0,7616,28
195,800,200,800,0,200,0,1000,35,46,35,46,24,35,0,0,0,0,0,0,0,0,35,46,35,46,24,35,0,0,0,0,0,0,0,0,35,46,35,46,24,35,0,0,0,0,0,0,0,0,35,46,35,46,24,35,0,0,0,0,0,0,0,0,35,46,35,46,24,35,0,0,0,0,0,0,0,0,35,46,35,46,27,38,0,0,0,0,0,0,0,0
196,800,200,800,0,200,0,1000,35,46,35,46,24,35,0,0,0,0,0,0,0,0,35,46,35,46,24,35,0,0,0,0,0,0,0,0,35,46,35,46,24,35,0,0,0,0,0,0,0,0,35,46,35,46,24,35,0,0,0,0,0,0,0,0,35,46,35,46,24,35,0,0,0,0,0,0,0,0,35,46,35,46,27,38,0,0,0,0,0,0,0,0
197,800,200,800,0,200,0,1000,35,46,35,46,24,35,0,0,0,0,0,0,0,0,35,46,35,46,24,35,0,0,0,0,0,0,0,0,35,46,35,46,24,35,0,0,0,0,0,0,0,0,35,46,35,46,24,35,0,0,0,0,0,0,0,0,35,46,35,46,24,35,0,0,0,0,0,0,0,0,35,46,35,46,27,38,0,0,0,0,0,0,0,0
198,800,200,800,0,200,0,1000,35,46,35,46,24,35,5168,19,0,0,0,0,5168,19,35,46,35,46,24,35,5168,19,0,0,0,0,5168,19,35,46,35,46,24,35,5168,19,0,0,0,0,5168,19,35,46,35,46,24,35,5168,19,0,0,0,0,5168,19,35,46,35,46,24,35,5168,19,0,0,0,0,5168,19,35,46,35,46,27,38,5168,19,0,0,0,0,5168,19
199,800,200,800,0,200,0,1000,35,46,35,46,24,35,0,0,0,0,0,0,0,0,35,46,35,46,24,35,0,0,0,0,0,0,0,0,35,46,35,46,24,35,0,0,0,0,0,0,0,0,35,46,35,46,24,35,0,0,0,0,0,0,0,0,35,46,35,46,24,35,0,0,0,0,0,0,0,0,35,46,35,46,28,39,0,0,0,0,0,0,0,0
200,800,200,800,0,200,0,1000,35,46,35,46,24,35,0,0,0,0,0,0,0,0,35,46,35,46,24,35,0,0,0,0,0,0,0,0,35,46,35,46,24,35,0,0,0,0,0,0,0,0,35,46,35,46,24,35,0,0,0,0,0,0,0,0,35,46,35,46,24,35,0,0,0,0,0,0,0,0,35,46,35,46,28,39,0,0,0,0,0,0,0,0
201,800,200,800,0,200,0,1000,35,46,35,46,24,35,81047,1,81047,1,0,0,0,0,35,46,35,46,24,35,81047,1,81047,1,0,0,0,0,35,46,35,46,24,35,81047,1,81047,1,0,0,0,0,35,46,35,46,24,35,81047,1,81047,1,0,0,0,0,35,46,35,46,24,35,81047,1,81047,1,0,0,0,0,35,46,35,46,28,39,81047,1,81047,1,0,0,0,0
202,800,200,800,0,200,0,1000,35,46,35,46,24,35,84643,17,0,0,80291,1,4352,16,35,46,35,46,24,35,84643,17,0,0,80291,1,4352,16,35,46,35,46,24,35,84643,17,0,0,80291,1,4352,16,35,46,35,46,24,35,84643,17,0,0,80291,1,4352,16,35,46,35,46,24,35,84643,17,0,0,80291,1,4352,16,35,46,35,46,28,39,84643,17,0,0,80291,1,4352,16
203,800,200,800,0,200,0,1000,35,46,35,46,24,35,0,0,0,0,0,0,0,0,35,46,35,46,24,35,0,0,0,0,0,0,0,0,35,46,35,46,24,35,0,0,0,0,0,0,0,0,35,46,35,46,24,35,0,0,0,0,0,0,0,0,35,46,35,46,24,35,0,0,0,0,0,0,0,0,35,46,35,46,29,40,0,0,0,0,0,0,0,0
204,800,200,800,0,200,0,1000,35,46,35,46,24,35,0,0,0,0,0,0,0,0,35,46,35,46,24,35,0,0,0,0,0,0,0,0,35,46,35,46,24,35,0,0,0,0,0,0,0,0,35,46,35,46,24,35,0,0,0,0,0,0,0,0,35,46,35,46,24,35,0,0,0,0,0,0,0,0,35,46,35,46,29,40,0,0,0,0,0,0,0,0
205,800,200,800,0,200,0,1000,35,46,35,46,24,35,0,0,0,0,0,0,0,0,35,46,35,46,24,35,0,0,0,0,0,0,0,0,35,46,35,46,24,35,0,0,0,0,0,0,0,0,35,46,35,46,24,35,0,0,0,0,0,0,0,0,35,46,35,46,24,35,0,0,0,0,0,0,0,0,35,46,35,46,29,40,0,0,0,0,0,0,0,0
206,800,200,800,0,200,0,1000,35,46,35,46,24,35,5984,22,0,0,0,0,5984,22,35,46,35,46,24,35,5984,22,0,0,0,0,5984,22,35,46,35,46,24,35,5984,22,0,0,0,0,5984,22,35,46,35,46,24,35,5984,22,0,0,0,0,5984,22,35,46,35,46,24,35,5984,22,0,0,0,0,5984,22,35,46,35,46,29,40,5984,22,0,0,0,0,5984,22
207,800,200,800,0,200,0,1000,35,46,35,46,24,35,0,0,0,0,0,0,0,0,35,46,35,46,24,35,0,0,0,0,0,0,0,0,35,46,35,46,24,35,0,0,0,0,0,0,0,0,35,46,35,46,24,35,0,0,0,0,0,0,0,0,35,46,35,46,24,35,0,0,0,0,0,0,0,0,35,46,35,46,30,41,0,0,0,0,0,0,0,0
208,800,200,800,0,200,0,1000,35,46,35,46,24,35,0,0,0,0,0,0,0,0,35,46,35,46,24,35,0,0,0,0,0,0,0,0,35,46,35,46,24,35,0,0,0,0,0,0,0,0,35,46,35,46,24,35,0,0,0,0,0,0,0,0,35,46,35,46,24,35,0,0,0,0,0,0,0,0,35,46,35,46,30,41,0,0,0,0,0,0,0,0
209,800,200,800,0,200,0,1000,35,46,35,46,24,35,0,0,0,0,0,0,0,0,35,46,35,46,24,35,0,0,0,0,0,0,0,0,35,46,35,46,24,35,0,0,0,0,0,0,0,0,35,46,35,46,24,35,0,0,0,0,0,0,0,0,35,46,35,46,24,35,0,0,0,0,0,0,0,0,35,46,35,46,30,41,0,0,0,0,0,0,0,0
210,800,200,800,0,200,0,1000,35,46,35,46,24,35,5984,22,0,0,0,0,5984,22,35,46,35,46,24,35,5984,22,0,0,0,0,5984,22,35,46,35,46,24,35,5984,22,0,0,0,0,5984,22,35,46,35,46,24,35,5984,22,0,0,0,0,5984,22,35,46,35,46,24,35,5984,22,0,0,0,0,5984,22,35,46,35,46,30,41,5984,22,0,0,0,0,5984,22
211,800,200,800,0,200,0,1000,35,46,35,46,24,35,0,0,0,0,0,0,0,0,35,46,35,46,24,35,0,0,0,0,0,0,0,0,35,46,35,46,24,35,0,0,0,0,0,0,0,0,35,46,35,46,24,35,0,0,0,0,0,0,0,0,35,46,35,46,24,35,0,0,0,0,0,0,0,0,35,46,35,46,31,42,0,0,0,0,0,0,0,0
212,800,200,800,0,200,0,1000,35,46,35,46,24,35,0,0,0,0,0,0,0,0,35,46,35,46,24,35,0,0,0,0,0,0,0,0,35,46,35,46,24,35,0,0,0,0,0,0,0,0,35,46,35,46,24,35,0,0,0,0,0,0,0,0,35,46,35,46,24,35,0,0,0,0,0,0,0,0,35,46,35,46,31,42,0,0,0,0,0,0,0,0
213,800,200,800,0,200,0,1000,35,46,35,46,24,35,0,0,0,0,0,0,0,0,35,46,35,46,24,35,0,0,0,0,0,0,0,0,35,46,35,46,24,35,0,0,0,0,0,0,0,0,35,46,35,46,24,35,0,0,0,0,0,0,0,0,35,46,35,46,24,35,0,0,0,0,0,0,0,0,35,46,35,46,31,42,0,0,0,0,0,0,0,0
214,800,200,800,0,200,0,1000,35,46,35,46,24,35,6528,24,0,0,0,0,6528,24,35,46,35,46,24,35,6528,24,0,0,0,0,6528,24,35,46,35,46,24,35,6528,24,0,0,0,0,6528,24,35,46,35,46,24,35,6528,24,0,0,0,0,6528,24,35,46,35,46,24,35,6528,24,0,0,0,0,6528,24,35,46,35,46,31,42,6528,24,0,0,0,0,6528,24
215,800,200,800,0,200,0,1000,35,46,35,46,24,35,0,0,0,0,0,0,0,0,35,46,35,46,24,35,0,0,0,0,0,0,0,0,35,46,35,46,24,35,0,0,0,0,0,0,0,0,35,46,35,46,24,35,0,0,0,0,0,0,0,0,35,46,35,46,24,35,0,0,0,0,0,0,0,0,35,46,35,46,32,43,0,0,0,0,0,0,0,0
216,800,200,800,0,200,0,1000,35,46,35,46,24,35,0,0,0,0,0,0,0,0,35,46,35,46,24,35,0,0,0,0,0,0,0,0,35,46,35,46,24,35,0,0,0,0,0,0,0,0,35,46,35,46,24,35,0,0,0,0,0,0,0,0,35,46,35,46,24,35,0,0,0,0,0,0,0,0,35,46,35,46,32,43,0,0,0,0,0,0,0,0
217,800,200,800,0,200,0,1000,35,46,35,46,24,35,0,0,0,0,0,0,0,0,35,46,35,46,24,35,0,0,0,0,0,0,0,0,35,46,35,46,24,35,0,0,0,0,0,0,0,0,35,46,35,46,24,35,0,0,0,0,0,0,0,0,35,46,35,46,24,35,0,0,0,0,0,0,0,0,35,46,35,46,32,43,0,0,0,0,0,0,0,0
218,800,200,800,0,200,0,1000,35,46,35,46,24,35,5168,19,0,0,0,0,5168,19,35,46,35,46,24,35,5168,19,0,0,0,0,5168,19,35,46,35,46,24,35,5168,19,0,0,0,0,5168,19,35,46,35,46,24,35,5168,19,0,0,0,0,5168,19,35,46,35,46,24,35,5168,19,0,0,0,0,5168,19,35,46,35,46,32,43,5168,19,0,0,0,0,5168,19
219,800,200,800,0,200,0,1000,35,46,35,46,24,35,0,0,0,0,0,0,0,0,35,46,35,46,24,35,0,0,0,0,0,0,0,0,35,46,35,46,24,35,0,0,0,0,0,0,0,0,35,46,35,46,24,35,0,0,0,0,0,0,0,0,35,46,35,46,24,35,0,0,0,0,0,0,0,0,35,46,35,46,33,44,0,0,0,0,0,0,0,0
220,800,200,800,0,200,0,1000,35,46,35,46,24,35,0,0,0,0,0,0,0,0,35,46,35,46,24,35,0,0,0,0,0,0,0,0,35,46,35,46,24,35,0,0,0,0,0,0,0,0,35,46,35,46,24,35,0,0,0,0,0,0,0,0,35,46,35,46,24,35,0,0,0,0,0,0,0,0,35,46,35,46,33,44,0,0,0,0,0,0,0,0
221,800,200,800,0,200,0,1000,35,46,35,46,24,35,0,0,0,0,0,0,0,0,35,46,35,46,24,35,0,0,0,0,0,0,0,0,35,46,35,46,24,35,0,0,0,0,0,0,0,0,35,46,35,46,24,35,0,0,0,0,0,0,0,0,35,46,35,46,24,35,0,0,0,0,0,0,0,0,35,46,35,46,33,44,0,0,0,0,0,0,0,0
222,800,200,800,0,200,0,1000,35,46,35,46,24,35,5440,20,0,0,0,0,5440,20,35,46,35,46,24,35,5440,20,0,0,0,0,5440,20,35,46,35,46,24,35,5440,20,0,0,0,0,5440,20,35,46,35,46,24,35,5440,20,0,0,0,0,5440,20,35,46,35,46,24,35,5440,20,0,0,0,0,5440,20,35,46,35,46,33,44,5440,20,0,0,0,0,5440,20
223,800,200,800,0,200,0,1000,35,46,35,46,24,35,0,0,0,0,0,0,0,0,35,46,35,46,24,35,0,0,0,0,0,0,0,0,35,46,35,46,24,35,0,0,0,0,0,0,0,0,35,46,35,46,24,35,0,0,0,0,0,0,0,0,35,46,35,46,24,35,0,0,0,0,0,0,0,0,35,46,35,46,34,45,0,0,0,0,0,0,0,0
224,800,200,800,0,200,0,1000,35,46,35,46,24,35,0,0,0,0,0,0,0,0,35,46,35,46,24,35,0,0,0,0,0,0,0,0,35,46,35,46,24,35,0,0,0,0,0,0,0,0,35,46,35,46,24,35,0,0,0,0,0,0,0,0,35,46,35,46,24,35,0,0,0,0,0,0,0,0,35,46,35,46,34,45,0,0,0,0,0,0,0,0
225,800,200,800,0,200,0,1000,35,46,35,46,24,35,81079,1,81079,1,0,0,0,0,35,46,35,46,24,35,81079,1,81079,1,0,0,0,0,35,46,35,46,24,35,81079,1,81079,1,0,0,0,0,35,46,35,46,24,35,81079,1,81079,1,0,0,0,0,35,46,35,46,24,35,81079,1,81079,1,0,0,0,0,35,46,35,46,34,45,81079,1,81079,1,0,0,0,0
226,800,200,800,0,200,0,1000,35,46,35,46,24,35,84099,15,0,0,80291,1,3808,14,35,46,35,46,24,35,84099,15,0,0,80291,1,3808,14,35,46,35,46,24,35,84099,15,0,0,80291,1,3808,14,35,46,35,46,24,35,84099,15,0,0,80291,1,3808,14,35,46,35,46,24,35,84099,15,0,0,80291,1,3808,14,35,46,35,46,34,45,84099,15,0,0,80291,1,3808,14
227,800,200,800,0,200,0,1000,35,46,35,46,24,35,0,0,0,0,0,0,0,0,35,46,35,46,24,35,0,0,0,0,0,0,0,0,35,46,35,46,24,35,0,0,0,0,0,0,0,0,35,46,35,46,24,35,0,0,0,0,0,0,0,0,35,46,35,46,24,35,0,0,0,0,0,0,0,0,35,46,35,46,35,46,0,0,0,0,0,0,0,0
228,800,200,800,0,200,0,1000,35,46,35,46,24,35,0,0,0,0,0,0,0,0,35,46,35,46,24,35,0,0,0,0,0,0,0,0,35,46,35,46,24,35,0,0,0,0,0,0,0,0,35,46,35,46,24,35,0,0,0,0,0,0,0,0,35,46,35,46,24,35,0,0,0,0,0,0,0,0,35,46,35,46,35,46,0,0,0,0,0,0,0,0
229,800,200,800,0,200,0,1000,35,46,35,46,24,35,0,0,0,0,0,0,0,0,35,46,35,46,24,35,0,0,0,0,0,0,0,0,35,46,35,46,24,35,0,0,0,0,0,0,0,0,35,46,35,46,24,35,0,0,0,0,0,0,0,0,35,46,35,46,24,35,0,0,0,0,0,0,0,0,35,46,35,46,35,46,0,0,0,0,0,0,0,0
230,800,200,800,0,200,0,1000,35,46,35,46,24,35,5440,20,0,0,0,0,5440,20,35,46,35,46,24,35,5440,20,0,0,0,0,5440,20,35,46,35,46,24,35,5440,20,0,0,0,0,5440,20,35,46,35,46,24,35,5440,20,0,0,0,0,5440,20,35,46,35,46,24,35,5440,20,0,0,0,0,5440,20,35,46,35,46,35,46,5440,20,0,0,0,0,5440,20
231,800,200,800,0,200,0,1000,35,46,35,46,24,35,0,0,0,0,0,0,0,0,35,46,35,46,24,35,0,0,0,0,0,0,0,0,35,46,35,46,24,35,0,0,0,0,0,0,0,0,35,46,35,46,24,35,0,0,0,0,0,0,0,0,35,46,35,46,24,35,0,0,0,0,0,0,0,0,36,47,35,46,36,47,0,0,0,0,0,0,0,0
232,800,200,800,0,200,0,1000,35,46,35,46,24,35,0,0,0,0,0,0,0,0,35,46,35,46,24,35,0,0,0,0,0,0,0,0,35,46,35,46,24,35,0,0,0,0,0,0,0,0,35,46,35,46,24,35,0,0,0,0,0,0,0,0,35,46,35,46,24,35,0,0,0,0,0,0,0,0,36,47,35,46,36,47,0,0,0,0,0,0,0,0
233,800,200,800,0,200,0,1000,35,46,35,46,24,35,81079,1,81079,1,0,0,0,0,35,46,35,46,24,35,81079,1,81079,1,0,0,0,0,35,46,35,46,24,35,81079,1,81079,1,0,0,0,0,35,46,35,46,24,35,81079,1,81079,1,0,0,0,0,35,46,35,46,24,35,81079,1,81079,1,0,0,0,0,36,47,35,46,36,47,81079,1,81079,1,0,0,0,0
234,800,200,800,0,200,0,1000,35,46,35,46,24,35,85731,21,0,0,80291,1,5440,20,35,46,35,46,24,35,85731,21,0,0,80291,1,5440,20,35,46,35,46,24,35,85731,21,0,0,80291,1,5440,20,35,46,35,46,24,35,85731,21,0,0,80291,1,5440,20,35,46,35,46,24,35,85731,21,0,0,80291,1,5440,20,36,47,35,46,36,47,85731,21,0,0,80291,1,5440,20
235,800,200,800,0,200,0,1000,35,46,35,46,24,35,0,0,0,0,0,0,0,0,35,46,35,46,24,35,0,0,0,0,0,0,0,0,35,46,35,46,24,35,0,0,0,0,0,0,0,0,35,46,35,46,24,35,0,0,0,0,0,0,0,0,35,46,35,46,24,35,0,0,0,0,0,0,0,0,36,47,35,46,36,47,0,0,0,0,0,0,0,0
236,800,200,800,0,200,0,1000,35,46,35,46,24,35,0,0,0,0,0,0,0,0,35,46,35,46,24,35,0,0,0,0,0,0,0,0,35,46,35,46,24,35,0,0,0,0,0,0,0,0,35,46,35,46,24,35,0,0,0,0,0,0,0,0,35,46,35,46,24,35,0,0,0,0,0,0,0,0,36,47,35,46,36,47,0,0,0,0,0,0,0,0
237,800,200,800,0,200,0,1000,35,46,35,46,24,35,81079,1,81079,1,0,0,0,0,35,46,35,46,24,35,81079,1,81079,1,0,0,0,0,35,46,35,46,24,35,81079,1,81079,1,0,0,0,0,35,46,35,46,24,35,81079,1,81079,1,0,0,0,0,35,46,35,46,24,35,81079,1,81079,1,0,0,0,0,36,47,35,46,36,47,81079,1,81079,1,0,0,0,0
238,800,200,800,0,200,0,1000,35,46,35,46,24,35,87091,26,0,0,80291,1,6800,25,35,46,35,46,24,35,87091,26,0,0,80291,1,6800,25,35,46,35,46,24,35,87091,26,0,0,80291,1,6800,25,35,46,35,46,24,35,87091,26,0,0,80291,1,6800,25,35,46,35,46,24,35,87091,26,0,0,80291,1,6800,25,36,47,35,46,36,47,87091,26,0,0,80291,1,6800,25
239,800,200,800,0,200,0,1000,35,46,35,46,24,35,0,0,0,0,0,0,0,0,35,46,35,46,24,35,0,0,0,0,0,0,0,0,35,46,35,46,24,35,0,0,0,0,0,0,0,0,35,46,35,46,24,35,0,0,0,0,0,0,0,0,35,46,35,46,24,35,0,0,0,0,0,0,0,0,36,47,35,46,36,47,0,0,0,0,0,0,0,0
240,800,200,800,0,200,0,1000,35,46,35,46,24,35,0,0,0,0,0,0,0,0,35,46,35,46,24,35,0,0,0,0,0,0,0,0,35,46,35,46,24,35,0,0,0,0,0,0,0,0,35,46,35,46,24,35,0,0,0,0,0,0,0,0,35,46,35,46,24,35,0,0,0,0,0,0,0,0,36,47,35,46,36,47,0,0,0,0,0,0,0,0
241,800,200,800,0,200,0,1000,35,46,35,46,24,35,162478,2,162478,2,0,0,0,0,35,46,35,46,24,35,162478,2,162478,2,0,0,0,0,35,46,35,46,24,35,162478,2,162478,2,0,0,0,0,35,46,35,46,24,35,162478,2,162478,2,0,0,0,0,35,46,35,46,24,35,162478,2,162478,2,0,0,0,0,36,47,35,46,36,47,162478,2,162478,2,0,0,0,0
242,800,200,800,0,200,0,1000,35,46,35,46,24,35,84915,18,0,0,80291,1,4624,17,35,46,35,46,24,35,84915,18,0,0,80291,1,4624,17,35,46,35,46,24,35,84915,18,0,0,80291,1,4624,17,35,46,35,46,24,35,84915,18,0,0,80291,1,4624,17,35,46,35,46,24,35,84915,18,0,0,80291,1,4624,17,36,47,35,46,36,47,84915,18,0,0,80291,1,4624,17
243,800,200,800,0,200,0,1000,35,46,35,46,24,35,0,0,0,0,0,0,0,0,35,46,35,46,24,35,0,0,0,0,0,0,0,0,35,46,35,46,24,35,0,0,0,0,0,0,0,0,35,46,35,46,24,35,0,0,0,0,0,0,0,0,35,46,35,46,24,35,0,0,0,0,0,0,0,0,37,50,35,46,37,50,0,0,0,0,0,0,0,0
244,800,200,800,0,200,0,1000,35,46,35,46,24,35,0,0,0,0,0,0,0,0,35,46,35,46,24,35,0,0,0,0,0,0,0,0,35,46,35,46,24,35,0,0,0,0,0,0,0,0,35,46,35,46,24,35,0,0,0,0,0,0,0,0,35,46,35,46,24,35,0,0,0,0,0,0,0,0,37,50,35,46,37,50,0,0,0,0,0,0,0,0
245,800,200,800,0,200,0,1000,35,46,35,46,24,35,0,0,0,0,0,0,0,0,35,46,35,46,24,35,0,0,0,0,0,0,0,0,35,46,35,46,24,35,0,0,0,0,0,0,0,0,35,46,35,46,24,35,0,0,0,0,0,0,0,0,35,46,35,46,24,35,0,0,0,0,0,0,0,0,37,50,35,46,37,50,0,0,0,0,0,0,0,0
246,800,200,800,0,200,0,1000,35,46,35,46,24,35,4896,18,0,0,0,0,4896,18,35,46,35,46,24,35,4896,18,0,0,0,0,4896,18,35,46,35,46,24,35,4896,18,0,0,0,0,4896,18,35,46,35,46,24,35,4896,18,0,0,0,0,4896,18,35,46,35,46,24,35,4896,18,0,0,0,0,4896,18,37,50,35,46,37,50,4896,18,0,0,0,0,4896,18
247,800,200,800,0,200,0,1000,35,46,35,46,24,35,0,0,0,0,0,0,0,0,35,46,35,46,24,35,0,0,0,0,0,0,0,0,35,46,35,46,24,35,0,0,0,0,0,0,0,0,35,46,35,46,24,35,0,0,0,0,0,0,0,0,35,46,35,46,24,35,0,0,0,0,0,0,0,0,37,50,35,46,37,50,0,0,0,0,0,0,0,0
248,0,1000,0,800,200,0,1000,35,46,35,46,24,35,0,0,0,0,0,0,0,0,35,46,35,46,24,35,0,0,0,0,0,0,0,0,35,46,35,46,24,35,0,0,0,0,0,0,0,0,35,46,35,46,24,35,0,0,0,0,0,0,0,0,35,46,35,46,24,35,0,0,0,0,0,0,0,0,37,50,35,46,37,50,0,0,0,0,0,0,0,0
249,0,1000,0,800,200,0,1000,35,46,35,46,24,35,0,0,0,0,0,0,0,0,35,46,35,46,24,35,0,0,0,0,0,0,0,0,35,46,35,46,24,35,0,0,0,0,0,0,0,0,35,46,35,46,24,35,0,0,0,0,0,0,0,0,35,46,35,46,24,35,0,0,0,0,0,0,0,0,37,50,35,46,37,50,0,0,0,0,0,0,0,0
250,0,1000,0,800,200,0,1000,35,46,35,46,24,35,3536,13,0,0,0,0,3536,13,35,46,35,46,24,35,3536,13,0,0,0,0,3536,13,35,46,35,46,24,35,3536,13,0,0,0,0,3536,13,35,46,35,46,24,35,3536,13,0,0,0,0,3536,13,35,46,35,46,24,35,3536,13,0,0,0,0,3536,13,37,50,35,46,37,50,3536,13,0,0,0,0,3536,13
251,0,1000,0,0,1000,0,1000,37,50,35,46,37,50,0,0,0,0,0,0,0,0,37,50,35,46,37,50,0,0,0,0,0,0,0,0,37,50,35,46,37,50,0,0,0,0,0,0,0,0,37,50,35,46,37,50,0,0,0,0,0,0,0,0,37,50,35,46,37,50,0,0,0,0,0,0,0,0,37,50,35,46,37,50,0,0,0,0,0,0,0,0
252,0,1000,0,0,1000,0,1000,37,50,35,46,37,50,0,0,0,0,0,0,0,0,37,50,35,46,37,50,0,0,0,0,0,0,0,0,37,50,35,46,37,50,0,0,0,0,0,0,0,0,37,50,35,46,37,50,0,0,0,0,0,0,0,0,37,50,35,46,37,50,0,0,0,0,0,0,0,0,37,50,35,46,37,50,0,0,0,0,0,0,0,0
253,0,1000,0,0,1000,0,1000,37,50,35,46,37,50,323420,4,323420,4,0,0,0,0,37,50,35,46,37,50,323420,4,323420,4,0,0,0,0,37,50,35,46,37,50,323420,4,323420,4,0,0,0,0,37,50,35,46,37,50,323420,4,323420,4,0,0,0,0,37,50,35,46,37,50,323420,4,323420,4,0,0,0,0,37,50,35,46,37,50,323420,4,323420,4,0,0,0,0
254,0,1000,0,0,1000,0,1000,42,63,42,63,37,50,109395,108,0,0,80291,1,29104,107,42,63,42,63,37,50,109395,108,0,0,80291,1,29104,107,42,63,42,63,37,50,109395,108,0,0,80291,1,29104,107,42,63,42,63,37,50,109395,108,0,0,80291,1,29104,107,42,63,42,63,37,50,109395,108,0,0,80291,1,29104,107,42,63,42,63,37,50,109395,108,0,0,80291,1,29104,107
255,0,1000,0,0,1000,0,1000,42,63,42,63,37,50,0,0,0,0,0,0,0,0,42,63,42,63,37,50,0,0,0,0,0,0,0,0,42,63,42,63,37,50,0,0,0,0,0,0,0,0,42,63,42,63,37,50,0,0,0,0,0,0,0,0,42,63,42,63,37,50,0,0,0,0,0,0,0,0,42,63,42,63,37,50,0,0,0,0,0,0,0,0
256,0,1000,0,0,1000,0,1000,42,63,42,63,37,50,0,0,0,0,0,0,0,0,42,63,42,63,37,50,0,0,0,0,0,0,0,0,42,63,42,63,37,50,0,0,0,0,0,0,0,0,42,63,42,63,37,50,0,0,0,0,0,0,0,0,42,63,42,63,37,50,0,0,0,0,0,0,0,0,42,63,42,63,37,50,0,0,0,0,0,0,0,0
257,0,1000,0,0,1000,0,1000,42,63,42,63,37,50,83863,1,83863,1,0,0,0,0,42,63,42,63,37,50,83863,1,83863,1,0,0,0,0,42,63,42,63,37,50,83863,1,83863,1,0,0,0,0,42,63,42,63,37,50,83863,1,83863,1,0,0,0,0,42,63,42,63,37,50,83863,1,83863,1,0,0,0,0,42,63,42,63,37,50,83863,1,83863,1,0,0,0,0
258,0,1000,0,0,1000,0,1000,43,64,43,64,37,50,109395,108,0,0,80291,1,29104,107,43,64,43,64,37,50,109395,108,0,0,80291,1,29104,107,43,64,43,64,37,50,109395,108,0,0,80291,1,29104,107,43,64,43,64,37,50,109395,108,0,0,80291,1,29104,107,43,64,43,64,37,50,109395,108,0,0,80291,1,29104,107,43,64,43,64,37,50,109395,108,0,0,80291,1,29104,107
259,0,1000,0,0,1000,0,1000,43,64,43,64,37,50,0,0,0,0,0,0,0,0,43,64,43,64,37,50,0,0,0,0,0,0,0,0,43,64,43,64,37,50,0,0,0,0,0,0,0,0,43,64,43,64,37,50,0,0,0,0,0,0,0,0,43,64,43,64,37,50,0,0,0,0,0,0,0,0,43,64,43,64,37,50,0,0,0,0,0,0,0,0
260,0,1000,0,0,1000,0,1000,43,64,43,64,37,50,0,0,0,0,0,0,0,0,43,64,43,64,37,50,0,0,0,0,0,0,0,0,43,64,43,64,37,50,0,0,0,0,0,0,0,0,43,64,43,64,37,50,0,0,0,0,0,0,0,0,43,64,43,64,37,50,0,0,0,0,0,0,0,0,43,64,43,64,37,50,0,0,0,0,0,0,0,0
261,0,1000,0,0,1000,0,1000,43,64,43,64,37,50,503178,6,503178,6,0,0,0,0,43,64,43,64,37,50,503178,6,503178,6,0,0,0,0,43,64,43,64,37,50,503178,6,503178,6,0,0,0,0,43,64,43,64,37,50,503178,6,503178,6,0,0,0,0,43,64,43,64,37,50,503178,6,503178,6,0,0,0,0,43,64,43,64,37,50,503178,6,503178,6,0,0,0,0
262,0,1000,0,0,1000,0,1000,44,65,44,65,37,50,111299,115,0,0,80291,1,31008,114,44,65,44,65,37,50,111299,115,0,0,80291,1,31008,114,44,65,44,65,37,50,111299,115,0,0,80291,1,31008,114,44,65,44,65,37,50,111299,115,0,0,80291,1,31008,114,44,65,44,65,37,50,111299,115,0,0,80291,1,31008,114,44,65,44,65,37,50,111299,115,0,0,80291,1,31008,114
263,0,1000,0,0,1000,0,1000,44,65,44,65,37,50,0,0,0,0,0,0,0,0,44,65,44,65,37,50,0,0,0,0,0,0,0,0,44,65,44,65,37,50,0,0,0,0,0,0,0,0,44,65,44,65,37,50,0,0,0,0,0,0,0,0,44,65,44,65,37,50,0,0,0,0,0,0,0,0,44,65,44,65,37,50,0,0,0,0,0,0,0,0
264,0,1000,0,0,1000,0,1000,44,65,44,65,37,50,0,0,0,0,0,0,0,0,44,65,44,65,37,50,0,0,0,0,0,0,0,0,44,65,44,65,37,50,0,0,0,0,0,0,0,0,44,65,44,65,37,50,0,0,0,0,0,0,0,0,44,65,44,65,37,50,0,0,0,0,0,0,0,0,44,65,44,65,37,50,0,0,0,0,0,0,0,0
265,0,1000,0,0,1000,0,1000,44,65,44,65,37,50,252261,3,252261,3,0,0,0,0,44,65,44,65,37,50,252261,3,252261,3,0,0,0,0,44,65,44,65,37,50,252261,3,252261,3,0,0,0,0,44,65,44,65,37,50,252261,3,252261,3,0,0,0,0,44,65,44,65,37,50,252261,3,252261,3,0,0,0,0,44,65,44,65,37,50,252261,3,252261,3,0,0,0,0
266,0,1000,0,0,1000,0,1000,45,66,45,66,37,50,112931,121,0,0,80291,1,32640,120,45,66,45,66,37,50,112931,121,0,0,80291,1,32640,120,45,66,45,66,37,50,112931,121,0,0,80291,1,32640,120,45,66,45,66,37,50,112931,121,0,0,80291,1,32640,120,45,66,45,66,37,50,112931,121,0,0,80291,1,32640,120,45,66,45,66,37,50,112931,121,0,0,80291,1,32640,120
267,0,1000,0,0,1000,0,1000,45,66,45,66,38,56,0,0,0,0,0,0,0,0,45,66,45,66,38,56,0,0,0,0,0,0,0,0,45,66,45,66,38,56,0,0,0,0,0,0,0,0,45,66,45,66,38,56,0,0,0,0,0,0,0,0,45,66,45,66,38,56,0,0,0,0,0,0,0,0,45,66,45,66,38,56,0,0,0,0,0,0,0,0
268,0,1000,0,0,1000,0,1000,45,66,45,66,38,56,0,0,0,0,0,0,0,0,45,66,45,66,38,56,0,0,0,0,0,0,0,0,45,66,45,66,38,56,0,0,0,0,0,0,0,0,45,66,45,66,38,56,0,0,0,0,0,0,0,0,45,66,45,66,38,56,0,0,0,0,0,0,0,0,45,66,45,66,38,56,0,0,0,0,0,0,0,0
269,0,1000,0,0,1000,0,1000,45,66,45,66,38,56,252837,3,252837,3,0,0,0,0,45,66,45,66,38,56,252837,3,252837,3,0,0,0,0,45,66,45,66,38,56,252837,3,252837,3,0,0,0,0,45,66,45,66,38,56,252837,3,252837,3,0,0,0,0,45,66,45,66,38,56,252837,3,252837,3,0,0,0,0,45,66,45,66,38,56,252837,3,252837,3,0,0,0,0
270,0,1000,0,0,1000,0,1000,46,67,46,67,38,56,111299,115,0,0,80291,1,31008,114,46,67,46,67,38,56,111299,115,0,0,80291,1,31008,114,46,67,46,67,38,56,111299,115,0,0,80291,1,31008,114,46,67,46,67,38,56,111299,115,0,0,80291,1,31008,114,46,67,46,67,38,56,111299,115,0,0,80291,1,31008,114,46,67,46,67,38,56,111299,115,0,0,80291,1,31008,114
271,0,1000,0,0,1000,0,1000,46,67,46,67,38,56,0,0,0,0,0,0,0,0,46,67,46,67,38,56,0,0,0,0,0,0,0,0,46,67,46,67,38,56,0,0,0,0,0,0,0,0,46,67,46,67,38,56,0,0,0,0,0,0,0,0,46,67,46,67,38,56,0,0,0,0,0,0,0,0,46,67,46,67,38,56,0,0,0,0,0,0,0,0
272,0,1000,0,0,1000,0,1000,46,67,46,67,38,56,0,0,0,0,0,0,0,0,46,67,46,67,38,56,0,0,0,0,0,0,0,0,46,67,46,67,38,56,0,0,0,0,0,0,0,0,46,67,46,67,38,56,0,0,0,0,0,0,0,0,46,67,46,67,38,56,0,0,0,0,0,0,0,0,46,67,46,67,38,56,0,0,0,0,0,0,0,0
273,0,1000,0,0,1000,0,1000,46,67,46,67,38,56,336347,4,336347,4,0,0,0,0,46,67,46,67,38,56,336347,4,336347,4,0,0,0,0,46,67,46,67,38,56,336347,4,336347,4,0,0,0,0,46,67,46,67,38,56,336347,4,336347,4,0,0,0,0,46,67,46,67,38,56,336347,4,336347,4,0,0,0,0,46,67,46,67,38,56,336347,4,336347,4,0,0,0,0
274,0,1000,0,0,1000,0,1000,47,68,47,68,38,56,108579,105,0,0,80291,1,28288,104,47,68,47,68,38,56,108579,105,0,0,80291,1,28288,104,47,68,47,68,38,56,108579,105,0,0,80291,1,28288,104,47,68,47,68,38,56,108579,105,0,0,80291,1,28288,104,47,68,47,68,38,56,108579,105,0,0,80291,1,28288,104,47,68,47,68,38,56,108579,105,0,0,80291,1,28288,104
275,0,1000,0,0,1000,0,1000,47,68,47,68,39,58,0,0,0,0,0,0,0,0,47,68,47,68,39,58,0,0,0,0,0,0,0,0,47,68,47,68,39,58,0,0,0,0,0,0,0,0,47,68,47,68,39,58,0,0,0,0,0,0,0,0,47,68,47,68,39,58,0,0,0,0,0,0,0,0,47,68,47,68,39,58,0,0,0,0,0,0,0,0
276,0,1000,0,0,1000,0,1000,47,68,47,68,39,58,0,0,0,0,0,0,0,0,47,68,47,68,39,58,0,0,0,0,0,0,0,0,47,68,47,68,39,58,0,0,0,0,0,0,0,0,47,68,47,68,39,58,0,0,0,0,0,0,0,0,47,68,47,68,39,58,0,0,0,0,0,0,0,0,47,68,47,68,39,58,0,0,0,0,0,0,0,0
277,0,1000,0,0,1000,0,1000,47,68,47,68,39,58,83767,1,83767,1,0,0,0,0,47,68,47,68,39,58,83767,1,83767,1,0,0,0,0,47,68,47,68,39,58,83767,1,83767,1,0,0,0,0,47,68,47,68,39,58,83767,1,83767,1,0,0,0,0,47,68,47,68,39,58,83767,1,83767,1,0,0,0,0,47,68,47,68,39,58,83767,1,83767,1,0,0,0,0
278,0,1000,0,0,1000,0,1000,48,69,48,69,39,58,104499,90,0,0,80291,1,24208,89,48,69,48,69,39,58,104499,90,0,0,80291,1,24208,89,48,69,48,69,39,58,104499,90,0,0,80291,1,24208,89,48,69,48,69,39,58,104499,90,0,0,80291,1,24208,89,48,69,48,69,39,58,104499,90,0,0,80291,1,24208,89,48,69,48,69,39,58,104499,90,0,0,80291,1,24208,89
279,0,1000,0,0,1000,0,1000,48,69,48,69,40,59,0,0,0,0,0,0,0,0,48,69,48,69,40,59,0,0,0,0,0,0,0,0,48,69,48,69,40,59,0,0,0,0,0,0,0,0,48,69,48,69,40,59,0,0,0,0,0,0,0,0,48,69,48,69,40,59,0,0,0,0,0,0,0,0,48,69,48,69,40,59,0,0,0,0,0,0,0,0
280,0,1000,0,0,1000,0,1000,48,69,48,69,40,59,0,0,0,0,0,0,0,0,48,69,48,69,40,59,0,0,0,0,0,0,0,0,48,69,48,69,40,59,0,0,0,0,0,0,0,0,48,69,48,69,40,59,0,0,0,0,0,0,0,0,48,69,48,69,40,59,0,0,0,0,0,0,0,0,48,69,48,69,40,59,0,0,0,0,0,0,0,0
281,0,1000,0,0,1000,0,1000,48,69,48,69,40,59,583009,7,583009,7,0,0,0,0,48,69,48,69,40,59,583009,7,583009,7,0,0,0,0,48,69,48,69,40,59,583009,7,583009,7,0,0,0,0,48,69,48,69,40,59,583009,7,583009,7,0,0,0,0,48,69,48,69,40,59,583009,7,583009,7,0,0,0,0,48,69,48,69,40,59,583009,7,583009,7,0,0,0,0
282,0,1000,0,0,1000,0,1000,49,70,49,70,40,59,106131,96,0,0,80291,1,25840,95,49,70,49,70,40,59,106131,96,0,0,80291,1,25840,95,49,70,49,70,40,59,106131,96,0,0,80291,1,25840,95,49,70,49,70,40,59,106131,96,0,0,80291,1,25840,95,49,70,49,70,40,59,106131,96,0,0,80291,1,25840,95,49,70,49,70,40,59,106131,96,0,0,80291,1,25840,95
283,0,1000,0,0,1000,0,1000,49,70,49,70,41,60,0,0,0,0,0,0,0,0,49,70,49,70,41,60,0,0,0,0,0,0,0,0,49,70,49,70,41,60,0,0,0,0,0,0,0,0,49,70,49,70,41,60,0,0,0,0,0,0,0,0,49,70,49,70,41,60,0,0,0,0,0,0,0,0,49,70,49,70,41,60,0,0,0,0,0,0,0,0
284,0,1000,0,0,1000,0,1000,49,70,49,70,41,60,0,0,0,0,0,0,0,0,49,70,49,70,41,60,0,0,0,0,0,0,0,0,49,70,49,70,41,60,0,0,0,0,0,0,0,0,49,70,49,70,41,60,0,0,0,0,0,0,0,0,49,70,49,70,41,60,0,0,0,0,0,0,0,0,49,70,49,70,41,60,0,0,0,0,0,0,0,0
285,0,1000,0,0,1000,0,1000,49,70,49,70,41,60,83479,1,83479,1,0,0,0,0,49,70,49,70,41,60,83479,1,83479,1,0,0,0,0,49,70,49,70,41,60,83479,1,83479,1,0,0,0,0,49,70,49,70,41,60,83479,1,83479,1,0,0,0,0,49,70,49,70,41,60,83479,1,83479,1,0,0,0,0,49,70,49,70,41,60,83479,1,83479,1,0,0,0,0
286,0,1000,0,0,1000,0,1000,50,71,50,71,41,60,104227,89,0,0,80291,1,23936,88,50,71,50,71,41,60,104227,89,0,0,80291,1,23936,88,50,71,50,71,41,60,104227,89,0,0,80291,1,23936,88,50,71,50,71,41,60,104227,89,0,0,80291,1,23936,88,50,71,50,71,41,60,104227,89,0,0,80291,1,23936,88,50,71,50,71,41,60,104227,89,0,0,80291,1,23936,88
287,0,1000,0,0,1000,0,1000,50,71,50,71,41,60,0,0,0,0,0,0,0,0,50,71,50,71,41,60,0,0,0,0,0,0,0,0,50,71,50,71,41,60,0,0,0,0,0,0,0,0,50,71,50,71,41,60,0,0,0,0,0,0,0,0,50,71,50,71,41,60,0,0,0,0,0,0,0,0,50,71,50,71,41,60,0,0,0,0,0,0,0,0
288,0,1000,0,0,1000,0,1000,50,71,50,71,41,60,0,0,0,0,0,0,0,0,50,71,50,71,41,60,0,0,0,0,0,0,0,0,50,71,50,71,41,60,0,0,0,0,0,0,0,0,50,71,50,71,41,60,0,0,0,0,0,0,0,0,50,71,50,71,41,60,0,0,0,0,0,0,0,0,50,71,50,71,41,60,0,0,0,0,0,0,0,0
289,0,1000,0,0,1000,0,1000,50,71,50,71,41,60,166510,2,166510,2,0,0,0,0,50,71,50,71,41,60,166510,2,166510,2,0,0,0,0,50,71,50,71,41,60,166510,2,166510,2,0,0,0,0,50,71,50,71,41,60,166510,2,166510,2,0,0,0,0,50,71,50,71,41,60,166510,2,166510,2,0,0,0,0,50,71,50,71,41,60,166510,2,166510,2,0,0,0,0
290,0,1000,0,0,1000,0,1000,51,72,51,72,41,60,110211,111,0,0,80291,1,29920,110,51,72,51,72,41,60,110211,111,0,0,80291,1,29920,110,51,72,51,72,41,60,110211,111,0,0,80291,1,29920,110,51,72,51,72,41,60,110211,111,0,0,80291,1,29920,110,51,72,51,72,41,60,110211,111,0,0,80291,1,29920,110,51,72,51,72,41,60,110211,111,0,0,80291,1,29920,110
291,0,1000,0,0,1000,0,1000,51,72,51,72,41,60,0,0,0,0,0,0,0,0,51,72,51,72,41,60,0,0,0,0,0,0,0,0,51,72,51,72,41,60,0,0,0,0,0,0,0,0,51,72,51,72,41,60,0,0,0,0,0,0,0,0,51,72,51,72,41,60,0,0,0,0,0,0,0,0,51,72,51,72,41,60,0,0,0,0,0,0,0,0
292,0,1000,0,0,1000,0,1000,51,72,51,72,41,60,0,0,0,0,0,0,0,0,51,72,51,72,41,60,0,0,0,0,0,0,0,0,51,72,51,72,41,60,0,0,0,0,0,0,0,0,51,72,51,72,41,60,0,0,0,0,0,0,0,0,51,72,51,72,41,60,0,0,0,0,0,0,0,0,51,72,51,72,41,60,0,0,0,0,0,0,0,0
293,0,1000,0,0,1000,0,1000,51,72,51,72,41,60,167918,2,167918,2,0,0,0,0,51,72,51,72,41,60,167918,2,167918,2,0,0,0,0,51,72,51,72,41,60,167918,2,167918,2,0,0,0,0,51,72,51,72,41,60,167918,2,167918,2,0,0,0,0,51,72,51,72,41,60,167918,2,167918,2,0,0,0,0,51,72,51,72,41,60,167918,2,167918,2,0,0,0,0
294,0,1000,0,0,1000,0,1000,52,73,52,73,41,60,108307,104,0,0,80291,1,28016,103,52,73,52,73,41,60,108307,104,0,0,80291,1,28016,103,52,73,52,73,41,60,108307,104,0,0,80291,1,28016,103,52,73,52,73,41,60,108307,104,0,0,80291,1,28016,103,52,73,52,73,41,60,108307,104,0,0,80291,1,28016,103,52,73,52,73,41,60,108307,104,0,0,80291,1,28016,103
295,0,1000,0,0,1000,0,1000,52,73,52,73,42,63,0,0,0,0,0,0,0,0,52,73,52,73,42,63,0,0,0,0,0,0,0,0,52,73,52,73,42,63,0,0,0,0,0,0,0,0,52,73,52,73,42,63,0,0,0,0,0,0,0,0,52,73,52,73,42,63,0,0,0,0,0,0,0,0,52,73,52,73,42,63,0,0,0,0,0,0,0,0
296,0,1000,0,0,1000,0,1000,52,73,52,73,42,63,0,0,0,0,0,0,0,0,52,73,52,73,42,63,0,0,0,0,0,0,0,0,52,73,52,73,42,63,0,0,0,0,0,0,0,0,52,73,52,73,42,63,0,0,0,0,0,0,0,0,52,73,52,73,42,63,0,0,0,0,0,0,0,0,52,73,52,73,42,63,0,0,0,0,0,0,0,0
297,0,1000,0,0,1000,0,1000,52,73,52,73,42,63,0,0,0,0,0,0,0,0,52,73,52,73,42,63,0,0,0,0,0,0,0,0,52,73,52,73,42,63,0,0,0,0,0,0,0,0,52,73,52,73,42,63,0,0,0,0,0,0,0,0,52,73,52,73,42,63,0,0,0,0,0,0,0,0,52,73,52,73,42,63,0,0,0,0,0,0,0,0
298,0,1000,0,0,1000,0,1000,52,73,52,73,42,63,31008,114,0,0,0,0,31008,114,52,73,52,73,42,63,31008,114,0,0,0,0,31008,114,52,73,52,73,42,63,31008,114,0,0,0,0,31008,114,52,73,52,73,42,63,31008,114,0,0,0,0,31008,114,52,73,52,73,42,63,31008,114,0,0,0,0,31008,114,52,73,52,73,42,63,31008,114,0,0,0,0,31008,114
299,0,1000,0,0,1000,0,1000,52,73,52,73,43,64,0,0,0,0,0,0,0,0,52,73,52,73,43,64,0,0,0,0,0,0,0,0,52,73,52,73,43,64,0,0,0,0,0,0,0,0,52,73,52,73,43,64,0,0,0,0,0,0,0,0,52,73,52,73,43,64,0,0,0,0,0,0,0,0,52,73,52,73,43,64,0,0,0,0,0,0,0,0
300,0,1000,0,0,1000,0,1000,52,73,52,73,43,64,0,0,0,0,0,0,0,0,52,73,52,73,43,64,0,0,0,0,0,0,0,0,52,73,52,73,43,64,0,0,0,0,0,0,0,0,52,73,52,73,43,64,0,0,0,0,0,0,0,0,52,73,52,73,43,64,0,0,0,0,0,0,0,0,52,73,52,73,43,64,0,0,0,0,0,0,0,0
301,0,1000,0,0,1000,0,1000,52,73,52,73,43,64,84087,1,84087,1,0,0,0,0,52,73,52,73,43,64,84087,1,84087,1,0,0,0,0,52,73,52,73,43,64,84087,1,84087,1,0,0,0,0,52,73,52,73,43,64,84087,1,84087,1,0,0,0,0,52,73,52,73,43,64,84087,1,84087,1,0,0,0,0,52,73,52,73,43,64,84087,1,84087,1,0,0,0,0
302,0,1000,0,0,1000,0,1000,53,75,53,75,43,64,103955,88,0,0,80291,1,23664,87,53,75,53,75,43,64,103955,88,0,0,80291,1,23664,87,53,75,53,75,43,64,103955,88,0,0,80291,1,23664,87,53,75,53,75,43,64,103955,88,0,0,80291,1,23664,87,53,75,53,75,43,64,103955,88,0,0,80291,1,23664,87,53,75,53,75,43,64,103955,88,0,0,80291,1,23664,87
303,0,1000,0,0,1000,0,1000,53,75,53,75,44,65,0,0,0,0,0,0,0,0,53,75,53,75,44,65,0,0,0,0,0,0,0,0,53,75,53,75,44,65,0,0,0,0,0,0,0,0,53,75,53,75,44,65,0,0,0,0,0,0,0,0,53,75,53,75,44,65,0,0,0,0,0,0,0,0,53,75,53,75,44,65,0,0,0,0,0,0,0,0

digraph G {
  rankdir=BT;
  style=filled;
  color=lightgrey;
  node [shape=box,style=filled,color=white];
  b_HETg9BJyoZ0 [label="H(ETg9BJyoZ0)\nt=58 id=468"];
  b_H5VQjux6beM [label="H(5VQjux6beM)\nt=63 id=256"];
  b_HNMA7AIHrXg [label="H(NMA7AIHrXg)\nt=4 id=101"];
  b_HwPRFpiOlG5 [label="H(wPRFpiOlG5)\nt=56 id=942"];
  b_HYKjo2gBOe [label="H(YK/jo2gBOe)\nt=9 id=334"];
  b_HJGgJXzAiCV [label="H(JGgJXzAiCV)\nt=1 id=483"];
  b_Hmk2fq6TAD9 [label="H(mk2fq6TAD9)\nt=11 id=573"];
  b_HxdivLKaExb [label="H(xdivLKaExb)\nt=31 id=679"];
  b_Hn9xQGoHx37 [label="H(n9xQGoHx37)\nt=37 id=275"];
  b_HuwQBjiS34 [label="H(uwQBjiS/34)\nt=38 id=683"];
  b_HOMFvcoR3RV [label="H(OMFvcoR3RV)\nt=43 id=6"];
  b_H5YBrGcLxkY [label="H(5YBrGcLxkY)\nt=59 id=678"];
  b_Hkk705fMaF7 [label="H(kk705fMaF7)\nt=45 id=668"];
  b_HcfCBHcLyhG [label="H(cfCBHcLyhG)\nt=65 id=601"];
  b_HeYAQ8orsv4 [label="H(eYAQ8orsv4)\nt=69 id=194"];
  b_HN2RZcuUmOY [label="H(N2RZcuUmOY)\nt=15 id=352"];
  b_HXDnM4oVj6q [label="H(XDnM4oVj6q)\nt=7 id=215"];
  b_H2bEfvflP [label="H(2bE/fvfl/P)\nt=47 id=524"];
  b_H8P4gA822BM [label="H(8P4gA822BM)\nt=71 id=732"];
  b_HAFz4XhPhsx [label="H(AFz4XhPhsx)\nt=8 id=945"];
  b_HhlA2zdOMvw [label="H(hlA2zdOMvw)\nt=25 id=271"];
  b_HSdoaUaWnbx [label="H(SdoaUaWnbx)\nt=10 id=399"];
  b_HsS11hzjjbZ [label="H(sS11hzjjbZ)\nt=39 id=985"];
  b_HCrsDOUKsG [label="H(CrsDOUKsG/)\nt=44 id=44"];
  b_HuIDskq0Aak [label="H(uIDskq0Aak)\nt=35 id=707"];
  b_HtfjqBmd7q [label="H(tfjq+Bmd7q)\n"];
  b_HWCEUk1xzO [label="H(/WCEUk1xzO)\nt=22 id=530"];
  b_HOJQUszHiBu [label="H(OJQUszHiBu)\nt=42 id=959"];
  b_HLkKmyn4JJL [label="H(LkKmyn4JJL)\nt=72 id=317"];
  b_HZBZ3igDit [label="H(ZB+Z3igDit)\nt=50 id=559"];
  b_HwaVP6dSWep [label="H(waVP6dSWep)\nt=75 id=230"];
  b_HVH6UZsz82N [label="H(VH6UZsz82N)\nt=64 id=504"];
  b_HSv5gnWyIs1 [label="H(Sv5gnWyIs1)\nt=14 id=717"];
  b_HrIRzZNXoOb [label="H(rIRzZNXoOb)\nt=5 id=75"];
  b_HBzsY7aZJxw [label="H(BzsY7aZJxw)\nt=36 id=3"];
  b_HZCyo8mKRIw [label="H(ZCyo8mKRIw)\nt=40 id=101"];
  b_HrV0Z6ZXbHY [label="H(rV0Z6ZXbHY)\nt=41 id=430"];
  b_HYJxdvBxSV [label="H(YJ/xdvBxSV)\nt=27 id=29"];
  b_HBlMBDw8vf2 [label="H(BlMBDw8vf2)\nt=20 id=364"];
  b_H11ip89Cl4y [label="H(11ip89Cl4y)\nt=60 id=354"];
  b_HCy77ToqCkF [label="H(Cy77ToqCkF)\nt=67 id=227"];
  b_H63LXJyci4 [label="H(63LXJyci4+)\nt=6 id=254"];
  b_H8BnCgnsTdG [label="H(8BnCgnsTdG)\nt=68 id=719"];
  b_HQ4ElEfvQL8 [label="H(Q4ElEfvQL8)\nt=73 id=567"];
  b_HvfdazNU4eX [label="H(vfdazNU4eX)\nt=66 id=261"];
  b_H6T1uMfm82f [label="H(6T1uMfm82f)\nt=46 id=990"];
  b_HYUDWafoeED [label="H(YUDWafoeED)\nt=33 id=619"];
  b_HMQi9VATmjp [label="H(MQi9VATmjp)\nt=3 id=865"];
  b_Hlm4X15jpN [label="H(lm4X15j/pN)\nt=2 id=427"];
  b_HDrVQuMv2eV [label="H(DrVQuMv2eV)\nt=16 id=313"];
  b_Hfpf49sPVAH [label="H(fpf49sPVAH)\nt=29 id=296"];
  b_HnrTKx8WjNL [label="H(nrTKx8WjNL)\nt=70 id=510"];
  b_HkeGIOaEbo [label="H(keGIOa+Ebo)\nt=32 id=373"];
  b_HmuXej6oF4 [label="H(mu+Xej6oF4)\nt=12 id=293"];
  b_HETg9BJyoZ0 -> b_HwPRFpiOlG5;
  b_H5VQjux6beM -> b_H11ip89Cl4y;
  b_HNMA7AIHrXg -> b_HMQi9VATmjp;
  b_HwPRFpiOlG5 -> b_HZBZ3igDit;
  b_HYKjo2gBOe -> b_HAFz4XhPhsx;
  b_HJGgJXzAiCV -> b_HtfjqBmd7q;
  b_Hmk2fq6TAD9 -> b_HSdoaUaWnbx;
  b_HxdivLKaExb -> b_Hfpf49sPVAH;
  b_Hn9xQGoHx37 -> b_HBzsY7aZJxw;
  b_HuwQBjiS34 -> b_Hn9xQGoHx37;
  b_HOMFvcoR3RV -> b_HOJQUszHiBu;
  b_H5YBrGcLxkY -> b_HETg9BJyoZ0;
  b_Hkk705fMaF7 -> b_HCrsDOUKsG;
  b_HcfCBHcLyhG -> b_HVH6UZsz82N;
  b_HeYAQ8orsv4 -> b_H8BnCgnsTdG;
  b_HN2RZcuUmOY -> b_HSv5gnWyIs1;
  b_HXDnM4oVj6q -> b_H63LXJyci4;
  b_H2bEfvflP -> b_H6T1uMfm82f;
  b_H8P4gA822BM -> b_HnrTKx8WjNL;
  b_HAFz4XhPhsx -> b_HXDnM4oVj6q;
  b_HhlA2zdOMvw -> b_HWCEUk1xzO;
  b_HSdoaUaWnbx -> b_HYKjo2gBOe;
  b_HsS11hzjjbZ -> b_HuwQBjiS34;
  b_HCrsDOUKsG -> b_HOMFvcoR3RV;
  b_HuIDskq0Aak -> b_HYUDWafoeED;
  b_HWCEUk1xzO -> b_HBlMBDw8vf2;
  b_HOJQUszHiBu -> b_HrV0Z6ZXbHY;
  b_HLkKmyn4JJL -> b_H8P4gA822BM;
  b_HZBZ3igDit -> b_H2bEfvflP;
  b_HwaVP6dSWep -> b_HQ4ElEfvQL8;
  b_HVH6UZsz82N -> b_H5VQjux6beM;
  b_HSv5gnWyIs1 -> b_HmuXej6oF4;
  b_HrIRzZNXoOb -> b_HNMA7AIHrXg;
  b_HBzsY7aZJxw -> b_HuIDskq0Aak;
  b_HZCyo8mKRIw -> b_HsS11hzjjbZ;
  b_HrV0Z6ZXbHY -> b_HZCyo8mKRIw;
  b_HYJxdvBxSV -> b_HhlA2zdOMvw;
  b_HBlMBDw8vf2 -> b_HDrVQuMv2eV;
  b_H11ip89Cl4y -> b_H5YBrGcLxkY;
  b_HCy77ToqCkF -> b_HvfdazNU4eX;
  b_H63LXJyci4 -> b_HrIRzZNXoOb;
  b_H8BnCgnsTdG -> b_HCy77ToqCkF;
  b_HQ4ElEfvQL8 -> b_HLkKmyn4JJL;
  b_HvfdazNU4eX -> b_HcfCBHcLyhG;
  b_H6T1uMfm82f -> b_Hkk705fMaF7;
  b_HYUDWafoeED -> b_HkeGIOaEbo;
  b_HMQi9VATmjp -> b_Hlm4X15jpN;
  b_Hlm4X15jpN -> b_HJGgJXzAiCV;
  b_HDrVQuMv2eV -> b_HN2RZcuUmOY;
  b_Hfpf49sPVAH -> b_HYJxdvBxSV;
  b_HnrTKx8WjNL -> b_HeYAQ8orsv4;
  b_HkeGIOaEbo -> b_HxdivLKaExb;
  b_HmuXej6oF4 -> b_Hmk2fq6TAD9;
  v_HgmVmQpRhNS [label="id=268 t=75"];
  v_HgmVmQpRhNS -> b_HwaVP6dSWep;
  v_HOHnlIPZF5d [label="id=457 t=75"];
  v_HOHnlIPZF5d -> b_HwaVP6dSWep;
  v_HaLSZtz290m [label="id=289 t=75"];
  v_HaLSZtz290m -> b_HwaVP6dSWep;
  v_HjMuZfxuMJ [label="id=504 t=75"];
  v_HjMuZfxuMJ -> b_HwaVP6dSWep;
  v_H3vYHD2Gafu [label="id=715 t=75"];
  v_H3vYHD2Gafu -> b_HwaVP6dSWep;
  v_HpCBedBIrX [label="id=764 t=75"];
  v_HpCBedBIrX -> b_HwaVP6dSWep;
  v_HS3lb1tp0Nf [label="id=622 t=75"];
  v_HS3lb1tp0Nf -> b_HwaVP6dSWep;
  v_HsEWxxA5bdi [label="id=953 t=75"];
  v_HsEWxxA5bdi -> b_HwaVP6dSWep;
  v_Hhz6BZ8ROIr [label="id=930 t=75"];
  v_Hhz6BZ8ROIr -> b_HwaVP6dSWep;
  v_HASESua7JT [label="id=357 t=75"];
  v_HASESua7JT -> b_HwaVP6dSWep;
  v_HyZSEgPGzyR [label="id=248 t=75"];
  v_HyZSEgPGzyR -> b_HwaVP6dSWep;
  v_HRkksAsFCvp [label="id=305 t=75"];
  v_HRkksAsFCvp -> b_HwaVP6dSWep;
  v_HyVQBAdh43 [label="id=138 t=75"];
  v_HyVQBAdh43 -> b_HwaVP6dSWep;
  v_H8Bobjlu5q7 [label="id=175 t=75"];
  v_H8Bobjlu5q7 -> b_HwaVP6dSWep;
  v_Hom6g6AWLhR [label="id=787 t=75"];
  v_Hom6g6AWLhR -> b_HwaVP6dSWep;
  v_HXtsUqSkIbb [label="id=89 t=75"];
  v_HXtsUqSkIbb -> b_HwaVP6dSWep;
  v_HL877VkXhe [label="id=753 t=75"];
  v_HL877VkXhe -> b_HwaVP6dSWep;
  v_HGHB8m4IYp [label="id=239 t=75"];
  v_HGHB8m4IYp -> b_HwaVP6dSWep;
  v_HYsVTayFgji [label="id=667 t=75"];
  v_HYsVTayFgji -> b_HwaVP6dSWep;
  v_HV1ATzwbAud [label="id=866 t=75"];
  v_HV1ATzwbAud -> b_HwaVP6dSWep;
  v_HHaEYZebm0p [label="id=48 t=75"];
  v_HHaEYZebm0p -> b_HwaVP6dSWep;
  v_HoCb85boEv3 [label="id=440 t=75"];
  v_HoCb85boEv3 -> b_HwaVP6dSWep;
  v_HiNrppJkJi5 [label="id=34 t=75"];
  v_HiNrppJkJi5 -> b_HwaVP6dSWep;
  v_HwGDA3a5Lyk [label="id=830 t=75"];
  v_HwGDA3a5Lyk -> b_HwaVP6dSWep;
  v_HKw0YfNjrIU [label="id=679 t=75"];
  v_HKw0YfNjrIU -> b_HwaVP6dSWep;
  v_HQLpxL6h6jO [label="id=15 t=75"];
  v_HQLpxL6h6jO -> b_HwaVP6dSWep;
  v_HkhVn7iW1nW [label="id=967 t=75"];
  v_HkhVn7iW1nW -> b_HwaVP6dSWep;
  v_HVDoyItyggu [label="id=900 t=75"];
  v_HVDoyItyggu -> b_HwaVP6dSWep;
  v_HeUXVNPAW9f [label="id=423 t=75"];
  v_HeUXVNPAW9f -> b_HwaVP6dSWep;
  v_HQySLHN2ozz [label="id=180 t=75"];
  v_HQySLHN2ozz -> b_HwaVP6dSWep;
  v_H0juq9jERHm [label="id=976 t=75"];
  v_H0juq9jERHm -> b_HwaVP6dSWep;
  v_Hhx9QTaNkC [label="id=300 t=75"];
  v_Hhx9QTaNkC -> b_HwaVP6dSWep;
  v_HzIZ8jef3su [label="id=853 t=75"];
  v_HzIZ8jef3su -> b_HwaVP6dSWep;
  v_HfRywBEU6kl [label="id=211 t=75"];
  v_HfRywBEU6kl -> b_HwaVP6dSWep;
  v_HsNPHYYsjXd [label="id=197 t=75"];
  v_HsNPHYYsjXd -> b_HwaVP6dSWep;
  v_Hm9LF2KRlp0 [label="id=593 t=75"];
  v_Hm9LF2KRlp0 -> b_HwaVP6dSWep;
  v_HF0eH5gpntG [label="id=822 t=75"];
  v_HF0eH5gpntG -> b_HwaVP6dSWep;
  v_Hi92lxZ5piV [label="id=429 t=75"];
  v_Hi92lxZ5piV -> b_HwaVP6dSWep;
  v_HPtYeqZm [label="id=114 t=75"];
  v_HPtYeqZm -> b_HwaVP6dSWep;
  v_HXOtASKAWLB [label="id=436 t=75"];
  v_HXOtASKAWLB -> b_HwaVP6dSWep;
  v_HQJvmAVqov [label="id=989 t=75"];
  v_HQJvmAVqov -> b_HwaVP6dSWep;
  v_H7ualLKeic [label="id=669 t=75"];
  v_H7ualLKeic -> b_HwaVP6dSWep;
  v_HuVW9E0tdm [label="id=202 t=75"];
  v_HuVW9E0tdm -> b_HwaVP6dSWep;
  v_HVKF9IKnh7D [label="id=401 t=75"];
  v_HVKF9IKnh7D -> b_HwaVP6dSWep;
  v_HeuaS9MeHlg [label="id=939 t=75"];
  v_HeuaS9MeHlg -> b_HwaVP6dSWep;
  v_HHWpWQbJs [label="id=640 t=75"];
  v_HHWpWQbJs -> b_HwaVP6dSWep;
  v_HCTd6X3AJQH [label="id=624 t=75"];
  v_HCTd6X3AJQH -> b_HwaVP6dSWep;
  v_HiVOr25w1KT [label="id=121 t=75"];
  v_HiVOr25w1KT -> b_HwaVP6dSWep;
  v_HA61EC4gYD [label="id=240 t=75"];
  v_HA61EC4gYD -> b_HwaVP6dSWep;
  v_Ha0triSA3m [label="id=446 t=75"];
  v_Ha0triSA3m -> b_HwaVP6dSWep;
  v_HDBF0g8okWb [label="id=857 t=75"];
  v_HDBF0g8okWb -> b_HwaVP6dSWep;
  v_HvkwWHBkVLP [label="id=707 t=75"];
  v_HvkwWHBkVLP -> b_HwaVP6dSWep;
  v_HA4FB6xNBt [label="id=57 t=75"];
  v_HA4FB6xNBt -> b_HwaVP6dSWep;
  v_HsPWzs1bIx [label="id=692 t=75"];
  v_HsPWzs1bIx -> b_HwaVP6dSWep;
  v_HtUrlxVzQR [label="id=920 t=75"];
  v_HtUrlxVzQR -> b_HwaVP6dSWep;
  v_Hdim6ru5v03 [label="id=783 t=75"];
  v_Hdim6ru5v03 -> b_HwaVP6dSWep;
  v_HFAsRi29WS [label="id=877 t=75"];
  v_HFAsRi29WS -> b_HwaVP6dSWep;
  v_HAv59TiqzRB [label="id=223 t=75"];
  v_HAv59TiqzRB -> b_HwaVP6dSWep;
  v_Hfu8vteiIxK [label="id=129 t=75"];
  v_Hfu8vteiIxK -> b_HwaVP6dSWep;
  v_Hbw5KLsrWe [label="id=119 t=75"];
  v_Hbw5KLsrWe -> b_HwaVP6dSWep;
  v_HcrigB04oH [label="id=69 t=75"];
  v_HcrigB04oH -> b_HwaVP6dSWep;
  v_HHILstvujVt [label="id=512 t=75"];
  v_HHILstvujVt -> b_HwaVP6dSWep;
  v_HvpaDJvfZdr [label="id=242 t=75"];
  v_HvpaDJvfZdr -> b_HwaVP6dSWep;
  v_HzQ3GBRWgE2 [label="id=516 t=75"];
  v_HzQ3GBRWgE2 -> b_HwaVP6dSWep;
  v_H13NITcLvvf [label="id=567 t=75"];
  v_H13NITcLvvf -> b_HwaVP6dSWep;
  v_HMaJORKJ1n [label="id=330 t=75"];
  v_HMaJORKJ1n -> b_HwaVP6dSWep;
  v_HS6lzP3egW4 [label="id=560 t=75"];
  v_HS6lzP3egW4 -> b_HwaVP6dSWep;
  v_HzoNNw0sOqo [label="id=398 t=75"];
  v_HzoNNw0sOqo -> b_HwaVP6dSWep;
  v_HbIwOy4VFoK [label="id=915 t=75"];
  v_HbIwOy4VFoK -> b_HwaVP6dSWep;
  v_HPMfEikQst [label="id=671 t=75"];
  v_HPMfEikQst -> b_HwaVP6dSWep;
  v_HLUaMT9nOT8 [label="id=144 t=75"];
  v_HLUaMT9nOT8 -> b_HwaVP6dSWep;
  v_HoVapcWjd91 [label="id=987 t=75"];
  v_HoVapcWjd91 -> b_HwaVP6dSWep;
  v_H7NnZseEuig [label="id=310 t=75"];
  v_H7NnZseEuig -> b_HwaVP6dSWep;
  v_Hgog8P4oSel [label="id=782 t=75"];
  v_Hgog8P4oSel -> b_HwaVP6dSWep;
  v_HteO4TYJ67b [label="id=916 t=75"];
  v_HteO4TYJ67b -> b_HwaVP6dSWep;
  v_HhwdR0Te9vG [label="id=347 t=75"];
  v_HhwdR0Te9vG -> b_HwaVP6dSWep;
  v_HAnCWf4p5P [label="id=10 t=75"];
  v_HAnCWf4p5P -> b_HwaVP6dSWep;
  v_HJEytCvxleY [label="id=995 t=75"];
  v_HJEytCvxleY -> b_HwaVP6dSWep;
  v_Hfmu5s3m0eK [label="id=271 t=75"];
  v_Hfmu5s3m0eK -> b_HwaVP6dSWep;
  v_HegcbUsZcbt [label="id=583 t=75"];
  v_HegcbUsZcbt -> b_HwaVP6dSWep;
  v_Hd99Fz9gjX8 [label="id=481 t=75"];
  v_Hd99Fz9gjX8 -> b_HwaVP6dSWep;
  v_HnNMslVqSAU [label="id=164 t=75"];
  v_HnNMslVqSAU -> b_HwaVP6dSWep;
  v_Hh8dBbd9AMU [label="id=409 t=75"];
  v_Hh8dBbd9AMU -> b_HwaVP6dSWep;
  v_H9i5xQO0UEI [label="id=867 t=75"];
  v_H9i5xQO0UEI -> b_HwaVP6dSWep;
  v_HrrJiHMoW9U [label="id=227 t=75"];
  v_HrrJiHMoW9U -> b_HwaVP6dSWep;
  v_Hs7okPlSZvv [label="id=683 t=75"];
  v_Hs7okPlSZvv -> b_HwaVP6dSWep;
  v_HX8Pc13fcn [label="id=774 t=75"];
  v_HX8Pc13fcn -> b_HwaVP6dSWep;
}


ALWAYS AWAKE final ledgers: 53 75 53 75 44 65
ALWAYS AWAKE total communication: 18340163 5186
ALWAYS AWAKE blocks communication: 4255407 53
ALWAYS AWAKE votes communication: 1354560 4980
ALWAYS AWAKE proposals communication: 12730196 153
