r,n_asleep,n_awake,n_honest_asleep,n_honest_dreamy,n_honest_awake,n_adversary,n_all,party0_ledger_best_length,party0_ledger_best_age,party0_ledger_fast_length,party0_ledger_fast_age,party0_ledger_slow_length,party0_ledger_slow_age,party0_comms_all_size,party0_comms_all_count,party0_comms_proposal_size,party0_comms_proposal_count,party0_comms_piece_block_size,party0_comms_piece_block_count,party0_comms_piece_vote_size,party0_comms_piece_vote_count,party1_ledger_best_length,party1_ledger_best_age,party1_ledger_fast_length,party1_ledger_fast_age,party1_ledger_slow_length,party1_ledger_slow_age,party1_comms_all_size,party1_comms_all_count,party1_comms_proposal_size,party1_comms_proposal_count,party1_comms_piece_block_size,party1_comms_piece_block_count,party1_comms_piece_vote_size,party1_comms_piece_vote_count,party2_ledger_best_length,party2_ledger_best_age,party2_ledger_fast_length,party2_ledger_fast_age,party2_ledger_slow_length,party2_ledger_slow_age,party2_comms_all_size,party2_comms_all_count,party2_comms_proposal_size,party2_comms_proposal_count,party2_comms_piece_block_size,party2_comms_piece_block_count,party2_comms_piece_vote_size,party2_comms_piece_vote_count,party3_ledger_best_length,party3_ledger_best_age,party3_ledger_fast_length,party3_ledger_fast_age,party3_ledger_slow_length,party3_ledger_slow_age,party3_comms_all_size,party3_comms_all_count,party3_comms_proposal_size,party3_comms_proposal_count,party3_comms_piece_block_size,party3_comms_piece_block_count,party3_comms_piece_vote_size,party3_comms_piece_vote_count,party4_ledger_best_length,party4_ledger_best_age,party4_ledger_fast_length,party4_ledger_fast_age,party4_ledger_slow_length,party4_ledger_slow_age,party4_comms_all_size,party4_comms_all_count,party4_comms_proposal_size,party4_comms_proposal_count,party4_comms_piece_block_size,party4_comms_piece_block_count,party4_comms_piece_vote_size,party4_comms_piece_vote_count,partyALWAYSAWAKE_ledger_best_length,partyALWAYSAWAKE_ledger_best_age,partyALWAYSAWAKE_ledger_fast_length,partyALWAYSAWAKE_ledger_fast_age,partyALWAYSAWAKE_ledger_slow_length,partyALWAYSAWAKE_ledger_slow_age,partyALWAYSAWAKE_comms_all_size,partyALWAYSAWAKE_comms_all_count,partyALWAYSAWAKE_comms_proposal_size,partyALWAYSAWAKE_comms_proposal_count,partyALWAYSAWAKE_comms_piece_block_size,partyALWAYSAWAKE_comms_piece_block_count,partyALWAYSAWAKE_comms_piece_vote_size,partyALWAYSAWAKE_comms_piece_vote_count
4,0,1000,0,0,1000,0,1000,0,0,0,0,0,0,0,0,0,0,0,0,0,0,0,0,0,0,0,0,0,0,0,0,0,0,0,0,0,0,0,0,0,0,0,0,0,0,0,0,0,0,0,0,0,0,0,0,0,0,0,0,0,0,0,0,0,0,0,0,0,0,0,0,0,0,0,0,0,0,0,0,0,0,0,0,0,0,0,0,0,0,0,0
5,0,1000,0,0,1000,0,1000,0,0,0,0,0,0,402189,5,402189,5,0,0,0,0,0,0,0,0,0,0,402189,5,402189,5,0,0,0,0,0,0,0,0,0,0,402189,5,402189,5,0,0,0,0,0,0,0,0,0,0,402189,5,402189,5,0,0,0,0,0,0,0,0,0,0,402189,5,402189,5,0,0,0,0,0,0,0,0,0,0,402189,5,402189,5,0,0,0,0
6,0,1000,0,0,1000,0,1000,1,1,1,1,0,0,107762,102,0,0,80290,1,27472,101,1,1,1,1,0,0,107762,102,0,0,80290,1,27472,101,1,1,1,1,0,0,107762,102,0,0,80290,1,27472,101,1,1,1,1,0,0,107762,102,0,0,80290,1,27472,101,1,1,1,1,0,0,107762,102,0,0,80290,1,27472,101,1,1,1,1,0,0,107762,102,0,0,80290,1,27472,101
7,0,1000,0,0,1000,0,1000,1,1,1,1,0,0,0,0,0,0,0,0,0,0,1,1,1,1,0,0,0,0,0,0,0,0,0,0,1,1,1,1,0,0,0,0,0,0,0,0,0,0,1,1,1,1,0,0,0,0,0,0,0,0,0,0,1,1,1,1,0,0,0,0,0,0,0,0,0,0,1,1,1,1,0,0,0,0,0,0,0,0,0,0
8,0,1000,0,0,1000,0,1000,1,1,1,1,0,0,0,0,0,0,0,0,0,0,1,1,1,1,0,0,0,0,0,0,0,0,0,0,1,1,1,1,0,0,0,0,0,0,0,0,0,0,1,1,1,1,0,0,0,0,0,0,0,0,0,0,1,1,1,1,0,0,0,0,0,0,0,0,0,0,1,1,1,1,0,0,0,0,0,0,0,0,0,0
9,0,1000,0,0,1000,0,1000,1,1,1,1,0,0,167340,2,167340,2,0,0,0,0,1,1,1,1,0,0,167340,2,167340,2,0,0,0,0,1,1,1,1,0,0,167340,2,167340,2,0,0,0,0,1,1,1,1,0,0,167340,2,167340,2,0,0,0,0,1,1,1,1,0,0,167340,2,167340,2,0,0,0,0,1,1,1,1,0,0,167340,2,167340,2,0,0,0,0
10,0,1000,0,0,1000,0,1000,2,2,2,2,0,0,103682,87,0,0,80290,1,23392,86,2,2,2,2,0,0,103682,87,0,0,80290,1,23392,86,2,2,2,2,0,0,103682,87,0,0,80290,1,23392,86,2,2,2,2,0,0,103682,87,0,0,80290,1,23392,86,2,2,2,2,0,0,103682,87,0,0,80290,1,23392,86,2,2,2,2,0,0,103682,87,0,0,80290,1,23392,86
11,0,1000,0,0,1000,0,1000,2,2,2,2,0,0,0,0,0,0,0,0,0,0,2,2,2,2,0,0,0,0,0,0,0,0,0,0,2,2,2,2,0,0,0,0,0,0,0,0,0,0,2,2,2,2,0,0,0,0,0,0,0,0,0,0,2,2,2,2,0,0,0,0,0,0,0,0,0,0,2,2,2,2,0,0,0,0,0,0,0,0,0,0
12,0,1000,0,0,1000,0,1000,2,2,2,2,0,0,0,0,0,0,0,0,0,0,2,2,2,2,0,0,0,0,0,0,0,0,0,0,2,2,2,2,0,0,0,0,0,0,0,0,0,0,2,2,2,2,0,0,0,0,0,0,0,0,0,0,2,2,2,2,0,0,0,0,0,0,0,0,0,0,2,2,2,2,0,0,0,0,0,0,0,0,0,0
13,0,1000,0,0,1000,0,1000,2,2,2,2,0,0,415949,5,415949,5,0,0,0,0,2,2,2,2,0,0,415949,5,415949,5,0,0,0,0,2,2,2,2,0,0,415949,5,415949,5,0,0,0,0,2,2,2,2,0,0,415949,5,415949,5,0,0,0,0,2,2,2,2,0,0,415949,5,415949,5,0,0,0,0,2,2,2,2,0,0,415949,5,415949,5,0,0,0,0
14,0,1000,0,0,1000,0,1000,3,3,3,3,0,0,109393,108,0,0,80289,1,29104,107,3,3,3,3,0,0,109393,108,0,0,80289,1,29104,107,3,3,3,3,0,0,109393,108,0,0,80289,1,29104,107,3,3,3,3,0,0,109393,108,0,0,80289,1,29104,107,3,3,3,3,0,0,109393,108,0,0,80289,1,29104,107,3,3,3,3,0,0,109393,108,0,0,80289,1,29104,107
15,0,1000,0,0,1000,0,1000,3,3,3,3,0,0,0,0,0,0,0,0,0,0,3,3,3,3,0,0,0,0,0,0,0,0,0,0,3,3,3,3,0,0,0,0,0,0,0,0,0,0,3,3,3,3,0,0,0,0,0,0,0,0,0,0,3,3,3,3,0,0,0,0,0,0,0,0,0,0,3,3,3,3,0,0,0,0,0,0,0,0,0,0
16,0,1000,0,0,1000,0,1000,3,3,3,3,0,0,0,0,0,0,0,0,0,0,3,3,3,3,0,0,0,0,0,0,0,0,0,0,3,3,3,3,0,0,0,0,0,0,0,0,0,0,3,3,3,3,0,0,0,0,0,0,0,0,0,0,3,3,3,3,0,0,0,0,0,0,0,0,0,0,3,3,3,3,0,0,0,0,0,0,0,0,0,0
17,0,1000,0,0,1000,0,1000,3,3,3,3,0,0,1006344,12,1006344,12,0,0,0,0,3,3,3,3,0,0,1006344,12,1006344,12,0,0,0,0,3,3,3,3,0,0,1006344,12,1006344,12,0,0,0,0,3,3,3,3,0,0,1006344,12,1006344,12,0,0,0,0,3,3,3,3,0,0,1006344,12,1006344,12,0,0,0,0,3,3,3,3,0,0,1006344,12,1006344,12,0,0,0,0
18,0,1000,0,0,1000,0,1000,4,4,4,4,0,0,108306,104,0,0,80290,1,28016,103,4,4,4,4,0,0,108306,104,0,0,80290,1,28016,103,4,4,4,4,0,0,108306,104,0,0,80290,1,28016,103,4,4,4,4,0,0,108306,104,0,0,80290,1,28016,103,4,4,4,4,0,0,108306,104,0,0,80290,1,28016,103,4,4,4,4,0,0,108306,104,0,0,80290,1,28016,103
19,0,1000,0,0,1000,0,1000,4,4,4,4,0,0,0,0,0,0,0,0,0,0,4,4,4,4,0,0,0,0,0,0,0,0,0,0,4,4,4,4,0,0,0,0,0,0,0,0,0,0,4,4,4,4,0,0,0,0,0,0,0,0,0,0,4,4,4,4,0,0,0,0,0,0,0,0,0,0,4,4,4,4,0,0,0,0,0,0,0,0,0,0
20,0,1000,0,0,1000,0,1000,4,4,4,4,0,0,0,0,0,0,0,0,0,0,4,4,4,4,0,0,0,0,0,0,0,0,0,0,4,4,4,4,0,0,0,0,0,0,0,0,0,0,4,4,4,4,0,0,0,0,0,0,0,0,0,0,4,4,4,4,0,0,0,0,0,0,0,0,0,0,4,4,4,4,0,0,0,0,0,0,0,0,0,0
21,0,1000,0,0,1000,0,1000,4,4,4,4,0,0,586137,7,586137,7,0,0,0,0,4,4,4,4,0,0,586137,7,586137,7,0,0,0,0,4,4,4,4,0,0,586137,7,586137,7,0,0,0,0,4,4,4,4,0,0,586137,7,586137,7,0,0,0,0,4,4,4,4,0,0,586137,7,586137,7,0,0,0,0,4,4,4,4,0,0,586137,7,586137,7,0,0,0,0
22,0,1000,0,0,1000,0,1000,5,5,5,5,0,0,104498,90,0,0,80290,1,24208,89,5,5,5,5,0,0,104498,90,0,0,80290,1,24208,89,5,5,5,5,0,0,104498,90,0,0,80290,1,24208,89,5,5,5,5,0,0,104498,90,0,0,80290,1,24208,89,5,5,5,5,0,0,104498,90,0,0,80290,1,24208,89,5,5,5,5,0,0,104498,90,0,0,80290,1,24208,89
23,0,1000,0,0,1000,0,1000,5,5,5,5,0,0,0,0,0,0,0,0,0,0,5,5,5,5,0,0,0,0,0,0,0,0,0,0,5,5,5,5,0,0,0,0,0,0,0,0,0,0,5,5,5,5,0,0,0,0,0,0,0,0,0,0,5,5,5,5,0,0,0,0,0,0,0,0,0,0,5,5,5,5,0,0,0,0,0,0,0,0,0,0
24,0,1000,0,0,1000,0,1000,5,5,5,5,0,0,0,0,0,0,0,0,0,0,5,5,5,5,0,0,0,0,0,0,0,0,0,0,5,5,5,5,0,0,0,0,0,0,0,0,0,0,5,5,5,5,0,0,0,0,0,0,0,0,0,0,5,5,5,5,0,0,0,0,0,0,0,0,0,0,5,5,5,5,0,0,0,0,0,0,0,0,0,0
25,0,1000,0,0,1000,0,1000,5,5,5,5,0,0,166572,2,166572,2,0,0,0,0,5,5,5,5,0,0,166572,2,166572,2,0,0,0,0,5,5,5,5,0,0,166572,2,166572,2,0,0,0,0,5,5,5,5,0,0,166572,2,166572,2,0,0,0,0,5,5,5,5,0,0,166572,2,166572,2,0,0,0,0,5,5,5,5,0,0,166572,2,166572,2,0,0,0,0
26,0,1000,0,0,1000,0,1000,6,6,6,6,0,0,108306,104,0,0,80290,1,28016,103,6,6,6,6,0,0,108306,104,0,0,80290,1,28016,103,6,6,6,6,0,0,108306,104,0,0,80290,1,28016,103,6,6,6,6,0,0,108306,104,0,0,80290,1,28016,103,6,6,6,6,0,0,108306,104,0,0,80290,1,28016,103,6,6,6,6,0,0,108306,104,0,0,80290,1,28016,103
27,0,1000,0,0,1000,0,1000,6,6,6,6,0,0,0,0,0,0,0,0,0,0,6,6,6,6,0,0,0,0,0,0,0,0,0,0,6,6,6,6,0,0,0,0,0,0,0,0,0,0,6,6,6,6,0,0,0,0,0,0,0,0,0,0,6,6,6,6,0,0,0,0,0,0,0,0,0,0,6,6,6,6,0,0,0,0,0,0,0,0,0,0
28,0,1000,0,0,1000,0,1000,6,6,6,6,0,0,0,0,0,0,0,0,0,0,6,6,6,6,0,0,0,0,0,0,0,0,0,0,6,6,6,6,0,0,0,0,0,0,0,0,0,0,6,6,6,6,0,0,0,0,0,0,0,0,0,0,6,6,6,6,0,0,0,0,0,0,0,0,0,0,6,6,6,6,0,0,0,0,0,0,0,0,0,0
29,0,1000,0,0,1000,0,1000,6,6,6,6,0,0,418670,5,418670,5,0,0,0,0,6,6,6,6,0,0,418670,5,418670,5,0,0,0,0,6,6,6,6,0,0,418670,5,418670,5,0,0,0,0,6,6,6,6,0,0,418670,5,418670,5,0,0,0,0,6,6,6,6,0,0,418670,5,418670,5,0,0,0,0,6,6,6,6,0,0,418670,5,418670,5,0,0,0,0
30,0,1000,0,0,1000,0,1000,7,7,7,7,0,0,106130,96,0,0,80290,1,25840,95,7,7,7,7,0,0,106130,96,0,0,80290,1,25840,95,7,7,7,7,0,0,106130,96,0,0,80290,1,25840,95,7,7,7,7,0,0,106130,96,0,0,80290,1,25840,95,7,7,7,7,0,0,106130,96,0,0,80290,1,25840,95,7,7,7,7,0,0,106130,96,0,0,80290,1,25840,95
31,0,1000,0,0,1000,0,1000,7,7,7,7,0,0,0,0,0,0,0,0,0,0,7,7,7,7,0,0,0,0,0,0,0,0,0,0,7,7,7,7,0,0,0,0,0,0,0,0,0,0,7,7,7,7,0,0,0,0,0,0,0,0,0,0,7,7,7,7,0,0,0,0,0,0,0,0,0,0,7,7,7,7,0,0,0,0,0,0,0,0,0,0
32,0,1000,0,0,1000,0,1000,7,7,7,7,0,0,0,0,0,0,0,0,0,0,7,7,7,7,0,0,0,0,0,0,0,0,0,0,7,7,7,7,0,0,0,0,0,0,0,0,0,0,7,7,7,7,0,0,0,0,0,0,0,0,0,0,7,7,7,7,0,0,0,0,0,0,0,0,0,0,7,7,7,7,0,0,0,0,0,0,0,0,0,0
33,0,1000,0,0,1000,0,1000,7,7,7,7,0,0,500868,6,500868,6,0,0,0,0,7,7,7,7,0,0,500868,6,500868,6,0,0,0,0,7,7,7,7,0,0,500868,6,500868,6,0,0,0,0,7,7,7,7,0,0,500868,6,500868,6,0,0,0,0,7,7,7,7,0,0,500868,6,500868,6,0,0,0,0,7,7,7,7,0,0,500868,6,500868,6,0,0,0,0
34,660,340,660,0,340,0,1000,7,7,7,7,0,0,109666,109,0,0,80290,1,29376,108,8,8,8,8,0,0,109666,109,0,0,80290,1,29376,108,7,7,7,7,0,0,109666,109,0,0,80290,1,29376,108,7,7,7,7,0,0,109666,109,0,0,80290,1,29376,108,7,7,7,7,0,0,109666,109,0,0,80290,1,29376,108,8,8,8,8,0,0,109666,109,0,0,80290,1,29376,108
35,782,218,782,0,218,0,1000,7,7,7,7,0,0,0,0,0,0,0,0,0,0,8,8,8,8,0,0,0,0,0,0,0,0,0,0,7,7,7,7,0,0,0,0,0,0,0,0,0,0,7,7,7,7,0,0,0,0,0,0,0,0,0,0,7,7,7,7,0,0,0,0,0,0,0,0,0,0,8,8,8,8,0,0,0,0,0,0,0,0,0,0
36,275,725,275,507,218,0,1000,7,7,7,7,0,0,0,0,0,0,0,0,0,0,8,8,8,8,0,0,0,0,0,0,0,0,0,0,7,7,7,7,0,0,0,0,0,0,0,0,0,0,7,7,7,7,0,0,0,0,0,0,0,0,0,0,7,7,7,7,0,0,0,0,0,0,0,0,0,0,8,8,8,8,0,0,0,0,0,0,0,0,0,0
37,799,201,799,137,64,0,1000,7,7,7,7,0,0,167788,2,167788,2,0,0,0,0,8,8,8,8,0,0,167788,2,167788,2,0,0,0,0,7,7,7,7,0,0,167788,2,167788,2,0,0,0,0,7,7,7,7,0,0,167788,2,167788,2,0,0,0,0,7,7,7,7,0,0,167788,2,167788,2,0,0,0,0,8,8,8,8,0,0,167788,2,167788,2,0,0,0,0
38,145,855,145,791,64,0,1000,7,7,7,7,0,0,81922,7,0,0,80290,1,1632,6,8,8,8,8,0,0,81922,7,0,0,80290,1,1632,6,7,7,7,7,0,0,81922,7,0,0,80290,1,1632,6,7,7,7,7,0,0,81922,7,0,0,80290,1,1632,6,7,7,7,7,0,0,81922,7,0,0,80290,1,1632,6,8,8,8,8,0,0,81922,7,0,0,80290,1,1632,6
39,119,881,119,0,881,0,1000,7,7,7,7,0,0,0,0,0,0,0,0,0,0,8,8,8,8,0,0,0,0,0,0,0,0,0,0,7,7,7,7,0,0,0,0,0,0,0,0,0,0,7,7,7,7,0,0,0,0,0,0,0,0,0,0,7,7,7,7,0,0,0,0,0,0,0,0,0,0,8,8,8,8,0,0,0,0,0,0,0,0,0,0
40,424,576,424,0,576,0,1000,7,7,7,7,0,0,0,0,0,0,0,0,0,0,8,8,8,8,0,0,0,0,0,0,0,0,0,0,7,7,7,7,0,0,0,0,0,0,0,0,0,0,7,7,7,7,0,0,0,0,0,0,0,0,0,0,7,7,7,7,0,0,0,0,0,0,0,0,0,0,8,8,8,8,0,0,0,0,0,0,0,0,0,0
41,352,648,352,72,576,0,1000,7,7,7,7,0,0,161262,2,161262,2,0,0,0,0,8,8,8,8,0,0,161262,2,161262,2,0,0,0,0,7,7,7,7,0,0,161262,2,161262,2,0,0,0,0,7,7,7,7,0,0,161262,2,161262,2,0,0,0,0,7,7,7,7,0,0,161262,2,161262,2,0,0,0,0,8,8,8,8,0,0,161262,2,161262,2,0,0,0,0
42,690,310,690,32,278,0,1000,7,7,7,7,0,0,94435,53,0,0,80291,1,14144,52,8,8,8,8,0,0,94435,53,0,0,80291,1,14144,52,7,7,7,7,0,0,94435,53,0,0,80291,1,14144,52,7,7,7,7,0,0,94435,53,0,0,80291,1,14144,52,7,7,7,7,0,0,94435,53,0,0,80291,1,14144,52,8,8,8,8,0,0,94435,53,0,0,80291,1,14144,52
43,533,467,533,0,467,0,1000,7,7,7,7,0,0,0,0,0,0,0,0,0,0,8,8,8,8,0,0,0,0,0,0,0,0,0,0,7,7,7,7,0,0,0,0,0,0,0,0,0,0,7,7,7,7,0,0,0,0,0,0,0,0,0,0,7,7,7,7,0,0,0,0,0,0,0,0,0,0,8,8,8,8,0,0,0,0,0,0,0,0,0,0
44,662,338,662,0,338,0,1000,7,7,7,7,0,0,0,0,0,0,0,0,0,0,8,8,8,8,0,0,0,0,0,0,0,0,0,0,7,7,7,7,0,0,0,0,0,0,0,0,0,0,7,7,7,7,0,0,0,0,0,0,0,0,0,0,7,7,7,7,0,0,0,0,0,0,0,0,0,0,8,8,8,8,0,0,0,0,0,0,0,0,0,0
45,306,694,306,356,338,0,1000,7,7,7,7,0,0,0,0,0,0,0,0,0,0,8,8,8,8,0,0,0,0,0,0,0,0,0,0,7,7,7,7,0,0,0,0,0,0,0,0,0,0,7,7,7,7,0,0,0,0,0,0,0,0,0,0,7,7,7,7,0,0,0,0,0,0,0,0,0,0,8,8,8,8,0,0,0,0,0,0,0,0,0,0
46,735,265,735,139,126,0,1000,7,7,7,7,0,0,9792,36,0,0,0,0,9792,36,8,8,8,8,0,0,9792,36,0,0,0,0,9792,36,7,7,7,7,0,0,9792,36,0,0,0,0,9792,36,7,7,7,7,0,0,9792,36,0,0,0,0,9792,36,7,7,7,7,0,0,9792,36,0,0,0,0,9792,36,8,8,8,8,0,0,9792,36,0,0,0,0,9792,36
47,142,858,142,0,858,0,1000,7,7,7,7,0,0,0,0,0,0,0,0,0,0,8,8,8,8,1,1,0,0,0,0,0,0,0,0,7,7,7,7,0,0,0,0,0,0,0,0,0,0,7,7,7,7,1,1,0,0,0,0,0,0,0,0,7,7,7,7,0,0,0,0,0,0,0,0,0,0,8,8,8,8,1,1,0,0,0,0,0,0,0,0
48,411,589,411,0,589,0,1000,7,7,7,7,0,0,0,0,0,0,0,0,0,0,8,8,8,8,1,1,0,0,0,0,0,0,0,0,7,7,7,7,0,0,0,0,0,0,0,0,0,0,7,7,7,7,1,1,0,0,0,0,0,0,0,0,7,7,7,7,0,0,0,0,0,0,0,0,0,0,8,8,8,8,1,1,0,0,0,0,0,0,0,0
49,695,305,695,0,305,0,1000,7,7,7,7,0,0,326362,4,326362,4,0,0,0,0,8,8,8,8,1,1,326362,4,326362,4,0,0,0,0,7,7,7,7,0,0,326362,4,326362,4,0,0,0,0,7,7,7,7,1,1,326362,4,326362,4,0,0,0,0,7,7,7,7,0,0,326362,4,326362,4,0,0,0,0,8,8,8,8,1,1,326362,4,326362,4,0,0,0,0
50,581,419,581,114,305,0,1000,7,7,7,7,0,0,89811,36,0,0,80291,1,9520,35,8,8,8,8,1,1,89811,36,0,0,80291,1,9520,35,7,7,7,7,0,0,89811,36,0,0,80291,1,9520,35,7,7,7,7,1,1,89811,36,0,0,80291,1,9520,35,7,7,7,7,0,0,89811,36,0,0,80291,1,9520,35,8,8,8,8,1,1,89811,36,0,0,80291,1,9520,35
51,516,484,516,0,484,0,1000,7,7,7,7,0,0,0,0,0,0,0,0,0,0,8,8,8,8,1,1,0,0,0,0,0,0,0,0,7,7,7,7,0,0,0,0,0,0,0,0,0,0,7,7,7,7,1,1,0,0,0,0,0,0,0,0,7,7,7,7,0,0,0,0,0,0,0,0,0,0,8,8,8,8,2,2,0,0,0,0,0,0,0,0
52,206,794,206,310,484,0,1000,7,7,7,7,0,0,0,0,0,0,0,0,0,0,8,8,8,8,1,1,0,0,0,0,0,0,0,0,7,7,7,7,0,0,0,0,0,0,0,0,0,0,7,7,7,7,1,1,0,0,0,0,0,0,0,0,7,7,7,7,0,0,0,0,0,0,0,0,0,0,8,8,8,8,2,2,0,0,0,0,0,0,0,0
53,605,395,605,158,237,0,1000,7,7,7,7,0,0,326236,4,326236,4,0,0,0,0,8,8,8,8,1,1,326236,4,326236,4,0,0,0,0,7,7,7,7,0,0,326236,4,326236,4,0,0,0,0,7,7,7,7,1,1,326236,4,326236,4,0,0,0,0,7,7,7,7,0,0,326236,4,326236,4,0,0,0,0,8,8,8,8,2,2,326236,4,326236,4,0,0,0,0
54,823,177,823,67,110,0,1000,7,7,7,7,0,0,85731,21,0,0,80291,1,5440,20,8,8,8,8,1,1,85731,21,0,0,80291,1,5440,20,7,7,7,7,0,0,85731,21,0,0,80291,1,5440,20,7,7,7,7,1,1,85731,21,0,0,80291,1,5440,20,7,7,7,7,0,0,85731,21,0,0,80291,1,5440,20,8,8,8,8,2,2,85731,21,0,0,80291,1,5440,20
55,178,822,178,0,822,0,1000,7,7,7,7,3,3,0,0,0,0,0,0,0,0,8,8,8,8,3,3,0,0,0,0,0,0,0,0,7,7,7,7,3,3,0,0,0,0,0,0,0,0,7,7,7,7,3,3,0,0,0,0,0,0,0,0,7,7,7,7,3,3,0,0,0,0,0,0,0,0,8,8,8,8,3,3,0,0,0,0,0,0,0,0
56,568,432,568,0,432,0,1000,7,7,7,7,3,3,0,0,0,0,0,0,0,0,8,8,8,8,3,3,0,0,0,0,0,0,0,0,7,7,7,7,3,3,0,0,0,0,0,0,0,0,7,7,7,7,3,3,0,0,0,0,0,0,0,0,7,7,7,7,3,3,0,0,0,0,0,0,0,0,8,8,8,8,3,3,0,0,0,0,0,0,0,0
57,131,869,131,437,432,0,1000,7,7,7,7,3,3,81077,1,81077,1,0,0,0,0,8,8,8,8,3,3,81077,1,81077,1,0,0,0,0,7,7,7,7,3,3,81077,1,81077,1,0,0,0,0,7,7,7,7,3,3,81077,1,81077,1,0,0,0,0,7,7,7,7,3,3,81077,1,81077,1,0,0,0,0,8,8,8,8,3,3,81077,1,81077,1,0,0,0,0
58,508,492,508,254,238,0,1000,7,7,7,7,3,3,90625,39,0,0,80289,1,10336,38,8,8,8,8,3,3,90625,39,0,0,80289,1,10336,38,7,7,7,7,3,3,90625,39,0,0,80289,1,10336,38,7,7,7,7,3,3,90625,39,0,0,80289,1,10336,38,7,7,7,7,3,3,90625,39,0,0,80289,1,10336,38,8,8,8,8,3,3,90625,39,0,0,80289,1,10336,38
59,793,207,793,0,207,0,1000,7,7,7,7,3,3,0,0,0,0,0,0,0,0,8,8,8,8,4,4,0,0,0,0,0,0,0,0,7,7,7,7,4,4,0,0,0,0,0,0,0,0,7,7,7,7,3,3,0,0,0,0,0,0,0,0,7,7,7,7,3,3,0,0,0,0,0,0,0,0,8,8,8,8,4,4,0,0,0,0,0,0,0,0
60,869,131,869,0,131,0,1000,7,7,7,7,3,3,0,0,0,0,0,0,0,0,8,8,8,8,4,4,0,0,0,0,0,0,0,0,7,7,7,7,4,4,0,0,0,0,0,0,0,0,7,7,7,7,3,3,0,0,0,0,0,0,0,0,7,7,7,7,3,3,0,0,0,0,0,0,0,0,8,8,8,8,4,4,0,0,0,0,0,0,0,0
61,612,388,612,257,131,0,1000,7,7,7,7,3,3,0,0,0,0,0,0,0,0,8,8,8,8,4,4,0,0,0,0,0,0,0,0,7,7,7,7,4,4,0,0,0,0,0,0,0,0,7,7,7,7,3,3,0,0,0,0,0,0,0,0,7,7,7,7,3,3,0,0,0,0,0,0,0,0,8,8,8,8,4,4,0,0,0,0,0,0,0,0
62,345,655,345,524,131,0,1000,7,7,7,7,3,3,2448,9,0,0,0,0,2448,9,8,8,8,8,4,4,2448,9,0,0,0,0,2448,9,7,7,7,7,4,4,2448,9,0,0,0,0,2448,9,7,7,7,7,3,3,2448,9,0,0,0,0,2448,9,7,7,7,7,3,3,2448,9,0,0,0,0,2448,9,8,8,8,8,4,4,2448,9,0,0,0,0,2448,9
63,586,414,586,0,414,0,1000,7,7,7,7,5,5,0,0,0,0,0,0,0,0,8,8,8,8,5,5,0,0,0,0,0,0,0,0,7,7,7,7,5,5,0,0,0,0,0,0,0,0,7,7,7,7,5,5,0,0,0,0,0,0,0,0,7,7,7,7,3,3,0,0,0,0,0,0,0,0,8,8,8,8,5,5,0,0,0,0,0,0,0,0
64,810,190,810,0,190,0,1000,7,7,7,7,5,5,0,0,0,0,0,0,0,0,8,8,8,8,5,5,0,0,0,0,0,0,0,0,7,7,7,7,5,5,0,0,0,0,0,0,0,0,7,7,7,7,5,5,0,0,0,0,0,0,0,0,7,7,7,7,3,3,0,0,0,0,0,0,0,0,8,8,8,8,5,5,0,0,0,0,0,0,0,0
65,611,389,611,199,190,0,1000,7,7,7,7,5,5,0,0,0,0,0,0,0,0,8,8,8,8,5,5,0,0,0,0,0,0,0,0,7,7,7,7,5,5,0,0,0,0,0,0,0,0,7,7,7,7,5,5,0,0,0,0,0,0,0,0,7,7,7,7,3,3,0,0,0,0,0,0,0,0,8,8,8,8,5,5,0,0,0,0,0,0,0,0
66,178,822,178,632,190,0,1000,7,7,7,7,5,5,4896,18,0,0,0,0,4896,18,8,8,8,8,5,5,4896,18,0,0,0,0,4896,18,7,7,7,7,5,5,4896,18,0,0,0,0,4896,18,7,7,7,7,5,5,4896,18,0,0,0,0,4896,18,7,7,7,7,3,3,4896,18,0,0,0,0,4896,18,8,8,8,8,5,5,4896,18,0,0,0,0,4896,18
67,597,403,597,0,403,0,1000,7,7,7,7,6,6,0,0,0,0,0,0,0,0,8,8,8,8,6,6,0,0,0,0,0,0,0,0,7,7,7,7,5,5,0,0,0,0,0,0,0,0,7,7,7,7,5,5,0,0,0,0,0,0,0,0,7,7,7,7,6,6,0,0,0,0,0,0,0,0,8,8,8,8,6,6,0,0,0,0,0,0,0,0
68,73,927,73,524,403,0,1000,7,7,7,7,6,6,0,0,0,0,0,0,0,0,8,8,8,8,6,6,0,0,0,0,0,0,0,0,7,7,7,7,5,5,0,0,0,0,0,0,0,0,7,7,7,7,5,5,0,0,0,0,0,0,0,0,7,7,7,7,6,6,0,0,0,0,0,0,0,0,8,8,8,8,6,6,0,0,0,0,0,0,0,0
69,474,526,474,294,232,0,1000,7,7,7,7,6,6,162030,2,162030,2,0,0,0,0,8,8,8,8,6,6,162030,2,162030,2,0,0,0,0,7,7,7,7,5,5,162030,2,162030,2,0,0,0,0,7,7,7,7,5,5,162030,2,162030,2,0,0,0,0,7,7,7,7,6,6,162030,2,162030,2,0,0,0,0,8,8,8,8,6,6,162030,2,162030,2,0,0,0,0
70,524,476,524,267,209,0,1000,7,7,7,7,6,6,86819,25,0,0,80291,1,6528,24,8,8,8,8,6,6,86819,25,0,0,80291,1,6528,24,7,7,7,7,5,5,86819,25,0,0,80291,1,6528,24,7,7,7,7,5,5,86819,25,0,0,80291,1,6528,24,7,7,7,7,6,6,86819,25,0,0,80291,1,6528,24,8,8,8,8,6,6,86819,25,0,0,80291,1,6528,24
71,670,330,670,0,330,0,1000,7,7,7,7,6,6,0,0,0,0,0,0,0,0,8,8,8,8,6,6,0,0,0,0,0,0,0,0,7,7,7,7,5,5,0,0,0,0,0,0,0,0,7,7,7,7,5,5,0,0,0,0,0,0,0,0,7,7,7,7,7,7,0,0,0,0,0,0,0,0,8,8,8,8,7,7,0,0,0,0,0,0,0,0
72,607,393,607,63,330,0,1000,7,7,7,7,6,6,0,0,0,0,0,0,0,0,8,8,8,8,6,6,0,0,0,0,0,0,0,0,7,7,7,7,5,5,0,0,0,0,0,0,0,0,7,7,7,7,5,5,0,0,0,0,0,0,0,0,7,7,7,7,7,7,0,0,0,0,0,0,0,0,8,8,8,8,7,7,0,0,0,0,0,0,0,0
73,9,991,9,661,330,0,1000,7,7,7,7,6,6,162414,2,162414,2,0,0,0,0,8,8,8,8,6,6,162414,2,162414,2,0,0,0,0,7,7,7,7,5,5,162414,2,162414,2,0,0,0,0,7,7,7,7,5,5,162414,2,162414,2,0,0,0,0,7,7,7,7,7,7,162414,2,162414,2,0,0,0,0,8,8,8,8,7,7,162414,2,162414,2,0,0,0,0
74,93,907,93,603,304,0,1000,7,7,7,7,6,6,89539,35,0,0,80291,1,9248,34,8,8,8,8,6,6,89539,35,0,0,80291,1,9248,34,7,7,7,7,5,5,89539,35,0,0,80291,1,9248,34,7,7,7,7,5,5,89539,35,0,0,80291,1,9248,34,7,7,7,7,7,7,89539,35,0,0,80291,1,9248,34,8,8,8,8,7,7,89539,35,0,0,80291,1,9248,34
75,257,743,257,0,743,0,1000,7,7,7,7,6,6,0,0,0,0,0,0,0,0,8,8,8,8,6,6,0,0,0,0,0,0,0,0,8,8,7,7,8,8,0,0,0,0,0,0,0,0,8,8,7,7,8,8,0,0,0,0,0,0,0,0,8,8,7,7,8,8,0,0,0,0,0,0,0,0,8,8,8,8,8,8,0,0,0,0,0,0,0,0
76,778,222,778,0,222,0,1000,7,7,7,7,6,6,0,0,0,0,0,0,0,0,8,8,8,8,6,6,0,0,0,0,0,0,0,0,8,8,7,7,8,8,0,0,0,0,0,0,0,0,8,8,7,7,8,8,0,0,0,0,0,0,0,0,8,8,7,7,8,8,0,0,0,0,0,0,0,0,8,8,8,8,8,8,0,0,0,0,0,0,0,0
77,133,867,133,645,222,0,1000,7,7,7,7,6,6,81526,1,81526,1,0,0,0,0,8,8,8,8,6,6,81526,1,81526,1,0,0,0,0,8,8,7,7,8,8,81526,1,81526,1,0,0,0,0,8,8,7,7,8,8,81526,1,81526,1,0,0,0,0,8,8,7,7,8,8,81526,1,81526,1,0,0,0,0,8,8,8,8,8,8,81526,1,81526,1,0,0,0,0
78,418,582,418,430,152,0,1000,7,7,7,7,6,6,86274,23,0,0,80290,1,5984,22,8,8,8,8,6,6,86274,23,0,0,80290,1,5984,22,8,8,7,7,8,8,86274,23,0,0,80290,1,5984,22,8,8,7,7,8,8,86274,23,0,0,80290,1,5984,22,8,8,7,7,8,8,86274,23,0,0,80290,1,5984,22,8,8,8,8,8,8,86274,23,0,0,80290,1,5984,22
79,54,946,54,0,946,0,1000,9,9,7,7,9,9,0,0,0,0,0,0,0,0,9,9,8,8,9,9,0,0,0,0,0,0,0,0,9,9,7,7,9,9,0,0,0,0,0,0,0,0,9,9,7,7,9,9,0,0,0,0,0,0,0,0,9,9,7,7,9,9,0,0,0,0,0,0,0,0,9,9,8,8,9,9,0,0,0,0,0,0,0,0
80,663,337,663,0,337,0,1000,9,9,7,7,9,9,0,0,0,0,0,0,0,0,9,9,8,8,9,9,0,0,0,0,0,0,0,0,9,9,7,7,9,9,0,0,0,0,0,0,0,0,9,9,7,7,9,9,0,0,0,0,0,0,0,0,9,9,7,7,9,9,0,0,0,0,0,0,0,0,9,9,8,8,9,9,0,0,0,0,0,0,0,0
81,412,588,412,251,337,0,1000,9,9,7,7,9,9,243428,3,243428,3,0,0,0,0,9,9,8,8,9,9,243428,3,243428,3,0,0,0,0,9,9,7,7,9,9,243428,3,243428,3,0,0,0,0,9,9,7,7,9,9,243428,3,243428,3,0,0,0,0,9,9,7,7,9,9,243428,3,243428,3,0,0,0,0,9,9,8,8,9,9,243428,3,243428,3,0,0,0,0
82,261,739,261,402,337,0,1000,9,9,7,7,9,9,90898,40,0,0,80290,1,10608,39,9,9,8,8,9,9,90898,40,0,0,80290,1,10608,39,9,9,7,7,9,9,90898,40,0,0,80290,1,10608,39,9,9,7,7,9,9,90898,40,0,0,80290,1,10608,39,9,9,7,7,9,9,90898,40,0,0,80290,1,10608,39,9,9,8,8,9,9,90898,40,0,0,80290,1,10608,39
83,868,132,868,0,132,0,1000,9,9,7,7,9,9,0,0,0,0,0,0,0,0,9,9,8,8,9,9,0,0,0,0,0,0,0,0,9,9,7,7,9,9,0,0,0,0,0,0,0,0,9,9,7,7,9,9,0,0,0,0,0,0,0,0,9,9,7,7,9,9,0,0,0,0,0,0,0,0,10,10,8,8,10,10,0,0,0,0,0,0,0,0
84,596,404,596,272,132,0,1000,9,9,7,7,9,9,0,0,0,0,0,0,0,0,9,9,8,8,9,9,0,0,0,0,0,0,0,0,9,9,7,7,9,9,0,0,0,0,0,0,0,0,9,9,7,7,9,9,0,0,0,0,0,0,0,0,9,9,7,7,9,9,0,0,0,0,0,0,0,0,10,10,8,8,10,10,0,0,0,0,0,0,0,0
85,362,638,362,506,132,0,1000,9,9,7,7,9,9,0,0,0,0,0,0,0,0,9,9,8,8,9,9,0,0,0,0,0,0,0,0,9,9,7,7,9,9,0,0,0,0,0,0,0,0,9,9,7,7,9,9,0,0,0,0,0,0,0,0,9,9,7,7,9,9,0,0,0,0,0,0,0,0,10,10,8,8,10,10,0,0,0,0,0,0,0,0
86,755,245,755,195,50,0,1000,9,9,7,7,9,9,4080,15,0,0,0,0,4080,15,9,9,8,8,9,9,4080,15,0,0,0,0,4080,15,9,9,7,7,9,9,4080,15,0,0,0,0,4080,15,9,9,7,7,9,9,4080,15,0,0,0,0,4080,15,9,9,7,7,9,9,4080,15,0,0,0,0,4080,15,10,10,8,8,10,10,4080,15,0,0,0,0,4080,15
87,885,115,885,0,115,0,1000,9,9,7,7,9,9,0,0,0,0,0,0,0,0,9,9,8,8,9,9,0,0,0,0,0,0,0,0,9,9,7,7,9,9,0,0,0,0,0,0,0,0,9,9,7,7,9,9,0,0,0,0,0,0,0,0,9,9,7,7,9,9,0,0,0,0,0,0,0,0,10,10,8,8,10,10,0,0,0,0,0,0,0,0
88,244,756,244,641,115,0,1000,9,9,7,7,9,9,0,0,0,0,0,0,0,0,9,9,8,8,9,9,0,0,0,0,0,0,0,0,9,9,7,7,9,9,0,0,0,0,0,0,0,0,9,9,7,7,9,9,0,0,0,0,0,0,0,0,9,9,7,7,9,9,0,0,0,0,0,0,0,0,10,10,8,8,10,10,0,0,0,0,0,0,0,0
89,381,619,381,520,99,0,1000,9,9,7,7,9,9,80919,1,80919,1,0,0,0,0,9,9,8,8,9,9,80919,1,80919,1,0,0,0,0,9,9,7,7,9,9,80919,1,80919,1,0,0,0,0,9,9,7,7,9,9,80919,1,80919,1,0,0,0,0,9,9,7,7,9,9,80919,1,80919,1,0,0,0,0,10,10,8,8,10,10,80919,1,80919,1,0,0,0,0
90,396,604,396,509,95,0,1000,9,9,7,7,9,9,82467,9,0,0,80291,1,2176,8,9,9,8,8,9,9,82467,9,0,0,80291,1,2176,8,9,9,7,7,9,9,82467,9,0,0,80291,1,2176,8,9,9,7,7,9,9,82467,9,0,0,80291,1,2176,8,9,9,7,7,9,9,82467,9,0,0,80291,1,2176,8,10,10,8,8,10,10,82467,9,0,0,80291,1,2176,8
91,130,870,130,0,870,0,1000,11,12,7,7,11,12,0,0,0,0,0,0,0,0,11,12,8,8,11,12,0,0,0,0,0,0,0,0,11,12,7,7,11,12,0,0,0,0,0,0,0,0,11,12,7,7,11,12,0,0,0,0,0,0,0,0,11,12,7,7,11,12,0,0,0,0,0,0,0,0,11,12,8,8,11,12,0,0,0,0,0,0,0,0
92,519,481,519,0,481,0,1000,11,12,7,7,11,12,0,0,0,0,0,0,0,0,11,12,8,8,11,12,0,0,0,0,0,0,0,0,11,12,7,7,11,12,0,0,0,0,0,0,0,0,11,12,7,7,11,12,0,0,0,0,0,0,0,0,11,12,7,7,11,12,0,0,0,0,0,0,0,0,11,12,8,8,11,12,0,0,0,0,0,0,0,0
93,764,236,764,0,236,0,1000,11,12,7,7,11,12,80695,1,80695,1,0,0,0,0,11,12,8,8,11,12,80695,1,80695,1,0,0,0,0,11,12,7,7,11,12,80695,1,80695,1,0,0,0,0,11,12,7,7,11,12,80695,1,80695,1,0,0,0,0,11,12,7,7,11,12,80695,1,80695,1,0,0,0,0,11,12,8,8,11,12,80695,1,80695,1,0,0,0,0
94,542,458,542,222,236,0,1000,11,12,7,7,11,12,86275,23,0,0,80291,1,5984,22,11,12,8,8,11,12,86275,23,0,0,80291,1,5984,22,11,12,7,7,11,12,86275,23,0,0,80291,1,5984,22,11,12,7,7,11,12,86275,23,0,0,80291,1,5984,22,11,12,7,7,11,12,86275,23,0,0,80291,1,5984,22,11,12,8,8,11,12,86275,23,0,0,80291,1,5984,22
95,870,130,870,0,130,0,1000,11,12,7,7,11,12,0,0,0,0,0,0,0,0,11,12,8,8,11,12,0,0,0,0,0,0,0,0,11,12,7,7,11,12,0,0,0,0,0,0,0,0,11,12,7,7,11,12,0,0,0,0,0,0,0,0,11,12,7,7,11,12,0,0,0,0,0,0,0,0,12,13,8,8,12,13,0,0,0,0,0,0,0,0
96,274,726,274,596,130,0,1000,11,12,7,7,11,12,0,0,0,0,0,0,0,0,11,12,8,8,11,12,0,0,0,0,0,0,0,0,11,12,7,7,11,12,0,0,0,0,0,0,0,0,11,12,7,7,11,12,0,0,0,0,0,0,0,0,11,12,7,7,11,12,0,0,0,0,0,0,0,0,12,13,8,8,12,13,0,0,0,0,0,0,0,0
97,250,750,250,620,130,0,1000,11,12,7,7,11,12,81143,1,81143,1,0,0,0,0,11,12,8,8,11,12,81143,1,81143,1,0,0,0,0,11,12,7,7,11,12,81143,1,81143,1,0,0,0,0,11,12,7,7,11,12,81143,1,81143,1,0,0,0,0,11,12,7,7,11,12,81143,1,81143,1,0,0,0,0,12,13,8,8,12,13,81143,1,81143,1,0,0,0,0
98,440,560,440,459,101,0,1000,11,12,7,7,11,12,83011,11,0,0,80291,1,2720,10,11,12,8,8,11,12,83011,11,0,0,80291,1,2720,10,11,12,7,7,11,12,83011,11,0,0,80291,1,2720,10,11,12,7,7,11,12,83011,11,0,0,80291,1,2720,10,11,12,7,7,11,12,83011,11,0,0,80291,1,2720,10,12,13,8,8,12,13,83011,11,0,0,80291,1,2720,10
99,737,263,737,0,263,0,1000,11,12,7,7,11,12,0,0,0,0,0,0,0,0,11,12,8,8,11,12,0,0,0,0,0,0,0,0,11,12,7,7,11,12,0,0,0,0,0,0,0,0,13,14,7,7,13,14,0,0,0,0,0,0,0,0,11,12,7,7,11,12,0,0,0,0,0,0,0,0,13,14,8,8,13,14,0,0,0,0,0,0,0,0
100,702,298,702,35,263,0,1000,11,12,7,7,11,12,0,0,0,0,0,0,0,0,11,12,8,8,11,12,0,0,0,0,0,0,0,0,11,12,7,7,11,12,0,0,0,0,0,0,0,0,13,14,7,7,13,14,0,0,0,0,0,0,0,0,11,12,7,7,11,12,0,0,0,0,0,0,0,0,13,14,8,8,13,14,0,0,0,0,0,0,0,0
101,56,944,56,681,263,0,1000,11,12,7,7,11,12,242277,3,242277,3,0,0,0,0,11,12,8,8,11,12,242277,3,242277,3,0,0,0,0,11,12,7,7,11,12,242277,3,242277,3,0,0,0,0,13,14,7,7,13,14,242277,3,242277,3,0,0,0,0,11,12,7,7,11,12,242277,3,242277,3,0,0,0,0,13,14,8,8,13,14,242277,3,242277,3,0,0,0,0
102,736,264,736,195,69,0,1000,11,12,7,7,11,12,87635,28,0,0,80291,1,7344,27,11,12,8,8,11,12,87635,28,0,0,80291,1,7344,27,11,12,7,7,11,12,87635,28,0,0,80291,1,7344,27,13,14,7,7,13,14,87635,28,0,0,80291,1,7344,27,11,12,7,7,11,12,87635,28,0,0,80291,1,7344,27,13,14,8,8,13,14,87635,28,0,0,80291,1,7344,27
103,780,220,780,0,220,0,1000,11,12,7,7,11,12,0,0,0,0,0,0,0,0,11,12,8,8,11,12,0,0,0,0,0,0,0,0,11,12,7,7,11,12,0,0,0,0,0,0,0,0,13,14,7,7,13,14,0,0,0,0,0,0,0,0,13,14,7,7,13,14,0,0,0,0,0,0,0,0,13,14,8,8,13,14,0,0,0,0,0,0,0,0
104,594,406,594,186,220,0,1000,11,12,7,7,11,12,0,0,0,0,0,0,0,0,11,12,8,8,11,12,0,0,0,0,0,0,0,0,11,12,7,7,11,12,0,0,0,0,0,0,0,0,13,14,7,7,13,14,0,0,0,0,0,0,0,0,13,14,7,7,13,14,0,0,0,0,0,0,0,0,13,14,8,8,13,14,0,0,0,0,0,0,0,0
105,819,181,819,90,91,0,1000,11,12,7,7,11,12,162605,2,162605,2,0,0,0,0,11,12,8,8,11,12,162605,2,162605,2,0,0,0,0,11,12,7,7,11,12,162605,2,162605,2,0,0,0,0,13,14,7,7,13,14,162605,2,162605,2,0,0,0,0,13,14,7,7,13,14,162605,2,162605,2,0,0,0,0,13,14,8,8,13,14,162605,2,162605,2,0,0,0,0
106,301,699,301,608,91,0,1000,11,12,7,7,11,12,82739,10,0,0,80291,1,2448,9,11,12,8,8,11,12,82739,10,0,0,80291,1,2448,9,11,12,7,7,11,12,82739,10,0,0,80291,1,2448,9,13,14,7,7,13,14,82739,10,0,0,80291,1,2448,9,13,14,7,7,13,14,82739,10,0,0,80291,1,2448,9,13,14,8,8,13,14,82739,10,0,0,80291,1,2448,9
107,593,407,593,0,407,0,1000,11,12,7,7,11,12,0,0,0,0,0,0,0,0,13,14,8,8,13,14,0,0,0,0,0,0,0,0,13,14,7,7,13,14,0,0,0,0,0,0,0,0,13,14,7,7,13,14,0,0,0,0,0,0,0,0,13,14,7,7,13,14,0,0,0,0,0,0,0,0,13,14,8,8,13,14,0,0,0,0,0,0,0,0
108,351,649,351,242,407,0,1000,11,12,7,7,11,12,0,0,0,0,0,0,0,0,13,14,8,8,13,14,0,0,0,0,0,0,0,0,13,14,7,7,13,14,0,0,0,0,0,0,0,0,13,14,7,7,13,14,0,0,0,0,0,0,0,0,13,14,7,7,13,14,0,0,0,0,0,0,0,0,13,14,8,8,13,14,0,0,0,0,0,0,0,0
109,515,485,515,180,305,0,1000,11,12,7,7,11,12,0,0,0,0,0,0,0,0,13,14,8,8,13,14,0,0,0,0,0,0,0,0,13,14,7,7,13,14,0,0,0,0,0,0,0,0,13,14,7,7,13,14,0,0,0,0,0,0,0,0,13,14,7,7,13,14,0,0,0,0,0,0,0,0,13,14,8,8,13,14,0,0,0,0,0,0,0,0
110,670,330,670,121,209,0,1000,11,12,7,7,11,12,6528,24,0,0,0,0,6528,24,13,14,8,8,13,14,6528,24,0,0,0,0,6528,24,13,14,7,7,13,14,6528,24,0,0,0,0,6528,24,13,14,7,7,13,14,6528,24,0,0,0,0,6528,24,13,14,7,7,13,14,6528,24,0,0,0,0,6528,24,13,14,8,8,13,14,6528,24,0,0,0,0,6528,24
111,762,238,762,0,238,0,1000,11,12,7,7,11,12,0,0,0,0,0,0,0,0,13,14,8,8,13,14,0,0,0,0,0,0,0,0,13,14,7,7,13,14,0,0,0,0,0,0,0,0,13,14,7,7,13,14,0,0,0,0,0,0,0,0,14,17,7,7,14,17,0,0,0,0,0,0,0,0,14,17,8,8,14,17,0,0,0,0,0,0,0,0
112,311,689,311,451,238,0,1000,11,12,7,7,11,12,0,0,0,0,0,0,0,0,13,14,8,8,13,14,0,0,0,0,0,0,0,0,13,14,7,7,13,14,0,0,0,0,0,0,0,0,13,14,7,7,13,14,0,0,0,0,0,0,0,0,14,17,7,7,14,17,0,0,0,0,0,0,0,0,14,17,8,8,14,17,0,0,0,0,0,0,0,0
113,443,557,443,359,198,0,1000,11,12,7,7,11,12,162414,2,162414,2,0,0,0,0,13,14,8,8,13,14,162414,2,162414,2,0,0,0,0,13,14,7,7,13,14,162414,2,162414,2,0,0,0,0,13,14,7,7,13,14,162414,2,162414,2,0,0,0,0,14,17,7,7,14,17,162414,2,162414,2,0,0,0,0,14,17,8,8,14,17,162414,2,162414,2,0,0,0,0
114,593,407,593,266,141,0,1000,11,12,7,7,11,12,83827,14,0,0,80291,1,3536,13,13,14,8,8,13,14,83827,14,0,0,80291,1,3536,13,13,14,7,7,13,14,83827,14,0,0,80291,1,3536,13,13,14,7,7,13,14,83827,14,0,0,80291,1,3536,13,14,17,7,7,14,17,83827,14,0,0,80291,1,3536,13,14,17,8,8,14,17,83827,14,0,0,80291,1,3536,13
115,327,673,327,0,673,0,1000,15,18,7,7,15,18,0,0,0,0,0,0,0,0,15,18,8,8,15,18,0,0,0,0,0,0,0,0,15,18,7,7,15,18,0,0,0,0,0,0,0,0,15,18,7,7,15,18,0,0,0,0,0,0,0,0,15,18,7,7,15,18,0,0,0,0,0,0,0,0,15,18,8,8,15,18,0,0,0,0,0,0,0,0
116,593,407,593,0,407,0,1000,15,18,7,7,15,18,0,0,0,0,0,0,0,0,15,18,8,8,15,18,0,0,0,0,0,0,0,0,15,18,7,7,15,18,0,0,0,0,0,0,0,0,15,18,7,7,15,18,0,0,0,0,0,0,0,0,15,18,7,7,15,18,0,0,0,0,0,0,0,0,15,18,8,8,15,18,0,0,0,0,0,0,0,0
117,573,427,573,20,407,0,1000,15,18,7,7,15,18,161710,2,161710,2,0,0,0,0,15,18,8,8,15,18,161710,2,161710,2,0,0,0,0,15,18,7,7,15,18,161710,2,161710,2,0,0,0,0,15,18,7,7,15,18,161710,2,161710,2,0,0,0,0,15,18,7,7,15,18,161710,2,161710,2,0,0,0,0,15,18,8,8,15,18,161710,2,161710,2,0,0,0,0
118,715,285,715,12,273,0,1000,15,18,7,7,15,18,91171,41,0,0,80291,1,10880,40,15,18,8,8,15,18,91171,41,0,0,80291,1,10880,40,15,18,7,7,15,18,91171,41,0,0,80291,1,10880,40,15,18,7,7,15,18,91171,41,0,0,80291,1,10880,40,15,18,7,7,15,18,91171,41,0,0,80291,1,10880,40,15,18,8,8,15,18,91171,41,0,0,80291,1,10880,40
119,444,556,444,0,556,0,1000,16,19,7,7,16,19,0,0,0,0,0,0,0,0,15,18,8,8,15,18,0,0,0,0,0,0,0,0,16,19,7,7,16,19,0,0,0,0,0,0,0,0,16,19,7,7,16,19,0,0,0,0,0,0,0,0,15,18,7,7,15,18,0,0,0,0,0,0,0,0,16,19,8,8,16,19,0,0,0,0,0,0,0,0
120,247,753,247,197,556,0,1000,16,19,7,7,16,19,0,0,0,0,0,0,0,0,15,18,8,8,15,18,0,0,0,0,0,0,0,0,16,19,7,7,16,19,0,0,0,0,0,0,0,0,16,19,7,7,16,19,0,0,0,0,0,0,0,0,15,18,7,7,15,18,0,0,0,0,0,0,0,0,16,19,8,8,16,19,0,0,0,0,0,0,0,0
121,506,494,506,131,363,0,1000,16,19,7,7,16,19,326876,4,326876,4,0,0,0,0,15,18,8,8,15,18,326876,4,326876,4,0,0,0,0,16,19,7,7,16,19,326876,4,326876,4,0,0,0,0,16,19,7,7,16,19,326876,4,326876,4,0,0,0,0,15,18,7,7,15,18,326876,4,326876,4,0,0,0,0,16,19,8,8,16,19,326876,4,326876,4,0,0,0,0
122,96,904,96,541,363,0,1000,16,19,7,7,16,19,90899,40,0,0,80291,1,10608,39,15,18,8,8,15,18,90899,40,0,0,80291,1,10608,39,16,19,7,7,16,19,90899,40,0,0,80291,1,10608,39,16,19,7,7,16,19,90899,40,0,0,80291,1,10608,39,15,18,7,7,15,18,90899,40,0,0,80291,1,10608,39,16,19,8,8,16,19,90899,40,0,0,80291,1,10608,39
123,355,645,355,0,645,0,1000,16,19,7,7,16,19,0,0,0,0,0,0,0,0,17,20,8,8,17,20,0,0,0,0,0,0,0,0,17,20,7,7,17,20,0,0,0,0,0,0,0,0,16,19,7,7,16,19,0,0,0,0,0,0,0,0,15,18,7,7,15,18,0,0,0,0,0,0,0,0,17,20,8,8,17,20,0,0,0,0,0,0,0,0
124,342,658,342,13,645,0,1000,16,19,7,7,16,19,0,0,0,0,0,0,0,0,17,20,8,8,17,20,0,0,0,0,0,0,0,0,17,20,7,7,17,20,0,0,0,0,0,0,0,0,16,19,7,7,16,19,0,0,0,0,0,0,0,0,15,18,7,7,15,18,0,0,0,0,0,0,0,0,17,20,8,8,17,20,0,0,0,0,0,0,0,0
125,104,896,104,251,645,0,1000,16,19,7,7,16,19,245061,3,245061,3,0,0,0,0,17,20,8,8,17,20,245061,3,245061,3,0,0,0,0,17,20,7,7,17,20,245061,3,245061,3,0,0,0,0,16,19,7,7,16,19,245061,3,245061,3,0,0,0,0,15,18,7,7,15,18,245061,3,245061,3,0,0,0,0,17,20,8,8,17,20,245061,3,245061,3,0,0,0,0
126,790,210,790,58,152,0,1000,16,19,7,7,16,19,98243,67,0,0,80291,1,17952,66,17,20,8,8,17,20,98243,67,0,0,80291,1,17952,66,17,20,7,7,17,20,98243,67,0,0,80291,1,17952,66,16,19,7,7,16,19,98243,67,0,0,80291,1,17952,66,15,18,7,7,15,18,98243,67,0,0,80291,1,17952,66,17,20,8,8,17,20,98243,67,0,0,80291,1,17952,66
127,790,210,790,0,210,0,1000,16,19,7,7,16,19,0,0,0,0,0,0,0,0,17,20,8,8,17,20,0,0,0,0,0,0,0,0,17,20,7,7,17,20,0,0,0,0,0,0,0,0,16,19,7,7,16,19,0,0,0,0,0,0,0,0,15,18,7,7,15,18,0,0,0,0,0,0,0,0,17,20,8,8,17,20,0,0,0,0,0,0,0,0
128,536,464,536,254,210,0,1000,16,19,7,7,16,19,0,0,0,0,0,0,0,0,17,20,8,8,17,20,0,0,0,0,0,0,0,0,17,20,7,7,17,20,0,0,0,0,0,0,0,0,16,19,7,7,16,19,0,0,0,0,0,0,0,0,15,18,7,7,15,18,0,0,0,0,0,0,0,0,17,20,8,8,17,20,0,0,0,0,0,0,0,0
129,34,966,34,756,210,0,1000,16,19,7,7,16,19,165102,2,165102,2,0,0,0,0,17,20,8,8,17,20,165102,2,165102,2,0,0,0,0,17,20,7,7,17,20,165102,2,165102,2,0,0,0,0,16,19,7,7,16,19,165102,2,165102,2,0,0,0,0,15,18,7,7,15,18,165102,2,165102,2,0,0,0,0,17,20,8,8,17,20,165102,2,165102,2,0,0,0,0
130,753,247,753,198,49,0,1000,16,19,7,7,16,19,85459,20,0,0,80291,1,5168,19,17,20,8,8,17,20,85459,20,0,0,80291,1,5168,19,17,20,7,7,17,20,85459,20,0,0,80291,1,5168,19,16,19,7,7,16,19,85459,20,0,0,80291,1,5168,19,15,18,7,7,15,18,85459,20,0,0,80291,1,5168,19,17,20,8,8,17,20,85459,20,0,0,80291,1,5168,19
131,403,597,403,0,597,0,1000,18,22,7,7,18,22,0,0,0,0,0,0,0,0,17,20,8,8,17,20,0,0,0,0,0,0,0,0,18,22,7,7,18,22,0,0,0,0,0,0,0,0,18,22,7,7,18,22,0,0,0,0,0,0,0,0,18,22,7,7,18,22,0,0,0,0,0,0,0,0,18,22,8,8,18,22,0,0,0,0,0,0,0,0
132,21,979,21,382,597,0,1000,18,22,7,7,18,22,0,0,0,0,0,0,0,0,17,20,8,8,17,20,0,0,0,0,0,0,0,0,18,22,7,7,18,22,0,0,0,0,0,0,0,0,18,22,7,7,18,22,0,0,0,0,0,0,0,0,18,22,7,7,18,22,0,0,0,0,0,0,0,0,18,22,8,8,18,22,0,0,0,0,0,0,0,0
133,762,238,762,85,153,0,1000,18,22,7,7,18,22,405233,5,405233,5,0,0,0,0,17,20,8,8,17,20,405233,5,405233,5,0,0,0,0,18,22,7,7,18,22,405233,5,405233,5,0,0,0,0,18,22,7,7,18,22,405233,5,405233,5,0,0,0,0,18,22,7,7,18,22,405233,5,405233,5,0,0,0,0,18,22,8,8,18,22,405233,5,405233,5,0,0,0,0
134,483,517,483,364,153,0,1000,18,22,7,7,18,22,83281,12,0,0,80289,1,2992,11,17,20,8,8,17,20,83281,12,0,0,80289,1,2992,11,18,22,7,7,18,22,83281,12,0,0,80289,1,2992,11,18,22,7,7,18,22,83281,12,0,0,80289,1,2992,11,18,22,7,7,18,22,83281,12,0,0,80289,1,2992,11,18,22,8,8,18,22,83281,12,0,0,80289,1,2992,11
135,31,969,31,0,969,0,1000,19,23,7,7,19,23,0,0,0,0,0,0,0,0,19,23,8,8,19,23,0,0,0,0,0,0,0,0,18,22,7,7,18,22,0,0,0,0,0,0,0,0,19,23,7,7,19,23,0,0,0,0,0,0,0,0,19,23,7,7,19,23,0,0,0,0,0,0,0,0,19,23,8,8,19,23,0,0,0,0,0,0,0,0
136,250,750,250,0,750,0,1000,19,23,7,7,19,23,0,0,0,0,0,0,0,0,19,23,8,8,19,23,0,0,0,0,0,0,0,0,18,22,7,7,18,22,0,0,0,0,0,0,0,0,19,23,7,7,19,23,0,0,0,0,0,0,0,0,19,23,7,7,19,23,0,0,0,0,0,0,0,0,19,23,8,8,19,23,0,0,0,0,0,0,0,0
137,187,813,187,63,750,0,1000,19,23,7,7,19,23,242372,3,242372,3,0,0,0,0,19,23,8,8,19,23,242372,3,242372,3,0,0,0,0,18,22,7,7,18,22,242372,3,242372,3,0,0,0,0,19,23,7,7,19,23,242372,3,242372,3,0,0,0,0,19,23,7,7,19,23,242372,3,242372,3,0,0,0,0,19,23,8,8,19,23,242372,3,242372,3,0,0,0,0
138,14,986,14,236,750,0,1000,29,34,29,34,19,23,100962,77,0,0,80290,1,20672,76,29,34,29,34,19,23,100962,77,0,0,80290,1,20672,76,18,22,7,7,18,22,100962,77,0,0,80290,1,20672,76,29,34,29,34,19,23,100962,77,0,0,80290,1,20672,76,29,34,29,34,19,23,100962,77,0,0,80290,1,20672,76,29,34,29,34,19,23,100962,77,0,0,80290,1,20672,76
139,838,162,838,0,162,0,1000,29,34,29,34,19,23,0,0,0,0,0,0,0,0,29,34,29,34,20,24,0,0,0,0,0,0,0,0,18,22,7,7,18,22,0,0,0,0,0,0,0,0,29,34,29,34,19,23,0,0,0,0,0,0,0,0,29,34,29,34,19,23,0,0,0,0,0,0,0,0,29,34,29,34,20,24,0,0,0,0,0,0,0,0
140,440,560,440,398,162,0,1000,29,34,29,34,19,23,0,0,0,0,0,0,0,0,29,34,29,34,20,24,0,0,0,0,0,0,0,0,18,22,7,7,18,22,0,0,0,0,0,0,0,0,29,34,29,34,19,23,0,0,0,0,0,0,0,0,29,34,29,34,19,23,0,0,0,0,0,0,0,0,29,34,29,34,20,24,0,0,0,0,0,0,0,0
141,82,918,82,756,162,0,1000,29,34,29,34,19,23,82871,1,82871,1,0,0,0,0,29,34,29,34,20,24,82871,1,82871,1,0,0,0,0,18,22,7,7,18,22,82871,1,82871,1,0,0,0,0,29,34,29,34,19,23,82871,1,82871,1,0,0,0,0,29,34,29,34,19,23,82871,1,82871,1,0,0,0,0,29,34,29,34,20,24,82871,1,82871,1,0,0,0,0
142,243,757,243,622,135,0,1000,29,34,29,34,19,23,86547,24,0,0,80291,1,6256,23,29,34,29,34,20,24,86547,24,0,0,80291,1,6256,23,18,22,7,7,18,22,86547,24,0,0,80291,1,6256,23,29,34,29,34,19,23,86547,24,0,0,80291,1,6256,23,29,34,29,34,19,23,86547,24,0,0,80291,1,6256,23,29,34,29,34,20,24,86547,24,0,0,80291,1,6256,23
143,809,191,809,0,191,0,1000,29,34,29,34,19,23,0,0,0,0,0,0,0,0,29,34,29,34,20,24,0,0,0,0,0,0,0,0,18,22,7,7,18,22,0,0,0,0,0,0,0,0,29,34,29,34,19,23,0,0,0,0,0,0,0,0,29,34,29,34,19,23,0,0,0,0,0,0,0,0,29,34,29,34,21,25,0,0,0,0,0,0,0,0
144,424,576,424,385,191,0,1000,29,34,29,34,19,23,0,0,0,0,0,0,0,0,29,34,29,34,20,24,0,0,0,0,0,0,0,0,18,22,7,7,18,22,0,0,0,0,0,0,0,0,29,34,29,34,19,23,0,0,0,0,0,0,0,0,29,34,29,34,19,23,0,0,0,0,0,0,0,0,29,34,29,34,21,25,0,0,0,0,0,0,0,0
145,482,518,482,345,173,0,1000,29,34,29,34,19,23,487050,6,487050,6,0,0,0,0,29,34,29,34,20,24,487050,6,487050,6,0,0,0,0,18,22,7,7,18,22,487050,6,487050,6,0,0,0,0,29,34,29,34,19,23,487050,6,487050,6,0,0,0,0,29,34,29,34,19,23,487050,6,487050,6,0,0,0,0,29,34,29,34,21,25,487050,6,487050,6,0,0,0,0
146,875,125,875,90,35,0,1000,29,34,29,34,19,23,84099,15,0,0,80291,1,3808,14,29,34,29,34,20,24,84099,15,0,0,80291,1,3808,14,18,22,7,7,18,22,84099,15,0,0,80291,1,3808,14,29,34,29,34,19,23,84099,15,0,0,80291,1,3808,14,29,34,29,34,19,23,84099,15,0,0,80291,1,3808,14,29,34,29,34,21,25,84099,15,0,0,80291,1,3808,14
147,585,415,585,0,415,0,1000,29,34,29,34,22,26,0,0,0,0,0,0,0,0,29,34,29,34,20,24,0,0,0,0,0,0,0,0,18,22,7,7,18,22,0,0,0,0,0,0,0,0,29,34,29,34,19,23,0,0,0,0,0,0,0,0,29,34,29,34,19,23,0,0,0,0,0,0,0,0,29,34,29,34,22,26,0,0,0,0,0,0,0,0
148,753,247,753,0,247,0,1000,29,34,29,34,22,26,0,0,0,0,0,0,0,0,29,34,29,34,20,24,0,0,0,0,0,0,0,0,18,22,7,7,18,22,0,0,0,0,0,0,0,0,29,34,29,34,19,23,0,0,0,0,0,0,0,0,29,34,29,34,19,23,0,0,0,0,0,0,0,0,29,34,29,34,22,26,0,0,0,0,0,0,0,0
149,716,284,716,37,247,0,1000,29,34,29,34,22,26,161774,2,161774,2,0,0,0,0,29,34,29,34,20,24,161774,2,161774,2,0,0,0,0,18,22,7,7,18,22,161774,2,161774,2,0,0,0,0,29,34,29,34,19,23,161774,2,161774,2,0,0,0,0,29,34,29,34,19,23,161774,2,161774,2,0,0,0,0,29,34,29,34,22,26,161774,2,161774,2,0,0,0,0
150,150,850,150,603,247,0,1000,29,34,29,34,22,26,86819,25,0,0,80291,1,6528,24,29,34,29,34,20,24,86819,25,0,0,80291,1,6528,24,18,22,7,7,18,22,86819,25,0,0,80291,1,6528,24,29,34,29,34,19,23,86819,25,0,0,80291,1,6528,24,29,34,29,34,19,23,86819,25,0,0,80291,1,6528,24,29,34,29,34,22,26,86819,25,0,0,80291,1,6528,24
151,199,801,199,0,801,0,1000,29,34,29,34,22,26,0,0,0,0,0,0,0,0,29,34,29,34,22,26,0,0,0,0,0,0,0,0,22,26,7,7,22,26,0,0,0,0,0,0,0,0,29,34,29,34,22,26,0,0,0,0,0,0,0,0,29,34,29,34,22,26,0,0,0,0,0,0,0,0,29,34,29,34,22,26,0,0,0,0,0,0,0,0
152,316,684,316,0,684,0,1000,29,34,29,34,22,26,0,0,0,0,0,0,0,0,29,34,29,34,22,26,0,0,0,0,0,0,0,0,22,26,7,7,22,26,0,0,0,0,0,0,0,0,29,34,29,34,22,26,0,0,0,0,0,0,0,0,29,34,29,34,22,26,0,0,0,0,0,0,0,0,29,34,29,34,22,26,0,0,0,0,0,0,0,0
153,157,843,157,159,684,0,1000,29,34,29,34,22,26,243620,3,243620,3,0,0,0,0,29,34,29,34,22,26,243620,3,243620,3,0,0,0,0,22,26,7,7,22,26,243620,3,243620,3,0,0,0,0,29,34,29,34,22,26,243620,3,243620,3,0,0,0,0,29,34,29,34,22,26,243620,3,243620,3,0,0,0,0,29,34,29,34,22,26,243620,3,243620,3,0,0,0,0
154,652,348,652,68,280,0,1000,29,34,29,34,22,26,99330,71,0,0,80290,1,19040,70,29,34,29,34,22,26,99330,71,0,0,80290,1,19040,70,22,26,7,7,22,26,99330,71,0,0,80290,1,19040,70,29,34,29,34,22,26,99330,71,0,0,80290,1,19040,70,29,34,29,34,22,26,99330,71,0,0,80290,1,19040,70,29,34,29,34,22,26,99330,71,0,0,80290,1,19040,70
155,210,790,210,0,790,0,1000,29,34,29,34,23,28,0,0,0,0,0,0,0,0,29,34,29,34,23,28,0,0,0,0,0,0,0,0,23,28,7,7,23,28,0,0,0,0,0,0,0,0,29,34,29,34,23,28,0,0,0,0,0,0,0,0,29,34,29,34,23,28,0,0,0,0,0,0,0,0,29,34,29,34,23,28,0,0,0,0,0,0,0,0
156,830,170,830,0,170,0,1000,29,34,29,34,23,28,0,0,0,0,0,0,0,0,29,34,29,34,23,28,0,0,0,0,0,0,0,0,23,28,7,7,23,28,0,0,0,0,0,0,0,0,29,34,29,34,23,28,0,0,0,0,0,0,0,0,29,34,29,34,23,28,0,0,0,0,0,0,0,0,29,34,29,34,23,28,0,0,0,0,0,0,0,0
157,496,504,496,334,170,0,1000,29,34,29,34,23,28,82678,1,82678,1,0,0,0,0,29,34,29,34,23,28,82678,1,82678,1,0,0,0,0,23,28,7,7,23,28,82678,1,82678,1,0,0,0,0,29,34,29,34,23,28,82678,1,82678,1,0,0,0,0,29,34,29,34,23,28,82678,1,82678,1,0,0,0,0,29,34,29,34,23,28,82678,1,82678,1,0,0,0,0
158,848,152,848,96,56,0,1000,29,34,29,34,23,28,82466,9,0,0,80290,1,2176,8,29,34,29,34,23,28,82466,9,0,0,80290,1,2176,8,23,28,7,7,23,28,82466,9,0,0,80290,1,2176,8,29,34,29,34,23,28,82466,9,0,0,80290,1,2176,8,29,34,29,34,23,28,82466,9,0,0,80290,1,2176,8,29,34,29,34,23,28,82466,9,0,0,80290,1,2176,8
159,766,234,766,0,234,0,1000,29,34,29,34,24,29,0,0,0,0,0,0,0,0,29,34,29,34,24,29,0,0,0,0,0,0,0,0,23,28,7,7,23,28,0,0,0,0,0,0,0,0,29,34,29,34,23,28,0,0,0,0,0,0,0,0,29,34,29,34,24,29,0,0,0,0,0,0,0,0,29,34,29,34,24,29,0,0,0,0,0,0,0,0
160,855,145,855,0,145,0,1000,29,34,29,34,24,29,0,0,0,0,0,0,0,0,29,34,29,34,24,29,0,0,0,0,0,0,0,0,23,28,7,7,23,28,0,0,0,0,0,0,0,0,29,34,29,34,23,28,0,0,0,0,0,0,0,0,29,34,29,34,24,29,0,0,0,0,0,0,0,0,29,34,29,34,24,29,0,0,0,0,0,0,0,0
161,235,765,235,620,145,0,1000,29,34,29,34,24,29,0,0,0,0,0,0,0,0,29,34,29,34,24,29,0,0,0,0,0,0,0,0,23,28,7,7,23,28,0,0,0,0,0,0,0,0,29,34,29,34,23,28,0,0,0,0,0,0,0,0,29,34,29,34,24,29,0,0,0,0,0,0,0,0,29,34,29,34,24,29,0,0,0,0,0,0,0,0
162,854,146,854,124,22,0,1000,29,34,29,34,24,29,3264,12,0,0,0,0,3264,12,29,34,29,34,24,29,3264,12,0,0,0,0,3264,12,23,28,7,7,23,28,3264,12,0,0,0,0,3264,12,29,34,29,34,23,28,3264,12,0,0,0,0,3264,12,29,34,29,34,24,29,3264,12,0,0,0,0,3264,12,29,34,29,34,24,29,3264,12,0,0,0,0,3264,12
163,358,642,358,0,642,0,1000,29,34,29,34,25,30,0,0,0,0,0,0,0,0,29,34,29,34,25,30,0,0,0,0,0,0,0,0,25,30,7,7,25,30,0,0,0,0,0,0,0,0,29,34,29,34,25,30,0,0,0,0,0,0,0,0,29,34,29,34,24,29,0,0,0,0,0,0,0,0,29,34,29,34,25,30,0,0,0,0,0,0,0,0
164,350,650,350,8,642,0,1000,29,34,29,34,25,30,0,0,0,0,0,0,0,0,29,34,29,34,25,30,0,0,0,0,0,0,0,0,25,30,7,7,25,30,0,0,0,0,0,0,0,0,29,34,29,34,25,30,0,0,0,0,0,0,0,0,29,34,29,34,24,29,0,0,0,0,0,0,0,0,29,34,29,34,25,30,0,0,0,0,0,0,0,0
165,26,974,26,332,642,0,1000,29,34,29,34,25,30,242469,3,242469,3,0,0,0,0,29,34,29,34,25,30,242469,3,242469,3,0,0,0,0,25,30,7,7,25,30,242469,3,242469,3,0,0,0,0,29,34,29,34,25,30,242469,3,242469,3,0,0,0,0,29,34,29,34,24,29,242469,3,242469,3,0,0,0,0,29,34,29,34,25,30,242469,3,242469,3,0,0,0,0
166,678,322,678,115,207,0,1000,29,34,29,34,25,30,97699,65,0,0,80291,1,17408,64,29,34,29,34,25,30,97699,65,0,0,80291,1,17408,64,25,30,7,7,25,30,97699,65,0,0,80291,1,17408,64,29,34,29,34,25,30,97699,65,0,0,80291,1,17408,64,29,34,29,34,24,29,97699,65,0,0,80291,1,17408,64,29,34,29,34,25,30,97699,65,0,0,80291,1,17408,64
167,366,634,366,0,634,0,1000,29,34,29,34,26,31,0,0,0,0,0,0,0,0,29,34,29,34,25,30,0,0,0,0,0,0,0,0,26,31,7,7,26,31,0,0,0,0,0,0,0,0,29,34,29,34,26,31,0,0,0,0,0,0,0,0,29,34,29,34,26,31,0,0,0,0,0,0,0,0,29,34,29,34,26,31,0,0,0,0,0,0,0,0
168,543,457,543,0,457,0,1000,29,34,29,34,26,31,0,0,0,0,0,0,0,0,29,34,29,34,25,30,0,0,0,0,0,0,0,0,26,31,7,7,26,31,0,0,0,0,0,0,0,0,29,34,29,34,26,31,0,0,0,0,0,0,0,0,29,34,29,34,26,31,0,0,0,0,0,0,0,0,29,34,29,34,26,31,0,0,0,0,0,0,0,0
169,106,894,106,437,457,0,1000,29,34,29,34,26,31,329947,4,329947,4,0,0,0,0,29,34,29,34,25,30,329947,4,329947,4,0,0,0,0,26,31,7,7,26,31,329947,4,329947,4,0,0,0,0,29,34,29,34,26,31,329947,4,329947,4,0,0,0,0,29,34,29,34,26,31,329947,4,329947,4,0,0,0,0,29,34,29,34,26,31,329947,4,329947,4,0,0,0,0
170,569,431,569,228,203,0,1000,29,34,29,34,26,31,92531,46,0,0,80291,1,12240,45,29,34,29,34,25,30,92531,46,0,0,80291,1,12240,45,26,31,7,7,26,31,92531,46,0,0,80291,1,12240,45,29,34,29,34,26,31,92531,46,0,0,80291,1,12240,45,29,34,29,34,26,31,92531,46,0,0,80291,1,12240,45,29,34,29,34,26,31,92531,46,0,0,80291,1,12240,45
171,242,758,242,0,758,0,1000,29,34,29,34,27,32,0,0,0,0,0,0,0,0,29,34,29,34,27,32,0,0,0,0,0,0,0,0,26,31,7,7,26,31,0,0,0,0,0,0,0,0,29,34,29,34,27,32,0,0,0,0,0,0,0,0,29,34,29,34,27,32,0,0,0,0,0,0,0,0,29,34,29,34,27,32,0,0,0,0,0,0,0,0
172,894,106,894,0,106,0,1000,29,34,29,34,27,32,0,0,0,0,0,0,0,0,29,34,29,34,27,32,0,0,0,0,0,0,0,0,26,31,7,7,26,31,0,0,0,0,0,0,0,0,29,34,29,34,27,32,0,0,0,0,0,0,0,0,29,34,29,34,27,32,0,0,0,0,0,0,0,0,29,34,29,34,27,32,0,0,0,0,0,0,0,0
173,667,333,667,227,106,0,1000,29,34,29,34,27,32,81879,1,81879,1,0,0,0,0,29,34,29,34,27,32,81879,1,81879,1,0,0,0,0,26,31,7,7,26,31,81879,1,81879,1,0,0,0,0,29,34,29,34,27,32,81879,1,81879,1,0,0,0,0,29,34,29,34,27,32,81879,1,81879,1,0,0,0,0,29,34,29,34,27,32,81879,1,81879,1,0,0,0,0
174,808,192,808,132,60,0,1000,29,34,29,34,27,32,82739,10,0,0,80291,1,2448,9,29,34,29,34,27,32,82739,10,0,0,80291,1,2448,9,26,31,7,7,26,31,82739,10,0,0,80291,1,2448,9,29,34,29,34,27,32,82739,10,0,0,80291,1,2448,9,29,34,29,34,27,32,82739,10,0,0,80291,1,2448,9,29,34,29,34,27,32,82739,10,0,0,80291,1,2448,9
175,799,201,799,0,201,0,1000,29,34,29,34,27,32,0,0,0,0,0,0,0,0,29,34,29,34,28,33,0,0,0,0,0,0,0,0,28,33,7,7,28,33,0,0,0,0,0,0,0,0,29,34,29,34,27,32,0,0,0,0,0,0,0,0,29,34,29,34,27,32,0,0,0,0,0,0,0,0,29,34,29,34,28,33,0,0,0,0,0,0,0,0
176,198,802,198,601,201,0,1000,29,34,29,34,27,32,0,0,0,0,0,0,0,0,29,34,29,34,28,33,0,0,0,0,0,0,0,0,28,33,7,7,28,33,0,0,0,0,0,0,0,0,29,34,29,34,27,32,0,0,0,0,0,0,0,0,29,34,29,34,27,32,0,0,0,0,0,0,0,0,29,34,29,34,28,33,0,0,0,0,0,0,0,0
177,380,620,380,462,158,0,1000,29,34,29,34,27,32,80727,1,80727,1,0,0,0,0,29,34,29,34,28,33,80727,1,80727,1,0,0,0,0,28,33,7,7,28,33,80727,1,80727,1,0,0,0,0,29,34,29,34,27,32,80727,1,80727,1,0,0,0,0,29,34,29,34,27,32,80727,1,80727,1,0,0,0,0,29,34,29,34,28,33,80727,1,80727,1,0,0,0,0
178,37,963,37,805,158,0,1000,29,34,29,34,27,32,84915,18,0,0,80291,1,4624,17,29,34,29,34,28,33,84915,18,0,0,80291,1,4624,17,28,33,7,7,28,33,84915,18,0,0,80291,1,4624,17,29,34,29,34,27,32,84915,18,0,0,80291,1,4624,17,29,34,29,34,27,32,84915,18,0,0,80291,1,4624,17,29,34,29,34,28,33,84915,18,0,0,80291,1,4624,17
179,870,130,870,0,130,0,1000,29,34,29,34,27,32,0,0,0,0,0,0,0,0,29,34,29,34,29,34,0,0,0,0,0,0,0,0,28,33,7,7,28,33,0,0,0,0,0,0,0,0,29,34,29,34,27,32,0,0,0,0,0,0,0,0,29,34,29,34,29,34,0,0,0,0,0,0,0,0,29,34,29,34,29,34,0,0,0,0,0,0,0,0
180,663,337,663,207,130,0,1000,29,34,29,34,27,32,0,0,0,0,0,0,0,0,29,34,29,34,29,34,0,0,0,0,0,0,0,0,28,33,7,7,28,33,0,0,0,0,0,0,0,0,29,34,29,34,27,32,0,0,0,0,0,0,0,0,29,34,29,34,29,34,0,0,0,0,0,0,0,0,29,34,29,34,29,34,0,0,0,0,0,0,0,0
181,803,197,803,124,73,0,1000,29,34,29,34,27,32,80983,1,80983,1,0,0,0,0,29,34,29,34,29,34,80983,1,80983,1,0,0,0,0,28,33,7,7,28,33,80983,1,80983,1,0,0,0,0,29,34,29,34,27,32,80983,1,80983,1,0,0,0,0,29,34,29,34,29,34,80983,1,80983,1,0,0,0,0,29,34,29,34,29,34,80983,1,80983,1,0,0,0,0
182,782,218,782,145,73,0,1000,29,34,29,34,27,32,83827,14,0,0,80291,1,3536,13,29,34,29,34,29,34,83827,14,0,0,80291,1,3536,13,28,33,7,7,28,33,83827,14,0,0,80291,1,3536,13,29,34,29,34,27,32,83827,14,0,0,80291,1,3536,13,29,34,29,34,29,34,83827,14,0,0,80291,1,3536,13,29,34,29,34,29,34,83827,14,0,0,80291,1,3536,13
183,258,742,258,0,742,0,1000,30,35,29,34,30,35,0,0,0,0,0,0,0,0,30,35,29,34,30,35,0,0,0,0,0,0,0,0,30,35,7,7,30,35,0,0,0,0,0,0,0,0,30,35,29,34,30,35,0,0,0,0,0,0,0,0,29,34,29,34,29,34,0,0,0,0,0,0,0,0,30,35,29,34,30,35,0,0,0,0,0,0,0,0
184,529,471,529,0,471,0,1000,30,35,29,34,30,35,0,0,0,0,0,0,0,0,30,35,29,34,30,35,0,0,0,0,0,0,0,0,30,35,7,7,30,35,0,0,0,0,0,0,0,0,30,35,29,34,30,35,0,0,0,0,0,0,0,0,29,34,29,34,29,34,0,0,0,0,0,0,0,0,30,35,29,34,30,35,0,0,0,0,0,0,0,0
185,895,105,895,0,105,0,1000,30,35,29,34,30,35,323420,4,323420,4,0,0,0,0,30,35,29,34,30,35,323420,4,323420,4,0,0,0,0,30,35,7,7,30,35,323420,4,323420,4,0,0,0,0,30,35,29,34,30,35,323420,4,323420,4,0,0,0,0,29,34,29,34,29,34,323420,4,323420,4,0,0,0,0,30,35,29,34,30,35,323420,4,323420,4,0,0,0,0
186,217,783,217,678,105,0,1000,30,35,29,34,30,35,83827,14,0,0,80291,1,3536,13,30,35,29,34,30,35,83827,14,0,0,80291,1,3536,13,30,35,7,7,30,35,83827,14,0,0,80291,1,3536,13,30,35,29,34,30,35,83827,14,0,0,80291,1,3536,13,29,34,29,34,29,34,83827,14,0,0,80291,1,3536,13,30,35,29,34,30,35,83827,14,0,0,80291,1,3536,13
187,657,343,657,0,343,0,1000,31,36,29,34,31,36,0,0,0,0,0,0,0,0,31,36,29,34,31,36,0,0,0,0,0,0,0,0,30,35,7,7,30,35,0,0,0,0,0,0,0,0,31,36,29,34,31,36,0,0,0,0,0,0,0,0,29,34,29,34,29,34,0,0,0,0,0,0,0,0,31,36,29,34,31,36,0,0,0,0,0,0,0,0
188,869,131,869,0,131,0,1000,31,36,29,34,31,36,0,0,0,0,0,0,0,0,31,36,29,34,31,36,0,0,0,0,0,0,0,0,30,35,7,7,30,35,0,0,0,0,0,0,0,0,31,36,29,34,31,36,0,0,0,0,0,0,0,0,29,34,29,34,29,34,0,0,0,0,0,0,0,0,31,36,29,34,31,36,0,0,0,0,0,0,0,0
189,506,494,506,363,131,0,1000,31,36,29,34,31,36,161710,2,161710,2,0,0,0,0,31,36,29,34,31,36,161710,2,161710,2,0,0,0,0,30,35,7,7,30,35,161710,2,161710,2,0,0,0,0,31,36,29,34,31,36,161710,2,161710,2,0,0,0,0,29,34,29,34,29,34,161710,2,161710,2,0,0,0,0,31,36,29,34,31,36,161710,2,161710,2,0,0,0,0
190,304,696,304,565,131,0,1000,31,36,29,34,31,36,85459,20,0,0,80291,1,5168,19,31,36,29,34,31,36,85459,20,0,0,80291,1,5168,19,30,35,7,7,30,35,85459,20,0,0,80291,1,5168,19,31,36,29,34,31,36,85459,20,0,0,80291,1,5168,19,29,34,29,34,29,34,85459,20,0,0,80291,1,5168,19,31,36,29,34,31,36,85459,20,0,0,80291,1,5168,19
191,151,849,151,0,849,0,1000,32,37,29,34,32,37,0,0,0,0,0,0,0,0,32,37,29,34,32,37,0,0,0,0,0,0,0,0,32,37,7,7,32,37,0,0,0,0,0,0,0,0,32,37,29,34,32,37,0,0,0,0,0,0,0,0,32,37,29,34,32,37,0,0,0,0,0,0,0,0,32,37,29,34,32,37,0,0,0,0,0,0,0,0
192,788,212,788,0,212,0,1000,32,37,29,34,32,37,0,0,0,0,0,0,0,0,32,37,29,34,32,37,0,0,0,0,0,0,0,0,32,37,7,7,32,37,0,0,0,0,0,0,0,0,32,37,29,34,32,37,0,0,0,0,0,0,0,0,32,37,29,34,32,37,0,0,0,0,0,0,0,0,32,37,29,34,32,37,0,0,0,0,0,0,0,0
193,605,395,605,183,212,0,1000,32,37,29,34,32,37,81047,1,81047,1,0,0,0,0,32,37,29,34,32,37,81047,1,81047,1,0,0,0,0,32,37,7,7,32,37,81047,1,81047,1,0,0,0,0,32,37,29,34,32,37,81047,1,81047,1,0,0,0,0,32,37,29,34,32,37,81047,1,81047,1,0,0,0,0,32,37,29,34,32,37,81047,1,81047,1,0,0,0,0
194,435,565,435,353,212,0,1000,32,37,29,34,32,37,86003,22,0,0,80291,1,5712,21,32,37,29,34,32,37,86003,22,0,0,80291,1,5712,21,32,37,7,7,32,37,86003,22,0,0,80291,1,5712,21,32,37,29,34,32,37,86003,22,0,0,80291,1,5712,21,32,37,29,34,32,37,86003,22,0,0,80291,1,5712,21,32,37,29,34,32,37,86003,22,0,0,80291,1,5712,21
195,867,133,867,0,133,0,1000,32,37,29,34,32,37,0,0,0,0,0,0,0,0,32,37,29,34,32,37,0,0,0,0,0,0,0,0,32,37,7,7,32,37,0,0,0,0,0,0,0,0,32,37,29,34,32,37,0,0,0,0,0,0,0,0,32,37,29,34,32,37,0,0,0,0,0,0,0,0,33,38,29,34,33,38,0,0,0,0,0,0,0,0
196,274,726,274,593,133,0,1000,32,37,29,34,32,37,0,0,0,0,0,0,0,0,32,37,29,34,32,37,0,0,0,0,0,0,0,0,32,37,7,7,32,37,0,0,0,0,0,0,0,0,32,37,29,34,32,37,0,0,0,0,0,0,0,0,32,37,29,34,32,37,0,0,0,0,0,0,0,0,33,38,29,34,33,38,0,0,0,0,0,0,0,0
197,194,806,194,673,133,0,1000,32,37,29,34,32,37,0,0,0,0,0,0,0,0,32,37,29,34,32,37,0,0,0,0,0,0,0,0,32,37,7,7,32,37,0,0,0,0,0,0,0,0,32,37,29,34,32,37,0,0,0,0,0,0,0,0,32,37,29,34,32,37,0,0,0,0,0,0,0,0,33,38,29,34,33,38,0,0,0,0,0,0,0,0
198,395,605,395,500,105,0,1000,32,37,29,34,32,37,2176,8,0,0,0,0,2176,8,32,37,29,34,32,37,2176,8,0,0,0,0,2176,8,32,37,7,7,32,37,2176,8,0,0,0,0,2176,8,32,37,29,34,32,37,2176,8,0,0,0,0,2176,8,32,37,29,34,32,37,2176,8,0,0,0,0,2176,8,33,38,29,34,33,38,2176,8,0,0,0,0,2176,8
199,893,107,893,0,107,0,1000,32,37,29,34,32,37,0,0,0,0,0,0,0,0,32,37,29,34,32,37,0,0,0,0,0,0,0,0,32,37,7,7,32,37,0,0,0,0,0,0,0,0,32,37,29,34,32,37,0,0,0,0,0,0,0,0,32,37,29,34,32,37,0,0,0,0,0,0,0,0,34,39,29,34,34,39,0,0,0,0,0,0,0,0
200,828,172,828,65,107,0,1000,32,37,29,34,32,37,0,0,0,0,0,0,0,0,32,37,29,34,32,37,0,0,0,0,0,0,0,0,32,37,7,7,32,37,0,0,0,0,0,0,0,0,32,37,29,34,32,37,0,0,0,0,0,0,0,0,32,37,29,34,32,37,0,0,0,0,0,0,0,0,34,39,29,34,34,39,0,0,0,0,0,0,0,0
201,655,345,655,238,107,0,1000,32,37,29,34,32,37,0,0,0,0,0,0,0,0,32,37,29,34,32,37,0,0,0,0,0,0,0,0,32,37,7,7,32,37,0,0,0,0,0,0,0,0,32,37,29,34,32,37,0,0,0,0,0,0,0,0,32,37,29,34,32,37,0,0,0,0,0,0,0,0,34,39,29,34,34,39,0,0,0,0,0,0,0,0
202,565,435,565,328,107,0,1000,32,37,29,34,32,37,3808,14,0,0,0,0,3808,14,32,37,29,34,32,37,3808,14,0,0,0,0,3808,14,32,37,7,7,32,37,3808,14,0,0,0,0,3808,14,32,37,29,34,32,37,3808,14,0,0,0,0,3808,14,32,37,29,34,32,37,3808,14,0,0,0,0,3808,14,34,39,29,34,34,39,3808,14,0,0,0,0,3808,14
203,894,106,894,0,106,0,1000,32,37,29,34,32,37,0,0,0,0,0,0,0,0,32,37,29,34,32,37,0,0,0,0,0,0,0,0,32,37,7,7,32,37,0,0,0,0,0,0,0,0,32,37,29,34,32,37,0,0,0,0,0,0,0,0,32,37,29,34,32,37,0,0,0,0,0,0,0,0,34,39,29,34,34,39,0,0,0,0,0,0,0,0
204,710,290,710,184,106,0,1000,32,37,29,34,32,37,0,0,0,0,0,0,0,0,32,37,29,34,32,37,0,0,0,0,0,0,0,0,32,37,7,7,32,37,0,0,0,0,0,0,0,0,32,37,29,34,32,37,0,0,0,0,0,0,0,0,32,37,29,34,32,37,0,0,0,0,0,0,0,0,34,39,29,34,34,39,0,0,0,0,0,0,0,0
205,791,209,791,135,74,0,1000,32,37,29,34,32,37,0,0,0,0,0,0,0,0,32,37,29,34,32,37,0,0,0,0,0,0,0,0,32,37,7,7,32,37,0,0,0,0,0,0,0,0,32,37,29,34,32,37,0,0,0,0,0,0,0,0,32,37,29,34,32,37,0,0,0,0,0,0,0,0,34,39,29,34,34,39,0,0,0,0,0,0,0,0
206,186,814,186,740,74,0,1000,32,37,29,34,32,37,2176,8,0,0,0,0,2176,8,32,37,29,34,32,37,2176,8,0,0,0,0,2176,8,32,37,7,7,32,37,2176,8,0,0,0,0,2176,8,32,37,29,34,32,37,2176,8,0,0,0,0,2176,8,32,37,29,34,32,37,2176,8,0,0,0,0,2176,8,34,39,29,34,34,39,2176,8,0,0,0,0,2176,8
207,500,500,500,0,500,0,1000,35,41,29,34,35,41,0,0,0,0,0,0,0,0,32,37,29,34,32,37,0,0,0,0,0,0,0,0,32,37,7,7,32,37,0,0,0,0,0,0,0,0,32,37,29,34,32,37,0,0,0,0,0,0,0,0,35,41,29,34,35,41,0,0,0,0,0,0,0,0,35,41,29,34,35,41,0,0,0,0,0,0,0,0
208,675,325,675,0,325,0,1000,35,41,29,34,35,41,0,0,0,0,0,0,0,0,32,37,29,34,32,37,0,0,0,0,0,0,0,0,32,37,7,7,32,37,0,0,0,0,0,0,0,0,32,37,29,34,32,37,0,0,0,0,0,0,0,0,35,41,29,34,35,41,0,0,0,0,0,0,0,0,35,41,29,34,35,41,0,0,0,0,0,0,0,0
209,244,756,244,431,325,0,1000,35,41,29,34,35,41,161390,2,161390,2,0,0,0,0,32,37,29,34,32,37,161390,2,161390,2,0,0,0,0,32,37,7,7,32,37,161390,2,161390,2,0,0,0,0,32,37,29,34,32,37,161390,2,161390,2,0,0,0,0,35,41,29,34,35,41,161390,2,161390,2,0,0,0,0,35,41,29,34,35,41,161390,2,161390,2,0,0,0,0
210,358,642,358,369,273,0,1000,35,41,29,34,35,41,90627,39,0,0,80291,1,10336,38,32,37,29,34,32,37,90627,39,0,0,80291,1,10336,38,32,37,7,7,32,37,90627,39,0,0,80291,1,10336,38,32,37,29,34,32,37,90627,39,0,0,80291,1,10336,38,35,41,29,34,35,41,90627,39,0,0,80291,1,10336,38,35,41,29,34,35,41,90627,39,0,0,80291,1,10336,38
211,629,371,629,0,371,0,1000,36,42,29,34,36,42,0,0,0,0,0,0,0,0,32,37,29,34,32,37,0,0,0,0,0,0,0,0,32,37,7,7,32,37,0,0,0,0,0,0,0,0,32,37,29,34,32,37,0,0,0,0,0,0,0,0,35,41,29,34,35,41,0,0,0,0,0,0,0,0,36,42,29,34,36,42,0,0,0,0,0,0,0,0
212,626,374,626,3,371,0,1000,36,42,29,34,36,42,0,0,0,0,0,0,0,0,32,37,29,34,32,37,0,0,0,0,0,0,0,0,32,37,7,7,32,37,0,0,0,0,0,0,0,0,32,37,29,34,32,37,0,0,0,0,0,0,0,0,35,41,29,34,35,41,0,0,0,0,0,0,0,0,36,42,29,34,36,42,0,0,0,0,0,0,0,0
213,402,598,402,227,371,0,1000,36,42,29,34,36,42,163310,2,163310,2,0,0,0,0,32,37,29,34,32,37,163310,2,163310,2,0,0,0,0,32,37,7,7,32,37,163310,2,163310,2,0,0,0,0,32,37,29,34,32,37,163310,2,163310,2,0,0,0,0,35,41,29,34,35,41,163310,2,163310,2,0,0,0,0,36,42,29,34,36,42,163310,2,163310,2,0,0,0,0
214,536,464,536,178,286,0,1000,36,42,29,34,36,42,93347,49,0,0,80291,1,13056,48,32,37,29,34,32,37,93347,49,0,0,80291,1,13056,48,32,37,7,7,32,37,93347,49,0,0,80291,1,13056,48,32,37,29,34,32,37,93347,49,0,0,80291,1,13056,48,35,41,29,34,35,41,93347,49,0,0,80291,1,13056,48,36,42,29,34,36,42,93347,49,0,0,80291,1,13056,48
215,10,990,10,0,990,0,1000,37,43,29,34,37,43,0,0,0,0,0,0,0,0,37,43,29,34,37,43,0,0,0,0,0,0,0,0,37,43,7,7,37,43,0,0,0,0,0,0,0,0,37,43,29,34,37,43,0,0,0,0,0,0,0,0,37,43,29,34,37,43,0,0,0,0,0,0,0,0,37,43,29,34,37,43,0,0,0,0,0,0,0,0
216,565,435,565,0,435,0,1000,37,43,29,34,37,43,0,0,0,0,0,0,0,0,37,43,29,34,37,43,0,0,0,0,0,0,0,0,37,43,7,7,37,43,0,0,0,0,0,0,0,0,37,43,29,34,37,43,0,0,0,0,0,0,0,0,37,43,29,34,37,43,0,0,0,0,0,0,0,0,37,43,29,34,37,43,0,0,0,0,0,0,0,0
217,382,618,382,183,435,0,1000,37,43,29,34,37,43,81975,1,81975,1,0,0,0,0,37,43,29,34,37,43,81975,1,81975,1,0,0,0,0,37,43,7,7,37,43,81975,1,81975,1,0,0,0,0,37,43,29,34,37,43,81975,1,81975,1,0,0,0,0,37,43,29,34,37,43,81975,1,81975,1,0,0,0,0,37,43,29,34,37,43,81975,1,81975,1,0,0,0,0
218,522,478,522,145,333,0,1000,37,43,29,34,37,43,89811,36,0,0,80291,1,9520,35,37,43,29,34,37,43,89811,36,0,0,80291,1,9520,35,37,43,7,7,37,43,89811,36,0,0,80291,1,9520,35,37,43,29,34,37,43,89811,36,0,0,80291,1,9520,35,37,43,29,34,37,43,89811,36,0,0,80291,1,9520,35,37,43,29,34,37,43,89811,36,0,0,80291,1,9520,35
219,431,569,431,0,569,0,1000,38,44,29,34,38,44,0,0,0,0,0,0,0,0,37,43,29,34,37,43,0,0,0,0,0,0,0,0,37,43,7,7,37,43,0,0,0,0,0,0,0,0,37,43,29,34,37,43,0,0,0,0,0,0,0,0,38,44,29,34,38,44,0,0,0,0,0,0,0,0,38,44,29,34,38,44,0,0,0,0,0,0,0,0
220,172,828,172,259,569,0,1000,38,44,29,34,38,44,0,0,0,0,0,0,0,0,37,43,29,34,37,43,0,0,0,0,0,0,0,0,37,43,7,7,37,43,0,0,0,0,0,0,0,0,37,43,29,34,37,43,0,0,0,0,0,0,0,0,38,44,29,34,38,44,0,0,0,0,0,0,0,0,38,44,29,34,38,44,0,0,0,0,0,0,0,0
221,714,286,714,94,192,0,1000,38,44,29,34,38,44,244677,3,244677,3,0,0,0,0,37,43,29,34,37,43,244677,3,244677,3,0,0,0,0,37,43,7,7,37,43,244677,3,244677,3,0,0,0,0,37,43,29,34,37,43,244677,3,244677,3,0,0,0,0,38,44,29,34,38,44,244677,3,244677,3,0,0,0,0,38,44,29,34,38,44,244677,3,244677,3,0,0,0,0
222,499,501,499,309,192,0,1000,38,44,29,34,38,44,86275,23,0,0,80291,1,5984,22,37,43,29,34,37,43,86275,23,0,0,80291,1,5984,22,37,43,7,7,37,43,86275,23,0,0,80291,1,5984,22,37,43,29,34,37,43,86275,23,0,0,80291,1,5984,22,38,44,29,34,38,44,86275,23,0,0,80291,1,5984,22,38,44,29,34,38,44,86275,23,0,0,80291,1,5984,22
223,585,415,585,0,415,0,1000,38,44,29,34,38,44,0,0,0,0,0,0,0,0,39,45,29,34,39,45,0,0,0,0,0,0,0,0,37,43,7,7,37,43,0,0,0,0,0,0,0,0,39,45,29,34,39,45,0,0,0,0,0,0,0,0,39,45,29,34,39,45,0,0,0,0,0,0,0,0,39,45,29,34,39,45,0,0,0,0,0,0,0,0
224,146,854,146,439,415,0,1000,38,44,29,34,38,44,0,0,0,0,0,0,0,0,39,45,29,34,39,45,0,0,0,0,0,0,0,0,37,43,7,7,37,43,0,0,0,0,0,0,0,0,39,45,29,34,39,45,0,0,0,0,0,0,0,0,39,45,29,34,39,45,0,0,0,0,0,0,0,0,39,45,29,34,39,45,0,0,0,0,0,0,0,0
225,339,661,339,332,329,0,1000,38,44,29,34,38,44,243429,3,243429,3,0,0,0,0,39,45,29,34,39,45,243429,3,243429,3,0,0,0,0,37,43,7,7,37,43,243429,3,243429,3,0,0,0,0,39,45,29,34,39,45,243429,3,243429,3,0,0,0,0,39,45,29,34,39,45,243429,3,243429,3,0,0,0,0,39,45,29,34,39,45,243429,3,243429,3,0,0,0,0
226,558,442,558,229,213,0,1000,38,44,29,34,38,44,90355,38,0,0,80291,1,10064,37,39,45,29,34,39,45,90355,38,0,0,80291,1,10064,37,37,43,7,7,37,43,90355,38,0,0,80291,1,10064,37,39,45,29,34,39,45,90355,38,0,0,80291,1,10064,37,39,45,29,34,39,45,90355,38,0,0,80291,1,10064,37,39,45,29,34,39,45,90355,38,0,0,80291,1,10064,37
227,658,342,658,0,342,0,1000,38,44,29,34,38,44,0,0,0,0,0,0,0,0,39,45,29,34,39,45,0,0,0,0,0,0,0,0,37,43,7,7,37,43,0,0,0,0,0,0,0,0,39,45,29,34,39,45,0,0,0,0,0,0,0,0,39,45,29,34,39,45,0,0,0,0,0,0,0,0,40,46,29,34,40,46,0,0,0,0,0,0,0,0
228,777,223,777,0,223,0,1000,38,44,29,34,38,44,0,0,0,0,0,0,0,0,39,45,29,34,39,45,0,0,0,0,0,0,0,0,37,43,7,7,37,43,0,0,0,0,0,0,0,0,39,45,29,34,39,45,0,0,0,0,0,0,0,0,39,45,29,34,39,45,0,0,0,0,0,0,0,0,40,46,29,34,40,46,0,0,0,0,0,0,0,0
229,872,128,872,0,128,0,1000,38,44,29,34,38,44,0,0,0,0,0,0,0,0,39,45,29,34,39,45,0,0,0,0,0,0,0,0,37,43,7,7,37,43,0,0,0,0,0,0,0,0,39,45,29,34,39,45,0,0,0,0,0,0,0,0,39,45,29,34,39,45,0,0,0,0,0,0,0,0,40,46,29,34,40,46,0,0,0,0,0,0,0,0
230,834,166,834,38,128,0,1000,38,44,29,34,38,44,3536,13,0,0,0,0,3536,13,39,45,29,34,39,45,3536,13,0,0,0,0,3536,13,37,43,7,7,37,43,3536,13,0,0,0,0,3536,13,39,45,29,34,39,45,3536,13,0,0,0,0,3536,13,39,45,29,34,39,45,3536,13,0,0,0,0,3536,13,40,46,29,34,40,46,3536,13,0,0,0,0,3536,13
231,816,184,816,0,184,0,1000,41,47,29,34,41,47,0,0,0,0,0,0,0,0,39,45,29,34,39,45,0,0,0,0,0,0,0,0,41,47,7,7,41,47,0,0,0,0,0,0,0,0,39,45,29,34,39,45,0,0,0,0,0,0,0,0,39,45,29,34,39,45,0,0,0,0,0,0,0,0,41,47,29,34,41,47,0,0,0,0,0,0,0,0
232,629,371,629,187,184,0,1000,41,47,29,34,41,47,0,0,0,0,0,0,0,0,39,45,29,34,39,45,0,0,0,0,0,0,0,0,41,47,7,7,41,47,0,0,0,0,0,0,0,0,39,45,29,34,39,45,0,0,0,0,0,0,0,0,39,45,29,34,39,45,0,0,0,0,0,0,0,0,41,47,29,34,41,47,0,0,0,0,0,0,0,0
233,226,774,226,590,184,0,1000,41,47,29,34,41,47,161708,2,161708,2,0,0,0,0,39,45,29,34,39,45,161708,2,161708,2,0,0,0,0,41,47,7,7,41,47,161708,2,161708,2,0,0,0,0,39,45,29,34,39,45,161708,2,161708,2,0,0,0,0,39,45,29,34,39,45,161708,2,161708,2,0,0,0,0,41,47,29,34,41,47,161708,2,161708,2,0,0,0,0
234,506,494,506,370,124,0,1000,41,47,29,34,41,47,86001,22,0,0,80289,1,5712,21,39,45,29,34,39,45,86001,22,0,0,80289,1,5712,21,41,47,7,7,41,47,86001,22,0,0,80289,1,5712,21,39,45,29,34,39,45,86001,22,0,0,80289,1,5712,21,39,45,29,34,39,45,86001,22,0,0,80289,1,5712,21,41,47,29,34,41,47,86001,22,0,0,80289,1,5712,21
235,402,598,402,0,598,0,1000,42,48,29,34,42,48,0,0,0,0,0,0,0,0,39,45,29,34,39,45,0,0,0,0,0,0,0,0,42,48,7,7,42,48,0,0,0,0,0,0,0,0,42,48,29,34,42,48,0,0,0,0,0,0,0,0,39,45,29,34,39,45,0,0,0,0,0,0,0,0,42,48,29,34,42,48,0,0,0,0,0,0,0,0
236,876,124,876,0,124,0,1000,42,48,29,34,42,48,0,0,0,0,0,0,0,0,39,45,29,34,39,45,0,0,0,0,0,0,0,0,42,48,7,7,42,48,0,0,0,0,0,0,0,0,42,48,29,34,42,48,0,0,0,0,0,0,0,0,39,45,29,34,39,45,0,0,0,0,0,0,0,0,42,48,29,34,42,48,0,0,0,0,0,0,0,0
237,14,986,14,862,124,0,1000,42,48,29,34,42,48,0,0,0,0,0,0,0,0,39,45,29,34,39,45,0,0,0,0,0,0,0,0,42,48,7,7,42,48,0,0,0,0,0,0,0,0,42,48,29,34,42,48,0,0,0,0,0,0,0,0,39,45,29,34,39,45,0,0,0,0,0,0,0,0,42,48,29,34,42,48,0,0,0,0,0,0,0,0
238,266,734,266,644,90,0,1000,42,48,29,34,42,48,3536,13,0,0,0,0,3536,13,39,45,29,34,39,45,3536,13,0,0,0,0,3536,13,42,48,7,7,42,48,3536,13,0,0,0,0,3536,13,42,48,29,34,42,48,3536,13,0,0,0,0,3536,13,39,45,29,34,39,45,3536,13,0,0,0,0,3536,13,42,48,29,34,42,48,3536,13,0,0,0,0,3536,13
239,375,625,375,0,625,0,1000,42,48,29,34,42,48,0,0,0,0,0,0,0,0,39,45,29,34,39,45,0,0,0,0,0,0,0,0,42,48,7,7,42,48,0,0,0,0,0,0,0,0,42,48,29,34,42,48,0,0,0,0,0,0,0,0,42,48,29,34,42,48,0,0,0,0,0,0,0,0,42,48,29,34,42,48,0,0,0,0,0,0,0,0
240,644,356,644,0,356,0,1000,42,48,29,34,42,48,0,0,0,0,0,0,0,0,39,45,29,34,39,45,0,0,0,0,0,0,0,0,42,48,7,7,42,48,0,0,0,0,0,0,0,0,42,48,29,34,42,48,0,0,0,0,0,0,0,0,42,48,29,34,42,48,0,0,0,0,0,0,0,0,42,48,29,34,42,48,0,0,0,0,0,0,0,0
241,603,397,603,41,356,0,1000,42,48,29,34,42,48,323420,4,323420,4,0,0,0,0,39,45,29,34,39,45,323420,4,323420,4,0,0,0,0,42,48,7,7,42,48,323420,4,323420,4,0,0,0,0,42,48,29,34,42,48,323420,4,323420,4,0,0,0,0,42,48,29,34,42,48,323420,4,323420,4,0,0,0,0,42,48,29,34,42,48,323420,4,323420,4,0,0,0,0
242,536,464,536,108,356,0,1000,42,48,29,34,42,48,91987,44,0,0,80291,1,11696,43,39,45,29,34,39,45,91987,44,0,0,80291,1,11696,43,42,48,7,7,42,48,91987,44,0,0,80291,1,11696,43,42,48,29,34,42,48,91987,44,0,0,80291,1,11696,43,42,48,29,34,42,48,91987,44,0,0,80291,1,11696,43,42,48,29,34,42,48,91987,44,0,0,80291,1,11696,43
243,754,246,754,0,246,0,1000,42,48,29,34,42,48,0,0,0,0,0,0,0,0,42,48,29,34,42,48,0,0,0,0,0,0,0,0,42,48,7,7,42,48,0,0,0,0,0,0,0,0,42,48,29,34,42,48,0,0,0,0,0,0,0,0,42,48,29,34,42,48,0,0,0,0,0,0,0,0,42,48,29,34,42,48,0,0,0,0,0,0,0,0
244,676,324,676,78,246,0,1000,42,48,29,34,42,48,0,0,0,0,0,0,0,0,42,48,29,34,42,48,0,0,0,0,0,0,0,0,42,48,7,7,42,48,0,0,0,0,0,0,0,0,42,48,29,34,42,48,0,0,0,0,0,0,0,0,42,48,29,34,42,48,0,0,0,0,0,0,0,0,42,48,29,34,42,48,0,0,0,0,0,0,0,0
245,139,861,139,615,246,0,1000,42,48,29,34,42,48,163630,2,163630,2,0,0,0,0,42,48,29,34,42,48,163630,2,163630,2,0,0,0,0,42,48,7,7,42,48,163630,2,163630,2,0,0,0,0,42,48,29,34,42,48,163630,2,163630,2,0,0,0,0,42,48,29,34,42,48,163630,2,163630,2,0,0,0,0,42,48,29,34,42,48,163630,2,163630,2,0,0,0,0
246,683,317,683,208,109,0,1000,42,48,29,34,42,48,85731,21,0,0,80291,1,5440,20,42,48,29,34,42,48,85731,21,0,0,80291,1,5440,20,42,48,7,7,42,48,85731,21,0,0,80291,1,5440,20,42,48,29,34,42,48,85731,21,0,0,80291,1,5440,20,42,48,29,34,42,48,85731,21,0,0,80291,1,5440,20,42,48,29,34,42,48,85731,21,0,0,80291,1,5440,20
247,543,457,543,0,457,0,1000,42,48,29,34,42,48,0,0,0,0,0,0,0,0,42,48,29,34,42,48,0,0,0,0,0,0,0,0,42,48,7,7,42,48,0,0,0,0,0,0,0,0,42,48,29,34,42,48,0,0,0,0,0,0,0,0,42,48,29,34,42,48,0,0,0,0,0,0,0,0,42,48,29,34,42,48,0,0,0,0,0,0,0,0
248,821,179,821,0,179,0,1000,42,48,29,34,42,48,0,0,0,0,0,0,0,0,42,48,29,34,42,48,0,0,0,0,0,0,0,0,42,48,7,7,42,48,0,0,0,0,0,0,0,0,42,48,29,34,42,48,0,0,0,0,0,0,0,0,42,48,29,34,42,48,0,0,0,0,0,0,0,0,42,48,29,34,42,48,0,0,0,0,0,0,0,0
249,207,793,207,614,179,0,1000,42,48,29,34,42,48,162158,2,162158,2,0,0,0,0,42,48,29,34,42,48,162158,2,162158,2,0,0,0,0,42,48,7,7,42,48,162158,2,162158,2,0,0,0,0,42,48,29,34,42,48,162158,2,162158,2,0,0,0,0,42,48,29,34,42,48,162158,2,162158,2,0,0,0,0,42,48,29,34,42,48,162158,2,162158,2,0,0,0,0
250,6,994,6,815,179,0,1000,42,48,29,34,42,48,85459,20,0,0,80291,1,5168,19,42,48,29,34,42,48,85459,20,0,0,80291,1,5168,19,42,48,7,7,42,48,85459,20,0,0,80291,1,5168,19,42,48,29,34,42,48,85459,20,0,0,80291,1,5168,19,42,48,29,34,42,48,85459,20,0,0,80291,1,5168,19,42,48,29,34,42,48,85459,20,0,0,80291,1,5168,19
251,401,599,401,0,599,0,1000,43,52,29,34,43,52,0,0,0,0,0,0,0,0,43,52,29,34,43,52,0,0,0,0,0,0,0,0,43,52,7,7,43,52,0,0,0,0,0,0,0,0,43,52,29,34,43,52,0,0,0,0,0,0,0,0,43,52,29,34,43,52,0,0,0,0,0,0,0,0,43,52,29,34,43,52,0,0,0,0,0,0,0,0
252,883,117,883,0,117,0,1000,43,52,29,34,43,52,0,0,0,0,0,0,0,0,43,52,29,34,43,52,0,0,0,0,0,0,0,0,43,52,7,7,43,52,0,0,0,0,0,0,0,0,43,52,29,34,43,52,0,0,0,0,0,0,0,0,43,52,29,34,43,52,0,0,0,0,0,0,0,0,43,52,29,34,43,52,0,0,0,0,0,0,0,0
253,486,514,486,397,117,0,1000,43,52,29,34,43,52,0,0,0,0,0,0,0,0,43,52,29,34,43,52,0,0,0,0,0,0,0,0,43,52,7,7,43,52,0,0,0,0,0,0,0,0,43,52,29,34,43,52,0,0,0,0,0,0,0,0,43,52,29,34,43,52,0,0,0,0,0,0,0,0,43,52,29,34,43,52,0,0,0,0,0,0,0,0
254,793,207,793,166,41,0,1000,43,52,29,34,43,52,4080,15,0,0,0,0,4080,15,43,52,29,34,43,52,4080,15,0,0,0,0,4080,15,43,52,7,7,43,52,4080,15,0,0,0,0,4080,15,43,52,29,34,43,52,4080,15,0,0,0,0,4080,15,43,52,29,34,43,52,4080,15,0,0,0,0,4080,15,43,52,29,34,43,52,4080,15,0,0,0,0,4080,15
255,306,694,306,0,694,0,1000,44,53,29,34,44,53,0,0,0,0,0,0,0,0,44,53,29,34,44,53,0,0,0,0,0,0,0,0,43,52,7,7,43,52,0,0,0,0,0,0,0,0,44,53,29,34,44,53,0,0,0,0,0,0,0,0,43,52,29,34,43,52,0,0,0,0,0,0,0,0,44,53,29,34,44,53,0,0,0,0,0,0,0,0
256,612,388,612,0,388,0,1000,44,53,29,34,44,53,0,0,0,0,0,0,0,0,44,53,29,34,44,53,0,0,0,0,0,0,0,0,43,52,7,7,43,52,0,0,0,0,0,0,0,0,44,53,29,34,44,53,0,0,0,0,0,0,0,0,43,52,29,34,43,52,0,0,0,0,0,0,0,0,44,53,29,34,44,53,0,0,0,0,0,0,0,0
257,278,722,278,334,388,0,1000,44,53,29,34,44,53,80919,1,80919,1,0,0,0,0,44,53,29,34,44,53,80919,1,80919,1,0,0,0,0,43,52,7,7,43,52,80919,1,80919,1,0,0,0,0,44,53,29,34,44,53,80919,1,80919,1,0,0,0,0,43,52,29,34,43,52,80919,1,80919,1,0,0,0,0,44,53,29,34,44,53,80919,1,80919,1,0,0,0,0
258,484,516,484,230,286,0,1000,44,53,29,34,44,53,90355,38,0,0,80291,1,10064,37,44,53,29,34,44,53,90355,38,0,0,80291,1,10064,37,43,52,7,7,43,52,90355,38,0,0,80291,1,10064,37,44,53,29,34,44,53,90355,38,0,0,80291,1,10064,37,43,52,29,34,43,52,90355,38,0,0,80291,1,10064,37,44,53,29,34,44,53,90355,38,0,0,80291,1,10064,37
259,707,293,707,0,293,0,1000,45,54,29,34,45,54,0,0,0,0,0,0,0,0,44,53,29,34,44,53,0,0,0,0,0,0,0,0,43,52,7,7,43,52,0,0,0,0,0,0,0,0,44,53,29,34,44,53,0,0,0,0,0,0,0,0,43,52,29,34,43,52,0,0,0,0,0,0,0,0,45,54,29,34,45,54,0,0,0,0,0,0,0,0
260,544,456,544,163,293,0,1000,45,54,29,34,45,54,0,0,0,0,0,0,0,0,44,53,29,34,44,53,0,0,0,0,0,0,0,0,43,52,7,7,43,52,0,0,0,0,0,0,0,0,44,53,29,34,44,53,0,0,0,0,0,0,0,0,43,52,29,34,43,52,0,0,0,0,0,0,0,0,45,54,29,34,45,54,0,0,0,0,0,0,0,0
261,453,547,453,254,293,0,1000,45,54,29,34,45,54,81623,1,81623,1,0,0,0,0,44,53,29,34,44,53,81623,1,81623,1,0,0,0,0,43,52,7,7,43,52,81623,1,81623,1,0,0,0,0,44,53,29,34,44,53,81623,1,81623,1,0,0,0,0,43,52,29,34,43,52,81623,1,81623,1,0,0,0,0,45,54,29,34,45,54,81623,1,81623,1,0,0,0,0
262,227,773,227,480,293,0,1000,45,54,29,34,45,54,86819,25,0,0,80291,1,6528,24,44,53,29,34,44,53,86819,25,0,0,80291,1,6528,24,43,52,7,7,43,52,86819,25,0,0,80291,1,6528,24,44,53,29,34,44,53,86819,25,0,0,80291,1,6528,24,43,52,29,34,43,52,86819,25,0,0,80291,1,6528,24,45,54,29,34,45,54,86819,25,0,0,80291,1,6528,24
263,330,670,330,0,670,0,1000,46,55,29,34,46,55,0,0,0,0,0,0,0,0,46,55,29,34,46,55,0,0,0,0,0,0,0,0,46,55,7,7,46,55,0,0,0,0,0,0,0,0,46,55,29,34,46,55,0,0,0,0,0,0,0,0,46,55,29,34,46,55,0,0,0,0,0,0,0,0,46,55,29,34,46,55,0,0,0,0,0,0,0,0
264,896,104,896,0,104,0,1000,46,55,29,34,46,55,0,0,0,0,0,0,0,0,46,55,29,34,46,55,0,0,0,0,0,0,0,0,46,55,7,7,46,55,0,0,0,0,0,0,0,0,46,55,29,34,46,55,0,0,0,0,0,0,0,0,46,55,29,34,46,55,0,0,0,0,0,0,0,0,46,55,29,34,46,55,0,0,0,0,0,0,0,0
265,430,570,430,466,104,0,1000,46,55,29,34,46,55,0,0,0,0,0,0,0,0,46,55,29,34,46,55,0,0,0,0,0,0,0,0,46,55,7,7,46,55,0,0,0,0,0,0,0,0,46,55,29,34,46,55,0,0,0,0,0,0,0,0,46,55,29,34,46,55,0,0,0,0,0,0,0,0,46,55,29,34,46,55,0,0,0,0,0,0,0,0
266,136,864,136,760,104,0,1000,46,55,29,34,46,55,2176,8,0,0,0,0,2176,8,46,55,29,34,46,55,2176,8,0,0,0,0,2176,8,46,55,7,7,46,55,2176,8,0,0,0,0,2176,8,46,55,29,34,46,55,2176,8,0,0,0,0,2176,8,46,55,29,34,46,55,2176,8,0,0,0,0,2176,8,46,55,29,34,46,55,2176,8,0,0,0,0,2176,8
267,153,847,153,0,847,0,1000,47,56,29,34,47,56,0,0,0,0,0,0,0,0,46,55,29,34,46,55,0,0,0,0,0,0,0,0,46,55,7,7,46,55,0,0,0,0,0,0,0,0,47,56,29,34,47,56,0,0,0,0,0,0,0,0,47,56,29,34,47,56,0,0,0,0,0,0,0,0,47,56,29,34,47,56,0,0,0,0,0,0,0,0
268,461,539,461,0,539,0,1000,47,56,29,34,47,56,0,0,0,0,0,0,0,0,46,55,29,34,46,55,0,0,0,0,0,0,0,0,46,55,7,7,46,55,0,0,0,0,0,0,0,0,47,56,29,34,47,56,0,0,0,0,0,0,0,0,47,56,29,34,47,56,0,0,0,0,0,0,0,0,47,56,29,34,47,56,0,0,0,0,0,0,0,0
269,356,644,356,105,539,0,1000,47,56,29,34,47,56,80695,1,80695,1,0,0,0,0,46,55,29,34,46,55,80695,1,80695,1,0,0,0,0,46,55,7,7,46,55,80695,1,80695,1,0,0,0,0,47,56,29,34,47,56,80695,1,80695,1,0,0,0,0,47,56,29,34,47,56,80695,1,80695,1,0,0,0,0,47,56,29,34,47,56,80695,1,80695,1,0,0,0,0
270,266,734,266,195,539,0,1000,47,56,29,34,47,56,96611,61,0,0,80291,1,16320,60,46,55,29,34,46,55,96611,61,0,0,80291,1,16320,60,46,55,7,7,46,55,96611,61,0,0,80291,1,16320,60,47,56,29,34,47,56,96611,61,0,0,80291,1,16320,60,47,56,29,34,47,56,96611,61,0,0,80291,1,16320,60,47,56,29,34,47,56,96611,61,0,0,80291,1,16320,60
271,688,312,688,0,312,0,1000,47,56,29,34,47,56,0,0,0,0,0,0,0,0,47,56,29,34,47,56,0,0,0,0,0,0,0,0,46,55,7,7,46,55,0,0,0,0,0,0,0,0,47,56,29,34,47,56,0,0,0,0,0,0,0,0,47,56,29,34,47,56,0,0,0,0,0,0,0,0,47,56,29,34,47,56,0,0,0,0,0,0,0,0
272,250,750,250,438,312,0,1000,47,56,29,34,47,56,0,0,0,0,0,0,0,0,47,56,29,34,47,56,0,0,0,0,0,0,0,0,46,55,7,7,46,55,0,0,0,0,0,0,0,0,47,56,29,34,47,56,0,0,0,0,0,0,0,0,47,56,29,34,47,56,0,0,0,0,0,0,0,0,47,56,29,34,47,56,0,0,0,0,0,0,0,0
273,259,741,259,430,311,0,1000,47,56,29,34,47,56,164718,2,164718,2,0,0,0,0,47,56,29,34,47,56,164718,2,164718,2,0,0,0,0,46,55,7,7,46,55,164718,2,164718,2,0,0,0,0,47,56,29,34,47,56,164718,2,164718,2,0,0,0,0,47,56,29,34,47,56,164718,2,164718,2,0,0,0,0,47,56,29,34,47,56,164718,2,164718,2,0,0,0,0
274,402,598,402,332,266,0,1000,47,56,29,34,47,56,87635,28,0,0,80291,1,7344,27,47,56,29,34,47,56,87635,28,0,0,80291,1,7344,27,46,55,7,7,46,55,87635,28,0,0,80291,1,7344,27,47,56,29,34,47,56,87635,28,0,0,80291,1,7344,27,47,56,29,34,47,56,87635,28,0,0,80291,1,7344,27,47,56,29,34,47,56,87635,28,0,0,80291,1,7344,27
275,0,1000,0,0,1000,0,1000,48,58,29,34,48,58,0,0,0,0,0,0,0,0,48,58,29,34,48,58,0,0,0,0,0,0,0,0,48,58,7,7,48,58,0,0,0,0,0,0,0,0,48,58,29,34,48,58,0,0,0,0,0,0,0,0,48,58,29,34,48,58,0,0,0,0,0,0,0,0,48,58,29,34,48,58,0,0,0,0,0,0,0,0
276,0,1000,0,0,1000,0,1000,48,58,29,34,48,58,0,0,0,0,0,0,0,0,48,58,29,34,48,58,0,0,0,0,0,0,0,0,48,58,7,7,48,58,0,0,0,0,0,0,0,0,48,58,29,34,48,58,0,0,0,0,0,0,0,0,48,58,29,34,48,58,0,0,0,0,0,0,0,0,48,58,29,34,48,58,0,0,0,0,0,0,0,0
277,0,1000,0,0,1000,0,1000,48,58,29,34,48,58,243909,3,243909,3,0,0,0,0,48,58,29,34,48,58,243909,3,243909,3,0,0,0,0,48,58,7,7,48,58,243909,3,243909,3,0,0,0,0,48,58,29,34,48,58,243909,3,243909,3,0,0,0,0,48,58,29,34,48,58,243909,3,243909,3,0,0,0,0,48,58,29,34,48,58,243909,3,243909,3,0,0,0,0
278,0,1000,0,0,1000,0,1000,56,69,56,69,48,58,112931,121,0,0,80291,1,32640,120,56,69,56,69,48,58,112931,121,0,0,80291,1,32640,120,56,69,56,69,48,58,112931,121,0,0,80291,1,32640,120,56,69,56,69,48,58,112931,121,0,0,80291,1,32640,120,56,69,56,69,48,58,112931,121,0,0,80291,1,32640,120,56,69,56,69,48,58,112931,121,0,0,80291,1,32640,120
279,0,1000,0,0,1000,0,1000,56,69,56,69,48,58,0,0,0,0,0,0,0,0,56,69,56,69,48,58,0,0,0,0,0,0,0,0,56,69,56,69,48,58,0,0,0,0,0,0,0,0,56,69,56,69,48,58,0,0,0,0,0,0,0,0,56,69,56,69,48,58,0,0,0,0,0,0,0,0,56,69,56,69,48,58,0,0,0,0,0,0,0,0
280,0,1000,0,0,1000,0,1000,56,69,56,69,48,58,0,0,0,0,0,0,0,0,56,69,56,69,48,58,0,0,0,0,0,0,0,0,56,69,56,69,48,58,0,0,0,0,0,0,0,0,56,69,56,69,48,58,0,0,0,0,0,0,0,0,56,69,56,69,48,58,0,0,0,0,0,0,0,0,56,69,56,69,48,58,0,0,0,0,0,0,0,0
281,0,1000,0,0,1000,0,1000,56,69,56,69,48,58,589953,7,589953,7,0,0,0,0,56,69,56,69,48,58,589953,7,589953,7,0,0,0,0,56,69,56,69,48,58,589953,7,589953,7,0,0,0,0,56,69,56,69,48,58,589953,7,589953,7,0,0,0,0,56,69,56,69,48,58,589953,7,589953,7,0,0,0,0,56,69,56,69,48,58,589953,7,589953,7,0,0,0,0
282,0,1000,0,0,1000,0,1000,57,70,57,70,48,58,111299,115,0,0,80291,1,31008,114,57,70,57,70,48,58,111299,115,0,0,80291,1,31008,114,57,70,57,70,48,58,111299,115,0,0,80291,1,31008,114,57,70,57,70,48,58,111299,115,0,0,80291,1,31008,114,57,70,57,70,48,58,111299,115,0,0,80291,1,31008,114,57,70,57,70,48,58,111299,115,0,0,80291,1,31008,114
283,0,1000,0,0,1000,0,1000,57,70,57,70,49,60,0,0,0,0,0,0,0,0,57,70,57,70,49,60,0,0,0,0,0,0,0,0,57,70,57,70,49,60,0,0,0,0,0,0,0,0,57,70,57,70,49,60,0,0,0,0,0,0,0,0,57,70,57,70,49,60,0,0,0,0,0,0,0,0,57,70,57,70,49,60,0,0,0,0,0,0,0,0
284,0,1000,0,0,1000,0,1000,57,70,57,70,49,60,0,0,0,0,0,0,0,0,57,70,57,70,49,60,0,0,0,0,0,0,0,0,57,70,57,70,49,60,0,0,0,0,0,0,0,0,57,70,57,70,49,60,0,0,0,0,0,0,0,0,57,70,57,70,49,60,0,0,0,0,0,0,0,0,57,70,57,70,49,60,0,0,0,0,0,0,0,0
285,0,1000,0,0,1000,0,1000,57,70,57,70,49,60,504522,6,504522,6,0,0,0,0,57,70,57,70,49,60,504522,6,504522,6,0,0,0,0,57,70,57,70,49,60,504522,6,504522,6,0,0,0,0,57,70,57,70,49,60,504522,6,504522,6,0,0,0,0,57,70,57,70,49,60,504522,6,504522,6,0,0,0,0,57,70,57,70,49,60,504522,6,504522,6,0,0,0,0
286,0,1000,0,0,1000,0,1000,58,71,58,71,49,60,108307,104,0,0,80291,1,28016,103,58,71,58,71,49,60,108307,104,0,0,80291,1,28016,103,58,71,58,71,49,60,108307,104,0,0,80291,1,28016,103,58,71,58,71,49,60,108307,104,0,0,80291,1,28016,103,58,71,58,71,49,60,108307,104,0,0,80291,1,28016,103,58,71,58,71,49,60,108307,104,0,0,80291,1,28016,103
287,0,1000,0,0,1000,0,1000,58,71,58,71,50,61,0,0,0,0,0,0,0,0,58,71,58,71,50,61,0,0,0,0,0,0,0,0,58,71,58,71,50,61,0,0,0,0,0,0,0,0,58,71,58,71,50,61,0,0,0,0,0,0,0,0,58,71,58,71,50,61,0,0,0,0,0,0,0,0,58,71,58,71,50,61,0,0,0,0,0,0,0,0
288,0,1000,0,0,1000,0,1000,58,71,58,71,50,61,0,0,0,0,0,0,0,0,58,71,58,71,50,61,0,0,0,0,0,0,0,0,58,71,58,71,50,61,0,0,0,0,0,0,0,0,58,71,58,71,50,61,0,0,0,0,0,0,0,0,58,71,58,71,50,61,0,0,0,0,0,0,0,0,58,71,58,71,50,61,0,0,0,0,0,0,0,0
289,0,1000,0,0,1000,0,1000,58,71,58,71,50,61,586144,7,586144,7,0,0,0,0,58,71,58,71,50,61,586144,7,586144,7,0,0,0,0,58,71,58,71,50,61,586144,7,586144,7,0,0,0,0,58,71,58,71,50,61,586144,7,586144,7,0,0,0,0,58,71,58,71,50,61,586144,7,586144,7,0,0,0,0,58,71,58,71,50,61,586144,7,586144,7,0,0,0,0
290,0,1000,0,0,1000,0,1000,59,72,59,72,50,61,107219,100,0,0,80291,1,26928,99,59,72,59,72,50,61,107219,100,0,0,80291,1,26928,99,59,72,59,72,50,61,107219,100,0,0,80291,1,26928,99,59,72,59,72,50,61,107219,100,0,0,80291,1,26928,99,59,72,59,72,50,61,107219,100,0,0,80291,1,26928,99,59,72,59,72,50,61,107219,100,0,0,80291,1,26928,99
291,0,1000,0,0,1000,0,1000,59,72,59,72,51,62,0,0,0,0,0,0,0,0,59,72,59,72,51,62,0,0,0,0,0,0,0,0,59,72,59,72,51,62,0,0,0,0,0,0,0,0,59,72,59,72,51,62,0,0,0,0,0,0,0,0,59,72,59,72,51,62,0,0,0,0,0,0,0,0,59,72,59,72,51,62,0,0,0,0,0,0,0,0
292,0,1000,0,0,1000,0,1000,59,72,59,72,51,62,0,0,0,0,0,0,0,0,59,72,59,72,51,62,0,0,0,0,0,0,0,0,59,72,59,72,51,62,0,0,0,0,0,0,0,0,59,72,59,72,51,62,0,0,0,0,0,0,0,0,59,72,59,72,51,62,0,0,0,0,0,0,0,0,59,72,59,72,51,62,0,0,0,0,0,0,0,0
293,0,1000,0,0,1000,0,1000,59,72,59,72,51,62,668854,8,668854,8,0,0,0,0,59,72,59,72,51,62,668854,8,668854,8,0,0,0,0,59,72,59,72,51,62,668854,8,668854,8,0,0,0,0,59,72,59,72,51,62,668854,8,668854,8,0,0,0,0,59,72,59,72,51,62,668854,8,668854,8,0,0,0,0,59,72,59,72,51,62,668854,8,668854,8,0,0,0,0
294,0,1000,0,0,1000,0,1000,60,73,60,73,51,62,107491,101,0,0,80291,1,27200,100,60,73,60,73,51,62,107491,101,0,0,80291,1,27200,100,60,73,60,73,51,62,107491,101,0,0,80291,1,27200,100,60,73,60,73,51,62,107491,101,0,0,80291,1,27200,100,60,73,60,73,51,62,107491,101,0,0,80291,1,27200,100,60,73,60,73,51,62,107491,101,0,0,80291,1,27200,100
295,0,1000,0,0,1000,0,1000,60,73,60,73,51,62,0,0,0,0,0,0,0,0,60,73,60,73,51,62,0,0,0,0,0,0,0,0,60,73,60,73,51,62,0,0,0,0,0,0,0,0,60,73,60,73,51,62,0,0,0,0,0,0,0,0,60,73,60,73,51,62,0,0,0,0,0,0,0,0,60,73,60,73,51,62,0,0,0,0,0,0,0,0
296,0,1000,0,0,1000,0,1000,60,73,60,73,51,62,0,0,0,0,0,0,0,0,60,73,60,73,51,62,0,0,0,0,0,0,0,0,60,73,60,73,51,62,0,0,0,0,0,0,0,0,60,73,60,73,51,62,0,0,0,0,0,0,0,0,60,73,60,73,51,62,0,0,0,0,0,0,0,0,60,73,60,73,51,62,0,0,0,0,0,0,0,0
297,0,1000,0,0,1000,0,1000,60,73,60,73,51,62,334556,4,334556,4,0,0,0,0,60,73,60,73,51,62,334556,4,334556,4,0,0,0,0,60,73,60,73,51,62,334556,4,334556,4,0,0,0,0,60,73,60,73,51,62,334556,4,334556,4,0,0,0,0,60,73,60,73,51,62,334556,4,334556,4,0,0,0,0,60,73,60,73,51,62,334556,4,334556,4,0,0,0,0
298,0,1000,0,0,1000,0,1000,61,74,61,74,51,62,107219,100,0,0,80291,1,26928,99,61,74,61,74,51,62,107219,100,0,0,80291,1,26928,99,61,74,61,74,51,62,107219,100,0,0,80291,1,26928,99,61,74,61,74,51,62,107219,100,0,0,80291,1,26928,99,61,74,61,74,51,62,107219,100,0,0,80291,1,26928,99,61,74,61,74,51,62,107219,100,0,0,80291,1,26928,99
299,0,1000,0,0,1000,0,1000,61,74,61,74,52,64,0,0,0,0,0,0,0,0,61,74,61,74,52,64,0,0,0,0,0,0,0,0,61,74,61,74,52,64,0,0,0,0,0,0,0,0,61,74,61,74,52,64,0,0,0,0,0,0,0,0,61,74,61,74,52,64,0,0,0,0,0,0,0,0,61,74,61,74,52,64,0,0,0,0,0,0,0,0
300,0,1000,0,0,1000,0,1000,61,74,61,74,52,64,0,0,0,0,0,0,0,0,61,74,61,74,52,64,0,0,0,0,0,0,0,0,61,74,61,74,52,64,0,0,0,0,0,0,0,0,61,74,61,74,52,64,0,0,0,0,0,0,0,0,61,74,61,74,52,64,0,0,0,0,0,0,0,0,61,74,61,74,52,64,0,0,0,0,0,0,0,0
301,0,1000,0,0,1000,0,1000,61,74,61,74,52,64,334428,4,334428,4,0,0,0,0,61,74,61,74,52,64,334428,4,334428,4,0,0,0,0,61,74,61,74,52,64,334428,4,334428,4,0,0,0,0,61,74,61,74,52,64,334428,4,334428,4,0,0,0,0,61,74,61,74,52,64,334428,4,334428,4,0,0,0,0,61,74,61,74,52,64,334428,4,334428,4,0,0,0,0
302,0,1000,0,0,1000,0,1000,62,75,62,75,52,64,107763,102,0,0,80291,1,27472,101,62,75,62,75,52,64,107763,102,0,0,80291,1,27472,101,62,75,62,75,52,64,107763,102,0,0,80291,1,27472,101,62,75,62,75,52,64,107763,102,0,0,80291,1,27472,101,62,75,62,75,52,64,107763,102,0,0,80291,1,27472,101,62,75,62,75,52,64,107763,102,0,0,80291,1,27472,101
303,0,1000,0,0,1000,0,1000,62,75,62,75,53,65,0,0,0,0,0,0,0,0,62,75,62,75,53,65,0,0,0,0,0,0,0,0,62,75,62,75,53,65,0,0,0,0,0,0,0,0,62,75,62,75,53,65,0,0,0,0,0,0,0,0,62,75,62,75,53,65,0,0,0,0,0,0,0,0,62,75,62,75,53,65,0,0,0,0,0,0,0,0

digraph G {
  rankdir=BT;
  style=filled;
  color=lightgrey;
  node [shape=box,style=filled,color=white];
  b_HPnUTVOUJx [label="H(Pn/UTVOUJx)\nt=5 id=415"];
  b_Hs5QvNJw56 [label="H(s5QvNJw/56)\nt=46 id=993"];
  b_HG05XAAwxb7 [label="H(G05XAAwxb7)\nt=48 id=828"];
  b_HvboYrjW5M [label="H(vboYrjW5/M)\nt=13 id=674"];
  b_HLuNnBAxZsf [label="H(LuNnBAxZsf)\nt=8 id=752"];
  b_HdMc0Q2Zeak [label="H(dMc0Q2Zeak)\nt=9 id=118"];
  b_HfOfwCLF8Qg [label="H(fOfwCLF8Qg)\nt=44 id=635"];
  b_Hu29w7TYZO [label="H(u2+9w7TYZO)\nt=53 id=830"];
  b_Hh3evpHQoSJ [label="H(h3evpHQoSJ)\nt=75 id=992"];
  b_HNoB0KXwv8O [label="H(NoB0KXwv8O)\nt=65 id=684"];
  b_H7xwVMFjVRT [label="H(7xwVMFjVRT)\nt=64 id=308"];
  b_HXO7LBknf5Y [label="H(XO7LBknf5Y)\nt=52 id=315"];
  b_H5Pe0JfpGP [label="H(5Pe0J+fpGP)\nt=56 id=900"];
  b_HMEt7Tts9h8 [label="H(MEt7Tts9h8)\nt=31 id=197"];
  b_H7B7m65ysWc [label="H(7B7m65ysWc)\nt=58 id=7"];
  b_HKpvaD6iZc2 [label="H(KpvaD6iZc2)\nt=1 id=506"];
  b_HtfjqBmd7q [label="H(tfjq+Bmd7q)\n"];
  b_Hv6V0aBordU [label="H(v6V0aBordU)\nt=37 id=843"];
  b_HFYM4YalKYO [label="H(FYM4YalKYO)\nt=47 id=990"];
  b_HViId0FCUAe [label="H(ViId0FCUAe)\nt=62 id=110"];
  b_HARiwe6C0LR [label="H(ARiwe6C0LR)\nt=39 id=95"];
  b_H1Z5xiiG [label="H(1Z+5xii/G/)\nt=22 id=173"];
  b_Ht4wJ2aJdzo [label="H(t4wJ2aJdzo)\nt=19 id=87"];
  b_HVEjtGzP6o [label="H(VEjt+GzP6o)\nt=35 id=893"];
  b_HZgc5AL1h3 [label="H(Zgc/5AL1h3)\nt=43 id=928"];
  b_HwKSdjq047e [label="H(wKSdjq047e)\nt=6 id=208"];
  b_HFUVWUQtkz6 [label="H(FUVWUQtkz6)\nt=60 id=625"];
  b_HKwAl7iXM5 [label="H(KwAl7i+XM5)\nt=70 id=663"];
  b_HDwowh7gcNX [label="H(Dwowh7gcNX)\nt=18 id=198"];
  b_HGUCDo5yCM [label="H(G/UCDo5yCM)\nt=7 id=874"];
  b_HAQfyF7oqzB [label="H(AQfyF7oqzB)\nt=4 id=815"];
  b_HousG8omSf8 [label="H(ousG8omSf8)\nt=10 id=670"];
  b_HuiGRJAJkot [label="H(uiGRJAJkot)\nt=54 id=730"];
  b_H5sY7oaeQJq [label="H(5sY7oaeQJq)\nt=72 id=863"];
  b_H4Ulo1KR6kV [label="H(4Ulo1KR6kV)\nt=68 id=235"];
  b_HfFTCGrP0s [label="H(fF/TCGrP0s)\nt=55 id=547"];
  b_HITzPlelVd [label="H(ITzPle/lVd)\nt=33 id=8"];
  b_HGmLdxX6ERe [label="H(GmLdxX6ERe)\nt=26 id=237"];
  b_HEWYdqzEr [label="H(/E/WYdqzEr)\nt=34 id=54"];
  b_HZiL6VLehHC [label="H(ZiL6VLehHC)\nt=36 id=750"];
  b_HfBR7QaZsNY [label="H(fBR7QaZsNY)\nt=71 id=104"];
  b_Hq59valFF3V [label="H(q59valFF3V)\nt=61 id=742"];
  b_H1mhsC1s81C [label="H(1mhsC1s81C)\nt=20 id=64"];
  b_HxhcYeJgrcG [label="H(xhcYeJgrcG)\nt=30 id=119"];
  b_H1I2YnRaQQr [label="H(1I2YnRaQQr)\nt=25 id=499"];
  b_HiEDdCqZ9Wn [label="H(iEDdCqZ9Wn)\nt=17 id=360"];
  b_Ha8rEhAAVrc [label="H(a8rEhAAVrc)\nt=24 id=358"];
  b_Hcn6SpSjs0j [label="H(cn6SpSjs0j)\nt=38 id=69"];
  b_HfUxiYJ8TNg [label="H(fUxiYJ8TNg)\nt=14 id=8"];
  b_HIptmYp3FDR [label="H(IptmYp3FDR)\nt=41 id=206"];
  b_HFumUowyni7 [label="H(FumUowyni7)\nt=23 id=597"];
  b_HVOGr6nvHvc [label="H(VOGr6nvHvc)\nt=67 id=595"];
  b_HMjX9AnzMRS [label="H(MjX9AnzMRS)\nt=3 id=32"];
  b_HSzuxr2jGwU [label="H(Szuxr2jGwU)\nt=45 id=522"];
  b_HyVGAM9CNO6 [label="H(yVGAM9CNO6)\nt=69 id=472"];
  b_Hm8Y0DfQ0S [label="H(m8Y+0DfQ0S)\nt=32 id=525"];
  b_HGNXzscax3 [label="H(GNXzs/cax3)\nt=12 id=939"];
  b_H7NeoW21ky4 [label="H(7NeoW21ky4)\nt=2 id=117"];
  b_Ha7v4PgpMQw [label="H(a7v4PgpMQw)\nt=42 id=704"];
  b_HtMOSRzOSDT [label="H(tMOSRzOSDT)\nt=73 id=316"];
  b_HExjhXVrYHz [label="H(ExjhXVrYHz)\nt=28 id=293"];
  b_HEuCLDGIwv6 [label="H(EuCLDGIwv6)\nt=29 id=638"];
  b_Hnzi4v78u [label="H(nzi4v7+8u/)\nt=74 id=621"];
  b_HPnUTVOUJx -> b_HAQfyF7oqzB;
  b_Hs5QvNJw56 -> b_HSzuxr2jGwU;
  b_HG05XAAwxb7 -> b_HFYM4YalKYO;
  b_HvboYrjW5M -> b_HGNXzscax3;
  b_HLuNnBAxZsf -> b_HGUCDo5yCM;
  b_HdMc0Q2Zeak -> b_HLuNnBAxZsf;
  b_HfOfwCLF8Qg -> b_HZgc5AL1h3;
  b_Hu29w7TYZO -> b_HXO7LBknf5Y;
  b_Hh3evpHQoSJ -> b_Hnzi4v78u;
  b_HNoB0KXwv8O -> b_H7xwVMFjVRT;
  b_H7xwVMFjVRT -> b_HViId0FCUAe;
  b_HXO7LBknf5Y -> b_HG05XAAwxb7;
  b_H5Pe0JfpGP -> b_HfFTCGrP0s;
  b_HMEt7Tts9h8 -> b_HxhcYeJgrcG;
  b_H7B7m65ysWc -> b_H5Pe0JfpGP;
  b_HKpvaD6iZc2 -> b_HtfjqBmd7q;
  b_Hv6V0aBordU -> b_HZiL6VLehHC;
  b_HFYM4YalKYO -> b_Hs5QvNJw56;
  b_HViId0FCUAe -> b_Hq59valFF3V;
  b_HARiwe6C0LR -> b_Hcn6SpSjs0j;
  b_H1Z5xiiG -> b_H1mhsC1s81C;
  b_Ht4wJ2aJdzo -> b_HDwowh7gcNX;
  b_HVEjtGzP6o -> b_HEWYdqzEr;
  b_HZgc5AL1h3 -> b_Ha7v4PgpMQw;
  b_HwKSdjq047e -> b_HPnUTVOUJx;
  b_HFUVWUQtkz6 -> b_H7B7m65ysWc;
  b_HKwAl7iXM5 -> b_HyVGAM9CNO6;
  b_HDwowh7gcNX -> b_HiEDdCqZ9Wn;
  b_HGUCDo5yCM -> b_HwKSdjq047e;
  b_HAQfyF7oqzB -> b_HMjX9AnzMRS;
  b_HousG8omSf8 -> b_HdMc0Q2Zeak;
  b_HuiGRJAJkot -> b_Hu29w7TYZO;
  b_H5sY7oaeQJq -> b_HfBR7QaZsNY;
  b_H4Ulo1KR6kV -> b_HVOGr6nvHvc;
  b_HfFTCGrP0s -> b_HuiGRJAJkot;
  b_HITzPlelVd -> b_Hm8Y0DfQ0S;
  b_HGmLdxX6ERe -> b_H1I2YnRaQQr;
  b_HEWYdqzEr -> b_HITzPlelVd;
  b_HZiL6VLehHC -> b_HVEjtGzP6o;
  b_HfBR7QaZsNY -> b_HKwAl7iXM5;
  b_Hq59valFF3V -> b_HFUVWUQtkz6;
  b_H1mhsC1s81C -> b_Ht4wJ2aJdzo;
  b_HxhcYeJgrcG -> b_HEuCLDGIwv6;
  b_H1I2YnRaQQr -> b_Ha8rEhAAVrc;
  b_HiEDdCqZ9Wn -> b_HfUxiYJ8TNg;
  b_Ha8rEhAAVrc -> b_HFumUowyni7;
  b_Hcn6SpSjs0j -> b_Hv6V0aBordU;
  b_HfUxiYJ8TNg -> b_HvboYrjW5M;
  b_HIptmYp3FDR -> b_HARiwe6C0LR;
  b_HFumUowyni7 -> b_H1Z5xiiG;
  b_HVOGr6nvHvc -> b_HNoB0KXwv8O;
  b_HMjX9AnzMRS -> b_H7NeoW21ky4;
  b_HSzuxr2jGwU -> b_HfOfwCLF8Qg;
  b_HyVGAM9CNO6 -> b_H4Ulo1KR6kV;
  b_Hm8Y0DfQ0S -> b_HMEt7Tts9h8;
  b_HGNXzscax3 -> b_HousG8omSf8;
  b_H7NeoW21ky4 -> b_HKpvaD6iZc2;
  b_Ha7v4PgpMQw -> b_HIptmYp3FDR;
  b_HtMOSRzOSDT -> b_H5sY7oaeQJq;
  b_HExjhXVrYHz -> b_HGmLdxX6ERe;
  b_HEuCLDGIwv6 -> b_HExjhXVrYHz;
  b_Hnzi4v78u -> b_HtMOSRzOSDT;
  v_HFazxRVnzY [label="id=402 t=75"];
  v_HFazxRVnzY -> b_Hh3evpHQoSJ;
  v_HfJhOGt9B15 [label="id=248 t=75"];
  v_HfJhOGt9B15 -> b_Hh3evpHQoSJ;
  v_HfhHXHVuTyZ [label="id=153 t=75"];
  v_HfhHXHVuTyZ -> b_Hh3evpHQoSJ;
  v_Ht1l6wwhtwH [label="id=957 t=75"];
  v_Ht1l6wwhtwH -> b_Hh3evpHQoSJ;
  v_H0h4QpxPNW [label="id=774 t=75"];
  v_H0h4QpxPNW -> b_Hh3evpHQoSJ;
  v_HcI0UfZeVe2 [label="id=103 t=75"];
  v_HcI0UfZeVe2 -> b_Hh3evpHQoSJ;
  v_HnbpuexQZ6n [label="id=49 t=75"];
  v_HnbpuexQZ6n -> b_Hh3evpHQoSJ;
  v_H906IxEszk [label="id=930 t=75"];
  v_H906IxEszk -> b_Hh3evpHQoSJ;
  v_HSEd0U6Dt1 [label="id=288 t=75"];
  v_HSEd0U6Dt1 -> b_Hh3evpHQoSJ;
  v_HShfPDi0778 [label="id=259 t=75"];
  v_HShfPDi0778 -> b_Hh3evpHQoSJ;
  v_HnkrB0FN7mi [label="id=832 t=75"];
  v_HnkrB0FN7mi -> b_Hh3evpHQoSJ;
  v_HmatMBy0six [label="id=833 t=75"];
  v_HmatMBy0six -> b_Hh3evpHQoSJ;
  v_HubN7rJPYks [label="id=39 t=75"];
  v_HubN7rJPYks -> b_Hh3evpHQoSJ;
  v_HwqSer6uxru [label="id=403 t=75"];
  v_HwqSer6uxru -> b_Hh3evpHQoSJ;
  v_Hwem2yJiId [label="id=260 t=75"];
  v_Hwem2yJiId -> b_Hh3evpHQoSJ;
  v_HIq2ePp7rbW [label="id=298 t=75"];
  v_HIq2ePp7rbW -> b_Hh3evpHQoSJ;
  v_HmyTpd4W1fY [label="id=295 t=75"];
  v_HmyTpd4W1fY -> b_Hh3evpHQoSJ;
  v_HBwPVo84EZs [label="id=835 t=75"];
  v_HBwPVo84EZs -> b_Hh3evpHQoSJ;
  v_H9mkhn7nwz [label="id=35 t=75"];
  v_H9mkhn7nwz -> b_Hh3evpHQoSJ;
  v_HYrwmc9qJDU [label="id=787 t=75"];
  v_HYrwmc9qJDU -> b_Hh3evpHQoSJ;
  v_H9ung6B0zT [label="id=335 t=75"];
  v_H9ung6B0zT -> b_Hh3evpHQoSJ;
  v_HhWNp51R9Bl [label="id=409 t=75"];
  v_HhWNp51R9Bl -> b_Hh3evpHQoSJ;
  v_HcBqVukbMU0 [label="id=437 t=75"];
  v_HcBqVukbMU0 -> b_Hh3evpHQoSJ;
  v_HeH79gynLEZ [label="id=959 t=75"];
  v_HeH79gynLEZ -> b_Hh3evpHQoSJ;
  v_HUDKaTVupiT [label="id=394 t=75"];
  v_HUDKaTVupiT -> b_Hh3evpHQoSJ;
  v_HZzWrEIzaE1 [label="id=174 t=75"];
  v_HZzWrEIzaE1 -> b_Hh3evpHQoSJ;
  v_HWH2Xjbj9U [label="id=625 t=75"];
  v_HWH2Xjbj9U -> b_Hh3evpHQoSJ;
  v_HKkaSEEuHxX [label="id=775 t=75"];
  v_HKkaSEEuHxX -> b_Hh3evpHQoSJ;
  v_HEKWDsHA0gW [label="id=283 t=75"];
  v_HEKWDsHA0gW -> b_Hh3evpHQoSJ;
  v_Huigg1XMt3V [label="id=829 t=75"];
  v_Huigg1XMt3V -> b_Hh3evpHQoSJ;
  v_HbZZd0vBgx [label="id=513 t=75"];
  v_HbZZd0vBgx -> b_Hh3evpHQoSJ;
  v_H4dtPLZWWdJ [label="id=214 t=75"];
  v_H4dtPLZWWdJ -> b_Hh3evpHQoSJ;
  v_Hitr5yYdTvO [label="id=879 t=75"];
  v_Hitr5yYdTvO -> b_Hh3evpHQoSJ;
  v_H8kAu7e0ib [label="id=381 t=75"];
  v_H8kAu7e0ib -> b_Hh3evpHQoSJ;
  v_HPE5kqRvQo9 [label="id=796 t=75"];
  v_HPE5kqRvQo9 -> b_Hh3evpHQoSJ;
  v_HUtlt4IWO4R [label="id=607 t=75"];
  v_HUtlt4IWO4R -> b_Hh3evpHQoSJ;
  v_HCgL6esoZGb [label="id=149 t=75"];
  v_HCgL6esoZGb -> b_Hh3evpHQoSJ;
  v_Hr3cHq0bDMN [label="id=542 t=75"];
  v_Hr3cHq0bDMN -> b_Hh3evpHQoSJ;
  v_HhPqDqY0GY [label="id=205 t=75"];
  v_HhPqDqY0GY -> b_Hh3evpHQoSJ;
  v_Hghfkl4Lg6D [label="id=545 t=75"];
  v_Hghfkl4Lg6D -> b_Hh3evpHQoSJ;
  v_H7XQSwRAboY [label="id=515 t=75"];
  v_H7XQSwRAboY -> b_Hh3evpHQoSJ;
  v_HSgb1BHfMi9 [label="id=483 t=75"];
  v_HSgb1BHfMi9 -> b_Hh3evpHQoSJ;
  v_HQ1gYg2KiAp [label="id=830 t=75"];
  v_HQ1gYg2KiAp -> b_Hh3evpHQoSJ;
  v_HNDhAZvr3e [label="id=134 t=75"];
  v_HNDhAZvr3e -> b_Hh3evpHQoSJ;
  v_HnwDrId8M1 [label="id=765 t=75"];
  v_HnwDrId8M1 -> b_Hh3evpHQoSJ;
  v_HLq7enJNQbo [label="id=856 t=75"];
  v_HLq7enJNQbo -> b_Hh3evpHQoSJ;
  v_HeW9pVCZFfI [label="id=948 t=75"];
  v_HeW9pVCZFfI -> b_Hh3evpHQoSJ;
  v_HZpdmQVfs [label="id=29 t=75"];
  v_HZpdmQVfs -> b_Hh3evpHQoSJ;
  v_HrbZc7YVL3n [label="id=548 t=75"];
  v_HrbZc7YVL3n -> b_Hh3evpHQoSJ;
  v_HoK1Hapdo83 [label="id=412 t=75"];
  v_HoK1Hapdo83 -> b_Hh3evpHQoSJ;
  v_HY5E80x1KNr [label="id=97 t=75"];
  v_HY5E80x1KNr -> b_Hh3evpHQoSJ;
  v_HejEq4GtlFx [label="id=801 t=75"];
  v_HejEq4GtlFx -> b_Hh3evpHQoSJ;
  v_H7rOEx5zizm [label="id=264 t=75"];
  v_H7rOEx5zizm -> b_Hh3evpHQoSJ;
  v_HtSgkMRhnJY [label="id=96 t=75"];
  v_HtSgkMRhnJY -> b_Hh3evpHQoSJ;
  v_HncK0ImwAr8 [label="id=840 t=75"];
  v_HncK0ImwAr8 -> b_Hh3evpHQoSJ;
  v_Hc7INAkFa [label="id=363 t=75"];
  v_Hc7INAkFa -> b_Hh3evpHQoSJ;
  v_HNIRVOWOJpG [label="id=124 t=75"];
  v_HNIRVOWOJpG -> b_Hh3evpHQoSJ;
  v_H0qbohnjgB1 [label="id=423 t=75"];
  v_H0qbohnjgB1 -> b_Hh3evpHQoSJ;
  v_HCKgUpyWQ [label="id=446 t=75"];
  v_HCKgUpyWQ -> b_Hh3evpHQoSJ;
  v_HiykkxtfvG [label="id=534 t=75"];
  v_HiykkxtfvG -> b_Hh3evpHQoSJ;
  v_HNj60rnB05X [label="id=519 t=75"];
  v_HNj60rnB05X -> b_Hh3evpHQoSJ;
  v_HSkBmeJONHa [label="id=306 t=75"];
  v_HSkBmeJONHa -> b_Hh3evpHQoSJ;
  v_HmMnxFHiDtS [label="id=280 t=75"];
  v_HmMnxFHiDtS -> b_Hh3evpHQoSJ;
  v_HD1ewvvoPPt [label="id=715 t=75"];
  v_HD1ewvvoPPt -> b_Hh3evpHQoSJ;
  v_H3K3Vi1NV80 [label="id=460 t=75"];
  v_H3K3Vi1NV80 -> b_Hh3evpHQoSJ;
  v_HNqdH1EWYp [label="id=68 t=75"];
  v_HNqdH1EWYp -> b_Hh3evpHQoSJ;
  v_Htc9VnBYrPI [label="id=931 t=75"];
  v_Htc9VnBYrPI -> b_Hh3evpHQoSJ;
  v_HAtMbfMGrtP [label="id=466 t=75"];
  v_HAtMbfMGrtP -> b_Hh3evpHQoSJ;
  v_HKXdPkx0az9 [label="id=171 t=75"];
  v_HKXdPkx0az9 -> b_Hh3evpHQoSJ;
  v_HHZy4Jgxc7 [label="id=199 t=75"];
  v_HHZy4Jgxc7 -> b_Hh3evpHQoSJ;
  v_HbucCI1GHqJ [label="id=758 t=75"];
  v_HbucCI1GHqJ -> b_Hh3evpHQoSJ;
  v_HHByWq9uUst [label="id=224 t=75"];
  v_HHByWq9uUst -> b_Hh3evpHQoSJ;
  v_HVYaRvfuiw [label="id=753 t=75"];
  v_HVYaRvfuiw -> b_Hh3evpHQoSJ;
  v_HdEr8wVhI [label="id=748 t=75"];
  v_HdEr8wVhI -> b_Hh3evpHQoSJ;
  v_Hj6uxPuYtrb [label="id=187 t=75"];
  v_Hj6uxPuYtrb -> b_Hh3evpHQoSJ;
  v_HPqvEb2mqEM [label="id=5 t=75"];
  v_HPqvEb2mqEM -> b_Hh3evpHQoSJ;
  v_HYVXzT1rkNk [label="id=393 t=75"];
  v_HYVXzT1rkNk -> b_Hh3evpHQoSJ;
  v_HZoTzZ8KhmN [label="id=490 t=75"];
  v_HZoTzZ8KhmN -> b_Hh3evpHQoSJ;
  v_HjGLj85WYCi [label="id=783 t=75"];
  v_HjGLj85WYCi -> b_Hh3evpHQoSJ;
  v_HAvWBTPqVxv [label="id=569 t=75"];
  v_HAvWBTPqVxv -> b_Hh3evpHQoSJ;
  v_H7CKxE2XSTd [label="id=20 t=75"];
  v_H7CKxE2XSTd -> b_Hh3evpHQoSJ;
  v_Hi9NFs7bxEE [label="id=635 t=75"];
  v_Hi9NFs7bxEE -> b_Hh3evpHQoSJ;
  v_HRpqqivbnJo [label="id=593 t=75"];
  v_HRpqqivbnJo -> b_Hh3evpHQoSJ;
  v_H2eM5A9NEv [label="id=514 t=75"];
  v_H2eM5A9NEv -> b_Hh3evpHQoSJ;
  v_HdzxkzE5DIY [label="id=777 t=75"];
  v_HdzxkzE5DIY -> b_Hh3evpHQoSJ;
  v_HFiunI1GSG [label="id=71 t=75"];
  v_HFiunI1GSG -> b_Hh3evpHQoSJ;
  v_HLlOQueA0QY [label="id=507 t=75"];
  v_HLlOQueA0QY -> b_Hh3evpHQoSJ;
  v_Hy5VBjxiEDm [label="id=559 t=75"];
  v_Hy5VBjxiEDm -> b_Hh3evpHQoSJ;
  v_H3mfEf6a0hg [label="id=708 t=75"];
  v_H3mfEf6a0hg -> b_Hh3evpHQoSJ;
  v_H5Bp1oipmbK [label="id=161 t=75"];
  v_H5Bp1oipmbK -> b_Hh3evpHQoSJ;
  v_HUMY2Oh0jX [label="id=741 t=75"];
  v_HUMY2Oh0jX -> b_Hh3evpHQoSJ;
  v_Ha0lY2jtd2l [label="id=661 t=75"];
  v_Ha0lY2jtd2l -> b_Hh3evpHQoSJ;
  v_HXNzhosglw1 [label="id=307 t=75"];
  v_HXNzhosglw1 -> b_Hh3evpHQoSJ;
  v_Ht80VUeyQ3N [label="id=992 t=75"];
  v_Ht80VUeyQ3N -> b_Hh3evpHQoSJ;
  v_HA3dO78UYip [label="id=878 t=75"];
  v_HA3dO78UYip -> b_Hh3evpHQoSJ;
  v_HaXANVYrVYw [label="id=471 t=75"];
  v_HaXANVYrVYw -> b_Hh3evpHQoSJ;
  v_Hw3Hbv3sZa9 [label="id=642 t=75"];
  v_Hw3Hbv3sZa9 -> b_Hh3evpHQoSJ;
  v_HcohFUL6ASI [label="id=325 t=75"];
  v_HcohFUL6ASI -> b_Hh3evpHQoSJ;
  v_HsFOHIM2Thl [label="id=900 t=75"];
  v_HsFOHIM2Thl -> b_Hh3evpHQoSJ;
  v_H0m6ztUPBpN [label="id=909 t=75"];
  v_H0m6ztUPBpN -> b_Hh3evpHQoSJ;
  v_HVCIXrpGtf [label="id=102 t=75"];
  v_HVCIXrpGtf -> b_Hh3evpHQoSJ;
}


ALWAYS AWAKE final ledgers: 62 75 62 75 53 65
ALWAYS AWAKE total communication: 21370557 3353
ALWAYS AWAKE blocks communication: 4978021 62
ALWAYS AWAKE votes communication: 843744 3102
ALWAYS AWAKE proposals communication: 15548792 189
