r,n_asleep,n_awake,n_honest_asleep,n_honest_dreamy,n_honest_awake,n_adversary,n_all,party0_ledger_best_length,party0_ledger_best_age,party0_ledger_fast_length,party0_ledger_fast_age,party0_ledger_slow_length,party0_ledger_slow_age,party0_comms_all_size,party0_comms_all_count,party0_comms_proposal_size,party0_comms_proposal_count,party0_comms_piece_block_size,party0_comms_piece_block_count,party0_comms_piece_vote_size,party0_comms_piece_vote_count,party1_ledger_best_length,party1_ledger_best_age,party1_ledger_fast_length,party1_ledger_fast_age,party1_ledger_slow_length,party1_ledger_slow_age,party1_comms_all_size,party1_comms_all_count,party1_comms_proposal_size,party1_comms_proposal_count,party1_comms_piece_block_size,party1_comms_piece_block_count,party1_comms_piece_vote_size,party1_comms_piece_vote_count,party2_ledger_best_length,party2_ledger_best_age,party2_ledger_fast_length,party2_ledger_fast_age,party2_ledger_slow_length,party2_ledger_slow_age,party2_comms_all_size,party2_comms_all_count,party2_comms_proposal_size,party2_comms_proposal_count,party2_comms_piece_block_size,party2_comms_piece_block_count,party2_comms_piece_vote_size,party2_comms_piece_vote_count,party3_ledger_best_length,party3_ledger_best_age,party3_ledger_fast_length,party3_ledger_fast_age,party3_ledger_slow_length,party3_ledger_slow_age,party3_comms_all_size,party3_comms_all_count,party3_comms_proposal_size,party3_comms_proposal_count,party3_comms_piece_block_size,party3_comms_piece_block_count,party3_comms_piece_vote_size,party3_comms_piece_vote_count,party4_ledger_best_length,party4_ledger_best_age,party4_ledger_fast_length,party4_ledger_fast_age,party4_ledger_slow_length,party4_ledger_slow_age,party4_comms_all_size,party4_comms_all_count,party4_comms_proposal_size,party4_comms_proposal_count,party4_comms_piece_block_size,party4_comms_piece_block_count,party4_comms_piece_vote_size,party4_comms_piece_vote_count,partyALWAYSAWAKE_ledger_best_length,partyALWAYSAWAKE_ledger_best_age,partyALWAYSAWAKE_ledger_fast_length,partyALWAYSAWAKE_ledger_fast_age,partyALWAYSAWAKE_ledger_slow_length,partyALWAYSAWAKE_ledger_slow_age,partyALWAYSAWAKE_comms_all_size,partyALWAYSAWAKE_comms_all_count,partyALWAYSAWAKE_comms_proposal_size,partyALWAYSAWAKE_comms_proposal_count,partyALWAYSAWAKE_comms_piece_block_size,partyALWAYSAWAKE_comms_piece_block_count,partyALWAYSAWAKE_comms_piece_vote_size,partyALWAYSAWAKE_comms_piece_vote_count
4,0,100,0,0,100,0,100,0,0,0,0,0,0,0,0,0,0,0,0,0,0,0,0,0,0,0,0,0,0,0,0,0,0,0,0,0,0,0,0,0,0,0,0,0,0,0,0,0,0,0,0,0,0,0,0,0,0,0,0,0,0,0,0,0,0,0,0,0,0,0,0,0,0,0,0,0,0,0,0,0,0,0,0,0,0,0,0,0,0,0,0
5,0,100,0,0,100,0,100,0,0,0,0,0,0,80437,1,80437,1,0,0,0,0,0,0,0,0,0,0,80437,1,80437,1,0,0,0,0,0,0,0,0,0,0,80437,1,80437,1,0,0,0,0,0,0,0,0,0,0,80437,1,80437,1,0,0,0,0,0,0,0,0,0,0,80437,1,80437,1,0,0,0,0,0,0,0,0,0,0,80437,1,80437,1,0,0,0,0
6,0,100,0,0,100,0,100,0,0,0,0,0,0,82193,8,0,0,80289,1,1904,7,0,0,0,0,0,0,82193,8,0,0,80289,1,1904,7,0,0,0,0,0,0,82193,8,0,0,80289,1,1904,7,0,0,0,0,0,0,82193,8,0,0,80289,1,1904,7,0,0,0,0,0,0,82193,8,0,0,80289,1,1904,7,0,0,0,0,0,0,82193,8,0,0,80289,1,1904,7
7,0,100,0,0,100,0,100,0,0,0,0,0,0,0,0,0,0,0,0,0,0,0,0,0,0,0,0,0,0,0,0,0,0,0,0,0,0,0,0,0,0,0,0,0,0,0,0,0,0,0,0,0,0,0,0,0,0,0,0,0,0,0,0,0,0,0,0,0,0,0,0,0,0,0,0,0,0,0,0,0,0,0,0,0,0,0,0,0,0,0,0
8,0,100,0,0,100,0,100,0,0,0,0,0,0,0,0,0,0,0,0,0,0,0,0,0,0,0,0,0,0,0,0,0,0,0,0,0,0,0,0,0,0,0,0,0,0,0,0,0,0,0,0,0,0,0,0,0,0,0,0,0,0,0,0,0,0,0,0,0,0,0,0,0,0,0,0,0,0,0,0,0,0,0,0,0,0,0,0,0,0,0,0
9,0,100,0,0,100,0,100,0,0,0,0,0,0,161322,2,161322,2,0,0,0,0,0,0,0,0,0,0,161322,2,161322,2,0,0,0,0,0,0,0,0,0,0,161322,2,161322,2,0,0,0,0,0,0,0,0,0,0,161322,2,161322,2,0,0,0,0,0,0,0,0,0,0,161322,2,161322,2,0,0,0,0,0,0,0,0,0,0,161322,2,161322,2,0,0,0,0
10,0,100,0,0,100,0,100,2,2,2,2,0,0,83281,12,0,0,80289,1,2992,11,2,2,2,2,0,0,83281,12,0,0,80289,1,2992,11,2,2,2,2,0,0,83281,12,0,0,80289,1,2992,11,2,2,2,2,0,0,83281,12,0,0,80289,1,2992,11,2,2,2,2,0,0,83281,12,0,0,80289,1,2992,11,2,2,2,2,0,0,83281,12,0,0,80289,1,2992,11
11,0,100,0,0,100,0,100,2,2,2,2,0,0,0,0,0,0,0,0,0,0,2,2,2,2,0,0,0,0,0,0,0,0,0,0,2,2,2,2,0,0,0,0,0,0,0,0,0,0,2,2,2,2,0,0,0,0,0,0,0,0,0,0,2,2,2,2,0,0,0,0,0,0,0,0,0,0,2,2,2,2,0,0,0,0,0,0,0,0,0,0
12,0,100,0,0,100,0,100,2,2,2,2,0,0,0,0,0,0,0,0,0,0,2,2,2,2,0,0,0,0,0,0,0,0,0,0,2,2,2,2,0,0,0,0,0,0,0,0,0,0,2,2,2,2,0,0,0,0,0,0,0,0,0,0,2,2,2,2,0,0,0,0,0,0,0,0,0,0,2,2,2,2,0,0,0,0,0,0,0,0,0,0
13,0,100,0,0,100,0,100,2,2,2,2,0,0,0,0,0,0,0,0,0,0,2,2,2,2,0,0,0,0,0,0,0,0,0,0,2,2,2,2,0,0,0,0,0,0,0,0,0,0,2,2,2,2,0,0,0,0,0,0,0,0,0,0,2,2,2,2,0,0,0,0,0,0,0,0,0,0,2,2,2,2,0,0,0,0,0,0,0,0,0,0
14,0,100,0,0,100,0,100,2,2,2,2,0,0,2992,11,0,0,0,0,2992,11,2,2,2,2,0,0,2992,11,0,0,0,0,2992,11,2,2,2,2,0,0,2992,11,0,0,0,0,2992,11,2,2,2,2,0,0,2992,11,0,0,0,0,2992,11,2,2,2,2,0,0,2992,11,0,0,0,0,2992,11,2,2,2,2,0,0,2992,11,0,0,0,0,2992,11
15,0,100,0,0,100,0,100,2,2,2,2,0,0,0,0,0,0,0,0,0,0,2,2,2,2,0,0,0,0,0,0,0,0,0,0,2,2,2,2,0,0,0,0,0,0,0,0,0,0,2,2,2,2,0,0,0,0,0,0,0,0,0,0,2,2,2,2,0,0,0,0,0,0,0,0,0,0,2,2,2,2,0,0,0,0,0,0,0,0,0,0
16,0,100,0,0,100,0,100,2,2,2,2,0,0,0,0,0,0,0,0,0,0,2,2,2,2,0,0,0,0,0,0,0,0,0,0,2,2,2,2,0,0,0,0,0,0,0,0,0,0,2,2,2,2,0,0,0,0,0,0,0,0,0,0,2,2,2,2,0,0,0,0,0,0,0,0,0,0,2,2,2,2,0,0,0,0,0,0,0,0,0,0
17,0,100,0,0,100,0,100,2,2,2,2,0,0,80789,1,80789,1,0,0,0,0,2,2,2,2,0,0,80789,1,80789,1,0,0,0,0,2,2,2,2,0,0,80789,1,80789,1,0,0,0,0,2,2,2,2,0,0,80789,1,80789,1,0,0,0,0,2,2,2,2,0,0,80789,1,80789,1,0,0,0,0,2,2,2,2,0,0,80789,1,80789,1,0,0,0,0
18,0,100,0,0,100,0,100,2,2,2,2,0,0,82193,8,0,0,80289,1,1904,7,2,2,2,2,0,0,82193,8,0,0,80289,1,1904,7,2,2,2,2,0,0,82193,8,0,0,80289,1,1904,7,2,2,2,2,0,0,82193,8,0,0,80289,1,1904,7,2,2,2,2,0,0,82193,8,0,0,80289,1,1904,7,2,2,2,2,0,0,82193,8,0,0,80289,1,1904,7
19,0,100,0,0,100,0,100,2,2,2,2,0,0,0,0,0,0,0,0,0,0,2,2,2,2,0,0,0,0,0,0,0,0,0,0,2,2,2,2,0,0,0,0,0,0,0,0,0,0,2,2,2,2,0,0,0,0,0,0,0,0,0,0,2,2,2,2,0,0,0,0,0,0,0,0,0,0,2,2,2,2,0,0,0,0,0,0,0,0,0,0
20,0,100,0,0,100,0,100,2,2,2,2,0,0,0,0,0,0,0,0,0,0,2,2,2,2,0,0,0,0,0,0,0,0,0,0,2,2,2,2,0,0,0,0,0,0,0,0,0,0,2,2,2,2,0,0,0,0,0,0,0,0,0,0,2,2,2,2,0,0,0,0,0,0,0,0,0,0,2,2,2,2,0,0,0,0,0,0,0,0,0,0
21,0,100,0,0,100,0,100,2,2,2,2,0,0,80661,1,80661,1,0,0,0,0,2,2,2,2,0,0,80661,1,80661,1,0,0,0,0,2,2,2,2,0,0,80661,1,80661,1,0,0,0,0,2,2,2,2,0,0,80661,1,80661,1,0,0,0,0,2,2,2,2,0,0,80661,1,80661,1,0,0,0,0,2,2,2,2,0,0,80661,1,80661,1,0,0,0,0
22,0,100,0,0,100,0,100,2,2,2,2,0,0,82193,8,0,0,80289,1,1904,7,2,2,2,2,0,0,82193,8,0,0,80289,1,1904,7,2,2,2,2,0,0,82193,8,0,0,80289,1,1904,7,2,2,2,2,0,0,82193,8,0,0,80289,1,1904,7,2,2,2,2,0,0,82193,8,0,0,80289,1,1904,7,2,2,2,2,0,0,82193,8,0,0,80289,1,1904,7
23,0,100,0,0,100,0,100,2,2,2,2,0,0,0,0,0,0,0,0,0,0,2,2,2,2,0,0,0,0,0,0,0,0,0,0,2,2,2,2,0,0,0,0,0,0,0,0,0,0,2,2,2,2,0,0,0,0,0,0,0,0,0,0,2,2,2,2,0,0,0,0,0,0,0,0,0,0,2,2,2,2,0,0,0,0,0,0,0,0,0,0
24,50,50,50,0,50,0,100,2,2,2,2,0,0,0,0,0,0,0,0,0,0,2,2,2,2,0,0,0,0,0,0,0,0,0,0,2,2,2,2,0,0,0,0,0,0,0,0,0,0,2,2,2,2,0,0,0,0,0,0,0,0,0,0,2,2,2,2,0,0,0,0,0,0,0,0,0,0,2,2,2,2,0,0,0,0,0,0,0,0,0,0
25,49,51,49,1,50,0,100,2,2,2,2,0,0,0,0,0,0,0,0,0,0,2,2,2,2,0,0,0,0,0,0,0,0,0,0,2,2,2,2,0,0,0,0,0,0,0,0,0,0,2,2,2,2,0,0,0,0,0,0,0,0,0,0,2,2,2,2,0,0,0,0,0,0,0,0,0,0,2,2,2,2,0,0,0,0,0,0,0,0,0,0
26,48,52,48,2,50,0,100,2,2,2,2,0,0,544,2,0,0,0,0,544,2,2,2,2,2,0,0,544,2,0,0,0,0,544,2,2,2,2,2,0,0,544,2,0,0,0,0,544,2,2,2,2,2,0,0,544,2,0,0,0,0,544,2,2,2,2,2,0,0,544,2,0,0,0,0,544,2,2,2,2,2,0,0,544,2,0,0,0,0,544,2
27,47,53,47,0,53,0,100,2,2,2,2,0,0,0,0,0,0,0,0,0,0,2,2,2,2,0,0,0,0,0,0,0,0,0,0,2,2,2,2,0,0,0,0,0,0,0,0,0,0,2,2,2,2,0,0,0,0,0,0,0,0,0,0,2,2,2,2,0,0,0,0,0,0,0,0,0,0,2,2,2,2,0,0,0,0,0,0,0,0,0,0
28,48,52,48,0,52,0,100,2,2,2,2,0,0,0,0,0,0,0,0,0,0,2,2,2,2,0,0,0,0,0,0,0,0,0,0,2,2,2,2,0,0,0,0,0,0,0,0,0,0,2,2,2,2,0,0,0,0,0,0,0,0,0,0,2,2,2,2,0,0,0,0,0,0,0,0,0,0,2,2,2,2,0,0,0,0,0,0,0,0,0,0
29,49,51,49,0,51,0,100,2,2,2,2,0,0,0,0,0,0,0,0,0,0,2,2,2,2,0,0,0,0,0,0,0,0,0,0,2,2,2,2,0,0,0,0,0,0,0,0,0,0,2,2,2,2,0,0,0,0,0,0,0,0,0,0,2,2,2,2,0,0,0,0,0,0,0,0,0,0,2,2,2,2,0,0,0,0,0,0,0,0,0,0
30,48,52,48,1,51,0,100,2,2,2,2,0,0,1088,4,0,0,0,0,1088,4,2,2,2,2,0,0,1088,4,0,0,0,0,1088,4,2,2,2,2,0,0,1088,4,0,0,0,0,1088,4,2,2,2,2,0,0,1088,4,0,0,0,0,1088,4,2,2,2,2,0,0,1088,4,0,0,0,0,1088,4,2,2,2,2,0,0,1088,4,0,0,0,0,1088,4
31,49,51,49,0,51,0,100,2,2,2,2,0,0,0,0,0,0,0,0,0,0,2,2,2,2,0,0,0,0,0,0,0,0,0,0,2,2,2,2,0,0,0,0,0,0,0,0,0,0,2,2,2,2,0,0,0,0,0,0,0,0,0,0,2,2,2,2,0,0,0,0,0,0,0,0,0,0,2,2,2,2,0,0,0,0,0,0,0,0,0,0
32,50,50,50,0,50,0,100,2,2,2,2,0,0,0,0,0,0,0,0,0,0,2,2,2,2,0,0,0,0,0,0,0,0,0,0,2,2,2,2,0,0,0,0,0,0,0,0,0,0,2,2,2,2,0,0,0,0,0,0,0,0,0,0,2,2,2,2,0,0,0,0,0,0,0,0,0,0,2,2,2,2,0,0,0,0,0,0,0,0,0,0
33,49,51,49,1,50,0,100,2,2,2,2,0,0,0,0,0,0,0,0,0,0,2,2,2,2,0,0,0,0,0,0,0,0,0,0,2,2,2,2,0,0,0,0,0,0,0,0,0,0,2,2,2,2,0,0,0,0,0,0,0,0,0,0,2,2,2,2,0,0,0,0,0,0,0,0,0,0,2,2,2,2,0,0,0,0,0,0,0,0,0,0
34,48,52,48,2,50,0,100,2,2,2,2,0,0,1360,5,0,0,0,0,1360,5,2,2,2,2,0,0,1360,5,0,0,0,0,1360,5,2,2,2,2,0,0,1360,5,0,0,0,0,1360,5,2,2,2,2,0,0,1360,5,0,0,0,0,1360,5,2,2,2,2,0,0,1360,5,0,0,0,0,1360,5,2,2,2,2,0,0,1360,5,0,0,0,0,1360,5
35,49,51,49,0,51,0,100,2,2,2,2,0,0,0,0,0,0,0,0,0,0,2,2,2,2,0,0,0,0,0,0,0,0,0,0,2,2,2,2,0,0,0,0,0,0,0,0,0,0,2,2,2,2,0,0,0,0,0,0,0,0,0,0,2,2,2,2,0,0,0,0,0,0,0,0,0,0,2,2,2,2,0,0,0,0,0,0,0,0,0,0
36,48,52,48,1,51,0,100,2,2,2,2,0,0,0,0,0,0,0,0,0,0,2,2,2,2,0,0,0,0,0,0,0,0,0,0,2,2,2,2,0,0,0,0,0,0,0,0,0,0,2,2,2,2,0,0,0,0,0,0,0,0,0,0,2,2,2,2,0,0,0,0,0,0,0,0,0,0,2,2,2,2,0,0,0,0,0,0,0,0,0,0
37,49,51,49,1,50,0,100,2,2,2,2,0,0,0,0,0,0,0,0,0,0,2,2,2,2,0,0,0,0,0,0,0,0,0,0,2,2,2,2,0,0,0,0,0,0,0,0,0,0,2,2,2,2,0,0,0,0,0,0,0,0,0,0,2,2,2,2,0,0,0,0,0,0,0,0,0,0,2,2,2,2,0,0,0,0,0,0,0,0,0,0
38,48,52,48,2,50,0,100,2,2,2,2,0,0,816,3,0,0,0,0,816,3,2,2,2,2,0,0,816,3,0,0,0,0,816,3,2,2,2,2,0,0,816,3,0,0,0,0,816,3,2,2,2,2,0,0,816,3,0,0,0,0,816,3,2,2,2,2,0,0,816,3,0,0,0,0,816,3,2,2,2,2,0,0,816,3,0,0,0,0,816,3
39,47,53,47,0,53,0,100,2,2,2,2,0,0,0,0,0,0,0,0,0,0,2,2,2,2,0,0,0,0,0,0,0,0,0,0,2,2,2,2,0,0,0,0,0,0,0,0,0,0,2,2,2,2,0,0,0,0,0,0,0,0,0,0,2,2,2,2,0,0,0,0,0,0,0,0,0,0,2,2,2,2,0,0,0,0,0,0,0,0,0,0
40,48,52,48,0,52,0,100,2,2,2,2,0,0,0,0,0,0,0,0,0,0,2,2,2,2,0,0,0,0,0,0,0,0,0,0,2,2,2,2,0,0,0,0,0,0,0,0,0,0,2,2,2,2,0,0,0,0,0,0,0,0,0,0,2,2,2,2,0,0,0,0,0,0,0,0,0,0,2,2,2,2,0,0,0,0,0,0,0,0,0,0
41,49,51,49,0,51,0,100,2,2,2,2,0,0,0,0,0,0,0,0,0,0,2,2,2,2,0,0,0,0,0,0,0,0,0,0,2,2,2,2,0,0,0,0,0,0,0,0,0,0,2,2,2,2,0,0,0,0,0,0,0,0,0,0,2,2,2,2,0,0,0,0,0,0,0,0,0,0,2,2,2,2,0,0,0,0,0,0,0,0,0,0
42,50,50,50,0,50,0,100,2,2,2,2,0,0,1088,4,0,0,0,0,1088,4,2,2,2,2,0,0,1088,4,0,0,0,0,1088,4,2,2,2,2,0,0,1088,4,0,0,0,0,1088,4,2,2,2,2,0,0,1088,4,0,0,0,0,1088,4,2,2,2,2,0,0,1088,4,0,0,0,0,1088,4,2,2,2,2,0,0,1088,4,0,0,0,0,1088,4
43,49,51,49,0,51,0,100,2,2,2,2,0,0,0,0,0,0,0,0,0,0,2,2,2,2,0,0,0,0,0,0,0,0,0,0,2,2,2,2,0,0,0,0,0,0,0,0,0,0,2,2,2,2,0,0,0,0,0,0,0,0,0,0,2,2,2,2,0,0,0,0,0,0,0,0,0,0,2,2,2,2,0,0,0,0,0,0,0,0,0,0
44,48,52,48,1,51,0,100,2,2,2,2,0,0,0,0,0,0,0,0,0,0,2,2,2,2,0,0,0,0,0,0,0,0,0,0,2,2,2,2,0,0,0,0,0,0,0,0,0,0,2,2,2,2,0,0,0,0,0,0,0,0,0,0,2,2,2,2,0,0,0,0,0,0,0,0,0,0,2,2,2,2,0,0,0,0,0,0,0,0,0,0
45,47,53,47,2,51,0,100,2,2,2,2,0,0,0,0,0,0,0,0,0,0,2,2,2,2,0,0,0,0,0,0,0,0,0,0,2,2,2,2,0,0,0,0,0,0,0,0,0,0,2,2,2,2,0,0,0,0,0,0,0,0,0,0,2,2,2,2,0,0,0,0,0,0,0,0,0,0,2,2,2,2,0,0,0,0,0,0,0,0,0,0
46,48,52,48,2,50,0,100,2,2,2,2,0,0,272,1,0,0,0,0,272,1,2,2,2,2,0,0,272,1,0,0,0,0,272,1,2,2,2,2,0,0,272,1,0,0,0,0,272,1,2,2,2,2,0,0,272,1,0,0,0,0,272,1,2,2,2,2,0,0,272,1,0,0,0,0,272,1,2,2,2,2,0,0,272,1,0,0,0,0,272,1
47,47,53,47,0,53,0,100,2,2,2,2,1,1,0,0,0,0,0,0,0,0,2,2,2,2,0,0,0,0,0,0,0,0,0,0,2,2,2,2,0,0,0,0,0,0,0,0,0,0,2,2,2,2,0,0,0,0,0,0,0,0,0,0,2,2,2,2,0,0,0,0,0,0,0,0,0,0,2,2,2,2,1,1,0,0,0,0,0,0,0,0
48,48,52,48,0,52,0,100,2,2,2,2,1,1,0,0,0,0,0,0,0,0,2,2,2,2,0,0,0,0,0,0,0,0,0,0,2,2,2,2,0,0,0,0,0,0,0,0,0,0,2,2,2,2,0,0,0,0,0,0,0,0,0,0,2,2,2,2,0,0,0,0,0,0,0,0,0,0,2,2,2,2,1,1,0,0,0,0,0,0,0,0
49,47,53,47,1,52,0,100,2,2,2,2,1,1,0,0,0,0,0,0,0,0,2,2,2,2,0,0,0,0,0,0,0,0,0,0,2,2,2,2,0,0,0,0,0,0,0,0,0,0,2,2,2,2,0,0,0,0,0,0,0,0,0,0,2,2,2,2,0,0,0,0,0,0,0,0,0,0,2,2,2,2,1,1,0,0,0,0,0,0,0,0
50,46,54,46,2,52,0,100,2,2,2,2,1,1,1904,7,0,0,0,0,1904,7,2,2,2,2,0,0,1904,7,0,0,0,0,1904,7,2,2,2,2,0,0,1904,7,0,0,0,0,1904,7,2,2,2,2,0,0,1904,7,0,0,0,0,1904,7,2,2,2,2,0,0,1904,7,0,0,0,0,1904,7,2,2,2,2,1,1,1904,7,0,0,0,0,1904,7
51,45,55,45,0,55,0,100,2,2,2,2,2,2,0,0,0,0,0,0,0,0,2,2,2,2,0,0,0,0,0,0,0,0,0,0,2,2,2,2,0,0,0,0,0,0,0,0,0,0,2,2,2,2,2,2,0,0,0,0,0,0,0,0,2,2,2,2,0,0,0,0,0,0,0,0,0,0,2,2,2,2,2,2,0,0,0,0,0,0,0,0
52,44,56,44,1,55,0,100,2,2,2,2,2,2,0,0,0,0,0,0,0,0,2,2,2,2,0,0,0,0,0,0,0,0,0,0,2,2,2,2,0,0,0,0,0,0,0,0,0,0,2,2,2,2,2,2,0,0,0,0,0,0,0,0,2,2,2,2,0,0,0,0,0,0,0,0,0,0,2,2,2,2,2,2,0,0,0,0,0,0,0,0
53,45,55,45,1,54,0,100,2,2,2,2,2,2,0,0,0,0,0,0,0,0,2,2,2,2,0,0,0,0,0,0,0,0,0,0,2,2,2,2,0,0,0,0,0,0,0,0,0,0,2,2,2,2,2,2,0,0,0,0,0,0,0,0,2,2,2,2,0,0,0,0,0,0,0,0,0,0,2,2,2,2,2,2,0,0,0,0,0,0,0,0
54,44,56,44,2,54,0,100,2,2,2,2,2,2,1632,6,0,0,0,0,1632,6,2,2,2,2,0,0,1632,6,0,0,0,0,1632,6,2,2,2,2,0,0,1632,6,0,0,0,0,1632,6,2,2,2,2,2,2,1632,6,0,0,0,0,1632,6,2,2,2,2,0,0,1632,6,0,0,0,0,1632,6,2,2,2,2,2,2,1632,6,0,0,0,0,1632,6
55,45,55,45,0,55,0,100,2,2,2,2,2,2,0,0,0,0,0,0,0,0,2,2,2,2,0,0,0,0,0,0,0,0,0,0,2,2,2,2,0,0,0,0,0,0,0,0,0,0,2,2,2,2,2,2,0,0,0,0,0,0,0,0,2,2,2,2,0,0,0,0,0,0,0,0,0,0,2,2,2,2,2,2,0,0,0,0,0,0,0,0
56,46,54,46,0,54,0,100,2,2,2,2,2,2,0,0,0,0,0,0,0,0,2,2,2,2,0,0,0,0,0,0,0,0,0,0,2,2,2,2,0,0,0,0,0,0,0,0,0,0,2,2,2,2,2,2,0,0,0,0,0,0,0,0,2,2,2,2,0,0,0,0,0,0,0,0,0,0,2,2,2,2,2,2,0,0,0,0,0,0,0,0
57,45,55,45,1,54,0,100,2,2,2,2,2,2,0,0,0,0,0,0,0,0,2,2,2,2,0,0,0,0,0,0,0,0,0,0,2,2,2,2,0,0,0,0,0,0,0,0,0,0,2,2,2,2,2,2,0,0,0,0,0,0,0,0,2,2,2,2,0,0,0,0,0,0,0,0,0,0,2,2,2,2,2,2,0,0,0,0,0,0,0,0
58,44,56,44,2,54,0,100,2,2,2,2,2,2,1904,7,0,0,0,0,1904,7,2,2,2,2,0,0,1904,7,0,0,0,0,1904,7,2,2,2,2,0,0,1904,7,0,0,0,0,1904,7,2,2,2,2,2,2,1904,7,0,0,0,0,1904,7,2,2,2,2,0,0,1904,7,0,0,0,0,1904,7,2,2,2,2,2,2,1904,7,0,0,0,0,1904,7
59,43,57,43,0,57,0,100,3,4,2,2,3,4,0,0,0,0,0,0,0,0,2,2,2,2,0,0,0,0,0,0,0,0,0,0,2,2,2,2,0,0,0,0,0,0,0,0,0,0,3,4,2,2,3,4,0,0,0,0,0,0,0,0,2,2,2,2,0,0,0,0,0,0,0,0,0,0,3,4,2,2,3,4,0,0,0,0,0,0,0,0
60,42,58,42,1,57,0,100,3,4,2,2,3,4,0,0,0,0,0,0,0,0,2,2,2,2,0,0,0,0,0,0,0,0,0,0,2,2,2,2,0,0,0,0,0,0,0,0,0,0,3,4,2,2,3,4,0,0,0,0,0,0,0,0,2,2,2,2,0,0,0,0,0,0,0,0,0,0,3,4,2,2,3,4,0,0,0,0,0,0,0,0
61,43,57,43,1,56,0,100,3,4,2,2,3,4,80662,1,80662,1,0,0,0,0,2,2,2,2,0,0,80662,1,80662,1,0,0,0,0,2,2,2,2,0,0,80662,1,80662,1,0,0,0,0,3,4,2,2,3,4,80662,1,80662,1,0,0,0,0,2,2,2,2,0,0,80662,1,80662,1,0,0,0,0,3,4,2,2,3,4,80662,1,80662,1,0,0,0,0
62,44,56,44,1,55,0,100,3,4,2,2,3,4,81106,4,0,0,80290,1,816,3,2,2,2,2,0,0,81106,4,0,0,80290,1,816,3,2,2,2,2,0,0,81106,4,0,0,80290,1,816,3,3,4,2,2,3,4,81106,4,0,0,80290,1,816,3,2,2,2,2,0,0,81106,4,0,0,80290,1,816,3,3,4,2,2,3,4,81106,4,0,0,80290,1,816,3
63,43,57,43,0,57,0,100,4,5,2,2,4,5,0,0,0,0,0,0,0,0,2,2,2,2,0,0,0,0,0,0,0,0,0,0,2,2,2,2,0,0,0,0,0,0,0,0,0,0,4,5,2,2,4,5,0,0,0,0,0,0,0,0,2,2,2,2,0,0,0,0,0,0,0,0,0,0,4,5,2,2,4,5,0,0,0,0,0,0,0,0
64,42,58,42,1,57,0,100,4,5,2,2,4,5,0,0,0,0,0,0,0,0,2,2,2,2,0,0,0,0,0,0,0,0,0,0,2,2,2,2,0,0,0,0,0,0,0,0,0,0,4,5,2,2,4,5,0,0,0,0,0,0,0,0,2,2,2,2,0,0,0,0,0,0,0,0,0,0,4,5,2,2,4,5,0,0,0,0,0,0,0,0
65,88,12,88,0,12,0,100,4,5,2,2,4,5,0,0,0,0,0,0,0,0,2,2,2,2,0,0,0,0,0,0,0,0,0,0,2,2,2,2,0,0,0,0,0,0,0,0,0,0,4,5,2,2,4,5,0,0,0,0,0,0,0,0,2,2,2,2,0,0,0,0,0,0,0,0,0,0,4,5,2,2,4,5,0,0,0,0,0,0,0,0
66,18,82,18,70,12,0,100,4,5,2,2,4,5,272,1,0,0,0,0,272,1,2,2,2,2,0,0,272,1,0,0,0,0,272,1,2,2,2,2,0,0,272,1,0,0,0,0,272,1,4,5,2,2,4,5,272,1,0,0,0,0,272,1,2,2,2,2,0,0,272,1,0,0,0,0,272,1,4,5,2,2,4,5,272,1,0,0,0,0,272,1
67,55,45,55,0,45,0,100,4,5,2,2,4,5,0,0,0,0,0,0,0,0,2,2,2,2,0,0,0,0,0,0,0,0,0,0,4,5,2,2,4,5,0,0,0,0,0,0,0,0,4,5,2,2,4,5,0,0,0,0,0,0,0,0,4,5,2,2,4,5,0,0,0,0,0,0,0,0,4,5,2,2,4,5,0,0,0,0,0,0,0,0
68,74,26,74,0,26,0,100,4,5,2,2,4,5,0,0,0,0,0,0,0,0,2,2,2,2,0,0,0,0,0,0,0,0,0,0,4,5,2,2,4,5,0,0,0,0,0,0,0,0,4,5,2,2,4,5,0,0,0,0,0,0,0,0,4,5,2,2,4,5,0,0,0,0,0,0,0,0,4,5,2,2,4,5,0,0,0,0,0,0,0,0
69,60,40,60,14,26,0,100,4,5,2,2,4,5,0,0,0,0,0,0,0,0,2,2,2,2,0,0,0,0,0,0,0,0,0,0,4,5,2,2,4,5,0,0,0,0,0,0,0,0,4,5,2,2,4,5,0,0,0,0,0,0,0,0,4,5,2,2,4,5,0,0,0,0,0,0,0,0,4,5,2,2,4,5,0,0,0,0,0,0,0,0
70,75,25,75,6,19,0,100,4,5,2,2,4,5,816,3,0,0,0,0,816,3,2,2,2,2,0,0,816,3,0,0,0,0,816,3,4,5,2,2,4,5,816,3,0,0,0,0,816,3,4,5,2,2,4,5,816,3,0,0,0,0,816,3,4,5,2,2,4,5,816,3,0,0,0,0,816,3,4,5,2,2,4,5,816,3,0,0,0,0,816,3
71,64,36,64,0,36,0,100,4,5,2,2,4,5,0,0,0,0,0,0,0,0,2,2,2,2,0,0,0,0,0,0,0,0,0,0,4,5,2,2,4,5,0,0,0,0,0,0,0,0,4,5,2,2,4,5,0,0,0,0,0,0,0,0,4,5,2,2,4,5,0,0,0,0,0,0,0,0,4,5,2,2,4,5,0,0,0,0,0,0,0,0
72,24,76,24,40,36,0,100,4,5,2,2,4,5,0,0,0,0,0,0,0,0,2,2,2,2,0,0,0,0,0,0,0,0,0,0,4,5,2,2,4,5,0,0,0,0,0,0,0,0,4,5,2,2,4,5,0,0,0,0,0,0,0,0,4,5,2,2,4,5,0,0,0,0,0,0,0,0,4,5,2,2,4,5,0,0,0,0,0,0,0,0
73,68,32,68,18,14,0,100,4,5,2,2,4,5,0,0,0,0,0,0,0,0,2,2,2,2,0,0,0,0,0,0,0,0,0,0,4,5,2,2,4,5,0,0,0,0,0,0,0,0,4,5,2,2,4,5,0,0,0,0,0,0,0,0,4,5,2,2,4,5,0,0,0,0,0,0,0,0,4,5,2,2,4,5,0,0,0,0,0,0,0,0
74,31,69,31,55,14,0,100,4,5,2,2,4,5,272,1,0,0,0,0,272,1,2,2,2,2,0,0,272,1,0,0,0,0,272,1,4,5,2,2,4,5,272,1,0,0,0,0,272,1,4,5,2,2,4,5,272,1,0,0,0,0,272,1,4,5,2,2,4,5,272,1,0,0,0,0,272,1,4,5,2,2,4,5,272,1,0,0,0,0,272,1
75,49,51,49,0,51,0,100,4,5,2,2,4,5,0,0,0,0,0,0,0,0,2,2,2,2,0,0,0,0,0,0,0,0,0,0,4,5,2,2,4,5,0,0,0,0,0,0,0,0,4,5,2,2,4,5,0,0,0,0,0,0,0,0,4,5,2,2,4,5,0,0,0,0,0,0,0,0,4,5,2,2,4,5,0,0,0,0,0,0,0,0
76,90,10,90,0,10,0,100,4,5,2,2,4,5,0,0,0,0,0,0,0,0,2,2,2,2,0,0,0,0,0,0,0,0,0,0,4,5,2,2,4,5,0,0,0,0,0,0,0,0,4,5,2,2,4,5,0,0,0,0,0,0,0,0,4,5,2,2,4,5,0,0,0,0,0,0,0,0,4,5,2,2,4,5,0,0,0,0,0,0,0,0
77,28,72,28,62,10,0,100,4,5,2,2,4,5,0,0,0,0,0,0,0,0,2,2,2,2,0,0,0,0,0,0,0,0,0,0,4,5,2,2,4,5,0,0,0,0,0,0,0,0,4,5,2,2,4,5,0,0,0,0,0,0,0,0,4,5,2,2,4,5,0,0,0,0,0,0,0,0,4,5,2,2,4,5,0,0,0,0,0,0,0,0
78,79,21,79,17,4,0,100,4,5,2,2,4,5,0,0,0,0,0,0,0,0,2,2,2,2,0,0,0,0,0,0,0,0,0,0,4,5,2,2,4,5,0,0,0,0,0,0,0,0,4,5,2,2,4,5,0,0,0,0,0,0,0,0,4,5,2,2,4,5,0,0,0,0,0,0,0,0,4,5,2,2,4,5,0,0,0,0,0,0,0,0
79,46,54,46,0,54,0,100,4,5,2,2,4,5,0,0,0,0,0,0,0,0,4,5,2,2,4,5,0,0,0,0,0,0,0,0,4,5,2,2,4,5,0,0,0,0,0,0,0,0,4,5,2,2,4,5,0,0,0,0,0,0,0,0,4,5,2,2,4,5,0,0,0,0,0,0,0,0,4,5,2,2,4,5,0,0,0,0,0,0,0,0
80,54,46,54,0,46,0,100,4,5,2,2,4,5,0,0,0,0,0,0,0,0,4,5,2,2,4,5,0,0,0,0,0,0,0,0,4,5,2,2,4,5,0,0,0,0,0,0,0,0,4,5,2,2,4,5,0,0,0,0,0,0,0,0,4,5,2,2,4,5,0,0,0,0,0,0,0,0,4,5,2,2,4,5,0,0,0,0,0,0,0,0
81,31,69,31,23,46,0,100,4,5,2,2,4,5,0,0,0,0,0,0,0,0,4,5,2,2,4,5,0,0,0,0,0,0,0,0,4,5,2,2,4,5,0,0,0,0,0,0,0,0,4,5,2,2,4,5,0,0,0,0,0,0,0,0,4,5,2,2,4,5,0,0,0,0,0,0,0,0,4,5,2,2,4,5,0,0,0,0,0,0,0,0
82,12,88,12,42,46,0,100,4,5,2,2,4,5,1904,7,0,0,0,0,1904,7,4,5,2,2,4,5,1904,7,0,0,0,0,1904,7,4,5,2,2,4,5,1904,7,0,0,0,0,1904,7,4,5,2,2,4,5,1904,7,0,0,0,0,1904,7,4,5,2,2,4,5,1904,7,0,0,0,0,1904,7,4,5,2,2,4,5,1904,7,0,0,0,0,1904,7
83,81,19,81,0,19,0,100,4,5,2,2,4,5,0,0,0,0,0,0,0,0,4,5,2,2,4,5,0,0,0,0,0,0,0,0,4,5,2,2,4,5,0,0,0,0,0,0,0,0,4,5,2,2,4,5,0,0,0,0,0,0,0,0,4,5,2,2,4,5,0,0,0,0,0,0,0,0,4,5,2,2,4,5,0,0,0,0,0,0,0,0
84,75,25,75,6,19,0,100,4,5,2,2,4,5,0,0,0,0,0,0,0,0,4,5,2,2,4,5,0,0,0,0,0,0,0,0,4,5,2,2,4,5,0,0,0,0,0,0,0,0,4,5,2,2,4,5,0,0,0,0,0,0,0,0,4,5,2,2,4,5,0,0,0,0,0,0,0,0,4,5,2,2,4,5,0,0,0,0,0,0,0,0
85,72,28,72,9,19,0,100,4,5,2,2,4,5,0,0,0,0,0,0,0,0,4,5,2,2,4,5,0,0,0,0,0,0,0,0,4,5,2,2,4,5,0,0,0,0,0,0,0,0,4,5,2,2,4,5,0,0,0,0,0,0,0,0,4,5,2,2,4,5,0,0,0,0,0,0,0,0,4,5,2,2,4,5,0,0,0,0,0,0,0,0
86,76,24,76,8,16,0,100,4,5,2,2,4,5,1088,4,0,0,0,0,1088,4,4,5,2,2,4,5,1088,4,0,0,0,0,1088,4,4,5,2,2,4,5,1088,4,0,0,0,0,1088,4,4,5,2,2,4,5,1088,4,0,0,0,0,1088,4,4,5,2,2,4,5,1088,4,0,0,0,0,1088,4,4,5,2,2,4,5,1088,4,0,0,0,0,1088,4
87,77,23,77,0,23,0,100,4,5,2,2,4,5,0,0,0,0,0,0,0,0,4,5,2,2,4,5,0,0,0,0,0,0,0,0,4,5,2,2,4,5,0,0,0,0,0,0,0,0,4,5,2,2,4,5,0,0,0,0,0,0,0,0,4,5,2,2,4,5,0,0,0,0,0,0,0,0,4,5,2,2,4,5,0,0,0,0,0,0,0,0
88,78,22,78,0,22,0,100,4,5,2,2,4,5,0,0,0,0,0,0,0,0,4,5,2,2,4,5,0,0,0,0,0,0,0,0,4,5,2,2,4,5,0,0,0,0,0,0,0,0,4,5,2,2,4,5,0,0,0,0,0,0,0,0,4,5,2,2,4,5,0,0,0,0,0,0,0,0,4,5,2,2,4,5,0,0,0,0,0,0,0,0
89,41,59,41,37,22,0,100,4,5,2,2,4,5,0,0,0,0,0,0,0,0,4,5,2,2,4,5,0,0,0,0,0,0,0,0,4,5,2,2,4,5,0,0,0,0,0,0,0,0,4,5,2,2,4,5,0,0,0,0,0,0,0,0,4,5,2,2,4,5,0,0,0,0,0,0,0,0,4,5,2,2,4,5,0,0,0,0,0,0,0,0
90,88,12,88,5,7,0,100,4,5,2,2,4,5,544,2,0,0,0,0,544,2,4,5,2,2,4,5,544,2,0,0,0,0,544,2,4,5,2,2,4,5,544,2,0,0,0,0,544,2,4,5,2,2,4,5,544,2,0,0,0,0,544,2,4,5,2,2,4,5,544,2,0,0,0,0,544,2,4,5,2,2,4,5,544,2,0,0,0,0,544,2
91,86,14,86,0,14,0,100,4,5,2,2,4,5,0,0,0,0,0,0,0,0,4,5,2,2,4,5,0,0,0,0,0,0,0,0,4,5,2,2,4,5,0,0,0,0,0,0,0,0,4,5,2,2,4,5,0,0,0,0,0,0,0,0,4,5,2,2,4,5,0,0,0,0,0,0,0,0,4,5,2,2,4,5,0,0,0,0,0,0,0,0
92,37,63,37,49,14,0,100,4,5,2,2,4,5,0,0,0,0,0,0,0,0,4,5,2,2,4,5,0,0,0,0,0,0,0,0,4,5,2,2,4,5,0,0,0,0,0,0,0,0,4,5,2,2,4,5,0,0,0,0,0,0,0,0,4,5,2,2,4,5,0,0,0,0,0,0,0,0,4,5,2,2,4,5,0,0,0,0,0,0,0,0
93,61,39,61,30,9,0,100,4,5,2,2,4,5,0,0,0,0,0,0,0,0,4,5,2,2,4,5,0,0,0,0,0,0,0,0,4,5,2,2,4,5,0,0,0,0,0,0,0,0,4,5,2,2,4,5,0,0,0,0,0,0,0,0,4,5,2,2,4,5,0,0,0,0,0,0,0,0,4,5,2,2,4,5,0,0,0,0,0,0,0,0
94,53,47,53,38,9,0,100,4,5,2,2,4,5,272,1,0,0,0,0,272,1,4,5,2,2,4,5,272,1,0,0,0,0,272,1,4,5,2,2,4,5,272,1,0,0,0,0,272,1,4,5,2,2,4,5,272,1,0,0,0,0,272,1,4,5,2,2,4,5,272,1,0,0,0,0,272,1,4,5,2,2,4,5,272,1,0,0,0,0,272,1
95,28,72,28,0,72,0,100,4,5,2,2,4,5,0,0,0,0,0,0,0,0,4,5,2,2,4,5,0,0,0,0,0,0,0,0,4,5,2,2,4,5,0,0,0,0,0,0,0,0,4,5,2,2,4,5,0,0,0,0,0,0,0,0,4,5,2,2,4,5,0,0,0,0,0,0,0,0,4,5,2,2,4,5,0,0,0,0,0,0,0,0
96,16,84,16,12,72,0,100,4,5,2,2,4,5,0,0,0,0,0,0,0,0,4,5,2,2,4,5,0,0,0,0,0,0,0,0,4,5,2,2,4,5,0,0,0,0,0,0,0,0,4,5,2,2,4,5,0,0,0,0,0,0,0,0,4,5,2,2,4,5,0,0,0,0,0,0,0,0,4,5,2,2,4,5,0,0,0,0,0,0,0,0
97,32,68,32,10,58,0,100,4,5,2,2,4,5,0,0,0,0,0,0,0,0,4,5,2,2,4,5,0,0,0,0,0,0,0,0,4,5,2,2,4,5,0,0,0,0,0,0,0,0,4,5,2,2,4,5,0,0,0,0,0,0,0,0,4,5,2,2,4,5,0,0,0,0,0,0,0,0,4,5,2,2,4,5,0,0,0,0,0,0,0,0
98,48,52,48,6,46,0,100,5,15,5,15,4,5,2448,9,0,0,0,0,2448,9,5,15,5,15,4,5,2448,9,0,0,0,0,2448,9,4,5,2,2,4,5,2448,9,0,0,0,0,2448,9,4,5,2,2,4,5,2448,9,0,0,0,0,2448,9,5,15,5,15,4,5,2448,9,0,0,0,0,2448,9,5,15,5,15,4,5,2448,9,0,0,0,0,2448,9
99,74,26,74,0,26,0,100,5,15,5,15,4,5,0,0,0,0,0,0,0,0,5,15,5,15,4,5,0,0,0,0,0,0,0,0,4,5,2,2,4,5,0,0,0,0,0,0,0,0,4,5,2,2,4,5,0,0,0,0,0,0,0,0,5,15,5,15,4,5,0,0,0,0,0,0,0,0,5,15,5,15,4,5,0,0,0,0,0,0,0,0
100,40,60,40,34,26,0,100,5,15,5,15,4,5,0,0,0,0,0,0,0,0,5,15,5,15,4,5,0,0,0,0,0,0,0,0,4,5,2,2,4,5,0,0,0,0,0,0,0,0,4,5,2,2,4,5,0,0,0,0,0,0,0,0,5,15,5,15,4,5,0,0,0,0,0,0,0,0,5,15,5,15,4,5,0,0,0,0,0,0,0,0
101,73,27,73,10,17,0,100,5,15,5,15,4,5,0,0,0,0,0,0,0,0,5,15,5,15,4,5,0,0,0,0,0,0,0,0,4,5,2,2,4,5,0,0,0,0,0,0,0,0,4,5,2,2,4,5,0,0,0,0,0,0,0,0,5,15,5,15,4,5,0,0,0,0,0,0,0,0,5,15,5,15,4,5,0,0,0,0,0,0,0,0
102,18,82,18,65,17,0,100,5,15,5,15,4,5,816,3,0,0,0,0,816,3,5,15,5,15,4,5,816,3,0,0,0,0,816,3,4,5,2,2,4,5,816,3,0,0,0,0,816,3,4,5,2,2,4,5,816,3,0,0,0,0,816,3,5,15,5,15,4,5,816,3,0,0,0,0,816,3,5,15,5,15,4,5,816,3,0,0,0,0,816,3
103,74,26,74,0,26,0,100,5,15,5,15,4,5,0,0,0,0,0,0,0,0,5,15,5,15,4,5,0,0,0,0,0,0,0,0,5,15,2,2,5,15,0,0,0,0,0,0,0,0,5,15,2,2,5,15,0,0,0,0,0,0,0,0,5,15,5,15,4,5,0,0,0,0,0,0,0,0,5,15,5,15,5,15,0,0,0,0,0,0,0,0
104,20,80,20,54,26,0,100,5,15,5,15,4,5,0,0,0,0,0,0,0,0,5,15,5,15,4,5,0,0,0,0,0,0,0,0,5,15,2,2,5,15,0,0,0,0,0,0,0,0,5,15,2,2,5,15,0,0,0,0,0,0,0,0,5,15,5,15,4,5,0,0,0,0,0,0,0,0,5,15,5,15,5,15,0,0,0,0,0,0,0,0
105,19,81,19,55,26,0,100,5,15,5,15,4,5,0,0,0,0,0,0,0,0,5,15,5,15,4,5,0,0,0,0,0,0,0,0,5,15,2,2,5,15,0,0,0,0,0,0,0,0,5,15,2,2,5,15,0,0,0,0,0,0,0,0,5,15,5,15,4,5,0,0,0,0,0,0,0,0,5,15,5,15,5,15,0,0,0,0,0,0,0,0
106,20,80,20,54,26,0,100,5,15,5,15,4,5,544,2,0,0,0,0,544,2,5,15,5,15,4,5,544,2,0,0,0,0,544,2,5,15,2,2,5,15,544,2,0,0,0,0,544,2,5,15,2,2,5,15,544,2,0,0,0,0,544,2,5,15,5,15,4,5,544,2,0,0,0,0,544,2,5,15,5,15,5,15,544,2,0,0,0,0,544,2
107,21,79,21,0,79,0,100,5,15,5,15,5,15,0,0,0,0,0,0,0,0,5,15,5,15,5,15,0,0,0,0,0,0,0,0,5,15,2,2,5,15,0,0,0,0,0,0,0,0,5,15,2,2,5,15,0,0,0,0,0,0,0,0,5,15,5,15,5,15,0,0,0,0,0,0,0,0,5,15,5,15,5,15,0,0,0,0,0,0,0,0
108,20,80,20,1,79,0,100,5,15,5,15,5,15,0,0,0,0,0,0,0,0,5,15,5,15,5,15,0,0,0,0,0,0,0,0,5,15,2,2,5,15,0,0,0,0,0,0,0,0,5,15,2,2,5,15,0,0,0,0,0,0,0,0,5,15,5,15,5,15,0,0,0,0,0,0,0,0,5,15,5,15,5,15,0,0,0,0,0,0,0,0
109,19,81,19,2,79,0,100,5,15,5,15,5,15,80502,1,80502,1,0,0,0,0,5,15,5,15,5,15,80502,1,80502,1,0,0,0,0,5,15,2,2,5,15,80502,1,80502,1,0,0,0,0,5,15,2,2,5,15,80502,1,80502,1,0,0,0,0,5,15,5,15,5,15,80502,1,80502,1,0,0,0,0,5,15,5,15,5,15,80502,1,80502,1,0,0,0,0
110,18,82,18,3,79,0,100,5,15,5,15,5,15,82194,8,0,0,80290,1,1904,7,5,15,5,15,5,15,82194,8,0,0,80290,1,1904,7,5,15,2,2,5,15,82194,8,0,0,80290,1,1904,7,5,15,2,2,5,15,82194,8,0,0,80290,1,1904,7,5,15,5,15,5,15,82194,8,0,0,80290,1,1904,7,5,15,5,15,5,15,82194,8,0,0,80290,1,1904,7
111,19,81,19,0,81,0,100,5,15,5,15,5,15,0,0,0,0,0,0,0,0,5,15,5,15,5,15,0,0,0,0,0,0,0,0,5,15,2,2,5,15,0,0,0,0,0,0,0,0,5,15,2,2,5,15,0,0,0,0,0,0,0,0,5,15,5,15,5,15,0,0,0,0,0,0,0,0,5,15,5,15,5,15,0,0,0,0,0,0,0,0
112,20,80,20,0,80,0,100,5,15,5,15,5,15,0,0,0,0,0,0,0,0,5,15,5,15,5,15,0,0,0,0,0,0,0,0,5,15,2,2,5,15,0,0,0,0,0,0,0,0,5,15,2,2,5,15,0,0,0,0,0,0,0,0,5,15,5,15,5,15,0,0,0,0,0,0,0,0,5,15,5,15,5,15,0,0,0,0,0,0,0,0
113,19,81,19,1,80,0,100,5,15,5,15,5,15,0,0,0,0,0,0,0,0,5,15,5,15,5,15,0,0,0,0,0,0,0,0,5,15,2,2,5,15,0,0,0,0,0,0,0,0,5,15,2,2,5,15,0,0,0,0,0,0,0,0,5,15,5,15,5,15,0,0,0,0,0,0,0,0,5,15,5,15,5,15,0,0,0,0,0,0,0,0
114,20,80,20,1,79,0,100,6,27,6,27,5,15,2176,8,0,0,0,0,2176,8,6,27,6,27,5,15,2176,8,0,0,0,0,2176,8,6,27,6,27,5,15,2176,8,0,0,0,0,2176,8,6,27,6,27,5,15,2176,8,0,0,0,0,2176,8,6,27,6,27,5,15,2176,8,0,0,0,0,2176,8,6,27,6,27,5,15,2176,8,0,0,0,0,2176,8
115,21,79,21,0,79,0,100,6,27,6,27,5,15,0,0,0,0,0,0,0,0,6,27,6,27,5,15,0,0,0,0,0,0,0,0,6,27,6,27,5,15,0,0,0,0,0,0,0,0,6,27,6,27,5,15,0,0,0,0,0,0,0,0,6,27,6,27,5,15,0,0,0,0,0,0,0,0,6,27,6,27,5,15,0,0,0,0,0,0,0,0
116,22,78,22,0,78,0,100,6,27,6,27,5,15,0,0,0,0,0,0,0,0,6,27,6,27,5,15,0,0,0,0,0,0,0,0,6,27,6,27,5,15,0,0,0,0,0,0,0,0,6,27,6,27,5,15,0,0,0,0,0,0,0,0,6,27,6,27,5,15,0,0,0,0,0,0,0,0,6,27,6,27,5,15,0,0,0,0,0,0,0,0
117,23,77,23,0,77,0,100,6,27,6,27,5,15,0,0,0,0,0,0,0,0,6,27,6,27,5,15,0,0,0,0,0,0,0,0,6,27,6,27,5,15,0,0,0,0,0,0,0,0,6,27,6,27,5,15,0,0,0,0,0,0,0,0,6,27,6,27,5,15,0,0,0,0,0,0,0,0,6,27,6,27,5,15,0,0,0,0,0,0,0,0
118,24,76,24,0,76,0,100,6,27,6,27,5,15,2720,10,0,0,0,0,2720,10,6,27,6,27,5,15,2720,10,0,0,0,0,2720,10,6,27,6,27,5,15,2720,10,0,0,0,0,2720,10,6,27,6,27,5,15,2720,10,0,0,0,0,2720,10,6,27,6,27,5,15,2720,10,0,0,0,0,2720,10,6,27,6,27,5,15,2720,10,0,0,0,0,2720,10
119,25,75,25,0,75,0,100,6,27,6,27,5,15,0,0,0,0,0,0,0,0,6,27,6,27,5,15,0,0,0,0,0,0,0,0,6,27,6,27,5,15,0,0,0,0,0,0,0,0,6,27,6,27,5,15,0,0,0,0,0,0,0,0,6,27,6,27,5,15,0,0,0,0,0,0,0,0,6,27,6,27,5,15,0,0,0,0,0,0,0,0
120,26,74,26,0,74,0,100,6,27,6,27,5,15,0,0,0,0,0,0,0,0,6,27,6,27,5,15,0,0,0,0,0,0,0,0,6,27,6,27,5,15,0,0,0,0,0,0,0,0,6,27,6,27,5,15,0,0,0,0,0,0,0,0,6,27,6,27,5,15,0,0,0,0,0,0,0,0,6,27,6,27,5,15,0,0,0,0,0,0,0,0
121,27,73,27,0,73,0,100,6,27,6,27,5,15,80758,1,80758,1,0,0,0,0,6,27,6,27,5,15,80758,1,80758,1,0,0,0,0,6,27,6,27,5,15,80758,1,80758,1,0,0,0,0,6,27,6,27,5,15,80758,1,80758,1,0,0,0,0,6,27,6,27,5,15,80758,1,80758,1,0,0,0,0,6,27,6,27,5,15,80758,1,80758,1,0,0,0,0
122,26,74,26,1,73,0,100,6,27,6,27,5,15,81922,7,0,0,80290,1,1632,6,6,27,6,27,5,15,81922,7,0,0,80290,1,1632,6,6,27,6,27,5,15,81922,7,0,0,80290,1,1632,6,6,27,6,27,5,15,81922,7,0,0,80290,1,1632,6,6,27,6,27,5,15,81922,7,0,0,80290,1,1632,6,6,27,6,27,5,15,81922,7,0,0,80290,1,1632,6
123,27,73,27,0,73,0,100,6,27,6,27,5,15,0,0,0,0,0,0,0,0,6,27,6,27,5,15,0,0,0,0,0,0,0,0,6,27,6,27,5,15,0,0,0,0,0,0,0,0,6,27,6,27,5,15,0,0,0,0,0,0,0,0,6,27,6,27,5,15,0,0,0,0,0,0,0,0,6,27,6,27,5,15,0,0,0,0,0,0,0,0
124,28,72,28,0,72,0,100,6,27,6,27,5,15,0,0,0,0,0,0,0,0,6,27,6,27,5,15,0,0,0,0,0,0,0,0,6,27,6,27,5,15,0,0,0,0,0,0,0,0,6,27,6,27,5,15,0,0,0,0,0,0,0,0,6,27,6,27,5,15,0,0,0,0,0,0,0,0,6,27,6,27,5,15,0,0,0,0,0,0,0,0
125,29,71,29,0,71,0,100,6,27,6,27,5,15,80630,1,80630,1,0,0,0,0,6,27,6,27,5,15,80630,1,80630,1,0,0,0,0,6,27,6,27,5,15,80630,1,80630,1,0,0,0,0,6,27,6,27,5,15,80630,1,80630,1,0,0,0,0,6,27,6,27,5,15,80630,1,80630,1,0,0,0,0,6,27,6,27,5,15,80630,1,80630,1,0,0,0,0
126,30,70,30,0,70,0,100,6,27,6,27,5,15,82194,8,0,0,80290,1,1904,7,6,27,6,27,5,15,82194,8,0,0,80290,1,1904,7,6,27,6,27,5,15,82194,8,0,0,80290,1,1904,7,6,27,6,27,5,15,82194,8,0,0,80290,1,1904,7,6,27,6,27,5,15,82194,8,0,0,80290,1,1904,7,6,27,6,27,5,15,82194,8,0,0,80290,1,1904,7
127,29,71,29,0,71,0,100,6,27,6,27,5,15,0,0,0,0,0,0,0,0,6,27,6,27,5,15,0,0,0,0,0,0,0,0,6,27,6,27,5,15,0,0,0,0,0,0,0,0,6,27,6,27,5,15,0,0,0,0,0,0,0,0,6,27,6,27,5,15,0,0,0,0,0,0,0,0,6,27,6,27,5,15,0,0,0,0,0,0,0,0
128,30,70,30,0,70,0,100,6,27,6,27,5,15,0,0,0,0,0,0,0,0,6,27,6,27,5,15,0,0,0,0,0,0,0,0,6,27,6,27,5,15,0,0,0,0,0,0,0,0,6,27,6,27,5,15,0,0,0,0,0,0,0,0,6,27,6,27,5,15,0,0,0,0,0,0,0,0,6,27,6,27,5,15,0,0,0,0,0,0,0,0
129,29,71,29,1,70,0,100,6,27,6,27,5,15,0,0,0,0,0,0,0,0,6,27,6,27,5,15,0,0,0,0,0,0,0,0,6,27,6,27,5,15,0,0,0,0,0,0,0,0,6,27,6,27,5,15,0,0,0,0,0,0,0,0,6,27,6,27,5,15,0,0,0,0,0,0,0,0,6,27,6,27,5,15,0,0,0,0,0,0,0,0
130,28,72,28,2,70,0,100,8,31,8,31,5,15,2176,8,0,0,0,0,2176,8,8,31,8,31,5,15,2176,8,0,0,0,0,2176,8,8,31,8,31,5,15,2176,8,0,0,0,0,2176,8,8,31,8,31,5,15,2176,8,0,0,0,0,2176,8,8,31,8,31,5,15,2176,8,0,0,0,0,2176,8,8,31,8,31,5,15,2176,8,0,0,0,0,2176,8
131,27,73,27,0,73,0,100,8,31,8,31,5,15,0,0,0,0,0,0,0,0,8,31,8,31,5,15,0,0,0,0,0,0,0,0,8,31,8,31,5,15,0,0,0,0,0,0,0,0,8,31,8,31,5,15,0,0,0,0,0,0,0,0,8,31,8,31,5,15,0,0,0,0,0,0,0,0,8,31,8,31,5,15,0,0,0,0,0,0,0,0
132,28,72,28,0,72,0,100,8,31,8,31,5,15,0,0,0,0,0,0,0,0,8,31,8,31,5,15,0,0,0,0,0,0,0,0,8,31,8,31,5,15,0,0,0,0,0,0,0,0,8,31,8,31,5,15,0,0,0,0,0,0,0,0,8,31,8,31,5,15,0,0,0,0,0,0,0,0,8,31,8,31,5,15,0,0,0,0,0,0,0,0
133,27,73,27,1,72,0,100,8,31,8,31,5,15,0,0,0,0,0,0,0,0,8,31,8,31,5,15,0,0,0,0,0,0,0,0,8,31,8,31,5,15,0,0,0,0,0,0,0,0,8,31,8,31,5,15,0,0,0,0,0,0,0,0,8,31,8,31,5,15,0,0,0,0,0,0,0,0,8,31,8,31,5,15,0,0,0,0,0,0,0,0
134,28,72,28,1,71,0,100,8,31,8,31,5,15,2176,8,0,0,0,0,2176,8,8,31,8,31,5,15,2176,8,0,0,0,0,2176,8,8,31,8,31,5,15,2176,8,0,0,0,0,2176,8,8,31,8,31,5,15,2176,8,0,0,0,0,2176,8,8,31,8,31,5,15,2176,8,0,0,0,0,2176,8,8,31,8,31,5,15,2176,8,0,0,0,0,2176,8
135,29,71,29,0,71,0,100,8,31,8,31,5,15,0,0,0,0,0,0,0,0,8,31,8,31,5,15,0,0,0,0,0,0,0,0,8,31,8,31,5,15,0,0,0,0,0,0,0,0,8,31,8,31,5,15,0,0,0,0,0,0,0,0,8,31,8,31,5,15,0,0,0,0,0,0,0,0,8,31,8,31,5,15,0,0,0,0,0,0,0,0
136,30,70,30,0,70,0,100,8,31,8,31,5,15,0,0,0,0,0,0,0,0,8,31,8,31,5,15,0,0,0,0,0,0,0,0,8,31,8,31,5,15,0,0,0,0,0,0,0,0,8,31,8,31,5,15,0,0,0,0,0,0,0,0,8,31,8,31,5,15,0,0,0,0,0,0,0,0,8,31,8,31,5,15,0,0,0,0,0,0,0,0
137,30,70,30,0,70,0,100,8,31,8,31,5,15,0,0,0,0,0,0,0,0,8,31,8,31,5,15,0,0,0,0,0,0,0,0,8,31,8,31,5,15,0,0,0,0,0,0,0,0,8,31,8,31,5,15,0,0,0,0,0,0,0,0,8,31,8,31,5,15,0,0,0,0,0,0,0,0,8,31,8,31,5,15,0,0,0,0,0,0,0,0
138,30,70,30,0,70,0,100,8,31,8,31,5,15,1632,6,0,0,0,0,1632,6,8,31,8,31,5,15,1632,6,0,0,0,0,1632,6,8,31,8,31,5,15,1632,6,0,0,0,0,1632,6,8,31,8,31,5,15,1632,6,0,0,0,0,1632,6,8,31,8,31,5,15,1632,6,0,0,0,0,1632,6,8,31,8,31,5,15,1632,6,0,0,0,0,1632,6
139,29,71,29,0,71,0,100,8,31,8,31,5,15,0,0,0,0,0,0,0,0,8,31,8,31,5,15,0,0,0,0,0,0,0,0,8,31,8,31,5,15,0,0,0,0,0,0,0,0,8,31,8,31,5,15,0,0,0,0,0,0,0,0,8,31,8,31,5,15,0,0,0,0,0,0,0,0,8,31,8,31,5,15,0,0,0,0,0,0,0,0
140,30,70,30,0,70,0,100,8,31,8,31,5,15,0,0,0,0,0,0,0,0,8,31,8,31,5,15,0,0,0,0,0,0,0,0,8,31,8,31,5,15,0,0,0,0,0,0,0,0,8,31,8,31,5,15,0,0,0,0,0,0,0,0,8,31,8,31,5,15,0,0,0,0,0,0,0,0,8,31,8,31,5,15,0,0,0,0,0,0,0,0
141,30,70,30,0,70,0,100,8,31,8,31,5,15,80630,1,80630,1,0,0,0,0,8,31,8,31,5,15,80630,1,80630,1,0,0,0,0,8,31,8,31,5,15,80630,1,80630,1,0,0,0,0,8,31,8,31,5,15,80630,1,80630,1,0,0,0,0,8,31,8,31,5,15,80630,1,80630,1,0,0,0,0,8,31,8,31,5,15,80630,1,80630,1,0,0,0,0
142,30,70,30,0,70,0,100,8,31,8,31,5,15,82194,8,0,0,80290,1,1904,7,8,31,8,31,5,15,82194,8,0,0,80290,1,1904,7,8,31,8,31,5,15,82194,8,0,0,80290,1,1904,7,8,31,8,31,5,15,82194,8,0,0,80290,1,1904,7,8,31,8,31,5,15,82194,8,0,0,80290,1,1904,7,8,31,8,31,5,15,82194,8,0,0,80290,1,1904,7
143,29,71,29,0,71,0,100,8,31,8,31,5,15,0,0,0,0,0,0,0,0,8,31,8,31,5,15,0,0,0,0,0,0,0,0,8,31,8,31,5,15,0,0,0,0,0,0,0,0,8,31,8,31,5,15,0,0,0,0,0,0,0,0,8,31,8,31,5,15,0,0,0,0,0,0,0,0,8,31,8,31,5,15,0,0,0,0,0,0,0,0
144,28,72,28,1,71,0,100,8,31,8,31,5,15,0,0,0,0,0,0,0,0,8,31,8,31,5,15,0,0,0,0,0,0,0,0,8,31,8,31,5,15,0,0,0,0,0,0,0,0,8,31,8,31,5,15,0,0,0,0,0,0,0,0,8,31,8,31,5,15,0,0,0,0,0,0,0,0,8,31,8,31,5,15,0,0,0,0,0,0,0,0
145,80,20,80,0,20,0,100,8,31,8,31,5,15,0,0,0,0,0,0,0,0,8,31,8,31,5,15,0,0,0,0,0,0,0,0,8,31,8,31,5,15,0,0,0,0,0,0,0,0,8,31,8,31,5,15,0,0,0,0,0,0,0,0,8,31,8,31,5,15,0,0,0,0,0,0,0,0,8,31,8,31,5,15,0,0,0,0,0,0,0,0
146,79,21,79,1,20,0,100,8,31,8,31,5,15,272,1,0,0,0,0,272,1,8,31,8,31,5,15,272,1,0,0,0,0,272,1,8,31,8,31,5,15,272,1,0,0,0,0,272,1,8,31,8,31,5,15,272,1,0,0,0,0,272,1,8,31,8,31,5,15,272,1,0,0,0,0,272,1,8,31,8,31,5,15,272,1,0,0,0,0,272,1
147,80,20,80,0,20,0,100,8,31,8,31,5,15,0,0,0,0,0,0,0,0,8,31,8,31,5,15,0,0,0,0,0,0,0,0,8,31,8,31,5,15,0,0,0,0,0,0,0,0,8,31,8,31,5,15,0,0,0,0,0,0,0,0,8,31,8,31,5,15,0,0,0,0,0,0,0,0,8,31,8,31,5,15,0,0,0,0,0,0,0,0
148,81,19,81,0,19,0,100,8,31,8,31,5,15,0,0,0,0,0,0,0,0,8,31,8,31,5,15,0,0,0,0,0,0,0,0,8,31,8,31,5,15,0,0,0,0,0,0,0,0,8,31,8,31,5,15,0,0,0,0,0,0,0,0,8,31,8,31,5,15,0,0,0,0,0,0,0,0,8,31,8,31,5,15,0,0,0,0,0,0,0,0
149,80,20,80,1,19,0,100,8,31,8,31,5,15,0,0,0,0,0,0,0,0,8,31,8,31,5,15,0,0,0,0,0,0,0,0,8,31,8,31,5,15,0,0,0,0,0,0,0,0,8,31,8,31,5,15,0,0,0,0,0,0,0,0,8,31,8,31,5,15,0,0,0,0,0,0,0,0,8,31,8,31,5,15,0,0,0,0,0,0,0,0
150,81,19,81,1,18,0,100,8,31,8,31,5,15,0,0,0,0,0,0,0,0,8,31,8,31,5,15,0,0,0,0,0,0,0,0,8,31,8,31,5,15,0,0,0,0,0,0,0,0,8,31,8,31,5,15,0,0,0,0,0,0,0,0,8,31,8,31,5,15,0,0,0,0,0,0,0,0,8,31,8,31,5,15,0,0,0,0,0,0,0,0
151,82,18,82,0,18,0,100,8,31,8,31,5,15,0,0,0,0,0,0,0,0,8,31,8,31,5,15,0,0,0,0,0,0,0,0,8,31,8,31,5,15,0,0,0,0,0,0,0,0,8,31,8,31,5,15,0,0,0,0,0,0,0,0,8,31,8,31,5,15,0,0,0,0,0,0,0,0,8,31,8,31,6,27,0,0,0,0,0,0,0,0
152,81,19,81,1,18,0,100,8,31,8,31,5,15,0,0,0,0,0,0,0,0,8,31,8,31,5,15,0,0,0,0,0,0,0,0,8,31,8,31,5,15,0,0,0,0,0,0,0,0,8,31,8,31,5,15,0,0,0,0,0,0,0,0,8,31,8,31,5,15,0,0,0,0,0,0,0,0,8,31,8,31,6,27,0,0,0,0,0,0,0,0
153,80,20,80,2,18,0,100,8,31,8,31,5,15,0,0,0,0,0,0,0,0,8,31,8,31,5,15,0,0,0,0,0,0,0,0,8,31,8,31,5,15,0,0,0,0,0,0,0,0,8,31,8,31,5,15,0,0,0,0,0,0,0,0,8,31,8,31,5,15,0,0,0,0,0,0,0,0,8,31,8,31,6,27,0,0,0,0,0,0,0,0
154,79,21,79,3,18,0,100,8,31,8,31,5,15,0,0,0,0,0,0,0,0,8,31,8,31,5,15,0,0,0,0,0,0,0,0,8,31,8,31,5,15,0,0,0,0,0,0,0,0,8,31,8,31,5,15,0,0,0,0,0,0,0,0,8,31,8,31,5,15,0,0,0,0,0,0,0,0,8,31,8,31,6,27,0,0,0,0,0,0,0,0
155,78,22,78,0,22,0,100,8,31,8,31,5,15,0,0,0,0,0,0,0,0,8,31,8,31,5,15,0,0,0,0,0,0,0,0,8,31,8,31,5,15,0,0,0,0,0,0,0,0,8,31,8,31,5,15,0,0,0,0,0,0,0,0,8,31,8,31,5,15,0,0,0,0,0,0,0,0,8,31,8,31,6,27,0,0,0,0,0,0,0,0
156,79,21,79,0,21,0,100,8,31,8,31,5,15,0,0,0,0,0,0,0,0,8,31,8,31,5,15,0,0,0,0,0,0,0,0,8,31,8,31,5,15,0,0,0,0,0,0,0,0,8,31,8,31,5,15,0,0,0,0,0,0,0,0,8,31,8,31,5,15,0,0,0,0,0,0,0,0,8,31,8,31,6,27,0,0,0,0,0,0,0,0
157,78,22,78,1,21,0,100,8,31,8,31,5,15,0,0,0,0,0,0,0,0,8,31,8,31,5,15,0,0,0,0,0,0,0,0,8,31,8,31,5,15,0,0,0,0,0,0,0,0,8,31,8,31,5,15,0,0,0,0,0,0,0,0,8,31,8,31,5,15,0,0,0,0,0,0,0,0,8,31,8,31,6,27,0,0,0,0,0,0,0,0
158,79,21,79,1,20,0,100,8,31,8,31,5,15,816,3,0,0,0,0,816,3,8,31,8,31,5,15,816,3,0,0,0,0,816,3,8,31,8,31,5,15,816,3,0,0,0,0,816,3,8,31,8,31,5,15,816,3,0,0,0,0,816,3,8,31,8,31,5,15,816,3,0,0,0,0,816,3,8,31,8,31,6,27,816,3,0,0,0,0,816,3
159,78,22,78,0,22,0,100,8,31,8,31,5,15,0,0,0,0,0,0,0,0,8,31,8,31,5,15,0,0,0,0,0,0,0,0,8,31,8,31,5,15,0,0,0,0,0,0,0,0,8,31,8,31,5,15,0,0,0,0,0,0,0,0,8,31,8,31,5,15,0,0,0,0,0,0,0,0,8,31,8,31,6,27,0,0,0,0,0,0,0,0
160,77,23,77,1,22,0,100,8,31,8,31,5,15,0,0,0,0,0,0,0,0,8,31,8,31,5,15,0,0,0,0,0,0,0,0,8,31,8,31,5,15,0,0,0,0,0,0,0,0,8,31,8,31,5,15,0,0,0,0,0,0,0,0,8,31,8,31,5,15,0,0,0,0,0,0,0,0,8,31,8,31,6,27,0,0,0,0,0,0,0,0
161,76,24,76,2,22,0,100,8,31,8,31,5,15,0,0,0,0,0,0,0,0,8,31,8,31,5,15,0,0,0,0,0,0,0,0,8,31,8,31,5,15,0,0,0,0,0,0,0,0,8,31,8,31,5,15,0,0,0,0,0,0,0,0,8,31,8,31,5,15,0,0,0,0,0,0,0,0,8,31,8,31,6,27,0,0,0,0,0,0,0,0
162,75,25,75,3,22,0,100,8,31,8,31,5,15,1360,5,0,0,0,0,1360,5,8,31,8,31,5,15,1360,5,0,0,0,0,1360,5,8,31,8,31,5,15,1360,5,0,0,0,0,1360,5,8,31,8,31,5,15,1360,5,0,0,0,0,1360,5,8,31,8,31,5,15,1360,5,0,0,0,0,1360,5,8,31,8,31,6,27,1360,5,0,0,0,0,1360,5
163,76,24,76,0,24,0,100,8,31,8,31,5,15,0,0,0,0,0,0,0,0,8,31,8,31,5,15,0,0,0,0,0,0,0,0,8,31,8,31,5,15,0,0,0,0,0,0,0,0,8,31,8,31,5,15,0,0,0,0,0,0,0,0,8,31,8,31,5,15,0,0,0,0,0,0,0,0,8,31,8,31,7,30,0,0,0,0,0,0,0,0
164,77,23,77,0,23,0,100,8,31,8,31,5,15,0,0,0,0,0,0,0,0,8,31,8,31,5,15,0,0,0,0,0,0,0,0,8,31,8,31,5,15,0,0,0,0,0,0,0,0,8,31,8,31,5,15,0,0,0,0,0,0,0,0,8,31,8,31,5,15,0,0,0,0,0,0,0,0,8,31,8,31,7,30,0,0,0,0,0,0,0,0
165,76,24,76,1,23,0,100,8,31,8,31,5,15,0,0,0,0,0,0,0,0,8,31,8,31,5,15,0,0,0,0,0,0,0,0,8,31,8,31,5,15,0,0,0,0,0,0,0,0,8,31,8,31,5,15,0,0,0,0,0,0,0,0,8,31,8,31,5,15,0,0,0,0,0,0,0,0,8,31,8,31,7,30,0,0,0,0,0,0,0,0
166,77,23,77,1,22,0,100,8,31,8,31,5,15,1088,4,0,0,0,0,1088,4,8,31,8,31,5,15,1088,4,0,0,0,0,1088,4,8,31,8,31,5,15,1088,4,0,0,0,0,1088,4,8,31,8,31,5,15,1088,4,0,0,0,0,1088,4,8,31,8,31,5,15,1088,4,0,0,0,0,1088,4,8,31,8,31,7,30,1088,4,0,0,0,0,1088,4
167,76,24,76,0,24,0,100,8,31,8,31,5,15,0,0,0,0,0,0,0,0,8,31,8,31,5,15,0,0,0,0,0,0,0,0,8,31,8,31,5,15,0,0,0,0,0,0,0,0,8,31,8,31,5,15,0,0,0,0,0,0,0,0,8,31,8,31,5,15,0,0,0,0,0,0,0,0,8,31,8,31,8,31,0,0,0,0,0,0,0,0
168,77,23,77,0,23,0,100,8,31,8,31,5,15,0,0,0,0,0,0,0,0,8,31,8,31,5,15,0,0,0,0,0,0,0,0,8,31,8,31,5,15,0,0,0,0,0,0,0,0,8,31,8,31,5,15,0,0,0,0,0,0,0,0,8,31,8,31,5,15,0,0,0,0,0,0,0,0,8,31,8,31,8,31,0,0,0,0,0,0,0,0
169,78,22,78,0,22,0,100,8,31,8,31,5,15,0,0,0,0,0,0,0,0,8,31,8,31,5,15,0,0,0,0,0,0,0,0,8,31,8,31,5,15,0,0,0,0,0,0,0,0,8,31,8,31,5,15,0,0,0,0,0,0,0,0,8,31,8,31,5,15,0,0,0,0,0,0,0,0,8,31,8,31,8,31,0,0,0,0,0,0,0,0
170,79,21,79,0,21,0,100,8,31,8,31,5,15,816,3,0,0,0,0,816,3,8,31,8,31,5,15,816,3,0,0,0,0,816,3,8,31,8,31,5,15,816,3,0,0,0,0,816,3,8,31,8,31,5,15,816,3,0,0,0,0,816,3,8,31,8,31,5,15,816,3,0,0,0,0,816,3,8,31,8,31,8,31,816,3,0,0,0,0,816,3
171,80,20,80,0,20,0,100,8,31,8,31,5,15,0,0,0,0,0,0,0,0,8,31,8,31,5,15,0,0,0,0,0,0,0,0,8,31,8,31,5,15,0,0,0,0,0,0,0,0,8,31,8,31,5,15,0,0,0,0,0,0,0,0,8,31,8,31,5,15,0,0,0,0,0,0,0,0,8,31,8,31,8,31,0,0,0,0,0,0,0,0
172,79,21,79,1,20,0,100,8,31,8,31,5,15,0,0,0,0,0,0,0,0,8,31,8,31,5,15,0,0,0,0,0,0,0,0,8,31,8,31,5,15,0,0,0,0,0,0,0,0,8,31,8,31,5,15,0,0,0,0,0,0,0,0,8,31,8,31,5,15,0,0,0,0,0,0,0,0,8,31,8,31,8,31,0,0,0,0,0,0,0,0
173,78,22,78,2,20,0,100,8,31,8,31,5,15,0,0,0,0,0,0,0,0,8,31,8,31,5,15,0,0,0,0,0,0,0,0,8,31,8,31,5,15,0,0,0,0,0,0,0,0,8,31,8,31,5,15,0,0,0,0,0,0,0,0,8,31,8,31,5,15,0,0,0,0,0,0,0,0,8,31,8,31,8,31,0,0,0,0,0,0,0,0
174,77,23,77,3,20,0,100,8,31,8,31,5,15,0,0,0,0,0,0,0,0,8,31,8,31,5,15,0,0,0,0,0,0,0,0,8,31,8,31,5,15,0,0,0,0,0,0,0,0,8,31,8,31,5,15,0,0,0,0,0,0,0,0,8,31,8,31,5,15,0,0,0,0,0,0,0,0,8,31,8,31,8,31,0,0,0,0,0,0,0,0
175,78,22,78,0,22,0,100,8,31,8,31,5,15,0,0,0,0,0,0,0,0,8,31,8,31,5,15,0,0,0,0,0,0,0,0,8,31,8,31,5,15,0,0,0,0,0,0,0,0,8,31,8,31,5,15,0,0,0,0,0,0,0,0,8,31,8,31,5,15,0,0,0,0,0,0,0,0,8,31,8,31,8,31,0,0,0,0,0,0,0,0
176,77,23,77,1,22,0,100,8,31,8,31,5,15,0,0,0,0,0,0,0,0,8,31,8,31,5,15,0,0,0,0,0,0,0,0,8,31,8,31,5,15,0,0,0,0,0,0,0,0,8,31,8,31,5,15,0,0,0,0,0,0,0,0,8,31,8,31,5,15,0,0,0,0,0,0,0,0,8,31,8,31,8,31,0,0,0,0,0,0,0,0
177,76,24,76,2,22,0,100,8,31,8,31,5,15,0,0,0,0,0,0,0,0,8,31,8,31,5,15,0,0,0,0,0,0,0,0,8,31,8,31,5,15,0,0,0,0,0,0,0,0,8,31,8,31,5,15,0,0,0,0,0,0,0,0,8,31,8,31,5,15,0,0,0,0,0,0,0,0,8,31,8,31,8,31,0,0,0,0,0,0,0,0
178,77,23,77,2,21,0,100,8,31,8,31,5,15,544,2,0,0,0,0,544,2,8,31,8,31,5,15,544,2,0,0,0,0,544,2,8,31,8,31,5,15,544,2,0,0,0,0,544,2,8,31,8,31,5,15,544,2,0,0,0,0,544,2,8,31,8,31,5,15,544,2,0,0,0,0,544,2,8,31,8,31,8,31,544,2,0,0,0,0,544,2
179,76,24,76,0,24,0,100,8,31,8,31,5,15,0,0,0,0,0,0,0,0,8,31,8,31,5,15,0,0,0,0,0,0,0,0,8,31,8,31,5,15,0,0,0,0,0,0,0,0,8,31,8,31,5,15,0,0,0,0,0,0,0,0,8,31,8,31,5,15,0,0,0,0,0,0,0,0,8,31,8,31,8,31,0,0,0,0,0,0,0,0
180,77,23,77,0,23,0,100,8,31,8,31,5,15,0,0,0,0,0,0,0,0,8,31,8,31,5,15,0,0,0,0,0,0,0,0,8,31,8,31,5,15,0,0,0,0,0,0,0,0,8,31,8,31,5,15,0,0,0,0,0,0,0,0,8,31,8,31,5,15,0,0,0,0,0,0,0,0,8,31,8,31,8,31,0,0,0,0,0,0,0,0
181,76,24,76,1,23,0,100,8,31,8,31,5,15,0,0,0,0,0,0,0,0,8,31,8,31,5,15,0,0,0,0,0,0,0,0,8,31,8,31,5,15,0,0,0,0,0,0,0,0,8,31,8,31,5,15,0,0,0,0,0,0,0,0,8,31,8,31,5,15,0,0,0,0,0,0,0,0,8,31,8,31,8,31,0,0,0,0,0,0,0,0
182,75,25,75,2,23,0,100,8,31,8,31,5,15,272,1,0,0,0,0,272,1,8,31,8,31,5,15,272,1,0,0,0,0,272,1,8,31,8,31,5,15,272,1,0,0,0,0,272,1,8,31,8,31,5,15,272,1,0,0,0,0,272,1,8,31,8,31,5,15,272,1,0,0,0,0,272,1,8,31,8,31,8,31,272,1,0,0,0,0,272,1
183,76,24,76,0,24,0,100,8,31,8,31,5,15,0,0,0,0,0,0,0,0,8,31,8,31,5,15,0,0,0,0,0,0,0,0,8,31,8,31,5,15,0,0,0,0,0,0,0,0,8,31,8,31,5,15,0,0,0,0,0,0,0,0,8,31,8,31,5,15,0,0,0,0,0,0,0,0,9,35,8,31,9,35,0,0,0,0,0,0,0,0
184,75,25,75,1,24,0,100,8,31,8,31,5,15,0,0,0,0,0,0,0,0,8,31,8,31,5,15,0,0,0,0,0,0,0,0,8,31,8,31,5,15,0,0,0,0,0,0,0,0,8,31,8,31,5,15,0,0,0,0,0,0,0,0,8,31,8,31,5,15,0,0,0,0,0,0,0,0,9,35,8,31,9,35,0,0,0,0,0,0,0,0
185,0,100,0,76,24,0,100,8,31,8,31,5,15,0,0,0,0,0,0,0,0,8,31,8,31,5,15,0,0,0,0,0,0,0,0,8,31,8,31,5,15,0,0,0,0,0,0,0,0,8,31,8,31,5,15,0,0,0,0,0,0,0,0,8,31,8,31,5,15,0,0,0,0,0,0,0,0,9,35,8,31,9,35,0,0,0,0,0,0,0,0
186,0,100,0,76,24,0,100,8,31,8,31,5,15,0,0,0,0,0,0,0,0,8,31,8,31,5,15,0,0,0,0,0,0,0,0,8,31,8,31,5,15,0,0,0,0,0,0,0,0,8,31,8,31,5,15,0,0,0,0,0,0,0,0,8,31,8,31,5,15,0,0,0,0,0,0,0,0,9,35,8,31,9,35,0,0,0,0,0,0,0,0
187,0,100,0,0,100,0,100,9,35,8,31,9,35,0,0,0,0,0,0,0,0,9,35,8,31,9,35,0,0,0,0,0,0,0,0,9,35,8,31,9,35,0,0,0,0,0,0,0,0,9,35,8,31,9,35,0,0,0,0,0,0,0,0,9,35,8,31,9,35,0,0,0,0,0,0,0,0,9,35,8,31,9,35,0,0,0,0,0,0,0,0
188,0,100,0,0,100,0,100,9,35,8,31,9,35,0,0,0,0,0,0,0,0,9,35,8,31,9,35,0,0,0,0,0,0,0,0,9,35,8,31,9,35,0,0,0,0,0,0,0,0,9,35,8,31,9,35,0,0,0,0,0,0,0,0,9,35,8,31,9,35,0,0,0,0,0,0,0,0,9,35,8,31,9,35,0,0,0,0,0,0,0,0
189,0,100,0,0,100,0,100,9,35,8,31,9,35,0,0,0,0,0,0,0,0,9,35,8,31,9,35,0,0,0,0,0,0,0,0,9,35,8,31,9,35,0,0,0,0,0,0,0,0,9,35,8,31,9,35,0,0,0,0,0,0,0,0,9,35,8,31,9,35,0,0,0,0,0,0,0,0,9,35,8,31,9,35,0,0,0,0,0,0,0,0
190,0,100,0,0,100,0,100,9,35,9,35,9,35,4080,15,0,0,0,0,4080,15,9,35,9,35,9,35,4080,15,0,0,0,0,4080,15,9,35,9,35,9,35,4080,15,0,0,0,0,4080,15,9,35,9,35,9,35,4080,15,0,0,0,0,4080,15,9,35,9,35,9,35,4080,15,0,0,0,0,4080,15,9,35,9,35,9,35,4080,15,0,0,0,0,4080,15
191,0,100,0,0,100,0,100,9,35,9,35,9,35,0,0,0,0,0,0,0,0,9,35,9,35,9,35,0,0,0,0,0,0,0,0,9,35,9,35,9,35,0,0,0,0,0,0,0,0,9,35,9,35,9,35,0,0,0,0,0,0,0,0,9,35,9,35,9,35,0,0,0,0,0,0,0,0,9,35,9,35,9,35,0,0,0,0,0,0,0,0
192,0,100,0,0,100,0,100,9,35,9,35,9,35,0,0,0,0,0,0,0,0,9,35,9,35,9,35,0,0,0,0,0,0,0,0,9,35,9,35,9,35,0,0,0,0,0,0,0,0,9,35,9,35,9,35,0,0,0,0,0,0,0,0,9,35,9,35,9,35,0,0,0,0,0,0,0,0,9,35,9,35,9,35,0,0,0,0,0,0,0,0
193,0,100,0,0,100,0,100,9,35,9,35,9,35,0,0,0,0,0,0,0,0,9,35,9,35,9,35,0,0,0,0,0,0,0,0,9,35,9,35,9,35,0,0,0,0,0,0,0,0,9,35,9,35,9,35,0,0,0,0,0,0,0,0,9,35,9,35,9,35,0,0,0,0,0,0,0,0,9,35,9,35,9,35,0,0,0,0,0,0,0,0
194,0,100,0,0,100,0,100,9,35,9,35,9,35,2448,9,0,0,0,0,2448,9,9,35,9,35,9,35,2448,9,0,0,0,0,2448,9,9,35,9,35,9,35,2448,9,0,0,0,0,2448,9,9,35,9,35,9,35,2448,9,0,0,0,0,2448,9,9,35,9,35,9,35,2448,9,0,0,0,0,2448,9,9,35,9,35,9,35,2448,9,0,0,0,0,2448,9
195,0,100,0,0,100,0,100,9,35,9,35,9,35,0,0,0,0,0,0,0,0,9,35,9,35,9,35,0,0,0,0,0,0,0,0,9,35,9,35,9,35,0,0,0,0,0,0,0,0,9,35,9,35,9,35,0,0,0,0,0,0,0,0,9,35,9,35,9,35,0,0,0,0,0,0,0,0,9,35,9,35,9,35,0,0,0,0,0,0,0,0
196,0,100,0,0,100,0,100,9,35,9,35,9,35,0,0,0,0,0,0,0,0,9,35,9,35,9,35,0,0,0,0,0,0,0,0,9,35,9,35,9,35,0,0,0,0,0,0,0,0,9,35,9,35,9,35,0,0,0,0,0,0,0,0,9,35,9,35,9,35,0,0,0,0,0,0,0,0,9,35,9,35,9,35,0,0,0,0,0,0,0,0
197,0,100,0,0,100,0,100,9,35,9,35,9,35,80726,1,80726,1,0,0,0,0,9,35,9,35,9,35,80726,1,80726,1,0,0,0,0,9,35,9,35,9,35,80726,1,80726,1,0,0,0,0,9,35,9,35,9,35,80726,1,80726,1,0,0,0,0,9,35,9,35,9,35,80726,1,80726,1,0,0,0,0,9,35,9,35,9,35,80726,1,80726,1,0,0,0,0
198,0,100,0,0,100,0,100,10,49,10,49,9,35,83826,14,0,0,80290,1,3536,13,10,49,10,49,9,35,83826,14,0,0,80290,1,3536,13,10,49,10,49,9,35,83826,14,0,0,80290,1,3536,13,10,49,10,49,9,35,83826,14,0,0,80290,1,3536,13,10,49,10,49,9,35,83826,14,0,0,80290,1,3536,13,10,49,10,49,9,35,83826,14,0,0,80290,1,3536,13
199,0,100,0,0,100,0,100,10,49,10,49,9,35,0,0,0,0,0,0,0,0,10,49,10,49,9,35,0,0,0,0,0,0,0,0,10,49,10,49,9,35,0,0,0,0,0,0,0,0,10,49,10,49,9,35,0,0,0,0,0,0,0,0,10,49,10,49,9,35,0,0,0,0,0,0,0,0,10,49,10,49,9,35,0,0,0,0,0,0,0,0
200,0,100,0,0,100,0,100,10,49,10,49,9,35,0,0,0,0,0,0,0,0,10,49,10,49,9,35,0,0,0,0,0,0,0,0,10,49,10,49,9,35,0,0,0,0,0,0,0,0,10,49,10,49,9,35,0,0,0,0,0,0,0,0,10,49,10,49,9,35,0,0,0,0,0,0,0,0,10,49,10,49,9,35,0,0,0,0,0,0,0,0
201,0,100,0,0,100,0,100,10,49,10,49,9,35,0,0,0,0,0,0,0,0,10,49,10,49,9,35,0,0,0,0,0,0,0,0,10,49,10,49,9,35,0,0,0,0,0,0,0,0,10,49,10,49,9,35,0,0,0,0,0,0,0,0,10,49,10,49,9,35,0,0,0,0,0,0,0,0,10,49,10,49,9,35,0,0,0,0,0,0,0,0
202,0,100,0,0,100,0,100,10,49,10,49,9,35,1632,6,0,0,0,0,1632,6,10,49,10,49,9,35,1632,6,0,0,0,0,1632,6,10,49,10,49,9,35,1632,6,0,0,0,0,1632,6,10,49,10,49,9,35,1632,6,0,0,0,0,1632,6,10,49,10,49,9,35,1632,6,0,0,0,0,1632,6,10,49,10,49,9,35,1632,6,0,0,0,0,1632,6
203,0,100,0,0,100,0,100,10,49,10,49,9,35,0,0,0,0,0,0,0,0,10,49,10,49,9,35,0,0,0,0,0,0,0,0,10,49,10,49,9,35,0,0,0,0,0,0,0,0,10,49,10,49,9,35,0,0,0,0,0,0,0,0,10,49,10,49,9,35,0,0,0,0,0,0,0,0,10,49,10,49,9,35,0,0,0,0,0,0,0,0

digraph G {
  rankdir=BT;
  style=filled;
  color=lightgrey;
  node [shape=box,style=filled,color=white];
  b_H9yLmDXZwVh [label="H(9yLmDXZwVh)\nt=4 id=83"];
  b_HrIUJYisk [label="H(rIUJY+isk+)\nt=2 id=92"];
  b_HtfjqBmd7q [label="H(tfjq+Bmd7q)\n"];
  b_Hyj0ZfalKU2 [label="H(yj0ZfalKU2)\nt=5 id=72"];
  b_Ho1DlUIj9P4 [label="H(o1DlUIj9P4)\nt=15 id=82"];
  b_HotGBe9d71 [label="H(+otGBe9d71)\nt=27 id=56"];
  b_HsdUTFAdLO2 [label="H(sdUTFAdLO2)\nt=30 id=62"];
  b_HUxt9dgOKFh [label="H(Uxt9dgOKFh)\nt=35 id=96"];
  b_HcvyFgJAhTm [label="H(cvyFgJAhTm)\nt=31 id=63"];
  b_HMI9cbZocm5 [label="H(MI9cbZocm5)\nt=49 id=93"];
  b_HD3qf6xsrY [label="H(D3qf6/xsrY)\nt=1 id=38"];
  b_H9yLmDXZwVh -> b_HrIUJYisk;
  b_HrIUJYisk -> b_HD3qf6xsrY;
  b_Hyj0ZfalKU2 -> b_H9yLmDXZwVh;
  b_Ho1DlUIj9P4 -> b_Hyj0ZfalKU2;
  b_HotGBe9d71 -> b_Ho1DlUIj9P4;
  b_HsdUTFAdLO2 -> b_HotGBe9d71;
  b_HUxt9dgOKFh -> b_HcvyFgJAhTm;
  b_HcvyFgJAhTm -> b_HsdUTFAdLO2;
  b_HMI9cbZocm5 -> b_HUxt9dgOKFh;
  b_HD3qf6xsrY -> b_HtfjqBmd7q;
  v_HVqQmzA62Rv [label="id=98 t=50"];
  v_HVqQmzA62Rv -> b_HMI9cbZocm5;
  v_HVX2SxU92lA [label="id=84 t=50"];
  v_HVX2SxU92lA -> b_HMI9cbZocm5;
  v_HOyztQyxp6e [label="id=1 t=50"];
  v_HOyztQyxp6e -> b_HMI9cbZocm5;
  v_Hl9WscJF3D7 [label="id=88 t=50"];
  v_Hl9WscJF3D7 -> b_HMI9cbZocm5;
  v_HUlY5mH1i6 [label="id=22 t=50"];
  v_HUlY5mH1i6 -> b_HMI9cbZocm5;
  v_HepFeJYQfm2 [label="id=86 t=50"];
  v_HepFeJYQfm2 -> b_HMI9cbZocm5;
}


ALWAYS AWAKE final ledgers: 10 49 10 49 9 35
ALWAYS AWAKE total communication: 1757197 268
ALWAYS AWAKE blocks communication: 802896 10
ALWAYS AWAKE votes communication: 67184 247
ALWAYS AWAKE proposals communication: 887117 11
