r,n_asleep,n_awake,n_honest_asleep,n_honest_dreamy,n_honest_awake,n_adversary,n_all,party0_ledger_best_length,party0_ledger_best_age,party0_ledger_fast_length,party0_ledger_fast_age,party0_ledger_slow_length,party0_ledger_slow_age,party0_comms_all_size,party0_comms_all_count,party0_comms_proposal_size,party0_comms_proposal_count,party0_comms_piece_block_size,party0_comms_piece_block_count,party0_comms_piece_vote_size,party0_comms_piece_vote_count,party1_ledger_best_length,party1_ledger_best_age,party1_ledger_fast_length,party1_ledger_fast_age,party1_ledger_slow_length,party1_ledger_slow_age,party1_comms_all_size,party1_comms_all_count,party1_comms_proposal_size,party1_comms_proposal_count,party1_comms_piece_block_size,party1_comms_piece_block_count,party1_comms_piece_vote_size,party1_comms_piece_vote_count,party2_ledger_best_length,party2_ledger_best_age,party2_ledger_fast_length,party2_ledger_fast_age,party2_ledger_slow_length,party2_ledger_slow_age,party2_comms_all_size,party2_comms_all_count,party2_comms_proposal_size,party2_comms_proposal_count,party2_comms_piece_block_size,party2_comms_piece_block_count,party2_comms_piece_vote_size,party2_comms_piece_vote_count,party3_ledger_best_length,party3_ledger_best_age,party3_ledger_fast_length,party3_ledger_fast_age,party3_ledger_slow_length,party3_ledger_slow_age,party3_comms_all_size,party3_comms_all_count,party3_comms_proposal_size,party3_comms_proposal_count,party3_comms_piece_block_size,party3_comms_piece_block_count,party3_comms_piece_vote_size,party3_comms_piece_vote_count,party4_ledger_best_length,party4_ledger_best_age,party4_ledger_fast_length,party4_ledger_fast_age,party4_ledger_slow_length,party4_ledger_slow_age,party4_comms_all_size,party4_comms_all_count,party4_comms_proposal_size,party4_comms_proposal_count,party4_comms_piece_block_size,party4_comms_piece_block_count,party4_comms_piece_vote_size,party4_comms_piece_vote_count,partyALWAYSAWAKE_ledger_best_length,partyALWAYSAWAKE_ledger_best_age,partyALWAYSAWAKE_ledger_fast_length,partyALWAYSAWAKE_ledger_fast_age,partyALWAYSAWAKE_ledger_slow_length,partyALWAYSAWAKE_ledger_slow_age,partyALWAYSAWAKE_comms_all_size,partyALWAYSAWAKE_comms_all_count,partyALWAYSAWAKE_comms_proposal_size,partyALWAYSAWAKE_comms_proposal_count,partyALWAYSAWAKE_comms_piece_block_size,partyALWAYSAWAKE_comms_piece_block_count,partyALWAYSAWAKE_comms_piece_vote_size,partyALWAYSAWAKE_comms_piece_vote_count
4,0,1000,0,0,1000,0,1000,0,0,0,0,0,0,0,0,0,0,0,0,0,0,0,0,0,0,0,0,0,0,0,0,0,0,0,0,0,0,0,0,0,0,0,0,0,0,0,0,0,0,0,0,0,0,0,0,0,0,0,0,0,0,0,0,0,0,0,0,0,0,0,0,0,0,0,0,0,0,0,0,0,0,0,0,0,0,0,0,0,0,0,0
5,0,1000,0,0,1000,0,1000,0,0,0,0,0,0,22772,52,22772,52,0,0,0,0,0,0,0,0,0,0,22772,52,22772,52,0,0,0,0,0,0,0,0,0,0,22772,52,22772,52,0,0,0,0,0,0,0,0,0,0,22772,52,22772,52,0,0,0,0,0,0,0,0,0,0,22772,52,22772,52,0,0,0,0,0,0,0,0,0,0,22772,52,22772,52,0,0,0,0
6,0,1000,0,0,1000,0,1000,1,1,1,1,0,0,27490,101,0,0,290,1,27200,100,1,1,1,1,0,0,27490,101,0,0,290,1,27200,100,1,1,1,1,0,0,27490,101,0,0,290,1,27200,100,1,1,1,1,0,0,27490,101,0,0,290,1,27200,100,1,1,1,1,0,0,27490,101,0,0,290,1,27200,100,1,1,1,1,0,0,27490,101,0,0,290,1,27200,100
7,0,1000,0,0,1000,0,1000,1,1,1,1,0,0,0,0,0,0,0,0,0,0,1,1,1,1,0,0,0,0,0,0,0,0,0,0,1,1,1,1,0,0,0,0,0,0,0,0,0,0,1,1,1,1,0,0,0,0,0,0,0,0,0,0,1,1,1,1,0,0,0,0,0,0,0,0,0,0,1,1,1,1,0,0,0,0,0,0,0,0,0,0
8,0,1000,0,0,1000,0,1000,1,1,1,1,0,0,0,0,0,0,0,0,0,0,1,1,1,1,0,0,0,0,0,0,0,0,0,0,1,1,1,1,0,0,0,0,0,0,0,0,0,0,1,1,1,1,0,0,0,0,0,0,0,0,0,0,1,1,1,1,0,0,0,0,0,0,0,0,0,0,1,1,1,1,0,0,0,0,0,0,0,0,0,0
9,0,1000,0,0,1000,0,1000,1,1,1,1,0,0,170973,47,170973,47,0,0,0,0,1,1,1,1,0,0,170973,47,170973,47,0,0,0,0,1,1,1,1,0,0,170973,47,170973,47,0,0,0,0,1,1,1,1,0,0,170973,47,170973,47,0,0,0,0,1,1,1,1,0,0,170973,47,170973,47,0,0,0,0,1,1,1,1,0,0,170973,47,170973,47,0,0,0,0
10,0,1000,0,0,1000,0,1000,2,2,2,2,0,0,24498,90,0,0,290,1,24208,89,2,2,2,2,0,0,24498,90,0,0,290,1,24208,89,2,2,2,2,0,0,24498,90,0,0,290,1,24208,89,2,2,2,2,0,0,24498,90,0,0,290,1,24208,89,2,2,2,2,0,0,24498,90,0,0,290,1,24208,89,2,2,2,2,0,0,24498,90,0,0,290,1,24208,89
11,0,1000,0,0,1000,0,1000,2,2,2,2,0,0,0,0,0,0,0,0,0,0,2,2,2,2,0,0,0,0,0,0,0,0,0,0,2,2,2,2,0,0,0,0,0,0,0,0,0,0,2,2,2,2,0,0,0,0,0,0,0,0,0,0,2,2,2,2,0,0,0,0,0,0,0,0,0,0,2,2,2,2,0,0,0,0,0,0,0,0,0,0
12,0,1000,0,0,1000,0,1000,2,2,2,2,0,0,0,0,0,0,0,0,0,0,2,2,2,2,0,0,0,0,0,0,0,0,0,0,2,2,2,2,0,0,0,0,0,0,0,0,0,0,2,2,2,2,0,0,0,0,0,0,0,0,0,0,2,2,2,2,0,0,0,0,0,0,0,0,0,0,2,2,2,2,0,0,0,0,0,0,0,0,0,0
13,0,1000,0,0,1000,0,1000,2,2,2,2,0,0,157723,48,157723,48,0,0,0,0,2,2,2,2,0,0,157723,48,157723,48,0,0,0,0,2,2,2,2,0,0,157723,48,157723,48,0,0,0,0,2,2,2,2,0,0,157723,48,157723,48,0,0,0,0,2,2,2,2,0,0,157723,48,157723,48,0,0,0,0,2,2,2,2,0,0,157723,48,157723,48,0,0,0,0
14,0,1000,0,0,1000,0,1000,3,3,3,3,0,0,26945,99,0,0,289,1,26656,98,3,3,3,3,0,0,26945,99,0,0,289,1,26656,98,3,3,3,3,0,0,26945,99,0,0,289,1,26656,98,3,3,3,3,0,0,26945,99,0,0,289,1,26656,98,3,3,3,3,0,0,26945,99,0,0,289,1,26656,98,3,3,3,3,0,0,26945,99,0,0,289,1,26656,98
15,0,1000,0,0,1000,0,1000,3,3,3,3,0,0,0,0,0,0,0,0,0,0,3,3,3,3,0,0,0,0,0,0,0,0,0,0,3,3,3,3,0,0,0,0,0,0,0,0,0,0,3,3,3,3,0,0,0,0,0,0,0,0,0,0,3,3,3,3,0,0,0,0,0,0,0,0,0,0,3,3,3,3,0,0,0,0,0,0,0,0,0,0
16,0,1000,0,0,1000,0,1000,3,3,3,3,0,0,0,0,0,0,0,0,0,0,3,3,3,3,0,0,0,0,0,0,0,0,0,0,3,3,3,3,0,0,0,0,0,0,0,0,0,0,3,3,3,3,0,0,0,0,0,0,0,0,0,0,3,3,3,3,0,0,0,0,0,0,0,0,0,0,3,3,3,3,0,0,0,0,0,0,0,0,0,0
17,0,1000,0,0,1000,0,1000,3,3,3,3,0,0,128660,36,128660,36,0,0,0,0,3,3,3,3,0,0,128660,36,128660,36,0,0,0,0,3,3,3,3,0,0,128660,36,128660,36,0,0,0,0,3,3,3,3,0,0,128660,36,128660,36,0,0,0,0,3,3,3,3,0,0,128660,36,128660,36,0,0,0,0,3,3,3,3,0,0,128660,36,128660,36,0,0,0,0
18,0,1000,0,0,1000,0,1000,4,4,4,4,0,0,26129,96,0,0,289,1,25840,95,4,4,4,4,0,0,26129,96,0,0,289,1,25840,95,4,4,4,4,0,0,26129,96,0,0,289,1,25840,95,4,4,4,4,0,0,26129,96,0,0,289,1,25840,95,4,4,4,4,0,0,26129,96,0,0,289,1,25840,95,4,4,4,4,0,0,26129,96,0,0,289,1,25840,95
19,0,1000,0,0,1000,0,1000,4,4,4,4,0,0,0,0,0,0,0,0,0,0,4,4,4,4,0,0,0,0,0,0,0,0,0,0,4,4,4,4,0,0,0,0,0,0,0,0,0,0,4,4,4,4,0,0,0,0,0,0,0,0,0,0,4,4,4,4,0,0,0,0,0,0,0,0,0,0,4,4,4,4,0,0,0,0,0,0,0,0,0,0
20,0,1000,0,0,1000,0,1000,4,4,4,4,0,0,0,0,0,0,0,0,0,0,4,4,4,4,0,0,0,0,0,0,0,0,0,0,4,4,4,4,0,0,0,0,0,0,0,0,0,0,4,4,4,4,0,0,0,0,0,0,0,0,0,0,4,4,4,4,0,0,0,0,0,0,0,0,0,0,4,4,4,4,0,0,0,0,0,0,0,0,0,0
21,0,1000,0,0,1000,0,1000,4,4,4,4,0,0,156501,45,156501,45,0,0,0,0,4,4,4,4,0,0,156501,45,156501,45,0,0,0,0,4,4,4,4,0,0,156501,45,156501,45,0,0,0,0,4,4,4,4,0,0,156501,45,156501,45,0,0,0,0,4,4,4,4,0,0,156501,45,156501,45,0,0,0,0,4,4,4,4,0,0,156501,45,156501,45,0,0,0,0
22,0,1000,0,0,1000,0,1000,5,5,5,5,0,0,23682,87,0,0,290,1,23392,86,5,5,5,5,0,0,23682,87,0,0,290,1,23392,86,5,5,5,5,0,0,23682,87,0,0,290,1,23392,86,5,5,5,5,0,0,23682,87,0,0,290,1,23392,86,5,5,5,5,0,0,23682,87,0,0,290,1,23392,86,5,5,5,5,0,0,23682,87,0,0,290,1,23392,86
23,0,1000,0,0,1000,0,1000,5,5,5,5,0,0,0,0,0,0,0,0,0,0,5,5,5,5,0,0,0,0,0,0,0,0,0,0,5,5,5,5,0,0,0,0,0,0,0,0,0,0,5,5,5,5,0,0,0,0,0,0,0,0,0,0,5,5,5,5,0,0,0,0,0,0,0,0,0,0,5,5,5,5,0,0,0,0,0,0,0,0,0,0
24,0,1000,0,0,1000,0,1000,5,5,5,5,0,0,0,0,0,0,0,0,0,0,5,5,5,5,0,0,0,0,0,0,0,0,0,0,5,5,5,5,0,0,0,0,0,0,0,0,0,0,5,5,5,5,0,0,0,0,0,0,0,0,0,0,5,5,5,5,0,0,0,0,0,0,0,0,0,0,5,5,5,5,0,0,0,0,0,0,0,0,0,0
25,0,1000,0,0,1000,0,1000,5,5,5,5,0,0,153118,48,153118,48,0,0,0,0,5,5,5,5,0,0,153118,48,153118,48,0,0,0,0,5,5,5,5,0,0,153118,48,153118,48,0,0,0,0,5,5,5,5,0,0,153118,48,153118,48,0,0,0,0,5,5,5,5,0,0,153118,48,153118,48,0,0,0,0,5,5,5,5,0,0,153118,48,153118,48,0,0,0,0
26,0,1000,0,0,1000,0,1000,6,6,6,6,0,0,25586,94,0,0,290,1,25296,93,6,6,6,6,0,0,25586,94,0,0,290,1,25296,93,6,6,6,6,0,0,25586,94,0,0,290,1,25296,93,6,6,6,6,0,0,25586,94,0,0,290,1,25296,93,6,6,6,6,0,0,25586,94,0,0,290,1,25296,93,6,6,6,6,0,0,25586,94,0,0,290,1,25296,93
27,0,1000,0,0,1000,0,1000,6,6,6,6,0,0,0,0,0,0,0,0,0,0,6,6,6,6,0,0,0,0,0,0,0,0,0,0,6,6,6,6,0,0,0,0,0,0,0,0,0,0,6,6,6,6,0,0,0,0,0,0,0,0,0,0,6,6,6,6,0,0,0,0,0,0,0,0,0,0,6,6,6,6,0,0,0,0,0,0,0,0,0,0
28,0,1000,0,0,1000,0,1000,6,6,6,6,0,0,0,0,0,0,0,0,0,0,6,6,6,6,0,0,0,0,0,0,0,0,0,0,6,6,6,6,0,0,0,0,0,0,0,0,0,0,6,6,6,6,0,0,0,0,0,0,0,0,0,0,6,6,6,6,0,0,0,0,0,0,0,0,0,0,6,6,6,6,0,0,0,0,0,0,0,0,0,0
29,0,1000,0,0,1000,0,1000,6,6,6,6,0,0,163869,48,163869,48,0,0,0,0,6,6,6,6,0,0,163869,48,163869,48,0,0,0,0,6,6,6,6,0,0,163869,48,163869,48,0,0,0,0,6,6,6,6,0,0,163869,48,163869,48,0,0,0,0,6,6,6,6,0,0,163869,48,163869,48,0,0,0,0,6,6,6,6,0,0,163869,48,163869,48,0,0,0,0
30,0,1000,0,0,1000,0,1000,7,7,7,7,0,0,30210,111,0,0,290,1,29920,110,7,7,7,7,0,0,30210,111,0,0,290,1,29920,110,7,7,7,7,0,0,30210,111,0,0,290,1,29920,110,7,7,7,7,0,0,30210,111,0,0,290,1,29920,110,7,7,7,7,0,0,30210,111,0,0,290,1,29920,110,7,7,7,7,0,0,30210,111,0,0,290,1,29920,110
31,0,1000,0,0,1000,0,1000,7,7,7,7,0,0,0,0,0,0,0,0,0,0,7,7,7,7,0,0,0,0,0,0,0,0,0,0,7,7,7,7,0,0,0,0,0,0,0,0,0,0,7,7,7,7,0,0,0,0,0,0,0,0,0,0,7,7,7,7,0,0,0,0,0,0,0,0,0,0,7,7,7,7,0,0,0,0,0,0,0,0,0,0
32,0,1000,0,0,1000,0,1000,7,7,7,7,0,0,0,0,0,0,0,0,0,0,7,7,7,7,0,0,0,0,0,0,0,0,0,0,7,7,7,7,0,0,0,0,0,0,0,0,0,0,7,7,7,7,0,0,0,0,0,0,0,0,0,0,7,7,7,7,0,0,0,0,0,0,0,0,0,0,7,7,7,7,0,0,0,0,0,0,0,0,0,0
33,0,1000,0,0,1000,0,1000,7,7,7,7,0,0,225602,57,225602,57,0,0,0,0,7,7,7,7,0,0,225602,57,225602,57,0,0,0,0,7,7,7,7,0,0,225602,57,225602,57,0,0,0,0,7,7,7,7,0,0,225602,57,225602,57,0,0,0,0,7,7,7,7,0,0,225602,57,225602,57,0,0,0,0,7,7,7,7,0,0,225602,57,225602,57,0,0,0,0
34,0,1000,0,0,1000,0,1000,8,8,8,8,0,0,26946,99,0,0,290,1,26656,98,8,8,8,8,0,0,26946,99,0,0,290,1,26656,98,8,8,8,8,0,0,26946,99,0,0,290,1,26656,98,8,8,8,8,0,0,26946,99,0,0,290,1,26656,98,8,8,8,8,0,0,26946,99,0,0,290,1,26656,98,8,8,8,8,0,0,26946,99,0,0,290,1,26656,98
35,0,1000,0,0,1000,0,1000,8,8,8,8,0,0,0,0,0,0,0,0,0,0,8,8,8,8,0,0,0,0,0,0,0,0,0,0,8,8,8,8,0,0,0,0,0,0,0,0,0,0,8,8,8,8,0,0,0,0,0,0,0,0,0,0,8,8,8,8,0,0,0,0,0,0,0,0,0,0,8,8,8,8,0,0,0,0,0,0,0,0,0,0
36,0,1000,0,0,1000,0,1000,8,8,8,8,0,0,0,0,0,0,0,0,0,0,8,8,8,8,0,0,0,0,0,0,0,0,0,0,8,8,8,8,0,0,0,0,0,0,0,0,0,0,8,8,8,8,0,0,0,0,0,0,0,0,0,0,8,8,8,8,0,0,0,0,0,0,0,0,0,0,8,8,8,8,0,0,0,0,0,0,0,0,0,0
37,0,1000,0,0,1000,0,1000,8,8,8,8,0,0,192992,54,192992,54,0,0,0,0,8,8,8,8,0,0,192992,54,192992,54,0,0,0,0,8,8,8,8,0,0,192992,54,192992,54,0,0,0,0,8,8,8,8,0,0,192992,54,192992,54,0,0,0,0,8,8,8,8,0,0,192992,54,192992,54,0,0,0,0,8,8,8,8,0,0,192992,54,192992,54,0,0,0,0
38,0,1000,0,0,1000,0,1000,9,9,9,9,0,0,24770,91,0,0,290,1,24480,90,9,9,9,9,0,0,24770,91,0,0,290,1,24480,90,9,9,9,9,0,0,24770,91,0,0,290,1,24480,90,9,9,9,9,0,0,24770,91,0,0,290,1,24480,90,9,9,9,9,0,0,24770,91,0,0,290,1,24480,90,9,9,9,9,0,0,24770,91,0,0,290,1,24480,90
39,0,1000,0,0,1000,0,1000,9,9,9,9,0,0,0,0,0,0,0,0,0,0,9,9,9,9,0,0,0,0,0,0,0,0,0,0,9,9,9,9,0,0,0,0,0,0,0,0,0,0,9,9,9,9,0,0,0,0,0,0,0,0,0,0,9,9,9,9,0,0,0,0,0,0,0,0,0,0,9,9,9,9,0,0,0,0,0,0,0,0,0,0
40,0,1000,0,0,1000,0,1000,9,9,9,9,0,0,0,0,0,0,0,0,0,0,9,9,9,9,0,0,0,0,0,0,0,0,0,0,9,9,9,9,0,0,0,0,0,0,0,0,0,0,9,9,9,9,0,0,0,0,0,0,0,0,0,0,9,9,9,9,0,0,0,0,0,0,0,0,0,0,9,9,9,9,0,0,0,0,0,0,0,0,0,0
41,0,1000,0,0,1000,0,1000,9,9,9,9,0,0,122800,37,122800,37,0,0,0,0,9,9,9,9,0,0,122800,37,122800,37,0,0,0,0,9,9,9,9,0,0,122800,37,122800,37,0,0,0,0,9,9,9,9,0,0,122800,37,122800,37,0,0,0,0,9,9,9,9,0,0,122800,37,122800,37,0,0,0,0,9,9,9,9,0,0,122800,37,122800,37,0,0,0,0
42,0,1000,0,0,1000,0,1000,10,10,10,10,0,0,26947,99,0,0,291,1,26656,98,10,10,10,10,0,0,26947,99,0,0,291,1,26656,98,10,10,10,10,0,0,26947,99,0,0,291,1,26656,98,10,10,10,10,0,0,26947,99,0,0,291,1,26656,98,10,10,10,10,0,0,26947,99,0,0,291,1,26656,98,10,10,10,10,0,0,26947,99,0,0,291,1,26656,98
43,0,1000,0,0,1000,0,1000,10,10,10,10,0,0,0,0,0,0,0,0,0,0,10,10,10,10,0,0,0,0,0,0,0,0,0,0,10,10,10,10,0,0,0,0,0,0,0,0,0,0,10,10,10,10,0,0,0,0,0,0,0,0,0,0,10,10,10,10,0,0,0,0,0,0,0,0,0,0,10,10,10,10,0,0,0,0,0,0,0,0,0,0
44,0,1000,0,0,1000,0,1000,10,10,10,10,0,0,0,0,0,0,0,0,0,0,10,10,10,10,0,0,0,0,0,0,0,0,0,0,10,10,10,10,0,0,0,0,0,0,0,0,0,0,10,10,10,10,0,0,0,0,0,0,0,0,0,0,10,10,10,10,0,0,0,0,0,0,0,0,0,0,10,10,10,10,0,0,0,0,0,0,0,0,0,0
45,0,1000,0,0,1000,0,1000,10,10,10,10,0,0,193047,54,193047,54,0,0,0,0,10,10,10,10,0,0,193047,54,193047,54,0,0,0,0,10,10,10,10,0,0,193047,54,193047,54,0,0,0,0,10,10,10,10,0,0,193047,54,193047,54,0,0,0,0,10,10,10,10,0,0,193047,54,193047,54,0,0,0,0,10,10,10,10,0,0,193047,54,193047,54,0,0,0,0
46,0,1000,0,0,1000,0,1000,11,11,11,11,0,0,27491,101,0,0,291,1,27200,100,11,11,11,11,0,0,27491,101,0,0,291,1,27200,100,11,11,11,11,0,0,27491,101,0,0,291,1,27200,100,11,11,11,11,0,0,27491,101,0,0,291,1,27200,100,11,11,11,11,0,0,27491,101,0,0,291,1,27200,100,11,11,11,11,0,0,27491,101,0,0,291,1,27200,100
47,0,1000,0,0,1000,0,1000,11,11,11,11,1,1,0,0,0,0,0,0,0,0,11,11,11,11,1,1,0,0,0,0,0,0,0,0,11,11,11,11,1,1,0,0,0,0,0,0,0,0,11,11,11,11,1,1,0,0,0,0,0,0,0,0,11,11,11,11,1,1,0,0,0,0,0,0,0,0,11,11,11,11,1,1,0,0,0,0,0,0,0,0
48,0,1000,0,0,1000,0,1000,11,11,11,11,1,1,0,0,0,0,0,0,0,0,11,11,11,11,1,1,0,0,0,0,0,0,0,0,11,11,11,11,1,1,0,0,0,0,0,0,0,0,11,11,11,11,1,1,0,0,0,0,0,0,0,0,11,11,11,11,1,1,0,0,0,0,0,0,0,0,11,11,11,11,1,1,0,0,0,0,0,0,0,0
49,0,1000,0,0,1000,0,1000,11,11,11,11,1,1,127360,35,127360,35,0,0,0,0,11,11,11,11,1,1,127360,35,127360,35,0,0,0,0,11,11,11,11,1,1,127360,35,127360,35,0,0,0,0,11,11,11,11,1,1,127360,35,127360,35,0,0,0,0,11,11,11,11,1,1,127360,35,127360,35,0,0,0,0,11,11,11,11,1,1,127360,35,127360,35,0,0,0,0
50,0,1000,0,0,1000,0,1000,12,12,12,12,1,1,25587,94,0,0,291,1,25296,93,12,12,12,12,1,1,25587,94,0,0,291,1,25296,93,12,12,12,12,1,1,25587,94,0,0,291,1,25296,93,12,12,12,12,1,1,25587,94,0,0,291,1,25296,93,12,12,12,12,1,1,25587,94,0,0,291,1,25296,93,12,12,12,12,1,1,25587,94,0,0,291,1,25296,93
51,0,1000,0,0,1000,0,1000,12,12,12,12,2,2,0,0,0,0,0,0,0,0,12,12,12,12,2,2,0,0,0,0,0,0,0,0,12,12,12,12,2,2,0,0,0,0,0,0,0,0,12,12,12,12,2,2,0,0,0,0,0,0,0,0,12,12,12,12,2,2,0,0,0,0,0,0,0,0,12,12,12,12,2,2,0,0,0,0,0,0,0,0
52,0,1000,0,0,1000,0,1000,12,12,12,12,2,2,0,0,0,0,0,0,0,0,12,12,12,12,2,2,0,0,0,0,0,0,0,0,12,12,12,12,2,2,0,0,0,0,0,0,0,0,12,12,12,12,2,2,0,0,0,0,0,0,0,0,12,12,12,12,2,2,0,0,0,0,0,0,0,0,12,12,12,12,2,2,0,0,0,0,0,0,0,0
53,0,1000,0,0,1000,0,1000,12,12,12,12,2,2,167333,49,167333,49,0,0,0,0,12,12,12,12,2,2,167333,49,167333,49,0,0,0,0,12,12,12,12,2,2,167333,49,167333,49,0,0,0,0,12,12,12,12,2,2,167333,49,167333,49,0,0,0,0,12,12,12,12,2,2,167333,49,167333,49,0,0,0,0,12,12,12,12,2,2,167333,49,167333,49,0,0,0,0
54,0,1000,0,0,1000,0,1000,13,13,13,13,2,2,26946,99,0,0,290,1,26656,98,13,13,13,13,2,2,26946,99,0,0,290,1,26656,98,13,13,13,13,2,2,26946,99,0,0,290,1,26656,98,13,13,13,13,2,2,26946,99,0,0,290,1,26656,98,13,13,13,13,2,2,26946,99,0,0,290,1,26656,98,13,13,13,13,2,2,26946,99,0,0,290,1,26656,98
55,0,1000,0,0,1000,0,1000,13,13,13,13,3,3,0,0,0,0,0,0,0,0,13,13,13,13,3,3,0,0,0,0,0,0,0,0,13,13,13,13,3,3,0,0,0,0,0,0,0,0,13,13,13,13,3,3,0,0,0,0,0,0,0,0,13,13,13,13,3,3,0,0,0,0,0,0,0,0,13,13,13,13,3,3,0,0,0,0,0,0,0,0
56,0,1000,0,0,1000,0,1000,13,13,13,13,3,3,0,0,0,0,0,0,0,0,13,13,13,13,3,3,0,0,0,0,0,0,0,0,13,13,13,13,3,3,0,0,0,0,0,0,0,0,13,13,13,13,3,3,0,0,0,0,0,0,0,0,13,13,13,13,3,3,0,0,0,0,0,0,0,0,13,13,13,13,3,3,0,0,0,0,0,0,0,0
57,0,1000,0,0,1000,0,1000,13,13,13,13,3,3,146570,41,146570,41,0,0,0,0,13,13,13,13,3,3,146570,41,146570,41,0,0,0,0,13,13,13,13,3,3,146570,41,146570,41,0,0,0,0,13,13,13,13,3,3,146570,41,146570,41,0,0,0,0,13,13,13,13,3,3,146570,41,146570,41,0,0,0,0,13,13,13,13,3,3,146570,41,146570,41,0,0,0,0
58,0,1000,0,0,1000,0,1000,14,14,14,14,3,3,26402,97,0,0,290,1,26112,96,14,14,14,14,3,3,26402,97,0,0,290,1,26112,96,14,14,14,14,3,3,26402,97,0,0,290,1,26112,96,14,14,14,14,3,3,26402,97,0,0,290,1,26112,96,14,14,14,14,3,3,26402,97,0,0,290,1,26112,96,14,14,14,14,3,3,26402,97,0,0,290,1,26112,96
59,0,1000,0,0,1000,0,1000,14,14,14,14,4,4,0,0,0,0,0,0,0,0,14,14,14,14,4,4,0,0,0,0,0,0,0,0,14,14,14,14,4,4,0,0,0,0,0,0,0,0,14,14,14,14,4,4,0,0,0,0,0,0,0,0,14,14,14,14,4,4,0,0,0,0,0,0,0,0,14,14,14,14,4,4,0,0,0,0,0,0,0,0
60,0,1000,0,0,1000,0,1000,14,14,14,14,4,4,0,0,0,0,0,0,0,0,14,14,14,14,4,4,0,0,0,0,0,0,0,0,14,14,14,14,4,4,0,0,0,0,0,0,0,0,14,14,14,14,4,4,0,0,0,0,0,0,0,0,14,14,14,14,4,4,0,0,0,0,0,0,0,0,14,14,14,14,4,4,0,0,0,0,0,0,0,0
61,0,1000,0,0,1000,0,1000,14,14,14,14,4,4,140439,40,140439,40,0,0,0,0,14,14,14,14,4,4,140439,40,140439,40,0,0,0,0,14,14,14,14,4,4,140439,40,140439,40,0,0,0,0,14,14,14,14,4,4,140439,40,140439,40,0,0,0,0,14,14,14,14,4,4,140439,40,140439,40,0,0,0,0,14,14,14,14,4,4,140439,40,140439,40,0,0,0,0
62,0,1000,0,0,1000,0,1000,15,15,15,15,4,4,34019,125,0,0,291,1,33728,124,15,15,15,15,4,4,34019,125,0,0,291,1,33728,124,15,15,15,15,4,4,34019,125,0,0,291,1,33728,124,15,15,15,15,4,4,34019,125,0,0,291,1,33728,124,15,15,15,15,4,4,34019,125,0,0,291,1,33728,124,15,15,15,15,4,4,34019,125,0,0,291,1,33728,124
63,0,1000,0,0,1000,0,1000,15,15,15,15,5,5,0,0,0,0,0,0,0,0,15,15,15,15,5,5,0,0,0,0,0,0,0,0,15,15,15,15,5,5,0,0,0,0,0,0,0,0,15,15,15,15,5,5,0,0,0,0,0,0,0,0,15,15,15,15,5,5,0,0,0,0,0,0,0,0,15,15,15,15,5,5,0,0,0,0,0,0,0,0
64,0,1000,0,0,1000,0,1000,15,15,15,15,5,5,0,0,0,0,0,0,0,0,15,15,15,15,5,5,0,0,0,0,0,0,0,0,15,15,15,15,5,5,0,0,0,0,0,0,0,0,15,15,15,15,5,5,0,0,0,0,0,0,0,0,15,15,15,15,5,5,0,0,0,0,0,0,0,0,15,15,15,15,5,5,0,0,0,0,0,0,0,0
65,900,100,900,0,100,0,1000,15,15,15,15,5,5,154242,35,154242,35,0,0,0,0,15,15,15,15,5,5,154242,35,154242,35,0,0,0,0,15,15,15,15,5,5,154242,35,154242,35,0,0,0,0,15,15,15,15,5,5,154242,35,154242,35,0,0,0,0,15,15,15,15,5,5,154242,35,154242,35,0,0,0,0,15,15,15,15,5,5,154242,35,154242,35,0,0,0,0
66,900,100,900,0,100,0,1000,15,15,15,15,5,5,3283,12,0,0,291,1,2992,11,15,15,15,15,5,5,3283,12,0,0,291,1,2992,11,15,15,15,15,5,5,3283,12,0,0,291,1,2992,11,15,15,15,15,5,5,3283,12,0,0,291,1,2992,11,15,15,15,15,5,5,3283,12,0,0,291,1,2992,11,15,15,15,15,5,5,3283,12,0,0,291,1,2992,11
67,900,100,900,0,100,0,1000,15,15,15,15,5,5,0,0,0,0,0,0,0,0,15,15,15,15,6,6,0,0,0,0,0,0,0,0,15,15,15,15,6,6,0,0,0,0,0,0,0,0,15,15,15,15,5,5,0,0,0,0,0,0,0,0,15,15,15,15,5,5,0,0,0,0,0,0,0,0,15,15,15,15,6,6,0,0,0,0,0,0,0,0
68,900,100,900,0,100,0,1000,15,15,15,15,5,5,0,0,0,0,0,0,0,0,15,15,15,15,6,6,0,0,0,0,0,0,0,0,15,15,15,15,6,6,0,0,0,0,0,0,0,0,15,15,15,15,5,5,0,0,0,0,0,0,0,0,15,15,15,15,5,5,0,0,0,0,0,0,0,0,15,15,15,15,6,6,0,0,0,0,0,0,0,0
69,900,100,900,0,100,0,1000,15,15,15,15,5,5,5534,7,5534,7,0,0,0,0,15,15,15,15,6,6,5534,7,5534,7,0,0,0,0,15,15,15,15,6,6,5534,7,5534,7,0,0,0,0,15,15,15,15,5,5,5534,7,5534,7,0,0,0,0,15,15,15,15,5,5,5534,7,5534,7,0,0,0,0,15,15,15,15,6,6,5534,7,5534,7,0,0,0,0
70,900,100,900,0,100,0,1000,15,15,15,15,5,5,4370,16,0,0,290,1,4080,15,15,15,15,15,6,6,4370,16,0,0,290,1,4080,15,15,15,15,15,6,6,4370,16,0,0,290,1,4080,15,15,15,15,15,5,5,4370,16,0,0,290,1,4080,15,15,15,15,15,5,5,4370,16,0,0,290,1,4080,15,15,15,15,15,6,6,4370,16,0,0,290,1,4080,15
71,900,100,900,0,100,0,1000,15,15,15,15,5,5,0,0,0,0,0,0,0,0,15,15,15,15,7,7,0,0,0,0,0,0,0,0,15,15,15,15,7,7,0,0,0,0,0,0,0,0,15,15,15,15,5,5,0,0,0,0,0,0,0,0,15,15,15,15,5,5,0,0,0,0,0,0,0,0,15,15,15,15,7,7,0,0,0,0,0,0,0,0
72,900,100,900,0,100,0,1000,15,15,15,15,5,5,0,0,0,0,0,0,0,0,15,15,15,15,7,7,0,0,0,0,0,0,0,0,15,15,15,15,7,7,0,0,0,0,0,0,0,0,15,15,15,15,5,5,0,0,0,0,0,0,0,0,15,15,15,15,5,5,0,0,0,0,0,0,0,0,15,15,15,15,7,7,0,0,0,0,0,0,0,0
73,900,100,900,0,100,0,1000,15,15,15,15,5,5,5514,6,5514,6,0,0,0,0,15,15,15,15,7,7,5514,6,5514,6,0,0,0,0,15,15,15,15,7,7,5514,6,5514,6,0,0,0,0,15,15,15,15,5,5,5514,6,5514,6,0,0,0,0,15,15,15,15,5,5,5514,6,5514,6,0,0,0,0,15,15,15,15,7,7,5514,6,5514,6,0,0,0,0
74,900,100,900,0,100,0,1000,15,15,15,15,5,5,2739,10,0,0,291,1,2448,9,15,15,15,15,7,7,2739,10,0,0,291,1,2448,9,15,15,15,15,7,7,2739,10,0,0,291,1,2448,9,15,15,15,15,5,5,2739,10,0,0,291,1,2448,9,15,15,15,15,5,5,2739,10,0,0,291,1,2448,9,15,15,15,15,7,7,2739,10,0,0,291,1,2448,9
75,900,100,900,0,100,0,1000,15,15,15,15,5,5,0,0,0,0,0,0,0,0,15,15,15,15,8,8,0,0,0,0,0,0,0,0,15,15,15,15,8,8,0,0,0,0,0,0,0,0,15,15,15,15,5,5,0,0,0,0,0,0,0,0,15,15,15,15,5,5,0,0,0,0,0,0,0,0,15,15,15,15,8,8,0,0,0,0,0,0,0,0
76,900,100,900,0,100,0,1000,15,15,15,15,5,5,0,0,0,0,0,0,0,0,15,15,15,15,8,8,0,0,0,0,0,0,0,0,15,15,15,15,8,8,0,0,0,0,0,0,0,0,15,15,15,15,5,5,0,0,0,0,0,0,0,0,15,15,15,15,5,5,0,0,0,0,0,0,0,0,15,15,15,15,8,8,0,0,0,0,0,0,0,0
77,900,100,900,0,100,0,1000,15,15,15,15,5,5,2907,4,2907,4,0,0,0,0,15,15,15,15,8,8,2907,4,2907,4,0,0,0,0,15,15,15,15,8,8,2907,4,2907,4,0,0,0,0,15,15,15,15,5,5,2907,4,2907,4,0,0,0,0,15,15,15,15,5,5,2907,4,2907,4,0,0,0,0,15,15,15,15,8,8,2907,4,2907,4,0,0,0,0
78,900,100,900,0,100,0,1000,15,15,15,15,5,5,2466,9,0,0,290,1,2176,8,15,15,15,15,8,8,2466,9,0,0,290,1,2176,8,15,15,15,15,8,8,2466,9,0,0,290,1,2176,8,15,15,15,15,5,5,2466,9,0,0,290,1,2176,8,15,15,15,15,5,5,2466,9,0,0,290,1,2176,8,15,15,15,15,8,8,2466,9,0,0,290,1,2176,8
79,900,100,900,0,100,0,1000,15,15,15,15,5,5,0,0,0,0,0,0,0,0,15,15,15,15,9,9,0,0,0,0,0,0,0,0,15,15,15,15,9,9,0,0,0,0,0,0,0,0,15,15,15,15,5,5,0,0,0,0,0,0,0,0,15,15,15,15,5,5,0,0,0,0,0,0,0,0,15,15,15,15,9,9,0,0,0,0,0,0,0,0
80,900,100,900,0,100,0,1000,15,15,15,15,5,5,0,0,0,0,0,0,0,0,15,15,15,15,9,9,0,0,0,0,0,0,0,0,15,15,15,15,9,9,0,0,0,0,0,0,0,0,15,15,15,15,5,5,0,0,0,0,0,0,0,0,15,15,15,15,5,5,0,0,0,0,0,0,0,0,15,15,15,15,9,9,0,0,0,0,0,0,0,0
81,900,100,900,0,100,0,1000,15,15,15,15,5,5,1390,2,1390,2,0,0,0,0,15,15,15,15,9,9,1390,2,1390,2,0,0,0,0,15,15,15,15,9,9,1390,2,1390,2,0,0,0,0,15,15,15,15,5,5,1390,2,1390,2,0,0,0,0,15,15,15,15,5,5,1390,2,1390,2,0,0,0,0,15,15,15,15,9,9,1390,2,1390,2,0,0,0,0
82,900,100,900,0,100,0,1000,15,15,15,15,5,5,2195,8,0,0,291,1,1904,7,15,15,15,15,9,9,2195,8,0,0,291,1,1904,7,15,15,15,15,9,9,2195,8,0,0,291,1,1904,7,15,15,15,15,5,5,2195,8,0,0,291,1,1904,7,15,15,15,15,5,5,2195,8,0,0,291,1,1904,7,15,15,15,15,9,9,2195,8,0,0,291,1,1904,7
83,900,100,900,0,100,0,1000,15,15,15,15,5,5,0,0,0,0,0,0,0,0,15,15,15,15,10,10,0,0,0,0,0,0,0,0,15,15,15,15,10,10,0,0,0,0,0,0,0,0,15,15,15,15,5,5,0,0,0,0,0,0,0,0,15,15,15,15,5,5,0,0,0,0,0,0,0,0,15,15,15,15,10,10,0,0,0,0,0,0,0,0
84,900,100,900,0,100,0,1000,15,15,15,15,5,5,0,0,0,0,0,0,0,0,15,15,15,15,10,10,0,0,0,0,0,0,0,0,15,15,15,15,10,10,0,0,0,0,0,0,0,0,15,15,15,15,5,5,0,0,0,0,0,0,0,0,15,15,15,15,5,5,0,0,0,0,0,0,0,0,15,15,15,15,10,10,0,0,0,0,0,0,0,0
85,900,100,900,0,100,0,1000,15,15,15,15,5,5,2652,4,2652,4,0,0,0,0,15,15,15,15,10,10,2652,4,2652,4,0,0,0,0,15,15,15,15,10,10,2652,4,2652,4,0,0,0,0,15,15,15,15,5,5,2652,4,2652,4,0,0,0,0,15,15,15,15,5,5,2652,4,2652,4,0,0,0,0,15,15,15,15,10,10,2652,4,2652,4,0,0,0,0
86,900,100,900,0,100,0,1000,15,15,15,15,5,5,1923,7,0,0,291,1,1632,6,15,15,15,15,10,10,1923,7,0,0,291,1,1632,6,15,15,15,15,10,10,1923,7,0,0,291,1,1632,6,15,15,15,15,5,5,1923,7,0,0,291,1,1632,6,15,15,15,15,5,5,1923,7,0,0,291,1,1632,6,15,15,15,15,10,10,1923,7,0,0,291,1,1632,6
87,900,100,900,0,100,0,1000,15,15,15,15,5,5,0,0,0,0,0,0,0,0,15,15,15,15,11,11,0,0,0,0,0,0,0,0,15,15,15,15,11,11,0,0,0,0,0,0,0,0,15,15,15,15,5,5,0,0,0,0,0,0,0,0,15,15,15,15,5,5,0,0,0,0,0,0,0,0,15,15,15,15,11,11,0,0,0,0,0,0,0,0
88,900,100,900,0,100,0,1000,15,15,15,15,5,5,0,0,0,0,0,0,0,0,15,15,15,15,11,11,0,0,0,0,0,0,0,0,15,15,15,15,11,11,0,0,0,0,0,0,0,0,15,15,15,15,5,5,0,0,0,0,0,0,0,0,15,15,15,15,5,5,0,0,0,0,0,0,0,0,15,15,15,15,11,11,0,0,0,0,0,0,0,0
89,900,100,900,0,100,0,1000,15,15,15,15,5,5,631,1,631,1,0,0,0,0,15,15,15,15,11,11,631,1,631,1,0,0,0,0,15,15,15,15,11,11,631,1,631,1,0,0,0,0,15,15,15,15,5,5,631,1,631,1,0,0,0,0,15,15,15,15,5,5,631,1,631,1,0,0,0,0,15,15,15,15,11,11,631,1,631,1,0,0,0,0
90,900,100,900,0,100,0,1000,15,15,15,15,5,5,3827,14,0,0,291,1,3536,13,15,15,15,15,11,11,3827,14,0,0,291,1,3536,13,15,15,15,15,11,11,3827,14,0,0,291,1,3536,13,15,15,15,15,5,5,3827,14,0,0,291,1,3536,13,15,15,15,15,5,5,3827,14,0,0,291,1,3536,13,15,15,15,15,11,11,3827,14,0,0,291,1,3536,13
91,900,100,900,0,100,0,1000,15,15,15,15,5,5,0,0,0,0,0,0,0,0,15,15,15,15,12,12,0,0,0,0,0,0,0,0,15,15,15,15,12,12,0,0,0,0,0,0,0,0,15,15,15,15,5,5,0,0,0,0,0,0,0,0,15,15,15,15,5,5,0,0,0,0,0,0,0,0,15,15,15,15,12,12,0,0,0,0,0,0,0,0
92,900,100,900,0,100,0,1000,15,15,15,15,5,5,0,0,0,0,0,0,0,0,15,15,15,15,12,12,0,0,0,0,0,0,0,0,15,15,15,15,12,12,0,0,0,0,0,0,0,0,15,15,15,15,5,5,0,0,0,0,0,0,0,0,15,15,15,15,5,5,0,0,0,0,0,0,0,0,15,15,15,15,12,12,0,0,0,0,0,0,0,0
93,900,100,900,0,100,0,1000,15,15,15,15,5,5,3420,4,3420,4,0,0,0,0,15,15,15,15,12,12,3420,4,3420,4,0,0,0,0,15,15,15,15,12,12,3420,4,3420,4,0,0,0,0,15,15,15,15,5,5,3420,4,3420,4,0,0,0,0,15,15,15,15,5,5,3420,4,3420,4,0,0,0,0,15,15,15,15,12,12,3420,4,3420,4,0,0,0,0
94,900,100,900,0,100,0,1000,15,15,15,15,5,5,4915,18,0,0,291,1,4624,17,15,15,15,15,12,12,4915,18,0,0,291,1,4624,17,15,15,15,15,12,12,4915,18,0,0,291,1,4624,17,15,15,15,15,5,5,4915,18,0,0,291,1,4624,17,15,15,15,15,5,5,4915,18,0,0,291,1,4624,17,15,15,15,15,12,12,4915,18,0,0,291,1,4624,17
95,900,100,900,0,100,0,1000,15,15,15,15,5,5,0,0,0,0,0,0,0,0,15,15,15,15,13,13,0,0,0,0,0,0,0,0,15,15,15,15,13,13,0,0,0,0,0,0,0,0,15,15,15,15,5,5,0,0,0,0,0,0,0,0,15,15,15,15,5,5,0,0,0,0,0,0,0,0,15,15,15,15,13,13,0,0,0,0,0,0,0,0
96,900,100,900,0,100,0,1000,15,15,15,15,5,5,0,0,0,0,0,0,0,0,15,15,15,15,13,13,0,0,0,0,0,0,0,0,15,15,15,15,13,13,0,0,0,0,0,0,0,0,15,15,15,15,5,5,0,0,0,0,0,0,0,0,15,15,15,15,5,5,0,0,0,0,0,0,0,0,15,15,15,15,13,13,0,0,0,0,0,0,0,0
97,900,100,900,0,100,0,1000,15,15,15,15,5,5,983,1,983,1,0,0,0,0,15,15,15,15,13,13,983,1,983,1,0,0,0,0,15,15,15,15,13,13,983,1,983,1,0,0,0,0,15,15,15,15,5,5,983,1,983,1,0,0,0,0,15,15,15,15,5,5,983,1,983,1,0,0,0,0,15,15,15,15,13,13,983,1,983,1,0,0,0,0
98,900,100,900,0,100,0,1000,15,15,15,15,5,5,4643,17,0,0,291,1,4352,16,15,15,15,15,13,13,4643,17,0,0,291,1,4352,16,15,15,15,15,13,13,4643,17,0,0,291,1,4352,16,15,15,15,15,5,5,4643,17,0,0,291,1,4352,16,15,15,15,15,5,5,4643,17,0,0,291,1,4352,16,15,15,15,15,13,13,4643,17,0,0,291,1,4352,16
99,900,100,900,0,100,0,1000,15,15,15,15,5,5,0,0,0,0,0,0,0,0,15,15,15,15,14,14,0,0,0,0,0,0,0,0,15,15,15,15,14,14,0,0,0,0,0,0,0,0,15,15,15,15,5,5,0,0,0,0,0,0,0,0,15,15,15,15,5,5,0,0,0,0,0,0,0,0,15,15,15,15,14,14,0,0,0,0,0,0,0,0
100,900,100,900,0,100,0,1000,15,15,15,15,5,5,0,0,0,0,0,0,0,0,15,15,15,15,14,14,0,0,0,0,0,0,0,0,15,15,15,15,14,14,0,0,0,0,0,0,0,0,15,15,15,15,5,5,0,0,0,0,0,0,0,0,15,15,15,15,5,5,0,0,0,0,0,0,0,0,15,15,15,15,14,14,0,0,0,0,0,0,0,0
101,900,100,900,0,100,0,1000,15,15,15,15,5,5,7606,8,7606,8,0,0,0,0,15,15,15,15,14,14,7606,8,7606,8,0,0,0,0,15,15,15,15,14,14,7606,8,7606,8,0,0,0,0,15,15,15,15,5,5,7606,8,7606,8,0,0,0,0,15,15,15,15,5,5,7606,8,7606,8,0,0,0,0,15,15,15,15,14,14,7606,8,7606,8,0,0,0,0
102,900,100,900,0,100,0,1000,15,15,15,15,5,5,3011,11,0,0,291,1,2720,10,15,15,15,15,14,14,3011,11,0,0,291,1,2720,10,15,15,15,15,14,14,3011,11,0,0,291,1,2720,10,15,15,15,15,5,5,3011,11,0,0,291,1,2720,10,15,15,15,15,5,5,3011,11,0,0,291,1,2720,10,15,15,15,15,14,14,3011,11,0,0,291,1,2720,10
103,900,100,900,0,100,0,1000,15,15,15,15,5,5,0,0,0,0,0,0,0,0,15,15,15,15,15,15,0,0,0,0,0,0,0,0,15,15,15,15,15,15,0,0,0,0,0,0,0,0,15,15,15,15,5,5,0,0,0,0,0,0,0,0,15,15,15,15,5,5,0,0,0,0,0,0,0,0,15,15,15,15,15,15,0,0,0,0,0,0,0,0
104,900,100,900,0,100,0,1000,15,15,15,15,5,5,0,0,0,0,0,0,0,0,15,15,15,15,15,15,0,0,0,0,0,0,0,0,15,15,15,15,15,15,0,0,0,0,0,0,0,0,15,15,15,15,5,5,0,0,0,0,0,0,0,0,15,15,15,15,5,5,0,0,0,0,0,0,0,0,15,15,15,15,15,15,0,0,0,0,0,0,0,0
105,900,100,900,0,100,0,1000,15,15,15,15,5,5,3795,5,3795,5,0,0,0,0,15,15,15,15,15,15,3795,5,3795,5,0,0,0,0,15,15,15,15,15,15,3795,5,3795,5,0,0,0,0,15,15,15,15,5,5,3795,5,3795,5,0,0,0,0,15,15,15,15,5,5,3795,5,3795,5,0,0,0,0,15,15,15,15,15,15,3795,5,3795,5,0,0,0,0
106,900,100,900,0,100,0,1000,15,15,15,15,5,5,2195,8,0,0,291,1,1904,7,15,15,15,15,15,15,2195,8,0,0,291,1,1904,7,15,15,15,15,15,15,2195,8,0,0,291,1,1904,7,15,15,15,15,5,5,2195,8,0,0,291,1,1904,7,15,15,15,15,5,5,2195,8,0,0,291,1,1904,7,15,15,15,15,15,15,2195,8,0,0,291,1,1904,7
107,900,100,900,0,100,0,1000,15,15,15,15,5,5,0,0,0,0,0,0,0,0,16,16,15,15,16,16,0,0,0,0,0,0,0,0,16,16,15,15,16,16,0,0,0,0,0,0,0,0,15,15,15,15,5,5,0,0,0,0,0,0,0,0,15,15,15,15,5,5,0,0,0,0,0,0,0,0,16,16,15,15,16,16,0,0,0,0,0,0,0,0
108,900,100,900,0,100,0,1000,15,15,15,15,5,5,0,0,0,0,0,0,0,0,16,16,15,15,16,16,0,0,0,0,0,0,0,0,16,16,15,15,16,16,0,0,0,0,0,0,0,0,15,15,15,15,5,5,0,0,0,0,0,0,0,0,15,15,15,15,5,5,0,0,0,0,0,0,0,0,16,16,15,15,16,16,0,0,0,0,0,0,0,0
109,900,100,900,0,100,0,1000,15,15,15,15,5,5,5303,8,5303,8,0,0,0,0,16,16,15,15,16,16,5303,8,5303,8,0,0,0,0,16,16,15,15,16,16,5303,8,5303,8,0,0,0,0,15,15,15,15,5,5,5303,8,5303,8,0,0,0,0,15,15,15,15,5,5,5303,8,5303,8,0,0,0,0,16,16,15,15,16,16,5303,8,5303,8,0,0,0,0
110,900,100,900,0,100,0,1000,15,15,15,15,5,5,1651,6,0,0,291,1,1360,5,16,16,15,15,16,16,1651,6,0,0,291,1,1360,5,16,16,15,15,16,16,1651,6,0,0,291,1,1360,5,15,15,15,15,5,5,1651,6,0,0,291,1,1360,5,15,15,15,15,5,5,1651,6,0,0,291,1,1360,5,16,16,15,15,16,16,1651,6,0,0,291,1,1360,5
111,900,100,900,0,100,0,1000,15,15,15,15,5,5,0,0,0,0,0,0,0,0,17,17,15,15,17,17,0,0,0,0,0,0,0,0,17,17,15,15,17,17,0,0,0,0,0,0,0,0,15,15,15,15,5,5,0,0,0,0,0,0,0,0,15,15,15,15,5,5,0,0,0,0,0,0,0,0,17,17,15,15,17,17,0,0,0,0,0,0,0,0
112,900,100,900,0,100,0,1000,15,15,15,15,5,5,0,0,0,0,0,0,0,0,17,17,15,15,17,17,0,0,0,0,0,0,0,0,17,17,15,15,17,17,0,0,0,0,0,0,0,0,15,15,15,15,5,5,0,0,0,0,0,0,0,0,15,15,15,15,5,5,0,0,0,0,0,0,0,0,17,17,15,15,17,17,0,0,0,0,0,0,0,0
113,900,100,900,0,100,0,1000,15,15,15,15,5,5,1797,3,1797,3,0,0,0,0,17,17,15,15,17,17,1797,3,1797,3,0,0,0,0,17,17,15,15,17,17,1797,3,1797,3,0,0,0,0,15,15,15,15,5,5,1797,3,1797,3,0,0,0,0,15,15,15,15,5,5,1797,3,1797,3,0,0,0,0,17,17,15,15,17,17,1797,3,1797,3,0,0,0,0
114,900,100,900,0,100,0,1000,15,15,15,15,5,5,3011,11,0,0,291,1,2720,10,17,17,15,15,17,17,3011,11,0,0,291,1,2720,10,17,17,15,15,17,17,3011,11,0,0,291,1,2720,10,15,15,15,15,5,5,3011,11,0,0,291,1,2720,10,15,15,15,15,5,5,3011,11,0,0,291,1,2720,10,17,17,15,15,17,17,3011,11,0,0,291,1,2720,10
115,900,100,900,0,100,0,1000,15,15,15,15,5,5,0,0,0,0,0,0,0,0,18,18,15,15,18,18,0,0,0,0,0,0,0,0,18,18,15,15,18,18,0,0,0,0,0,0,0,0,15,15,15,15,5,5,0,0,0,0,0,0,0,0,15,15,15,15,5,5,0,0,0,0,0,0,0,0,18,18,15,15,18,18,0,0,0,0,0,0,0,0
116,900,100,900,0,100,0,1000,15,15,15,15,5,5,0,0,0,0,0,0,0,0,18,18,15,15,18,18,0,0,0,0,0,0,0,0,18,18,15,15,18,18,0,0,0,0,0,0,0,0,15,15,15,15,5,5,0,0,0,0,0,0,0,0,15,15,15,15,5,5,0,0,0,0,0,0,0,0,18,18,15,15,18,18,0,0,0,0,0,0,0,0
117,900,100,900,0,100,0,1000,15,15,15,15,5,5,5313,7,5313,7,0,0,0,0,18,18,15,15,18,18,5313,7,5313,7,0,0,0,0,18,18,15,15,18,18,5313,7,5313,7,0,0,0,0,15,15,15,15,5,5,5313,7,5313,7,0,0,0,0,15,15,15,15,5,5,5313,7,5313,7,0,0,0,0,18,18,15,15,18,18,5313,7,5313,7,0,0,0,0
118,900,100,900,0,100,0,1000,15,15,15,15,5,5,3555,13,0,0,291,1,3264,12,18,18,15,15,18,18,3555,13,0,0,291,1,3264,12,18,18,15,15,18,18,3555,13,0,0,291,1,3264,12,15,15,15,15,5,5,3555,13,0,0,291,1,3264,12,15,15,15,15,5,5,3555,13,0,0,291,1,3264,12,18,18,15,15,18,18,3555,13,0,0,291,1,3264,12
119,900,100,900,0,100,0,1000,15,15,15,15,5,5,0,0,0,0,0,0,0,0,19,19,15,15,19,19,0,0,0,0,0,0,0,0,19,19,15,15,19,19,0,0,0,0,0,0,0,0,15,15,15,15,5,5,0,0,0,0,0,0,0,0,15,15,15,15,5,5,0,0,0,0,0,0,0,0,19,19,15,15,19,19,0,0,0,0,0,0,0,0
120,900,100,900,0,100,0,1000,15,15,15,15,5,5,0,0,0,0,0,0,0,0,19,19,15,15,19,19,0,0,0,0,0,0,0,0,19,19,15,15,19,19,0,0,0,0,0,0,0,0,15,15,15,15,5,5,0,0,0,0,0,0,0,0,15,15,15,15,5,5,0,0,0,0,0,0,0,0,19,19,15,15,19,19,0,0,0,0,0,0,0,0
121,900,100,900,0,100,0,1000,15,15,15,15,5,5,4936,6,4936,6,0,0,0,0,19,19,15,15,19,19,4936,6,4936,6,0,0,0,0,19,19,15,15,19,19,4936,6,4936,6,0,0,0,0,15,15,15,15,5,5,4936,6,4936,6,0,0,0,0,15,15,15,15,5,5,4936,6,4936,6,0,0,0,0,19,19,15,15,19,19,4936,6,4936,6,0,0,0,0
122,900,100,900,0,100,0,1000,15,15,15,15,5,5,3555,13,0,0,291,1,3264,12,19,19,15,15,19,19,3555,13,0,0,291,1,3264,12,19,19,15,15,19,19,3555,13,0,0,291,1,3264,12,15,15,15,15,5,5,3555,13,0,0,291,1,3264,12,15,15,15,15,5,5,3555,13,0,0,291,1,3264,12,19,19,15,15,19,19,3555,13,0,0,291,1,3264,12
123,900,100,900,0,100,0,1000,15,15,15,15,5,5,0,0,0,0,0,0,0,0,20,20,15,15,20,20,0,0,0,0,0,0,0,0,20,20,15,15,20,20,0,0,0,0,0,0,0,0,15,15,15,15,5,5,0,0,0,0,0,0,0,0,15,15,15,15,5,5,0,0,0,0,0,0,0,0,20,20,15,15,20,20,0,0,0,0,0,0,0,0
124,900,100,900,0,100,0,1000,15,15,15,15,5,5,0,0,0,0,0,0,0,0,20,20,15,15,20,20,0,0,0,0,0,0,0,0,20,20,15,15,20,20,0,0,0,0,0,0,0,0,15,15,15,15,5,5,0,0,0,0,0,0,0,0,15,15,15,15,5,5,0,0,0,0,0,0,0,0,20,20,15,15,20,20,0,0,0,0,0,0,0,0
125,900,100,900,0,100,0,1000,15,15,15,15,5,5,2469,3,2469,3,0,0,0,0,20,20,15,15,20,20,2469,3,2469,3,0,0,0,0,20,20,15,15,20,20,2469,3,2469,3,0,0,0,0,15,15,15,15,5,5,2469,3,2469,3,0,0,0,0,15,15,15,15,5,5,2469,3,2469,3,0,0,0,0,20,20,15,15,20,20,2469,3,2469,3,0,0,0,0
126,0,1000,0,900,100,0,1000,15,15,15,15,5,5,3827,14,0,0,291,1,3536,13,20,20,15,15,20,20,3827,14,0,0,291,1,3536,13,20,20,15,15,20,20,3827,14,0,0,291,1,3536,13,15,15,15,15,5,5,3827,14,0,0,291,1,3536,13,15,15,15,15,5,5,3827,14,0,0,291,1,3536,13,20,20,15,15,20,20,3827,14,0,0,291,1,3536,13
127,0,1000,0,0,1000,0,1000,21,21,15,15,21,21,0,0,0,0,0,0,0,0,21,21,15,15,21,21,0,0,0,0,0,0,0,0,21,21,15,15,21,21,0,0,0,0,0,0,0,0,21,21,15,15,21,21,0,0,0,0,0,0,0,0,21,21,15,15,21,21,0,0,0,0,0,0,0,0,21,21,15,15,21,21,0,0,0,0,0,0,0,0
128,0,1000,0,0,1000,0,1000,21,21,15,15,21,21,0,0,0,0,0,0,0,0,21,21,15,15,21,21,0,0,0,0,0,0,0,0,21,21,15,15,21,21,0,0,0,0,0,0,0,0,21,21,15,15,21,21,0,0,0,0,0,0,0,0,21,21,15,15,21,21,0,0,0,0,0,0,0,0,21,21,15,15,21,21,0,0,0,0,0,0,0,0
129,0,1000,0,0,1000,0,1000,21,21,15,15,21,21,47016,55,47016,55,0,0,0,0,21,21,15,15,21,21,47016,55,47016,55,0,0,0,0,21,21,15,15,21,21,47016,55,47016,55,0,0,0,0,21,21,15,15,21,21,47016,55,47016,55,0,0,0,0,21,21,15,15,21,21,47016,55,47016,55,0,0,0,0,21,21,15,15,21,21,47016,55,47016,55,0,0,0,0
130,0,1000,0,0,1000,0,1000,32,32,32,32,21,21,28035,103,0,0,291,1,27744,102,32,32,32,32,21,21,28035,103,0,0,291,1,27744,102,32,32,32,32,21,21,28035,103,0,0,291,1,27744,102,32,32,32,32,21,21,28035,103,0,0,291,1,27744,102,32,32,32,32,21,21,28035,103,0,0,291,1,27744,102,32,32,32,32,21,21,28035,103,0,0,291,1,27744,102
131,0,1000,0,0,1000,0,1000,32,32,32,32,22,22,0,0,0,0,0,0,0,0,32,32,32,32,22,22,0,0,0,0,0,0,0,0,32,32,32,32,22,22,0,0,0,0,0,0,0,0,32,32,32,32,22,22,0,0,0,0,0,0,0,0,32,32,32,32,22,22,0,0,0,0,0,0,0,0,32,32,32,32,22,22,0,0,0,0,0,0,0,0
132,0,1000,0,0,1000,0,1000,32,32,32,32,22,22,0,0,0,0,0,0,0,0,32,32,32,32,22,22,0,0,0,0,0,0,0,0,32,32,32,32,22,22,0,0,0,0,0,0,0,0,32,32,32,32,22,22,0,0,0,0,0,0,0,0,32,32,32,32,22,22,0,0,0,0,0,0,0,0,32,32,32,32,22,22,0,0,0,0,0,0,0,0
133,0,1000,0,0,1000,0,1000,32,32,32,32,22,22,192550,52,192550,52,0,0,0,0,32,32,32,32,22,22,192550,52,192550,52,0,0,0,0,32,32,32,32,22,22,192550,52,192550,52,0,0,0,0,32,32,32,32,22,22,192550,52,192550,52,0,0,0,0,32,32,32,32,22,22,192550,52,192550,52,0,0,0,0,32,32,32,32,22,22,192550,52,192550,52,0,0,0,0
134,0,1000,0,0,1000,0,1000,33,33,33,33,22,22,26675,98,0,0,291,1,26384,97,33,33,33,33,22,22,26675,98,0,0,291,1,26384,97,33,33,33,33,22,22,26675,98,0,0,291,1,26384,97,33,33,33,33,22,22,26675,98,0,0,291,1,26384,97,33,33,33,33,22,22,26675,98,0,0,291,1,26384,97,33,33,33,33,22,22,26675,98,0,0,291,1,26384,97
135,0,1000,0,0,1000,0,1000,33,33,33,33,23,23,0,0,0,0,0,0,0,0,33,33,33,33,23,23,0,0,0,0,0,0,0,0,33,33,33,33,23,23,0,0,0,0,0,0,0,0,33,33,33,33,23,23,0,0,0,0,0,0,0,0,33,33,33,33,23,23,0,0,0,0,0,0,0,0,33,33,33,33,23,23,0,0,0,0,0,0,0,0
136,0,1000,0,0,1000,0,1000,33,33,33,33,23,23,0,0,0,0,0,0,0,0,33,33,33,33,23,23,0,0,0,0,0,0,0,0,33,33,33,33,23,23,0,0,0,0,0,0,0,0,33,33,33,33,23,23,0,0,0,0,0,0,0,0,33,33,33,33,23,23,0,0,0,0,0,0,0,0,33,33,33,33,23,23,0,0,0,0,0,0,0,0
137,0,1000,0,0,1000,0,1000,33,33,33,33,23,23,194860,55,194860,55,0,0,0,0,33,33,33,33,23,23,194860,55,194860,55,0,0,0,0,33,33,33,33,23,23,194860,55,194860,55,0,0,0,0,33,33,33,33,23,23,194860,55,194860,55,0,0,0,0,33,33,33,33,23,23,194860,55,194860,55,0,0,0,0,33,33,33,33,23,23,194860,55,194860,55,0,0,0,0
138,0,1000,0,0,1000,0,1000,34,34,34,34,23,23,30755,113,0,0,291,1,30464,112,34,34,34,34,23,23,30755,113,0,0,291,1,30464,112,34,34,34,34,23,23,30755,113,0,0,291,1,30464,112,34,34,34,34,23,23,30755,113,0,0,291,1,30464,112,34,34,34,34,23,23,30755,113,0,0,291,1,30464,112,34,34,34,34,23,23,30755,113,0,0,291,1,30464,112
139,0,1000,0,0,1000,0,1000,34,34,34,34,24,24,0,0,0,0,0,0,0,0,34,34,34,34,24,24,0,0,0,0,0,0,0,0,34,34,34,34,24,24,0,0,0,0,0,0,0,0,34,34,34,34,24,24,0,0,0,0,0,0,0,0,34,34,34,34,24,24,0,0,0,0,0,0,0,0,34,34,34,34,24,24,0,0,0,0,0,0,0,0
140,0,1000,0,0,1000,0,1000,34,34,34,34,24,24,0,0,0,0,0,0,0,0,34,34,34,34,24,24,0,0,0,0,0,0,0,0,34,34,34,34,24,24,0,0,0,0,0,0,0,0,34,34,34,34,24,24,0,0,0,0,0,0,0,0,34,34,34,34,24,24,0,0,0,0,0,0,0,0,34,34,34,34,24,24,0,0,0,0,0,0,0,0
141,0,1000,0,0,1000,0,1000,34,34,34,34,24,24,213217,53,213217,53,0,0,0,0,34,34,34,34,24,24,213217,53,213217,53,0,0,0,0,34,34,34,34,24,24,213217,53,213217,53,0,0,0,0,34,34,34,34,24,24,213217,53,213217,53,0,0,0,0,34,34,34,34,24,24,213217,53,213217,53,0,0,0,0,34,34,34,34,24,24,213217,53,213217,53,0,0,0,0
142,0,1000,0,0,1000,0,1000,35,35,35,35,24,24,25042,92,0,0,290,1,24752,91,35,35,35,35,24,24,25042,92,0,0,290,1,24752,91,35,35,35,35,24,24,25042,92,0,0,290,1,24752,91,35,35,35,35,24,24,25042,92,0,0,290,1,24752,91,35,35,35,35,24,24,25042,92,0,0,290,1,24752,91,35,35,35,35,24,24,25042,92,0,0,290,1,24752,91
143,0,1000,0,0,1000,0,1000,35,35,35,35,25,25,0,0,0,0,0,0,0,0,35,35,35,35,25,25,0,0,0,0,0,0,0,0,35,35,35,35,25,25,0,0,0,0,0,0,0,0,35,35,35,35,25,25,0,0,0,0,0,0,0,0,35,35,35,35,25,25,0,0,0,0,0,0,0,0,35,35,35,35,25,25,0,0,0,0,0,0,0,0
144,0,1000,0,0,1000,0,1000,35,35,35,35,25,25,0,0,0,0,0,0,0,0,35,35,35,35,25,25,0,0,0,0,0,0,0,0,35,35,35,35,25,25,0,0,0,0,0,0,0,0,35,35,35,35,25,25,0,0,0,0,0,0,0,0,35,35,35,35,25,25,0,0,0,0,0,0,0,0,35,35,35,35,25,25,0,0,0,0,0,0,0,0
145,0,1000,0,0,1000,0,1000,35,35,35,35,25,25,144089,43,144089,43,0,0,0,0,35,35,35,35,25,25,144089,43,144089,43,0,0,0,0,35,35,35,35,25,25,144089,43,144089,43,0,0,0,0,35,35,35,35,25,25,144089,43,144089,43,0,0,0,0,35,35,35,35,25,25,144089,43,144089,43,0,0,0,0,35,35,35,35,25,25,144089,43,144089,43,0,0,0,0
146,0,1000,0,0,1000,0,1000,36,36,36,36,25,25,26131,96,0,0,291,1,25840,95,36,36,36,36,25,25,26131,96,0,0,291,1,25840,95,36,36,36,36,25,25,26131,96,0,0,291,1,25840,95,36,36,36,36,25,25,26131,96,0,0,291,1,25840,95,36,36,36,36,25,25,26131,96,0,0,291,1,25840,95,36,36,36,36,25,25,26131,96,0,0,291,1,25840,95
147,0,1000,0,0,1000,0,1000,36,36,36,36,26,26,0,0,0,0,0,0,0,0,36,36,36,36,26,26,0,0,0,0,0,0,0,0,36,36,36,36,26,26,0,0,0,0,0,0,0,0,36,36,36,36,26,26,0,0,0,0,0,0,0,0,36,36,36,36,26,26,0,0,0,0,0,0,0,0,36,36,36,36,26,26,0,0,0,0,0,0,0,0
148,0,1000,0,0,1000,0,1000,36,36,36,36,26,26,0,0,0,0,0,0,0,0,36,36,36,36,26,26,0,0,0,0,0,0,0,0,36,36,36,36,26,26,0,0,0,0,0,0,0,0,36,36,36,36,26,26,0,0,0,0,0,0,0,0,36,36,36,36,26,26,0,0,0,0,0,0,0,0,36,36,36,36,26,26,0,0,0,0,0,0,0,0
149,0,1000,0,0,1000,0,1000,36,36,36,36,26,26,191342,55,191342,55,0,0,0,0,36,36,36,36,26,26,191342,55,191342,55,0,0,0,0,36,36,36,36,26,26,191342,55,191342,55,0,0,0,0,36,36,36,36,26,26,191342,55,191342,55,0,0,0,0,36,36,36,36,26,26,191342,55,191342,55,0,0,0,0,36,36,36,36,26,26,191342,55,191342,55,0,0,0,0
150,0,1000,0,0,1000,0,1000,37,37,37,37,26,26,32659,120,0,0,291,1,32368,119,37,37,37,37,26,26,32659,120,0,0,291,1,32368,119,37,37,37,37,26,26,32659,120,0,0,291,1,32368,119,37,37,37,37,26,26,32659,120,0,0,291,1,32368,119,37,37,37,37,26,26,32659,120,0,0,291,1,32368,119,37,37,37,37,26,26,32659,120,0,0,291,1,32368,119
151,0,1000,0,0,1000,0,1000,37,37,37,37,27,27,0,0,0,0,0,0,0,0,37,37,37,37,27,27,0,0,0,0,0,0,0,0,37,37,37,37,27,27,0,0,0,0,0,0,0,0,37,37,37,37,27,27,0,0,0,0,0,0,0,0,37,37,37,37,27,27,0,0,0,0,0,0,0,0,37,37,37,37,27,27,0,0,0,0,0,0,0,0
152,0,1000,0,0,1000,0,1000,37,37,37,37,27,27,0,0,0,0,0,0,0,0,37,37,37,37,27,27,0,0,0,0,0,0,0,0,37,37,37,37,27,27,0,0,0,0,0,0,0,0,37,37,37,37,27,27,0,0,0,0,0,0,0,0,37,37,37,37,27,27,0,0,0,0,0,0,0,0,37,37,37,37,27,27,0,0,0,0,0,0,0,0
153,0,1000,0,0,1000,0,1000,37,37,37,37,27,27,220837,52,220837,52,0,0,0,0,37,37,37,37,27,27,220837,52,220837,52,0,0,0,0,37,37,37,37,27,27,220837,52,220837,52,0,0,0,0,37,37,37,37,27,27,220837,52,220837,52,0,0,0,0,37,37,37,37,27,27,220837,52,220837,52,0,0,0,0,37,37,37,37,27,27,220837,52,220837,52,0,0,0,0
154,0,1000,0,0,1000,0,1000,38,38,38,38,27,27,22323,82,0,0,291,1,22032,81,38,38,38,38,27,27,22323,82,0,0,291,1,22032,81,38,38,38,38,27,27,22323,82,0,0,291,1,22032,81,38,38,38,38,27,27,22323,82,0,0,291,1,22032,81,38,38,38,38,27,27,22323,82,0,0,291,1,22032,81,38,38,38,38,27,27,22323,82,0,0,291,1,22032,81
155,0,1000,0,0,1000,0,1000,38,38,38,38,28,28,0,0,0,0,0,0,0,0,38,38,38,38,28,28,0,0,0,0,0,0,0,0,38,38,38,38,28,28,0,0,0,0,0,0,0,0,38,38,38,38,28,28,0,0,0,0,0,0,0,0,38,38,38,38,28,28,0,0,0,0,0,0,0,0,38,38,38,38,28,28,0,0,0,0,0,0,0,0
156,0,1000,0,0,1000,0,1000,38,38,38,38,28,28,0,0,0,0,0,0,0,0,38,38,38,38,28,28,0,0,0,0,0,0,0,0,38,38,38,38,28,28,0,0,0,0,0,0,0,0,38,38,38,38,28,28,0,0,0,0,0,0,0,0,38,38,38,38,28,28,0,0,0,0,0,0,0,0,38,38,38,38,28,28,0,0,0,0,0,0,0,0
157,0,1000,0,0,1000,0,1000,38,38,38,38,28,28,157604,52,157604,52,0,0,0,0,38,38,38,38,28,28,157604,52,157604,52,0,0,0,0,38,38,38,38,28,28,157604,52,157604,52,0,0,0,0,38,38,38,38,28,28,157604,52,157604,52,0,0,0,0,38,38,38,38,28,28,157604,52,157604,52,0,0,0,0,38,38,38,38,28,28,157604,52,157604,52,0,0,0,0
158,0,1000,0,0,1000,0,1000,39,39,39,39,28,28,24499,90,0,0,291,1,24208,89,39,39,39,39,28,28,24499,90,0,0,291,1,24208,89,39,39,39,39,28,28,24499,90,0,0,291,1,24208,89,39,39,39,39,28,28,24499,90,0,0,291,1,24208,89,39,39,39,39,28,28,24499,90,0,0,291,1,24208,89,39,39,39,39,28,28,24499,90,0,0,291,1,24208,89
159,0,1000,0,0,1000,0,1000,39,39,39,39,29,29,0,0,0,0,0,0,0,0,39,39,39,39,29,29,0,0,0,0,0,0,0,0,39,39,39,39,29,29,0,0,0,0,0,0,0,0,39,39,39,39,29,29,0,0,0,0,0,0,0,0,39,39,39,39,29,29,0,0,0,0,0,0,0,0,39,39,39,39,29,29,0,0,0,0,0,0,0,0
160,0,1000,0,0,1000,0,1000,39,39,39,39,29,29,0,0,0,0,0,0,0,0,39,39,39,39,29,29,0,0,0,0,0,0,0,0,39,39,39,39,29,29,0,0,0,0,0,0,0,0,39,39,39,39,29,29,0,0,0,0,0,0,0,0,39,39,39,39,29,29,0,0,0,0,0,0,0,0,39,39,39,39,29,29,0,0,0,0,0,0,0,0
161,0,1000,0,0,1000,0,1000,39,39,39,39,29,29,213645,65,213645,65,0,0,0,0,39,39,39,39,29,29,213645,65,213645,65,0,0,0,0,39,39,39,39,29,29,213645,65,213645,65,0,0,0,0,39,39,39,39,29,29,213645,65,213645,65,0,0,0,0,39,39,39,39,29,29,213645,65,213645,65,0,0,0,0,39,39,39,39,29,29,213645,65,213645,65,0,0,0,0
162,0,1000,0,0,1000,0,1000,40,40,40,40,29,29,27763,102,0,0,291,1,27472,101,40,40,40,40,29,29,27763,102,0,0,291,1,27472,101,40,40,40,40,29,29,27763,102,0,0,291,1,27472,101,40,40,40,40,29,29,27763,102,0,0,291,1,27472,101,40,40,40,40,29,29,27763,102,0,0,291,1,27472,101,40,40,40,40,29,29,27763,102,0,0,291,1,27472,101
163,0,1000,0,0,1000,0,1000,40,40,40,40,30,30,0,0,0,0,0,0,0,0,40,40,40,40,30,30,0,0,0,0,0,0,0,0,40,40,40,40,30,30,0,0,0,0,0,0,0,0,40,40,40,40,30,30,0,0,0,0,0,0,0,0,40,40,40,40,30,30,0,0,0,0,0,0,0,0,40,40,40,40,30,30,0,0,0,0,0,0,0,0
164,0,1000,0,0,1000,0,1000,40,40,40,40,30,30,0,0,0,0,0,0,0,0,40,40,40,40,30,30,0,0,0,0,0,0,0,0,40,40,40,40,30,30,0,0,0,0,0,0,0,0,40,40,40,40,30,30,0,0,0,0,0,0,0,0,40,40,40,40,30,30,0,0,0,0,0,0,0,0,40,40,40,40,30,30,0,0,0,0,0,0,0,0
165,0,1000,0,0,1000,0,1000,40,40,40,40,30,30,161521,44,161521,44,0,0,0,0,40,40,40,40,30,30,161521,44,161521,44,0,0,0,0,40,40,40,40,30,30,161521,44,161521,44,0,0,0,0,40,40,40,40,30,30,161521,44,161521,44,0,0,0,0,40,40,40,40,30,30,161521,44,161521,44,0,0,0,0,40,40,40,40,30,30,161521,44,161521,44,0,0,0,0
166,0,1000,0,0,1000,0,1000,41,41,41,41,30,30,27491,101,0,0,291,1,27200,100,41,41,41,41,30,30,27491,101,0,0,291,1,27200,100,41,41,41,41,30,30,27491,101,0,0,291,1,27200,100,41,41,41,41,30,30,27491,101,0,0,291,1,27200,100,41,41,41,41,30,30,27491,101,0,0,291,1,27200,100,41,41,41,41,30,30,27491,101,0,0,291,1,27200,100
167,0,1000,0,0,1000,0,1000,41,41,41,41,31,31,0,0,0,0,0,0,0,0,41,41,41,41,31,31,0,0,0,0,0,0,0,0,41,41,41,41,31,31,0,0,0,0,0,0,0,0,41,41,41,41,31,31,0,0,0,0,0,0,0,0,41,41,41,41,31,31,0,0,0,0,0,0,0,0,41,41,41,41,31,31,0,0,0,0,0,0,0,0
168,0,1000,0,0,1000,0,1000,41,41,41,41,31,31,0,0,0,0,0,0,0,0,41,41,41,41,31,31,0,0,0,0,0,0,0,0,41,41,41,41,31,31,0,0,0,0,0,0,0,0,41,41,41,41,31,31,0,0,0,0,0,0,0,0,41,41,41,41,31,31,0,0,0,0,0,0,0,0,41,41,41,41,31,31,0,0,0,0,0,0,0,0
169,0,1000,0,0,1000,0,1000,41,41,41,41,31,31,203778,56,203778,56,0,0,0,0,41,41,41,41,31,31,203778,56,203778,56,0,0,0,0,41,41,41,41,31,31,203778,56,203778,56,0,0,0,0,41,41,41,41,31,31,203778,56,203778,56,0,0,0,0,41,41,41,41,31,31,203778,56,203778,56,0,0,0,0,41,41,41,41,31,31,203778,56,203778,56,0,0,0,0
170,0,1000,0,0,1000,0,1000,42,42,42,42,31,31,29395,108,0,0,291,1,29104,107,42,42,42,42,31,31,29395,108,0,0,291,1,29104,107,42,42,42,42,31,31,29395,108,0,0,291,1,29104,107,42,42,42,42,31,31,29395,108,0,0,291,1,29104,107,42,42,42,42,31,31,29395,108,0,0,291,1,29104,107,42,42,42,42,31,31,29395,108,0,0,291,1,29104,107
171,0,1000,0,0,1000,0,1000,42,42,42,42,32,32,0,0,0,0,0,0,0,0,42,42,42,42,32,32,0,0,0,0,0,0,0,0,42,42,42,42,32,32,0,0,0,0,0,0,0,0,42,42,42,42,32,32,0,0,0,0,0,0,0,0,42,42,42,42,32,32,0,0,0,0,0,0,0,0,42,42,42,42,32,32,0,0,0,0,0,0,0,0
172,0,1000,0,0,1000,0,1000,42,42,42,42,32,32,0,0,0,0,0,0,0,0,42,42,42,42,32,32,0,0,0,0,0,0,0,0,42,42,42,42,32,32,0,0,0,0,0,0,0,0,42,42,42,42,32,32,0,0,0,0,0,0,0,0,42,42,42,42,32,32,0,0,0,0,0,0,0,0,42,42,42,42,32,32,0,0,0,0,0,0,0,0
173,0,1000,0,0,1000,0,1000,42,42,42,42,32,32,212461,55,212461,55,0,0,0,0,42,42,42,42,32,32,212461,55,212461,55,0,0,0,0,42,42,42,42,32,32,212461,55,212461,55,0,0,0,0,42,42,42,42,32,32,212461,55,212461,55,0,0,0,0,42,42,42,42,32,32,212461,55,212461,55,0,0,0,0,42,42,42,42,32,32,212461,55,212461,55,0,0,0,0
174,0,1000,0,0,1000,0,1000,43,43,43,43,32,32,25587,94,0,0,291,1,25296,93,43,43,43,43,32,32,25587,94,0,0,291,1,25296,93,43,43,43,43,32,32,25587,94,0,0,291,1,25296,93,43,43,43,43,32,32,25587,94,0,0,291,1,25296,93,43,43,43,43,32,32,25587,94,0,0,291,1,25296,93,43,43,43,43,32,32,25587,94,0,0,291,1,25296,93
175,0,1000,0,0,1000,0,1000,43,43,43,43,33,33,0,0,0,0,0,0,0,0,43,43,43,43,33,33,0,0,0,0,0,0,0,0,43,43,43,43,33,33,0,0,0,0,0,0,0,0,43,43,43,43,33,33,0,0,0,0,0,0,0,0,43,43,43,43,33,33,0,0,0,0,0,0,0,0,43,43,43,43,33,33,0,0,0,0,0,0,0,0
176,0,1000,0,0,1000,0,1000,43,43,43,43,33,33,0,0,0,0,0,0,0,0,43,43,43,43,33,33,0,0,0,0,0,0,0,0,43,43,43,43,33,33,0,0,0,0,0,0,0,0,43,43,43,43,33,33,0,0,0,0,0,0,0,0,43,43,43,43,33,33,0,0,0,0,0,0,0,0,43,43,43,43,33,33,0,0,0,0,0,0,0,0
177,0,1000,0,0,1000,0,1000,43,43,43,43,33,33,170747,50,170747,50,0,0,0,0,43,43,43,43,33,33,170747,50,170747,50,0,0,0,0,43,43,43,43,33,33,170747,50,170747,50,0,0,0,0,43,43,43,43,33,33,170747,50,170747,50,0,0,0,0,43,43,43,43,33,33,170747,50,170747,50,0,0,0,0,43,43,43,43,33,33,170747,50,170747,50,0,0,0,0
178,0,1000,0,0,1000,0,1000,44,44,44,44,33,33,30483,112,0,0,291,1,30192,111,44,44,44,44,33,33,30483,112,0,0,291,1,30192,111,44,44,44,44,33,33,30483,112,0,0,291,1,30192,111,44,44,44,44,33,33,30483,112,0,0,291,1,30192,111,44,44,44,44,33,33,30483,112,0,0,291,1,30192,111,44,44,44,44,33,33,30483,112,0,0,291,1,30192,111
179,0,1000,0,0,1000,0,1000,44,44,44,44,34,34,0,0,0,0,0,0,0,0,44,44,44,44,34,34,0,0,0,0,0,0,0,0,44,44,44,44,34,34,0,0,0,0,0,0,0,0,44,44,44,44,34,34,0,0,0,0,0,0,0,0,44,44,44,44,34,34,0,0,0,0,0,0,0,0,44,44,44,44,34,34,0,0,0,0,0,0,0,0
180,0,1000,0,0,1000,0,1000,44,44,44,44,34,34,0,0,0,0,0,0,0,0,44,44,44,44,34,34,0,0,0,0,0,0,0,0,44,44,44,44,34,34,0,0,0,0,0,0,0,0,44,44,44,44,34,34,0,0,0,0,0,0,0,0,44,44,44,44,34,34,0,0,0,0,0,0,0,0,44,44,44,44,34,34,0,0,0,0,0,0,0,0
181,0,1000,0,0,1000,0,1000,44,44,44,44,34,34,219502,55,219502,55,0,0,0,0,44,44,44,44,34,34,219502,55,219502,55,0,0,0,0,44,44,44,44,34,34,219502,55,219502,55,0,0,0,0,44,44,44,44,34,34,219502,55,219502,55,0,0,0,0,44,44,44,44,34,34,219502,55,219502,55,0,0,0,0,44,44,44,44,34,34,219502,55,219502,55,0,0,0,0
182,0,1000,0,0,1000,0,1000,45,45,45,45,34,34,25587,94,0,0,291,1,25296,93,45,45,45,45,34,34,25587,94,0,0,291,1,25296,93,45,45,45,45,34,34,25587,94,0,0,291,1,25296,93,45,45,45,45,34,34,25587,94,0,0,291,1,25296,93,45,45,45,45,34,34,25587,94,0,0,291,1,25296,93,45,45,45,45,34,34,25587,94,0,0,291,1,25296,93
183,0,1000,0,0,1000,0,1000,45,45,45,45,35,35,0,0,0,0,0,0,0,0,45,45,45,45,35,35,0,0,0,0,0,0,0,0,45,45,45,45,35,35,0,0,0,0,0,0,0,0,45,45,45,45,35,35,0,0,0,0,0,0,0,0,45,45,45,45,35,35,0,0,0,0,0,0,0,0,45,45,45,45,35,35,0,0,0,0,0,0,0,0
184,0,1000,0,0,1000,0,1000,45,45,45,45,35,35,0,0,0,0,0,0,0,0,45,45,45,45,35,35,0,0,0,0,0,0,0,0,45,45,45,45,35,35,0,0,0,0,0,0,0,0,45,45,45,45,35,35,0,0,0,0,0,0,0,0,45,45,45,45,35,35,0,0,0,0,0,0,0,0,45,45,45,45,35,35,0,0,0,0,0,0,0,0
185,0,1000,0,0,1000,0,1000,45,45,45,45,35,35,208309,61,208309,61,0,0,0,0,45,45,45,45,35,35,208309,61,208309,61,0,0,0,0,45,45,45,45,35,35,208309,61,208309,61,0,0,0,0,45,45,45,45,35,35,208309,61,208309,61,0,0,0,0,45,45,45,45,35,35,208309,61,208309,61,0,0,0,0,45,45,45,45,35,35,208309,61,208309,61,0,0,0,0
186,0,1000,0,0,1000,0,1000,46,46,46,46,35,35,24771,91,0,0,291,1,24480,90,46,46,46,46,35,35,24771,91,0,0,291,1,24480,90,46,46,46,46,35,35,24771,91,0,0,291,1,24480,90,46,46,46,46,35,35,24771,91,0,0,291,1,24480,90,46,46,46,46,35,35,24771,91,0,0,291,1,24480,90,46,46,46,46,35,35,24771,91,0,0,291,1,24480,90
187,900,100,900,0,100,0,1000,46,46,46,46,35,35,0,0,0,0,0,0,0,0,46,46,46,46,36,36,0,0,0,0,0,0,0,0,46,46,46,46,36,36,0,0,0,0,0,0,0,0,46,46,46,46,35,35,0,0,0,0,0,0,0,0,46,46,46,46,35,35,0,0,0,0,0,0,0,0,46,46,46,46,36,36,0,0,0,0,0,0,0,0
188,900,100,900,0,100,0,1000,46,46,46,46,35,35,0,0,0,0,0,0,0,0,46,46,46,46,36,36,0,0,0,0,0,0,0,0,46,46,46,46,36,36,0,0,0,0,0,0,0,0,46,46,46,46,35,35,0,0,0,0,0,0,0,0,46,46,46,46,35,35,0,0,0,0,0,0,0,0,46,46,46,46,36,36,0,0,0,0,0,0,0,0
189,900,100,900,0,100,0,1000,46,46,46,46,35,35,16593,5,16593,5,0,0,0,0,46,46,46,46,36,36,16593,5,16593,5,0,0,0,0,46,46,46,46,36,36,16593,5,16593,5,0,0,0,0,46,46,46,46,35,35,16593,5,16593,5,0,0,0,0,46,46,46,46,35,35,16593,5,16593,5,0,0,0,0,46,46,46,46,36,36,16593,5,16593,5,0,0,0,0
190,900,100,900,0,100,0,1000,46,46,46,46,35,35,3827,14,0,0,291,1,3536,13,46,46,46,46,36,36,3827,14,0,0,291,1,3536,13,46,46,46,46,36,36,3827,14,0,0,291,1,3536,13,46,46,46,46,35,35,3827,14,0,0,291,1,3536,13,46,46,46,46,35,35,3827,14,0,0,291,1,3536,13,46,46,46,46,36,36,3827,14,0,0,291,1,3536,13
191,900,100,900,0,100,0,1000,46,46,46,46,35,35,0,0,0,0,0,0,0,0,46,46,46,46,37,37,0,0,0,0,0,0,0,0,46,46,46,46,37,37,0,0,0,0,0,0,0,0,46,46,46,46,35,35,0,0,0,0,0,0,0,0,46,46,46,46,35,35,0,0,0,0,0,0,0,0,46,46,46,46,37,37,0,0,0,0,0,0,0,0
192,900,100,900,0,100,0,1000,46,46,46,46,35,35,0,0,0,0,0,0,0,0,46,46,46,46,37,37,0,0,0,0,0,0,0,0,46,46,46,46,37,37,0,0,0,0,0,0,0,0,46,46,46,46,35,35,0,0,0,0,0,0,0,0,46,46,46,46,35,35,0,0,0,0,0,0,0,0,46,46,46,46,37,37,0,0,0,0,0,0,0,0
193,900,100,900,0,100,0,1000,46,46,46,46,35,35,5985,7,5985,7,0,0,0,0,46,46,46,46,37,37,5985,7,5985,7,0,0,0,0,46,46,46,46,37,37,5985,7,5985,7,0,0,0,0,46,46,46,46,35,35,5985,7,5985,7,0,0,0,0,46,46,46,46,35,35,5985,7,5985,7,0,0,0,0,46,46,46,46,37,37,5985,7,5985,7,0,0,0,0
194,900,100,900,0,100,0,1000,46,46,46,46,35,35,3283,12,0,0,291,1,2992,11,46,46,46,46,37,37,3283,12,0,0,291,1,2992,11,46,46,46,46,37,37,3283,12,0,0,291,1,2992,11,46,46,46,46,35,35,3283,12,0,0,291,1,2992,11,46,46,46,46,35,35,3283,12,0,0,291,1,2992,11,46,46,46,46,37,37,3283,12,0,0,291,1,2992,11
195,900,100,900,0,100,0,1000,46,46,46,46,35,35,0,0,0,0,0,0,0,0,46,46,46,46,38,38,0,0,0,0,0,0,0,0,46,46,46,46,38,38,0,0,0,0,0,0,0,0,46,46,46,46,35,35,0,0,0,0,0,0,0,0,46,46,46,46,35,35,0,0,0,0,0,0,0,0,46,46,46,46,38,38,0,0,0,0,0,0,0,0
196,900,100,900,0,100,0,1000,46,46,46,46,35,35,0,0,0,0,0,0,0,0,46,46,46,46,38,38,0,0,0,0,0,0,0,0,46,46,46,46,38,38,0,0,0,0,0,0,0,0,46,46,46,46,35,35,0,0,0,0,0,0,0,0,46,46,46,46,35,35,0,0,0,0,0,0,0,0,46,46,46,46,38,38,0,0,0,0,0,0,0,0
197,900,100,900,0,100,0,1000,46,46,46,46,35,35,3164,4,3164,4,0,0,0,0,46,46,46,46,38,38,3164,4,3164,4,0,0,0,0,46,46,46,46,38,38,3164,4,3164,4,0,0,0,0,46,46,46,46,35,35,3164,4,3164,4,0,0,0,0,46,46,46,46,35,35,3164,4,3164,4,0,0,0,0,46,46,46,46,38,38,3164,4,3164,4,0,0,0,0
198,900,100,900,0,100,0,1000,46,46,46,46,35,35,2195,8,0,0,291,1,1904,7,46,46,46,46,38,38,2195,8,0,0,291,1,1904,7,46,46,46,46,38,38,2195,8,0,0,291,1,1904,7,46,46,46,46,35,35,2195,8,0,0,291,1,1904,7,46,46,46,46,35,35,2195,8,0,0,291,1,1904,7,46,46,46,46,38,38,2195,8,0,0,291,1,1904,7
199,900,100,900,0,100,0,1000,46,46,46,46,35,35,0,0,0,0,0,0,0,0,46,46,46,46,39,39,0,0,0,0,0,0,0,0,46,46,46,46,39,39,0,0,0,0,0,0,0,0,46,46,46,46,35,35,0,0,0,0,0,0,0,0,46,46,46,46,35,35,0,0,0,0,0,0,0,0,46,46,46,46,39,39,0,0,0,0,0,0,0,0
200,900,100,900,0,100,0,1000,46,46,46,46,35,35,0,0,0,0,0,0,0,0,46,46,46,46,39,39,0,0,0,0,0,0,0,0,46,46,46,46,39,39,0,0,0,0,0,0,0,0,46,46,46,46,35,35,0,0,0,0,0,0,0,0,46,46,46,46,35,35,0,0,0,0,0,0,0,0,46,46,46,46,39,39,0,0,0,0,0,0,0,0
201,900,100,900,0,100,0,1000,46,46,46,46,35,35,3978,6,3978,6,0,0,0,0,46,46,46,46,39,39,3978,6,3978,6,0,0,0,0,46,46,46,46,39,39,3978,6,3978,6,0,0,0,0,46,46,46,46,35,35,3978,6,3978,6,0,0,0,0,46,46,46,46,35,35,3978,6,3978,6,0,0,0,0,46,46,46,46,39,39,3978,6,3978,6,0,0,0,0
202,900,100,900,0,100,0,1000,46,46,46,46,35,35,2195,8,0,0,291,1,1904,7,46,46,46,46,39,39,2195,8,0,0,291,1,1904,7,46,46,46,46,39,39,2195,8,0,0,291,1,1904,7,46,46,46,46,35,35,2195,8,0,0,291,1,1904,7,46,46,46,46,35,35,2195,8,0,0,291,1,1904,7,46,46,46,46,39,39,2195,8,0,0,291,1,1904,7
203,900,100,900,0,100,0,1000,46,46,46,46,35,35,0,0,0,0,0,0,0,0,46,46,46,46,40,40,0,0,0,0,0,0,0,0,46,46,46,46,40,40,0,0,0,0,0,0,0,0,46,46,46,46,35,35,0,0,0,0,0,0,0,0,46,46,46,46,35,35,0,0,0,0,0,0,0,0,46,46,46,46,40,40,0,0,0,0,0,0,0,0
204,900,100,900,0,100,0,1000,46,46,46,46,35,35,0,0,0,0,0,0,0,0,46,46,46,46,40,40,0,0,0,0,0,0,0,0,46,46,46,46,40,40,0,0,0,0,0,0,0,0,46,46,46,46,35,35,0,0,0,0,0,0,0,0,46,46,46,46,35,35,0,0,0,0,0,0,0,0,46,46,46,46,40,40,0,0,0,0,0,0,0,0
205,900,100,900,0,100,0,1000,46,46,46,46,35,35,1988,3,1988,3,0,0,0,0,46,46,46,46,40,40,1988,3,1988,3,0,0,0,0,46,46,46,46,40,40,1988,3,1988,3,0,0,0,0,46,46,46,46,35,35,1988,3,1988,3,0,0,0,0,46,46,46,46,35,35,1988,3,1988,3,0,0,0,0,46,46,46,46,40,40,1988,3,1988,3,0,0,0,0
206,900,100,900,0,100,0,1000,46,46,46,46,35,35,2467,9,0,0,291,1,2176,8,46,46,46,46,40,40,2467,9,0,0,291,1,2176,8,46,46,46,46,40,40,2467,9,0,0,291,1,2176,8,46,46,46,46,35,35,2467,9,0,0,291,1,2176,8,46,46,46,46,35,35,2467,9,0,0,291,1,2176,8,46,46,46,46,40,40,2467,9,0,0,291,1,2176,8
207,900,100,900,0,100,0,1000,46,46,46,46,35,35,0,0,0,0,0,0,0,0,46,46,46,46,41,41,0,0,0,0,0,0,0,0,46,46,46,46,41,41,0,0,0,0,0,0,0,0,46,46,46,46,35,35,0,0,0,0,0,0,0,0,46,46,46,46,35,35,0,0,0,0,0,0,0,0,46,46,46,46,41,41,0,0,0,0,0,0,0,0
208,900,100,900,0,100,0,1000,46,46,46,46,35,35,0,0,0,0,0,0,0,0,46,46,46,46,41,41,0,0,0,0,0,0,0,0,46,46,46,46,41,41,0,0,0,0,0,0,0,0,46,46,46,46,35,35,0,0,0,0,0,0,0,0,46,46,46,46,35,35,0,0,0,0,0,0,0,0,46,46,46,46,41,41,0,0,0,0,0,0,0,0
209,900,100,900,0,100,0,1000,46,46,46,46,35,35,2780,4,2780,4,0,0,0,0,46,46,46,46,41,41,2780,4,2780,4,0,0,0,0,46,46,46,46,41,41,2780,4,2780,4,0,0,0,0,46,46,46,46,35,35,2780,4,2780,4,0,0,0,0,46,46,46,46,35,35,2780,4,2780,4,0,0,0,0,46,46,46,46,41,41,2780,4,2780,4,0,0,0,0
210,900,100,900,0,100,0,1000,46,46,46,46,35,35,2467,9,0,0,291,1,2176,8,46,46,46,46,41,41,2467,9,0,0,291,1,2176,8,46,46,46,46,41,41,2467,9,0,0,291,1,2176,8,46,46,46,46,35,35,2467,9,0,0,291,1,2176,8,46,46,46,46,35,35,2467,9,0,0,291,1,2176,8,46,46,46,46,41,41,2467,9,0,0,291,1,2176,8
211,900,100,900,0,100,0,1000,46,46,46,46,35,35,0,0,0,0,0,0,0,0,46,46,46,46,42,42,0,0,0,0,0,0,0,0,46,46,46,46,42,42,0,0,0,0,0,0,0,0,46,46,46,46,35,35,0,0,0,0,0,0,0,0,46,46,46,46,35,35,0,0,0,0,0,0,0,0,46,46,46,46,42,42,0,0,0,0,0,0,0,0
212,900,100,900,0,100,0,1000,46,46,46,46,35,35,0,0,0,0,0,0,0,0,46,46,46,46,42,42,0,0,0,0,0,0,0,0,46,46,46,46,42,42,0,0,0,0,0,0,0,0,46,46,46,46,35,35,0,0,0,0,0,0,0,0,46,46,46,46,35,35,0,0,0,0,0,0,0,0,46,46,46,46,42,42,0,0,0,0,0,0,0,0
213,900,100,900,0,100,0,1000,46,46,46,46,35,35,1390,2,1390,2,0,0,0,0,46,46,46,46,42,42,1390,2,1390,2,0,0,0,0,46,46,46,46,42,42,1390,2,1390,2,0,0,0,0,46,46,46,46,35,35,1390,2,1390,2,0,0,0,0,46,46,46,46,35,35,1390,2,1390,2,0,0,0,0,46,46,46,46,42,42,1390,2,1390,2,0,0,0,0
214,900,100,900,0,100,0,1000,46,46,46,46,35,35,2195,8,0,0,291,1,1904,7,46,46,46,46,42,42,2195,8,0,0,291,1,1904,7,46,46,46,46,42,42,2195,8,0,0,291,1,1904,7,46,46,46,46,35,35,2195,8,0,0,291,1,1904,7,46,46,46,46,35,35,2195,8,0,0,291,1,1904,7,46,46,46,46,42,42,2195,8,0,0,291,1,1904,7
215,900,100,900,0,100,0,1000,46,46,46,46,35,35,0,0,0,0,0,0,0,0,46,46,46,46,43,43,0,0,0,0,0,0,0,0,46,46,46,46,43,43,0,0,0,0,0,0,0,0,46,46,46,46,35,35,0,0,0,0,0,0,0,0,46,46,46,46,35,35,0,0,0,0,0,0,0,0,46,46,46,46,43,43,0,0,0,0,0,0,0,0
216,900,100,900,0,100,0,1000,46,46,46,46,35,35,0,0,0,0,0,0,0,0,46,46,46,46,43,43,0,0,0,0,0,0,0,0,46,46,46,46,43,43,0,0,0,0,0,0,0,0,46,46,46,46,35,35,0,0,0,0,0,0,0,0,46,46,46,46,35,35,0,0,0,0,0,0,0,0,46,46,46,46,43,43,0,0,0,0,0,0,0,0
217,900,100,900,0,100,0,1000,46,46,46,46,35,35,3315,5,3315,5,0,0,0,0,46,46,46,46,43,43,3315,5,3315,5,0,0,0,0,46,46,46,46,43,43,3315,5,3315,5,0,0,0,0,46,46,46,46,35,35,3315,5,3315,5,0,0,0,0,46,46,46,46,35,35,3315,5,3315,5,0,0,0,0,46,46,46,46,43,43,3315,5,3315,5,0,0,0,0
218,900,100,900,0,100,0,1000,46,46,46,46,35,35,2739,10,0,0,291,1,2448,9,46,46,46,46,43,43,2739,10,0,0,291,1,2448,9,46,46,46,46,43,43,2739,10,0,0,291,1,2448,9,46,46,46,46,35,35,2739,10,0,0,291,1,2448,9,46,46,46,46,35,35,2739,10,0,0,291,1,2448,9,46,46,46,46,43,43,2739,10,0,0,291,1,2448,9
219,900,100,900,0,100,0,1000,46,46,46,46,35,35,0,0,0,0,0,0,0,0,46,46,46,46,44,44,0,0,0,0,0,0,0,0,46,46,46,46,44,44,0,0,0,0,0,0,0,0,46,46,46,46,35,35,0,0,0,0,0,0,0,0,46,46,46,46,35,35,0,0,0,0,0,0,0,0,46,46,46,46,44,44,0,0,0,0,0,0,0,0
220,900,100,900,0,100,0,1000,46,46,46,46,35,35,0,0,0,0,0,0,0,0,46,46,46,46,44,44,0,0,0,0,0,0,0,0,46,46,46,46,44,44,0,0,0,0,0,0,0,0,46,46,46,46,35,35,0,0,0,0,0,0,0,0,46,46,46,46,35,35,0,0,0,0,0,0,0,0,46,46,46,46,44,44,0,0,0,0,0,0,0,0
221,900,100,900,0,100,0,1000,46,46,46,46,35,35,5089,7,5089,7,0,0,0,0,46,46,46,46,44,44,5089,7,5089,7,0,0,0,0,46,46,46,46,44,44,5089,7,5089,7,0,0,0,0,46,46,46,46,35,35,5089,7,5089,7,0,0,0,0,46,46,46,46,35,35,5089,7,5089,7,0,0,0,0,46,46,46,46,44,44,5089,7,5089,7,0,0,0,0
222,900,100,900,0,100,0,1000,46,46,46,46,35,35,3555,13,0,0,291,1,3264,12,46,46,46,46,44,44,3555,13,0,0,291,1,3264,12,46,46,46,46,44,44,3555,13,0,0,291,1,3264,12,46,46,46,46,35,35,3555,13,0,0,291,1,3264,12,46,46,46,46,35,35,3555,13,0,0,291,1,3264,12,46,46,46,46,44,44,3555,13,0,0,291,1,3264,12
223,900,100,900,0,100,0,1000,46,46,46,46,35,35,0,0,0,0,0,0,0,0,46,46,46,46,45,45,0,0,0,0,0,0,0,0,46,46,46,46,45,45,0,0,0,0,0,0,0,0,46,46,46,46,35,35,0,0,0,0,0,0,0,0,46,46,46,46,35,35,0,0,0,0,0,0,0,0,46,46,46,46,45,45,0,0,0,0,0,0,0,0
224,900,100,900,0,100,0,1000,46,46,46,46,35,35,0,0,0,0,0,0,0,0,46,46,46,46,45,45,0,0,0,0,0,0,0,0,46,46,46,46,45,45,0,0,0,0,0,0,0,0,46,46,46,46,35,35,0,0,0,0,0,0,0,0,46,46,46,46,35,35,0,0,0,0,0,0,0,0,46,46,46,46,45,45,0,0,0,0,0,0,0,0
225,900,100,900,0,100,0,1000,46,46,46,46,35,35,4938,6,4938,6,0,0,0,0,46,46,46,46,45,45,4938,6,4938,6,0,0,0,0,46,46,46,46,45,45,4938,6,4938,6,0,0,0,0,46,46,46,46,35,35,4938,6,4938,6,0,0,0,0,46,46,46,46,35,35,4938,6,4938,6,0,0,0,0,46,46,46,46,45,45,4938,6,4938,6,0,0,0,0
226,900,100,900,0,100,0,1000,46,46,46,46,35,35,2467,9,0,0,291,1,2176,8,46,46,46,46,45,45,2467,9,0,0,291,1,2176,8,46,46,46,46,45,45,2467,9,0,0,291,1,2176,8,46,46,46,46,35,35,2467,9,0,0,291,1,2176,8,46,46,46,46,35,35,2467,9,0,0,291,1,2176,8,46,46,46,46,45,45,2467,9,0,0,291,1,2176,8
227,900,100,900,0,100,0,1000,46,46,46,46,35,35,0,0,0,0,0,0,0,0,46,46,46,46,46,46,0,0,0,0,0,0,0,0,46,46,46,46,46,46,0,0,0,0,0,0,0,0,46,46,46,46,35,35,0,0,0,0,0,0,0,0,46,46,46,46,35,35,0,0,0,0,0,0,0,0,46,46,46,46,46,46,0,0,0,0,0,0,0,0
228,900,100,900,0,100,0,1000,46,46,46,46,35,35,0,0,0,0,0,0,0,0,46,46,46,46,46,46,0,0,0,0,0,0,0,0,46,46,46,46,46,46,0,0,0,0,0,0,0,0,46,46,46,46,35,35,0,0,0,0,0,0,0,0,46,46,46,46,35,35,0,0,0,0,0,0,0,0,46,46,46,46,46,46,0,0,0,0,0,0,0,0
229,900,100,900,0,100,0,1000,46,46,46,46,35,35,4170,6,4170,6,0,0,0,0,46,46,46,46,46,46,4170,6,4170,6,0,0,0,0,46,46,46,46,46,46,4170,6,4170,6,0,0,0,0,46,46,46,46,35,35,4170,6,4170,6,0,0,0,0,46,46,46,46,35,35,4170,6,4170,6,0,0,0,0,46,46,46,46,46,46,4170,6,4170,6,0,0,0,0
230,900,100,900,0,100,0,1000,46,46,46,46,35,35,2739,10,0,0,291,1,2448,9,46,46,46,46,46,46,2739,10,0,0,291,1,2448,9,46,46,46,46,46,46,2739,10,0,0,291,1,2448,9,46,46,46,46,35,35,2739,10,0,0,291,1,2448,9,46,46,46,46,35,35,2739,10,0,0,291,1,2448,9,46,46,46,46,46,46,2739,10,0,0,291,1,2448,9
231,900,100,900,0,100,0,1000,46,46,46,46,35,35,0,0,0,0,0,0,0,0,47,47,46,46,47,47,0,0,0,0,0,0,0,0,47,47,46,46,47,47,0,0,0,0,0,0,0,0,46,46,46,46,35,35,0,0,0,0,0,0,0,0,46,46,46,46,35,35,0,0,0,0,0,0,0,0,47,47,46,46,47,47,0,0,0,0,0,0,0,0
232,900,100,900,0,100,0,1000,46,46,46,46,35,35,0,0,0,0,0,0,0,0,47,47,46,46,47,47,0,0,0,0,0,0,0,0,47,47,46,46,47,47,0,0,0,0,0,0,0,0,46,46,46,46,35,35,0,0,0,0,0,0,0,0,46,46,46,46,35,35,0,0,0,0,0,0,0,0,47,47,46,46,47,47,0,0,0,0,0,0,0,0
233,900,100,900,0,100,0,1000,46,46,46,46,35,35,6542,9,6542,9,0,0,0,0,47,47,46,46,47,47,6542,9,6542,9,0,0,0,0,47,47,46,46,47,47,6542,9,6542,9,0,0,0,0,46,46,46,46,35,35,6542,9,6542,9,0,0,0,0,46,46,46,46,35,35,6542,9,6542,9,0,0,0,0,47,47,46,46,47,47,6542,9,6542,9,0,0,0,0
234,900,100,900,0,100,0,1000,46,46,46,46,35,35,3827,14,0,0,291,1,3536,13,47,47,46,46,47,47,3827,14,0,0,291,1,3536,13,47,47,46,46,47,47,3827,14,0,0,291,1,3536,13,46,46,46,46,35,35,3827,14,0,0,291,1,3536,13,46,46,46,46,35,35,3827,14,0,0,291,1,3536,13,47,47,46,46,47,47,3827,14,0,0,291,1,3536,13
235,900,100,900,0,100,0,1000,46,46,46,46,35,35,0,0,0,0,0,0,0,0,48,48,46,46,48,48,0,0,0,0,0,0,0,0,48,48,46,46,48,48,0,0,0,0,0,0,0,0,46,46,46,46,35,35,0,0,0,0,0,0,0,0,46,46,46,46,35,35,0,0,0,0,0,0,0,0,48,48,46,46,48,48,0,0,0,0,0,0,0,0
236,900,100,900,0,100,0,1000,46,46,46,46,35,35,0,0,0,0,0,0,0,0,48,48,46,46,48,48,0,0,0,0,0,0,0,0,48,48,46,46,48,48,0,0,0,0,0,0,0,0,46,46,46,46,35,35,0,0,0,0,0,0,0,0,46,46,46,46,35,35,0,0,0,0,0,0,0,0,48,48,46,46,48,48,0,0,0,0,0,0,0,0
237,900,100,900,0,100,0,1000,46,46,46,46,35,35,2564,3,2564,3,0,0,0,0,48,48,46,46,48,48,2564,3,2564,3,0,0,0,0,48,48,46,46,48,48,2564,3,2564,3,0,0,0,0,46,46,46,46,35,35,2564,3,2564,3,0,0,0,0,46,46,46,46,35,35,2564,3,2564,3,0,0,0,0,48,48,46,46,48,48,2564,3,2564,3,0,0,0,0
238,900,100,900,0,100,0,1000,46,46,46,46,35,35,2466,9,0,0,290,1,2176,8,48,48,46,46,48,48,2466,9,0,0,290,1,2176,8,48,48,46,46,48,48,2466,9,0,0,290,1,2176,8,46,46,46,46,35,35,2466,9,0,0,290,1,2176,8,46,46,46,46,35,35,2466,9,0,0,290,1,2176,8,48,48,46,46,48,48,2466,9,0,0,290,1,2176,8
239,900,100,900,0,100,0,1000,46,46,46,46,35,35,0,0,0,0,0,0,0,0,49,49,46,46,49,49,0,0,0,0,0,0,0,0,49,49,46,46,49,49,0,0,0,0,0,0,0,0,46,46,46,46,35,35,0,0,0,0,0,0,0,0,46,46,46,46,35,35,0,0,0,0,0,0,0,0,49,49,46,46,49,49,0,0,0,0,0,0,0,0
240,900,100,900,0,100,0,1000,46,46,46,46,35,35,0,0,0,0,0,0,0,0,49,49,46,46,49,49,0,0,0,0,0,0,0,0,49,49,46,46,49,49,0,0,0,0,0,0,0,0,46,46,46,46,35,35,0,0,0,0,0,0,0,0,46,46,46,46,35,35,0,0,0,0,0,0,0,0,49,49,46,46,49,49,0,0,0,0,0,0,0,0
241,900,100,900,0,100,0,1000,46,46,46,46,35,35,4170,6,4170,6,0,0,0,0,49,49,46,46,49,49,4170,6,4170,6,0,0,0,0,49,49,46,46,49,49,4170,6,4170,6,0,0,0,0,46,46,46,46,35,35,4170,6,4170,6,0,0,0,0,46,46,46,46,35,35,4170,6,4170,6,0,0,0,0,49,49,46,46,49,49,4170,6,4170,6,0,0,0,0
242,900,100,900,0,100,0,1000,46,46,46,46,35,35,3011,11,0,0,291,1,2720,10,49,49,46,46,49,49,3011,11,0,0,291,1,2720,10,49,49,46,46,49,49,3011,11,0,0,291,1,2720,10,46,46,46,46,35,35,3011,11,0,0,291,1,2720,10,46,46,46,46,35,35,3011,11,0,0,291,1,2720,10,49,49,46,46,49,49,3011,11,0,0,291,1,2720,10
243,900,100,900,0,100,0,1000,46,46,46,46,35,35,0,0,0,0,0,0,0,0,50,50,46,46,50,50,0,0,0,0,0,0,0,0,50,50,46,46,50,50,0,0,0,0,0,0,0,0,46,46,46,46,35,35,0,0,0,0,0,0,0,0,46,46,46,46,35,35,0,0,0,0,0,0,0,0,50,50,46,46,50,50,0,0,0,0,0,0,0,0
244,900,100,900,0,100,0,1000,46,46,46,46,35,35,0,0,0,0,0,0,0,0,50,50,46,46,50,50,0,0,0,0,0,0,0,0,50,50,46,46,50,50,0,0,0,0,0,0,0,0,46,46,46,46,35,35,0,0,0,0,0,0,0,0,46,46,46,46,35,35,0,0,0,0,0,0,0,0,50,50,46,46,50,50,0,0,0,0,0,0,0,0
245,900,100,900,0,100,0,1000,46,46,46,46,35,35,4554,6,4554,6,0,0,0,0,50,50,46,46,50,50,4554,6,4554,6,0,0,0,0,50,50,46,46,50,50,4554,6,4554,6,0,0,0,0,46,46,46,46,35,35,4554,6,4554,6,0,0,0,0,46,46,46,46,35,35,4554,6,4554,6,0,0,0,0,50,50,46,46,50,50,4554,6,4554,6,0,0,0,0
246,900,100,900,0,100,0,1000,46,46,46,46,35,35,2739,10,0,0,291,1,2448,9,50,50,46,46,50,50,2739,10,0,0,291,1,2448,9,50,50,46,46,50,50,2739,10,0,0,291,1,2448,9,46,46,46,46,35,35,2739,10,0,0,291,1,2448,9,46,46,46,46,35,35,2739,10,0,0,291,1,2448,9,50,50,46,46,50,50,2739,10,0,0,291,1,2448,9
247,900,100,900,0,100,0,1000,46,46,46,46,35,35,0,0,0,0,0,0,0,0,51,51,46,46,51,51,0,0,0,0,0,0,0,0,51,51,46,46,51,51,0,0,0,0,0,0,0,0,46,46,46,46,35,35,0,0,0,0,0,0,0,0,46,46,46,46,35,35,0,0,0,0,0,0,0,0,51,51,46,46,51,51,0,0,0,0,0,0,0,0
248,0,1000,0,900,100,0,1000,46,46,46,46,35,35,0,0,0,0,0,0,0,0,51,51,46,46,51,51,0,0,0,0,0,0,0,0,51,51,46,46,51,51,0,0,0,0,0,0,0,0,46,46,46,46,35,35,0,0,0,0,0,0,0,0,46,46,46,46,35,35,0,0,0,0,0,0,0,0,51,51,46,46,51,51,0,0,0,0,0,0,0,0
249,0,1000,0,900,100,0,1000,46,46,46,46,35,35,5089,7,5089,7,0,0,0,0,51,51,46,46,51,51,5089,7,5089,7,0,0,0,0,51,51,46,46,51,51,5089,7,5089,7,0,0,0,0,46,46,46,46,35,35,5089,7,5089,7,0,0,0,0,46,46,46,46,35,35,5089,7,5089,7,0,0,0,0,51,51,46,46,51,51,5089,7,5089,7,0,0,0,0
250,0,1000,0,900,100,0,1000,46,46,46,46,35,35,3011,11,0,0,291,1,2720,10,51,51,46,46,51,51,3011,11,0,0,291,1,2720,10,51,51,46,46,51,51,3011,11,0,0,291,1,2720,10,46,46,46,46,35,35,3011,11,0,0,291,1,2720,10,46,46,46,46,35,35,3011,11,0,0,291,1,2720,10,51,51,46,46,51,51,3011,11,0,0,291,1,2720,10
251,0,1000,0,0,1000,0,1000,52,52,46,46,52,52,0,0,0,0,0,0,0,0,52,52,46,46,52,52,0,0,0,0,0,0,0,0,52,52,46,46,52,52,0,0,0,0,0,0,0,0,52,52,46,46,52,52,0,0,0,0,0,0,0,0,52,52,46,46,52,52,0,0,0,0,0,0,0,0,52,52,46,46,52,52,0,0,0,0,0,0,0,0
252,0,1000,0,0,1000,0,1000,52,52,46,46,52,52,0,0,0,0,0,0,0,0,52,52,46,46,52,52,0,0,0,0,0,0,0,0,52,52,46,46,52,52,0,0,0,0,0,0,0,0,52,52,46,46,52,52,0,0,0,0,0,0,0,0,52,52,46,46,52,52,0,0,0,0,0,0,0,0,52,52,46,46,52,52,0,0,0,0,0,0,0,0
253,0,1000,0,0,1000,0,1000,52,52,46,46,52,52,46292,61,46292,61,0,0,0,0,52,52,46,46,52,52,46292,61,46292,61,0,0,0,0,52,52,46,46,52,52,46292,61,46292,61,0,0,0,0,52,52,46,46,52,52,46292,61,46292,61,0,0,0,0,52,52,46,46,52,52,46292,61,46292,61,0,0,0,0,52,52,46,46,52,52,46292,61,46292,61,0,0,0,0
254,0,1000,0,0,1000,0,1000,63,63,63,63,52,52,22867,84,0,0,291,1,22576,83,63,63,63,63,52,52,22867,84,0,0,291,1,22576,83,63,63,63,63,52,52,22867,84,0,0,291,1,22576,83,63,63,63,63,52,52,22867,84,0,0,291,1,22576,83,63,63,63,63,52,52,22867,84,0,0,291,1,22576,83,63,63,63,63,52,52,22867,84,0,0,291,1,22576,83
255,0,1000,0,0,1000,0,1000,63,63,63,63,53,53,0,0,0,0,0,0,0,0,63,63,63,63,53,53,0,0,0,0,0,0,0,0,63,63,63,63,53,53,0,0,0,0,0,0,0,0,63,63,63,63,53,53,0,0,0,0,0,0,0,0,63,63,63,63,53,53,0,0,0,0,0,0,0,0,63,63,63,63,53,53,0,0,0,0,0,0,0,0
256,0,1000,0,0,1000,0,1000,63,63,63,63,53,53,0,0,0,0,0,0,0,0,63,63,63,63,53,53,0,0,0,0,0,0,0,0,63,63,63,63,53,53,0,0,0,0,0,0,0,0,63,63,63,63,53,53,0,0,0,0,0,0,0,0,63,63,63,63,53,53,0,0,0,0,0,0,0,0,63,63,63,63,53,53,0,0,0,0,0,0,0,0
257,0,1000,0,0,1000,0,1000,63,63,63,63,53,53,145459,47,145459,47,0,0,0,0,63,63,63,63,53,53,145459,47,145459,47,0,0,0,0,63,63,63,63,53,53,145459,47,145459,47,0,0,0,0,63,63,63,63,53,53,145459,47,145459,47,0,0,0,0,63,63,63,63,53,53,145459,47,145459,47,0,0,0,0,63,63,63,63,53,53,145459,47,145459,47,0,0,0,0
258,0,1000,0,0,1000,0,1000,64,64,64,64,53,53,28578,105,0,0,290,1,28288,104,64,64,64,64,53,53,28578,105,0,0,290,1,28288,104,64,64,64,64,53,53,28578,105,0,0,290,1,28288,104,64,64,64,64,53,53,28578,105,0,0,290,1,28288,104,64,64,64,64,53,53,28578,105,0,0,290,1,28288,104,64,64,64,64,53,53,28578,105,0,0,290,1,28288,104
259,0,1000,0,0,1000,0,1000,64,64,64,64,54,54,0,0,0,0,0,0,0,0,64,64,64,64,54,54,0,0,0,0,0,0,0,0,64,64,64,64,54,54,0,0,0,0,0,0,0,0,64,64,64,64,54,54,0,0,0,0,0,0,0,0,64,64,64,64,54,54,0,0,0,0,0,0,0,0,64,64,64,64,54,54,0,0,0,0,0,0,0,0
260,0,1000,0,0,1000,0,1000,64,64,64,64,54,54,0,0,0,0,0,0,0,0,64,64,64,64,54,54,0,0,0,0,0,0,0,0,64,64,64,64,54,54,0,0,0,0,0,0,0,0,64,64,64,64,54,54,0,0,0,0,0,0,0,0,64,64,64,64,54,54,0,0,0,0,0,0,0,0,64,64,64,64,54,54,0,0,0,0,0,0,0,0
261,0,1000,0,0,1000,0,1000,64,64,64,64,54,54,143140,38,143140,38,0,0,0,0,64,64,64,64,54,54,143140,38,143140,38,0,0,0,0,64,64,64,64,54,54,143140,38,143140,38,0,0,0,0,64,64,64,64,54,54,143140,38,143140,38,0,0,0,0,64,64,64,64,54,54,143140,38,143140,38,0,0,0,0,64,64,64,64,54,54,143140,38,143140,38,0,0,0,0
262,0,1000,0,0,1000,0,1000,65,65,65,65,54,54,31027,114,0,0,291,1,30736,113,65,65,65,65,54,54,31027,114,0,0,291,1,30736,113,65,65,65,65,54,54,31027,114,0,0,291,1,30736,113,65,65,65,65,54,54,31027,114,0,0,291,1,30736,113,65,65,65,65,54,54,31027,114,0,0,291,1,30736,113,65,65,65,65,54,54,31027,114,0,0,291,1,30736,113
263,0,1000,0,0,1000,0,1000,65,65,65,65,55,55,0,0,0,0,0,0,0,0,65,65,65,65,55,55,0,0,0,0,0,0,0,0,65,65,65,65,55,55,0,0,0,0,0,0,0,0,65,65,65,65,55,55,0,0,0,0,0,0,0,0,65,65,65,65,55,55,0,0,0,0,0,0,0,0,65,65,65,65,55,55,0,0,0,0,0,0,0,0
264,0,1000,0,0,1000,0,1000,65,65,65,65,55,55,0,0,0,0,0,0,0,0,65,65,65,65,55,55,0,0,0,0,0,0,0,0,65,65,65,65,55,55,0,0,0,0,0,0,0,0,65,65,65,65,55,55,0,0,0,0,0,0,0,0,65,65,65,65,55,55,0,0,0,0,0,0,0,0,65,65,65,65,55,55,0,0,0,0,0,0,0,0
265,0,1000,0,0,1000,0,1000,65,65,65,65,55,55,166252,41,166252,41,0,0,0,0,65,65,65,65,55,55,166252,41,166252,41,0,0,0,0,65,65,65,65,55,55,166252,41,166252,41,0,0,0,0,65,65,65,65,55,55,166252,41,166252,41,0,0,0,0,65,65,65,65,55,55,166252,41,166252,41,0,0,0,0,65,65,65,65,55,55,166252,41,166252,41,0,0,0,0
266,0,1000,0,0,1000,0,1000,66,66,66,66,55,55,25315,93,0,0,291,1,25024,92,66,66,66,66,55,55,25315,93,0,0,291,1,25024,92,66,66,66,66,55,55,25315,93,0,0,291,1,25024,92,66,66,66,66,55,55,25315,93,0,0,291,1,25024,92,66,66,66,66,55,55,25315,93,0,0,291,1,25024,92,66,66,66,66,55,55,25315,93,0,0,291,1,25024,92
267,0,1000,0,0,1000,0,1000,66,66,66,66,56,56,0,0,0,0,0,0,0,0,66,66,66,66,56,56,0,0,0,0,0,0,0,0,66,66,66,66,56,56,0,0,0,0,0,0,0,0,66,66,66,66,56,56,0,0,0,0,0,0,0,0,66,66,66,66,56,56,0,0,0,0,0,0,0,0,66,66,66,66,56,56,0,0,0,0,0,0,0,0
268,0,1000,0,0,1000,0,1000,66,66,66,66,56,56,0,0,0,0,0,0,0,0,66,66,66,66,56,56,0,0,0,0,0,0,0,0,66,66,66,66,56,56,0,0,0,0,0,0,0,0,66,66,66,66,56,56,0,0,0,0,0,0,0,0,66,66,66,66,56,56,0,0,0,0,0,0,0,0,66,66,66,66,56,56,0,0,0,0,0,0,0,0
269,0,1000,0,0,1000,0,1000,66,66,66,66,56,56,169144,50,169144,50,0,0,0,0,66,66,66,66,56,56,169144,50,169144,50,0,0,0,0,66,66,66,66,56,56,169144,50,169144,50,0,0,0,0,66,66,66,66,56,56,169144,50,169144,50,0,0,0,0,66,66,66,66,56,56,169144,50,169144,50,0,0,0,0,66,66,66,66,56,56,169144,50,169144,50,0,0,0,0
270,0,1000,0,0,1000,0,1000,67,67,67,67,56,56,29939,110,0,0,291,1,29648,109,67,67,67,67,56,56,29939,110,0,0,291,1,29648,109,67,67,67,67,56,56,29939,110,0,0,291,1,29648,109,67,67,67,67,56,56,29939,110,0,0,291,1,29648,109,67,67,67,67,56,56,29939,110,0,0,291,1,29648,109,67,67,67,67,56,56,29939,110,0,0,291,1,29648,109
271,0,1000,0,0,1000,0,1000,67,67,67,67,57,57,0,0,0,0,0,0,0,0,67,67,67,67,57,57,0,0,0,0,0,0,0,0,67,67,67,67,57,57,0,0,0,0,0,0,0,0,67,67,67,67,57,57,0,0,0,0,0,0,0,0,67,67,67,67,57,57,0,0,0,0,0,0,0,0,67,67,67,67,57,57,0,0,0,0,0,0,0,0
272,0,1000,0,0,1000,0,1000,67,67,67,67,57,57,0,0,0,0,0,0,0,0,67,67,67,67,57,57,0,0,0,0,0,0,0,0,67,67,67,67,57,57,0,0,0,0,0,0,0,0,67,67,67,67,57,57,0,0,0,0,0,0,0,0,67,67,67,67,57,57,0,0,0,0,0,0,0,0,67,67,67,67,57,57,0,0,0,0,0,0,0,0
273,0,1000,0,0,1000,0,1000,67,67,67,67,57,57,184566,47,184566,47,0,0,0,0,67,67,67,67,57,57,184566,47,184566,47,0,0,0,0,67,67,67,67,57,57,184566,47,184566,47,0,0,0,0,67,67,67,67,57,57,184566,47,184566,47,0,0,0,0,67,67,67,67,57,57,184566,47,184566,47,0,0,0,0,67,67,67,67,57,57,184566,47,184566,47,0,0,0,0
274,0,1000,0,0,1000,0,1000,68,68,68,68,57,57,24770,91,0,0,290,1,24480,90,68,68,68,68,57,57,24770,91,0,0,290,1,24480,90,68,68,68,68,57,57,24770,91,0,0,290,1,24480,90,68,68,68,68,57,57,24770,91,0,0,290,1,24480,90,68,68,68,68,57,57,24770,91,0,0,290,1,24480,90,68,68,68,68,57,57,24770,91,0,0,290,1,24480,90
275,0,1000,0,0,1000,0,1000,68,68,68,68,58,58,0,0,0,0,0,0,0,0,68,68,68,68,58,58,0,0,0,0,0,0,0,0,68,68,68,68,58,58,0,0,0,0,0,0,0,0,68,68,68,68,58,58,0,0,0,0,0,0,0,0,68,68,68,68,58,58,0,0,0,0,0,0,0,0,68,68,68,68,58,58,0,0,0,0,0,0,0,0
276,0,1000,0,0,1000,0,1000,68,68,68,68,58,58,0,0,0,0,0,0,0,0,68,68,68,68,58,58,0,0,0,0,0,0,0,0,68,68,68,68,58,58,0,0,0,0,0,0,0,0,68,68,68,68,58,58,0,0,0,0,0,0,0,0,68,68,68,68,58,58,0,0,0,0,0,0,0,0,68,68,68,68,58,58,0,0,0,0,0,0,0,0
277,0,1000,0,0,1000,0,1000,68,68,68,68,58,58,185857,56,185857,56,0,0,0,0,68,68,68,68,58,58,185857,56,185857,56,0,0,0,0,68,68,68,68,58,58,185857,56,185857,56,0,0,0,0,68,68,68,68,58,58,185857,56,185857,56,0,0,0,0,68,68,68,68,58,58,185857,56,185857,56,0,0,0,0,68,68,68,68,58,58,185857,56,185857,56,0,0,0,0
278,0,1000,0,0,1000,0,1000,69,69,69,69,58,58,29939,110,0,0,291,1,29648,109,69,69,69,69,58,58,29939,110,0,0,291,1,29648,109,69,69,69,69,58,58,29939,110,0,0,291,1,29648,109,69,69,69,69,58,58,29939,110,0,0,291,1,29648,109,69,69,69,69,58,58,29939,110,0,0,291,1,29648,109,69,69,69,69,58,58,29939,110,0,0,291,1,29648,109
279,0,1000,0,0,1000,0,1000,69,69,69,69,59,59,0,0,0,0,0,0,0,0,69,69,69,69,59,59,0,0,0,0,0,0,0,0,69,69,69,69,59,59,0,0,0,0,0,0,0,0,69,69,69,69,59,59,0,0,0,0,0,0,0,0,69,69,69,69,59,59,0,0,0,0,0,0,0,0,69,69,69,69,59,59,0,0,0,0,0,0,0,0
280,0,1000,0,0,1000,0,1000,69,69,69,69,59,59,0,0,0,0,0,0,0,0,69,69,69,69,59,59,0,0,0,0,0,0,0,0,69,69,69,69,59,59,0,0,0,0,0,0,0,0,69,69,69,69,59,59,0,0,0,0,0,0,0,0,69,69,69,69,59,59,0,0,0,0,0,0,0,0,69,69,69,69,59,59,0,0,0,0,0,0,0,0
281,0,1000,0,0,1000,0,1000,69,69,69,69,59,59,188495,48,188495,48,0,0,0,0,69,69,69,69,59,59,188495,48,188495,48,0,0,0,0,69,69,69,69,59,59,188495,48,188495,48,0,0,0,0,69,69,69,69,59,59,188495,48,188495,48,0,0,0,0,69,69,69,69,59,59,188495,48,188495,48,0,0,0,0,69,69,69,69,59,59,188495,48,188495,48,0,0,0,0
282,0,1000,0,0,1000,0,1000,70,70,70,70,59,59,26403,97,0,0,291,1,26112,96,70,70,70,70,59,59,26403,97,0,0,291,1,26112,96,70,70,70,70,59,59,26403,97,0,0,291,1,26112,96,70,70,70,70,59,59,26403,97,0,0,291,1,26112,96,70,70,70,70,59,59,26403,97,0,0,291,1,26112,96,70,70,70,70,59,59,26403,97,0,0,291,1,26112,96
283,0,1000,0,0,1000,0,1000,70,70,70,70,60,60,0,0,0,0,0,0,0,0,70,70,70,70,60,60,0,0,0,0,0,0,0,0,70,70,70,70,60,60,0,0,0,0,0,0,0,0,70,70,70,70,60,60,0,0,0,0,0,0,0,0,70,70,70,70,60,60,0,0,0,0,0,0,0,0,70,70,70,70,60,60,0,0,0,0,0,0,0,0
284,0,1000,0,0,1000,0,1000,70,70,70,70,60,60,0,0,0,0,0,0,0,0,70,70,70,70,60,60,0,0,0,0,0,0,0,0,70,70,70,70,60,60,0,0,0,0,0,0,0,0,70,70,70,70,60,60,0,0,0,0,0,0,0,0,70,70,70,70,60,60,0,0,0,0,0,0,0,0,70,70,70,70,60,60,0,0,0,0,0,0,0,0
285,0,1000,0,0,1000,0,1000,70,70,70,70,60,60,200125,57,200125,57,0,0,0,0,70,70,70,70,60,60,200125,57,200125,57,0,0,0,0,70,70,70,70,60,60,200125,57,200125,57,0,0,0,0,70,70,70,70,60,60,200125,57,200125,57,0,0,0,0,70,70,70,70,60,60,200125,57,200125,57,0,0,0,0,70,70,70,70,60,60,200125,57,200125,57,0,0,0,0
286,0,1000,0,0,1000,0,1000,71,71,71,71,60,60,26675,98,0,0,291,1,26384,97,71,71,71,71,60,60,26675,98,0,0,291,1,26384,97,71,71,71,71,60,60,26675,98,0,0,291,1,26384,97,71,71,71,71,60,60,26675,98,0,0,291,1,26384,97,71,71,71,71,60,60,26675,98,0,0,291,1,26384,97,71,71,71,71,60,60,26675,98,0,0,291,1,26384,97
287,0,1000,0,0,1000,0,1000,71,71,71,71,61,61,0,0,0,0,0,0,0,0,71,71,71,71,61,61,0,0,0,0,0,0,0,0,71,71,71,71,61,61,0,0,0,0,0,0,0,0,71,71,71,71,61,61,0,0,0,0,0,0,0,0,71,71,71,71,61,61,0,0,0,0,0,0,0,0,71,71,71,71,61,61,0,0,0,0,0,0,0,0
288,0,1000,0,0,1000,0,1000,71,71,71,71,61,61,0,0,0,0,0,0,0,0,71,71,71,71,61,61,0,0,0,0,0,0,0,0,71,71,71,71,61,61,0,0,0,0,0,0,0,0,71,71,71,71,61,61,0,0,0,0,0,0,0,0,71,71,71,71,61,61,0,0,0,0,0,0,0,0,71,71,71,71,61,61,0,0,0,0,0,0,0,0
289,0,1000,0,0,1000,0,1000,71,71,71,71,61,61,152342,43,152342,43,0,0,0,0,71,71,71,71,61,61,152342,43,152342,43,0,0,0,0,71,71,71,71,61,61,152342,43,152342,43,0,0,0,0,71,71,71,71,61,61,152342,43,152342,43,0,0,0,0,71,71,71,71,61,61,152342,43,152342,43,0,0,0,0,71,71,71,71,61,61,152342,43,152342,43,0,0,0,0
290,0,1000,0,0,1000,0,1000,72,72,72,72,61,61,29394,108,0,0,290,1,29104,107,72,72,72,72,61,61,29394,108,0,0,290,1,29104,107,72,72,72,72,61,61,29394,108,0,0,290,1,29104,107,72,72,72,72,61,61,29394,108,0,0,290,1,29104,107,72,72,72,72,61,61,29394,108,0,0,290,1,29104,107,72,72,72,72,61,61,29394,108,0,0,290,1,29104,107
291,0,1000,0,0,1000,0,1000,72,72,72,72,62,62,0,0,0,0,0,0,0,0,72,72,72,72,62,62,0,0,0,0,0,0,0,0,72,72,72,72,62,62,0,0,0,0,0,0,0,0,72,72,72,72,62,62,0,0,0,0,0,0,0,0,72,72,72,72,62,62,0,0,0,0,0,0,0,0,72,72,72,72,62,62,0,0,0,0,0,0,0,0
292,0,1000,0,0,1000,0,1000,72,72,72,72,62,62,0,0,0,0,0,0,0,0,72,72,72,72,62,62,0,0,0,0,0,0,0,0,72,72,72,72,62,62,0,0,0,0,0,0,0,0,72,72,72,72,62,62,0,0,0,0,0,0,0,0,72,72,72,72,62,62,0,0,0,0,0,0,0,0,72,72,72,72,62,62,0,0,0,0,0,0,0,0
293,0,1000,0,0,1000,0,1000,72,72,72,72,62,62,227908,59,227908,59,0,0,0,0,72,72,72,72,62,62,227908,59,227908,59,0,0,0,0,72,72,72,72,62,62,227908,59,227908,59,0,0,0,0,72,72,72,72,62,62,227908,59,227908,59,0,0,0,0,72,72,72,72,62,62,227908,59,227908,59,0,0,0,0,72,72,72,72,62,62,227908,59,227908,59,0,0,0,0
294,0,1000,0,0,1000,0,1000,73,73,73,73,62,62,31842,117,0,0,290,1,31552,116,73,73,73,73,62,62,31842,117,0,0,290,1,31552,116,73,73,73,73,62,62,31842,117,0,0,290,1,31552,116,73,73,73,73,62,62,31842,117,0,0,290,1,31552,116,73,73,73,73,62,62,31842,117,0,0,290,1,31552,116,73,73,73,73,62,62,31842,117,0,0,290,1,31552,116
295,0,1000,0,0,1000,0,1000,73,73,73,73,63,63,0,0,0,0,0,0,0,0,73,73,73,73,63,63,0,0,0,0,0,0,0,0,73,73,73,73,63,63,0,0,0,0,0,0,0,0,73,73,73,73,63,63,0,0,0,0,0,0,0,0,73,73,73,73,63,63,0,0,0,0,0,0,0,0,73,73,73,73,63,63,0,0,0,0,0,0,0,0
296,0,1000,0,0,1000,0,1000,73,73,73,73,63,63,0,0,0,0,0,0,0,0,73,73,73,73,63,63,0,0,0,0,0,0,0,0,73,73,73,73,63,63,0,0,0,0,0,0,0,0,73,73,73,73,63,63,0,0,0,0,0,0,0,0,73,73,73,73,63,63,0,0,0,0,0,0,0,0,73,73,73,73,63,63,0,0,0,0,0,0,0,0
297,0,1000,0,0,1000,0,1000,73,73,73,73,63,63,211693,51,211693,51,0,0,0,0,73,73,73,73,63,63,211693,51,211693,51,0,0,0,0,73,73,73,73,63,63,211693,51,211693,51,0,0,0,0,73,73,73,73,63,63,211693,51,211693,51,0,0,0,0,73,73,73,73,63,63,211693,51,211693,51,0,0,0,0,73,73,73,73,63,63,211693,51,211693,51,0,0,0,0
298,0,1000,0,0,1000,0,1000,74,74,74,74,63,63,27491,101,0,0,291,1,27200,100,74,74,74,74,63,63,27491,101,0,0,291,1,27200,100,74,74,74,74,63,63,27491,101,0,0,291,1,27200,100,74,74,74,74,63,63,27491,101,0,0,291,1,27200,100,74,74,74,74,63,63,27491,101,0,0,291,1,27200,100,74,74,74,74,63,63,27491,101,0,0,291,1,27200,100
299,0,1000,0,0,1000,0,1000,74,74,74,74,64,64,0,0,0,0,0,0,0,0,74,74,74,74,64,64,0,0,0,0,0,0,0,0,74,74,74,74,64,64,0,0,0,0,0,0,0,0,74,74,74,74,64,64,0,0,0,0,0,0,0,0,74,74,74,74,64,64,0,0,0,0,0,0,0,0,74,74,74,74,64,64,0,0,0,0,0,0,0,0
300,0,1000,0,0,1000,0,1000,74,74,74,74,64,64,0,0,0,0,0,0,0,0,74,74,74,74,64,64,0,0,0,0,0,0,0,0,74,74,74,74,64,64,0,0,0,0,0,0,0,0,74,74,74,74,64,64,0,0,0,0,0,0,0,0,74,74,74,74,64,64,0,0,0,0,0,0,0,0,74,74,74,74,64,64,0,0,0,0,0,0,0,0
301,0,1000,0,0,1000,0,1000,74,74,74,74,64,64,218333,60,218333,60,0,0,0,0,74,74,74,74,64,64,218333,60,218333,60,0,0,0,0,74,74,74,74,64,64,218333,60,218333,60,0,0,0,0,74,74,74,74,64,64,218333,60,218333,60,0,0,0,0,74,74,74,74,64,64,218333,60,218333,60,0,0,0,0,74,74,74,74,64,64,218333,60,218333,60,0,0,0,0
302,0,1000,0,0,1000,0,1000,75,75,75,75,64,64,25315,93,0,0,291,1,25024,92,75,75,75,75,64,64,25315,93,0,0,291,1,25024,92,75,75,75,75,64,64,25315,93,0,0,291,1,25024,92,75,75,75,75,64,64,25315,93,0,0,291,1,25024,92,75,75,75,75,64,64,25315,93,0,0,291,1,25024,92,75,75,75,75,64,64,25315,93,0,0,291,1,25024,92
303,0,1000,0,0,1000,0,1000,75,75,75,75,65,65,0,0,0,0,0,0,0,0,75,75,75,75,65,65,0,0,0,0,0,0,0,0,75,75,75,75,65,65,0,0,0,0,0,0,0,0,75,75,75,75,65,65,0,0,0,0,0,0,0,0,75,75,75,75,65,65,0,0,0,0,0,0,0,0,75,75,75,75,65,65,0,0,0,0,0,0,0,0

digraph G {
  rankdir=BT;
  style=filled;
  color=lightgrey;
  node [shape=box,style=filled,color=white];
  b_HIfaChcPQeC [label="H(IfaChcPQeC)\nt=42 id=249"];
  b_H2I1OyTkYcl [label="H(2I1OyTkYcl)\nt=72 id=69"];
  b_H0TyQKg1bZV [label="H(0TyQKg1bZV)\nt=74 id=820"];
  b_HQS8Dgnz7yx [label="H(QS8Dgnz7yx)\nt=13 id=16"];
  b_HP3ggvdJJon [label="H(P3ggvdJJon)\nt=40 id=940"];
  b_HDobsvFrxKd [label="H(DobsvFrxKd)\nt=17 id=13"];
  b_Ha0d9nX5bSu [label="H(a0d9nX5bSu)\nt=57 id=613"];
  b_HPvAtN9JEKJ [label="H(PvAtN9JEKJ)\nt=62 id=167"];
  b_HMhdLcWzaVW [label="H(MhdLcWzaVW)\nt=71 id=266"];
  b_HtrpJ6OHlA2 [label="H(trpJ6OHlA2)\nt=4 id=72"];
  b_HH0FEoTFrjV [label="H(H0FEoTFrjV)\nt=43 id=363"];
  b_HEoluU687Wb [label="H(EoluU687Wb)\nt=68 id=41"];
  b_HtzmbLWI2p1 [label="H(tzmbLWI2p1)\nt=52 id=576"];
  b_HTbEAhtYQWQ [label="H(TbEAhtYQWQ)\nt=56 id=916"];
  b_HD5wPWIg680 [label="H(D5wPWIg680)\nt=7 id=495"];
  b_HlHTV5NIoNM [label="H(lHTV5NIoNM)\nt=22 id=346"];
  b_HzMrOfM12Y [label="H(zMr/OfM12Y)\nt=20 id=116"];
  b_HnkoCugB273 [label="H(nkoCugB273)\nt=18 id=865"];
  b_HDEjRcvxiMQ [label="H(DEjRcvxiMQ)\nt=5 id=999"];
  b_HhDlWN6UKMJ [label="H(hDlWN6UKMJ)\nt=28 id=752"];
  b_HnfDnZ3FEm [label="H(n/fDnZ3FEm)\nt=39 id=617"];
  b_H0Bwa6GOC9f [label="H(0Bwa6GOC9f)\nt=31 id=352"];
  b_HGt0f19loG2 [label="H(Gt0f19loG2)\nt=51 id=605"];
  b_HHs2fsh3z02 [label="H(Hs2fsh3z02)\nt=8 id=829"];
  b_HGEeODM5kr [label="H(GEe/ODM5kr)\nt=46 id=911"];
  b_HOAZeF0TwXy [label="H(OAZeF0TwXy)\nt=34 id=824"];
  b_H0AVv3tko3 [label="H(0AVv+3tko3)\nt=15 id=304"];
  b_HdR1GOD0pZ [label="H(dR1GOD+0pZ)\nt=45 id=241"];
  b_Hq37Yakykq2 [label="H(q37Yakykq2)\nt=10 id=721"];
  b_HIgrM2LfQyG [label="H(IgrM2LfQyG)\nt=50 id=727"];
  b_HPJKmvlDTq [label="H(PJKmv/lDTq)\nt=67 id=371"];
  b_HT0gg2HmB22 [label="H(T0gg2HmB22)\nt=59 id=13"];
  b_HNbKQq8Z9YM [label="H(NbKQq8Z9YM)\nt=37 id=154"];
  b_HNvqrg5mCyM [label="H(Nvqrg5mCyM)\nt=65 id=387"];
  b_HCeXGHSf6qK [label="H(CeXGHSf6qK)\nt=38 id=801"];
  b_HIERkMW4ZVO [label="H(IERkMW4ZVO)\nt=70 id=559"];
  b_HQ43uZLRvcx [label="H(Q43uZLRvcx)\nt=32 id=458"];
  b_HpqwW7BXVwz [label="H(pqwW7BXVwz)\n"];
  b_HT0rPVlzZ0k [label="H(T0rPVlzZ0k)\nt=49 id=509"];
  b_HyBXydl0q [label="H(yBXy+dl+0q)\nt=61 id=379"];
  b_Hldg1WwvUV [label="H(l/dg1WwvUV)\nt=60 id=287"];
  b_HRFQouox0P [label="H(RFQou/ox0P)\nt=69 id=517"];
  b_HWcNJ7GpSLs [label="H(WcNJ7GpSLs)\nt=25 id=265"];
  b_HmjQPnIeeQS [label="H(mjQPnIeeQS)\nt=14 id=89"];
  b_HgvVoQSccht [label="H(gvVoQSccht)\nt=75 id=538"];
  b_H9Nh4CZekKV [label="H(9Nh4CZekKV)\nt=26 id=683"];
  b_H5lM6baobsr [label="H(5lM6baobsr)\nt=29 id=598"];
  b_HUne92hMp95 [label="H(Une92hMp95)\nt=53 id=553"];
  b_H9aO2xVJ8Os [label="H(9aO2xVJ8Os)\nt=66 id=449"];
  b_H7JlYnfsRPc [label="H(7JlYnfsRPc)\nt=35 id=94"];
  b_Hzwdwr0COH2 [label="H(zwdwr0COH2)\nt=63 id=467"];
  b_HymE9DrmdZ [label="H(ymE9DrmdZ/)\nt=41 id=893"];
  b_HKlLGgny7jD [label="H(KlLGgny7jD)\nt=21 id=457"];
  b_H3Imw3UiusR [label="H(3Imw3UiusR)\nt=9 id=895"];
  b_Hl4IzCUwfv [label="H(+l4IzCUwfv)\nt=27 id=310"];
  b_H7xJIPBvvWK [label="H(7xJIPBvvWK)\nt=11 id=401"];
  b_H2BypkJaB [label="H(2B+y+pkJaB)\nt=33 id=877"];
  b_HLFWmSCQrtH [label="H(LFWmSCQrtH)\nt=73 id=55"];
  b_HK1QZs7dNRj [label="H(K1QZs7dNRj)\nt=55 id=752"];
  b_Hb73MWPraL [label="H(b73MW+PraL)\nt=36 id=445"];
  b_HcD7n25sNMq [label="H(cD7n25sNMq)\nt=12 id=944"];
  b_HiszG575iGI [label="H(iszG575iGI)\nt=24 id=263"];
  b_HWy582K6P8h [label="H(Wy582K6P8h)\nt=47 id=300"];
  b_HeO1YjNmEMt [label="H(eO1YjNmEMt)\nt=19 id=79"];
  b_HiGe1Oexf97 [label="H(iGe1Oexf97)\nt=23 id=412"];
  b_HJFd1FZWewj [label="H(JFd1FZWewj)\nt=58 id=576"];
  b_HZDKKzYMHw0 [label="H(ZDKKzYMHw0)\nt=30 id=794"];
  b_HBq2tpxlJEZ [label="H(Bq2tpxlJEZ)\nt=3 id=17"];
  b_HLYjCJZLLUJ [label="H(LYjCJZLLUJ)\nt=64 id=20"];
  b_HY15WDLIgF [label="H(Y15WDLIgF+)\nt=16 id=301"];
  b_HNaGobKPl [label="H(+N/aGobKPl)\nt=2 id=686"];
  b_HD8afaeTwj [label="H(D8afaeTw/j)\nt=1 id=508"];
  b_HL1LGlbZ3l0 [label="H(L1LGlbZ3l0)\nt=6 id=757"];
  b_HCPwfHduuXq [label="H(CPwfHduuXq)\nt=54 id=390"];
  b_HZ7GLCH09A [label="H(Z7GLCH+09A)\nt=44 id=485"];
  b_HhrDzEZjazW [label="H(hrDzEZjazW)\nt=48 id=799"];
  b_HIfaChcPQeC -> b_HymE9DrmdZ;
  b_H2I1OyTkYcl -> b_HMhdLcWzaVW;
  b_H0TyQKg1bZV -> b_HLFWmSCQrtH;
  b_HQS8Dgnz7yx -> b_HcD7n25sNMq;
  b_HP3ggvdJJon -> b_HnfDnZ3FEm;
  b_HDobsvFrxKd -> b_HY15WDLIgF;
  b_Ha0d9nX5bSu -> b_HTbEAhtYQWQ;
  b_HPvAtN9JEKJ -> b_HyBXydl0q;
  b_HMhdLcWzaVW -> b_HIERkMW4ZVO;
  b_HtrpJ6OHlA2 -> b_HBq2tpxlJEZ;
  b_HH0FEoTFrjV -> b_HIfaChcPQeC;
  b_HEoluU687Wb -> b_HPJKmvlDTq;
  b_HtzmbLWI2p1 -> b_HGt0f19loG2;
  b_HTbEAhtYQWQ -> b_HK1QZs7dNRj;
  b_HD5wPWIg680 -> b_HL1LGlbZ3l0;
  b_HlHTV5NIoNM -> b_HKlLGgny7jD;
  b_HzMrOfM12Y -> b_HeO1YjNmEMt;
  b_HnkoCugB273 -> b_HDobsvFrxKd;
  b_HDEjRcvxiMQ -> b_HtrpJ6OHlA2;
  b_HhDlWN6UKMJ -> b_Hl4IzCUwfv;
  b_HnfDnZ3FEm -> b_HCeXGHSf6qK;
  b_H0Bwa6GOC9f -> b_HZDKKzYMHw0;
  b_HGt0f19loG2 -> b_HIgrM2LfQyG;
  b_HHs2fsh3z02 -> b_HD5wPWIg680;
  b_HGEeODM5kr -> b_HdR1GOD0pZ;
  b_HOAZeF0TwXy -> b_H2BypkJaB;
  b_H0AVv3tko3 -> b_HmjQPnIeeQS;
  b_HdR1GOD0pZ -> b_HZ7GLCH09A;
  b_Hq37Yakykq2 -> b_H3Imw3UiusR;
  b_HIgrM2LfQyG -> b_HT0rPVlzZ0k;
  b_HPJKmvlDTq -> b_H9aO2xVJ8Os;
  b_HT0gg2HmB22 -> b_HJFd1FZWewj;
  b_HNbKQq8Z9YM -> b_Hb73MWPraL;
  b_HNvqrg5mCyM -> b_HLYjCJZLLUJ;
  b_HCeXGHSf6qK -> b_HNbKQq8Z9YM;
  b_HIERkMW4ZVO -> b_HRFQouox0P;
  b_HQ43uZLRvcx -> b_H0Bwa6GOC9f;
  b_HT0rPVlzZ0k -> b_HhrDzEZjazW;
  b_HyBXydl0q -> b_Hldg1WwvUV;
  b_Hldg1WwvUV -> b_HT0gg2HmB22;
  b_HRFQouox0P -> b_HEoluU687Wb;
  b_HWcNJ7GpSLs -> b_HiszG575iGI;
  b_HmjQPnIeeQS -> b_HQS8Dgnz7yx;
  b_HgvVoQSccht -> b_H0TyQKg1bZV;
  b_H9Nh4CZekKV -> b_HWcNJ7GpSLs;
  b_H5lM6baobsr -> b_HhDlWN6UKMJ;
  b_HUne92hMp95 -> b_HtzmbLWI2p1;
  b_H9aO2xVJ8Os -> b_HNvqrg5mCyM;
  b_H7JlYnfsRPc -> b_HOAZeF0TwXy;
  b_Hzwdwr0COH2 -> b_HPvAtN9JEKJ;
  b_HymE9DrmdZ -> b_HP3ggvdJJon;
  b_HKlLGgny7jD -> b_HzMrOfM12Y;
  b_H3Imw3UiusR -> b_HHs2fsh3z02;
  b_Hl4IzCUwfv -> b_H9Nh4CZekKV;
  b_H7xJIPBvvWK -> b_Hq37Yakykq2;
  b_H2BypkJaB -> b_HQ43uZLRvcx;
  b_HLFWmSCQrtH -> b_H2I1OyTkYcl;
  b_HK1QZs7dNRj -> b_HCPwfHduuXq;
  b_Hb73MWPraL -> b_H7JlYnfsRPc;
  b_HcD7n25sNMq -> b_H7xJIPBvvWK;
  b_HiszG575iGI -> b_HiGe1Oexf97;
  b_HWy582K6P8h -> b_HGEeODM5kr;
  b_HeO1YjNmEMt -> b_HnkoCugB273;
  b_HiGe1Oexf97 -> b_HlHTV5NIoNM;
  b_HJFd1FZWewj -> b_Ha0d9nX5bSu;
  b_HZDKKzYMHw0 -> b_H5lM6baobsr;
  b_HBq2tpxlJEZ -> b_HNaGobKPl;
  b_HLYjCJZLLUJ -> b_Hzwdwr0COH2;
  b_HY15WDLIgF -> b_H0AVv3tko3;
  b_HNaGobKPl -> b_HD8afaeTwj;
  b_HD8afaeTwj -> b_HpqwW7BXVwz;
  b_HL1LGlbZ3l0 -> b_HDEjRcvxiMQ;
  b_HCPwfHduuXq -> b_HUne92hMp95;
  b_HZ7GLCH09A -> b_HH0FEoTFrjV;
  b_HhrDzEZjazW -> b_HWy582K6P8h;
  v_HlNGQXoRD3K [label="id=491 t=75"];
  v_HlNGQXoRD3K -> b_HgvVoQSccht;
  v_HGJ1YXpFjco [label="id=561 t=75"];
  v_HGJ1YXpFjco -> b_HgvVoQSccht;
  v_HieEf8Ny8hC [label="id=541 t=75"];
  v_HieEf8Ny8hC -> b_HgvVoQSccht;
  v_Hcygaadg35c [label="id=258 t=75"];
  v_Hcygaadg35c -> b_HgvVoQSccht;
  v_HigoFj0Z6S [label="id=664 t=75"];
  v_HigoFj0Z6S -> b_HgvVoQSccht;
  v_HAzPfJIcZFy [label="id=329 t=75"];
  v_HAzPfJIcZFy -> b_HgvVoQSccht;
  v_HQShGAbz6LL [label="id=740 t=75"];
  v_HQShGAbz6LL -> b_HgvVoQSccht;
  v_HLJhiEwhcgo [label="id=426 t=75"];
  v_HLJhiEwhcgo -> b_HgvVoQSccht;
  v_Hd4G5jFhY52 [label="id=228 t=75"];
  v_Hd4G5jFhY52 -> b_HgvVoQSccht;
  v_Hb3lk4zkpN [label="id=157 t=75"];
  v_Hb3lk4zkpN -> b_HgvVoQSccht;
  v_HcppLo9IbOm [label="id=745 t=75"];
  v_HcppLo9IbOm -> b_HgvVoQSccht;
  v_HfEd5uZVr [label="id=438 t=75"];
  v_HfEd5uZVr -> b_HgvVoQSccht;
  v_Hf0Fk87ZBSQ [label="id=465 t=75"];
  v_Hf0Fk87ZBSQ -> b_HgvVoQSccht;
  v_HOREzp0Qu1 [label="id=886 t=75"];
  v_HOREzp0Qu1 -> b_HgvVoQSccht;
  v_HyGhwBVu1QN [label="id=8 t=75"];
  v_HyGhwBVu1QN -> b_HgvVoQSccht;
  v_HaLQAc3Alb [label="id=699 t=75"];
  v_HaLQAc3Alb -> b_HgvVoQSccht;
  v_HxzmCtFbF [label="id=193 t=75"];
  v_HxzmCtFbF -> b_HgvVoQSccht;
  v_H3G1ny23sui [label="id=828 t=75"];
  v_H3G1ny23sui -> b_HgvVoQSccht;
  v_HPSEbPB5Nm [label="id=122 t=75"];
  v_HPSEbPB5Nm -> b_HgvVoQSccht;
  v_H6fHzdLKOk [label="id=947 t=75"];
  v_H6fHzdLKOk -> b_HgvVoQSccht;
  v_HNqrUw8cdQV [label="id=487 t=75"];
  v_HNqrUw8cdQV -> b_HgvVoQSccht;
  v_Hf0tfZIWI3 [label="id=303 t=75"];
  v_Hf0tfZIWI3 -> b_HgvVoQSccht;
  v_HNBnOH7TWD [label="id=885 t=75"];
  v_HNBnOH7TWD -> b_HgvVoQSccht;
  v_HvBSahV74Ro [label="id=166 t=75"];
  v_HvBSahV74Ro -> b_HgvVoQSccht;
  v_HX6A2ZhG0Ss [label="id=805 t=75"];
  v_HX6A2ZhG0Ss -> b_HgvVoQSccht;
  v_HKkh7UDG3Ij [label="id=46 t=75"];
  v_HKkh7UDG3Ij -> b_HgvVoQSccht;
  v_HUG33pTLRSs [label="id=912 t=75"];
  v_HUG33pTLRSs -> b_HgvVoQSccht;
  v_HAPKu7ooqJm [label="id=944 t=75"];
  v_HAPKu7ooqJm -> b_HgvVoQSccht;
  v_HC8UTVHzSds [label="id=558 t=75"];
  v_HC8UTVHzSds -> b_HgvVoQSccht;
  v_HKiygNPW9Lb [label="id=758 t=75"];
  v_HKiygNPW9Lb -> b_HgvVoQSccht;
  v_HRFzZtW5LV [label="id=655 t=75"];
  v_HRFzZtW5LV -> b_HgvVoQSccht;
  v_H2mkzCbIUh [label="id=497 t=75"];
  v_H2mkzCbIUh -> b_HgvVoQSccht;
  v_HYkKzyqqOG6 [label="id=615 t=75"];
  v_HYkKzyqqOG6 -> b_HgvVoQSccht;
  v_HoLcPZyFqc3 [label="id=552 t=75"];
  v_HoLcPZyFqc3 -> b_HgvVoQSccht;
  v_HtQndEGgJCQ [label="id=130 t=75"];
  v_HtQndEGgJCQ -> b_HgvVoQSccht;
  v_HlFiWEHL49 [label="id=298 t=75"];
  v_HlFiWEHL49 -> b_HgvVoQSccht;
  v_HVIhbMWrYLS [label="id=498 t=75"];
  v_HVIhbMWrYLS -> b_HgvVoQSccht;
  v_HZw8SWG0lBk [label="id=441 t=75"];
  v_HZw8SWG0lBk -> b_HgvVoQSccht;
  v_Haq417OJjTY [label="id=163 t=75"];
  v_Haq417OJjTY -> b_HgvVoQSccht;
  v_HJmQ3JkjkBs [label="id=519 t=75"];
  v_HJmQ3JkjkBs -> b_HgvVoQSccht;
  v_HN6GZmiJu [label="id=62 t=75"];
  v_HN6GZmiJu -> b_HgvVoQSccht;
  v_H21fXlpxjW [label="id=585 t=75"];
  v_H21fXlpxjW -> b_HgvVoQSccht;
  v_Hj1RORBj3ta [label="id=951 t=75"];
  v_Hj1RORBj3ta -> b_HgvVoQSccht;
  v_HUYouYinznK [label="id=544 t=75"];
  v_HUYouYinznK -> b_HgvVoQSccht;
  v_Hj35gyv1jl [label="id=299 t=75"];
  v_Hj35gyv1jl -> b_HgvVoQSccht;
  v_HwjsIQ3WszS [label="id=244 t=75"];
  v_HwjsIQ3WszS -> b_HgvVoQSccht;
  v_H0i2cyKfCAR [label="id=612 t=75"];
  v_H0i2cyKfCAR -> b_HgvVoQSccht;
  v_Hj8MzXBrYju [label="id=352 t=75"];
  v_Hj8MzXBrYju -> b_HgvVoQSccht;
  v_HUBKIkCOaY [label="id=434 t=75"];
  v_HUBKIkCOaY -> b_HgvVoQSccht;
  v_HS5SlwwLY0s [label="id=196 t=75"];
  v_HS5SlwwLY0s -> b_HgvVoQSccht;
  v_HgztM9Tu4C [label="id=168 t=75"];
  v_HgztM9Tu4C -> b_HgvVoQSccht;
  v_HpLMqnU7BiL [label="id=264 t=75"];
  v_HpLMqnU7BiL -> b_HgvVoQSccht;
  v_Hqn5ye9cZw [label="id=369 t=75"];
  v_Hqn5ye9cZw -> b_HgvVoQSccht;
  v_HdaBEuaDNYi [label="id=782 t=75"];
  v_HdaBEuaDNYi -> b_HgvVoQSccht;
  v_HtPZqCFzUyP [label="id=838 t=75"];
  v_HtPZqCFzUyP -> b_HgvVoQSccht;
  v_H1bHRcY7lo [label="id=845 t=75"];
  v_H1bHRcY7lo -> b_HgvVoQSccht;
  v_HkTXHUSwIZA [label="id=321 t=75"];
  v_HkTXHUSwIZA -> b_HgvVoQSccht;
  v_HCbdqwuez7Q [label="id=635 t=75"];
  v_HCbdqwuez7Q -> b_HgvVoQSccht;
  v_HKaOD0SV3YZ [label="id=504 t=75"];
  v_HKaOD0SV3YZ -> b_HgvVoQSccht;
  v_HqUUlEQfPxd [label="id=292 t=75"];
  v_HqUUlEQfPxd -> b_HgvVoQSccht;
  v_Hemsi7ben4r [label="id=536 t=75"];
  v_Hemsi7ben4r -> b_HgvVoQSccht;
  v_H5dP8flhLh [label="id=14 t=75"];
  v_H5dP8flhLh -> b_HgvVoQSccht;
  v_HlMpycOQ1vt [label="id=813 t=75"];
  v_HlMpycOQ1vt -> b_HgvVoQSccht;
  v_HGGURQ5Sdw [label="id=457 t=75"];
  v_HGGURQ5Sdw -> b_HgvVoQSccht;
  v_HeoF0PhtnS9 [label="id=879 t=75"];
  v_HeoF0PhtnS9 -> b_HgvVoQSccht;
  v_HN5XhNJFLsC [label="id=216 t=75"];
  v_HN5XhNJFLsC -> b_HgvVoQSccht;
  v_HOgAelGInoB [label="id=467 t=75"];
  v_HOgAelGInoB -> b_HgvVoQSccht;
  v_Hyy13AU9gbb [label="id=134 t=75"];
  v_Hyy13AU9gbb -> b_HgvVoQSccht;
  v_HCvOA4x3CvY [label="id=200 t=75"];
  v_HCvOA4x3CvY -> b_HgvVoQSccht;
  v_HlA2kWbsOiO [label="id=413 t=75"];
  v_HlA2kWbsOiO -> b_HgvVoQSccht;
  v_HMvIXclTXtP [label="id=611 t=75"];
  v_HMvIXclTXtP -> b_HgvVoQSccht;
  v_HfOS8H5ylBo [label="id=74 t=75"];
  v_HfOS8H5ylBo -> b_HgvVoQSccht;
  v_HFtC4wfLn4p [label="id=569 t=75"];
  v_HFtC4wfLn4p -> b_HgvVoQSccht;
  v_HdACvsVBb [label="id=117 t=75"];
  v_HdACvsVBb -> b_HgvVoQSccht;
  v_HVhNEb5ijA9 [label="id=939 t=75"];
  v_HVhNEb5ijA9 -> b_HgvVoQSccht;
  v_H8U0V9bcwsZ [label="id=73 t=75"];
  v_H8U0V9bcwsZ -> b_HgvVoQSccht;
  v_HlMtiezfrhB [label="id=653 t=75"];
  v_HlMtiezfrhB -> b_HgvVoQSccht;
  v_H2o3kCWVS3t [label="id=949 t=75"];
  v_H2o3kCWVS3t -> b_HgvVoQSccht;
  v_HZBXSmqUC4h [label="id=953 t=75"];
  v_HZBXSmqUC4h -> b_HgvVoQSccht;
  v_HoTFTMSFIRk [label="id=189 t=75"];
  v_HoTFTMSFIRk -> b_HgvVoQSccht;
  v_HxTKrFC2y [label="id=269 t=75"];
  v_HxTKrFC2y -> b_HgvVoQSccht;
  v_HtUBT88AEVx [label="id=144 t=75"];
  v_HtUBT88AEVx -> b_HgvVoQSccht;
  v_HSWyUozicJJ [label="id=847 t=75"];
  v_HSWyUozicJJ -> b_HgvVoQSccht;
  v_HWNvj5ygpVB [label="id=97 t=75"];
  v_HWNvj5ygpVB -> b_HgvVoQSccht;
  v_HUgGNaCJO [label="id=160 t=75"];
  v_HUgGNaCJO -> b_HgvVoQSccht;
  v_H2GVSGc7tNP [label="id=110 t=75"];
  v_H2GVSGc7tNP -> b_HgvVoQSccht;
  v_H94dL5R88W [label="id=112 t=75"];
  v_H94dL5R88W -> b_HgvVoQSccht;
  v_HPF3kCkJ3un [label="id=239 t=75"];
  v_HPF3kCkJ3un -> b_HgvVoQSccht;
  v_HtXwYSAJt6 [label="id=778 t=75"];
  v_HtXwYSAJt6 -> b_HgvVoQSccht;
  v_HU3S657fJC [label="id=972 t=75"];
  v_HU3S657fJC -> b_HgvVoQSccht;
  v_HLeulUHJcB2 [label="id=765 t=75"];
  v_HLeulUHJcB2 -> b_HgvVoQSccht;
  v_Hz77qqWwg6c [label="id=331 t=75"];
  v_Hz77qqWwg6c -> b_HgvVoQSccht;
}


ALWAYS AWAKE final ledgers: 75 75 75 75 65 65
ALWAYS AWAKE total communication: 8812392 6994
ALWAYS AWAKE blocks communication: 21804 75
ALWAYS AWAKE votes communication: 1244944 4577
ALWAYS AWAKE proposals communication: 7545644 2342
