r,n_asleep,n_awake,n_honest_asleep,n_honest_dreamy,n_honest_awake,n_adversary,n_all,party0_ledger_best_length,party0_ledger_best_age,party0_ledger_fast_length,party0_ledger_fast_age,party0_ledger_slow_length,party0_ledger_slow_age,party0_comms_all_size,party0_comms_all_count,party0_comms_proposal_size,party0_comms_proposal_count,party0_comms_piece_block_size,party0_comms_piece_block_count,party0_comms_piece_vote_size,party0_comms_piece_vote_count,party1_ledger_best_length,party1_ledger_best_age,party1_ledger_fast_length,party1_ledger_fast_age,party1_ledger_slow_length,party1_ledger_slow_age,party1_comms_all_size,party1_comms_all_count,party1_comms_proposal_size,party1_comms_proposal_count,party1_comms_piece_block_size,party1_comms_piece_block_count,party1_comms_piece_vote_size,party1_comms_piece_vote_count,party2_ledger_best_length,party2_ledger_best_age,party2_ledger_fast_length,party2_ledger_fast_age,party2_ledger_slow_length,party2_ledger_slow_age,party2_comms_all_size,party2_comms_all_count,party2_comms_proposal_size,party2_comms_proposal_count,party2_comms_piece_block_size,party2_comms_piece_block_count,party2_comms_piece_vote_size,party2_comms_piece_vote_count,party3_ledger_best_length,party3_ledger_best_age,party3_ledger_fast_length,party3_ledger_fast_age,party3_ledger_slow_length,party3_ledger_slow_age,party3_comms_all_size,party3_comms_all_count,party3_comms_proposal_size,party3_comms_proposal_count,party3_comms_piece_block_size,party3_comms_piece_block_count,party3_comms_piece_vote_size,party3_comms_piece_vote_count,party4_ledger_best_length,party4_ledger_best_age,party4_ledger_fast_length,party4_ledger_fast_age,party4_ledger_slow_length,party4_ledger_slow_age,party4_comms_all_size,party4_comms_all_count,party4_comms_proposal_size,party4_comms_proposal_count,party4_comms_piece_block_size,party4_comms_piece_block_count,party4_comms_piece_vote_size,party4_comms_piece_vote_count,partyALWAYSAWAKE_ledger_best_length,partyALWAYSAWAKE_ledger_best_age,partyALWAYSAWAKE_ledger_fast_length,partyALWAYSAWAKE_ledger_fast_age,partyALWAYSAWAKE_ledger_slow_length,partyALWAYSAWAKE_ledger_slow_age,partyALWAYSAWAKE_comms_all_size,partyALWAYSAWAKE_comms_all_count,partyALWAYSAWAKE_comms_proposal_size,partyALWAYSAWAKE_comms_proposal_count,partyALWAYSAWAKE_comms_piece_block_size,partyALWAYSAWAKE_comms_piece_block_count,partyALWAYSAWAKE_comms_piece_vote_size,partyALWAYSAWAKE_comms_piece_vote_count
4,0,1000,0,0,1000,0,1000,0,0,0,0,0,0,0,0,0,0,0,0,0,0,0,0,0,0,0,0,0,0,0,0,0,0,0,0,0,0,0,0,0,0,0,0,0,0,0,0,0,0,0,0,0,0,0,0,0,0,0,0,0,0,0,0,0,0,0,0,0,0,0,0,0,0,0,0,0,0,0,0,0,0,0,0,0,0,0,0,0,0,0,0
5,0,1000,0,0,1000,0,1000,0,0,0,0,0,0,321752,4,321752,4,0,0,0,0,0,0,0,0,0,0,321752,4,321752,4,0,0,0,0,0,0,0,0,0,0,321752,4,321752,4,0,0,0,0,0,0,0,0,0,0,321752,4,321752,4,0,0,0,0,0,0,0,0,0,0,321752,4,321752,4,0,0,0,0,0,0,0,0,0,0,321752,4,321752,4,0,0,0,0
6,0,1000,0,0,1000,0,1000,1,1,1,1,0,0,109666,109,0,0,80290,1,29376,108,1,1,1,1,0,0,109666,109,0,0,80290,1,29376,108,1,1,1,1,0,0,109666,109,0,0,80290,1,29376,108,1,1,1,1,0,0,109666,109,0,0,80290,1,29376,108,1,1,1,1,0,0,109666,109,0,0,80290,1,29376,108,1,1,1,1,0,0,109666,109,0,0,80290,1,29376,108
7,0,1000,0,0,1000,0,1000,1,1,1,1,0,0,0,0,0,0,0,0,0,0,1,1,1,1,0,0,0,0,0,0,0,0,0,0,1,1,1,1,0,0,0,0,0,0,0,0,0,0,1,1,1,1,0,0,0,0,0,0,0,0,0,0,1,1,1,1,0,0,0,0,0,0,0,0,0,0,1,1,1,1,0,0,0,0,0,0,0,0,0,0
8,0,1000,0,0,1000,0,1000,1,1,1,1,0,0,0,0,0,0,0,0,0,0,1,1,1,1,0,0,0,0,0,0,0,0,0,0,1,1,1,1,0,0,0,0,0,0,0,0,0,0,1,1,1,1,0,0,0,0,0,0,0,0,0,0,1,1,1,1,0,0,0,0,0,0,0,0,0,0,1,1,1,1,0,0,0,0,0,0,0,0,0,0
9,0,1000,0,0,1000,0,1000,1,1,1,1,0,0,167786,2,167786,2,0,0,0,0,1,1,1,1,0,0,167786,2,167786,2,0,0,0,0,1,1,1,1,0,0,167786,2,167786,2,0,0,0,0,1,1,1,1,0,0,167786,2,167786,2,0,0,0,0,1,1,1,1,0,0,167786,2,167786,2,0,0,0,0,1,1,1,1,0,0,167786,2,167786,2,0,0,0,0
10,0,1000,0,0,1000,0,1000,2,2,2,2,0,0,103680,87,0,0,80288,1,23392,86,2,2,2,2,0,0,103680,87,0,0,80288,1,23392,86,2,2,2,2,0,0,103680,87,0,0,80288,1,23392,86,2,2,2,2,0,0,103680,87,0,0,80288,1,23392,86,2,2,2,2,0,0,103680,87,0,0,80288,1,23392,86,2,2,2,2,0,0,103680,87,0,0,80288,1,23392,86
11,0,1000,0,0,1000,0,1000,2,2,2,2,0,0,0,0,0,0,0,0,0,0,2,2,2,2,0,0,0,0,0,0,0,0,0,0,2,2,2,2,0,0,0,0,0,0,0,0,0,0,2,2,2,2,0,0,0,0,0,0,0,0,0,0,2,2,2,2,0,0,0,0,0,0,0,0,0,0,2,2,2,2,0,0,0,0,0,0,0,0,0,0
12,0,1000,0,0,1000,0,1000,2,2,2,2,0,0,0,0,0,0,0,0,0,0,2,2,2,2,0,0,0,0,0,0,0,0,0,0,2,2,2,2,0,0,0,0,0,0,0,0,0,0,2,2,2,2,0,0,0,0,0,0,0,0,0,0,2,2,2,2,0,0,0,0,0,0,0,0,0,0,2,2,2,2,0,0,0,0,0,0,0,0,0,0
13,0,1000,0,0,1000,0,1000,2,2,2,2,0,0,166380,2,166380,2,0,0,0,0,2,2,2,2,0,0,166380,2,166380,2,0,0,0,0,2,2,2,2,0,0,166380,2,166380,2,0,0,0,0,2,2,2,2,0,0,166380,2,166380,2,0,0,0,0,2,2,2,2,0,0,166380,2,166380,2,0,0,0,0,2,2,2,2,0,0,166380,2,166380,2,0,0,0,0
14,0,1000,0,0,1000,0,1000,3,3,3,3,0,0,111298,115,0,0,80290,1,31008,114,3,3,3,3,0,0,111298,115,0,0,80290,1,31008,114,3,3,3,3,0,0,111298,115,0,0,80290,1,31008,114,3,3,3,3,0,0,111298,115,0,0,80290,1,31008,114,3,3,3,3,0,0,111298,115,0,0,80290,1,31008,114,3,3,3,3,0,0,111298,115,0,0,80290,1,31008,114
15,0,1000,0,0,1000,0,1000,3,3,3,3,0,0,0,0,0,0,0,0,0,0,3,3,3,3,0,0,0,0,0,0,0,0,0,0,3,3,3,3,0,0,0,0,0,0,0,0,0,0,3,3,3,3,0,0,0,0,0,0,0,0,0,0,3,3,3,3,0,0,0,0,0,0,0,0,0,0,3,3,3,3,0,0,0,0,0,0,0,0,0,0
16,0,1000,0,0,1000,0,1000,3,3,3,3,0,0,0,0,0,0,0,0,0,0,3,3,3,3,0,0,0,0,0,0,0,0,0,0,3,3,3,3,0,0,0,0,0,0,0,0,0,0,3,3,3,3,0,0,0,0,0,0,0,0,0,0,3,3,3,3,0,0,0,0,0,0,0,0,0,0,3,3,3,3,0,0,0,0,0,0,0,0,0,0
17,0,1000,0,0,1000,0,1000,3,3,3,3,0,0,252258,3,252258,3,0,0,0,0,3,3,3,3,0,0,252258,3,252258,3,0,0,0,0,3,3,3,3,0,0,252258,3,252258,3,0,0,0,0,3,3,3,3,0,0,252258,3,252258,3,0,0,0,0,3,3,3,3,0,0,252258,3,252258,3,0,0,0,0,3,3,3,3,0,0,252258,3,252258,3,0,0,0,0
18,0,1000,0,0,1000,0,1000,4,4,4,4,0,0,111842,117,0,0,80290,1,31552,116,4,4,4,4,0,0,111842,117,0,0,80290,1,31552,116,4,4,4,4,0,0,111842,117,0,0,80290,1,31552,116,4,4,4,4,0,0,111842,117,0,0,80290,1,31552,116,4,4,4,4,0,0,111842,117,0,0,80290,1,31552,116,4,4,4,4,0,0,111842,117,0,0,80290,1,31552,116
19,0,1000,0,0,1000,0,1000,4,4,4,4,0,0,0,0,0,0,0,0,0,0,4,4,4,4,0,0,0,0,0,0,0,0,0,0,4,4,4,4,0,0,0,0,0,0,0,0,0,0,4,4,4,4,0,0,0,0,0,0,0,0,0,0,4,4,4,4,0,0,0,0,0,0,0,0,0,0,4,4,4,4,0,0,0,0,0,0,0,0,0,0
20,0,1000,0,0,1000,0,1000,4,4,4,4,0,0,0,0,0,0,0,0,0,0,4,4,4,4,0,0,0,0,0,0,0,0,0,0,4,4,4,4,0,0,0,0,0,0,0,0,0,0,4,4,4,4,0,0,0,0,0,0,0,0,0,0,4,4,4,4,0,0,0,0,0,0,0,0,0,0,4,4,4,4,0,0,0,0,0,0,0,0,0,0
21,0,1000,0,0,1000,0,1000,4,4,4,4,0,0,0,0,0,0,0,0,0,0,4,4,4,4,0,0,0,0,0,0,0,0,0,0,4,4,4,4,0,0,0,0,0,0,0,0,0,0,4,4,4,4,0,0,0,0,0,0,0,0,0,0,4,4,4,4,0,0,0,0,0,0,0,0,0,0,4,4,4,4,0,0,0,0,0,0,0,0,0,0
22,0,1000,0,0,1000,0,1000,4,4,4,4,0,0,28288,104,0,0,0,0,28288,104,4,4,4,4,0,0,28288,104,0,0,0,0,28288,104,4,4,4,4,0,0,28288,104,0,0,0,0,28288,104,4,4,4,4,0,0,28288,104,0,0,0,0,28288,104,4,4,4,4,0,0,28288,104,0,0,0,0,28288,104,4,4,4,4,0,0,28288,104,0,0,0,0,28288,104
23,0,1000,0,0,1000,0,1000,4,4,4,4,0,0,0,0,0,0,0,0,0,0,4,4,4,4,0,0,0,0,0,0,0,0,0,0,4,4,4,4,0,0,0,0,0,0,0,0,0,0,4,4,4,4,0,0,0,0,0,0,0,0,0,0,4,4,4,4,0,0,0,0,0,0,0,0,0,0,4,4,4,4,0,0,0,0,0,0,0,0,0,0
24,0,1000,0,0,1000,0,1000,4,4,4,4,0,0,0,0,0,0,0,0,0,0,4,4,4,4,0,0,0,0,0,0,0,0,0,0,4,4,4,4,0,0,0,0,0,0,0,0,0,0,4,4,4,4,0,0,0,0,0,0,0,0,0,0,4,4,4,4,0,0,0,0,0,0,0,0,0,0,4,4,4,4,0,0,0,0,0,0,0,0,0,0
25,0,1000,0,0,1000,0,1000,4,4,4,4,0,0,83766,1,83766,1,0,0,0,0,4,4,4,4,0,0,83766,1,83766,1,0,0,0,0,4,4,4,4,0,0,83766,1,83766,1,0,0,0,0,4,4,4,4,0,0,83766,1,83766,1,0,0,0,0,4,4,4,4,0,0,83766,1,83766,1,0,0,0,0,4,4,4,4,0,0,83766,1,83766,1,0,0,0,0
26,0,1000,0,0,1000,0,1000,5,6,5,6,0,0,113202,122,0,0,80290,1,32912,121,5,6,5,6,0,0,113202,122,0,0,80290,1,32912,121,5,6,5,6,0,0,113202,122,0,0,80290,1,32912,121,5,6,5,6,0,0,113202,122,0,0,80290,1,32912,121,5,6,5,6,0,0,113202,122,0,0,80290,1,32912,121,5,6,5,6,0,0,113202,122,0,0,80290,1,32912,121
27,0,1000,0,0,1000,0,1000,5,6,5,6,0,0,0,0,0,0,0,0,0,0,5,6,5,6,0,0,0,0,0,0,0,0,0,0,5,6,5,6,0,0,0,0,0,0,0,0,0,0,5,6,5,6,0,0,0,0,0,0,0,0,0,0,5,6,5,6,0,0,0,0,0,0,0,0,0,0,5,6,5,6,0,0,0,0,0,0,0,0,0,0
28,0,1000,0,0,1000,0,1000,5,6,5,6,0,0,0,0,0,0,0,0,0,0,5,6,5,6,0,0,0,0,0,0,0,0,0,0,5,6,5,6,0,0,0,0,0,0,0,0,0,0,5,6,5,6,0,0,0,0,0,0,0,0,0,0,5,6,5,6,0,0,0,0,0,0,0,0,0,0,5,6,5,6,0,0,0,0,0,0,0,0,0,0
29,0,1000,0,0,1000,0,1000,5,6,5,6,0,0,0,0,0,0,0,0,0,0,5,6,5,6,0,0,0,0,0,0,0,0,0,0,5,6,5,6,0,0,0,0,0,0,0,0,0,0,5,6,5,6,0,0,0,0,0,0,0,0,0,0,5,6,5,6,0,0,0,0,0,0,0,0,0,0,5,6,5,6,0,0,0,0,0,0,0,0,0,0
30,0,1000,0,0,1000,0,1000,5,6,5,6,0,0,26112,96,0,0,0,0,26112,96,5,6,5,6,0,0,26112,96,0,0,0,0,26112,96,5,6,5,6,0,0,26112,96,0,0,0,0,26112,96,5,6,5,6,0,0,26112,96,0,0,0,0,26112,96,5,6,5,6,0,0,26112,96,0,0,0,0,26112,96,5,6,5,6,0,0,26112,96,0,0,0,0,26112,96
31,0,1000,0,0,1000,0,1000,5,6,5,6,0,0,0,0,0,0,0,0,0,0,5,6,5,6,0,0,0,0,0,0,0,0,0,0,5,6,5,6,0,0,0,0,0,0,0,0,0,0,5,6,5,6,0,0,0,0,0,0,0,0,0,0,5,6,5,6,0,0,0,0,0,0,0,0,0,0,5,6,5,6,0,0,0,0,0,0,0,0,0,0
32,0,1000,0,0,1000,0,1000,5,6,5,6,0,0,0,0,0,0,0,0,0,0,5,6,5,6,0,0,0,0,0,0,0,0,0,0,5,6,5,6,0,0,0,0,0,0,0,0,0,0,5,6,5,6,0,0,0,0,0,0,0,0,0,0,5,6,5,6,0,0,0,0,0,0,0,0,0,0,5,6,5,6,0,0,0,0,0,0,0,0,0,0
33,0,1000,0,0,1000,0,1000,5,6,5,6,0,0,83510,1,83510,1,0,0,0,0,5,6,5,6,0,0,83510,1,83510,1,0,0,0,0,5,6,5,6,0,0,83510,1,83510,1,0,0,0,0,5,6,5,6,0,0,83510,1,83510,1,0,0,0,0,5,6,5,6,0,0,83510,1,83510,1,0,0,0,0,5,6,5,6,0,0,83510,1,83510,1,0,0,0,0
34,0,1000,0,0,1000,0,1000,6,8,6,8,0,0,109122,107,0,0,80290,1,28832,106,6,8,6,8,0,0,109122,107,0,0,80290,1,28832,106,6,8,6,8,0,0,109122,107,0,0,80290,1,28832,106,6,8,6,8,0,0,109122,107,0,0,80290,1,28832,106,6,8,6,8,0,0,109122,107,0,0,80290,1,28832,106,6,8,6,8,0,0,109122,107,0,0,80290,1,28832,106
35,0,1000,0,0,1000,0,1000,6,8,6,8,0,0,0,0,0,0,0,0,0,0,6,8,6,8,0,0,0,0,0,0,0,0,0,0,6,8,6,8,0,0,0,0,0,0,0,0,0,0,6,8,6,8,0,0,0,0,0,0,0,0,0,0,6,8,6,8,0,0,0,0,0,0,0,0,0,0,6,8,6,8,0,0,0,0,0,0,0,0,0,0
36,0,1000,0,0,1000,0,1000,6,8,6,8,0,0,0,0,0,0,0,0,0,0,6,8,6,8,0,0,0,0,0,0,0,0,0,0,6,8,6,8,0,0,0,0,0,0,0,0,0,0,6,8,6,8,0,0,0,0,0,0,0,0,0,0,6,8,6,8,0,0,0,0,0,0,0,0,0,0,6,8,6,8,0,0,0,0,0,0,0,0,0,0
37,0,1000,0,0,1000,0,1000,6,8,6,8,0,0,83830,1,83830,1,0,0,0,0,6,8,6,8,0,0,83830,1,83830,1,0,0,0,0,6,8,6,8,0,0,83830,1,83830,1,0,0,0,0,6,8,6,8,0,0,83830,1,83830,1,0,0,0,0,6,8,6,8,0,0,83830,1,83830,1,0,0,0,0,6,8,6,8,0,0,83830,1,83830,1,0,0,0,0
38,0,1000,0,0,1000,0,1000,7,9,7,9,0,0,108850,106,0,0,80290,1,28560,105,7,9,7,9,0,0,108850,106,0,0,80290,1,28560,105,7,9,7,9,0,0,108850,106,0,0,80290,1,28560,105,7,9,7,9,0,0,108850,106,0,0,80290,1,28560,105,7,9,7,9,0,0,108850,106,0,0,80290,1,28560,105,7,9,7,9,0,0,108850,106,0,0,80290,1,28560,105
39,0,1000,0,0,1000,0,1000,7,9,7,9,0,0,0,0,0,0,0,0,0,0,7,9,7,9,0,0,0,0,0,0,0,0,0,0,7,9,7,9,0,0,0,0,0,0,0,0,0,0,7,9,7,9,0,0,0,0,0,0,0,0,0,0,7,9,7,9,0,0,0,0,0,0,0,0,0,0,7,9,7,9,0,0,0,0,0,0,0,0,0,0
40,0,1000,0,0,1000,0,1000,7,9,7,9,0,0,0,0,0,0,0,0,0,0,7,9,7,9,0,0,0,0,0,0,0,0,0,0,7,9,7,9,0,0,0,0,0,0,0,0,0,0,7,9,7,9,0,0,0,0,0,0,0,0,0,0,7,9,7,9,0,0,0,0,0,0,0,0,0,0,7,9,7,9,0,0,0,0,0,0,0,0,0,0
41,0,1000,0,0,1000,0,1000,7,9,7,9,0,0,83798,1,83798,1,0,0,0,0,7,9,7,9,0,0,83798,1,83798,1,0,0,0,0,7,9,7,9,0,0,83798,1,83798,1,0,0,0,0,7,9,7,9,0,0,83798,1,83798,1,0,0,0,0,7,9,7,9,0,0,83798,1,83798,1,0,0,0,0,7,9,7,9,0,0,83798,1,83798,1,0,0,0,0
42,0,1000,0,0,1000,0,1000,8,10,8,10,0,0,107490,101,0,0,80290,1,27200,100,8,10,8,10,0,0,107490,101,0,0,80290,1,27200,100,8,10,8,10,0,0,107490,101,0,0,80290,1,27200,100,8,10,8,10,0,0,107490,101,0,0,80290,1,27200,100,8,10,8,10,0,0,107490,101,0,0,80290,1,27200,100,8,10,8,10,0,0,107490,101,0,0,80290,1,27200,100
43,0,1000,0,0,1000,0,1000,8,10,8,10,0,0,0,0,0,0,0,0,0,0,8,10,8,10,0,0,0,0,0,0,0,0,0,0,8,10,8,10,0,0,0,0,0,0,0,0,0,0,8,10,8,10,0,0,0,0,0,0,0,0,0,0,8,10,8,10,0,0,0,0,0,0,0,0,0,0,8,10,8,10,0,0,0,0,0,0,0,0,0,0
44,0,1000,0,0,1000,0,1000,8,10,8,10,0,0,0,0,0,0,0,0,0,0,8,10,8,10,0,0,0,0,0,0,0,0,0,0,8,10,8,10,0,0,0,0,0,0,0,0,0,0,8,10,8,10,0,0,0,0,0,0,0,0,0,0,8,10,8,10,0,0,0,0,0,0,0,0,0,0,8,10,8,10,0,0,0,0,0,0,0,0,0,0
45,0,1000,0,0,1000,0,1000,8,10,8,10,0,0,83639,1,83639,1,0,0,0,0,8,10,8,10,0,0,83639,1,83639,1,0,0,0,0,8,10,8,10,0,0,83639,1,83639,1,0,0,0,0,8,10,8,10,0,0,83639,1,83639,1,0,0,0,0,8,10,8,10,0,0,83639,1,83639,1,0,0,0,0,8,10,8,10,0,0,83639,1,83639,1,0,0,0,0
46,0,1000,0,0,1000,0,1000,9,11,9,11,0,0,108035,103,0,0,80291,1,27744,102,9,11,9,11,0,0,108035,103,0,0,80291,1,27744,102,9,11,9,11,0,0,108035,103,0,0,80291,1,27744,102,9,11,9,11,0,0,108035,103,0,0,80291,1,27744,102,9,11,9,11,0,0,108035,103,0,0,80291,1,27744,102,9,11,9,11,0,0,108035,103,0,0,80291,1,27744,102
47,0,1000,0,0,1000,0,1000,9,11,9,11,1,1,0,0,0,0,0,0,0,0,9,11,9,11,1,1,0,0,0,0,0,0,0,0,9,11,9,11,1,1,0,0,0,0,0,0,0,0,9,11,9,11,1,1,0,0,0,0,0,0,0,0,9,11,9,11,1,1,0,0,0,0,0,0,0,0,9,11,9,11,1,1,0,0,0,0,0,0,0,0
48,0,1000,0,0,1000,0,1000,9,11,9,11,1,1,0,0,0,0,0,0,0,0,9,11,9,11,1,1,0,0,0,0,0,0,0,0,9,11,9,11,1,1,0,0,0,0,0,0,0,0,9,11,9,11,1,1,0,0,0,0,0,0,0,0,9,11,9,11,1,1,0,0,0,0,0,0,0,0,9,11,9,11,1,1,0,0,0,0,0,0,0,0
49,0,1000,0,0,1000,0,1000,9,11,9,11,1,1,167406,2,167406,2,0,0,0,0,9,11,9,11,1,1,167406,2,167406,2,0,0,0,0,9,11,9,11,1,1,167406,2,167406,2,0,0,0,0,9,11,9,11,1,1,167406,2,167406,2,0,0,0,0,9,11,9,11,1,1,167406,2,167406,2,0,0,0,0,9,11,9,11,1,1,167406,2,167406,2,0,0,0,0
50,0,1000,0,0,1000,0,1000,10,12,10,12,1,1,104771,91,0,0,80291,1,24480,90,10,12,10,12,1,1,104771,91,0,0,80291,1,24480,90,10,12,10,12,1,1,104771,91,0,0,80291,1,24480,90,10,12,10,12,1,1,104771,91,0,0,80291,1,24480,90,10,12,10,12,1,1,104771,91,0,0,80291,1,24480,90,10,12,10,12,1,1,104771,91,0,0,80291,1,24480,90
51,0,1000,0,0,1000,0,1000,10,12,10,12,2,2,0,0,0,0,0,0,0,0,10,12,10,12,2,2,0,0,0,0,0,0,0,0,10,12,10,12,2,2,0,0,0,0,0,0,0,0,10,12,10,12,2,2,0,0,0,0,0,0,0,0,10,12,10,12,2,2,0,0,0,0,0,0,0,0,10,12,10,12,2,2,0,0,0,0,0,0,0,0
52,0,1000,0,0,1000,0,1000,10,12,10,12,2,2,0,0,0,0,0,0,0,0,10,12,10,12,2,2,0,0,0,0,0,0,0,0,10,12,10,12,2,2,0,0,0,0,0,0,0,0,10,12,10,12,2,2,0,0,0,0,0,0,0,0,10,12,10,12,2,2,0,0,0,0,0,0,0,0,10,12,10,12,2,2,0,0,0,0,0,0,0,0
53,0,1000,0,0,1000,0,1000,10,12,10,12,2,2,83319,1,83319,1,0,0,0,0,10,12,10,12,2,2,83319,1,83319,1,0,0,0,0,10,12,10,12,2,2,83319,1,83319,1,0,0,0,0,10,12,10,12,2,2,83319,1,83319,1,0,0,0,0,10,12,10,12,2,2,83319,1,83319,1,0,0,0,0,10,12,10,12,2,2,83319,1,83319,1,0,0,0,0
54,0,1000,0,0,1000,0,1000,11,13,11,13,2,2,112931,121,0,0,80291,1,32640,120,11,13,11,13,2,2,112931,121,0,0,80291,1,32640,120,11,13,11,13,2,2,112931,121,0,0,80291,1,32640,120,11,13,11,13,2,2,112931,121,0,0,80291,1,32640,120,11,13,11,13,2,2,112931,121,0,0,80291,1,32640,120,11,13,11,13,2,2,112931,121,0,0,80291,1,32640,120
55,0,1000,0,0,1000,0,1000,11,13,11,13,3,3,0,0,0,0,0,0,0,0,11,13,11,13,3,3,0,0,0,0,0,0,0,0,11,13,11,13,3,3,0,0,0,0,0,0,0,0,11,13,11,13,3,3,0,0,0,0,0,0,0,0,11,13,11,13,3,3,0,0,0,0,0,0,0,0,11,13,11,13,3,3,0,0,0,0,0,0,0,0
56,0,1000,0,0,1000,0,1000,11,13,11,13,3,3,0,0,0,0,0,0,0,0,11,13,11,13,3,3,0,0,0,0,0,0,0,0,11,13,11,13,3,3,0,0,0,0,0,0,0,0,11,13,11,13,3,3,0,0,0,0,0,0,0,0,11,13,11,13,3,3,0,0,0,0,0,0,0,0,11,13,11,13,3,3,0,0,0,0,0,0,0,0
57,0,1000,0,0,1000,0,1000,11,13,11,13,3,3,84279,1,84279,1,0,0,0,0,11,13,11,13,3,3,84279,1,84279,1,0,0,0,0,11,13,11,13,3,3,84279,1,84279,1,0,0,0,0,11,13,11,13,3,3,84279,1,84279,1,0,0,0,0,11,13,11,13,3,3,84279,1,84279,1,0,0,0,0,11,13,11,13,3,3,84279,1,84279,1,0,0,0,0
58,0,1000,0,0,1000,0,1000,12,14,12,14,3,3,106403,97,0,0,80291,1,26112,96,12,14,12,14,3,3,106403,97,0,0,80291,1,26112,96,12,14,12,14,3,3,106403,97,0,0,80291,1,26112,96,12,14,12,14,3,3,106403,97,0,0,80291,1,26112,96,12,14,12,14,3,3,106403,97,0,0,80291,1,26112,96,12,14,12,14,3,3,106403,97,0,0,80291,1,26112,96
59,0,1000,0,0,1000,0,1000,12,14,12,14,4,4,0,0,0,0,0,0,0,0,12,14,12,14,4,4,0,0,0,0,0,0,0,0,12,14,12,14,4,4,0,0,0,0,0,0,0,0,12,14,12,14,4,4,0,0,0,0,0,0,0,0,12,14,12,14,4,4,0,0,0,0,0,0,0,0,12,14,12,14,4,4,0,0,0,0,0,0,0,0
60,0,1000,0,0,1000,0,1000,12,14,12,14,4,4,0,0,0,0,0,0,0,0,12,14,12,14,4,4,0,0,0,0,0,0,0,0,12,14,12,14,4,4,0,0,0,0,0,0,0,0,12,14,12,14,4,4,0,0,0,0,0,0,0,0,12,14,12,14,4,4,0,0,0,0,0,0,0,0,12,14,12,14,4,4,0,0,0,0,0,0,0,0
61,0,1000,0,0,1000,0,1000,12,14,12,14,4,4,167021,2,167021,2,0,0,0,0,12,14,12,14,4,4,167021,2,167021,2,0,0,0,0,12,14,12,14,4,4,167021,2,167021,2,0,0,0,0,12,14,12,14,4,4,167021,2,167021,2,0,0,0,0,12,14,12,14,4,4,167021,2,167021,2,0,0,0,0,12,14,12,14,4,4,167021,2,167021,2,0,0,0,0
62,0,1000,0,0,1000,0,1000,13,15,13,15,4,4,111298,115,0,0,80290,1,31008,114,13,15,13,15,4,4,111298,115,0,0,80290,1,31008,114,13,15,13,15,4,4,111298,115,0,0,80290,1,31008,114,13,15,13,15,4,4,111298,115,0,0,80290,1,31008,114,13,15,13,15,4,4,111298,115,0,0,80290,1,31008,114,13,15,13,15,4,4,111298,115,0,0,80290,1,31008,114
63,0,1000,0,0,1000,0,1000,13,15,13,15,4,4,0,0,0,0,0,0,0,0,13,15,13,15,4,4,0,0,0,0,0,0,0,0,13,15,13,15,4,4,0,0,0,0,0,0,0,0,13,15,13,15,4,4,0,0,0,0,0,0,0,0,13,15,13,15,4,4,0,0,0,0,0,0,0,0,13,15,13,15,4,4,0,0,0,0,0,0,0,0
64,0,1000,0,0,1000,0,1000,13,15,13,15,4,4,0,0,0,0,0,0,0,0,13,15,13,15,4,4,0,0,0,0,0,0,0,0,13,15,13,15,4,4,0,0,0,0,0,0,0,0,13,15,13,15,4,4,0,0,0,0,0,0,0,0,13,15,13,15,4,4,0,0,0,0,0,0,0,0,13,15,13,15,4,4,0,0,0,0,0,0,0,0
65,0,1000,0,0,1000,0,1000,13,15,13,15,4,4,252261,3,252261,3,0,0,0,0,13,15,13,15,4,4,252261,3,252261,3,0,0,0,0,13,15,13,15,4,4,252261,3,252261,3,0,0,0,0,13,15,13,15,4,4,252261,3,252261,3,0,0,0,0,13,15,13,15,4,4,252261,3,252261,3,0,0,0,0,13,15,13,15,4,4,252261,3,252261,3,0,0,0,0
66,0,1000,0,0,1000,0,1000,14,16,14,16,4,4,106675,98,0,0,80291,1,26384,97,14,16,14,16,4,4,106675,98,0,0,80291,1,26384,97,14,16,14,16,4,4,106675,98,0,0,80291,1,26384,97,14,16,14,16,4,4,106675,98,0,0,80291,1,26384,97,14,16,14,16,4,4,106675,98,0,0,80291,1,26384,97,14,16,14,16,4,4,106675,98,0,0,80291,1,26384,97
67,0,1000,0,0,1000,0,1000,14,16,14,16,5,6,0,0,0,0,0,0,0,0,14,16,14,16,5,6,0,0,0,0,0,0,0,0,14,16,14,16,5,6,0,0,0,0,0,0,0,0,14,16,14,16,5,6,0,0,0,0,0,0,0,0,14,16,14,16,5,6,0,0,0,0,0,0,0,0,14,16,14,16,5,6,0,0,0,0,0,0,0,0
68,0,1000,0,0,1000,0,1000,14,16,14,16,5,6,0,0,0,0,0,0,0,0,14,16,14,16,5,6,0,0,0,0,0,0,0,0,14,16,14,16,5,6,0,0,0,0,0,0,0,0,14,16,14,16,5,6,0,0,0,0,0,0,0,0,14,16,14,16,5,6,0,0,0,0,0,0,0,0,14,16,14,16,5,6,0,0,0,0,0,0,0,0
69,0,1000,0,0,1000,0,1000,14,16,14,16,5,6,0,0,0,0,0,0,0,0,14,16,14,16,5,6,0,0,0,0,0,0,0,0,14,16,14,16,5,6,0,0,0,0,0,0,0,0,14,16,14,16,5,6,0,0,0,0,0,0,0,0,14,16,14,16,5,6,0,0,0,0,0,0,0,0,14,16,14,16,5,6,0,0,0,0,0,0,0,0
70,0,1000,0,0,1000,0,1000,14,16,14,16,5,6,26384,97,0,0,0,0,26384,97,14,16,14,16,5,6,26384,97,0,0,0,0,26384,97,14,16,14,16,5,6,26384,97,0,0,0,0,26384,97,14,16,14,16,5,6,26384,97,0,0,0,0,26384,97,14,16,14,16,5,6,26384,97,0,0,0,0,26384,97,14,16,14,16,5,6,26384,97,0,0,0,0,26384,97
71,0,1000,0,0,1000,0,1000,14,16,14,16,5,6,0,0,0,0,0,0,0,0,14,16,14,16,5,6,0,0,0,0,0,0,0,0,14,16,14,16,5,6,0,0,0,0,0,0,0,0,14,16,14,16,5,6,0,0,0,0,0,0,0,0,14,16,14,16,5,6,0,0,0,0,0,0,0,0,14,16,14,16,5,6,0,0,0,0,0,0,0,0
72,0,1000,0,0,1000,0,1000,14,16,14,16,5,6,0,0,0,0,0,0,0,0,14,16,14,16,5,6,0,0,0,0,0,0,0,0,14,16,14,16,5,6,0,0,0,0,0,0,0,0,14,16,14,16,5,6,0,0,0,0,0,0,0,0,14,16,14,16,5,6,0,0,0,0,0,0,0,0,14,16,14,16,5,6,0,0,0,0,0,0,0,0
73,0,1000,0,0,1000,0,1000,14,16,14,16,5,6,83543,1,83543,1,0,0,0,0,14,16,14,16,5,6,83543,1,83543,1,0,0,0,0,14,16,14,16,5,6,83543,1,83543,1,0,0,0,0,14,16,14,16,5,6,83543,1,83543,1,0,0,0,0,14,16,14,16,5,6,83543,1,83543,1,0,0,0,0,14,16,14,16,5,6,83543,1,83543,1,0,0,0,0
74,0,1000,0,0,1000,0,1000,15,18,15,18,5,6,108307,104,0,0,80291,1,28016,103,15,18,15,18,5,6,108307,104,0,0,80291,1,28016,103,15,18,15,18,5,6,108307,104,0,0,80291,1,28016,103,15,18,15,18,5,6,108307,104,0,0,80291,1,28016,103,15,18,15,18,5,6,108307,104,0,0,80291,1,28016,103,15,18,15,18,5,6,108307,104,0,0,80291,1,28016,103
75,0,1000,0,0,1000,0,1000,15,18,15,18,6,8,0,0,0,0,0,0,0,0,15,18,15,18,6,8,0,0,0,0,0,0,0,0,15,18,15,18,6,8,0,0,0,0,0,0,0,0,15,18,15,18,6,8,0,0,0,0,0,0,0,0,15,18,15,18,6,8,0,0,0,0,0,0,0,0,15,18,15,18,6,8,0,0,0,0,0,0,0,0
76,0,1000,0,0,1000,0,1000,15,18,15,18,6,8,0,0,0,0,0,0,0,0,15,18,15,18,6,8,0,0,0,0,0,0,0,0,15,18,15,18,6,8,0,0,0,0,0,0,0,0,15,18,15,18,6,8,0,0,0,0,0,0,0,0,15,18,15,18,6,8,0,0,0,0,0,0,0,0,15,18,15,18,6,8,0,0,0,0,0,0,0,0
77,0,1000,0,0,1000,0,1000,15,18,15,18,6,8,167470,2,167470,2,0,0,0,0,15,18,15,18,6,8,167470,2,167470,2,0,0,0,0,15,18,15,18,6,8,167470,2,167470,2,0,0,0,0,15,18,15,18,6,8,167470,2,167470,2,0,0,0,0,15,18,15,18,6,8,167470,2,167470,2,0,0,0,0,15,18,15,18,6,8,167470,2,167470,2,0,0,0,0
78,0,1000,0,0,1000,0,1000,16,19,16,19,6,8,107763,102,0,0,80291,1,27472,101,16,19,16,19,6,8,107763,102,0,0,80291,1,27472,101,16,19,16,19,6,8,107763,102,0,0,80291,1,27472,101,16,19,16,19,6,8,107763,102,0,0,80291,1,27472,101,16,19,16,19,6,8,107763,102,0,0,80291,1,27472,101,16,19,16,19,6,8,107763,102,0,0,80291,1,27472,101
79,0,1000,0,0,1000,0,1000,16,19,16,19,7,9,0,0,0,0,0,0,0,0,16,19,16,19,7,9,0,0,0,0,0,0,0,0,16,19,16,19,7,9,0,0,0,0,0,0,0,0,16,19,16,19,7,9,0,0,0,0,0,0,0,0,16,19,16,19,7,9,0,0,0,0,0,0,0,0,16,19,16,19,7,9,0,0,0,0,0,0,0,0
80,0,1000,0,0,1000,0,1000,16,19,16,19,7,9,0,0,0,0,0,0,0,0,16,19,16,19,7,9,0,0,0,0,0,0,0,0,16,19,16,19,7,9,0,0,0,0,0,0,0,0,16,19,16,19,7,9,0,0,0,0,0,0,0,0,16,19,16,19,7,9,0,0,0,0,0,0,0,0,16,19,16,19,7,9,0,0,0,0,0,0,0,0
81,0,1000,0,0,1000,0,1000,16,19,16,19,7,9,0,0,0,0,0,0,0,0,16,19,16,19,7,9,0,0,0,0,0,0,0,0,16,19,16,19,7,9,0,0,0,0,0,0,0,0,16,19,16,19,7,9,0,0,0,0,0,0,0,0,16,19,16,19,7,9,0,0,0,0,0,0,0,0,16,19,16,19,7,9,0,0,0,0,0,0,0,0
82,0,1000,0,0,1000,0,1000,16,19,16,19,7,9,28832,106,0,0,0,0,28832,106,16,19,16,19,7,9,28832,106,0,0,0,0,28832,106,16,19,16,19,7,9,28832,106,0,0,0,0,28832,106,16,19,16,19,7,9,28832,106,0,0,0,0,28832,106,16,19,16,19,7,9,28832,106,0,0,0,0,28832,106,16,19,16,19,7,9,28832,106,0,0,0,0,28832,106
83,0,1000,0,0,1000,0,1000,16,19,16,19,8,10,0,0,0,0,0,0,0,0,16,19,16,19,8,10,0,0,0,0,0,0,0,0,16,19,16,19,8,10,0,0,0,0,0,0,0,0,16,19,16,19,8,10,0,0,0,0,0,0,0,0,16,19,16,19,8,10,0,0,0,0,0,0,0,0,16,19,16,19,8,10,0,0,0,0,0,0,0,0
84,0,1000,0,0,1000,0,1000,16,19,16,19,8,10,0,0,0,0,0,0,0,0,16,19,16,19,8,10,0,0,0,0,0,0,0,0,16,19,16,19,8,10,0,0,0,0,0,0,0,0,16,19,16,19,8,10,0,0,0,0,0,0,0,0,16,19,16,19,8,10,0,0,0,0,0,0,0,0,16,19,16,19,8,10,0,0,0,0,0,0,0,0
85,0,1000,0,0,1000,0,1000,16,19,16,19,8,10,83831,1,83831,1,0,0,0,0,16,19,16,19,8,10,83831,1,83831,1,0,0,0,0,16,19,16,19,8,10,83831,1,83831,1,0,0,0,0,16,19,16,19,8,10,83831,1,83831,1,0,0,0,0,16,19,16,19,8,10,83831,1,83831,1,0,0,0,0,16,19,16,19,8,10,83831,1,83831,1,0,0,0,0
86,0,1000,0,0,1000,0,1000,17,21,17,21,8,10,104771,91,0,0,80291,1,24480,90,17,21,17,21,8,10,104771,91,0,0,80291,1,24480,90,17,21,17,21,8,10,104771,91,0,0,80291,1,24480,90,17,21,17,21,8,10,104771,91,0,0,80291,1,24480,90,17,21,17,21,8,10,104771,91,0,0,80291,1,24480,90,17,21,17,21,8,10,104771,91,0,0,80291,1,24480,90
87,0,1000,0,0,1000,0,1000,17,21,17,21,9,11,0,0,0,0,0,0,0,0,17,21,17,21,9,11,0,0,0,0,0,0,0,0,17,21,17,21,9,11,0,0,0,0,0,0,0,0,17,21,17,21,9,11,0,0,0,0,0,0,0,0,17,21,17,21,9,11,0,0,0,0,0,0,0,0,17,21,17,21,9,11,0,0,0,0,0,0,0,0
88,0,1000,0,0,1000,0,1000,17,21,17,21,9,11,0,0,0,0,0,0,0,0,17,21,17,21,9,11,0,0,0,0,0,0,0,0,17,21,17,21,9,11,0,0,0,0,0,0,0,0,17,21,17,21,9,11,0,0,0,0,0,0,0,0,17,21,17,21,9,11,0,0,0,0,0,0,0,0,17,21,17,21,9,11,0,0,0,0,0,0,0,0
89,0,1000,0,0,1000,0,1000,17,21,17,21,9,11,0,0,0,0,0,0,0,0,17,21,17,21,9,11,0,0,0,0,0,0,0,0,17,21,17,21,9,11,0,0,0,0,0,0,0,0,17,21,17,21,9,11,0,0,0,0,0,0,0,0,17,21,17,21,9,11,0,0,0,0,0,0,0,0,17,21,17,21,9,11,0,0,0,0,0,0,0,0
90,0,1000,0,0,1000,0,1000,17,21,17,21,9,11,27200,100,0,0,0,0,27200,100,17,21,17,21,9,11,27200,100,0,0,0,0,27200,100,17,21,17,21,9,11,27200,100,0,0,0,0,27200,100,17,21,17,21,9,11,27200,100,0,0,0,0,27200,100,17,21,17,21,9,11,27200,100,0,0,0,0,27200,100,17,21,17,21,9,11,27200,100,0,0,0,0,27200,100
91,0,1000,0,0,1000,0,1000,17,21,17,21,10,12,0,0,0,0,0,0,0,0,17,21,17,21,10,12,0,0,0,0,0,0,0,0,17,21,17,21,10,12,0,0,0,0,0,0,0,0,17,21,17,21,10,12,0,0,0,0,0,0,0,0,17,21,17,21,10,12,0,0,0,0,0,0,0,0,17,21,17,21,10,12,0,0,0,0,0,0,0,0
92,0,1000,0,0,1000,0,1000,17,21,17,21,10,12,0,0,0,0,0,0,0,0,17,21,17,21,10,12,0,0,0,0,0,0,0,0,17,21,17,21,10,12,0,0,0,0,0,0,0,0,17,21,17,21,10,12,0,0,0,0,0,0,0,0,17,21,17,21,10,12,0,0,0,0,0,0,0,0,17,21,17,21,10,12,0,0,0,0,0,0,0,0
93,0,1000,0,0,1000,0,1000,17,21,17,21,10,12,83639,1,83639,1,0,0,0,0,17,21,17,21,10,12,83639,1,83639,1,0,0,0,0,17,21,17,21,10,12,83639,1,83639,1,0,0,0,0,17,21,17,21,10,12,83639,1,83639,1,0,0,0,0,17,21,17,21,10,12,83639,1,83639,1,0,0,0,0,17,21,17,21,10,12,83639,1,83639,1,0,0,0,0
94,0,1000,0,0,1000,0,1000,18,23,18,23,10,12,112387,119,0,0,80291,1,32096,118,18,23,18,23,10,12,112387,119,0,0,80291,1,32096,118,18,23,18,23,10,12,112387,119,0,0,80291,1,32096,118,18,23,18,23,10,12,112387,119,0,0,80291,1,32096,118,18,23,18,23,10,12,112387,119,0,0,80291,1,32096,118,18,23,18,23,10,12,112387,119,0,0,80291,1,32096,118
95,0,1000,0,0,1000,0,1000,18,23,18,23,11,13,0,0,0,0,0,0,0,0,18,23,18,23,11,13,0,0,0,0,0,0,0,0,18,23,18,23,11,13,0,0,0,0,0,0,0,0,18,23,18,23,11,13,0,0,0,0,0,0,0,0,18,23,18,23,11,13,0,0,0,0,0,0,0,0,18,23,18,23,11,13,0,0,0,0,0,0,0,0
96,0,1000,0,0,1000,0,1000,18,23,18,23,11,13,0,0,0,0,0,0,0,0,18,23,18,23,11,13,0,0,0,0,0,0,0,0,18,23,18,23,11,13,0,0,0,0,0,0,0,0,18,23,18,23,11,13,0,0,0,0,0,0,0,0,18,23,18,23,11,13,0,0,0,0,0,0,0,0,18,23,18,23,11,13,0,0,0,0,0,0,0,0
97,0,1000,0,0,1000,0,1000,18,23,18,23,11,13,84215,1,84215,1,0,0,0,0,18,23,18,23,11,13,84215,1,84215,1,0,0,0,0,18,23,18,23,11,13,84215,1,84215,1,0,0,0,0,18,23,18,23,11,13,84215,1,84215,1,0,0,0,0,18,23,18,23,11,13,84215,1,84215,1,0,0,0,0,18,23,18,23,11,13,84215,1,84215,1,0,0,0,0
98,0,1000,0,0,1000,0,1000,19,24,19,24,11,13,109395,108,0,0,80291,1,29104,107,19,24,19,24,11,13,109395,108,0,0,80291,1,29104,107,19,24,19,24,11,13,109395,108,0,0,80291,1,29104,107,19,24,19,24,11,13,109395,108,0,0,80291,1,29104,107,19,24,19,24,11,13,109395,108,0,0,80291,1,29104,107,19,24,19,24,11,13,109395,108,0,0,80291,1,29104,107
99,0,1000,0,0,1000,0,1000,19,24,19,24,12,14,0,0,0,0,0,0,0,0,19,24,19,24,12,14,0,0,0,0,0,0,0,0,19,24,19,24,12,14,0,0,0,0,0,0,0,0,19,24,19,24,12,14,0,0,0,0,0,0,0,0,19,24,19,24,12,14,0,0,0,0,0,0,0,0,19,24,19,24,12,14,0,0,0,0,0,0,0,0
100,0,1000,0,0,1000,0,1000,19,24,19,24,12,14,0,0,0,0,0,0,0,0,19,24,19,24,12,14,0,0,0,0,0,0,0,0,19,24,19,24,12,14,0,0,0,0,0,0,0,0,19,24,19,24,12,14,0,0,0,0,0,0,0,0,19,24,19,24,12,14,0,0,0,0,0,0,0,0,19,24,19,24,12,14,0,0,0,0,0,0,0,0
101,0,1000,0,0,1000,0,1000,19,24,19,24,12,14,83863,1,83863,1,0,0,0,0,19,24,19,24,12,14,83863,1,83863,1,0,0,0,0,19,24,19,24,12,14,83863,1,83863,1,0,0,0,0,19,24,19,24,12,14,83863,1,83863,1,0,0,0,0,19,24,19,24,12,14,83863,1,83863,1,0,0,0,0,19,24,19,24,12,14,83863,1,83863,1,0,0,0,0
102,0,1000,0,0,1000,0,1000,20,25,20,25,12,14,102867,84,0,0,80291,1,22576,83,20,25,20,25,12,14,102867,84,0,0,80291,1,22576,83,20,25,20,25,12,14,102867,84,0,0,80291,1,22576,83,20,25,20,25,12,14,102867,84,0,0,80291,1,22576,83,20,25,20,25,12,14,102867,84,0,0,80291,1,22576,83,20,25,20,25,12,14,102867,84,0,0,80291,1,22576,83
103,0,1000,0,0,1000,0,1000,20,25,20,25,13,15,0,0,0,0,0,0,0,0,20,25,20,25,13,15,0,0,0,0,0,0,0,0,20,25,20,25,13,15,0,0,0,0,0,0,0,0,20,25,20,25,13,15,0,0,0,0,0,0,0,0,20,25,20,25,13,15,0,0,0,0,0,0,0,0,20,25,20,25,13,15,0,0,0,0,0,0,0,0
104,0,1000,0,0,1000,0,1000,20,25,20,25,13,15,0,0,0,0,0,0,0,0,20,25,20,25,13,15,0,0,0,0,0,0,0,0,20,25,20,25,13,15,0,0,0,0,0,0,0,0,20,25,20,25,13,15,0,0,0,0,0,0,0,0,20,25,20,25,13,15,0,0,0,0,0,0,0,0,20,25,20,25,13,15,0,0,0,0,0,0,0,0
105,0,1000,0,0,1000,0,1000,20,25,20,25,13,15,249285,3,249285,3,0,0,0,0,20,25,20,25,13,15,249285,3,249285,3,0,0,0,0,20,25,20,25,13,15,249285,3,249285,3,0,0,0,0,20,25,20,25,13,15,249285,3,249285,3,0,0,0,0,20,25,20,25,13,15,249285,3,249285,3,0,0,0,0,20,25,20,25,13,15,249285,3,249285,3,0,0,0,0
106,0,1000,0,0,1000,0,1000,21,26,21,26,13,15,111843,117,0,0,80291,1,31552,116,21,26,21,26,13,15,111843,117,0,0,80291,1,31552,116,21,26,21,26,13,15,111843,117,0,0,80291,1,31552,116,21,26,21,26,13,15,111843,117,0,0,80291,1,31552,116,21,26,21,26,13,15,111843,117,0,0,80291,1,31552,116,21,26,21,26,13,15,111843,117,0,0,80291,1,31552,116
107,0,1000,0,0,1000,0,1000,21,26,21,26,14,16,0,0,0,0,0,0,0,0,21,26,21,26,14,16,0,0,0,0,0,0,0,0,21,26,21,26,14,16,0,0,0,0,0,0,0,0,21,26,21,26,14,16,0,0,0,0,0,0,0,0,21,26,21,26,14,16,0,0,0,0,0,0,0,0,21,26,21,26,14,16,0,0,0,0,0,0,0,0
108,0,1000,0,0,1000,0,1000,21,26,21,26,14,16,0,0,0,0,0,0,0,0,21,26,21,26,14,16,0,0,0,0,0,0,0,0,21,26,21,26,14,16,0,0,0,0,0,0,0,0,21,26,21,26,14,16,0,0,0,0,0,0,0,0,21,26,21,26,14,16,0,0,0,0,0,0,0,0,21,26,21,26,14,16,0,0,0,0,0,0,0,0
109,0,1000,0,0,1000,0,1000,21,26,21,26,14,16,168301,2,168301,2,0,0,0,0,21,26,21,26,14,16,168301,2,168301,2,0,0,0,0,21,26,21,26,14,16,168301,2,168301,2,0,0,0,0,21,26,21,26,14,16,168301,2,168301,2,0,0,0,0,21,26,21,26,14,16,168301,2,168301,2,0,0,0,0,21,26,21,26,14,16,168301,2,168301,2,0,0,0,0
110,0,1000,0,0,1000,0,1000,22,27,22,27,14,16,105043,92,0,0,80291,1,24752,91,22,27,22,27,14,16,105043,92,0,0,80291,1,24752,91,22,27,22,27,14,16,105043,92,0,0,80291,1,24752,91,22,27,22,27,14,16,105043,92,0,0,80291,1,24752,91,22,27,22,27,14,16,105043,92,0,0,80291,1,24752,91,22,27,22,27,14,16,105043,92,0,0,80291,1,24752,91
111,0,1000,0,0,1000,0,1000,22,27,22,27,14,16,0,0,0,0,0,0,0,0,22,27,22,27,14,16,0,0,0,0,0,0,0,0,22,27,22,27,14,16,0,0,0,0,0,0,0,0,22,27,22,27,14,16,0,0,0,0,0,0,0,0,22,27,22,27,14,16,0,0,0,0,0,0,0,0,22,27,22,27,14,16,0,0,0,0,0,0,0,0
112,0,1000,0,0,1000,0,1000,22,27,22,27,14,16,0,0,0,0,0,0,0,0,22,27,22,27,14,16,0,0,0,0,0,0,0,0,22,27,22,27,14,16,0,0,0,0,0,0,0,0,22,27,22,27,14,16,0,0,0,0,0,0,0,0,22,27,22,27,14,16,0,0,0,0,0,0,0,0,22,27,22,27,14,16,0,0,0,0,0,0,0,0
113,0,1000,0,0,1000,0,1000,22,27,22,27,14,16,83351,1,83351,1,0,0,0,0,22,27,22,27,14,16,83351,1,83351,1,0,0,0,0,22,27,22,27,14,16,83351,1,83351,1,0,0,0,0,22,27,22,27,14,16,83351,1,83351,1,0,0,0,0,22,27,22,27,14,16,83351,1,83351,1,0,0,0,0,22,27,22,27,14,16,83351,1,83351,1,0,0,0,0
114,0,1000,0,0,1000,0,1000,23,28,23,28,14,16,108579,105,0,0,80291,1,28288,104,23,28,23,28,14,16,108579,105,0,0,80291,1,28288,104,23,28,23,28,14,16,108579,105,0,0,80291,1,28288,104,23,28,23,28,14,16,108579,105,0,0,80291,1,28288,104,23,28,23,28,14,16,108579,105,0,0,80291,1,28288,104,23,28,23,28,14,16,108579,105,0,0,80291,1,28288,104
115,0,1000,0,0,1000,0,1000,23,28,23,28,15,18,0,0,0,0,0,0,0,0,23,28,23,28,15,18,0,0,0,0,0,0,0,0,23,28,23,28,15,18,0,0,0,0,0,0,0,0,23,28,23,28,15,18,0,0,0,0,0,0,0,0,23,28,23,28,15,18,0,0,0,0,0,0,0,0,23,28,23,28,15,18,0,0,0,0,0,0,0,0
116,0,1000,0,0,1000,0,1000,23,28,23,28,15,18,0,0,0,0,0,0,0,0,23,28,23,28,15,18,0,0,0,0,0,0,0,0,23,28,23,28,15,18,0,0,0,0,0,0,0,0,23,28,23,28,15,18,0,0,0,0,0,0,0,0,23,28,23,28,15,18,0,0,0,0,0,0,0,0,23,28,23,28,15,18,0,0,0,0,0,0,0,0
117,0,1000,0,0,1000,0,1000,23,28,23,28,15,18,83767,1,83767,1,0,0,0,0,23,28,23,28,15,18,83767,1,83767,1,0,0,0,0,23,28,23,28,15,18,83767,1,83767,1,0,0,0,0,23,28,23,28,15,18,83767,1,83767,1,0,0,0,0,23,28,23,28,15,18,83767,1,83767,1,0,0,0,0,23,28,23,28,15,18,83767,1,83767,1,0,0,0,0
118,0,1000,0,0,1000,0,1000,24,29,24,29,15,18,105859,95,0,0,80291,1,25568,94,24,29,24,29,15,18,105859,95,0,0,80291,1,25568,94,24,29,24,29,15,18,105859,95,0,0,80291,1,25568,94,24,29,24,29,15,18,105859,95,0,0,80291,1,25568,94,24,29,24,29,15,18,105859,95,0,0,80291,1,25568,94,24,29,24,29,15,18,105859,95,0,0,80291,1,25568,94
119,0,1000,0,0,1000,0,1000,24,29,24,29,16,19,0,0,0,0,0,0,0,0,24,29,24,29,16,19,0,0,0,0,0,0,0,0,24,29,24,29,16,19,0,0,0,0,0,0,0,0,24,29,24,29,16,19,0,0,0,0,0,0,0,0,24,29,24,29,16,19,0,0,0,0,0,0,0,0,24,29,24,29,16,19,0,0,0,0,0,0,0,0
120,0,1000,0,0,1000,0,1000,24,29,24,29,16,19,0,0,0,0,0,0,0,0,24,29,24,29,16,19,0,0,0,0,0,0,0,0,24,29,24,29,16,19,0,0,0,0,0,0,0,0,24,29,24,29,16,19,0,0,0,0,0,0,0,0,24,29,24,29,16,19,0,0,0,0,0,0,0,0,24,29,24,29,16,19,0,0,0,0,0,0,0,0
121,0,1000,0,0,1000,0,1000,24,29,24,29,16,19,83447,1,83447,1,0,0,0,0,24,29,24,29,16,19,83447,1,83447,1,0,0,0,0,24,29,24,29,16,19,83447,1,83447,1,0,0,0,0,24,29,24,29,16,19,83447,1,83447,1,0,0,0,0,24,29,24,29,16,19,83447,1,83447,1,0,0,0,0,24,29,24,29,16,19,83447,1,83447,1,0,0,0,0
122,0,1000,0,0,1000,0,1000,25,30,25,30,16,19,108851,106,0,0,80291,1,28560,105,25,30,25,30,16,19,108851,106,0,0,80291,1,28560,105,25,30,25,30,16,19,108851,106,0,0,80291,1,28560,105,25,30,25,30,16,19,108851,106,0,0,80291,1,28560,105,25,30,25,30,16,19,108851,106,0,0,80291,1,28560,105,25,30,25,30,16,19,108851,106,0,0,80291,1,28560,105
123,0,1000,0,0,1000,0,1000,25,30,25,30,16,19,0,0,0,0,0,0,0,0,25,30,25,30,16,19,0,0,0,0,0,0,0,0,25,30,25,30,16,19,0,0,0,0,0,0,0,0,25,30,25,30,16,19,0,0,0,0,0,0,0,0,25,30,25,30,16,19,0,0,0,0,0,0,0,0,25,30,25,30,16,19,0,0,0,0,0,0,0,0
124,0,1000,0,0,1000,0,1000,25,30,25,30,16,19,0,0,0,0,0,0,0,0,25,30,25,30,16,19,0,0,0,0,0,0,0,0,25,30,25,30,16,19,0,0,0,0,0,0,0,0,25,30,25,30,16,19,0,0,0,0,0,0,0,0,25,30,25,30,16,19,0,0,0,0,0,0,0,0,25,30,25,30,16,19,0,0,0,0,0,0,0,0
125,0,1000,0,0,1000,0,1000,25,30,25,30,16,19,83797,1,83797,1,0,0,0,0,25,30,25,30,16,19,83797,1,83797,1,0,0,0,0,25,30,25,30,16,19,83797,1,83797,1,0,0,0,0,25,30,25,30,16,19,83797,1,83797,1,0,0,0,0,25,30,25,30,16,19,83797,1,83797,1,0,0,0,0,25,30,25,30,16,19,83797,1,83797,1,0,0,0,0
126,0,1000,0,0,1000,0,1000,26,31,26,31,16,19,111569,116,0,0,80289,1,31280,115,26,31,26,31,16,19,111569,116,0,0,80289,1,31280,115,26,31,26,31,16,19,111569,116,0,0,80289,1,31280,115,26,31,26,31,16,19,111569,116,0,0,80289,1,31280,115,26,31,26,31,16,19,111569,116,0,0,80289,1,31280,115,26,31,26,31,16,19,111569,116,0,0,80289,1,31280,115
127,0,1000,0,0,1000,0,1000,26,31,26,31,17,21,0,0,0,0,0,0,0,0,26,31,26,31,17,21,0,0,0,0,0,0,0,0,26,31,26,31,17,21,0,0,0,0,0,0,0,0,26,31,26,31,17,21,0,0,0,0,0,0,0,0,26,31,26,31,17,21,0,0,0,0,0,0,0,0,26,31,26,31,17,21,0,0,0,0,0,0,0,0
128,0,1000,0,0,1000,0,1000,26,31,26,31,17,21,0,0,0,0,0,0,0,0,26,31,26,31,17,21,0,0,0,0,0,0,0,0,26,31,26,31,17,21,0,0,0,0,0,0,0,0,26,31,26,31,17,21,0,0,0,0,0,0,0,0,26,31,26,31,17,21,0,0,0,0,0,0,0,0,26,31,26,31,17,21,0,0,0,0,0,0,0,0
129,0,1000,0,0,1000,0,1000,26,31,26,31,17,21,84119,1,84119,1,0,0,0,0,26,31,26,31,17,21,84119,1,84119,1,0,0,0,0,26,31,26,31,17,21,84119,1,84119,1,0,0,0,0,26,31,26,31,17,21,84119,1,84119,1,0,0,0,0,26,31,26,31,17,21,84119,1,84119,1,0,0,0,0,26,31,26,31,17,21,84119,1,84119,1,0,0,0,0
130,0,1000,0,0,1000,0,1000,27,32,27,32,17,21,106675,98,0,0,80291,1,26384,97,27,32,27,32,17,21,106675,98,0,0,80291,1,26384,97,27,32,27,32,17,21,106675,98,0,0,80291,1,26384,97,27,32,27,32,17,21,106675,98,0,0,80291,1,26384,97,27,32,27,32,17,21,106675,98,0,0,80291,1,26384,97,27,32,27,32,17,21,106675,98,0,0,80291,1,26384,97
131,0,1000,0,0,1000,0,1000,27,32,27,32,17,21,0,0,0,0,0,0,0,0,27,32,27,32,17,21,0,0,0,0,0,0,0,0,27,32,27,32,17,21,0,0,0,0,0,0,0,0,27,32,27,32,17,21,0,0,0,0,0,0,0,0,27,32,27,32,17,21,0,0,0,0,0,0,0,0,27,32,27,32,17,21,0,0,0,0,0,0,0,0
132,0,1000,0,0,1000,0,1000,27,32,27,32,17,21,0,0,0,0,0,0,0,0,27,32,27,32,17,21,0,0,0,0,0,0,0,0,27,32,27,32,17,21,0,0,0,0,0,0,0,0,27,32,27,32,17,21,0,0,0,0,0,0,0,0,27,32,27,32,17,21,0,0,0,0,0,0,0,0,27,32,27,32,17,21,0,0,0,0,0,0,0,0
133,0,1000,0,0,1000,0,1000,27,32,27,32,17,21,0,0,0,0,0,0,0,0,27,32,27,32,17,21,0,0,0,0,0,0,0,0,27,32,27,32,17,21,0,0,0,0,0,0,0,0,27,32,27,32,17,21,0,0,0,0,0,0,0,0,27,32,27,32,17,21,0,0,0,0,0,0,0,0,27,32,27,32,17,21,0,0,0,0,0,0,0,0
134,0,1000,0,0,1000,0,1000,27,32,27,32,17,21,26656,98,0,0,0,0,26656,98,27,32,27,32,17,21,26656,98,0,0,0,0,26656,98,27,32,27,32,17,21,26656,98,0,0,0,0,26656,98,27,32,27,32,17,21,26656,98,0,0,0,0,26656,98,27,32,27,32,17,21,26656,98,0,0,0,0,26656,98,27,32,27,32,17,21,26656,98,0,0,0,0,26656,98
135,0,1000,0,0,1000,0,1000,27,32,27,32,18,23,0,0,0,0,0,0,0,0,27,32,27,32,18,23,0,0,0,0,0,0,0,0,27,32,27,32,18,23,0,0,0,0,0,0,0,0,27,32,27,32,18,23,0,0,0,0,0,0,0,0,27,32,27,32,18,23,0,0,0,0,0,0,0,0,27,32,27,32,18,23,0,0,0,0,0,0,0,0
136,0,1000,0,0,1000,0,1000,27,32,27,32,18,23,0,0,0,0,0,0,0,0,27,32,27,32,18,23,0,0,0,0,0,0,0,0,27,32,27,32,18,23,0,0,0,0,0,0,0,0,27,32,27,32,18,23,0,0,0,0,0,0,0,0,27,32,27,32,18,23,0,0,0,0,0,0,0,0,27,32,27,32,18,23,0,0,0,0,0,0,0,0
137,0,1000,0,0,1000,0,1000,27,32,27,32,18,23,334300,4,334300,4,0,0,0,0,27,32,27,32,18,23,334300,4,334300,4,0,0,0,0,27,32,27,32,18,23,334300,4,334300,4,0,0,0,0,27,32,27,32,18,23,334300,4,334300,4,0,0,0,0,27,32,27,32,18,23,334300,4,334300,4,0,0,0,0,27,32,27,32,18,23,334300,4,334300,4,0,0,0,0
138,0,1000,0,0,1000,0,1000,28,34,28,34,18,23,107219,100,0,0,80291,1,26928,99,28,34,28,34,18,23,107219,100,0,0,80291,1,26928,99,28,34,28,34,18,23,107219,100,0,0,80291,1,26928,99,28,34,28,34,18,23,107219,100,0,0,80291,1,26928,99,28,34,28,34,18,23,107219,100,0,0,80291,1,26928,99,28,34,28,34,18,23,107219,100,0,0,80291,1,26928,99
139,0,1000,0,0,1000,0,1000,28,34,28,34,19,24,0,0,0,0,0,0,0,0,28,34,28,34,19,24,0,0,0,0,0,0,0,0,28,34,28,34,19,24,0,0,0,0,0,0,0,0,28,34,28,34,19,24,0,0,0,0,0,0,0,0,28,34,28,34,19,24,0,0,0,0,0,0,0,0,28,34,28,34,19,24,0,0,0,0,0,0,0,0
140,0,1000,0,0,1000,0,1000,28,34,28,34,19,24,0,0,0,0,0,0,0,0,28,34,28,34,19,24,0,0,0,0,0,0,0,0,28,34,28,34,19,24,0,0,0,0,0,0,0,0,28,34,28,34,19,24,0,0,0,0,0,0,0,0,28,34,28,34,19,24,0,0,0,0,0,0,0,0,28,34,28,34,19,24,0,0,0,0,0,0,0,0
141,0,1000,0,0,1000,0,1000,28,34,28,34,19,24,83606,1,83606,1,0,0,0,0,28,34,28,34,19,24,83606,1,83606,1,0,0,0,0,28,34,28,34,19,24,83606,1,83606,1,0,0,0,0,28,34,28,34,19,24,83606,1,83606,1,0,0,0,0,28,34,28,34,19,24,83606,1,83606,1,0,0,0,0,28,34,28,34,19,24,83606,1,83606,1,0,0,0,0
142,0,1000,0,0,1000,0,1000,29,35,29,35,19,24,107762,102,0,0,80290,1,27472,101,29,35,29,35,19,24,107762,102,0,0,80290,1,27472,101,29,35,29,35,19,24,107762,102,0,0,80290,1,27472,101,29,35,29,35,19,24,107762,102,0,0,80290,1,27472,101,29,35,29,35,19,24,107762,102,0,0,80290,1,27472,101,29,35,29,35,19,24,107762,102,0,0,80290,1,27472,101
143,0,1000,0,0,1000,0,1000,29,35,29,35,20,25,0,0,0,0,0,0,0,0,29,35,29,35,20,25,0,0,0,0,0,0,0,0,29,35,29,35,20,25,0,0,0,0,0,0,0,0,29,35,29,35,20,25,0,0,0,0,0,0,0,0,29,35,29,35,20,25,0,0,0,0,0,0,0,0,29,35,29,35,20,25,0,0,0,0,0,0,0,0
144,0,1000,0,0,1000,0,1000,29,35,29,35,20,25,0,0,0,0,0,0,0,0,29,35,29,35,20,25,0,0,0,0,0,0,0,0,29,35,29,35,20,25,0,0,0,0,0,0,0,0,29,35,29,35,20,25,0,0,0,0,0,0,0,0,29,35,29,35,20,25,0,0,0,0,0,0,0,0,29,35,29,35,20,25,0,0,0,0,0,0,0,0
145,0,1000,0,0,1000,0,1000,29,35,29,35,20,25,0,0,0,0,0,0,0,0,29,35,29,35,20,25,0,0,0,0,0,0,0,0,29,35,29,35,20,25,0,0,0,0,0,0,0,0,29,35,29,35,20,25,0,0,0,0,0,0,0,0,29,35,29,35,20,25,0,0,0,0,0,0,0,0,29,35,29,35,20,25,0,0,0,0,0,0,0,0
146,0,1000,0,0,1000,0,1000,29,35,29,35,20,25,23664,87,0,0,0,0,23664,87,29,35,29,35,20,25,23664,87,0,0,0,0,23664,87,29,35,29,35,20,25,23664,87,0,0,0,0,23664,87,29,35,29,35,20,25,23664,87,0,0,0,0,23664,87,29,35,29,35,20,25,23664,87,0,0,0,0,23664,87,29,35,29,35,20,25,23664,87,0,0,0,0,23664,87
147,0,1000,0,0,1000,0,1000,29,35,29,35,21,26,0,0,0,0,0,0,0,0,29,35,29,35,21,26,0,0,0,0,0,0,0,0,29,35,29,35,21,26,0,0,0,0,0,0,0,0,29,35,29,35,21,26,0,0,0,0,0,0,0,0,29,35,29,35,21,26,0,0,0,0,0,0,0,0,29,35,29,35,21,26,0,0,0,0,0,0,0,0
148,0,1000,0,0,1000,0,1000,29,35,29,35,21,26,0,0,0,0,0,0,0,0,29,35,29,35,21,26,0,0,0,0,0,0,0,0,29,35,29,35,21,26,0,0,0,0,0,0,0,0,29,35,29,35,21,26,0,0,0,0,0,0,0,0,29,35,29,35,21,26,0,0,0,0,0,0,0,0,29,35,29,35,21,26,0,0,0,0,0,0,0,0
149,0,1000,0,0,1000,0,1000,29,35,29,35,21,26,83223,1,83223,1,0,0,0,0,29,35,29,35,21,26,83223,1,83223,1,0,0,0,0,29,35,29,35,21,26,83223,1,83223,1,0,0,0,0,29,35,29,35,21,26,83223,1,83223,1,0,0,0,0,29,35,29,35,21,26,83223,1,83223,1,0,0,0,0,29,35,29,35,21,26,83223,1,83223,1,0,0,0,0
150,0,1000,0,0,1000,0,1000,30,37,30,37,21,26,105043,92,0,0,80291,1,24752,91,30,37,30,37,21,26,105043,92,0,0,80291,1,24752,91,30,37,30,37,21,26,105043,92,0,0,80291,1,24752,91,30,37,30,37,21,26,105043,92,0,0,80291,1,24752,91,30,37,30,37,21,26,105043,92,0,0,80291,1,24752,91,30,37,30,37,21,26,105043,92,0,0,80291,1,24752,91
151,0,1000,0,0,1000,0,1000,30,37,30,37,22,27,0,0,0,0,0,0,0,0,30,37,30,37,22,27,0,0,0,0,0,0,0,0,30,37,30,37,22,27,0,0,0,0,0,0,0,0,30,37,30,37,22,27,0,0,0,0,0,0,0,0,30,37,30,37,22,27,0,0,0,0,0,0,0,0,30,37,30,37,22,27,0,0,0,0,0,0,0,0
152,0,1000,0,0,1000,0,1000,30,37,30,37,22,27,0,0,0,0,0,0,0,0,30,37,30,37,22,27,0,0,0,0,0,0,0,0,30,37,30,37,22,27,0,0,0,0,0,0,0,0,30,37,30,37,22,27,0,0,0,0,0,0,0,0,30,37,30,37,22,27,0,0,0,0,0,0,0,0,30,37,30,37,22,27,0,0,0,0,0,0,0,0
153,0,1000,0,0,1000,0,1000,30,37,30,37,22,27,0,0,0,0,0,0,0,0,30,37,30,37,22,27,0,0,0,0,0,0,0,0,30,37,30,37,22,27,0,0,0,0,0,0,0,0,30,37,30,37,22,27,0,0,0,0,0,0,0,0,30,37,30,37,22,27,0,0,0,0,0,0,0,0,30,37,30,37,22,27,0,0,0,0,0,0,0,0
154,0,1000,0,0,1000,0,1000,30,37,30,37,22,27,27744,102,0,0,0,0,27744,102,30,37,30,37,22,27,27744,102,0,0,0,0,27744,102,30,37,30,37,22,27,27744,102,0,0,0,0,27744,102,30,37,30,37,22,27,27744,102,0,0,0,0,27744,102,30,37,30,37,22,27,27744,102,0,0,0,0,27744,102,30,37,30,37,22,27,27744,102,0,0,0,0,27744,102
155,0,1000,0,0,1000,0,1000,30,37,30,37,23,28,0,0,0,0,0,0,0,0,30,37,30,37,23,28,0,0,0,0,0,0,0,0,30,37,30,37,23,28,0,0,0,0,0,0,0,0,30,37,30,37,23,28,0,0,0,0,0,0,0,0,30,37,30,37,23,28,0,0,0,0,0,0,0,0,30,37,30,37,23,28,0,0,0,0,0,0,0,0
156,0,1000,0,0,1000,0,1000,30,37,30,37,23,28,0,0,0,0,0,0,0,0,30,37,30,37,23,28,0,0,0,0,0,0,0,0,30,37,30,37,23,28,0,0,0,0,0,0,0,0,30,37,30,37,23,28,0,0,0,0,0,0,0,0,30,37,30,37,23,28,0,0,0,0,0,0,0,0,30,37,30,37,23,28,0,0,0,0,0,0,0,0
157,0,1000,0,0,1000,0,1000,30,37,30,37,23,28,83703,1,83703,1,0,0,0,0,30,37,30,37,23,28,83703,1,83703,1,0,0,0,0,30,37,30,37,23,28,83703,1,83703,1,0,0,0,0,30,37,30,37,23,28,83703,1,83703,1,0,0,0,0,30,37,30,37,23,28,83703,1,83703,1,0,0,0,0,30,37,30,37,23,28,83703,1,83703,1,0,0,0,0
158,0,1000,0,0,1000,0,1000,31,39,31,39,23,28,109395,108,0,0,80291,1,29104,107,31,39,31,39,23,28,109395,108,0,0,80291,1,29104,107,31,39,31,39,23,28,109395,108,0,0,80291,1,29104,107,31,39,31,39,23,28,109395,108,0,0,80291,1,29104,107,31,39,31,39,23,28,109395,108,0,0,80291,1,29104,107,31,39,31,39,23,28,109395,108,0,0,80291,1,29104,107
159,0,1000,0,0,1000,0,1000,31,39,31,39,24,29,0,0,0,0,0,0,0,0,31,39,31,39,24,29,0,0,0,0,0,0,0,0,31,39,31,39,24,29,0,0,0,0,0,0,0,0,31,39,31,39,24,29,0,0,0,0,0,0,0,0,31,39,31,39,24,29,0,0,0,0,0,0,0,0,31,39,31,39,24,29,0,0,0,0,0,0,0,0
160,0,1000,0,0,1000,0,1000,31,39,31,39,24,29,0,0,0,0,0,0,0,0,31,39,31,39,24,29,0,0,0,0,0,0,0,0,31,39,31,39,24,29,0,0,0,0,0,0,0,0,31,39,31,39,24,29,0,0,0,0,0,0,0,0,31,39,31,39,24,29,0,0,0,0,0,0,0,0,31,39,31,39,24,29,0,0,0,0,0,0,0,0
161,0,1000,0,0,1000,0,1000,31,39,31,39,24,29,0,0,0,0,0,0,0,0,31,39,31,39,24,29,0,0,0,0,0,0,0,0,31,39,31,39,24,29,0,0,0,0,0,0,0,0,31,39,31,39,24,29,0,0,0,0,0,0,0,0,31,39,31,39,24,29,0,0,0,0,0,0,0,0,31,39,31,39,24,29,0,0,0,0,0,0,0,0
162,0,1000,0,0,1000,0,1000,31,39,31,39,24,29,25024,92,0,0,0,0,25024,92,31,39,31,39,24,29,25024,92,0,0,0,0,25024,92,31,39,31,39,24,29,25024,92,0,0,0,0,25024,92,31,39,31,39,24,29,25024,92,0,0,0,0,25024,92,31,39,31,39,24,29,25024,92,0,0,0,0,25024,92,31,39,31,39,24,29,25024,92,0,0,0,0,25024,92
163,0,1000,0,0,1000,0,1000,31,39,31,39,25,30,0,0,0,0,0,0,0,0,31,39,31,39,25,30,0,0,0,0,0,0,0,0,31,39,31,39,25,30,0,0,0,0,0,0,0,0,31,39,31,39,25,30,0,0,0,0,0,0,0,0,31,39,31,39,25,30,0,0,0,0,0,0,0,0,31,39,31,39,25,30,0,0,0,0,0,0,0,0
164,0,1000,0,0,1000,0,1000,31,39,31,39,25,30,0,0,0,0,0,0,0,0,31,39,31,39,25,30,0,0,0,0,0,0,0,0,31,39,31,39,25,30,0,0,0,0,0,0,0,0,31,39,31,39,25,30,0,0,0,0,0,0,0,0,31,39,31,39,25,30,0,0,0,0,0,0,0,0,31,39,31,39,25,30,0,0,0,0,0,0,0,0
165,0,1000,0,0,1000,0,1000,31,39,31,39,25,30,250149,3,250149,3,0,0,0,0,31,39,31,39,25,30,250149,3,250149,3,0,0,0,0,31,39,31,39,25,30,250149,3,250149,3,0,0,0,0,31,39,31,39,25,30,250149,3,250149,3,0,0,0,0,31,39,31,39,25,30,250149,3,250149,3,0,0,0,0,31,39,31,39,25,30,250149,3,250149,3,0,0,0,0
166,0,1000,0,0,1000,0,1000,32,41,32,41,25,30,103139,85,0,0,80291,1,22848,84,32,41,32,41,25,30,103139,85,0,0,80291,1,22848,84,32,41,32,41,25,30,103139,85,0,0,80291,1,22848,84,32,41,32,41,25,30,103139,85,0,0,80291,1,22848,84,32,41,32,41,25,30,103139,85,0,0,80291,1,22848,84,32,41,32,41,25,30,103139,85,0,0,80291,1,22848,84
167,0,1000,0,0,1000,0,1000,32,41,32,41,26,31,0,0,0,0,0,0,0,0,32,41,32,41,26,31,0,0,0,0,0,0,0,0,32,41,32,41,26,31,0,0,0,0,0,0,0,0,32,41,32,41,26,31,0,0,0,0,0,0,0,0,32,41,32,41,26,31,0,0,0,0,0,0,0,0,32,41,32,41,26,31,0,0,0,0,0,0,0,0
168,0,1000,0,0,1000,0,1000,32,41,32,41,26,31,0,0,0,0,0,0,0,0,32,41,32,41,26,31,0,0,0,0,0,0,0,0,32,41,32,41,26,31,0,0,0,0,0,0,0,0,32,41,32,41,26,31,0,0,0,0,0,0,0,0,32,41,32,41,26,31,0,0,0,0,0,0,0,0,32,41,32,41,26,31,0,0,0,0,0,0,0,0
169,0,1000,0,0,1000,0,1000,32,41,32,41,26,31,0,0,0,0,0,0,0,0,32,41,32,41,26,31,0,0,0,0,0,0,0,0,32,41,32,41,26,31,0,0,0,0,0,0,0,0,32,41,32,41,26,31,0,0,0,0,0,0,0,0,32,41,32,41,26,31,0,0,0,0,0,0,0,0,32,41,32,41,26,31,0,0,0,0,0,0,0,0
170,0,1000,0,0,1000,0,1000,32,41,32,41,26,31,26112,96,0,0,0,0,26112,96,32,41,32,41,26,31,26112,96,0,0,0,0,26112,96,32,41,32,41,26,31,26112,96,0,0,0,0,26112,96,32,41,32,41,26,31,26112,96,0,0,0,0,26112,96,32,41,32,41,26,31,26112,96,0,0,0,0,26112,96,32,41,32,41,26,31,26112,96,0,0,0,0,26112,96
171,0,1000,0,0,1000,0,1000,32,41,32,41,27,32,0,0,0,0,0,0,0,0,32,41,32,41,27,32,0,0,0,0,0,0,0,0,32,41,32,41,27,32,0,0,0,0,0,0,0,0,32,41,32,41,27,32,0,0,0,0,0,0,0,0,32,41,32,41,27,32,0,0,0,0,0,0,0,0,32,41,32,41,27,32,0,0,0,0,0,0,0,0
172,0,1000,0,0,1000,0,1000,32,41,32,41,27,32,0,0,0,0,0,0,0,0,32,41,32,41,27,32,0,0,0,0,0,0,0,0,32,41,32,41,27,32,0,0,0,0,0,0,0,0,32,41,32,41,27,32,0,0,0,0,0,0,0,0,32,41,32,41,27,32,0,0,0,0,0,0,0,0,32,41,32,41,27,32,0,0,0,0,0,0,0,0
173,0,1000,0,0,1000,0,1000,32,41,32,41,27,32,83511,1,83511,1,0,0,0,0,32,41,32,41,27,32,83511,1,83511,1,0,0,0,0,32,41,32,41,27,32,83511,1,83511,1,0,0,0,0,32,41,32,41,27,32,83511,1,83511,1,0,0,0,0,32,41,32,41,27,32,83511,1,83511,1,0,0,0,0,32,41,32,41,27,32,83511,1,83511,1,0,0,0,0
174,0,1000,0,0,1000,0,1000,33,43,33,43,27,32,108579,105,0,0,80291,1,28288,104,33,43,33,43,27,32,108579,105,0,0,80291,1,28288,104,33,43,33,43,27,32,108579,105,0,0,80291,1,28288,104,33,43,33,43,27,32,108579,105,0,0,80291,1,28288,104,33,43,33,43,27,32,108579,105,0,0,80291,1,28288,104,33,43,33,43,27,32,108579,105,0,0,80291,1,28288,104
175,0,1000,0,0,1000,0,1000,33,43,33,43,27,32,0,0,0,0,0,0,0,0,33,43,33,43,27,32,0,0,0,0,0,0,0,0,33,43,33,43,27,32,0,0,0,0,0,0,0,0,33,43,33,43,27,32,0,0,0,0,0,0,0,0,33,43,33,43,27,32,0,0,0,0,0,0,0,0,33,43,33,43,27,32,0,0,0,0,0,0,0,0
176,0,1000,0,0,1000,0,1000,33,43,33,43,27,32,0,0,0,0,0,0,0,0,33,43,33,43,27,32,0,0,0,0,0,0,0,0,33,43,33,43,27,32,0,0,0,0,0,0,0,0,33,43,33,43,27,32,0,0,0,0,0,0,0,0,33,43,33,43,27,32,0,0,0,0,0,0,0,0,33,43,33,43,27,32,0,0,0,0,0,0,0,0
177,0,1000,0,0,1000,0,1000,33,43,33,43,27,32,0,0,0,0,0,0,0,0,33,43,33,43,27,32,0,0,0,0,0,0,0,0,33,43,33,43,27,32,0,0,0,0,0,0,0,0,33,43,33,43,27,32,0,0,0,0,0,0,0,0,33,43,33,43,27,32,0,0,0,0,0,0,0,0,33,43,33,43,27,32,0,0,0,0,0,0,0,0
178,0,1000,0,0,1000,0,1000,33,43,33,43,27,32,23936,88,0,0,0,0,23936,88,33,43,33,43,27,32,23936,88,0,0,0,0,23936,88,33,43,33,43,27,32,23936,88,0,0,0,0,23936,88,33,43,33,43,27,32,23936,88,0,0,0,0,23936,88,33,43,33,43,27,32,23936,88,0,0,0,0,23936,88,33,43,33,43,27,32,23936,88,0,0,0,0,23936,88
179,0,1000,0,0,1000,0,1000,33,43,33,43,28,34,0,0,0,0,0,0,0,0,33,43,33,43,28,34,0,0,0,0,0,0,0,0,33,43,33,43,28,34,0,0,0,0,0,0,0,0,33,43,33,43,28,34,0,0,0,0,0,0,0,0,33,43,33,43,28,34,0,0,0,0,0,0,0,0,33,43,33,43,28,34,0,0,0,0,0,0,0,0
180,0,1000,0,0,1000,0,1000,33,43,33,43,28,34,0,0,0,0,0,0,0,0,33,43,33,43,28,34,0,0,0,0,0,0,0,0,33,43,33,43,28,34,0,0,0,0,0,0,0,0,33,43,33,43,28,34,0,0,0,0,0,0,0,0,33,43,33,43,28,34,0,0,0,0,0,0,0,0,33,43,33,43,28,34,0,0,0,0,0,0,0,0
181,0,1000,0,0,1000,0,1000,33,43,33,43,28,34,0,0,0,0,0,0,0,0,33,43,33,43,28,34,0,0,0,0,0,0,0,0,33,43,33,43,28,34,0,0,0,0,0,0,0,0,33,43,33,43,28,34,0,0,0,0,0,0,0,0,33,43,33,43,28,34,0,0,0,0,0,0,0,0,33,43,33,43,28,34,0,0,0,0,0,0,0,0
182,0,1000,0,0,1000,0,1000,33,43,33,43,28,34,27744,102,0,0,0,0,27744,102,33,43,33,43,28,34,27744,102,0,0,0,0,27744,102,33,43,33,43,28,34,27744,102,0,0,0,0,27744,102,33,43,33,43,28,34,27744,102,0,0,0,0,27744,102,33,43,33,43,28,34,27744,102,0,0,0,0,27744,102,33,43,33,43,28,34,27744,102,0,0,0,0,27744,102
183,0,1000,0,0,1000,0,1000,33,43,33,43,29,35,0,0,0,0,0,0,0,0,33,43,33,43,29,35,0,0,0,0,0,0,0,0,33,43,33,43,29,35,0,0,0,0,0,0,0,0,33,43,33,43,29,35,0,0,0,0,0,0,0,0,33,43,33,43,29,35,0,0,0,0,0,0,0,0,33,43,33,43,29,35,0,0,0,0,0,0,0,0
184,0,1000,0,0,1000,0,1000,33,43,33,43,29,35,0,0,0,0,0,0,0,0,33,43,33,43,29,35,0,0,0,0,0,0,0,0,33,43,33,43,29,35,0,0,0,0,0,0,0,0,33,43,33,43,29,35,0,0,0,0,0,0,0,0,33,43,33,43,29,35,0,0,0,0,0,0,0,0,33,43,33,43,29,35,0,0,0,0,0,0,0,0
185,0,1000,0,0,1000,0,1000,33,43,33,43,29,35,0,0,0,0,0,0,0,0,33,43,33,43,29,35,0,0,0,0,0,0,0,0,33,43,33,43,29,35,0,0,0,0,0,0,0,0,33,43,33,43,29,35,0,0,0,0,0,0,0,0,33,43,33,43,29,35,0,0,0,0,0,0,0,0,33,43,33,43,29,35,0,0,0,0,0,0,0,0
186,0,1000,0,0,1000,0,1000,33,43,33,43,29,35,26928,99,0,0,0,0,26928,99,33,43,33,43,29,35,26928,99,0,0,0,0,26928,99,33,43,33,43,29,35,26928,99,0,0,0,0,26928,99,33,43,33,43,29,35,26928,99,0,0,0,0,26928,99,33,43,33,43,29,35,26928,99,0,0,0,0,26928,99,33,43,33,43,29,35,26928,99,0,0,0,0,26928,99
187,0,1000,0,0,1000,0,1000,33,43,33,43,29,35,0,0,0,0,0,0,0,0,33,43,33,43,29,35,0,0,0,0,0,0,0,0,33,43,33,43,29,35,0,0,0,0,0,0,0,0,33,43,33,43,29,35,0,0,0,0,0,0,0,0,33,43,33,43,29,35,0,0,0,0,0,0,0,0,33,43,33,43,29,35,0,0,0,0,0,0,0,0
188,0,1000,0,0,1000,0,1000,33,43,33,43,29,35,0,0,0,0,0,0,0,0,33,43,33,43,29,35,0,0,0,0,0,0,0,0,33,43,33,43,29,35,0,0,0,0,0,0,0,0,33,43,33,43,29,35,0,0,0,0,0,0,0,0,33,43,33,43,29,35,0,0,0,0,0,0,0,0,33,43,33,43,29,35,0,0,0,0,0,0,0,0
189,0,1000,0,0,1000,0,1000,33,43,33,43,29,35,83607,1,83607,1,0,0,0,0,33,43,33,43,29,35,83607,1,83607,1,0,0,0,0,33,43,33,43,29,35,83607,1,83607,1,0,0,0,0,33,43,33,43,29,35,83607,1,83607,1,0,0,0,0,33,43,33,43,29,35,83607,1,83607,1,0,0,0,0,33,43,33,43,29,35,83607,1,83607,1,0,0,0,0
190,0,1000,0,0,1000,0,1000,34,47,34,47,29,35,105043,92,0,0,80291,1,24752,91,34,47,34,47,29,35,105043,92,0,0,80291,1,24752,91,34,47,34,47,29,35,105043,92,0,0,80291,1,24752,91,34,47,34,47,29,35,105043,92,0,0,80291,1,24752,91,34,47,34,47,29,35,105043,92,0,0,80291,1,24752,91,34,47,34,47,29,35,105043,92,0,0,80291,1,24752,91
191,0,1000,0,0,1000,0,1000,34,47,34,47,30,37,0,0,0,0,0,0,0,0,34,47,34,47,30,37,0,0,0,0,0,0,0,0,34,47,34,47,30,37,0,0,0,0,0,0,0,0,34,47,34,47,30,37,0,0,0,0,0,0,0,0,34,47,34,47,30,37,0,0,0,0,0,0,0,0,34,47,34,47,30,37,0,0,0,0,0,0,0,0
192,0,1000,0,0,1000,0,1000,34,47,34,47,30,37,0,0,0,0,0,0,0,0,34,47,34,47,30,37,0,0,0,0,0,0,0,0,34,47,34,47,30,37,0,0,0,0,0,0,0,0,34,47,34,47,30,37,0,0,0,0,0,0,0,0,34,47,34,47,30,37,0,0,0,0,0,0,0,0,34,47,34,47,30,37,0,0,0,0,0,0,0,0
193,0,1000,0,0,1000,0,1000,34,47,34,47,30,37,0,0,0,0,0,0,0,0,34,47,34,47,30,37,0,0,0,0,0,0,0,0,34,47,34,47,30,37,0,0,0,0,0,0,0,0,34,47,34,47,30,37,0,0,0,0,0,0,0,0,34,47,34,47,30,37,0,0,0,0,0,0,0,0,34,47,34,47,30,37,0,0,0,0,0,0,0,0
194,0,1000,0,0,1000,0,1000,34,47,34,47,30,37,28560,105,0,0,0,0,28560,105,34,47,34,47,30,37,28560,105,0,0,0,0,28560,105,34,47,34,47,30,37,28560,105,0,0,0,0,28560,105,34,47,34,47,30,37,28560,105,0,0,0,0,28560,105,34,47,34,47,30,37,28560,105,0,0,0,0,28560,105,34,47,34,47,30,37,28560,105,0,0,0,0,28560,105
195,0,1000,0,0,1000,0,1000,34,47,34,47,30,37,0,0,0,0,0,0,0,0,34,47,34,47,30,37,0,0,0,0,0,0,0,0,34,47,34,47,30,37,0,0,0,0,0,0,0,0,34,47,34,47,30,37,0,0,0,0,0,0,0,0,34,47,34,47,30,37,0,0,0,0,0,0,0,0,34,47,34,47,30,37,0,0,0,0,0,0,0,0
196,0,1000,0,0,1000,0,1000,34,47,34,47,30,37,0,0,0,0,0,0,0,0,34,47,34,47,30,37,0,0,0,0,0,0,0,0,34,47,34,47,30,37,0,0,0,0,0,0,0,0,34,47,34,47,30,37,0,0,0,0,0,0,0,0,34,47,34,47,30,37,0,0,0,0,0,0,0,0,34,47,34,47,30,37,0,0,0,0,0,0,0,0
197,0,1000,0,0,1000,0,1000,34,47,34,47,30,37,167597,2,167597,2,0,0,0,0,34,47,34,47,30,37,167597,2,167597,2,0,0,0,0,34,47,34,47,30,37,167597,2,167597,2,0,0,0,0,34,47,34,47,30,37,167597,2,167597,2,0,0,0,0,34,47,34,47,30,37,167597,2,167597,2,0,0,0,0,34,47,34,47,30,37,167597,2,167597,2,0,0,0,0
198,0,1000,0,0,1000,0,1000,35,49,35,49,30,37,105587,94,0,0,80291,1,25296,93,35,49,35,49,30,37,105587,94,0,0,80291,1,25296,93,35,49,35,49,30,37,105587,94,0,0,80291,1,25296,93,35,49,35,49,30,37,105587,94,0,0,80291,1,25296,93,35,49,35,49,30,37,105587,94,0,0,80291,1,25296,93,35,49,35,49,30,37,105587,94,0,0,80291,1,25296,93
199,0,1000,0,0,1000,0,1000,35,49,35,49,31,39,0,0,0,0,0,0,0,0,35,49,35,49,31,39,0,0,0,0,0,0,0,0,35,49,35,49,31,39,0,0,0,0,0,0,0,0,35,49,35,49,31,39,0,0,0,0,0,0,0,0,35,49,35,49,31,39,0,0,0,0,0,0,0,0,35,49,35,49,31,39,0,0,0,0,0,0,0,0
200,0,1000,0,0,1000,0,1000,35,49,35,49,31,39,0,0,0,0,0,0,0,0,35,49,35,49,31,39,0,0,0,0,0,0,0,0,35,49,35,49,31,39,0,0,0,0,0,0,0,0,35,49,35,49,31,39,0,0,0,0,0,0,0,0,35,49,35,49,31,39,0,0,0,0,0,0,0,0,35,49,35,49,31,39,0,0,0,0,0,0,0,0
201,0,1000,0,0,1000,0,1000,35,49,35,49,31,39,83414,1,83414,1,0,0,0,0,35,49,35,49,31,39,83414,1,83414,1,0,0,0,0,35,49,35,49,31,39,83414,1,83414,1,0,0,0,0,35,49,35,49,31,39,83414,1,83414,1,0,0,0,0,35,49,35,49,31,39,83414,1,83414,1,0,0,0,0,35,49,35,49,31,39,83414,1,83414,1,0,0,0,0
202,0,1000,0,0,1000,0,1000,36,50,36,50,31,39,106674,98,0,0,80290,1,26384,97,36,50,36,50,31,39,106674,98,0,0,80290,1,26384,97,36,50,36,50,31,39,106674,98,0,0,80290,1,26384,97,36,50,36,50,31,39,106674,98,0,0,80290,1,26384,97,36,50,36,50,31,39,106674,98,0,0,80290,1,26384,97,36,50,36,50,31,39,106674,98,0,0,80290,1,26384,97
203,0,1000,0,0,1000,0,1000,36,50,36,50,31,39,0,0,0,0,0,0,0,0,36,50,36,50,31,39,0,0,0,0,0,0,0,0,36,50,36,50,31,39,0,0,0,0,0,0,0,0,36,50,36,50,31,39,0,0,0,0,0,0,0,0,36,50,36,50,31,39,0,0,0,0,0,0,0,0,36,50,36,50,31,39,0,0,0,0,0,0,0,0
204,0,1000,0,0,1000,0,1000,36,50,36,50,31,39,0,0,0,0,0,0,0,0,36,50,36,50,31,39,0,0,0,0,0,0,0,0,36,50,36,50,31,39,0,0,0,0,0,0,0,0,36,50,36,50,31,39,0,0,0,0,0,0,0,0,36,50,36,50,31,39,0,0,0,0,0,0,0,0,36,50,36,50,31,39,0,0,0,0,0,0,0,0
205,0,1000,0,0,1000,0,1000,36,50,36,50,31,39,0,0,0,0,0,0,0,0,36,50,36,50,31,39,0,0,0,0,0,0,0,0,36,50,36,50,31,39,0,0,0,0,0,0,0,0,36,50,36,50,31,39,0,0,0,0,0,0,0,0,36,50,36,50,31,39,0,0,0,0,0,0,0,0,36,50,36,50,31,39,0,0,0,0,0,0,0,0
206,0,1000,0,0,1000,0,1000,36,50,36,50,31,39,28832,106,0,0,0,0,28832,106,36,50,36,50,31,39,28832,106,0,0,0,0,28832,106,36,50,36,50,31,39,28832,106,0,0,0,0,28832,106,36,50,36,50,31,39,28832,106,0,0,0,0,28832,106,36,50,36,50,31,39,28832,106,0,0,0,0,28832,106,36,50,36,50,31,39,28832,106,0,0,0,0,28832,106
207,0,1000,0,0,1000,0,1000,36,50,36,50,32,41,0,0,0,0,0,0,0,0,36,50,36,50,32,41,0,0,0,0,0,0,0,0,36,50,36,50,32,41,0,0,0,0,0,0,0,0,36,50,36,50,32,41,0,0,0,0,0,0,0,0,36,50,36,50,32,41,0,0,0,0,0,0,0,0,36,50,36,50,32,41,0,0,0,0,0,0,0,0
208,0,1000,0,0,1000,0,1000,36,50,36,50,32,41,0,0,0,0,0,0,0,0,36,50,36,50,32,41,0,0,0,0,0,0,0,0,36,50,36,50,32,41,0,0,0,0,0,0,0,0,36,50,36,50,32,41,0,0,0,0,0,0,0,0,36,50,36,50,32,41,0,0,0,0,0,0,0,0,36,50,36,50,32,41,0,0,0,0,0,0,0,0
209,0,1000,0,0,1000,0,1000,36,50,36,50,32,41,83831,1,83831,1,0,0,0,0,36,50,36,50,32,41,83831,1,83831,1,0,0,0,0,36,50,36,50,32,41,83831,1,83831,1,0,0,0,0,36,50,36,50,32,41,83831,1,83831,1,0,0,0,0,36,50,36,50,32,41,83831,1,83831,1,0,0,0,0,36,50,36,50,32,41,83831,1,83831,1,0,0,0,0
210,0,1000,0,0,1000,0,1000,37,52,37,52,32,41,108035,103,0,0,80291,1,27744,102,37,52,37,52,32,41,108035,103,0,0,80291,1,27744,102,37,52,37,52,32,41,108035,103,0,0,80291,1,27744,102,37,52,37,52,32,41,108035,103,0,0,80291,1,27744,102,37,52,37,52,32,41,108035,103,0,0,80291,1,27744,102,37,52,37,52,32,41,108035,103,0,0,80291,1,27744,102
211,0,1000,0,0,1000,0,1000,37,52,37,52,32,41,0,0,0,0,0,0,0,0,37,52,37,52,32,41,0,0,0,0,0,0,0,0,37,52,37,52,32,41,0,0,0,0,0,0,0,0,37,52,37,52,32,41,0,0,0,0,0,0,0,0,37,52,37,52,32,41,0,0,0,0,0,0,0,0,37,52,37,52,32,41,0,0,0,0,0,0,0,0
212,0,1000,0,0,1000,0,1000,37,52,37,52,32,41,0,0,0,0,0,0,0,0,37,52,37,52,32,41,0,0,0,0,0,0,0,0,37,52,37,52,32,41,0,0,0,0,0,0,0,0,37,52,37,52,32,41,0,0,0,0,0,0,0,0,37,52,37,52,32,41,0,0,0,0,0,0,0,0,37,52,37,52,32,41,0,0,0,0,0,0,0,0
213,0,1000,0,0,1000,0,1000,37,52,37,52,32,41,167406,2,167406,2,0,0,0,0,37,52,37,52,32,41,167406,2,167406,2,0,0,0,0,37,52,37,52,32,41,167406,2,167406,2,0,0,0,0,37,52,37,52,32,41,167406,2,167406,2,0,0,0,0,37,52,37,52,32,41,167406,2,167406,2,0,0,0,0,37,52,37,52,32,41,167406,2,167406,2,0,0,0,0
214,0,1000,0,0,1000,0,1000,38,53,38,53,32,41,105859,95,0,0,80291,1,25568,94,38,53,38,53,32,41,105859,95,0,0,80291,1,25568,94,38,53,38,53,32,41,105859,95,0,0,80291,1,25568,94,38,53,38,53,32,41,105859,95,0,0,80291,1,25568,94,38,53,38,53,32,41,105859,95,0,0,80291,1,25568,94,38,53,38,53,32,41,105859,95,0,0,80291,1,25568,94
215,0,1000,0,0,1000,0,1000,38,53,38,53,33,43,0,0,0,0,0,0,0,0,38,53,38,53,33,43,0,0,0,0,0,0,0,0,38,53,38,53,33,43,0,0,0,0,0,0,0,0,38,53,38,53,33,43,0,0,0,0,0,0,0,0,38,53,38,53,33,43,0,0,0,0,0,0,0,0,38,53,38,53,33,43,0,0,0,0,0,0,0,0
216,0,1000,0,0,1000,0,1000,38,53,38,53,33,43,0,0,0,0,0,0,0,0,38,53,38,53,33,43,0,0,0,0,0,0,0,0,38,53,38,53,33,43,0,0,0,0,0,0,0,0,38,53,38,53,33,43,0,0,0,0,0,0,0,0,38,53,38,53,33,43,0,0,0,0,0,0,0,0,38,53,38,53,33,43,0,0,0,0,0,0,0,0
217,0,1000,0,0,1000,0,1000,38,53,38,53,33,43,83447,1,83447,1,0,0,0,0,38,53,38,53,33,43,83447,1,83447,1,0,0,0,0,38,53,38,53,33,43,83447,1,83447,1,0,0,0,0,38,53,38,53,33,43,83447,1,83447,1,0,0,0,0,38,53,38,53,33,43,83447,1,83447,1,0,0,0,0,38,53,38,53,33,43,83447,1,83447,1,0,0,0,0
218,0,1000,0,0,1000,0,1000,39,54,39,54,33,43,104499,90,0,0,80291,1,24208,89,39,54,39,54,33,43,104499,90,0,0,80291,1,24208,89,39,54,39,54,33,43,104499,90,0,0,80291,1,24208,89,39,54,39,54,33,43,104499,90,0,0,80291,1,24208,89,39,54,39,54,33,43,104499,90,0,0,80291,1,24208,89,39,54,39,54,33,43,104499,90,0,0,80291,1,24208,89
219,0,1000,0,0,1000,0,1000,39,54,39,54,33,43,0,0,0,0,0,0,0,0,39,54,39,54,33,43,0,0,0,0,0,0,0,0,39,54,39,54,33,43,0,0,0,0,0,0,0,0,39,54,39,54,33,43,0,0,0,0,0,0,0,0,39,54,39,54,33,43,0,0,0,0,0,0,0,0,39,54,39,54,33,43,0,0,0,0,0,0,0,0
220,0,1000,0,0,1000,0,1000,39,54,39,54,33,43,0,0,0,0,0,0,0,0,39,54,39,54,33,43,0,0,0,0,0,0,0,0,39,54,39,54,33,43,0,0,0,0,0,0,0,0,39,54,39,54,33,43,0,0,0,0,0,0,0,0,39,54,39,54,33,43,0,0,0,0,0,0,0,0,39,54,39,54,33,43,0,0,0,0,0,0,0,0
221,0,1000,0,0,1000,0,1000,39,54,39,54,33,43,166574,2,166574,2,0,0,0,0,39,54,39,54,33,43,166574,2,166574,2,0,0,0,0,39,54,39,54,33,43,166574,2,166574,2,0,0,0,0,39,54,39,54,33,43,166574,2,166574,2,0,0,0,0,39,54,39,54,33,43,166574,2,166574,2,0,0,0,0,39,54,39,54,33,43,166574,2,166574,2,0,0,0,0
222,0,1000,0,0,1000,0,1000,40,55,40,55,33,43,109395,108,0,0,80291,1,29104,107,40,55,40,55,33,43,109395,108,0,0,80291,1,29104,107,40,55,40,55,33,43,109395,108,0,0,80291,1,29104,107,40,55,40,55,33,43,109395,108,0,0,80291,1,29104,107,40,55,40,55,33,43,109395,108,0,0,80291,1,29104,107,40,55,40,55,33,43,109395,108,0,0,80291,1,29104,107
223,0,1000,0,0,1000,0,1000,40,55,40,55,33,43,0,0,0,0,0,0,0,0,40,55,40,55,33,43,0,0,0,0,0,0,0,0,40,55,40,55,33,43,0,0,0,0,0,0,0,0,40,55,40,55,33,43,0,0,0,0,0,0,0,0,40,55,40,55,33,43,0,0,0,0,0,0,0,0,40,55,40,55,33,43,0,0,0,0,0,0,0,0
224,0,1000,0,0,1000,0,1000,40,55,40,55,33,43,0,0,0,0,0,0,0,0,40,55,40,55,33,43,0,0,0,0,0,0,0,0,40,55,40,55,33,43,0,0,0,0,0,0,0,0,40,55,40,55,33,43,0,0,0,0,0,0,0,0,40,55,40,55,33,43,0,0,0,0,0,0,0,0,40,55,40,55,33,43,0,0,0,0,0,0,0,0
225,0,1000,0,0,1000,0,1000,40,55,40,55,33,43,83863,1,83863,1,0,0,0,0,40,55,40,55,33,43,83863,1,83863,1,0,0,0,0,40,55,40,55,33,43,83863,1,83863,1,0,0,0,0,40,55,40,55,33,43,83863,1,83863,1,0,0,0,0,40,55,40,55,33,43,83863,1,83863,1,0,0,0,0,40,55,40,55,33,43,83863,1,83863,1,0,0,0,0
226,0,1000,0,0,1000,0,1000,41,56,41,56,33,43,108035,103,0,0,80291,1,27744,102,41,56,41,56,33,43,108035,103,0,0,80291,1,27744,102,41,56,41,56,33,43,108035,103,0,0,80291,1,27744,102,41,56,41,56,33,43,108035,103,0,0,80291,1,27744,102,41,56,41,56,33,43,108035,103,0,0,80291,1,27744,102,41,56,41,56,33,43,108035,103,0,0,80291,1,27744,102
227,0,1000,0,0,1000,0,1000,41,56,41,56,33,43,0,0,0,0,0,0,0,0,41,56,41,56,33,43,0,0,0,0,0,0,0,0,41,56,41,56,33,43,0,0,0,0,0,0,0,0,41,56,41,56,33,43,0,0,0,0,0,0,0,0,41,56,41,56,33,43,0,0,0,0,0,0,0,0,41,56,41,56,33,43,0,0,0,0,0,0,0,0
228,0,1000,0,0,1000,0,1000,41,56,41,56,33,43,0,0,0,0,0,0,0,0,41,56,41,56,33,43,0,0,0,0,0,0,0,0,41,56,41,56,33,43,0,0,0,0,0,0,0,0,41,56,41,56,33,43,0,0,0,0,0,0,0,0,41,56,41,56,33,43,0,0,0,0,0,0,0,0,41,56,41,56,33,43,0,0,0,0,0,0,0,0
229,0,1000,0,0,1000,0,1000,41,56,41,56,33,43,83703,1,83703,1,0,0,0,0,41,56,41,56,33,43,83703,1,83703,1,0,0,0,0,41,56,41,56,33,43,83703,1,83703,1,0,0,0,0,41,56,41,56,33,43,83703,1,83703,1,0,0,0,0,41,56,41,56,33,43,83703,1,83703,1,0,0,0,0,41,56,41,56,33,43,83703,1,83703,1,0,0,0,0
230,0,1000,0,0,1000,0,1000,42,57,42,57,33,43,104499,90,0,0,80291,1,24208,89,42,57,42,57,33,43,104499,90,0,0,80291,1,24208,89,42,57,42,57,33,43,104499,90,0,0,80291,1,24208,89,42,57,42,57,33,43,104499,90,0,0,80291,1,24208,89,42,57,42,57,33,43,104499,90,0,0,80291,1,24208,89,42,57,42,57,33,43,104499,90,0,0,80291,1,24208,89
231,0,1000,0,0,1000,0,1000,42,57,42,57,34,47,0,0,0,0,0,0,0,0,42,57,42,57,34,47,0,0,0,0,0,0,0,0,42,57,42,57,34,47,0,0,0,0,0,0,0,0,42,57,42,57,34,47,0,0,0,0,0,0,0,0,42,57,42,57,34,47,0,0,0,0,0,0,0,0,42,57,42,57,34,47,0,0,0,0,0,0,0,0
232,0,1000,0,0,1000,0,1000,42,57,42,57,34,47,0,0,0,0,0,0,0,0,42,57,42,57,34,47,0,0,0,0,0,0,0,0,42,57,42,57,34,47,0,0,0,0,0,0,0,0,42,57,42,57,34,47,0,0,0,0,0,0,0,0,42,57,42,57,34,47,0,0,0,0,0,0,0,0,42,57,42,57,34,47,0,0,0,0,0,0,0,0
233,0,1000,0,0,1000,0,1000,42,57,42,57,34,47,83287,1,83287,1,0,0,0,0,42,57,42,57,34,47,83287,1,83287,1,0,0,0,0,42,57,42,57,34,47,83287,1,83287,1,0,0,0,0,42,57,42,57,34,47,83287,1,83287,1,0,0,0,0,42,57,42,57,34,47,83287,1,83287,1,0,0,0,0,42,57,42,57,34,47,83287,1,83287,1,0,0,0,0
234,0,1000,0,0,1000,0,1000,43,58,43,58,34,47,101235,78,0,0,80291,1,20944,77,43,58,43,58,34,47,101235,78,0,0,80291,1,20944,77,43,58,43,58,34,47,101235,78,0,0,80291,1,20944,77,43,58,43,58,34,47,101235,78,0,0,80291,1,20944,77,43,58,43,58,34,47,101235,78,0,0,80291,1,20944,77,43,58,43,58,34,47,101235,78,0,0,80291,1,20944,77
235,0,1000,0,0,1000,0,1000,43,58,43,58,34,47,0,0,0,0,0,0,0,0,43,58,43,58,34,47,0,0,0,0,0,0,0,0,43,58,43,58,34,47,0,0,0,0,0,0,0,0,43,58,43,58,34,47,0,0,0,0,0,0,0,0,43,58,43,58,34,47,0,0,0,0,0,0,0,0,43,58,43,58,34,47,0,0,0,0,0,0,0,0
236,0,1000,0,0,1000,0,1000,43,58,43,58,34,47,0,0,0,0,0,0,0,0,43,58,43,58,34,47,0,0,0,0,0,0,0,0,43,58,43,58,34,47,0,0,0,0,0,0,0,0,43,58,43,58,34,47,0,0,0,0,0,0,0,0,43,58,43,58,34,47,0,0,0,0,0,0,0,0,43,58,43,58,34,47,0,0,0,0,0,0,0,0
237,0,1000,0,0,1000,0,1000,43,58,43,58,34,47,0,0,0,0,0,0,0,0,43,58,43,58,34,47,0,0,0,0,0,0,0,0,43,58,43,58,34,47,0,0,0,0,0,0,0,0,43,58,43,58,34,47,0,0,0,0,0,0,0,0,43,58,43,58,34,47,0,0,0,0,0,0,0,0,43,58,43,58,34,47,0,0,0,0,0,0,0,0
238,0,1000,0,0,1000,0,1000,43,58,43,58,34,47,24752,91,0,0,0,0,24752,91,43,58,43,58,34,47,24752,91,0,0,0,0,24752,91,43,58,43,58,34,47,24752,91,0,0,0,0,24752,91,43,58,43,58,34,47,24752,91,0,0,0,0,24752,91,43,58,43,58,34,47,24752,91,0,0,0,0,24752,91,43,58,43,58,34,47,24752,91,0,0,0,0,24752,91
239,0,1000,0,0,1000,0,1000,43,58,43,58,35,49,0,0,0,0,0,0,0,0,43,58,43,58,35,49,0,0,0,0,0,0,0,0,43,58,43,58,35,49,0,0,0,0,0,0,0,0,43,58,43,58,35,49,0,0,0,0,0,0,0,0,43,58,43,58,35,49,0,0,0,0,0,0,0,0,43,58,43,58,35,49,0,0,0,0,0,0,0,0
240,0,1000,0,0,1000,0,1000,43,58,43,58,35,49,0,0,0,0,0,0,0,0,43,58,43,58,35,49,0,0,0,0,0,0,0,0,43,58,43,58,35,49,0,0,0,0,0,0,0,0,43,58,43,58,35,49,0,0,0,0,0,0,0,0,43,58,43,58,35,49,0,0,0,0,0,0,0,0,43,58,43,58,35,49,0,0,0,0,0,0,0,0
241,0,1000,0,0,1000,0,1000,43,58,43,58,35,49,83351,1,83351,1,0,0,0,0,43,58,43,58,35,49,83351,1,83351,1,0,0,0,0,43,58,43,58,35,49,83351,1,83351,1,0,0,0,0,43,58,43,58,35,49,83351,1,83351,1,0,0,0,0,43,58,43,58,35,49,83351,1,83351,1,0,0,0,0,43,58,43,58,35,49,83351,1,83351,1,0,0,0,0
242,0,1000,0,0,1000,0,1000,44,60,44,60,35,49,105315,93,0,0,80291,1,25024,92,44,60,44,60,35,49,105315,93,0,0,80291,1,25024,92,44,60,44,60,35,49,105315,93,0,0,80291,1,25024,92,44,60,44,60,35,49,105315,93,0,0,80291,1,25024,92,44,60,44,60,35,49,105315,93,0,0,80291,1,25024,92,44,60,44,60,35,49,105315,93,0,0,80291,1,25024,92
243,0,1000,0,0,1000,0,1000,44,60,44,60,36,50,0,0,0,0,0,0,0,0,44,60,44,60,36,50,0,0,0,0,0,0,0,0,44,60,44,60,36,50,0,0,0,0,0,0,0,0,44,60,44,60,36,50,0,0,0,0,0,0,0,0,44,60,44,60,36,50,0,0,0,0,0,0,0,0,44,60,44,60,36,50,0,0,0,0,0,0,0,0
244,0,1000,0,0,1000,0,1000,44,60,44,60,36,50,0,0,0,0,0,0,0,0,44,60,44,60,36,50,0,0,0,0,0,0,0,0,44,60,44,60,36,50,0,0,0,0,0,0,0,0,44,60,44,60,36,50,0,0,0,0,0,0,0,0,44,60,44,60,36,50,0,0,0,0,0,0,0,0,44,60,44,60,36,50,0,0,0,0,0,0,0,0
245,0,1000,0,0,1000,0,1000,44,60,44,60,36,50,0,0,0,0,0,0,0,0,44,60,44,60,36,50,0,0,0,0,0,0,0,0,44,60,44,60,36,50,0,0,0,0,0,0,0,0,44,60,44,60,36,50,0,0,0,0,0,0,0,0,44,60,44,60,36,50,0,0,0,0,0,0,0,0,44,60,44,60,36,50,0,0,0,0,0,0,0,0
246,0,1000,0,0,1000,0,1000,44,60,44,60,36,50,24208,89,0,0,0,0,24208,89,44,60,44,60,36,50,24208,89,0,0,0,0,24208,89,44,60,44,60,36,50,24208,89,0,0,0,0,24208,89,44,60,44,60,36,50,24208,89,0,0,0,0,24208,89,44,60,44,60,36,50,24208,89,0,0,0,0,24208,89,44,60,44,60,36,50,24208,89,0,0,0,0,24208,89
247,0,1000,0,0,1000,0,1000,44,60,44,60,36,50,0,0,0,0,0,0,0,0,44,60,44,60,36,50,0,0,0,0,0,0,0,0,44,60,44,60,36,50,0,0,0,0,0,0,0,0,44,60,44,60,36,50,0,0,0,0,0,0,0,0,44,60,44,60,36,50,0,0,0,0,0,0,0,0,44,60,44,60,36,50,0,0,0,0,0,0,0,0
248,0,1000,0,0,1000,0,1000,44,60,44,60,36,50,0,0,0,0,0,0,0,0,44,60,44,60,36,50,0,0,0,0,0,0,0,0,44,60,44,60,36,50,0,0,0,0,0,0,0,0,44,60,44,60,36,50,0,0,0,0,0,0,0,0,44,60,44,60,36,50,0,0,0,0,0,0,0,0,44,60,44,60,36,50,0,0,0,0,0,0,0,0
249,0,1000,0,0,1000,0,1000,44,60,44,60,36,50,83287,1,83287,1,0,0,0,0,44,60,44,60,36,50,83287,1,83287,1,0,0,0,0,44,60,44,60,36,50,83287,1,83287,1,0,0,0,0,44,60,44,60,36,50,83287,1,83287,1,0,0,0,0,44,60,44,60,36,50,83287,1,83287,1,0,0,0,0,44,60,44,60,36,50,83287,1,83287,1,0,0,0,0
250,0,1000,0,0,1000,0,1000,45,62,45,62,36,50,107219,100,0,0,80291,1,26928,99,45,62,45,62,36,50,107219,100,0,0,80291,1,26928,99,45,62,45,62,36,50,107219,100,0,0,80291,1,26928,99,45,62,45,62,36,50,107219,100,0,0,80291,1,26928,99,45,62,45,62,36,50,107219,100,0,0,80291,1,26928,99,45,62,45,62,36,50,107219,100,0,0,80291,1,26928,99
251,0,1000,0,0,1000,0,1000,45,62,45,62,37,52,0,0,0,0,0,0,0,0,45,62,45,62,37,52,0,0,0,0,0,0,0,0,45,62,45,62,37,52,0,0,0,0,0,0,0,0,45,62,45,62,37,52,0,0,0,0,0,0,0,0,45,62,45,62,37,52,0,0,0,0,0,0,0,0,45,62,45,62,37,52,0,0,0,0,0,0,0,0
252,0,1000,0,0,1000,0,1000,45,62,45,62,37,52,0,0,0,0,0,0,0,0,45,62,45,62,37,52,0,0,0,0,0,0,0,0,45,62,45,62,37,52,0,0,0,0,0,0,0,0,45,62,45,62,37,52,0,0,0,0,0,0,0,0,45,62,45,62,37,52,0,0,0,0,0,0,0,0,45,62,45,62,37,52,0,0,0,0,0,0,0,0
253,0,1000,0,0,1000,0,1000,45,62,45,62,37,52,167214,2,167214,2,0,0,0,0,45,62,45,62,37,52,167214,2,167214,2,0,0,0,0,45,62,45,62,37,52,167214,2,167214,2,0,0,0,0,45,62,45,62,37,52,167214,2,167214,2,0,0,0,0,45,62,45,62,37,52,167214,2,167214,2,0,0,0,0,45,62,45,62,37,52,167214,2,167214,2,0,0,0,0
254,0,1000,0,0,1000,0,1000,46,63,46,63,37,52,112659,120,0,0,80291,1,32368,119,46,63,46,63,37,52,112659,120,0,0,80291,1,32368,119,46,63,46,63,37,52,112659,120,0,0,80291,1,32368,119,46,63,46,63,37,52,112659,120,0,0,80291,1,32368,119,46,63,46,63,37,52,112659,120,0,0,80291,1,32368,119,46,63,46,63,37,52,112659,120,0,0,80291,1,32368,119
255,0,1000,0,0,1000,0,1000,46,63,46,63,38,53,0,0,0,0,0,0,0,0,46,63,46,63,38,53,0,0,0,0,0,0,0,0,46,63,46,63,38,53,0,0,0,0,0,0,0,0,46,63,46,63,38,53,0,0,0,0,0,0,0,0,46,63,46,63,38,53,0,0,0,0,0,0,0,0,46,63,46,63,38,53,0,0,0,0,0,0,0,0
256,0,1000,0,0,1000,0,1000,46,63,46,63,38,53,0,0,0,0,0,0,0,0,46,63,46,63,38,53,0,0,0,0,0,0,0,0,46,63,46,63,38,53,0,0,0,0,0,0,0,0,46,63,46,63,38,53,0,0,0,0,0,0,0,0,46,63,46,63,38,53,0,0,0,0,0,0,0,0,46,63,46,63,38,53,0,0,0,0,0,0,0,0
257,0,1000,0,0,1000,0,1000,46,63,46,63,38,53,84247,1,84247,1,0,0,0,0,46,63,46,63,38,53,84247,1,84247,1,0,0,0,0,46,63,46,63,38,53,84247,1,84247,1,0,0,0,0,46,63,46,63,38,53,84247,1,84247,1,0,0,0,0,46,63,46,63,38,53,84247,1,84247,1,0,0,0,0,46,63,46,63,38,53,84247,1,84247,1,0,0,0,0
258,0,1000,0,0,1000,0,1000,47,64,47,64,38,53,104771,91,0,0,80291,1,24480,90,47,64,47,64,38,53,104771,91,0,0,80291,1,24480,90,47,64,47,64,38,53,104771,91,0,0,80291,1,24480,90,47,64,47,64,38,53,104771,91,0,0,80291,1,24480,90,47,64,47,64,38,53,104771,91,0,0,80291,1,24480,90,47,64,47,64,38,53,104771,91,0,0,80291,1,24480,90
259,0,1000,0,0,1000,0,1000,47,64,47,64,39,54,0,0,0,0,0,0,0,0,47,64,47,64,39,54,0,0,0,0,0,0,0,0,47,64,47,64,39,54,0,0,0,0,0,0,0,0,47,64,47,64,39,54,0,0,0,0,0,0,0,0,47,64,47,64,39,54,0,0,0,0,0,0,0,0,47,64,47,64,39,54,0,0,0,0,0,0,0,0
260,0,1000,0,0,1000,0,1000,47,64,47,64,39,54,0,0,0,0,0,0,0,0,47,64,47,64,39,54,0,0,0,0,0,0,0,0,47,64,47,64,39,54,0,0,0,0,0,0,0,0,47,64,47,64,39,54,0,0,0,0,0,0,0,0,47,64,47,64,39,54,0,0,0,0,0,0,0,0,47,64,47,64,39,54,0,0,0,0,0,0,0,0
261,0,1000,0,0,1000,0,1000,47,64,47,64,39,54,249956,3,249956,3,0,0,0,0,47,64,47,64,39,54,249956,3,249956,3,0,0,0,0,47,64,47,64,39,54,249956,3,249956,3,0,0,0,0,47,64,47,64,39,54,249956,3,249956,3,0,0,0,0,47,64,47,64,39,54,249956,3,249956,3,0,0,0,0,47,64,47,64,39,54,249956,3,249956,3,0,0,0,0
262,0,1000,0,0,1000,0,1000,48,65,48,65,39,54,108578,105,0,0,80290,1,28288,104,48,65,48,65,39,54,108578,105,0,0,80290,1,28288,104,48,65,48,65,39,54,108578,105,0,0,80290,1,28288,104,48,65,48,65,39,54,108578,105,0,0,80290,1,28288,104,48,65,48,65,39,54,108578,105,0,0,80290,1,28288,104,48,65,48,65,39,54,108578,105,0,0,80290,1,28288,104
263,0,1000,0,0,1000,0,1000,48,65,48,65,40,55,0,0,0,0,0,0,0,0,48,65,48,65,40,55,0,0,0,0,0,0,0,0,48,65,48,65,40,55,0,0,0,0,0,0,0,0,48,65,48,65,40,55,0,0,0,0,0,0,0,0,48,65,48,65,40,55,0,0,0,0,0,0,0,0,48,65,48,65,40,55,0,0,0,0,0,0,0,0
264,0,1000,0,0,1000,0,1000,48,65,48,65,40,55,0,0,0,0,0,0,0,0,48,65,48,65,40,55,0,0,0,0,0,0,0,0,48,65,48,65,40,55,0,0,0,0,0,0,0,0,48,65,48,65,40,55,0,0,0,0,0,0,0,0,48,65,48,65,40,55,0,0,0,0,0,0,0,0,48,65,48,65,40,55,0,0,0,0,0,0,0,0
265,0,1000,0,0,1000,0,1000,48,65,48,65,40,55,0,0,0,0,0,0,0,0,48,65,48,65,40,55,0,0,0,0,0,0,0,0,48,65,48,65,40,55,0,0,0,0,0,0,0,0,48,65,48,65,40,55,0,0,0,0,0,0,0,0,48,65,48,65,40,55,0,0,0,0,0,0,0,0,48,65,48,65,40,55,0,0,0,0,0,0,0,0
266,0,1000,0,0,1000,0,1000,48,65,48,65,40,55,25840,95,0,0,0,0,25840,95,48,65,48,65,40,55,25840,95,0,0,0,0,25840,95,48,65,48,65,40,55,25840,95,0,0,0,0,25840,95,48,65,48,65,40,55,25840,95,0,0,0,0,25840,95,48,65,48,65,40,55,25840,95,0,0,0,0,25840,95,48,65,48,65,40,55,25840,95,0,0,0,0,25840,95
267,0,1000,0,0,1000,0,1000,48,65,48,65,41,56,0,0,0,0,0,0,0,0,48,65,48,65,41,56,0,0,0,0,0,0,0,0,48,65,48,65,41,56,0,0,0,0,0,0,0,0,48,65,48,65,41,56,0,0,0,0,0,0,0,0,48,65,48,65,41,56,0,0,0,0,0,0,0,0,48,65,48,65,41,56,0,0,0,0,0,0,0,0
268,0,1000,0,0,1000,0,1000,48,65,48,65,41,56,0,0,0,0,0,0,0,0,48,65,48,65,41,56,0,0,0,0,0,0,0,0,48,65,48,65,41,56,0,0,0,0,0,0,0,0,48,65,48,65,41,56,0,0,0,0,0,0,0,0,48,65,48,65,41,56,0,0,0,0,0,0,0,0,48,65,48,65,41,56,0,0,0,0,0,0,0,0
269,0,1000,0,0,1000,0,1000,48,65,48,65,41,56,83479,1,83479,1,0,0,0,0,48,65,48,65,41,56,83479,1,83479,1,0,0,0,0,48,65,48,65,41,56,83479,1,83479,1,0,0,0,0,48,65,48,65,41,56,83479,1,83479,1,0,0,0,0,48,65,48,65,41,56,83479,1,83479,1,0,0,0,0,48,65,48,65,41,56,83479,1,83479,1,0,0,0,0
270,0,1000,0,0,1000,0,1000,49,67,49,67,41,56,106675,98,0,0,80291,1,26384,97,49,67,49,67,41,56,106675,98,0,0,80291,1,26384,97,49,67,49,67,41,56,106675,98,0,0,80291,1,26384,97,49,67,49,67,41,56,106675,98,0,0,80291,1,26384,97,49,67,49,67,41,56,106675,98,0,0,80291,1,26384,97,49,67,49,67,41,56,106675,98,0,0,80291,1,26384,97
271,0,1000,0,0,1000,0,1000,49,67,49,67,42,57,0,0,0,0,0,0,0,0,49,67,49,67,42,57,0,0,0,0,0,0,0,0,49,67,49,67,42,57,0,0,0,0,0,0,0,0,49,67,49,67,42,57,0,0,0,0,0,0,0,0,49,67,49,67,42,57,0,0,0,0,0,0,0,0,49,67,49,67,42,57,0,0,0,0,0,0,0,0
272,0,1000,0,0,1000,0,1000,49,67,49,67,42,57,0,0,0,0,0,0,0,0,49,67,49,67,42,57,0,0,0,0,0,0,0,0,49,67,49,67,42,57,0,0,0,0,0,0,0,0,49,67,49,67,42,57,0,0,0,0,0,0,0,0,49,67,49,67,42,57,0,0,0,0,0,0,0,0,49,67,49,67,42,57,0,0,0,0,0,0,0,0
273,0,1000,0,0,1000,0,1000,49,67,49,67,42,57,83543,1,83543,1,0,0,0,0,49,67,49,67,42,57,83543,1,83543,1,0,0,0,0,49,67,49,67,42,57,83543,1,83543,1,0,0,0,0,49,67,49,67,42,57,83543,1,83543,1,0,0,0,0,49,67,49,67,42,57,83543,1,83543,1,0,0,0,0,49,67,49,67,42,57,83543,1,83543,1,0,0,0,0
274,0,1000,0,0,1000,0,1000,50,68,50,68,42,57,101235,78,0,0,80291,1,20944,77,50,68,50,68,42,57,101235,78,0,0,80291,1,20944,77,50,68,50,68,42,57,101235,78,0,0,80291,1,20944,77,50,68,50,68,42,57,101235,78,0,0,80291,1,20944,77,50,68,50,68,42,57,101235,78,0,0,80291,1,20944,77,50,68,50,68,42,57,101235,78,0,0,80291,1,20944,77
275,0,1000,0,0,1000,0,1000,50,68,50,68,43,58,0,0,0,0,0,0,0,0,50,68,50,68,43,58,0,0,0,0,0,0,0,0,50,68,50,68,43,58,0,0,0,0,0,0,0,0,50,68,50,68,43,58,0,0,0,0,0,0,0,0,50,68,50,68,43,58,0,0,0,0,0,0,0,0,50,68,50,68,43,58,0,0,0,0,0,0,0,0
276,0,1000,0,0,1000,0,1000,50,68,50,68,43,58,0,0,0,0,0,0,0,0,50,68,50,68,43,58,0,0,0,0,0,0,0,0,50,68,50,68,43,58,0,0,0,0,0,0,0,0,50,68,50,68,43,58,0,0,0,0,0,0,0,0,50,68,50,68,43,58,0,0,0,0,0,0,0,0,50,68,50,68,43,58,0,0,0,0,0,0,0,0
277,0,1000,0,0,1000,0,1000,50,68,50,68,43,58,165806,2,165806,2,0,0,0,0,50,68,50,68,43,58,165806,2,165806,2,0,0,0,0,50,68,50,68,43,58,165806,2,165806,2,0,0,0,0,50,68,50,68,43,58,165806,2,165806,2,0,0,0,0,50,68,50,68,43,58,165806,2,165806,2,0,0,0,0,50,68,50,68,43,58,165806,2,165806,2,0,0,0,0
278,0,1000,0,0,1000,0,1000,51,69,51,69,43,58,109123,107,0,0,80291,1,28832,106,51,69,51,69,43,58,109123,107,0,0,80291,1,28832,106,51,69,51,69,43,58,109123,107,0,0,80291,1,28832,106,51,69,51,69,43,58,109123,107,0,0,80291,1,28832,106,51,69,51,69,43,58,109123,107,0,0,80291,1,28832,106,51,69,51,69,43,58,109123,107,0,0,80291,1,28832,106
279,0,1000,0,0,1000,0,1000,51,69,51,69,43,58,0,0,0,0,0,0,0,0,51,69,51,69,43,58,0,0,0,0,0,0,0,0,51,69,51,69,43,58,0,0,0,0,0,0,0,0,51,69,51,69,43,58,0,0,0,0,0,0,0,0,51,69,51,69,43,58,0,0,0,0,0,0,0,0,51,69,51,69,43,58,0,0,0,0,0,0,0,0
280,0,1000,0,0,1000,0,1000,51,69,51,69,43,58,0,0,0,0,0,0,0,0,51,69,51,69,43,58,0,0,0,0,0,0,0,0,51,69,51,69,43,58,0,0,0,0,0,0,0,0,51,69,51,69,43,58,0,0,0,0,0,0,0,0,51,69,51,69,43,58,0,0,0,0,0,0,0,0,51,69,51,69,43,58,0,0,0,0,0,0,0,0
281,0,1000,0,0,1000,0,1000,51,69,51,69,43,58,167662,2,167662,2,0,0,0,0,51,69,51,69,43,58,167662,2,167662,2,0,0,0,0,51,69,51,69,43,58,167662,2,167662,2,0,0,0,0,51,69,51,69,43,58,167662,2,167662,2,0,0,0,0,51,69,51,69,43,58,167662,2,167662,2,0,0,0,0,51,69,51,69,43,58,167662,2,167662,2,0,0,0,0
282,0,1000,0,0,1000,0,1000,52,70,52,70,43,58,110211,111,0,0,80291,1,29920,110,52,70,52,70,43,58,110211,111,0,0,80291,1,29920,110,52,70,52,70,43,58,110211,111,0,0,80291,1,29920,110,52,70,52,70,43,58,110211,111,0,0,80291,1,29920,110,52,70,52,70,43,58,110211,111,0,0,80291,1,29920,110,52,70,52,70,43,58,110211,111,0,0,80291,1,29920,110
283,0,1000,0,0,1000,0,1000,52,70,52,70,44,60,0,0,0,0,0,0,0,0,52,70,52,70,44,60,0,0,0,0,0,0,0,0,52,70,52,70,44,60,0,0,0,0,0,0,0,0,52,70,52,70,44,60,0,0,0,0,0,0,0,0,52,70,52,70,44,60,0,0,0,0,0,0,0,0,52,70,52,70,44,60,0,0,0,0,0,0,0,0
284,0,1000,0,0,1000,0,1000,52,70,52,70,44,60,0,0,0,0,0,0,0,0,52,70,52,70,44,60,0,0,0,0,0,0,0,0,52,70,52,70,44,60,0,0,0,0,0,0,0,0,52,70,52,70,44,60,0,0,0,0,0,0,0,0,52,70,52,70,44,60,0,0,0,0,0,0,0,0,52,70,52,70,44,60,0,0,0,0,0,0,0,0
285,0,1000,0,0,1000,0,1000,52,70,52,70,44,60,83959,1,83959,1,0,0,0,0,52,70,52,70,44,60,83959,1,83959,1,0,0,0,0,52,70,52,70,44,60,83959,1,83959,1,0,0,0,0,52,70,52,70,44,60,83959,1,83959,1,0,0,0,0,52,70,52,70,44,60,83959,1,83959,1,0,0,0,0,52,70,52,70,44,60,83959,1,83959,1,0,0,0,0
286,0,1000,0,0,1000,0,1000,53,71,53,71,44,60,102867,84,0,0,80291,1,22576,83,53,71,53,71,44,60,102867,84,0,0,80291,1,22576,83,53,71,53,71,44,60,102867,84,0,0,80291,1,22576,83,53,71,53,71,44,60,102867,84,0,0,80291,1,22576,83,53,71,53,71,44,60,102867,84,0,0,80291,1,22576,83,53,71,53,71,44,60,102867,84,0,0,80291,1,22576,83
287,0,1000,0,0,1000,0,1000,53,71,53,71,44,60,0,0,0,0,0,0,0,0,53,71,53,71,44,60,0,0,0,0,0,0,0,0,53,71,53,71,44,60,0,0,0,0,0,0,0,0,53,71,53,71,44,60,0,0,0,0,0,0,0,0,53,71,53,71,44,60,0,0,0,0,0,0,0,0,53,71,53,71,44,60,0,0,0,0,0,0,0,0
288,0,1000,0,0,1000,0,1000,53,71,53,71,44,60,0,0,0,0,0,0,0,0,53,71,53,71,44,60,0,0,0,0,0,0,0,0,53,71,53,71,44,60,0,0,0,0,0,0,0,0,53,71,53,71,44,60,0,0,0,0,0,0,0,0,53,71,53,71,44,60,0,0,0,0,0,0,0,0,53,71,53,71,44,60,0,0,0,0,0,0,0,0
289,0,1000,0,0,1000,0,1000,53,71,53,71,44,60,249285,3,249285,3,0,0,0,0,53,71,53,71,44,60,249285,3,249285,3,0,0,0,0,53,71,53,71,44,60,249285,3,249285,3,0,0,0,0,53,71,53,71,44,60,249285,3,249285,3,0,0,0,0,53,71,53,71,44,60,249285,3,249285,3,0,0,0,0,53,71,53,71,44,60,249285,3,249285,3,0,0,0,0
290,0,1000,0,0,1000,0,1000,54,72,54,72,44,60,105859,95,0,0,80291,1,25568,94,54,72,54,72,44,60,105859,95,0,0,80291,1,25568,94,54,72,54,72,44,60,105859,95,0,0,80291,1,25568,94,54,72,54,72,44,60,105859,95,0,0,80291,1,25568,94,54,72,54,72,44,60,105859,95,0,0,80291,1,25568,94,54,72,54,72,44,60,105859,95,0,0,80291,1,25568,94
291,0,1000,0,0,1000,0,1000,54,72,54,72,45,62,0,0,0,0,0,0,0,0,54,72,54,72,45,62,0,0,0,0,0,0,0,0,54,72,54,72,45,62,0,0,0,0,0,0,0,0,54,72,54,72,45,62,0,0,0,0,0,0,0,0,54,72,54,72,45,62,0,0,0,0,0,0,0,0,54,72,54,72,45,62,0,0,0,0,0,0,0,0
292,0,1000,0,0,1000,0,1000,54,72,54,72,45,62,0,0,0,0,0,0,0,0,54,72,54,72,45,62,0,0,0,0,0,0,0,0,54,72,54,72,45,62,0,0,0,0,0,0,0,0,54,72,54,72,45,62,0,0,0,0,0,0,0,0,54,72,54,72,45,62,0,0,0,0,0,0,0,0,54,72,54,72,45,62,0,0,0,0,0,0,0,0
293,0,1000,0,0,1000,0,1000,54,72,54,72,45,62,250340,3,250340,3,0,0,0,0,54,72,54,72,45,62,250340,3,250340,3,0,0,0,0,54,72,54,72,45,62,250340,3,250340,3,0,0,0,0,54,72,54,72,45,62,250340,3,250340,3,0,0,0,0,54,72,54,72,45,62,250340,3,250340,3,0,0,0,0,54,72,54,72,45,62,250340,3,250340,3,0,0,0,0
294,0,1000,0,0,1000,0,1000,55,73,55,73,45,62,106947,99,0,0,80291,1,26656,98,55,73,55,73,45,62,106947,99,0,0,80291,1,26656,98,55,73,55,73,45,62,106947,99,0,0,80291,1,26656,98,55,73,55,73,45,62,106947,99,0,0,80291,1,26656,98,55,73,55,73,45,62,106947,99,0,0,80291,1,26656,98,55,73,55,73,45,62,106947,99,0,0,80291,1,26656,98
295,0,1000,0,0,1000,0,1000,55,73,55,73,46,63,0,0,0,0,0,0,0,0,55,73,55,73,46,63,0,0,0,0,0,0,0,0,55,73,55,73,46,63,0,0,0,0,0,0,0,0,55,73,55,73,46,63,0,0,0,0,0,0,0,0,55,73,55,73,46,63,0,0,0,0,0,0,0,0,55,73,55,73,46,63,0,0,0,0,0,0,0,0
296,0,1000,0,0,1000,0,1000,55,73,55,73,46,63,0,0,0,0,0,0,0,0,55,73,55,73,46,63,0,0,0,0,0,0,0,0,55,73,55,73,46,63,0,0,0,0,0,0,0,0,55,73,55,73,46,63,0,0,0,0,0,0,0,0,55,73,55,73,46,63,0,0,0,0,0,0,0,0,55,73,55,73,46,63,0,0,0,0,0,0,0,0
297,0,1000,0,0,1000,0,1000,55,73,55,73,46,63,0,0,0,0,0,0,0,0,55,73,55,73,46,63,0,0,0,0,0,0,0,0,55,73,55,73,46,63,0,0,0,0,0,0,0,0,55,73,55,73,46,63,0,0,0,0,0,0,0,0,55,73,55,73,46,63,0,0,0,0,0,0,0,0,55,73,55,73,46,63,0,0,0,0,0,0,0,0
298,0,1000,0,0,1000,0,1000,55,73,55,73,46,63,29376,108,0,0,0,0,29376,108,55,73,55,73,46,63,29376,108,0,0,0,0,29376,108,55,73,55,73,46,63,29376,108,0,0,0,0,29376,108,55,73,55,73,46,63,29376,108,0,0,0,0,29376,108,55,73,55,73,46,63,29376,108,0,0,0,0,29376,108,55,73,55,73,46,63,29376,108,0,0,0,0,29376,108
299,0,1000,0,0,1000,0,1000,55,73,55,73,47,64,0,0,0,0,0,0,0,0,55,73,55,73,47,64,0,0,0,0,0,0,0,0,55,73,55,73,47,64,0,0,0,0,0,0,0,0,55,73,55,73,47,64,0,0,0,0,0,0,0,0,55,73,55,73,47,64,0,0,0,0,0,0,0,0,55,73,55,73,47,64,0,0,0,0,0,0,0,0
300,0,1000,0,0,1000,0,1000,55,73,55,73,47,64,0,0,0,0,0,0,0,0,55,73,55,73,47,64,0,0,0,0,0,0,0,0,55,73,55,73,47,64,0,0,0,0,0,0,0,0,55,73,55,73,47,64,0,0,0,0,0,0,0,0,55,73,55,73,47,64,0,0,0,0,0,0,0,0,55,73,55,73,47,64,0,0,0,0,0,0,0,0
301,0,1000,0,0,1000,0,1000,55,73,55,73,47,64,167790,2,167790,2,0,0,0,0,55,73,55,73,47,64,167790,2,167790,2,0,0,0,0,55,73,55,73,47,64,167790,2,167790,2,0,0,0,0,55,73,55,73,47,64,167790,2,167790,2,0,0,0,0,55,73,55,73,47,64,167790,2,167790,2,0,0,0,0,55,73,55,73,47,64,167790,2,167790,2,0,0,0,0
302,0,1000,0,0,1000,0,1000,56,75,56,75,47,64,113203,122,0,0,80291,1,32912,121,56,75,56,75,47,64,113203,122,0,0,80291,1,32912,121,56,75,56,75,47,64,113203,122,0,0,80291,1,32912,121,56,75,56,75,47,64,113203,122,0,0,80291,1,32912,121,56,75,56,75,47,64,113203,122,0,0,80291,1,32912,121,56,75,56,75,47,64,113203,122,0,0,80291,1,32912,121
303,0,1000,0,0,1000,0,1000,56,75,56,75,48,65,0,0,0,0,0,0,0,0,56,75,56,75,48,65,0,0,0,0,0,0,0,0,56,75,56,75,48,65,0,0,0,0,0,0,0,0,56,75,56,75,48,65,0,0,0,0,0,0,0,0,56,75,56,75,48,65,0,0,0,0,0,0,0,0,56,75,56,75,48,65,0,0,0,0,0,0,0,0

digraph G {
  rankdir=BT;
  style=filled;
  color=lightgrey;
  node [shape=box,style=filled,color=white];
  b_HHmKMMnRL64 [label="H(HmKMMnRL64)\nt=60 id=697"];
  b_HPFKXzUrJr1 [label="H(PFKXzUrJr1)\nt=41 id=607"];
  b_H13bDsD3rk [label="H(13bDsD3/rk)\nt=63 id=118"];
  b_H5vLNNd4oxo [label="H(5vLNNd4oxo)\nt=3 id=665"];
  b_Hep453cu4T0 [label="H(ep453cu4T0)\nt=62 id=942"];
  b_HhBPPG5FXX [label="H(+hBPPG5FXX)\nt=49 id=992"];
  b_H3ugbcgJNEn [label="H(3ugbcgJNEn)\nt=10 id=71"];
  b_H6Tnbgk8G2 [label="H(6Tnbgk8G2/)\nt=67 id=155"];
  b_HcbeRQUL2V [label="H(cbeRQ+UL2V)\nt=25 id=748"];
  b_HpnaA04bPp9 [label="H(pnaA04bPp9)\nt=28 id=921"];
  b_HynTVZfDN4U [label="H(ynTVZfDN4U)\nt=34 id=309"];
  b_HGAWUWwydP [label="H(GAWUWwyd+P)\nt=11 id=201"];
  b_HLcRLs3Ud [label="H(LcRL+s3/Ud)\nt=70 id=534"];
  b_HaM4TKU4j6X [label="H(aM4TKU4j6X)\nt=75 id=761"];
  b_H3yCfyDfIT [label="H(3yCf/yDfIT)\nt=35 id=28"];
  b_H6tAVg0fGk [label="H(6tAVg0f/Gk)\nt=26 id=598"];
  b_HiVeysNK [label="H(i//VeysN/K)\nt=69 id=885"];
  b_HcgLdbCn1 [label="H(+cgLdbC/n1)\nt=23 id=815"];
  b_HhSmfX1k7mq [label="H(hSmfX1k7mq)\nt=15 id=66"];
  b_HafXKn4jzI [label="H(a+fXKn4jzI)\nt=19 id=620"];
  b_HQg78DkB78A [label="H(Qg78DkB78A)\nt=16 id=626"];
  b_H7OL9KeZQ9 [label="H(7/OL9KeZQ9)\nt=6 id=752"];
  b_HtfjqBmd7q [label="H(tfjq+Bmd7q)\n"];
  b_HfXX9lXfS6 [label="H(fXX9lXfS6/)\nt=65 id=26"];
  b_Hl2kJiujnP [label="H(l2kJiuj/nP)\nt=71 id=742"];
  b_HwJNQtw1NX9 [label="H(wJNQtw1NX9)\nt=53 id=987"];
  b_HWQhaS0mydj [label="H(WQhaS0mydj)\nt=1 id=671"];
  b_HVGRXBfcMi [label="H(VGRXBfcM+i)\nt=37 id=145"];
  b_H2NAgNXwtr5 [label="H(2NAgNXwtr5)\nt=52 id=568"];
  b_HJHVwv6METg [label="H(JHVwv6METg)\nt=14 id=474"];
  b_HDpfHheaAZz [label="H(DpfHheaAZz)\nt=55 id=339"];
  b_HZY59ggfa8D [label="H(ZY59ggfa8D)\nt=57 id=604"];
  b_HJ2uAsvOFTa [label="H(J2uAsvOFTa)\nt=9 id=832"];
  b_HFdPf3ayKbr [label="H(FdPf3ayKbr)\nt=54 id=633"];
  b_HXCm7o0bFkg [label="H(XCm7o0bFkg)\nt=30 id=157"];
  b_HmGZsOxPW18 [label="H(mGZsOxPW18)\nt=2 id=7"];
  b_HAkztzCjgo [label="H(A+kztzCjgo)\nt=27 id=589"];
  b_HD9gZtyr5rf [label="H(D9gZtyr5rf)\nt=64 id=629"];
  b_HrOvi46rGPo [label="H(rOvi46rGPo)\nt=68 id=871"];
  b_H8jat1BJn5I [label="H(8jat1BJn5I)\nt=43 id=139"];
  b_Hg5FKupUSFN [label="H(g5FKupUSFN)\nt=31 id=0"];
  b_HXQAbGODleU [label="H(XQAbGODleU)\nt=4 id=247"];
  b_HU3HQNSGKJt [label="H(U3HQNSGKJt)\nt=72 id=179"];
  b_HUYxMwYNbCa [label="H(UYxMwYNbCa)\nt=18 id=613"];
  b_HkfyHoYmfKG [label="H(kfyHoYmfKG)\nt=21 id=756"];
  b_HdmoPjRZKgk [label="H(dmoPjRZKgk)\nt=47 id=127"];
  b_HUsjjkF1nb7 [label="H(UsjjkF1nb7)\nt=13 id=275"];
  b_HQatZ6KTvF0 [label="H(QatZ6KTvF0)\nt=29 id=611"];
  b_HTO2EJRUyWS [label="H(TO2EJRUyWS)\nt=50 id=22"];
  b_Hh13Kq01n [label="H(h/13Kq0/1n)\nt=39 id=398"];
  b_HWZtsEqRl0 [label="H(WZ+tsEqRl0)\nt=58 id=410"];
  b_H3w7LIojqw [label="H(3+w7LIojqw)\nt=56 id=733"];
  b_HB6qYAcCdvc [label="H(B6qYAcCdvc)\nt=73 id=397"];
  b_HgbBih3fiaV [label="H(gbBih3fiaV)\nt=24 id=996"];
  b_HEKi6fPWMYi [label="H(EKi6fPWMYi)\nt=8 id=930"];
  b_Hd3xipZr6UZ [label="H(d3xipZr6UZ)\nt=12 id=673"];
  b_HmaohMgC1xi [label="H(maohMgC1xi)\nt=32 id=562"];
  b_HHmKMMnRL64 -> b_HWZtsEqRl0;
  b_HPFKXzUrJr1 -> b_Hh13Kq01n;
  b_H13bDsD3rk -> b_Hep453cu4T0;
  b_H5vLNNd4oxo -> b_HmGZsOxPW18;
  b_Hep453cu4T0 -> b_HHmKMMnRL64;
  b_HhBPPG5FXX -> b_HdmoPjRZKgk;
  b_H3ugbcgJNEn -> b_HJ2uAsvOFTa;
  b_H6Tnbgk8G2 -> b_HfXX9lXfS6;
  b_HcbeRQUL2V -> b_HgbBih3fiaV;
  b_HpnaA04bPp9 -> b_HAkztzCjgo;
  b_HynTVZfDN4U -> b_HmaohMgC1xi;
  b_HGAWUWwydP -> b_H3ugbcgJNEn;
  b_HLcRLs3Ud -> b_HiVeysNK;
  b_HaM4TKU4j6X -> b_HB6qYAcCdvc;
  b_H3yCfyDfIT -> b_HynTVZfDN4U;
  b_H6tAVg0fGk -> b_HcbeRQUL2V;
  b_HiVeysNK -> b_HrOvi46rGPo;
  b_HcgLdbCn1 -> b_HkfyHoYmfKG;
  b_HhSmfX1k7mq -> b_HJHVwv6METg;
  b_HafXKn4jzI -> b_HUYxMwYNbCa;
  b_HQg78DkB78A -> b_HhSmfX1k7mq;
  b_H7OL9KeZQ9 -> b_HXQAbGODleU;
  b_HfXX9lXfS6 -> b_HD9gZtyr5rf;
  b_Hl2kJiujnP -> b_HLcRLs3Ud;
  b_HwJNQtw1NX9 -> b_H2NAgNXwtr5;
  b_HWQhaS0mydj -> b_HtfjqBmd7q;
  b_HVGRXBfcMi -> b_H3yCfyDfIT;
  b_H2NAgNXwtr5 -> b_HTO2EJRUyWS;
  b_HJHVwv6METg -> b_HUsjjkF1nb7;
  b_HDpfHheaAZz -> b_HFdPf3ayKbr;
  b_HZY59ggfa8D -> b_H3w7LIojqw;
  b_HJ2uAsvOFTa -> b_HEKi6fPWMYi;
  b_HFdPf3ayKbr -> b_HwJNQtw1NX9;
  b_HXCm7o0bFkg -> b_HQatZ6KTvF0;
  b_HmGZsOxPW18 -> b_HWQhaS0mydj;
  b_HAkztzCjgo -> b_H6tAVg0fGk;
  b_HD9gZtyr5rf -> b_H13bDsD3rk;
  b_HrOvi46rGPo -> b_H6Tnbgk8G2;
  b_H8jat1BJn5I -> b_HPFKXzUrJr1;
  b_Hg5FKupUSFN -> b_HXCm7o0bFkg;
  b_HXQAbGODleU -> b_H5vLNNd4oxo;
  b_HU3HQNSGKJt -> b_Hl2kJiujnP;
  b_HUYxMwYNbCa -> b_HQg78DkB78A;
  b_HkfyHoYmfKG -> b_HafXKn4jzI;
  b_HdmoPjRZKgk -> b_H8jat1BJn5I;
  b_HUsjjkF1nb7 -> b_Hd3xipZr6UZ;
  b_HQatZ6KTvF0 -> b_HpnaA04bPp9;
  b_HTO2EJRUyWS -> b_HhBPPG5FXX;
  b_Hh13Kq01n -> b_HVGRXBfcMi;
  b_HWZtsEqRl0 -> b_HZY59ggfa8D;
  b_H3w7LIojqw -> b_HDpfHheaAZz;
  b_HB6qYAcCdvc -> b_HU3HQNSGKJt;
  b_HgbBih3fiaV -> b_HcgLdbCn1;
  b_HEKi6fPWMYi -> b_H7OL9KeZQ9;
  b_Hd3xipZr6UZ -> b_HGAWUWwydP;
  b_HmaohMgC1xi -> b_Hg5FKupUSFN;
  v_H7kBVTMl67L [label="id=190 t=75"];
  v_H7kBVTMl67L -> b_HaM4TKU4j6X;
  v_HrpbImAJQVL [label="id=571 t=75"];
  v_HrpbImAJQVL -> b_HaM4TKU4j6X;
  v_HQ0h57kX9f [label="id=552 t=75"];
  v_HQ0h57kX9f -> b_HaM4TKU4j6X;
  v_HaW7pZFiK6B [label="id=929 t=75"];
  v_HaW7pZFiK6B -> b_HaM4TKU4j6X;
  v_H1KZ0pIPOsG [label="id=169 t=75"];
  v_H1KZ0pIPOsG -> b_HaM4TKU4j6X;
  v_HKS2Avqnoof [label="id=938 t=75"];
  v_HKS2Avqnoof -> b_HaM4TKU4j6X;
  v_HXGrJ2irgR0 [label="id=36 t=75"];
  v_HXGrJ2irgR0 -> b_HaM4TKU4j6X;
  v_H1hqpBpDOk [label="id=233 t=75"];
  v_H1hqpBpDOk -> b_HaM4TKU4j6X;
  v_HJN5DnSd0w4 [label="id=379 t=75"];
  v_HJN5DnSd0w4 -> b_HaM4TKU4j6X;
  v_HxiGG7T3Mdu [label="id=210 t=75"];
  v_HxiGG7T3Mdu -> b_HaM4TKU4j6X;
  v_HkH7PtJzkai [label="id=332 t=75"];
  v_HkH7PtJzkai -> b_HaM4TKU4j6X;
  v_HXHYK6jstDo [label="id=308 t=75"];
  v_HXHYK6jstDo -> b_HaM4TKU4j6X;
  v_Hp7aKyWOpj [label="id=782 t=75"];
  v_Hp7aKyWOpj -> b_HaM4TKU4j6X;
  v_HP4oobX6U4i [label="id=719 t=75"];
  v_HP4oobX6U4i -> b_HaM4TKU4j6X;
  v_H1kuyksyGa [label="id=728 t=75"];
  v_H1kuyksyGa -> b_HaM4TKU4j6X;
  v_HLMoz2gqzy [label="id=528 t=75"];
  v_HLMoz2gqzy -> b_HaM4TKU4j6X;
  v_Hw59Zgb1Qw [label="id=466 t=75"];
  v_Hw59Zgb1Qw -> b_HaM4TKU4j6X;
  v_HrSPbw5oT9s [label="id=676 t=75"];
  v_HrSPbw5oT9s -> b_HaM4TKU4j6X;
  v_HxQNEegHyIS [label="id=51 t=75"];
  v_HxQNEegHyIS -> b_HaM4TKU4j6X;
  v_HKyjfqtVqGu [label="id=605 t=75"];
  v_HKyjfqtVqGu -> b_HaM4TKU4j6X;
  v_HfLCjLPDMhX [label="id=316 t=75"];
  v_HfLCjLPDMhX -> b_HaM4TKU4j6X;
  v_H9Q6NFewFZ [label="id=80 t=75"];
  v_H9Q6NFewFZ -> b_HaM4TKU4j6X;
  v_HYR3kSAua0j [label="id=985 t=75"];
  v_HYR3kSAua0j -> b_HaM4TKU4j6X;
  v_H2mZy3kV8mj [label="id=934 t=75"];
  v_H2mZy3kV8mj -> b_HaM4TKU4j6X;
  v_Hw98R4Q7cy [label="id=909 t=75"];
  v_Hw98R4Q7cy -> b_HaM4TKU4j6X;
  v_HhEcqM5Y [label="id=686 t=75"];
  v_HhEcqM5Y -> b_HaM4TKU4j6X;
  v_H0Xgs7oU8U [label="id=452 t=75"];
  v_H0Xgs7oU8U -> b_HaM4TKU4j6X;
  v_HrzGSAWKLpv [label="id=998 t=75"];
  v_HrzGSAWKLpv -> b_HaM4TKU4j6X;
  v_HNaIqowdCXW [label="id=973 t=75"];
  v_HNaIqowdCXW -> b_HaM4TKU4j6X;
  v_HKcd7ZpbXZQ [label="id=120 t=75"];
  v_HKcd7ZpbXZQ -> b_HaM4TKU4j6X;
  v_HVJ7PRwGI [label="id=807 t=75"];
  v_HVJ7PRwGI -> b_HaM4TKU4j6X;
  v_Hi9XjoLeDrd [label="id=414 t=75"];
  v_Hi9XjoLeDrd -> b_HaM4TKU4j6X;
  v_HK4pFFJG4uX [label="id=295 t=75"];
  v_HK4pFFJG4uX -> b_HaM4TKU4j6X;
  v_HIKZKqHoXI [label="id=354 t=75"];
  v_HIKZKqHoXI -> b_HaM4TKU4j6X;
  v_Hy1UUXdDZkP [label="id=165 t=75"];
  v_Hy1UUXdDZkP -> b_HaM4TKU4j6X;
  v_HGFZUX9CPO [label="id=554 t=75"];
  v_HGFZUX9CPO -> b_HaM4TKU4j6X;
  v_HdSdHiD396y [label="id=669 t=75"];
  v_HdSdHiD396y -> b_HaM4TKU4j6X;
  v_Hmjhr27D7G [label="id=35 t=75"];
  v_Hmjhr27D7G -> b_HaM4TKU4j6X;
  v_HHHtU0tcLmk [label="id=972 t=75"];
  v_HHHtU0tcLmk -> b_HaM4TKU4j6X;
  v_HxqHJIELk7y [label="id=473 t=75"];
  v_HxqHJIELk7y -> b_HaM4TKU4j6X;
  v_HMVOIP3JMt [label="id=68 t=75"];
  v_HMVOIP3JMt -> b_HaM4TKU4j6X;
  v_HWaMoJ5Js9C [label="id=995 t=75"];
  v_HWaMoJ5Js9C -> b_HaM4TKU4j6X;
  v_HtNwCHQI0E0 [label="id=346 t=75"];
  v_HtNwCHQI0E0 -> b_HaM4TKU4j6X;
  v_HAw9hc1pAdi [label="id=498 t=75"];
  v_HAw9hc1pAdi -> b_HaM4TKU4j6X;
  v_HGhCmtvc0Ku [label="id=752 t=75"];
  v_HGhCmtvc0Ku -> b_HaM4TKU4j6X;
  v_HkU1FxrpLS [label="id=913 t=75"];
  v_HkU1FxrpLS -> b_HaM4TKU4j6X;
  v_HawJXEOn6pF [label="id=543 t=75"];
  v_HawJXEOn6pF -> b_HaM4TKU4j6X;
  v_HscFyxTYhDT [label="id=806 t=75"];
  v_HscFyxTYhDT -> b_HaM4TKU4j6X;
  v_Hte8wNOZWJb [label="id=102 t=75"];
  v_Hte8wNOZWJb -> b_HaM4TKU4j6X;
  v_HNHcrjFwM0H [label="id=802 t=75"];
  v_HNHcrjFwM0H -> b_HaM4TKU4j6X;
  v_HejdCQ9zrHd [label="id=956 t=75"];
  v_HejdCQ9zrHd -> b_HaM4TKU4j6X;
  v_HTcHZDd7hR [label="id=805 t=75"];
  v_HTcHZDd7hR -> b_HaM4TKU4j6X;
  v_HN5v0XvMWz [label="id=653 t=75"];
  v_HN5v0XvMWz -> b_HaM4TKU4j6X;
  v_HPFeT0WA2Z [label="id=681 t=75"];
  v_HPFeT0WA2Z -> b_HaM4TKU4j6X;
  v_HXL4sbsRfyj [label="id=759 t=75"];
  v_HXL4sbsRfyj -> b_HaM4TKU4j6X;
  v_HWqlwMLqFj3 [label="id=761 t=75"];
  v_HWqlwMLqFj3 -> b_HaM4TKU4j6X;
  v_HRU9WciNZ0x [label="id=845 t=75"];
  v_HRU9WciNZ0x -> b_HaM4TKU4j6X;
  v_HH5IMHrwYh [label="id=161 t=75"];
  v_HH5IMHrwYh -> b_HaM4TKU4j6X;
  v_HVgoUjiRBxR [label="id=340 t=75"];
  v_HVgoUjiRBxR -> b_HaM4TKU4j6X;
  v_HGcA2imlcnF [label="id=833 t=75"];
  v_HGcA2imlcnF -> b_HaM4TKU4j6X;
  v_HXdNYnOH2dE [label="id=797 t=75"];
  v_HXdNYnOH2dE -> b_HaM4TKU4j6X;
  v_Hny2HZgTNl8 [label="id=953 t=75"];
  v_Hny2HZgTNl8 -> b_HaM4TKU4j6X;
  v_HsVXTEl9g96 [label="id=219 t=75"];
  v_HsVXTEl9g96 -> b_HaM4TKU4j6X;
  v_HeKYoLOkCoM [label="id=763 t=75"];
  v_HeKYoLOkCoM -> b_HaM4TKU4j6X;
  v_HWvUnYBQAxb [label="id=78 t=75"];
  v_HWvUnYBQAxb -> b_HaM4TKU4j6X;
  v_HPkP2mJjW [label="id=652 t=75"];
  v_HPkP2mJjW -> b_HaM4TKU4j6X;
  v_Hh49v7nuEqc [label="id=821 t=75"];
  v_Hh49v7nuEqc -> b_HaM4TKU4j6X;
  v_HLkxvrhaYP [label="id=158 t=75"];
  v_HLkxvrhaYP -> b_HaM4TKU4j6X;
  v_HdkkScZl2UL [label="id=704 t=75"];
  v_HdkkScZl2UL -> b_HaM4TKU4j6X;
  v_H1wWwtgKM0R [label="id=631 t=75"];
  v_H1wWwtgKM0R -> b_HaM4TKU4j6X;
  v_Hgzk7z5GkQ2 [label="id=360 t=75"];
  v_Hgzk7z5GkQ2 -> b_HaM4TKU4j6X;
  v_HsBqzOLbCa7 [label="id=723 t=75"];
  v_HsBqzOLbCa7 -> b_HaM4TKU4j6X;
  v_HsuI2fcD7MZ [label="id=313 t=75"];
  v_HsuI2fcD7MZ -> b_HaM4TKU4j6X;
  v_H6x0owiqqqk [label="id=153 t=75"];
  v_H6x0owiqqqk -> b_HaM4TKU4j6X;
  v_HzXAXl7ZeK [label="id=898 t=75"];
  v_HzXAXl7ZeK -> b_HaM4TKU4j6X;
  v_HPTLR0uKzgC [label="id=610 t=75"];
  v_HPTLR0uKzgC -> b_HaM4TKU4j6X;
  v_HJkDRXFM9jK [label="id=780 t=75"];
  v_HJkDRXFM9jK -> b_HaM4TKU4j6X;
  v_HtfkF3GjR99 [label="id=259 t=75"];
  v_HtfkF3GjR99 -> b_HaM4TKU4j6X;
  v_HwiNIeYKk7E [label="id=382 t=75"];
  v_HwiNIeYKk7E -> b_HaM4TKU4j6X;
  v_HY6fLvZRKDq [label="id=724 t=75"];
  v_HY6fLvZRKDq -> b_HaM4TKU4j6X;
  v_HslkDHQViLL [label="id=344 t=75"];
  v_HslkDHQViLL -> b_HaM4TKU4j6X;
  v_HE2QIW59yxh [label="id=23 t=75"];
  v_HE2QIW59yxh -> b_HaM4TKU4j6X;
  v_Hd5wxhUs1h [label="id=570 t=75"];
  v_Hd5wxhUs1h -> b_HaM4TKU4j6X;
  v_HsMBFamSC8N [label="id=809 t=75"];
  v_HsMBFamSC8N -> b_HaM4TKU4j6X;
  v_HUkJUX7DG3I [label="id=131 t=75"];
  v_HUkJUX7DG3I -> b_HaM4TKU4j6X;
  v_H2FMt2BI3Zg [label="id=307 t=75"];
  v_H2FMt2BI3Zg -> b_HaM4TKU4j6X;
  v_HJPnUJeLMqy [label="id=870 t=75"];
  v_HJPnUJeLMqy -> b_HaM4TKU4j6X;
  v_HMXRHj5k0K [label="id=937 t=75"];
  v_HMXRHj5k0K -> b_HaM4TKU4j6X;
  v_HcKXEZzB2U [label="id=555 t=75"];
  v_HcKXEZzB2U -> b_HaM4TKU4j6X;
  v_HmNNTUtbt2K [label="id=537 t=75"];
  v_HmNNTUtbt2K -> b_HaM4TKU4j6X;
  v_HTPBtP6l [label="id=951 t=75"];
  v_HTPBtP6l -> b_HaM4TKU4j6X;
  v_HBnNzaF2BWV [label="id=54 t=75"];
  v_HBnNzaF2BWV -> b_HaM4TKU4j6X;
  v_Hi7uDq8dd0E [label="id=151 t=75"];
  v_Hi7uDq8dd0E -> b_HaM4TKU4j6X;
  v_H5MxXcOjwfD [label="id=960 t=75"];
  v_H5MxXcOjwfD -> b_HaM4TKU4j6X;
  v_H8BjiOV9aHv [label="id=889 t=75"];
  v_H8BjiOV9aHv -> b_HaM4TKU4j6X;
  v_HOGC0oJjEX [label="id=832 t=75"];
  v_HOGC0oJjEX -> b_HaM4TKU4j6X;
  v_Hz18mRvTabX [label="id=854 t=75"];
  v_Hz18mRvTabX -> b_HaM4TKU4j6X;
  v_Hx7eXiZBBJv [label="id=862 t=75"];
  v_Hx7eXiZBBJv -> b_HaM4TKU4j6X;
  v_Ht1fzyxQJhf [label="id=323 t=75"];
  v_Ht1fzyxQJhf -> b_HaM4TKU4j6X;
  v_HnKzyMsDfMP [label="id=251 t=75"];
  v_HnKzyMsDfMP -> b_HaM4TKU4j6X;
  v_HMuKQc1x4w [label="id=648 t=75"];
  v_HMuKQc1x4w -> b_HaM4TKU4j6X;
  v_HG1Hr2CCrA3 [label="id=436 t=75"];
  v_HG1Hr2CCrA3 -> b_HaM4TKU4j6X;
  v_HHwtRtnwUk0 [label="id=500 t=75"];
  v_HHwtRtnwUk0 -> b_HaM4TKU4j6X;
  v_HGwOoLGH3M [label="id=645 t=75"];
  v_HGwOoLGH3M -> b_HaM4TKU4j6X;
  v_H1BtEiEaTYX [label="id=839 t=75"];
  v_H1BtEiEaTYX -> b_HaM4TKU4j6X;
  v_HB4h6BQgX4x [label="id=777 t=75"];
  v_HB4h6BQgX4x -> b_HaM4TKU4j6X;
  v_HfnEPqHv4wO [label="id=417 t=75"];
  v_HfnEPqHv4wO -> b_HaM4TKU4j6X;
  v_H0GWUZbSPX [label="id=866 t=75"];
  v_H0GWUZbSPX -> b_HaM4TKU4j6X;
  v_HukK9aj9tFO [label="id=281 t=75"];
  v_HukK9aj9tFO -> b_HaM4TKU4j6X;
  v_HBQXVE1LtlU [label="id=455 t=75"];
  v_HBQXVE1LtlU -> b_HaM4TKU4j6X;
  v_HRVUAbLg9Q [label="id=464 t=75"];
  v_HRVUAbLg9Q -> b_HaM4TKU4j6X;
  v_Hw9j2zhqGq [label="id=504 t=75"];
  v_Hw9j2zhqGq -> b_HaM4TKU4j6X;
  v_Hox1w9QVhf [label="id=693 t=75"];
  v_Hox1w9QVhf -> b_HaM4TKU4j6X;
  v_HFtQwsAQeK [label="id=56 t=75"];
  v_HFtQwsAQeK -> b_HaM4TKU4j6X;
  v_HBr3EXmE8KX [label="id=289 t=75"];
  v_HBr3EXmE8KX -> b_HaM4TKU4j6X;
  v_HhEppRRLh3 [label="id=147 t=75"];
  v_HhEppRRLh3 -> b_HaM4TKU4j6X;
  v_H4IUiHwP9aJ [label="id=709 t=75"];
  v_H4IUiHwP9aJ -> b_HaM4TKU4j6X;
  v_HYoHyqsEJE [label="id=812 t=75"];
  v_HYoHyqsEJE -> b_HaM4TKU4j6X;
  v_HpL3mEdIm60 [label="id=186 t=75"];
  v_HpL3mEdIm60 -> b_HaM4TKU4j6X;
  v_Hwibwn27WnG [label="id=48 t=75"];
  v_Hwibwn27WnG -> b_HaM4TKU4j6X;
  v_H4H2irUVjGI [label="id=600 t=75"];
  v_H4H2irUVjGI -> b_HaM4TKU4j6X;
}


ALWAYS AWAKE final ledgers: 56 75 56 75 48 65
ALWAYS AWAKE total communication: 13958797 7622
ALWAYS AWAKE blocks communication: 4496280 56
ALWAYS AWAKE votes communication: 2033744 7477
ALWAYS AWAKE proposals communication: 7428773 89
