r,n_asleep,n_awake,n_honest_asleep,n_honest_dreamy,n_honest_awake,n_adversary,n_all,party0_ledger_best_length,party0_ledger_best_age,party0_ledger_fast_length,party0_ledger_fast_age,party0_ledger_slow_length,party0_ledger_slow_age,party0_comms_all_size,party0_comms_all_count,party0_comms_proposal_size,party0_comms_proposal_count,party0_comms_piece_block_size,party0_comms_piece_block_count,party0_comms_piece_vote_size,party0_comms_piece_vote_count,party1_ledger_best_length,party1_ledger_best_age,party1_ledger_fast_length,party1_ledger_fast_age,party1_ledger_slow_length,party1_ledger_slow_age,party1_comms_all_size,party1_comms_all_count,party1_comms_proposal_size,party1_comms_proposal_count,party1_comms_piece_block_size,party1_comms_piece_block_count,party1_comms_piece_vote_size,party1_comms_piece_vote_count,party2_ledger_best_length,party2_ledger_best_age,party2_ledger_fast_length,party2_ledger_fast_age,party2_ledger_slow_length,party2_ledger_slow_age,party2_comms_all_size,party2_comms_all_count,party2_comms_proposal_size,party2_comms_proposal_count,party2_comms_piece_block_size,party2_comms_piece_block_count,party2_comms_piece_vote_size,party2_comms_piece_vote_count,party3_ledger_best_length,party3_ledger_best_age,party3_ledger_fast_length,party3_ledger_fast_age,party3_ledger_slow_length,party3_ledger_slow_age,party3_comms_all_size,party3_comms_all_count,party3_comms_proposal_size,party3_comms_proposal_count,party3_comms_piece_block_size,party3_comms_piece_block_count,party3_comms_piece_vote_size,party3_comms_piece_vote_count,party4_ledger_best_length,party4_ledger_best_age,party4_ledger_fast_length,party4_ledger_fast_age,party4_ledger_slow_length,party4_ledger_slow_age,party4_comms_all_size,party4_comms_all_count,party4_comms_proposal_size,party4_comms_proposal_count,party4_comms_piece_block_size,party4_comms_piece_block_count,party4_comms_piece_vote_size,party4_comms_piece_vote_count,partyALWAYSAWAKE_ledger_best_length,partyALWAYSAWAKE_ledger_best_age,partyALWAYSAWAKE_ledger_fast_length,partyALWAYSAWAKE_ledger_fast_age,partyALWAYSAWAKE_ledger_slow_length,partyALWAYSAWAKE_ledger_slow_age,partyALWAYSAWAKE_comms_all_size,partyALWAYSAWAKE_comms_all_count,partyALWAYSAWAKE_comms_proposal_size,partyALWAYSAWAKE_comms_proposal_count,partyALWAYSAWAKE_comms_piece_block_size,partyALWAYSAWAKE_comms_piece_block_count,partyALWAYSAWAKE_comms_piece_vote_size,partyALWAYSAWAKE_comms_piece_vote_count
4,0,1000,0,0,1000,0,1000,0,0,0,0,0,0,0,0,0,0,0,0,0,0,0,0,0,0,0,0,0,0,0,0,0,0,0,0,0,0,0,0,0,0,0,0,0,0,0,0,0,0,0,0,0,0,0,0,0,0,0,0,0,0,0,0,0,0,0,0,0,0,0,0,0,0,0,0,0,0,0,0,0,0,0,0,0,0,0,0,0,0,0,0
5,0,1000,0,0,1000,0,1000,0,0,0,0,0,0,876,2,876,2,0,0,0,0,0,0,0,0,0,0,876,2,876,2,0,0,0,0,0,0,0,0,0,0,876,2,876,2,0,0,0,0,0,0,0,0,0,0,876,2,876,2,0,0,0,0,0,0,0,0,0,0,876,2,876,2,0,0,0,0,0,0,0,0,0,0,876,2,876,2,0,0,0,0
6,0,1000,0,0,1000,0,1000,1,1,1,1,0,0,31026,114,0,0,290,1,30736,113,1,1,1,1,0,0,31026,114,0,0,290,1,30736,113,1,1,1,1,0,0,31026,114,0,0,290,1,30736,113,1,1,1,1,0,0,31026,114,0,0,290,1,30736,113,1,1,1,1,0,0,31026,114,0,0,290,1,30736,113,1,1,1,1,0,0,31026,114,0,0,290,1,30736,113
7,0,1000,0,0,1000,0,1000,1,1,1,1,0,0,0,0,0,0,0,0,0,0,1,1,1,1,0,0,0,0,0,0,0,0,0,0,1,1,1,1,0,0,0,0,0,0,0,0,0,0,1,1,1,1,0,0,0,0,0,0,0,0,0,0,1,1,1,1,0,0,0,0,0,0,0,0,0,0,1,1,1,1,0,0,0,0,0,0,0,0,0,0
8,0,1000,0,0,1000,0,1000,1,1,1,1,0,0,0,0,0,0,0,0,0,0,1,1,1,1,0,0,0,0,0,0,0,0,0,0,1,1,1,1,0,0,0,0,0,0,0,0,0,0,1,1,1,1,0,0,0,0,0,0,0,0,0,0,1,1,1,1,0,0,0,0,0,0,0,0,0,0,1,1,1,1,0,0,0,0,0,0,0,0,0,0
9,0,1000,0,0,1000,0,1000,1,1,1,1,0,0,8108,2,8108,2,0,0,0,0,1,1,1,1,0,0,8108,2,8108,2,0,0,0,0,1,1,1,1,0,0,8108,2,8108,2,0,0,0,0,1,1,1,1,0,0,8108,2,8108,2,0,0,0,0,1,1,1,1,0,0,8108,2,8108,2,0,0,0,0,1,1,1,1,0,0,8108,2,8108,2,0,0,0,0
10,0,1000,0,0,1000,0,1000,2,2,2,2,0,0,26946,99,0,0,290,1,26656,98,2,2,2,2,0,0,26946,99,0,0,290,1,26656,98,2,2,2,2,0,0,26946,99,0,0,290,1,26656,98,2,2,2,2,0,0,26946,99,0,0,290,1,26656,98,2,2,2,2,0,0,26946,99,0,0,290,1,26656,98,2,2,2,2,0,0,26946,99,0,0,290,1,26656,98
11,0,1000,0,0,1000,0,1000,2,2,2,2,0,0,0,0,0,0,0,0,0,0,2,2,2,2,0,0,0,0,0,0,0,0,0,0,2,2,2,2,0,0,0,0,0,0,0,0,0,0,2,2,2,2,0,0,0,0,0,0,0,0,0,0,2,2,2,2,0,0,0,0,0,0,0,0,0,0,2,2,2,2,0,0,0,0,0,0,0,0,0,0
12,0,1000,0,0,1000,0,1000,2,2,2,2,0,0,0,0,0,0,0,0,0,0,2,2,2,2,0,0,0,0,0,0,0,0,0,0,2,2,2,2,0,0,0,0,0,0,0,0,0,0,2,2,2,2,0,0,0,0,0,0,0,0,0,0,2,2,2,2,0,0,0,0,0,0,0,0,0,0,2,2,2,2,0,0,0,0,0,0,0,0,0,0
13,0,1000,0,0,1000,0,1000,2,2,2,2,0,0,3574,1,3574,1,0,0,0,0,2,2,2,2,0,0,3574,1,3574,1,0,0,0,0,2,2,2,2,0,0,3574,1,3574,1,0,0,0,0,2,2,2,2,0,0,3574,1,3574,1,0,0,0,0,2,2,2,2,0,0,3574,1,3574,1,0,0,0,0,2,2,2,2,0,0,3574,1,3574,1,0,0,0,0
14,0,1000,0,0,1000,0,1000,3,3,3,3,0,0,31842,117,0,0,290,1,31552,116,3,3,3,3,0,0,31842,117,0,0,290,1,31552,116,3,3,3,3,0,0,31842,117,0,0,290,1,31552,116,3,3,3,3,0,0,31842,117,0,0,290,1,31552,116,3,3,3,3,0,0,31842,117,0,0,290,1,31552,116,3,3,3,3,0,0,31842,117,0,0,290,1,31552,116
15,0,1000,0,0,1000,0,1000,3,3,3,3,0,0,0,0,0,0,0,0,0,0,3,3,3,3,0,0,0,0,0,0,0,0,0,0,3,3,3,3,0,0,0,0,0,0,0,0,0,0,3,3,3,3,0,0,0,0,0,0,0,0,0,0,3,3,3,3,0,0,0,0,0,0,0,0,0,0,3,3,3,3,0,0,0,0,0,0,0,0,0,0
16,0,1000,0,0,1000,0,1000,3,3,3,3,0,0,0,0,0,0,0,0,0,0,3,3,3,3,0,0,0,0,0,0,0,0,0,0,3,3,3,3,0,0,0,0,0,0,0,0,0,0,3,3,3,3,0,0,0,0,0,0,0,0,0,0,3,3,3,3,0,0,0,0,0,0,0,0,0,0,3,3,3,3,0,0,0,0,0,0,0,0,0,0
17,0,1000,0,0,1000,0,1000,3,3,3,3,0,0,0,0,0,0,0,0,0,0,3,3,3,3,0,0,0,0,0,0,0,0,0,0,3,3,3,3,0,0,0,0,0,0,0,0,0,0,3,3,3,3,0,0,0,0,0,0,0,0,0,0,3,3,3,3,0,0,0,0,0,0,0,0,0,0,3,3,3,3,0,0,0,0,0,0,0,0,0,0
18,0,1000,0,0,1000,0,1000,3,3,3,3,0,0,27200,100,0,0,0,0,27200,100,3,3,3,3,0,0,27200,100,0,0,0,0,27200,100,3,3,3,3,0,0,27200,100,0,0,0,0,27200,100,3,3,3,3,0,0,27200,100,0,0,0,0,27200,100,3,3,3,3,0,0,27200,100,0,0,0,0,27200,100,3,3,3,3,0,0,27200,100,0,0,0,0,27200,100
19,0,1000,0,0,1000,0,1000,3,3,3,3,0,0,0,0,0,0,0,0,0,0,3,3,3,3,0,0,0,0,0,0,0,0,0,0,3,3,3,3,0,0,0,0,0,0,0,0,0,0,3,3,3,3,0,0,0,0,0,0,0,0,0,0,3,3,3,3,0,0,0,0,0,0,0,0,0,0,3,3,3,3,0,0,0,0,0,0,0,0,0,0
20,0,1000,0,0,1000,0,1000,3,3,3,3,0,0,0,0,0,0,0,0,0,0,3,3,3,3,0,0,0,0,0,0,0,0,0,0,3,3,3,3,0,0,0,0,0,0,0,0,0,0,3,3,3,3,0,0,0,0,0,0,0,0,0,0,3,3,3,3,0,0,0,0,0,0,0,0,0,0,3,3,3,3,0,0,0,0,0,0,0,0,0,0
21,0,1000,0,0,1000,0,1000,3,3,3,3,0,0,0,0,0,0,0,0,0,0,3,3,3,3,0,0,0,0,0,0,0,0,0,0,3,3,3,3,0,0,0,0,0,0,0,0,0,0,3,3,3,3,0,0,0,0,0,0,0,0,0,0,3,3,3,3,0,0,0,0,0,0,0,0,0,0,3,3,3,3,0,0,0,0,0,0,0,0,0,0
22,0,1000,0,0,1000,0,1000,3,3,3,3,0,0,24752,91,0,0,0,0,24752,91,3,3,3,3,0,0,24752,91,0,0,0,0,24752,91,3,3,3,3,0,0,24752,91,0,0,0,0,24752,91,3,3,3,3,0,0,24752,91,0,0,0,0,24752,91,3,3,3,3,0,0,24752,91,0,0,0,0,24752,91,3,3,3,3,0,0,24752,91,0,0,0,0,24752,91
23,0,1000,0,0,1000,0,1000,3,3,3,3,0,0,0,0,0,0,0,0,0,0,3,3,3,3,0,0,0,0,0,0,0,0,0,0,3,3,3,3,0,0,0,0,0,0,0,0,0,0,3,3,3,3,0,0,0,0,0,0,0,0,0,0,3,3,3,3,0,0,0,0,0,0,0,0,0,0,3,3,3,3,0,0,0,0,0,0,0,0,0,0
24,0,1000,0,0,1000,0,1000,3,3,3,3,0,0,0,0,0,0,0,0,0,0,3,3,3,3,0,0,0,0,0,0,0,0,0,0,3,3,3,3,0,0,0,0,0,0,0,0,0,0,3,3,3,3,0,0,0,0,0,0,0,0,0,0,3,3,3,3,0,0,0,0,0,0,0,0,0,0,3,3,3,3,0,0,0,0,0,0,0,0,0,0
25,0,1000,0,0,1000,0,1000,3,3,3,3,0,0,0,0,0,0,0,0,0,0,3,3,3,3,0,0,0,0,0,0,0,0,0,0,3,3,3,3,0,0,0,0,0,0,0,0,0,0,3,3,3,3,0,0,0,0,0,0,0,0,0,0,3,3,3,3,0,0,0,0,0,0,0,0,0,0,3,3,3,3,0,0,0,0,0,0,0,0,0,0
26,0,1000,0,0,1000,0,1000,3,3,3,3,0,0,27744,102,0,0,0,0,27744,102,3,3,3,3,0,0,27744,102,0,0,0,0,27744,102,3,3,3,3,0,0,27744,102,0,0,0,0,27744,102,3,3,3,3,0,0,27744,102,0,0,0,0,27744,102,3,3,3,3,0,0,27744,102,0,0,0,0,27744,102,3,3,3,3,0,0,27744,102,0,0,0,0,27744,102
27,0,1000,0,0,1000,0,1000,3,3,3,3,0,0,0,0,0,0,0,0,0,0,3,3,3,3,0,0,0,0,0,0,0,0,0,0,3,3,3,3,0,0,0,0,0,0,0,0,0,0,3,3,3,3,0,0,0,0,0,0,0,0,0,0,3,3,3,3,0,0,0,0,0,0,0,0,0,0,3,3,3,3,0,0,0,0,0,0,0,0,0,0
28,0,1000,0,0,1000,0,1000,3,3,3,3,0,0,0,0,0,0,0,0,0,0,3,3,3,3,0,0,0,0,0,0,0,0,0,0,3,3,3,3,0,0,0,0,0,0,0,0,0,0,3,3,3,3,0,0,0,0,0,0,0,0,0,0,3,3,3,3,0,0,0,0,0,0,0,0,0,0,3,3,3,3,0,0,0,0,0,0,0,0,0,0
29,0,1000,0,0,1000,0,1000,3,3,3,3,0,0,0,0,0,0,0,0,0,0,3,3,3,3,0,0,0,0,0,0,0,0,0,0,3,3,3,3,0,0,0,0,0,0,0,0,0,0,3,3,3,3,0,0,0,0,0,0,0,0,0,0,3,3,3,3,0,0,0,0,0,0,0,0,0,0,3,3,3,3,0,0,0,0,0,0,0,0,0,0
30,0,1000,0,0,1000,0,1000,3,3,3,3,0,0,26384,97,0,0,0,0,26384,97,3,3,3,3,0,0,26384,97,0,0,0,0,26384,97,3,3,3,3,0,0,26384,97,0,0,0,0,26384,97,3,3,3,3,0,0,26384,97,0,0,0,0,26384,97,3,3,3,3,0,0,26384,97,0,0,0,0,26384,97,3,3,3,3,0,0,26384,97,0,0,0,0,26384,97
31,0,1000,0,0,1000,0,1000,3,3,3,3,0,0,0,0,0,0,0,0,0,0,3,3,3,3,0,0,0,0,0,0,0,0,0,0,3,3,3,3,0,0,0,0,0,0,0,0,0,0,3,3,3,3,0,0,0,0,0,0,0,0,0,0,3,3,3,3,0,0,0,0,0,0,0,0,0,0,3,3,3,3,0,0,0,0,0,0,0,0,0,0
32,0,1000,0,0,1000,0,1000,3,3,3,3,0,0,0,0,0,0,0,0,0,0,3,3,3,3,0,0,0,0,0,0,0,0,0,0,3,3,3,3,0,0,0,0,0,0,0,0,0,0,3,3,3,3,0,0,0,0,0,0,0,0,0,0,3,3,3,3,0,0,0,0,0,0,0,0,0,0,3,3,3,3,0,0,0,0,0,0,0,0,0,0
33,0,1000,0,0,1000,0,1000,3,3,3,3,0,0,0,0,0,0,0,0,0,0,3,3,3,3,0,0,0,0,0,0,0,0,0,0,3,3,3,3,0,0,0,0,0,0,0,0,0,0,3,3,3,3,0,0,0,0,0,0,0,0,0,0,3,3,3,3,0,0,0,0,0,0,0,0,0,0,3,3,3,3,0,0,0,0,0,0,0,0,0,0
34,0,1000,0,0,1000,0,1000,3,3,3,3,0,0,35360,130,0,0,0,0,35360,130,3,3,3,3,0,0,35360,130,0,0,0,0,35360,130,3,3,3,3,0,0,35360,130,0,0,0,0,35360,130,3,3,3,3,0,0,35360,130,0,0,0,0,35360,130,3,3,3,3,0,0,35360,130,0,0,0,0,35360,130,3,3,3,3,0,0,35360,130,0,0,0,0,35360,130
35,0,1000,0,0,1000,0,1000,3,3,3,3,0,0,0,0,0,0,0,0,0,0,3,3,3,3,0,0,0,0,0,0,0,0,0,0,3,3,3,3,0,0,0,0,0,0,0,0,0,0,3,3,3,3,0,0,0,0,0,0,0,0,0,0,3,3,3,3,0,0,0,0,0,0,0,0,0,0,3,3,3,3,0,0,0,0,0,0,0,0,0,0
36,0,1000,0,0,1000,0,1000,3,3,3,3,0,0,0,0,0,0,0,0,0,0,3,3,3,3,0,0,0,0,0,0,0,0,0,0,3,3,3,3,0,0,0,0,0,0,0,0,0,0,3,3,3,3,0,0,0,0,0,0,0,0,0,0,3,3,3,3,0,0,0,0,0,0,0,0,0,0,3,3,3,3,0,0,0,0,0,0,0,0,0,0
37,0,1000,0,0,1000,0,1000,3,3,3,3,0,0,9196,2,9196,2,0,0,0,0,3,3,3,3,0,0,9196,2,9196,2,0,0,0,0,3,3,3,3,0,0,9196,2,9196,2,0,0,0,0,3,3,3,3,0,0,9196,2,9196,2,0,0,0,0,3,3,3,3,0,0,9196,2,9196,2,0,0,0,0,3,3,3,3,0,0,9196,2,9196,2,0,0,0,0
38,0,1000,0,0,1000,0,1000,4,9,4,9,0,0,30482,112,0,0,290,1,30192,111,4,9,4,9,0,0,30482,112,0,0,290,1,30192,111,4,9,4,9,0,0,30482,112,0,0,290,1,30192,111,4,9,4,9,0,0,30482,112,0,0,290,1,30192,111,4,9,4,9,0,0,30482,112,0,0,290,1,30192,111,4,9,4,9,0,0,30482,112,0,0,290,1,30192,111
39,0,1000,0,0,1000,0,1000,4,9,4,9,0,0,0,0,0,0,0,0,0,0,4,9,4,9,0,0,0,0,0,0,0,0,0,0,4,9,4,9,0,0,0,0,0,0,0,0,0,0,4,9,4,9,0,0,0,0,0,0,0,0,0,0,4,9,4,9,0,0,0,0,0,0,0,0,0,0,4,9,4,9,0,0,0,0,0,0,0,0,0,0
40,0,1000,0,0,1000,0,1000,4,9,4,9,0,0,0,0,0,0,0,0,0,0,4,9,4,9,0,0,0,0,0,0,0,0,0,0,4,9,4,9,0,0,0,0,0,0,0,0,0,0,4,9,4,9,0,0,0,0,0,0,0,0,0,0,4,9,4,9,0,0,0,0,0,0,0,0,0,0,4,9,4,9,0,0,0,0,0,0,0,0,0,0
41,0,1000,0,0,1000,0,1000,4,9,4,9,0,0,0,0,0,0,0,0,0,0,4,9,4,9,0,0,0,0,0,0,0,0,0,0,4,9,4,9,0,0,0,0,0,0,0,0,0,0,4,9,4,9,0,0,0,0,0,0,0,0,0,0,4,9,4,9,0,0,0,0,0,0,0,0,0,0,4,9,4,9,0,0,0,0,0,0,0,0,0,0
42,0,1000,0,0,1000,0,1000,4,9,4,9,0,0,28288,104,0,0,0,0,28288,104,4,9,4,9,0,0,28288,104,0,0,0,0,28288,104,4,9,4,9,0,0,28288,104,0,0,0,0,28288,104,4,9,4,9,0,0,28288,104,0,0,0,0,28288,104,4,9,4,9,0,0,28288,104,0,0,0,0,28288,104,4,9,4,9,0,0,28288,104,0,0,0,0,28288,104
43,0,1000,0,0,1000,0,1000,4,9,4,9,0,0,0,0,0,0,0,0,0,0,4,9,4,9,0,0,0,0,0,0,0,0,0,0,4,9,4,9,0,0,0,0,0,0,0,0,0,0,4,9,4,9,0,0,0,0,0,0,0,0,0,0,4,9,4,9,0,0,0,0,0,0,0,0,0,0,4,9,4,9,0,0,0,0,0,0,0,0,0,0
44,0,1000,0,0,1000,0,1000,4,9,4,9,0,0,0,0,0,0,0,0,0,0,4,9,4,9,0,0,0,0,0,0,0,0,0,0,4,9,4,9,0,0,0,0,0,0,0,0,0,0,4,9,4,9,0,0,0,0,0,0,0,0,0,0,4,9,4,9,0,0,0,0,0,0,0,0,0,0,4,9,4,9,0,0,0,0,0,0,0,0,0,0
45,0,1000,0,0,1000,0,1000,4,9,4,9,0,0,0,0,0,0,0,0,0,0,4,9,4,9,0,0,0,0,0,0,0,0,0,0,4,9,4,9,0,0,0,0,0,0,0,0,0,0,4,9,4,9,0,0,0,0,0,0,0,0,0,0,4,9,4,9,0,0,0,0,0,0,0,0,0,0,4,9,4,9,0,0,0,0,0,0,0,0,0,0
46,0,1000,0,0,1000,0,1000,4,9,4,9,0,0,27200,100,0,0,0,0,27200,100,4,9,4,9,0,0,27200,100,0,0,0,0,27200,100,4,9,4,9,0,0,27200,100,0,0,0,0,27200,100,4,9,4,9,0,0,27200,100,0,0,0,0,27200,100,4,9,4,9,0,0,27200,100,0,0,0,0,27200,100,4,9,4,9,0,0,27200,100,0,0,0,0,27200,100
47,0,1000,0,0,1000,0,1000,4,9,4,9,1,1,0,0,0,0,0,0,0,0,4,9,4,9,1,1,0,0,0,0,0,0,0,0,4,9,4,9,1,1,0,0,0,0,0,0,0,0,4,9,4,9,1,1,0,0,0,0,0,0,0,0,4,9,4,9,1,1,0,0,0,0,0,0,0,0,4,9,4,9,1,1,0,0,0,0,0,0,0,0
48,0,1000,0,0,1000,0,1000,4,9,4,9,1,1,0,0,0,0,0,0,0,0,4,9,4,9,1,1,0,0,0,0,0,0,0,0,4,9,4,9,1,1,0,0,0,0,0,0,0,0,4,9,4,9,1,1,0,0,0,0,0,0,0,0,4,9,4,9,1,1,0,0,0,0,0,0,0,0,4,9,4,9,1,1,0,0,0,0,0,0,0,0
49,0,1000,0,0,1000,0,1000,4,9,4,9,1,1,3639,1,3639,1,0,0,0,0,4,9,4,9,1,1,3639,1,3639,1,0,0,0,0,4,9,4,9,1,1,3639,1,3639,1,0,0,0,0,4,9,4,9,1,1,3639,1,3639,1,0,0,0,0,4,9,4,9,1,1,3639,1,3639,1,0,0,0,0,4,9,4,9,1,1,3639,1,3639,1,0,0,0,0
50,0,1000,0,0,1000,0,1000,5,12,5,12,1,1,28307,104,0,0,291,1,28016,103,5,12,5,12,1,1,28307,104,0,0,291,1,28016,103,5,12,5,12,1,1,28307,104,0,0,291,1,28016,103,5,12,5,12,1,1,28307,104,0,0,291,1,28016,103,5,12,5,12,1,1,28307,104,0,0,291,1,28016,103,5,12,5,12,1,1,28307,104,0,0,291,1,28016,103
51,0,1000,0,0,1000,0,1000,5,12,5,12,2,2,0,0,0,0,0,0,0,0,5,12,5,12,2,2,0,0,0,0,0,0,0,0,5,12,5,12,2,2,0,0,0,0,0,0,0,0,5,12,5,12,2,2,0,0,0,0,0,0,0,0,5,12,5,12,2,2,0,0,0,0,0,0,0,0,5,12,5,12,2,2,0,0,0,0,0,0,0,0
52,0,1000,0,0,1000,0,1000,5,12,5,12,2,2,0,0,0,0,0,0,0,0,5,12,5,12,2,2,0,0,0,0,0,0,0,0,5,12,5,12,2,2,0,0,0,0,0,0,0,0,5,12,5,12,2,2,0,0,0,0,0,0,0,0,5,12,5,12,2,2,0,0,0,0,0,0,0,0,5,12,5,12,2,2,0,0,0,0,0,0,0,0
53,0,1000,0,0,1000,0,1000,5,12,5,12,2,2,7469,2,7469,2,0,0,0,0,5,12,5,12,2,2,7469,2,7469,2,0,0,0,0,5,12,5,12,2,2,7469,2,7469,2,0,0,0,0,5,12,5,12,2,2,7469,2,7469,2,0,0,0,0,5,12,5,12,2,2,7469,2,7469,2,0,0,0,0,5,12,5,12,2,2,7469,2,7469,2,0,0,0,0
54,0,1000,0,0,1000,0,1000,6,13,6,13,2,2,28578,105,0,0,290,1,28288,104,6,13,6,13,2,2,28578,105,0,0,290,1,28288,104,6,13,6,13,2,2,28578,105,0,0,290,1,28288,104,6,13,6,13,2,2,28578,105,0,0,290,1,28288,104,6,13,6,13,2,2,28578,105,0,0,290,1,28288,104,6,13,6,13,2,2,28578,105,0,0,290,1,28288,104
55,0,1000,0,0,1000,0,1000,6,13,6,13,3,3,0,0,0,0,0,0,0,0,6,13,6,13,3,3,0,0,0,0,0,0,0,0,6,13,6,13,3,3,0,0,0,0,0,0,0,0,6,13,6,13,3,3,0,0,0,0,0,0,0,0,6,13,6,13,3,3,0,0,0,0,0,0,0,0,6,13,6,13,3,3,0,0,0,0,0,0,0,0
56,0,1000,0,0,1000,0,1000,6,13,6,13,3,3,0,0,0,0,0,0,0,0,6,13,6,13,3,3,0,0,0,0,0,0,0,0,6,13,6,13,3,3,0,0,0,0,0,0,0,0,6,13,6,13,3,3,0,0,0,0,0,0,0,0,6,13,6,13,3,3,0,0,0,0,0,0,0,0,6,13,6,13,3,3,0,0,0,0,0,0,0,0
57,0,1000,0,0,1000,0,1000,6,13,6,13,3,3,3767,1,3767,1,0,0,0,0,6,13,6,13,3,3,3767,1,3767,1,0,0,0,0,6,13,6,13,3,3,3767,1,3767,1,0,0,0,0,6,13,6,13,3,3,3767,1,3767,1,0,0,0,0,6,13,6,13,3,3,3767,1,3767,1,0,0,0,0,6,13,6,13,3,3,3767,1,3767,1,0,0,0,0
58,0,1000,0,0,1000,0,1000,7,14,7,14,3,3,23411,86,0,0,291,1,23120,85,7,14,7,14,3,3,23411,86,0,0,291,1,23120,85,7,14,7,14,3,3,23411,86,0,0,291,1,23120,85,7,14,7,14,3,3,23411,86,0,0,291,1,23120,85,7,14,7,14,3,3,23411,86,0,0,291,1,23120,85,7,14,7,14,3,3,23411,86,0,0,291,1,23120,85
59,0,1000,0,0,1000,0,1000,7,14,7,14,3,3,0,0,0,0,0,0,0,0,7,14,7,14,3,3,0,0,0,0,0,0,0,0,7,14,7,14,3,3,0,0,0,0,0,0,0,0,7,14,7,14,3,3,0,0,0,0,0,0,0,0,7,14,7,14,3,3,0,0,0,0,0,0,0,0,7,14,7,14,3,3,0,0,0,0,0,0,0,0
60,0,1000,0,0,1000,0,1000,7,14,7,14,3,3,0,0,0,0,0,0,0,0,7,14,7,14,3,3,0,0,0,0,0,0,0,0,7,14,7,14,3,3,0,0,0,0,0,0,0,0,7,14,7,14,3,3,0,0,0,0,0,0,0,0,7,14,7,14,3,3,0,0,0,0,0,0,0,0,7,14,7,14,3,3,0,0,0,0,0,0,0,0
61,0,1000,0,0,1000,0,1000,7,14,7,14,3,3,3159,1,3159,1,0,0,0,0,7,14,7,14,3,3,3159,1,3159,1,0,0,0,0,7,14,7,14,3,3,3159,1,3159,1,0,0,0,0,7,14,7,14,3,3,3159,1,3159,1,0,0,0,0,7,14,7,14,3,3,3159,1,3159,1,0,0,0,0,7,14,7,14,3,3,3159,1,3159,1,0,0,0,0
62,0,1000,0,0,1000,0,1000,8,15,8,15,3,3,27763,102,0,0,291,1,27472,101,8,15,8,15,3,3,27763,102,0,0,291,1,27472,101,8,15,8,15,3,3,27763,102,0,0,291,1,27472,101,8,15,8,15,3,3,27763,102,0,0,291,1,27472,101,8,15,8,15,3,3,27763,102,0,0,291,1,27472,101,8,15,8,15,3,3,27763,102,0,0,291,1,27472,101
63,0,1000,0,0,1000,0,1000,8,15,8,15,3,3,0,0,0,0,0,0,0,0,8,15,8,15,3,3,0,0,0,0,0,0,0,0,8,15,8,15,3,3,0,0,0,0,0,0,0,0,8,15,8,15,3,3,0,0,0,0,0,0,0,0,8,15,8,15,3,3,0,0,0,0,0,0,0,0,8,15,8,15,3,3,0,0,0,0,0,0,0,0
64,0,1000,0,0,1000,0,1000,8,15,8,15,3,3,0,0,0,0,0,0,0,0,8,15,8,15,3,3,0,0,0,0,0,0,0,0,8,15,8,15,3,3,0,0,0,0,0,0,0,0,8,15,8,15,3,3,0,0,0,0,0,0,0,0,8,15,8,15,3,3,0,0,0,0,0,0,0,0,8,15,8,15,3,3,0,0,0,0,0,0,0,0
65,900,100,900,0,100,0,1000,8,15,8,15,3,3,7341,2,7341,2,0,0,0,0,8,15,8,15,3,3,7341,2,7341,2,0,0,0,0,8,15,8,15,3,3,7341,2,7341,2,0,0,0,0,8,15,8,15,3,3,7341,2,7341,2,0,0,0,0,8,15,8,15,3,3,7341,2,7341,2,0,0,0,0,8,15,8,15,3,3,7341,2,7341,2,0,0,0,0
66,900,100,900,0,100,0,1000,8,15,8,15,3,3,3282,12,0,0,290,1,2992,11,8,15,8,15,3,3,3282,12,0,0,290,1,2992,11,8,15,8,15,3,3,3282,12,0,0,290,1,2992,11,8,15,8,15,3,3,3282,12,0,0,290,1,2992,11,8,15,8,15,3,3,3282,12,0,0,290,1,2992,11,8,15,8,15,3,3,3282,12,0,0,290,1,2992,11
67,900,100,900,0,100,0,1000,8,15,8,15,3,3,0,0,0,0,0,0,0,0,8,15,8,15,3,3,0,0,0,0,0,0,0,0,8,15,8,15,3,3,0,0,0,0,0,0,0,0,8,15,8,15,3,3,0,0,0,0,0,0,0,0,8,15,8,15,3,3,0,0,0,0,0,0,0,0,8,15,8,15,3,3,0,0,0,0,0,0,0,0
68,900,100,900,0,100,0,1000,8,15,8,15,3,3,0,0,0,0,0,0,0,0,8,15,8,15,3,3,0,0,0,0,0,0,0,0,8,15,8,15,3,3,0,0,0,0,0,0,0,0,8,15,8,15,3,3,0,0,0,0,0,0,0,0,8,15,8,15,3,3,0,0,0,0,0,0,0,0,8,15,8,15,3,3,0,0,0,0,0,0,0,0
69,900,100,900,0,100,0,1000,8,15,8,15,3,3,0,0,0,0,0,0,0,0,8,15,8,15,3,3,0,0,0,0,0,0,0,0,8,15,8,15,3,3,0,0,0,0,0,0,0,0,8,15,8,15,3,3,0,0,0,0,0,0,0,0,8,15,8,15,3,3,0,0,0,0,0,0,0,0,8,15,8,15,3,3,0,0,0,0,0,0,0,0
70,900,100,900,0,100,0,1000,8,15,8,15,3,3,2720,10,0,0,0,0,2720,10,8,15,8,15,3,3,2720,10,0,0,0,0,2720,10,8,15,8,15,3,3,2720,10,0,0,0,0,2720,10,8,15,8,15,3,3,2720,10,0,0,0,0,2720,10,8,15,8,15,3,3,2720,10,0,0,0,0,2720,10,8,15,8,15,3,3,2720,10,0,0,0,0,2720,10
71,900,100,900,0,100,0,1000,8,15,8,15,3,3,0,0,0,0,0,0,0,0,8,15,8,15,3,3,0,0,0,0,0,0,0,0,8,15,8,15,3,3,0,0,0,0,0,0,0,0,8,15,8,15,3,3,0,0,0,0,0,0,0,0,8,15,8,15,3,3,0,0,0,0,0,0,0,0,8,15,8,15,3,3,0,0,0,0,0,0,0,0
72,900,100,900,0,100,0,1000,8,15,8,15,3,3,0,0,0,0,0,0,0,0,8,15,8,15,3,3,0,0,0,0,0,0,0,0,8,15,8,15,3,3,0,0,0,0,0,0,0,0,8,15,8,15,3,3,0,0,0,0,0,0,0,0,8,15,8,15,3,3,0,0,0,0,0,0,0,0,8,15,8,15,3,3,0,0,0,0,0,0,0,0
73,900,100,900,0,100,0,1000,8,15,8,15,3,3,759,1,759,1,0,0,0,0,8,15,8,15,3,3,759,1,759,1,0,0,0,0,8,15,8,15,3,3,759,1,759,1,0,0,0,0,8,15,8,15,3,3,759,1,759,1,0,0,0,0,8,15,8,15,3,3,759,1,759,1,0,0,0,0,8,15,8,15,3,3,759,1,759,1,0,0,0,0
74,900,100,900,0,100,0,1000,8,15,8,15,3,3,1923,7,0,0,291,1,1632,6,8,15,8,15,3,3,1923,7,0,0,291,1,1632,6,8,15,8,15,3,3,1923,7,0,0,291,1,1632,6,8,15,8,15,3,3,1923,7,0,0,291,1,1632,6,8,15,8,15,3,3,1923,7,0,0,291,1,1632,6,8,15,8,15,3,3,1923,7,0,0,291,1,1632,6
75,900,100,900,0,100,0,1000,8,15,8,15,3,3,0,0,0,0,0,0,0,0,8,15,8,15,3,3,0,0,0,0,0,0,0,0,8,15,8,15,3,3,0,0,0,0,0,0,0,0,8,15,8,15,3,3,0,0,0,0,0,0,0,0,8,15,8,15,3,3,0,0,0,0,0,0,0,0,8,15,8,15,3,3,0,0,0,0,0,0,0,0
76,900,100,900,0,100,0,1000,8,15,8,15,3,3,0,0,0,0,0,0,0,0,8,15,8,15,3,3,0,0,0,0,0,0,0,0,8,15,8,15,3,3,0,0,0,0,0,0,0,0,8,15,8,15,3,3,0,0,0,0,0,0,0,0,8,15,8,15,3,3,0,0,0,0,0,0,0,0,8,15,8,15,3,3,0,0,0,0,0,0,0,0
77,900,100,900,0,100,0,1000,8,15,8,15,3,3,631,1,631,1,0,0,0,0,8,15,8,15,3,3,631,1,631,1,0,0,0,0,8,15,8,15,3,3,631,1,631,1,0,0,0,0,8,15,8,15,3,3,631,1,631,1,0,0,0,0,8,15,8,15,3,3,631,1,631,1,0,0,0,0,8,15,8,15,3,3,631,1,631,1,0,0,0,0
78,900,100,900,0,100,0,1000,8,15,8,15,3,3,1379,5,0,0,291,1,1088,4,8,15,8,15,3,3,1379,5,0,0,291,1,1088,4,8,15,8,15,3,3,1379,5,0,0,291,1,1088,4,8,15,8,15,3,3,1379,5,0,0,291,1,1088,4,8,15,8,15,3,3,1379,5,0,0,291,1,1088,4,8,15,8,15,3,3,1379,5,0,0,291,1,1088,4
79,900,100,900,0,100,0,1000,8,15,8,15,4,9,0,0,0,0,0,0,0,0,8,15,8,15,3,3,0,0,0,0,0,0,0,0,8,15,8,15,3,3,0,0,0,0,0,0,0,0,8,15,8,15,3,3,0,0,0,0,0,0,0,0,8,15,8,15,3,3,0,0,0,0,0,0,0,0,8,15,8,15,4,9,0,0,0,0,0,0,0,0
80,900,100,900,0,100,0,1000,8,15,8,15,4,9,0,0,0,0,0,0,0,0,8,15,8,15,3,3,0,0,0,0,0,0,0,0,8,15,8,15,3,3,0,0,0,0,0,0,0,0,8,15,8,15,3,3,0,0,0,0,0,0,0,0,8,15,8,15,3,3,0,0,0,0,0,0,0,0,8,15,8,15,4,9,0,0,0,0,0,0,0,0
81,900,100,900,0,100,0,1000,8,15,8,15,4,9,566,1,566,1,0,0,0,0,8,15,8,15,3,3,566,1,566,1,0,0,0,0,8,15,8,15,3,3,566,1,566,1,0,0,0,0,8,15,8,15,3,3,566,1,566,1,0,0,0,0,8,15,8,15,3,3,566,1,566,1,0,0,0,0,8,15,8,15,4,9,566,1,566,1,0,0,0,0
82,900,100,900,0,100,0,1000,8,15,8,15,4,9,4098,15,0,0,290,1,3808,14,8,15,8,15,3,3,4098,15,0,0,290,1,3808,14,8,15,8,15,3,3,4098,15,0,0,290,1,3808,14,8,15,8,15,3,3,4098,15,0,0,290,1,3808,14,8,15,8,15,3,3,4098,15,0,0,290,1,3808,14,8,15,8,15,4,9,4098,15,0,0,290,1,3808,14
83,900,100,900,0,100,0,1000,8,15,8,15,4,9,0,0,0,0,0,0,0,0,8,15,8,15,3,3,0,0,0,0,0,0,0,0,8,15,8,15,3,3,0,0,0,0,0,0,0,0,8,15,8,15,3,3,0,0,0,0,0,0,0,0,8,15,8,15,3,3,0,0,0,0,0,0,0,0,8,15,8,15,4,9,0,0,0,0,0,0,0,0
84,900,100,900,0,100,0,1000,8,15,8,15,4,9,0,0,0,0,0,0,0,0,8,15,8,15,3,3,0,0,0,0,0,0,0,0,8,15,8,15,3,3,0,0,0,0,0,0,0,0,8,15,8,15,3,3,0,0,0,0,0,0,0,0,8,15,8,15,3,3,0,0,0,0,0,0,0,0,8,15,8,15,4,9,0,0,0,0,0,0,0,0
85,900,100,900,0,100,0,1000,8,15,8,15,4,9,0,0,0,0,0,0,0,0,8,15,8,15,3,3,0,0,0,0,0,0,0,0,8,15,8,15,3,3,0,0,0,0,0,0,0,0,8,15,8,15,3,3,0,0,0,0,0,0,0,0,8,15,8,15,3,3,0,0,0,0,0,0,0,0,8,15,8,15,4,9,0,0,0,0,0,0,0,0
86,900,100,900,0,100,0,1000,8,15,8,15,4,9,2448,9,0,0,0,0,2448,9,8,15,8,15,3,3,2448,9,0,0,0,0,2448,9,8,15,8,15,3,3,2448,9,0,0,0,0,2448,9,8,15,8,15,3,3,2448,9,0,0,0,0,2448,9,8,15,8,15,3,3,2448,9,0,0,0,0,2448,9,8,15,8,15,4,9,2448,9,0,0,0,0,2448,9
87,900,100,900,0,100,0,1000,8,15,8,15,4,9,0,0,0,0,0,0,0,0,8,15,8,15,3,3,0,0,0,0,0,0,0,0,8,15,8,15,3,3,0,0,0,0,0,0,0,0,8,15,8,15,3,3,0,0,0,0,0,0,0,0,8,15,8,15,3,3,0,0,0,0,0,0,0,0,8,15,8,15,4,9,0,0,0,0,0,0,0,0
88,900,100,900,0,100,0,1000,8,15,8,15,4,9,0,0,0,0,0,0,0,0,8,15,8,15,3,3,0,0,0,0,0,0,0,0,8,15,8,15,3,3,0,0,0,0,0,0,0,0,8,15,8,15,3,3,0,0,0,0,0,0,0,0,8,15,8,15,3,3,0,0,0,0,0,0,0,0,8,15,8,15,4,9,0,0,0,0,0,0,0,0
89,900,100,900,0,100,0,1000,8,15,8,15,4,9,0,0,0,0,0,0,0,0,8,15,8,15,3,3,0,0,0,0,0,0,0,0,8,15,8,15,3,3,0,0,0,0,0,0,0,0,8,15,8,15,3,3,0,0,0,0,0,0,0,0,8,15,8,15,3,3,0,0,0,0,0,0,0,0,8,15,8,15,4,9,0,0,0,0,0,0,0,0
90,900,100,900,0,100,0,1000,8,15,8,15,4,9,1904,7,0,0,0,0,1904,7,8,15,8,15,3,3,1904,7,0,0,0,0,1904,7,8,15,8,15,3,3,1904,7,0,0,0,0,1904,7,8,15,8,15,3,3,1904,7,0,0,0,0,1904,7,8,15,8,15,3,3,1904,7,0,0,0,0,1904,7,8,15,8,15,4,9,1904,7,0,0,0,0,1904,7
91,900,100,900,0,100,0,1000,8,15,8,15,5,12,0,0,0,0,0,0,0,0,8,15,8,15,3,3,0,0,0,0,0,0,0,0,8,15,8,15,3,3,0,0,0,0,0,0,0,0,8,15,8,15,3,3,0,0,0,0,0,0,0,0,8,15,8,15,3,3,0,0,0,0,0,0,0,0,8,15,8,15,5,12,0,0,0,0,0,0,0,0
92,900,100,900,0,100,0,1000,8,15,8,15,5,12,0,0,0,0,0,0,0,0,8,15,8,15,3,3,0,0,0,0,0,0,0,0,8,15,8,15,3,3,0,0,0,0,0,0,0,0,8,15,8,15,3,3,0,0,0,0,0,0,0,0,8,15,8,15,3,3,0,0,0,0,0,0,0,0,8,15,8,15,5,12,0,0,0,0,0,0,0,0
93,900,100,900,0,100,0,1000,8,15,8,15,5,12,0,0,0,0,0,0,0,0,8,15,8,15,3,3,0,0,0,0,0,0,0,0,8,15,8,15,3,3,0,0,0,0,0,0,0,0,8,15,8,15,3,3,0,0,0,0,0,0,0,0,8,15,8,15,3,3,0,0,0,0,0,0,0,0,8,15,8,15,5,12,0,0,0,0,0,0,0,0
94,900,100,900,0,100,0,1000,8,15,8,15,5,12,3536,13,0,0,0,0,3536,13,8,15,8,15,3,3,3536,13,0,0,0,0,3536,13,8,15,8,15,3,3,3536,13,0,0,0,0,3536,13,8,15,8,15,3,3,3536,13,0,0,0,0,3536,13,8,15,8,15,3,3,3536,13,0,0,0,0,3536,13,8,15,8,15,5,12,3536,13,0,0,0,0,3536,13
95,900,100,900,0,100,0,1000,8,15,8,15,6,13,0,0,0,0,0,0,0,0,8,15,8,15,3,3,0,0,0,0,0,0,0,0,8,15,8,15,3,3,0,0,0,0,0,0,0,0,8,15,8,15,3,3,0,0,0,0,0,0,0,0,8,15,8,15,3,3,0,0,0,0,0,0,0,0,8,15,8,15,6,13,0,0,0,0,0,0,0,0
96,900,100,900,0,100,0,1000,8,15,8,15,6,13,0,0,0,0,0,0,0,0,8,15,8,15,3,3,0,0,0,0,0,0,0,0,8,15,8,15,3,3,0,0,0,0,0,0,0,0,8,15,8,15,3,3,0,0,0,0,0,0,0,0,8,15,8,15,3,3,0,0,0,0,0,0,0,0,8,15,8,15,6,13,0,0,0,0,0,0,0,0
97,900,100,900,0,100,0,1000,8,15,8,15,6,13,0,0,0,0,0,0,0,0,8,15,8,15,3,3,0,0,0,0,0,0,0,0,8,15,8,15,3,3,0,0,0,0,0,0,0,0,8,15,8,15,3,3,0,0,0,0,0,0,0,0,8,15,8,15,3,3,0,0,0,0,0,0,0,0,8,15,8,15,6,13,0,0,0,0,0,0,0,0
98,900,100,900,0,100,0,1000,8,15,8,15,6,13,2176,8,0,0,0,0,2176,8,8,15,8,15,3,3,2176,8,0,0,0,0,2176,8,8,15,8,15,3,3,2176,8,0,0,0,0,2176,8,8,15,8,15,3,3,2176,8,0,0,0,0,2176,8,8,15,8,15,3,3,2176,8,0,0,0,0,2176,8,8,15,8,15,6,13,2176,8,0,0,0,0,2176,8
99,900,100,900,0,100,0,1000,8,15,8,15,7,14,0,0,0,0,0,0,0,0,8,15,8,15,3,3,0,0,0,0,0,0,0,0,8,15,8,15,3,3,0,0,0,0,0,0,0,0,8,15,8,15,3,3,0,0,0,0,0,0,0,0,8,15,8,15,3,3,0,0,0,0,0,0,0,0,8,15,8,15,7,14,0,0,0,0,0,0,0,0
100,900,100,900,0,100,0,1000,8,15,8,15,7,14,0,0,0,0,0,0,0,0,8,15,8,15,3,3,0,0,0,0,0,0,0,0,8,15,8,15,3,3,0,0,0,0,0,0,0,0,8,15,8,15,3,3,0,0,0,0,0,0,0,0,8,15,8,15,3,3,0,0,0,0,0,0,0,0,8,15,8,15,7,14,0,0,0,0,0,0,0,0
101,900,100,900,0,100,0,1000,8,15,8,15,7,14,0,0,0,0,0,0,0,0,8,15,8,15,3,3,0,0,0,0,0,0,0,0,8,15,8,15,3,3,0,0,0,0,0,0,0,0,8,15,8,15,3,3,0,0,0,0,0,0,0,0,8,15,8,15,3,3,0,0,0,0,0,0,0,0,8,15,8,15,7,14,0,0,0,0,0,0,0,0
102,900,100,900,0,100,0,1000,8,15,8,15,7,14,1632,6,0,0,0,0,1632,6,8,15,8,15,3,3,1632,6,0,0,0,0,1632,6,8,15,8,15,3,3,1632,6,0,0,0,0,1632,6,8,15,8,15,3,3,1632,6,0,0,0,0,1632,6,8,15,8,15,3,3,1632,6,0,0,0,0,1632,6,8,15,8,15,7,14,1632,6,0,0,0,0,1632,6
103,900,100,900,0,100,0,1000,8,15,8,15,8,15,0,0,0,0,0,0,0,0,8,15,8,15,3,3,0,0,0,0,0,0,0,0,8,15,8,15,3,3,0,0,0,0,0,0,0,0,8,15,8,15,3,3,0,0,0,0,0,0,0,0,8,15,8,15,3,3,0,0,0,0,0,0,0,0,8,15,8,15,8,15,0,0,0,0,0,0,0,0
104,900,100,900,0,100,0,1000,8,15,8,15,8,15,0,0,0,0,0,0,0,0,8,15,8,15,3,3,0,0,0,0,0,0,0,0,8,15,8,15,3,3,0,0,0,0,0,0,0,0,8,15,8,15,3,3,0,0,0,0,0,0,0,0,8,15,8,15,3,3,0,0,0,0,0,0,0,0,8,15,8,15,8,15,0,0,0,0,0,0,0,0
105,900,100,900,0,100,0,1000,8,15,8,15,8,15,0,0,0,0,0,0,0,0,8,15,8,15,3,3,0,0,0,0,0,0,0,0,8,15,8,15,3,3,0,0,0,0,0,0,0,0,8,15,8,15,3,3,0,0,0,0,0,0,0,0,8,15,8,15,3,3,0,0,0,0,0,0,0,0,8,15,8,15,8,15,0,0,0,0,0,0,0,0
106,900,100,900,0,100,0,1000,8,15,8,15,8,15,1632,6,0,0,0,0,1632,6,8,15,8,15,3,3,1632,6,0,0,0,0,1632,6,8,15,8,15,3,3,1632,6,0,0,0,0,1632,6,8,15,8,15,3,3,1632,6,0,0,0,0,1632,6,8,15,8,15,3,3,1632,6,0,0,0,0,1632,6,8,15,8,15,8,15,1632,6,0,0,0,0,1632,6
107,900,100,900,0,100,0,1000,9,16,8,15,9,16,0,0,0,0,0,0,0,0,8,15,8,15,3,3,0,0,0,0,0,0,0,0,8,15,8,15,3,3,0,0,0,0,0,0,0,0,8,15,8,15,3,3,0,0,0,0,0,0,0,0,8,15,8,15,3,3,0,0,0,0,0,0,0,0,9,16,8,15,9,16,0,0,0,0,0,0,0,0
108,900,100,900,0,100,0,1000,9,16,8,15,9,16,0,0,0,0,0,0,0,0,8,15,8,15,3,3,0,0,0,0,0,0,0,0,8,15,8,15,3,3,0,0,0,0,0,0,0,0,8,15,8,15,3,3,0,0,0,0,0,0,0,0,8,15,8,15,3,3,0,0,0,0,0,0,0,0,9,16,8,15,9,16,0,0,0,0,0,0,0,0
109,900,100,900,0,100,0,1000,9,16,8,15,9,16,0,0,0,0,0,0,0,0,8,15,8,15,3,3,0,0,0,0,0,0,0,0,8,15,8,15,3,3,0,0,0,0,0,0,0,0,8,15,8,15,3,3,0,0,0,0,0,0,0,0,8,15,8,15,3,3,0,0,0,0,0,0,0,0,9,16,8,15,9,16,0,0,0,0,0,0,0,0
110,900,100,900,0,100,0,1000,9,16,8,15,9,16,2448,9,0,0,0,0,2448,9,8,15,8,15,3,3,2448,9,0,0,0,0,2448,9,8,15,8,15,3,3,2448,9,0,0,0,0,2448,9,8,15,8,15,3,3,2448,9,0,0,0,0,2448,9,8,15,8,15,3,3,2448,9,0,0,0,0,2448,9,9,16,8,15,9,16,2448,9,0,0,0,0,2448,9
111,900,100,900,0,100,0,1000,9,16,8,15,9,16,0,0,0,0,0,0,0,0,8,15,8,15,3,3,0,0,0,0,0,0,0,0,8,15,8,15,3,3,0,0,0,0,0,0,0,0,8,15,8,15,3,3,0,0,0,0,0,0,0,0,8,15,8,15,3,3,0,0,0,0,0,0,0,0,9,16,8,15,9,16,0,0,0,0,0,0,0,0
112,900,100,900,0,100,0,1000,9,16,8,15,9,16,0,0,0,0,0,0,0,0,8,15,8,15,3,3,0,0,0,0,0,0,0,0,8,15,8,15,3,3,0,0,0,0,0,0,0,0,8,15,8,15,3,3,0,0,0,0,0,0,0,0,8,15,8,15,3,3,0,0,0,0,0,0,0,0,9,16,8,15,9,16,0,0,0,0,0,0,0,0
113,900,100,900,0,100,0,1000,9,16,8,15,9,16,0,0,0,0,0,0,0,0,8,15,8,15,3,3,0,0,0,0,0,0,0,0,8,15,8,15,3,3,0,0,0,0,0,0,0,0,8,15,8,15,3,3,0,0,0,0,0,0,0,0,8,15,8,15,3,3,0,0,0,0,0,0,0,0,9,16,8,15,9,16,0,0,0,0,0,0,0,0
114,900,100,900,0,100,0,1000,9,16,8,15,9,16,2992,11,0,0,0,0,2992,11,8,15,8,15,3,3,2992,11,0,0,0,0,2992,11,8,15,8,15,3,3,2992,11,0,0,0,0,2992,11,8,15,8,15,3,3,2992,11,0,0,0,0,2992,11,8,15,8,15,3,3,2992,11,0,0,0,0,2992,11,9,16,8,15,9,16,2992,11,0,0,0,0,2992,11
115,900,100,900,0,100,0,1000,10,18,8,15,10,18,0,0,0,0,0,0,0,0,8,15,8,15,3,3,0,0,0,0,0,0,0,0,8,15,8,15,3,3,0,0,0,0,0,0,0,0,8,15,8,15,3,3,0,0,0,0,0,0,0,0,8,15,8,15,3,3,0,0,0,0,0,0,0,0,10,18,8,15,10,18,0,0,0,0,0,0,0,0
116,900,100,900,0,100,0,1000,10,18,8,15,10,18,0,0,0,0,0,0,0,0,8,15,8,15,3,3,0,0,0,0,0,0,0,0,8,15,8,15,3,3,0,0,0,0,0,0,0,0,8,15,8,15,3,3,0,0,0,0,0,0,0,0,8,15,8,15,3,3,0,0,0,0,0,0,0,0,10,18,8,15,10,18,0,0,0,0,0,0,0,0
117,900,100,900,0,100,0,1000,10,18,8,15,10,18,0,0,0,0,0,0,0,0,8,15,8,15,3,3,0,0,0,0,0,0,0,0,8,15,8,15,3,3,0,0,0,0,0,0,0,0,8,15,8,15,3,3,0,0,0,0,0,0,0,0,8,15,8,15,3,3,0,0,0,0,0,0,0,0,10,18,8,15,10,18,0,0,0,0,0,0,0,0
118,900,100,900,0,100,0,1000,10,18,8,15,10,18,2720,10,0,0,0,0,2720,10,8,15,8,15,3,3,2720,10,0,0,0,0,2720,10,8,15,8,15,3,3,2720,10,0,0,0,0,2720,10,8,15,8,15,3,3,2720,10,0,0,0,0,2720,10,8,15,8,15,3,3,2720,10,0,0,0,0,2720,10,10,18,8,15,10,18,2720,10,0,0,0,0,2720,10
119,900,100,900,0,100,0,1000,11,19,8,15,11,19,0,0,0,0,0,0,0,0,8,15,8,15,3,3,0,0,0,0,0,0,0,0,8,15,8,15,3,3,0,0,0,0,0,0,0,0,8,15,8,15,3,3,0,0,0,0,0,0,0,0,8,15,8,15,3,3,0,0,0,0,0,0,0,0,11,19,8,15,11,19,0,0,0,0,0,0,0,0
120,900,100,900,0,100,0,1000,11,19,8,15,11,19,0,0,0,0,0,0,0,0,8,15,8,15,3,3,0,0,0,0,0,0,0,0,8,15,8,15,3,3,0,0,0,0,0,0,0,0,8,15,8,15,3,3,0,0,0,0,0,0,0,0,8,15,8,15,3,3,0,0,0,0,0,0,0,0,11,19,8,15,11,19,0,0,0,0,0,0,0,0
121,900,100,900,0,100,0,1000,11,19,8,15,11,19,759,1,759,1,0,0,0,0,8,15,8,15,3,3,759,1,759,1,0,0,0,0,8,15,8,15,3,3,759,1,759,1,0,0,0,0,8,15,8,15,3,3,759,1,759,1,0,0,0,0,8,15,8,15,3,3,759,1,759,1,0,0,0,0,11,19,8,15,11,19,759,1,759,1,0,0,0,0
122,900,100,900,0,100,0,1000,11,19,8,15,11,19,1651,6,0,0,291,1,1360,5,8,15,8,15,3,3,1651,6,0,0,291,1,1360,5,8,15,8,15,3,3,1651,6,0,0,291,1,1360,5,8,15,8,15,3,3,1651,6,0,0,291,1,1360,5,8,15,8,15,3,3,1651,6,0,0,291,1,1360,5,11,19,8,15,11,19,1651,6,0,0,291,1,1360,5
123,900,100,900,0,100,0,1000,12,20,8,15,12,20,0,0,0,0,0,0,0,0,8,15,8,15,3,3,0,0,0,0,0,0,0,0,8,15,8,15,3,3,0,0,0,0,0,0,0,0,8,15,8,15,3,3,0,0,0,0,0,0,0,0,8,15,8,15,3,3,0,0,0,0,0,0,0,0,12,20,8,15,12,20,0,0,0,0,0,0,0,0
124,900,100,900,0,100,0,1000,12,20,8,15,12,20,0,0,0,0,0,0,0,0,8,15,8,15,3,3,0,0,0,0,0,0,0,0,8,15,8,15,3,3,0,0,0,0,0,0,0,0,8,15,8,15,3,3,0,0,0,0,0,0,0,0,8,15,8,15,3,3,0,0,0,0,0,0,0,0,12,20,8,15,12,20,0,0,0,0,0,0,0,0
125,900,100,900,0,100,0,1000,12,20,8,15,12,20,0,0,0,0,0,0,0,0,8,15,8,15,3,3,0,0,0,0,0,0,0,0,8,15,8,15,3,3,0,0,0,0,0,0,0,0,8,15,8,15,3,3,0,0,0,0,0,0,0,0,8,15,8,15,3,3,0,0,0,0,0,0,0,0,12,20,8,15,12,20,0,0,0,0,0,0,0,0
126,0,1000,0,900,100,0,1000,12,20,8,15,12,20,2448,9,0,0,0,0,2448,9,8,15,8,15,3,3,2448,9,0,0,0,0,2448,9,8,15,8,15,3,3,2448,9,0,0,0,0,2448,9,8,15,8,15,3,3,2448,9,0,0,0,0,2448,9,8,15,8,15,3,3,2448,9,0,0,0,0,2448,9,12,20,8,15,12,20,2448,9,0,0,0,0,2448,9
127,0,1000,0,0,1000,0,1000,12,20,8,15,12,20,0,0,0,0,0,0,0,0,12,20,8,15,12,20,0,0,0,0,0,0,0,0,12,20,8,15,12,20,0,0,0,0,0,0,0,0,12,20,8,15,12,20,0,0,0,0,0,0,0,0,12,20,8,15,12,20,0,0,0,0,0,0,0,0,12,20,8,15,12,20,0,0,0,0,0,0,0,0
128,0,1000,0,0,1000,0,1000,12,20,8,15,12,20,0,0,0,0,0,0,0,0,12,20,8,15,12,20,0,0,0,0,0,0,0,0,12,20,8,15,12,20,0,0,0,0,0,0,0,0,12,20,8,15,12,20,0,0,0,0,0,0,0,0,12,20,8,15,12,20,0,0,0,0,0,0,0,0,12,20,8,15,12,20,0,0,0,0,0,0,0,0
129,0,1000,0,0,1000,0,1000,12,20,8,15,12,20,727,1,727,1,0,0,0,0,12,20,8,15,12,20,727,1,727,1,0,0,0,0,12,20,8,15,12,20,727,1,727,1,0,0,0,0,12,20,8,15,12,20,727,1,727,1,0,0,0,0,12,20,8,15,12,20,727,1,727,1,0,0,0,0,12,20,8,15,12,20,727,1,727,1,0,0,0,0
130,0,1000,0,0,1000,0,1000,14,32,14,32,12,20,21507,79,0,0,291,1,21216,78,14,32,14,32,12,20,21507,79,0,0,291,1,21216,78,14,32,14,32,12,20,21507,79,0,0,291,1,21216,78,14,32,14,32,12,20,21507,79,0,0,291,1,21216,78,14,32,14,32,12,20,21507,79,0,0,291,1,21216,78,14,32,14,32,12,20,21507,79,0,0,291,1,21216,78
131,0,1000,0,0,1000,0,1000,14,32,14,32,12,20,0,0,0,0,0,0,0,0,14,32,14,32,12,20,0,0,0,0,0,0,0,0,14,32,14,32,12,20,0,0,0,0,0,0,0,0,14,32,14,32,12,20,0,0,0,0,0,0,0,0,14,32,14,32,12,20,0,0,0,0,0,0,0,0,14,32,14,32,12,20,0,0,0,0,0,0,0,0
132,0,1000,0,0,1000,0,1000,14,32,14,32,12,20,0,0,0,0,0,0,0,0,14,32,14,32,12,20,0,0,0,0,0,0,0,0,14,32,14,32,12,20,0,0,0,0,0,0,0,0,14,32,14,32,12,20,0,0,0,0,0,0,0,0,14,32,14,32,12,20,0,0,0,0,0,0,0,0,14,32,14,32,12,20,0,0,0,0,0,0,0,0
133,0,1000,0,0,1000,0,1000,14,32,14,32,12,20,2935,1,2935,1,0,0,0,0,14,32,14,32,12,20,2935,1,2935,1,0,0,0,0,14,32,14,32,12,20,2935,1,2935,1,0,0,0,0,14,32,14,32,12,20,2935,1,2935,1,0,0,0,0,14,32,14,32,12,20,2935,1,2935,1,0,0,0,0,14,32,14,32,12,20,2935,1,2935,1,0,0,0,0
134,0,1000,0,0,1000,0,1000,15,33,15,33,12,20,26675,98,0,0,291,1,26384,97,15,33,15,33,12,20,26675,98,0,0,291,1,26384,97,15,33,15,33,12,20,26675,98,0,0,291,1,26384,97,15,33,15,33,12,20,26675,98,0,0,291,1,26384,97,15,33,15,33,12,20,26675,98,0,0,291,1,26384,97,15,33,15,33,12,20,26675,98,0,0,291,1,26384,97
135,0,1000,0,0,1000,0,1000,15,33,15,33,12,20,0,0,0,0,0,0,0,0,15,33,15,33,12,20,0,0,0,0,0,0,0,0,15,33,15,33,12,20,0,0,0,0,0,0,0,0,15,33,15,33,12,20,0,0,0,0,0,0,0,0,15,33,15,33,12,20,0,0,0,0,0,0,0,0,15,33,15,33,12,20,0,0,0,0,0,0,0,0
136,0,1000,0,0,1000,0,1000,15,33,15,33,12,20,0,0,0,0,0,0,0,0,15,33,15,33,12,20,0,0,0,0,0,0,0,0,15,33,15,33,12,20,0,0,0,0,0,0,0,0,15,33,15,33,12,20,0,0,0,0,0,0,0,0,15,33,15,33,12,20,0,0,0,0,0,0,0,0,15,33,15,33,12,20,0,0,0,0,0,0,0,0
137,0,1000,0,0,1000,0,1000,15,33,15,33,12,20,7086,2,7086,2,0,0,0,0,15,33,15,33,12,20,7086,2,7086,2,0,0,0,0,15,33,15,33,12,20,7086,2,7086,2,0,0,0,0,15,33,15,33,12,20,7086,2,7086,2,0,0,0,0,15,33,15,33,12,20,7086,2,7086,2,0,0,0,0,15,33,15,33,12,20,7086,2,7086,2,0,0,0,0
138,0,1000,0,0,1000,0,1000,16,34,16,34,12,20,26947,99,0,0,291,1,26656,98,16,34,16,34,12,20,26947,99,0,0,291,1,26656,98,16,34,16,34,12,20,26947,99,0,0,291,1,26656,98,16,34,16,34,12,20,26947,99,0,0,291,1,26656,98,16,34,16,34,12,20,26947,99,0,0,291,1,26656,98,16,34,16,34,12,20,26947,99,0,0,291,1,26656,98
139,0,1000,0,0,1000,0,1000,16,34,16,34,12,20,0,0,0,0,0,0,0,0,16,34,16,34,12,20,0,0,0,0,0,0,0,0,16,34,16,34,12,20,0,0,0,0,0,0,0,0,16,34,16,34,12,20,0,0,0,0,0,0,0,0,16,34,16,34,12,20,0,0,0,0,0,0,0,0,16,34,16,34,12,20,0,0,0,0,0,0,0,0
140,0,1000,0,0,1000,0,1000,16,34,16,34,12,20,0,0,0,0,0,0,0,0,16,34,16,34,12,20,0,0,0,0,0,0,0,0,16,34,16,34,12,20,0,0,0,0,0,0,0,0,16,34,16,34,12,20,0,0,0,0,0,0,0,0,16,34,16,34,12,20,0,0,0,0,0,0,0,0,16,34,16,34,12,20,0,0,0,0,0,0,0,0
141,0,1000,0,0,1000,0,1000,16,34,16,34,12,20,3575,1,3575,1,0,0,0,0,16,34,16,34,12,20,3575,1,3575,1,0,0,0,0,16,34,16,34,12,20,3575,1,3575,1,0,0,0,0,16,34,16,34,12,20,3575,1,3575,1,0,0,0,0,16,34,16,34,12,20,3575,1,3575,1,0,0,0,0,16,34,16,34,12,20,3575,1,3575,1,0,0,0,0
142,0,1000,0,0,1000,0,1000,17,35,17,35,12,20,32659,120,0,0,291,1,32368,119,17,35,17,35,12,20,32659,120,0,0,291,1,32368,119,17,35,17,35,12,20,32659,120,0,0,291,1,32368,119,17,35,17,35,12,20,32659,120,0,0,291,1,32368,119,17,35,17,35,12,20,32659,120,0,0,291,1,32368,119,17,35,17,35,12,20,32659,120,0,0,291,1,32368,119
143,0,1000,0,0,1000,0,1000,17,35,17,35,12,20,0,0,0,0,0,0,0,0,17,35,17,35,12,20,0,0,0,0,0,0,0,0,17,35,17,35,12,20,0,0,0,0,0,0,0,0,17,35,17,35,12,20,0,0,0,0,0,0,0,0,17,35,17,35,12,20,0,0,0,0,0,0,0,0,17,35,17,35,12,20,0,0,0,0,0,0,0,0
144,0,1000,0,0,1000,0,1000,17,35,17,35,12,20,0,0,0,0,0,0,0,0,17,35,17,35,12,20,0,0,0,0,0,0,0,0,17,35,17,35,12,20,0,0,0,0,0,0,0,0,17,35,17,35,12,20,0,0,0,0,0,0,0,0,17,35,17,35,12,20,0,0,0,0,0,0,0,0,17,35,17,35,12,20,0,0,0,0,0,0,0,0
145,0,1000,0,0,1000,0,1000,17,35,17,35,12,20,8494,2,8494,2,0,0,0,0,17,35,17,35,12,20,8494,2,8494,2,0,0,0,0,17,35,17,35,12,20,8494,2,8494,2,0,0,0,0,17,35,17,35,12,20,8494,2,8494,2,0,0,0,0,17,35,17,35,12,20,8494,2,8494,2,0,0,0,0,17,35,17,35,12,20,8494,2,8494,2,0,0,0,0
146,0,1000,0,0,1000,0,1000,18,36,18,36,12,20,25859,95,0,0,291,1,25568,94,18,36,18,36,12,20,25859,95,0,0,291,1,25568,94,18,36,18,36,12,20,25859,95,0,0,291,1,25568,94,18,36,18,36,12,20,25859,95,0,0,291,1,25568,94,18,36,18,36,12,20,25859,95,0,0,291,1,25568,94,18,36,18,36,12,20,25859,95,0,0,291,1,25568,94
147,0,1000,0,0,1000,0,1000,18,36,18,36,12,20,0,0,0,0,0,0,0,0,18,36,18,36,12,20,0,0,0,0,0,0,0,0,18,36,18,36,12,20,0,0,0,0,0,0,0,0,18,36,18,36,12,20,0,0,0,0,0,0,0,0,18,36,18,36,12,20,0,0,0,0,0,0,0,0,18,36,18,36,12,20,0,0,0,0,0,0,0,0
148,0,1000,0,0,1000,0,1000,18,36,18,36,12,20,0,0,0,0,0,0,0,0,18,36,18,36,12,20,0,0,0,0,0,0,0,0,18,36,18,36,12,20,0,0,0,0,0,0,0,0,18,36,18,36,12,20,0,0,0,0,0,0,0,0,18,36,18,36,12,20,0,0,0,0,0,0,0,0,18,36,18,36,12,20,0,0,0,0,0,0,0,0
149,0,1000,0,0,1000,0,1000,18,36,18,36,12,20,3447,1,3447,1,0,0,0,0,18,36,18,36,12,20,3447,1,3447,1,0,0,0,0,18,36,18,36,12,20,3447,1,3447,1,0,0,0,0,18,36,18,36,12,20,3447,1,3447,1,0,0,0,0,18,36,18,36,12,20,3447,1,3447,1,0,0,0,0,18,36,18,36,12,20,3447,1,3447,1,0,0,0,0
150,0,1000,0,0,1000,0,1000,19,37,19,37,12,20,27763,102,0,0,291,1,27472,101,19,37,19,37,12,20,27763,102,0,0,291,1,27472,101,19,37,19,37,12,20,27763,102,0,0,291,1,27472,101,19,37,19,37,12,20,27763,102,0,0,291,1,27472,101,19,37,19,37,12,20,27763,102,0,0,291,1,27472,101,19,37,19,37,12,20,27763,102,0,0,291,1,27472,101
151,0,1000,0,0,1000,0,1000,19,37,19,37,12,20,0,0,0,0,0,0,0,0,19,37,19,37,12,20,0,0,0,0,0,0,0,0,19,37,19,37,12,20,0,0,0,0,0,0,0,0,19,37,19,37,12,20,0,0,0,0,0,0,0,0,19,37,19,37,12,20,0,0,0,0,0,0,0,0,19,37,19,37,12,20,0,0,0,0,0,0,0,0
152,0,1000,0,0,1000,0,1000,19,37,19,37,12,20,0,0,0,0,0,0,0,0,19,37,19,37,12,20,0,0,0,0,0,0,0,0,19,37,19,37,12,20,0,0,0,0,0,0,0,0,19,37,19,37,12,20,0,0,0,0,0,0,0,0,19,37,19,37,12,20,0,0,0,0,0,0,0,0,19,37,19,37,12,20,0,0,0,0,0,0,0,0
153,0,1000,0,0,1000,0,1000,19,37,19,37,12,20,0,0,0,0,0,0,0,0,19,37,19,37,12,20,0,0,0,0,0,0,0,0,19,37,19,37,12,20,0,0,0,0,0,0,0,0,19,37,19,37,12,20,0,0,0,0,0,0,0,0,19,37,19,37,12,20,0,0,0,0,0,0,0,0,19,37,19,37,12,20,0,0,0,0,0,0,0,0
154,0,1000,0,0,1000,0,1000,19,37,19,37,12,20,29648,109,0,0,0,0,29648,109,19,37,19,37,12,20,29648,109,0,0,0,0,29648,109,19,37,19,37,12,20,29648,109,0,0,0,0,29648,109,19,37,19,37,12,20,29648,109,0,0,0,0,29648,109,19,37,19,37,12,20,29648,109,0,0,0,0,29648,109,19,37,19,37,12,20,29648,109,0,0,0,0,29648,109
155,0,1000,0,0,1000,0,1000,19,37,19,37,12,20,0,0,0,0,0,0,0,0,19,37,19,37,12,20,0,0,0,0,0,0,0,0,19,37,19,37,12,20,0,0,0,0,0,0,0,0,19,37,19,37,12,20,0,0,0,0,0,0,0,0,19,37,19,37,12,20,0,0,0,0,0,0,0,0,19,37,19,37,12,20,0,0,0,0,0,0,0,0
156,0,1000,0,0,1000,0,1000,19,37,19,37,12,20,0,0,0,0,0,0,0,0,19,37,19,37,12,20,0,0,0,0,0,0,0,0,19,37,19,37,12,20,0,0,0,0,0,0,0,0,19,37,19,37,12,20,0,0,0,0,0,0,0,0,19,37,19,37,12,20,0,0,0,0,0,0,0,0,19,37,19,37,12,20,0,0,0,0,0,0,0,0
157,0,1000,0,0,1000,0,1000,19,37,19,37,12,20,3927,1,3927,1,0,0,0,0,19,37,19,37,12,20,3927,1,3927,1,0,0,0,0,19,37,19,37,12,20,3927,1,3927,1,0,0,0,0,19,37,19,37,12,20,3927,1,3927,1,0,0,0,0,19,37,19,37,12,20,3927,1,3927,1,0,0,0,0,19,37,19,37,12,20,3927,1,3927,1,0,0,0,0
158,0,1000,0,0,1000,0,1000,20,39,20,39,12,20,31027,114,0,0,291,1,30736,113,20,39,20,39,12,20,31027,114,0,0,291,1,30736,113,20,39,20,39,12,20,31027,114,0,0,291,1,30736,113,20,39,20,39,12,20,31027,114,0,0,291,1,30736,113,20,39,20,39,12,20,31027,114,0,0,291,1,30736,113,20,39,20,39,12,20,31027,114,0,0,291,1,30736,113
159,0,1000,0,0,1000,0,1000,20,39,20,39,12,20,0,0,0,0,0,0,0,0,20,39,20,39,12,20,0,0,0,0,0,0,0,0,20,39,20,39,12,20,0,0,0,0,0,0,0,0,20,39,20,39,12,20,0,0,0,0,0,0,0,0,20,39,20,39,12,20,0,0,0,0,0,0,0,0,20,39,20,39,12,20,0,0,0,0,0,0,0,0
160,0,1000,0,0,1000,0,1000,20,39,20,39,12,20,0,0,0,0,0,0,0,0,20,39,20,39,12,20,0,0,0,0,0,0,0,0,20,39,20,39,12,20,0,0,0,0,0,0,0,0,20,39,20,39,12,20,0,0,0,0,0,0,0,0,20,39,20,39,12,20,0,0,0,0,0,0,0,0,20,39,20,39,12,20,0,0,0,0,0,0,0,0
161,0,1000,0,0,1000,0,1000,20,39,20,39,12,20,0,0,0,0,0,0,0,0,20,39,20,39,12,20,0,0,0,0,0,0,0,0,20,39,20,39,12,20,0,0,0,0,0,0,0,0,20,39,20,39,12,20,0,0,0,0,0,0,0,0,20,39,20,39,12,20,0,0,0,0,0,0,0,0,20,39,20,39,12,20,0,0,0,0,0,0,0,0
162,0,1000,0,0,1000,0,1000,20,39,20,39,12,20,26656,98,0,0,0,0,26656,98,20,39,20,39,12,20,26656,98,0,0,0,0,26656,98,20,39,20,39,12,20,26656,98,0,0,0,0,26656,98,20,39,20,39,12,20,26656,98,0,0,0,0,26656,98,20,39,20,39,12,20,26656,98,0,0,0,0,26656,98,20,39,20,39,12,20,26656,98,0,0,0,0,26656,98
163,0,1000,0,0,1000,0,1000,20,39,20,39,13,30,0,0,0,0,0,0,0,0,20,39,20,39,13,30,0,0,0,0,0,0,0,0,20,39,20,39,13,30,0,0,0,0,0,0,0,0,20,39,20,39,13,30,0,0,0,0,0,0,0,0,20,39,20,39,13,30,0,0,0,0,0,0,0,0,20,39,20,39,13,30,0,0,0,0,0,0,0,0
164,0,1000,0,0,1000,0,1000,20,39,20,39,13,30,0,0,0,0,0,0,0,0,20,39,20,39,13,30,0,0,0,0,0,0,0,0,20,39,20,39,13,30,0,0,0,0,0,0,0,0,20,39,20,39,13,30,0,0,0,0,0,0,0,0,20,39,20,39,13,30,0,0,0,0,0,0,0,0,20,39,20,39,13,30,0,0,0,0,0,0,0,0
165,0,1000,0,0,1000,0,1000,20,39,20,39,13,30,0,0,0,0,0,0,0,0,20,39,20,39,13,30,0,0,0,0,0,0,0,0,20,39,20,39,13,30,0,0,0,0,0,0,0,0,20,39,20,39,13,30,0,0,0,0,0,0,0,0,20,39,20,39,13,30,0,0,0,0,0,0,0,0,20,39,20,39,13,30,0,0,0,0,0,0,0,0
166,0,1000,0,0,1000,0,1000,20,39,20,39,13,30,26928,99,0,0,0,0,26928,99,20,39,20,39,13,30,26928,99,0,0,0,0,26928,99,20,39,20,39,13,30,26928,99,0,0,0,0,26928,99,20,39,20,39,13,30,26928,99,0,0,0,0,26928,99,20,39,20,39,13,30,26928,99,0,0,0,0,26928,99,20,39,20,39,13,30,26928,99,0,0,0,0,26928,99
167,0,1000,0,0,1000,0,1000,20,39,20,39,13,30,0,0,0,0,0,0,0,0,20,39,20,39,13,30,0,0,0,0,0,0,0,0,20,39,20,39,13,30,0,0,0,0,0,0,0,0,20,39,20,39,13,30,0,0,0,0,0,0,0,0,20,39,20,39,13,30,0,0,0,0,0,0,0,0,20,39,20,39,13,30,0,0,0,0,0,0,0,0
168,0,1000,0,0,1000,0,1000,20,39,20,39,13,30,0,0,0,0,0,0,0,0,20,39,20,39,13,30,0,0,0,0,0,0,0,0,20,39,20,39,13,30,0,0,0,0,0,0,0,0,20,39,20,39,13,30,0,0,0,0,0,0,0,0,20,39,20,39,13,30,0,0,0,0,0,0,0,0,20,39,20,39,13,30,0,0,0,0,0,0,0,0
169,0,1000,0,0,1000,0,1000,20,39,20,39,13,30,3607,1,3607,1,0,0,0,0,20,39,20,39,13,30,3607,1,3607,1,0,0,0,0,20,39,20,39,13,30,3607,1,3607,1,0,0,0,0,20,39,20,39,13,30,3607,1,3607,1,0,0,0,0,20,39,20,39,13,30,3607,1,3607,1,0,0,0,0,20,39,20,39,13,30,3607,1,3607,1,0,0,0,0
170,0,1000,0,0,1000,0,1000,21,42,21,42,13,30,26947,99,0,0,291,1,26656,98,21,42,21,42,13,30,26947,99,0,0,291,1,26656,98,21,42,21,42,13,30,26947,99,0,0,291,1,26656,98,21,42,21,42,13,30,26947,99,0,0,291,1,26656,98,21,42,21,42,13,30,26947,99,0,0,291,1,26656,98,21,42,21,42,13,30,26947,99,0,0,291,1,26656,98
171,0,1000,0,0,1000,0,1000,21,42,21,42,14,32,0,0,0,0,0,0,0,0,21,42,21,42,14,32,0,0,0,0,0,0,0,0,21,42,21,42,14,32,0,0,0,0,0,0,0,0,21,42,21,42,14,32,0,0,0,0,0,0,0,0,21,42,21,42,14,32,0,0,0,0,0,0,0,0,21,42,21,42,14,32,0,0,0,0,0,0,0,0
172,0,1000,0,0,1000,0,1000,21,42,21,42,14,32,0,0,0,0,0,0,0,0,21,42,21,42,14,32,0,0,0,0,0,0,0,0,21,42,21,42,14,32,0,0,0,0,0,0,0,0,21,42,21,42,14,32,0,0,0,0,0,0,0,0,21,42,21,42,14,32,0,0,0,0,0,0,0,0,21,42,21,42,14,32,0,0,0,0,0,0,0,0
173,0,1000,0,0,1000,0,1000,21,42,21,42,14,32,3575,1,3575,1,0,0,0,0,21,42,21,42,14,32,3575,1,3575,1,0,0,0,0,21,42,21,42,14,32,3575,1,3575,1,0,0,0,0,21,42,21,42,14,32,3575,1,3575,1,0,0,0,0,21,42,21,42,14,32,3575,1,3575,1,0,0,0,0,21,42,21,42,14,32,3575,1,3575,1,0,0,0,0
174,0,1000,0,0,1000,0,1000,22,43,22,43,14,32,26131,96,0,0,291,1,25840,95,22,43,22,43,14,32,26131,96,0,0,291,1,25840,95,22,43,22,43,14,32,26131,96,0,0,291,1,25840,95,22,43,22,43,14,32,26131,96,0,0,291,1,25840,95,22,43,22,43,14,32,26131,96,0,0,291,1,25840,95,22,43,22,43,14,32,26131,96,0,0,291,1,25840,95
175,0,1000,0,0,1000,0,1000,22,43,22,43,15,33,0,0,0,0,0,0,0,0,22,43,22,43,15,33,0,0,0,0,0,0,0,0,22,43,22,43,15,33,0,0,0,0,0,0,0,0,22,43,22,43,15,33,0,0,0,0,0,0,0,0,22,43,22,43,15,33,0,0,0,0,0,0,0,0,22,43,22,43,15,33,0,0,0,0,0,0,0,0
176,0,1000,0,0,1000,0,1000,22,43,22,43,15,33,0,0,0,0,0,0,0,0,22,43,22,43,15,33,0,0,0,0,0,0,0,0,22,43,22,43,15,33,0,0,0,0,0,0,0,0,22,43,22,43,15,33,0,0,0,0,0,0,0,0,22,43,22,43,15,33,0,0,0,0,0,0,0,0,22,43,22,43,15,33,0,0,0,0,0,0,0,0
177,0,1000,0,0,1000,0,1000,22,43,22,43,15,33,3479,1,3479,1,0,0,0,0,22,43,22,43,15,33,3479,1,3479,1,0,0,0,0,22,43,22,43,15,33,3479,1,3479,1,0,0,0,0,22,43,22,43,15,33,3479,1,3479,1,0,0,0,0,22,43,22,43,15,33,3479,1,3479,1,0,0,0,0,22,43,22,43,15,33,3479,1,3479,1,0,0,0,0
178,0,1000,0,0,1000,0,1000,23,44,23,44,15,33,26131,96,0,0,291,1,25840,95,23,44,23,44,15,33,26131,96,0,0,291,1,25840,95,23,44,23,44,15,33,26131,96,0,0,291,1,25840,95,23,44,23,44,15,33,26131,96,0,0,291,1,25840,95,23,44,23,44,15,33,26131,96,0,0,291,1,25840,95,23,44,23,44,15,33,26131,96,0,0,291,1,25840,95
179,0,1000,0,0,1000,0,1000,23,44,23,44,16,34,0,0,0,0,0,0,0,0,23,44,23,44,16,34,0,0,0,0,0,0,0,0,23,44,23,44,16,34,0,0,0,0,0,0,0,0,23,44,23,44,16,34,0,0,0,0,0,0,0,0,23,44,23,44,16,34,0,0,0,0,0,0,0,0,23,44,23,44,16,34,0,0,0,0,0,0,0,0
180,0,1000,0,0,1000,0,1000,23,44,23,44,16,34,0,0,0,0,0,0,0,0,23,44,23,44,16,34,0,0,0,0,0,0,0,0,23,44,23,44,16,34,0,0,0,0,0,0,0,0,23,44,23,44,16,34,0,0,0,0,0,0,0,0,23,44,23,44,16,34,0,0,0,0,0,0,0,0,23,44,23,44,16,34,0,0,0,0,0,0,0,0
181,0,1000,0,0,1000,0,1000,23,44,23,44,16,34,0,0,0,0,0,0,0,0,23,44,23,44,16,34,0,0,0,0,0,0,0,0,23,44,23,44,16,34,0,0,0,0,0,0,0,0,23,44,23,44,16,34,0,0,0,0,0,0,0,0,23,44,23,44,16,34,0,0,0,0,0,0,0,0,23,44,23,44,16,34,0,0,0,0,0,0,0,0
182,0,1000,0,0,1000,0,1000,23,44,23,44,16,34,27744,102,0,0,0,0,27744,102,23,44,23,44,16,34,27744,102,0,0,0,0,27744,102,23,44,23,44,16,34,27744,102,0,0,0,0,27744,102,23,44,23,44,16,34,27744,102,0,0,0,0,27744,102,23,44,23,44,16,34,27744,102,0,0,0,0,27744,102,23,44,23,44,16,34,27744,102,0,0,0,0,27744,102
183,0,1000,0,0,1000,0,1000,23,44,23,44,17,35,0,0,0,0,0,0,0,0,23,44,23,44,17,35,0,0,0,0,0,0,0,0,23,44,23,44,17,35,0,0,0,0,0,0,0,0,23,44,23,44,17,35,0,0,0,0,0,0,0,0,23,44,23,44,17,35,0,0,0,0,0,0,0,0,23,44,23,44,17,35,0,0,0,0,0,0,0,0
184,0,1000,0,0,1000,0,1000,23,44,23,44,17,35,0,0,0,0,0,0,0,0,23,44,23,44,17,35,0,0,0,0,0,0,0,0,23,44,23,44,17,35,0,0,0,0,0,0,0,0,23,44,23,44,17,35,0,0,0,0,0,0,0,0,23,44,23,44,17,35,0,0,0,0,0,0,0,0,23,44,23,44,17,35,0,0,0,0,0,0,0,0
185,0,1000,0,0,1000,0,1000,23,44,23,44,17,35,3702,1,3702,1,0,0,0,0,23,44,23,44,17,35,3702,1,3702,1,0,0,0,0,23,44,23,44,17,35,3702,1,3702,1,0,0,0,0,23,44,23,44,17,35,3702,1,3702,1,0,0,0,0,23,44,23,44,17,35,3702,1,3702,1,0,0,0,0,23,44,23,44,17,35,3702,1,3702,1,0,0,0,0
186,0,1000,0,0,1000,0,1000,24,46,24,46,17,35,26674,98,0,0,290,1,26384,97,24,46,24,46,17,35,26674,98,0,0,290,1,26384,97,24,46,24,46,17,35,26674,98,0,0,290,1,26384,97,24,46,24,46,17,35,26674,98,0,0,290,1,26384,97,24,46,24,46,17,35,26674,98,0,0,290,1,26384,97,24,46,24,46,17,35,26674,98,0,0,290,1,26384,97
187,900,100,900,0,100,0,1000,24,46,24,46,18,36,0,0,0,0,0,0,0,0,24,46,24,46,17,35,0,0,0,0,0,0,0,0,24,46,24,46,17,35,0,0,0,0,0,0,0,0,24,46,24,46,17,35,0,0,0,0,0,0,0,0,24,46,24,46,17,35,0,0,0,0,0,0,0,0,24,46,24,46,18,36,0,0,0,0,0,0,0,0
188,900,100,900,0,100,0,1000,24,46,24,46,18,36,0,0,0,0,0,0,0,0,24,46,24,46,17,35,0,0,0,0,0,0,0,0,24,46,24,46,17,35,0,0,0,0,0,0,0,0,24,46,24,46,17,35,0,0,0,0,0,0,0,0,24,46,24,46,17,35,0,0,0,0,0,0,0,0,24,46,24,46,18,36,0,0,0,0,0,0,0,0
189,900,100,900,0,100,0,1000,24,46,24,46,18,36,0,0,0,0,0,0,0,0,24,46,24,46,17,35,0,0,0,0,0,0,0,0,24,46,24,46,17,35,0,0,0,0,0,0,0,0,24,46,24,46,17,35,0,0,0,0,0,0,0,0,24,46,24,46,17,35,0,0,0,0,0,0,0,0,24,46,24,46,18,36,0,0,0,0,0,0,0,0
190,900,100,900,0,100,0,1000,24,46,24,46,18,36,2448,9,0,0,0,0,2448,9,24,46,24,46,17,35,2448,9,0,0,0,0,2448,9,24,46,24,46,17,35,2448,9,0,0,0,0,2448,9,24,46,24,46,17,35,2448,9,0,0,0,0,2448,9,24,46,24,46,17,35,2448,9,0,0,0,0,2448,9,24,46,24,46,18,36,2448,9,0,0,0,0,2448,9
191,900,100,900,0,100,0,1000,24,46,24,46,19,37,0,0,0,0,0,0,0,0,24,46,24,46,17,35,0,0,0,0,0,0,0,0,24,46,24,46,17,35,0,0,0,0,0,0,0,0,24,46,24,46,17,35,0,0,0,0,0,0,0,0,24,46,24,46,17,35,0,0,0,0,0,0,0,0,24,46,24,46,19,37,0,0,0,0,0,0,0,0
192,900,100,900,0,100,0,1000,24,46,24,46,19,37,0,0,0,0,0,0,0,0,24,46,24,46,17,35,0,0,0,0,0,0,0,0,24,46,24,46,17,35,0,0,0,0,0,0,0,0,24,46,24,46,17,35,0,0,0,0,0,0,0,0,24,46,24,46,17,35,0,0,0,0,0,0,0,0,24,46,24,46,19,37,0,0,0,0,0,0,0,0
193,900,100,900,0,100,0,1000,24,46,24,46,19,37,0,0,0,0,0,0,0,0,24,46,24,46,17,35,0,0,0,0,0,0,0,0,24,46,24,46,17,35,0,0,0,0,0,0,0,0,24,46,24,46,17,35,0,0,0,0,0,0,0,0,24,46,24,46,17,35,0,0,0,0,0,0,0,0,24,46,24,46,19,37,0,0,0,0,0,0,0,0
194,900,100,900,0,100,0,1000,24,46,24,46,19,37,4352,16,0,0,0,0,4352,16,24,46,24,46,17,35,4352,16,0,0,0,0,4352,16,24,46,24,46,17,35,4352,16,0,0,0,0,4352,16,24,46,24,46,17,35,4352,16,0,0,0,0,4352,16,24,46,24,46,17,35,4352,16,0,0,0,0,4352,16,24,46,24,46,19,37,4352,16,0,0,0,0,4352,16
195,900,100,900,0,100,0,1000,24,46,24,46,19,37,0,0,0,0,0,0,0,0,24,46,24,46,17,35,0,0,0,0,0,0,0,0,24,46,24,46,17,35,0,0,0,0,0,0,0,0,24,46,24,46,17,35,0,0,0,0,0,0,0,0,24,46,24,46,17,35,0,0,0,0,0,0,0,0,24,46,24,46,19,37,0,0,0,0,0,0,0,0
196,900,100,900,0,100,0,1000,24,46,24,46,19,37,0,0,0,0,0,0,0,0,24,46,24,46,17,35,0,0,0,0,0,0,0,0,24,46,24,46,17,35,0,0,0,0,0,0,0,0,24,46,24,46,17,35,0,0,0,0,0,0,0,0,24,46,24,46,17,35,0,0,0,0,0,0,0,0,24,46,24,46,19,37,0,0,0,0,0,0,0,0
197,900,100,900,0,100,0,1000,24,46,24,46,19,37,0,0,0,0,0,0,0,0,24,46,24,46,17,35,0,0,0,0,0,0,0,0,24,46,24,46,17,35,0,0,0,0,0,0,0,0,24,46,24,46,17,35,0,0,0,0,0,0,0,0,24,46,24,46,17,35,0,0,0,0,0,0,0,0,24,46,24,46,19,37,0,0,0,0,0,0,0,0
198,900,100,900,0,100,0,1000,24,46,24,46,19,37,1904,7,0,0,0,0,1904,7,24,46,24,46,17,35,1904,7,0,0,0,0,1904,7,24,46,24,46,17,35,1904,7,0,0,0,0,1904,7,24,46,24,46,17,35,1904,7,0,0,0,0,1904,7,24,46,24,46,17,35,1904,7,0,0,0,0,1904,7,24,46,24,46,19,37,1904,7,0,0,0,0,1904,7
199,900,100,900,0,100,0,1000,24,46,24,46,20,39,0,0,0,0,0,0,0,0,24,46,24,46,17,35,0,0,0,0,0,0,0,0,24,46,24,46,17,35,0,0,0,0,0,0,0,0,24,46,24,46,17,35,0,0,0,0,0,0,0,0,24,46,24,46,17,35,0,0,0,0,0,0,0,0,24,46,24,46,20,39,0,0,0,0,0,0,0,0
200,900,100,900,0,100,0,1000,24,46,24,46,20,39,0,0,0,0,0,0,0,0,24,46,24,46,17,35,0,0,0,0,0,0,0,0,24,46,24,46,17,35,0,0,0,0,0,0,0,0,24,46,24,46,17,35,0,0,0,0,0,0,0,0,24,46,24,46,17,35,0,0,0,0,0,0,0,0,24,46,24,46,20,39,0,0,0,0,0,0,0,0
201,900,100,900,0,100,0,1000,24,46,24,46,20,39,0,0,0,0,0,0,0,0,24,46,24,46,17,35,0,0,0,0,0,0,0,0,24,46,24,46,17,35,0,0,0,0,0,0,0,0,24,46,24,46,17,35,0,0,0,0,0,0,0,0,24,46,24,46,17,35,0,0,0,0,0,0,0,0,24,46,24,46,20,39,0,0,0,0,0,0,0,0
202,900,100,900,0,100,0,1000,24,46,24,46,20,39,1904,7,0,0,0,0,1904,7,24,46,24,46,17,35,1904,7,0,0,0,0,1904,7,24,46,24,46,17,35,1904,7,0,0,0,0,1904,7,24,46,24,46,17,35,1904,7,0,0,0,0,1904,7,24,46,24,46,17,35,1904,7,0,0,0,0,1904,7,24,46,24,46,20,39,1904,7,0,0,0,0,1904,7
203,900,100,900,0,100,0,1000,24,46,24,46,20,39,0,0,0,0,0,0,0,0,24,46,24,46,17,35,0,0,0,0,0,0,0,0,24,46,24,46,17,35,0,0,0,0,0,0,0,0,24,46,24,46,17,35,0,0,0,0,0,0,0,0,24,46,24,46,17,35,0,0,0,0,0,0,0,0,24,46,24,46,20,39,0,0,0,0,0,0,0,0
204,900,100,900,0,100,0,1000,24,46,24,46,20,39,0,0,0,0,0,0,0,0,24,46,24,46,17,35,0,0,0,0,0,0,0,0,24,46,24,46,17,35,0,0,0,0,0,0,0,0,24,46,24,46,17,35,0,0,0,0,0,0,0,0,24,46,24,46,17,35,0,0,0,0,0,0,0,0,24,46,24,46,20,39,0,0,0,0,0,0,0,0
205,900,100,900,0,100,0,1000,24,46,24,46,20,39,0,0,0,0,0,0,0,0,24,46,24,46,17,35,0,0,0,0,0,0,0,0,24,46,24,46,17,35,0,0,0,0,0,0,0,0,24,46,24,46,17,35,0,0,0,0,0,0,0,0,24,46,24,46,17,35,0,0,0,0,0,0,0,0,24,46,24,46,20,39,0,0,0,0,0,0,0,0
206,900,100,900,0,100,0,1000,24,46,24,46,20,39,2448,9,0,0,0,0,2448,9,24,46,24,46,17,35,2448,9,0,0,0,0,2448,9,24,46,24,46,17,35,2448,9,0,0,0,0,2448,9,24,46,24,46,17,35,2448,9,0,0,0,0,2448,9,24,46,24,46,17,35,2448,9,0,0,0,0,2448,9,24,46,24,46,20,39,2448,9,0,0,0,0,2448,9
207,900,100,900,0,100,0,1000,24,46,24,46,20,39,0,0,0,0,0,0,0,0,24,46,24,46,17,35,0,0,0,0,0,0,0,0,24,46,24,46,17,35,0,0,0,0,0,0,0,0,24,46,24,46,17,35,0,0,0,0,0,0,0,0,24,46,24,46,17,35,0,0,0,0,0,0,0,0,24,46,24,46,20,39,0,0,0,0,0,0,0,0
208,900,100,900,0,100,0,1000,24,46,24,46,20,39,0,0,0,0,0,0,0,0,24,46,24,46,17,35,0,0,0,0,0,0,0,0,24,46,24,46,17,35,0,0,0,0,0,0,0,0,24,46,24,46,17,35,0,0,0,0,0,0,0,0,24,46,24,46,17,35,0,0,0,0,0,0,0,0,24,46,24,46,20,39,0,0,0,0,0,0,0,0
209,900,100,900,0,100,0,1000,24,46,24,46,20,39,0,0,0,0,0,0,0,0,24,46,24,46,17,35,0,0,0,0,0,0,0,0,24,46,24,46,17,35,0,0,0,0,0,0,0,0,24,46,24,46,17,35,0,0,0,0,0,0,0,0,24,46,24,46,17,35,0,0,0,0,0,0,0,0,24,46,24,46,20,39,0,0,0,0,0,0,0,0
210,900,100,900,0,100,0,1000,24,46,24,46,20,39,2992,11,0,0,0,0,2992,11,24,46,24,46,17,35,2992,11,0,0,0,0,2992,11,24,46,24,46,17,35,2992,11,0,0,0,0,2992,11,24,46,24,46,17,35,2992,11,0,0,0,0,2992,11,24,46,24,46,17,35,2992,11,0,0,0,0,2992,11,24,46,24,46,20,39,2992,11,0,0,0,0,2992,11
211,900,100,900,0,100,0,1000,24,46,24,46,21,42,0,0,0,0,0,0,0,0,24,46,24,46,17,35,0,0,0,0,0,0,0,0,24,46,24,46,17,35,0,0,0,0,0,0,0,0,24,46,24,46,17,35,0,0,0,0,0,0,0,0,24,46,24,46,17,35,0,0,0,0,0,0,0,0,24,46,24,46,21,42,0,0,0,0,0,0,0,0
212,900,100,900,0,100,0,1000,24,46,24,46,21,42,0,0,0,0,0,0,0,0,24,46,24,46,17,35,0,0,0,0,0,0,0,0,24,46,24,46,17,35,0,0,0,0,0,0,0,0,24,46,24,46,17,35,0,0,0,0,0,0,0,0,24,46,24,46,17,35,0,0,0,0,0,0,0,0,24,46,24,46,21,42,0,0,0,0,0,0,0,0
213,900,100,900,0,100,0,1000,24,46,24,46,21,42,0,0,0,0,0,0,0,0,24,46,24,46,17,35,0,0,0,0,0,0,0,0,24,46,24,46,17,35,0,0,0,0,0,0,0,0,24,46,24,46,17,35,0,0,0,0,0,0,0,0,24,46,24,46,17,35,0,0,0,0,0,0,0,0,24,46,24,46,21,42,0,0,0,0,0,0,0,0
214,900,100,900,0,100,0,1000,24,46,24,46,21,42,2992,11,0,0,0,0,2992,11,24,46,24,46,17,35,2992,11,0,0,0,0,2992,11,24,46,24,46,17,35,2992,11,0,0,0,0,2992,11,24,46,24,46,17,35,2992,11,0,0,0,0,2992,11,24,46,24,46,17,35,2992,11,0,0,0,0,2992,11,24,46,24,46,21,42,2992,11,0,0,0,0,2992,11
215,900,100,900,0,100,0,1000,24,46,24,46,22,43,0,0,0,0,0,0,0,0,24,46,24,46,17,35,0,0,0,0,0,0,0,0,24,46,24,46,17,35,0,0,0,0,0,0,0,0,24,46,24,46,17,35,0,0,0,0,0,0,0,0,24,46,24,46,17,35,0,0,0,0,0,0,0,0,24,46,24,46,22,43,0,0,0,0,0,0,0,0
216,900,100,900,0,100,0,1000,24,46,24,46,22,43,0,0,0,0,0,0,0,0,24,46,24,46,17,35,0,0,0,0,0,0,0,0,24,46,24,46,17,35,0,0,0,0,0,0,0,0,24,46,24,46,17,35,0,0,0,0,0,0,0,0,24,46,24,46,17,35,0,0,0,0,0,0,0,0,24,46,24,46,22,43,0,0,0,0,0,0,0,0
217,900,100,900,0,100,0,1000,24,46,24,46,22,43,0,0,0,0,0,0,0,0,24,46,24,46,17,35,0,0,0,0,0,0,0,0,24,46,24,46,17,35,0,0,0,0,0,0,0,0,24,46,24,46,17,35,0,0,0,0,0,0,0,0,24,46,24,46,17,35,0,0,0,0,0,0,0,0,24,46,24,46,22,43,0,0,0,0,0,0,0,0
218,900,100,900,0,100,0,1000,24,46,24,46,22,43,2720,10,0,0,0,0,2720,10,24,46,24,46,17,35,2720,10,0,0,0,0,2720,10,24,46,24,46,17,35,2720,10,0,0,0,0,2720,10,24,46,24,46,17,35,2720,10,0,0,0,0,2720,10,24,46,24,46,17,35,2720,10,0,0,0,0,2720,10,24,46,24,46,22,43,2720,10,0,0,0,0,2720,10
219,900,100,900,0,100,0,1000,24,46,24,46,23,44,0,0,0,0,0,0,0,0,24,46,24,46,17,35,0,0,0,0,0,0,0,0,24,46,24,46,17,35,0,0,0,0,0,0,0,0,24,46,24,46,17,35,0,0,0,0,0,0,0,0,24,46,24,46,17,35,0,0,0,0,0,0,0,0,24,46,24,46,23,44,0,0,0,0,0,0,0,0
220,900,100,900,0,100,0,1000,24,46,24,46,23,44,0,0,0,0,0,0,0,0,24,46,24,46,17,35,0,0,0,0,0,0,0,0,24,46,24,46,17,35,0,0,0,0,0,0,0,0,24,46,24,46,17,35,0,0,0,0,0,0,0,0,24,46,24,46,17,35,0,0,0,0,0,0,0,0,24,46,24,46,23,44,0,0,0,0,0,0,0,0
221,900,100,900,0,100,0,1000,24,46,24,46,23,44,0,0,0,0,0,0,0,0,24,46,24,46,17,35,0,0,0,0,0,0,0,0,24,46,24,46,17,35,0,0,0,0,0,0,0,0,24,46,24,46,17,35,0,0,0,0,0,0,0,0,24,46,24,46,17,35,0,0,0,0,0,0,0,0,24,46,24,46,23,44,0,0,0,0,0,0,0,0
222,900,100,900,0,100,0,1000,24,46,24,46,23,44,2992,11,0,0,0,0,2992,11,24,46,24,46,17,35,2992,11,0,0,0,0,2992,11,24,46,24,46,17,35,2992,11,0,0,0,0,2992,11,24,46,24,46,17,35,2992,11,0,0,0,0,2992,11,24,46,24,46,17,35,2992,11,0,0,0,0,2992,11,24,46,24,46,23,44,2992,11,0,0,0,0,2992,11
223,900,100,900,0,100,0,1000,24,46,24,46,23,44,0,0,0,0,0,0,0,0,24,46,24,46,17,35,0,0,0,0,0,0,0,0,24,46,24,46,17,35,0,0,0,0,0,0,0,0,24,46,24,46,17,35,0,0,0,0,0,0,0,0,24,46,24,46,17,35,0,0,0,0,0,0,0,0,24,46,24,46,23,44,0,0,0,0,0,0,0,0
224,900,100,900,0,100,0,1000,24,46,24,46,23,44,0,0,0,0,0,0,0,0,24,46,24,46,17,35,0,0,0,0,0,0,0,0,24,46,24,46,17,35,0,0,0,0,0,0,0,0,24,46,24,46,17,35,0,0,0,0,0,0,0,0,24,46,24,46,17,35,0,0,0,0,0,0,0,0,24,46,24,46,23,44,0,0,0,0,0,0,0,0
225,900,100,900,0,100,0,1000,24,46,24,46,23,44,0,0,0,0,0,0,0,0,24,46,24,46,17,35,0,0,0,0,0,0,0,0,24,46,24,46,17,35,0,0,0,0,0,0,0,0,24,46,24,46,17,35,0,0,0,0,0,0,0,0,24,46,24,46,17,35,0,0,0,0,0,0,0,0,24,46,24,46,23,44,0,0,0,0,0,0,0,0
226,900,100,900,0,100,0,1000,24,46,24,46,23,44,1632,6,0,0,0,0,1632,6,24,46,24,46,17,35,1632,6,0,0,0,0,1632,6,24,46,24,46,17,35,1632,6,0,0,0,0,1632,6,24,46,24,46,17,35,1632,6,0,0,0,0,1632,6,24,46,24,46,17,35,1632,6,0,0,0,0,1632,6,24,46,24,46,23,44,1632,6,0,0,0,0,1632,6
227,900,100,900,0,100,0,1000,24,46,24,46,24,46,0,0,0,0,0,0,0,0,24,46,24,46,17,35,0,0,0,0,0,0,0,0,24,46,24,46,17,35,0,0,0,0,0,0,0,0,24,46,24,46,17,35,0,0,0,0,0,0,0,0,24,46,24,46,17,35,0,0,0,0,0,0,0,0,24,46,24,46,24,46,0,0,0,0,0,0,0,0
228,900,100,900,0,100,0,1000,24,46,24,46,24,46,0,0,0,0,0,0,0,0,24,46,24,46,17,35,0,0,0,0,0,0,0,0,24,46,24,46,17,35,0,0,0,0,0,0,0,0,24,46,24,46,17,35,0,0,0,0,0,0,0,0,24,46,24,46,17,35,0,0,0,0,0,0,0,0,24,46,24,46,24,46,0,0,0,0,0,0,0,0
229,900,100,900,0,100,0,1000,24,46,24,46,24,46,0,0,0,0,0,0,0,0,24,46,24,46,17,35,0,0,0,0,0,0,0,0,24,46,24,46,17,35,0,0,0,0,0,0,0,0,24,46,24,46,17,35,0,0,0,0,0,0,0,0,24,46,24,46,17,35,0,0,0,0,0,0,0,0,24,46,24,46,24,46,0,0,0,0,0,0,0,0
230,900,100,900,0,100,0,1000,24,46,24,46,24,46,1088,4,0,0,0,0,1088,4,24,46,24,46,17,35,1088,4,0,0,0,0,1088,4,24,46,24,46,17,35,1088,4,0,0,0,0,1088,4,24,46,24,46,17,35,1088,4,0,0,0,0,1088,4,24,46,24,46,17,35,1088,4,0,0,0,0,1088,4,24,46,24,46,24,46,1088,4,0,0,0,0,1088,4
231,900,100,900,0,100,0,1000,24,46,24,46,24,46,0,0,0,0,0,0,0,0,24,46,24,46,17,35,0,0,0,0,0,0,0,0,24,46,24,46,17,35,0,0,0,0,0,0,0,0,24,46,24,46,17,35,0,0,0,0,0,0,0,0,24,46,24,46,17,35,0,0,0,0,0,0,0,0,24,46,24,46,24,46,0,0,0,0,0,0,0,0
232,900,100,900,0,100,0,1000,24,46,24,46,24,46,0,0,0,0,0,0,0,0,24,46,24,46,17,35,0,0,0,0,0,0,0,0,24,46,24,46,17,35,0,0,0,0,0,0,0,0,24,46,24,46,17,35,0,0,0,0,0,0,0,0,24,46,24,46,17,35,0,0,0,0,0,0,0,0,24,46,24,46,24,46,0,0,0,0,0,0,0,0
233,900,100,900,0,100,0,1000,24,46,24,46,24,46,0,0,0,0,0,0,0,0,24,46,24,46,17,35,0,0,0,0,0,0,0,0,24,46,24,46,17,35,0,0,0,0,0,0,0,0,24,46,24,46,17,35,0,0,0,0,0,0,0,0,24,46,24,46,17,35,0,0,0,0,0,0,0,0,24,46,24,46,24,46,0,0,0,0,0,0,0,0
234,900,100,900,0,100,0,1000,24,46,24,46,24,46,2720,10,0,0,0,0,2720,10,24,46,24,46,17,35,2720,10,0,0,0,0,2720,10,24,46,24,46,17,35,2720,10,0,0,0,0,2720,10,24,46,24,46,17,35,2720,10,0,0,0,0,2720,10,24,46,24,46,17,35,2720,10,0,0,0,0,2720,10,24,46,24,46,24,46,2720,10,0,0,0,0,2720,10
235,900,100,900,0,100,0,1000,24,46,24,46,24,46,0,0,0,0,0,0,0,0,24,46,24,46,17,35,0,0,0,0,0,0,0,0,24,46,24,46,17,35,0,0,0,0,0,0,0,0,24,46,24,46,17,35,0,0,0,0,0,0,0,0,24,46,24,46,17,35,0,0,0,0,0,0,0,0,24,46,24,46,24,46,0,0,0,0,0,0,0,0
236,900,100,900,0,100,0,1000,24,46,24,46,24,46,0,0,0,0,0,0,0,0,24,46,24,46,17,35,0,0,0,0,0,0,0,0,24,46,24,46,17,35,0,0,0,0,0,0,0,0,24,46,24,46,17,35,0,0,0,0,0,0,0,0,24,46,24,46,17,35,0,0,0,0,0,0,0,0,24,46,24,46,24,46,0,0,0,0,0,0,0,0
237,900,100,900,0,100,0,1000,24,46,24,46,24,46,0,0,0,0,0,0,0,0,24,46,24,46,17,35,0,0,0,0,0,0,0,0,24,46,24,46,17,35,0,0,0,0,0,0,0,0,24,46,24,46,17,35,0,0,0,0,0,0,0,0,24,46,24,46,17,35,0,0,0,0,0,0,0,0,24,46,24,46,24,46,0,0,0,0,0,0,0,0
238,900,100,900,0,100,0,1000,24,46,24,46,24,46,2720,10,0,0,0,0,2720,10,24,46,24,46,17,35,2720,10,0,0,0,0,2720,10,24,46,24,46,17,35,2720,10,0,0,0,0,2720,10,24,46,24,46,17,35,2720,10,0,0,0,0,2720,10,24,46,24,46,17,35,2720,10,0,0,0,0,2720,10,24,46,24,46,24,46,2720,10,0,0,0,0,2720,10
239,900,100,900,0,100,0,1000,24,46,24,46,24,46,0,0,0,0,0,0,0,0,24,46,24,46,17,35,0,0,0,0,0,0,0,0,24,46,24,46,17,35,0,0,0,0,0,0,0,0,24,46,24,46,17,35,0,0,0,0,0,0,0,0,24,46,24,46,17,35,0,0,0,0,0,0,0,0,24,46,24,46,24,46,0,0,0,0,0,0,0,0
240,900,100,900,0,100,0,1000,24,46,24,46,24,46,0,0,0,0,0,0,0,0,24,46,24,46,17,35,0,0,0,0,0,0,0,0,24,46,24,46,17,35,0,0,0,0,0,0,0,0,24,46,24,46,17,35,0,0,0,0,0,0,0,0,24,46,24,46,17,35,0,0,0,0,0,0,0,0,24,46,24,46,24,46,0,0,0,0,0,0,0,0
241,900,100,900,0,100,0,1000,24,46,24,46,24,46,0,0,0,0,0,0,0,0,24,46,24,46,17,35,0,0,0,0,0,0,0,0,24,46,24,46,17,35,0,0,0,0,0,0,0,0,24,46,24,46,17,35,0,0,0,0,0,0,0,0,24,46,24,46,17,35,0,0,0,0,0,0,0,0,24,46,24,46,24,46,0,0,0,0,0,0,0,0
242,900,100,900,0,100,0,1000,24,46,24,46,24,46,2720,10,0,0,0,0,2720,10,24,46,24,46,17,35,2720,10,0,0,0,0,2720,10,24,46,24,46,17,35,2720,10,0,0,0,0,2720,10,24,46,24,46,17,35,2720,10,0,0,0,0,2720,10,24,46,24,46,17,35,2720,10,0,0,0,0,2720,10,24,46,24,46,24,46,2720,10,0,0,0,0,2720,10
243,900,100,900,0,100,0,1000,24,46,24,46,24,46,0,0,0,0,0,0,0,0,24,46,24,46,17,35,0,0,0,0,0,0,0,0,24,46,24,46,17,35,0,0,0,0,0,0,0,0,24,46,24,46,17,35,0,0,0,0,0,0,0,0,24,46,24,46,17,35,0,0,0,0,0,0,0,0,24,46,24,46,24,46,0,0,0,0,0,0,0,0
244,900,100,900,0,100,0,1000,24,46,24,46,24,46,0,0,0,0,0,0,0,0,24,46,24,46,17,35,0,0,0,0,0,0,0,0,24,46,24,46,17,35,0,0,0,0,0,0,0,0,24,46,24,46,17,35,0,0,0,0,0,0,0,0,24,46,24,46,17,35,0,0,0,0,0,0,0,0,24,46,24,46,24,46,0,0,0,0,0,0,0,0
245,900,100,900,0,100,0,1000,24,46,24,46,24,46,0,0,0,0,0,0,0,0,24,46,24,46,17,35,0,0,0,0,0,0,0,0,24,46,24,46,17,35,0,0,0,0,0,0,0,0,24,46,24,46,17,35,0,0,0,0,0,0,0,0,24,46,24,46,17,35,0,0,0,0,0,0,0,0,24,46,24,46,24,46,0,0,0,0,0,0,0,0
246,900,100,900,0,100,0,1000,24,46,24,46,24,46,2448,9,0,0,0,0,2448,9,24,46,24,46,17,35,2448,9,0,0,0,0,2448,9,24,46,24,46,17,35,2448,9,0,0,0,0,2448,9,24,46,24,46,17,35,2448,9,0,0,0,0,2448,9,24,46,24,46,17,35,2448,9,0,0,0,0,2448,9,24,46,24,46,24,46,2448,9,0,0,0,0,2448,9
247,900,100,900,0,100,0,1000,24,46,24,46,24,46,0,0,0,0,0,0,0,0,24,46,24,46,17,35,0,0,0,0,0,0,0,0,24,46,24,46,17,35,0,0,0,0,0,0,0,0,24,46,24,46,17,35,0,0,0,0,0,0,0,0,24,46,24,46,17,35,0,0,0,0,0,0,0,0,24,46,24,46,24,46,0,0,0,0,0,0,0,0
248,0,1000,0,900,100,0,1000,24,46,24,46,24,46,0,0,0,0,0,0,0,0,24,46,24,46,17,35,0,0,0,0,0,0,0,0,24,46,24,46,17,35,0,0,0,0,0,0,0,0,24,46,24,46,17,35,0,0,0,0,0,0,0,0,24,46,24,46,17,35,0,0,0,0,0,0,0,0,24,46,24,46,24,46,0,0,0,0,0,0,0,0
249,0,1000,0,900,100,0,1000,24,46,24,46,24,46,727,1,727,1,0,0,0,0,24,46,24,46,17,35,727,1,727,1,0,0,0,0,24,46,24,46,17,35,727,1,727,1,0,0,0,0,24,46,24,46,17,35,727,1,727,1,0,0,0,0,24,46,24,46,17,35,727,1,727,1,0,0,0,0,24,46,24,46,24,46,727,1,727,1,0,0,0,0
250,0,1000,0,900,100,0,1000,24,46,24,46,24,46,1923,7,0,0,291,1,1632,6,24,46,24,46,17,35,1923,7,0,0,291,1,1632,6,24,46,24,46,17,35,1923,7,0,0,291,1,1632,6,24,46,24,46,17,35,1923,7,0,0,291,1,1632,6,24,46,24,46,17,35,1923,7,0,0,291,1,1632,6,24,46,24,46,24,46,1923,7,0,0,291,1,1632,6
251,0,1000,0,0,1000,0,1000,24,46,24,46,24,46,0,0,0,0,0,0,0,0,24,46,24,46,24,46,0,0,0,0,0,0,0,0,24,46,24,46,24,46,0,0,0,0,0,0,0,0,24,46,24,46,24,46,0,0,0,0,0,0,0,0,24,46,24,46,24,46,0,0,0,0,0,0,0,0,24,46,24,46,24,46,0,0,0,0,0,0,0,0
252,0,1000,0,0,1000,0,1000,24,46,24,46,24,46,0,0,0,0,0,0,0,0,24,46,24,46,24,46,0,0,0,0,0,0,0,0,24,46,24,46,24,46,0,0,0,0,0,0,0,0,24,46,24,46,24,46,0,0,0,0,0,0,0,0,24,46,24,46,24,46,0,0,0,0,0,0,0,0,24,46,24,46,24,46,0,0,0,0,0,0,0,0
253,0,1000,0,0,1000,0,1000,24,46,24,46,24,46,1262,2,1262,2,0,0,0,0,24,46,24,46,24,46,1262,2,1262,2,0,0,0,0,24,46,24,46,24,46,1262,2,1262,2,0,0,0,0,24,46,24,46,24,46,1262,2,1262,2,0,0,0,0,24,46,24,46,24,46,1262,2,1262,2,0,0,0,0,24,46,24,46,24,46,1262,2,1262,2,0,0,0,0
254,0,1000,0,0,1000,0,1000,26,63,26,63,24,46,27763,102,0,0,291,1,27472,101,26,63,26,63,24,46,27763,102,0,0,291,1,27472,101,26,63,26,63,24,46,27763,102,0,0,291,1,27472,101,26,63,26,63,24,46,27763,102,0,0,291,1,27472,101,26,63,26,63,24,46,27763,102,0,0,291,1,27472,101,26,63,26,63,24,46,27763,102,0,0,291,1,27472,101
255,0,1000,0,0,1000,0,1000,26,63,26,63,24,46,0,0,0,0,0,0,0,0,26,63,26,63,24,46,0,0,0,0,0,0,0,0,26,63,26,63,24,46,0,0,0,0,0,0,0,0,26,63,26,63,24,46,0,0,0,0,0,0,0,0,26,63,26,63,24,46,0,0,0,0,0,0,0,0,26,63,26,63,24,46,0,0,0,0,0,0,0,0
256,0,1000,0,0,1000,0,1000,26,63,26,63,24,46,0,0,0,0,0,0,0,0,26,63,26,63,24,46,0,0,0,0,0,0,0,0,26,63,26,63,24,46,0,0,0,0,0,0,0,0,26,63,26,63,24,46,0,0,0,0,0,0,0,0,26,63,26,63,24,46,0,0,0,0,0,0,0,0,26,63,26,63,24,46,0,0,0,0,0,0,0,0
257,0,1000,0,0,1000,0,1000,26,63,26,63,24,46,0,0,0,0,0,0,0,0,26,63,26,63,24,46,0,0,0,0,0,0,0,0,26,63,26,63,24,46,0,0,0,0,0,0,0,0,26,63,26,63,24,46,0,0,0,0,0,0,0,0,26,63,26,63,24,46,0,0,0,0,0,0,0,0,26,63,26,63,24,46,0,0,0,0,0,0,0,0
258,0,1000,0,0,1000,0,1000,26,63,26,63,24,46,26112,96,0,0,0,0,26112,96,26,63,26,63,24,46,26112,96,0,0,0,0,26112,96,26,63,26,63,24,46,26112,96,0,0,0,0,26112,96,26,63,26,63,24,46,26112,96,0,0,0,0,26112,96,26,63,26,63,24,46,26112,96,0,0,0,0,26112,96,26,63,26,63,24,46,26112,96,0,0,0,0,26112,96
259,0,1000,0,0,1000,0,1000,26,63,26,63,24,46,0,0,0,0,0,0,0,0,26,63,26,63,24,46,0,0,0,0,0,0,0,0,26,63,26,63,24,46,0,0,0,0,0,0,0,0,26,63,26,63,24,46,0,0,0,0,0,0,0,0,26,63,26,63,24,46,0,0,0,0,0,0,0,0,26,63,26,63,24,46,0,0,0,0,0,0,0,0
260,0,1000,0,0,1000,0,1000,26,63,26,63,24,46,0,0,0,0,0,0,0,0,26,63,26,63,24,46,0,0,0,0,0,0,0,0,26,63,26,63,24,46,0,0,0,0,0,0,0,0,26,63,26,63,24,46,0,0,0,0,0,0,0,0,26,63,26,63,24,46,0,0,0,0,0,0,0,0,26,63,26,63,24,46,0,0,0,0,0,0,0,0
261,0,1000,0,0,1000,0,1000,26,63,26,63,24,46,0,0,0,0,0,0,0,0,26,63,26,63,24,46,0,0,0,0,0,0,0,0,26,63,26,63,24,46,0,0,0,0,0,0,0,0,26,63,26,63,24,46,0,0,0,0,0,0,0,0,26,63,26,63,24,46,0,0,0,0,0,0,0,0,26,63,26,63,24,46,0,0,0,0,0,0,0,0
262,0,1000,0,0,1000,0,1000,26,63,26,63,24,46,29920,110,0,0,0,0,29920,110,26,63,26,63,24,46,29920,110,0,0,0,0,29920,110,26,63,26,63,24,46,29920,110,0,0,0,0,29920,110,26,63,26,63,24,46,29920,110,0,0,0,0,29920,110,26,63,26,63,24,46,29920,110,0,0,0,0,29920,110,26,63,26,63,24,46,29920,110,0,0,0,0,29920,110
263,0,1000,0,0,1000,0,1000,26,63,26,63,24,46,0,0,0,0,0,0,0,0,26,63,26,63,24,46,0,0,0,0,0,0,0,0,26,63,26,63,24,46,0,0,0,0,0,0,0,0,26,63,26,63,24,46,0,0,0,0,0,0,0,0,26,63,26,63,24,46,0,0,0,0,0,0,0,0,26,63,26,63,24,46,0,0,0,0,0,0,0,0
264,0,1000,0,0,1000,0,1000,26,63,26,63,24,46,0,0,0,0,0,0,0,0,26,63,26,63,24,46,0,0,0,0,0,0,0,0,26,63,26,63,24,46,0,0,0,0,0,0,0,0,26,63,26,63,24,46,0,0,0,0,0,0,0,0,26,63,26,63,24,46,0,0,0,0,0,0,0,0,26,63,26,63,24,46,0,0,0,0,0,0,0,0
265,0,1000,0,0,1000,0,1000,26,63,26,63,24,46,0,0,0,0,0,0,0,0,26,63,26,63,24,46,0,0,0,0,0,0,0,0,26,63,26,63,24,46,0,0,0,0,0,0,0,0,26,63,26,63,24,46,0,0,0,0,0,0,0,0,26,63,26,63,24,46,0,0,0,0,0,0,0,0,26,63,26,63,24,46,0,0,0,0,0,0,0,0
266,0,1000,0,0,1000,0,1000,26,63,26,63,24,46,23664,87,0,0,0,0,23664,87,26,63,26,63,24,46,23664,87,0,0,0,0,23664,87,26,63,26,63,24,46,23664,87,0,0,0,0,23664,87,26,63,26,63,24,46,23664,87,0,0,0,0,23664,87,26,63,26,63,24,46,23664,87,0,0,0,0,23664,87,26,63,26,63,24,46,23664,87,0,0,0,0,23664,87
267,0,1000,0,0,1000,0,1000,26,63,26,63,24,46,0,0,0,0,0,0,0,0,26,63,26,63,24,46,0,0,0,0,0,0,0,0,26,63,26,63,24,46,0,0,0,0,0,0,0,0,26,63,26,63,24,46,0,0,0,0,0,0,0,0,26,63,26,63,24,46,0,0,0,0,0,0,0,0,26,63,26,63,24,46,0,0,0,0,0,0,0,0
268,0,1000,0,0,1000,0,1000,26,63,26,63,24,46,0,0,0,0,0,0,0,0,26,63,26,63,24,46,0,0,0,0,0,0,0,0,26,63,26,63,24,46,0,0,0,0,0,0,0,0,26,63,26,63,24,46,0,0,0,0,0,0,0,0,26,63,26,63,24,46,0,0,0,0,0,0,0,0,26,63,26,63,24,46,0,0,0,0,0,0,0,0
269,0,1000,0,0,1000,0,1000,26,63,26,63,24,46,3223,1,3223,1,0,0,0,0,26,63,26,63,24,46,3223,1,3223,1,0,0,0,0,26,63,26,63,24,46,3223,1,3223,1,0,0,0,0,26,63,26,63,24,46,3223,1,3223,1,0,0,0,0,26,63,26,63,24,46,3223,1,3223,1,0,0,0,0,26,63,26,63,24,46,3223,1,3223,1,0,0,0,0
270,0,1000,0,0,1000,0,1000,27,67,27,67,24,46,26675,98,0,0,291,1,26384,97,27,67,27,67,24,46,26675,98,0,0,291,1,26384,97,27,67,27,67,24,46,26675,98,0,0,291,1,26384,97,27,67,27,67,24,46,26675,98,0,0,291,1,26384,97,27,67,27,67,24,46,26675,98,0,0,291,1,26384,97,27,67,27,67,24,46,26675,98,0,0,291,1,26384,97
271,0,1000,0,0,1000,0,1000,27,67,27,67,24,46,0,0,0,0,0,0,0,0,27,67,27,67,24,46,0,0,0,0,0,0,0,0,27,67,27,67,24,46,0,0,0,0,0,0,0,0,27,67,27,67,24,46,0,0,0,0,0,0,0,0,27,67,27,67,24,46,0,0,0,0,0,0,0,0,27,67,27,67,24,46,0,0,0,0,0,0,0,0
272,0,1000,0,0,1000,0,1000,27,67,27,67,24,46,0,0,0,0,0,0,0,0,27,67,27,67,24,46,0,0,0,0,0,0,0,0,27,67,27,67,24,46,0,0,0,0,0,0,0,0,27,67,27,67,24,46,0,0,0,0,0,0,0,0,27,67,27,67,24,46,0,0,0,0,0,0,0,0,27,67,27,67,24,46,0,0,0,0,0,0,0,0
273,0,1000,0,0,1000,0,1000,27,67,27,67,24,46,7086,2,7086,2,0,0,0,0,27,67,27,67,24,46,7086,2,7086,2,0,0,0,0,27,67,27,67,24,46,7086,2,7086,2,0,0,0,0,27,67,27,67,24,46,7086,2,7086,2,0,0,0,0,27,67,27,67,24,46,7086,2,7086,2,0,0,0,0,27,67,27,67,24,46,7086,2,7086,2,0,0,0,0
274,0,1000,0,0,1000,0,1000,28,68,28,68,24,46,24499,90,0,0,291,1,24208,89,28,68,28,68,24,46,24499,90,0,0,291,1,24208,89,28,68,28,68,24,46,24499,90,0,0,291,1,24208,89,28,68,28,68,24,46,24499,90,0,0,291,1,24208,89,28,68,28,68,24,46,24499,90,0,0,291,1,24208,89,28,68,28,68,24,46,24499,90,0,0,291,1,24208,89
275,0,1000,0,0,1000,0,1000,28,68,28,68,24,46,0,0,0,0,0,0,0,0,28,68,28,68,24,46,0,0,0,0,0,0,0,0,28,68,28,68,24,46,0,0,0,0,0,0,0,0,28,68,28,68,24,46,0,0,0,0,0,0,0,0,28,68,28,68,24,46,0,0,0,0,0,0,0,0,28,68,28,68,24,46,0,0,0,0,0,0,0,0
276,0,1000,0,0,1000,0,1000,28,68,28,68,24,46,0,0,0,0,0,0,0,0,28,68,28,68,24,46,0,0,0,0,0,0,0,0,28,68,28,68,24,46,0,0,0,0,0,0,0,0,28,68,28,68,24,46,0,0,0,0,0,0,0,0,28,68,28,68,24,46,0,0,0,0,0,0,0,0,28,68,28,68,24,46,0,0,0,0,0,0,0,0
277,0,1000,0,0,1000,0,1000,28,68,28,68,24,46,6574,2,6574,2,0,0,0,0,28,68,28,68,24,46,6574,2,6574,2,0,0,0,0,28,68,28,68,24,46,6574,2,6574,2,0,0,0,0,28,68,28,68,24,46,6574,2,6574,2,0,0,0,0,28,68,28,68,24,46,6574,2,6574,2,0,0,0,0,28,68,28,68,24,46,6574,2,6574,2,0,0,0,0
278,0,1000,0,0,1000,0,1000,29,69,29,69,24,46,23955,88,0,0,291,1,23664,87,29,69,29,69,24,46,23955,88,0,0,291,1,23664,87,29,69,29,69,24,46,23955,88,0,0,291,1,23664,87,29,69,29,69,24,46,23955,88,0,0,291,1,23664,87,29,69,29,69,24,46,23955,88,0,0,291,1,23664,87,29,69,29,69,24,46,23955,88,0,0,291,1,23664,87
279,0,1000,0,0,1000,0,1000,29,69,29,69,24,46,0,0,0,0,0,0,0,0,29,69,29,69,24,46,0,0,0,0,0,0,0,0,29,69,29,69,24,46,0,0,0,0,0,0,0,0,29,69,29,69,24,46,0,0,0,0,0,0,0,0,29,69,29,69,24,46,0,0,0,0,0,0,0,0,29,69,29,69,24,46,0,0,0,0,0,0,0,0
280,0,1000,0,0,1000,0,1000,29,69,29,69,24,46,0,0,0,0,0,0,0,0,29,69,29,69,24,46,0,0,0,0,0,0,0,0,29,69,29,69,24,46,0,0,0,0,0,0,0,0,29,69,29,69,24,46,0,0,0,0,0,0,0,0,29,69,29,69,24,46,0,0,0,0,0,0,0,0,29,69,29,69,24,46,0,0,0,0,0,0,0,0
281,0,1000,0,0,1000,0,1000,29,69,29,69,24,46,0,0,0,0,0,0,0,0,29,69,29,69,24,46,0,0,0,0,0,0,0,0,29,69,29,69,24,46,0,0,0,0,0,0,0,0,29,69,29,69,24,46,0,0,0,0,0,0,0,0,29,69,29,69,24,46,0,0,0,0,0,0,0,0,29,69,29,69,24,46,0,0,0,0,0,0,0,0
282,0,1000,0,0,1000,0,1000,29,69,29,69,24,46,29648,109,0,0,0,0,29648,109,29,69,29,69,24,46,29648,109,0,0,0,0,29648,109,29,69,29,69,24,46,29648,109,0,0,0,0,29648,109,29,69,29,69,24,46,29648,109,0,0,0,0,29648,109,29,69,29,69,24,46,29648,109,0,0,0,0,29648,109,29,69,29,69,24,46,29648,109,0,0,0,0,29648,109
283,0,1000,0,0,1000,0,1000,29,69,29,69,24,46,0,0,0,0,0,0,0,0,29,69,29,69,24,46,0,0,0,0,0,0,0,0,29,69,29,69,24,46,0,0,0,0,0,0,0,0,29,69,29,69,24,46,0,0,0,0,0,0,0,0,29,69,29,69,24,46,0,0,0,0,0,0,0,0,29,69,29,69,24,46,0,0,0,0,0,0,0,0
284,0,1000,0,0,1000,0,1000,29,69,29,69,24,46,0,0,0,0,0,0,0,0,29,69,29,69,24,46,0,0,0,0,0,0,0,0,29,69,29,69,24,46,0,0,0,0,0,0,0,0,29,69,29,69,24,46,0,0,0,0,0,0,0,0,29,69,29,69,24,46,0,0,0,0,0,0,0,0,29,69,29,69,24,46,0,0,0,0,0,0,0,0
285,0,1000,0,0,1000,0,1000,29,69,29,69,24,46,3927,1,3927,1,0,0,0,0,29,69,29,69,24,46,3927,1,3927,1,0,0,0,0,29,69,29,69,24,46,3927,1,3927,1,0,0,0,0,29,69,29,69,24,46,3927,1,3927,1,0,0,0,0,29,69,29,69,24,46,3927,1,3927,1,0,0,0,0,29,69,29,69,24,46,3927,1,3927,1,0,0,0,0
286,0,1000,0,0,1000,0,1000,30,71,30,71,24,46,22867,84,0,0,291,1,22576,83,30,71,30,71,24,46,22867,84,0,0,291,1,22576,83,30,71,30,71,24,46,22867,84,0,0,291,1,22576,83,30,71,30,71,24,46,22867,84,0,0,291,1,22576,83,30,71,30,71,24,46,22867,84,0,0,291,1,22576,83,30,71,30,71,24,46,22867,84,0,0,291,1,22576,83
287,0,1000,0,0,1000,0,1000,30,71,30,71,24,46,0,0,0,0,0,0,0,0,30,71,30,71,24,46,0,0,0,0,0,0,0,0,30,71,30,71,24,46,0,0,0,0,0,0,0,0,30,71,30,71,24,46,0,0,0,0,0,0,0,0,30,71,30,71,24,46,0,0,0,0,0,0,0,0,30,71,30,71,24,46,0,0,0,0,0,0,0,0
288,0,1000,0,0,1000,0,1000,30,71,30,71,24,46,0,0,0,0,0,0,0,0,30,71,30,71,24,46,0,0,0,0,0,0,0,0,30,71,30,71,24,46,0,0,0,0,0,0,0,0,30,71,30,71,24,46,0,0,0,0,0,0,0,0,30,71,30,71,24,46,0,0,0,0,0,0,0,0,30,71,30,71,24,46,0,0,0,0,0,0,0,0
289,0,1000,0,0,1000,0,1000,30,71,30,71,24,46,0,0,0,0,0,0,0,0,30,71,30,71,24,46,0,0,0,0,0,0,0,0,30,71,30,71,24,46,0,0,0,0,0,0,0,0,30,71,30,71,24,46,0,0,0,0,0,0,0,0,30,71,30,71,24,46,0,0,0,0,0,0,0,0,30,71,30,71,24,46,0,0,0,0,0,0,0,0
290,0,1000,0,0,1000,0,1000,30,71,30,71,24,46,27744,102,0,0,0,0,27744,102,30,71,30,71,24,46,27744,102,0,0,0,0,27744,102,30,71,30,71,24,46,27744,102,0,0,0,0,27744,102,30,71,30,71,24,46,27744,102,0,0,0,0,27744,102,30,71,30,71,24,46,27744,102,0,0,0,0,27744,102,30,71,30,71,24,46,27744,102,0,0,0,0,27744,102
291,0,1000,0,0,1000,0,1000,30,71,30,71,25,62,0,0,0,0,0,0,0,0,30,71,30,71,25,62,0,0,0,0,0,0,0,0,30,71,30,71,25,62,0,0,0,0,0,0,0,0,30,71,30,71,25,62,0,0,0,0,0,0,0,0,30,71,30,71,25,62,0,0,0,0,0,0,0,0,30,71,30,71,25,62,0,0,0,0,0,0,0,0
292,0,1000,0,0,1000,0,1000,30,71,30,71,25,62,0,0,0,0,0,0,0,0,30,71,30,71,25,62,0,0,0,0,0,0,0,0,30,71,30,71,25,62,0,0,0,0,0,0,0,0,30,71,30,71,25,62,0,0,0,0,0,0,0,0,30,71,30,71,25,62,0,0,0,0,0,0,0,0,30,71,30,71,25,62,0,0,0,0,0,0,0,0
293,0,1000,0,0,1000,0,1000,30,71,30,71,25,62,0,0,0,0,0,0,0,0,30,71,30,71,25,62,0,0,0,0,0,0,0,0,30,71,30,71,25,62,0,0,0,0,0,0,0,0,30,71,30,71,25,62,0,0,0,0,0,0,0,0,30,71,30,71,25,62,0,0,0,0,0,0,0,0,30,71,30,71,25,62,0,0,0,0,0,0,0,0
294,0,1000,0,0,1000,0,1000,30,71,30,71,25,62,23120,85,0,0,0,0,23120,85,30,71,30,71,25,62,23120,85,0,0,0,0,23120,85,30,71,30,71,25,62,23120,85,0,0,0,0,23120,85,30,71,30,71,25,62,23120,85,0,0,0,0,23120,85,30,71,30,71,25,62,23120,85,0,0,0,0,23120,85,30,71,30,71,25,62,23120,85,0,0,0,0,23120,85
295,0,1000,0,0,1000,0,1000,30,71,30,71,26,63,0,0,0,0,0,0,0,0,30,71,30,71,26,63,0,0,0,0,0,0,0,0,30,71,30,71,26,63,0,0,0,0,0,0,0,0,30,71,30,71,26,63,0,0,0,0,0,0,0,0,30,71,30,71,26,63,0,0,0,0,0,0,0,0,30,71,30,71,26,63,0,0,0,0,0,0,0,0
296,0,1000,0,0,1000,0,1000,30,71,30,71,26,63,0,0,0,0,0,0,0,0,30,71,30,71,26,63,0,0,0,0,0,0,0,0,30,71,30,71,26,63,0,0,0,0,0,0,0,0,30,71,30,71,26,63,0,0,0,0,0,0,0,0,30,71,30,71,26,63,0,0,0,0,0,0,0,0,30,71,30,71,26,63,0,0,0,0,0,0,0,0
297,0,1000,0,0,1000,0,1000,30,71,30,71,26,63,0,0,0,0,0,0,0,0,30,71,30,71,26,63,0,0,0,0,0,0,0,0,30,71,30,71,26,63,0,0,0,0,0,0,0,0,30,71,30,71,26,63,0,0,0,0,0,0,0,0,30,71,30,71,26,63,0,0,0,0,0,0,0,0,30,71,30,71,26,63,0,0,0,0,0,0,0,0
298,0,1000,0,0,1000,0,1000,30,71,30,71,26,63,24752,91,0,0,0,0,24752,91,30,71,30,71,26,63,24752,91,0,0,0,0,24752,91,30,71,30,71,26,63,24752,91,0,0,0,0,24752,91,30,71,30,71,26,63,24752,91,0,0,0,0,24752,91,30,71,30,71,26,63,24752,91,0,0,0,0,24752,91,30,71,30,71,26,63,24752,91,0,0,0,0,24752,91
299,0,1000,0,0,1000,0,1000,30,71,30,71,26,63,0,0,0,0,0,0,0,0,30,71,30,71,26,63,0,0,0,0,0,0,0,0,30,71,30,71,26,63,0,0,0,0,0,0,0,0,30,71,30,71,26,63,0,0,0,0,0,0,0,0,30,71,30,71,26,63,0,0,0,0,0,0,0,0,30,71,30,71,26,63,0,0,0,0,0,0,0,0
300,0,1000,0,0,1000,0,1000,30,71,30,71,26,63,0,0,0,0,0,0,0,0,30,71,30,71,26,63,0,0,0,0,0,0,0,0,30,71,30,71,26,63,0,0,0,0,0,0,0,0,30,71,30,71,26,63,0,0,0,0,0,0,0,0,30,71,30,71,26,63,0,0,0,0,0,0,0,0,30,71,30,71,26,63,0,0,0,0,0,0,0,0
301,0,1000,0,0,1000,0,1000,30,71,30,71,26,63,3351,1,3351,1,0,0,0,0,30,71,30,71,26,63,3351,1,3351,1,0,0,0,0,30,71,30,71,26,63,3351,1,3351,1,0,0,0,0,30,71,30,71,26,63,3351,1,3351,1,0,0,0,0,30,71,30,71,26,63,3351,1,3351,1,0,0,0,0,30,71,30,71,26,63,3351,1,3351,1,0,0,0,0
302,0,1000,0,0,1000,0,1000,31,75,31,75,26,63,28579,105,0,0,291,1,28288,104,31,75,31,75,26,63,28579,105,0,0,291,1,28288,104,31,75,31,75,26,63,28579,105,0,0,291,1,28288,104,31,75,31,75,26,63,28579,105,0,0,291,1,28288,104,31,75,31,75,26,63,28579,105,0,0,291,1,28288,104,31,75,31,75,26,63,28579,105,0,0,291,1,28288,104
303,0,1000,0,0,1000,0,1000,31,75,31,75,26,63,0,0,0,0,0,0,0,0,31,75,31,75,26,63,0,0,0,0,0,0,0,0,31,75,31,75,26,63,0,0,0,0,0,0,0,0,31,75,31,75,26,63,0,0,0,0,0,0,0,0,31,75,31,75,26,63,0,0,0,0,0,0,0,0,31,75,31,75,26,63,0,0,0,0,0,0,0,0

digraph G {
  rankdir=BT;
  style=filled;
  color=lightgrey;
  node [shape=box,style=filled,color=white];
  b_HdZl1MeA9dx [label="H(dZl1MeA9dx)\nt=43 id=697"];
  b_Hx68ZVta4Tf [label="H(x68ZVta4Tf)\nt=20 id=26"];
  b_HvRXK5pT0HM [label="H(vRXK5pT0HM)\nt=15 id=821"];
  b_H2AWnamGSA [label="H(2A/WnamGSA)\nt=1 id=996"];
  b_Hj36Zhpmbt [label="H(/j36Zhpmbt)\nt=62 id=642"];
  b_H5DamURSYZ [label="H(5DamURSYZ/)\nt=68 id=174"];
  b_HxqLXEcrV1r [label="H(xqLXEcrV1r)\nt=75 id=607"];
  b_HpqwW7BXVwz [label="H(pqwW7BXVwz)\n"];
  b_H75Syp6LEFb [label="H(75Syp6LEFb)\nt=42 id=997"];
  b_HKQ3C8Xmh5 [label="H(KQ/3C8Xmh5)\nt=71 id=271"];
  b_HDadbA7MuOT [label="H(DadbA7MuOT)\nt=33 id=585"];
  b_HGB8QVLqYn [label="H(GB8QV+LqYn)\nt=32 id=822"];
  b_HDW6J5NwkO [label="H(DW6J5+NwkO)\nt=69 id=973"];
  b_HdrXRFtZA [label="H(drXRF+t/ZA)\nt=19 id=927"];
  b_HPNRfx2Tvfw [label="H(PNRfx2Tvfw)\nt=9 id=807"];
  b_HTFOxjfDSnH [label="H(TFOxjfDSnH)\nt=14 id=898"];
  b_HKWwi7NBCm5 [label="H(KWwi7NBCm5)\nt=36 id=269"];
  b_HdZC9XxVNhp [label="H(dZC9XxVNhp)\nt=37 id=788"];
  b_H57H6vf0wwb [label="H(57H6vf0wwb)\nt=35 id=851"];
  b_HiZW3GYP9 [label="H(/iZ+W3GYP9)\nt=63 id=501"];
  b_HwJ6T13Obd [label="H(wJ6/T13Obd)\nt=34 id=766"];
  b_HqWO4kGBu [label="H(qWO+4/kGBu)\nt=13 id=69"];
  b_Hk7mdYtoUgk [label="H(k7mdYtoUgk)\nt=67 id=680"];
  b_HjqvreEtM7 [label="H(jqvr+eEtM7)\nt=16 id=97"];
  b_Hy8DVuZnn9P [label="H(y8DVuZnn9P)\nt=39 id=407"];
  b_HGsdKZAFLvx [label="H(GsdKZAFLvx)\nt=46 id=74"];
  b_HKd9MFYWqxS [label="H(Kd9MFYWqxS)\nt=44 id=600"];
  b_HwdCa662Ubn [label="H(wdCa662Ubn)\nt=18 id=120"];
  b_H49wQ305Kx [label="H(49+wQ305Kx)\nt=2 id=619"];
  b_HBApPSSA5Cb [label="H(BApPSSA5Cb)\nt=3 id=947"];
  b_H3vQBYYVdos [label="H(3vQBYYVdos)\nt=12 id=937"];
  b_HzmyPBr1Gr [label="H(zmyPBr1G+r)\nt=30 id=352"];
  b_HdZl1MeA9dx -> b_H75Syp6LEFb;
  b_Hx68ZVta4Tf -> b_HdrXRFtZA;
  b_HvRXK5pT0HM -> b_HTFOxjfDSnH;
  b_H2AWnamGSA -> b_HpqwW7BXVwz;
  b_Hj36Zhpmbt -> b_HGsdKZAFLvx;
  b_H5DamURSYZ -> b_Hk7mdYtoUgk;
  b_HxqLXEcrV1r -> b_HKQ3C8Xmh5;
  b_H75Syp6LEFb -> b_Hy8DVuZnn9P;
  b_HKQ3C8Xmh5 -> b_HDW6J5NwkO;
  b_HDadbA7MuOT -> b_HGB8QVLqYn;
  b_HGB8QVLqYn -> b_HzmyPBr1Gr;
  b_HDW6J5NwkO -> b_H5DamURSYZ;
  b_HdrXRFtZA -> b_HwdCa662Ubn;
  b_HPNRfx2Tvfw -> b_HBApPSSA5Cb;
  b_HTFOxjfDSnH -> b_HqWO4kGBu;
  b_HKWwi7NBCm5 -> b_H57H6vf0wwb;
  b_HdZC9XxVNhp -> b_HKWwi7NBCm5;
  b_H57H6vf0wwb -> b_HwJ6T13Obd;
  b_HiZW3GYP9 -> b_Hj36Zhpmbt;
  b_HwJ6T13Obd -> b_HDadbA7MuOT;
  b_HqWO4kGBu -> b_H3vQBYYVdos;
  b_Hk7mdYtoUgk -> b_HiZW3GYP9;
  b_HjqvreEtM7 -> b_HvRXK5pT0HM;
  b_Hy8DVuZnn9P -> b_HdZC9XxVNhp;
  b_HGsdKZAFLvx -> b_HKd9MFYWqxS;
  b_HKd9MFYWqxS -> b_HdZl1MeA9dx;
  b_HwdCa662Ubn -> b_HjqvreEtM7;
  b_H49wQ305Kx -> b_H2AWnamGSA;
  b_HBApPSSA5Cb -> b_H49wQ305Kx;
  b_H3vQBYYVdos -> b_HPNRfx2Tvfw;
  b_HzmyPBr1Gr -> b_Hx68ZVta4Tf;
  v_Hlbf7qH4w [label="id=660 t=75"];
  v_Hlbf7qH4w -> b_HxqLXEcrV1r;
  v_HF0Sjhkr [label="id=261 t=75"];
  v_HF0Sjhkr -> b_HxqLXEcrV1r;
  v_HTfdwpwQbU [label="id=424 t=75"];
  v_HTfdwpwQbU -> b_HxqLXEcrV1r;
  v_HFRPu5DxKE [label="id=46 t=75"];
  v_HFRPu5DxKE -> b_HxqLXEcrV1r;
  v_Hby7FestjZf [label="id=496 t=75"];
  v_Hby7FestjZf -> b_HxqLXEcrV1r;
  v_HsHEUgNHA8u [label="id=616 t=75"];
  v_HsHEUgNHA8u -> b_HxqLXEcrV1r;
  v_HMucd2M2rqt [label="id=22 t=75"];
  v_HMucd2M2rqt -> b_HxqLXEcrV1r;
  v_HTcrcC43lRK [label="id=192 t=75"];
  v_HTcrcC43lRK -> b_HxqLXEcrV1r;
  v_Hsna5JWFNM [label="id=586 t=75"];
  v_Hsna5JWFNM -> b_HxqLXEcrV1r;
  v_HSxeGA88j [label="id=292 t=75"];
  v_HSxeGA88j -> b_HxqLXEcrV1r;
  v_HXVby6MI17 [label="id=998 t=75"];
  v_HXVby6MI17 -> b_HxqLXEcrV1r;
  v_HpQdYF3VZ8c [label="id=687 t=75"];
  v_HpQdYF3VZ8c -> b_HxqLXEcrV1r;
  v_Hb0Ed37ReQ [label="id=443 t=75"];
  v_Hb0Ed37ReQ -> b_HxqLXEcrV1r;
  v_H8yQBjnNEn [label="id=257 t=75"];
  v_H8yQBjnNEn -> b_HxqLXEcrV1r;
  v_HwWgJrqyzLB [label="id=9 t=75"];
  v_HwWgJrqyzLB -> b_HxqLXEcrV1r;
  v_HzRVHpkNGRN [label="id=30 t=75"];
  v_HzRVHpkNGRN -> b_HxqLXEcrV1r;
  v_HtR6ZgO0x55 [label="id=951 t=75"];
  v_HtR6ZgO0x55 -> b_HxqLXEcrV1r;
  v_HNKyFNrymk2 [label="id=181 t=75"];
  v_HNKyFNrymk2 -> b_HxqLXEcrV1r;
  v_HgdWQQvDb6U [label="id=238 t=75"];
  v_HgdWQQvDb6U -> b_HxqLXEcrV1r;
  v_HTksW3uVnpl [label="id=754 t=75"];
  v_HTksW3uVnpl -> b_HxqLXEcrV1r;
  v_HQuVrYTQY1b [label="id=1 t=75"];
  v_HQuVrYTQY1b -> b_HxqLXEcrV1r;
  v_HqV8WKCRsmE [label="id=372 t=75"];
  v_HqV8WKCRsmE -> b_HxqLXEcrV1r;
  v_Hoh2VbtFhk [label="id=258 t=75"];
  v_Hoh2VbtFhk -> b_HxqLXEcrV1r;
  v_HPsb5NpmpIu [label="id=624 t=75"];
  v_HPsb5NpmpIu -> b_HxqLXEcrV1r;
  v_HdayD3xP6OJ [label="id=400 t=75"];
  v_HdayD3xP6OJ -> b_HxqLXEcrV1r;
  v_HntGjqxhiYl [label="id=534 t=75"];
  v_HntGjqxhiYl -> b_HxqLXEcrV1r;
  v_HsAqzpATOCi [label="id=88 t=75"];
  v_HsAqzpATOCi -> b_HxqLXEcrV1r;
  v_HSCwP5VkGq [label="id=260 t=75"];
  v_HSCwP5VkGq -> b_HxqLXEcrV1r;
  v_HVeFoLrzWlO [label="id=759 t=75"];
  v_HVeFoLrzWlO -> b_HxqLXEcrV1r;
  v_H1BFdVUZEoR [label="id=786 t=75"];
  v_H1BFdVUZEoR -> b_HxqLXEcrV1r;
  v_HBlrcMj861a [label="id=112 t=75"];
  v_HBlrcMj861a -> b_HxqLXEcrV1r;
  v_HwUS4i02Cx3 [label="id=396 t=75"];
  v_HwUS4i02Cx3 -> b_HxqLXEcrV1r;
  v_HPeMkRqevLG [label="id=522 t=75"];
  v_HPeMkRqevLG -> b_HxqLXEcrV1r;
  v_HUwx5x9uFcs [label="id=184 t=75"];
  v_HUwx5x9uFcs -> b_HxqLXEcrV1r;
  v_HZLZYLwGdaj [label="id=798 t=75"];
  v_HZLZYLwGdaj -> b_HxqLXEcrV1r;
  v_HAJeWt48dRU [label="id=150 t=75"];
  v_HAJeWt48dRU -> b_HxqLXEcrV1r;
  v_Hy5BPsGiW [label="id=367 t=75"];
  v_Hy5BPsGiW -> b_HxqLXEcrV1r;
  v_HorCnJUjiDr [label="id=479 t=75"];
  v_HorCnJUjiDr -> b_HxqLXEcrV1r;
  v_HUbSnrmm4Zr [label="id=568 t=75"];
  v_HUbSnrmm4Zr -> b_HxqLXEcrV1r;
  v_HnK3tpUSTa [label="id=738 t=75"];
  v_HnK3tpUSTa -> b_HxqLXEcrV1r;
  v_HbsT5TAXUf0 [label="id=753 t=75"];
  v_HbsT5TAXUf0 -> b_HxqLXEcrV1r;
  v_H5BT0x1IrXQ [label="id=449 t=75"];
  v_H5BT0x1IrXQ -> b_HxqLXEcrV1r;
  v_H1TRWnN9Cq [label="id=407 t=75"];
  v_H1TRWnN9Cq -> b_HxqLXEcrV1r;
  v_HPyjp84ryd [label="id=504 t=75"];
  v_HPyjp84ryd -> b_HxqLXEcrV1r;
  v_H2mssyWLA4U [label="id=523 t=75"];
  v_H2mssyWLA4U -> b_HxqLXEcrV1r;
  v_HMkiiLgNDr5 [label="id=917 t=75"];
  v_HMkiiLgNDr5 -> b_HxqLXEcrV1r;
  v_HhrHykhaqxN [label="id=92 t=75"];
  v_HhrHykhaqxN -> b_HxqLXEcrV1r;
  v_H4Vc5K3bNO [label="id=603 t=75"];
  v_H4Vc5K3bNO -> b_HxqLXEcrV1r;
  v_HMVcJylgrlp [label="id=844 t=75"];
  v_HMVcJylgrlp -> b_HxqLXEcrV1r;
  v_Hozswhg42Pe [label="id=827 t=75"];
  v_Hozswhg42Pe -> b_HxqLXEcrV1r;
  v_HU9m0KgAXRp [label="id=436 t=75"];
  v_HU9m0KgAXRp -> b_HxqLXEcrV1r;
  v_HrXW1H2mdiO [label="id=455 t=75"];
  v_HrXW1H2mdiO -> b_HxqLXEcrV1r;
  v_H0u5SYF279B [label="id=712 t=75"];
  v_H0u5SYF279B -> b_HxqLXEcrV1r;
  v_HEDY8exuB [label="id=244 t=75"];
  v_HEDY8exuB -> b_HxqLXEcrV1r;
  v_Hm9ujkbqLKl [label="id=103 t=75"];
  v_Hm9ujkbqLKl -> b_HxqLXEcrV1r;
  v_Hx1laJ0PMAN [label="id=772 t=75"];
  v_Hx1laJ0PMAN -> b_HxqLXEcrV1r;
  v_HgypbUXWVrb [label="id=895 t=75"];
  v_HgypbUXWVrb -> b_HxqLXEcrV1r;
  v_Huw4cGNg9V4 [label="id=889 t=75"];
  v_Huw4cGNg9V4 -> b_HxqLXEcrV1r;
  v_HMsIZkxzvJ [label="id=508 t=75"];
  v_HMsIZkxzvJ -> b_HxqLXEcrV1r;
  v_HyDtUNIejl [label="id=315 t=75"];
  v_HyDtUNIejl -> b_HxqLXEcrV1r;
  v_HBVZAoT5HjZ [label="id=848 t=75"];
  v_HBVZAoT5HjZ -> b_HxqLXEcrV1r;
  v_Hf827C8qBVg [label="id=663 t=75"];
  v_Hf827C8qBVg -> b_HxqLXEcrV1r;
  v_HawwIZEUY7 [label="id=542 t=75"];
  v_HawwIZEUY7 -> b_HxqLXEcrV1r;
  v_HozKQwu6WR [label="id=613 t=75"];
  v_HozKQwu6WR -> b_HxqLXEcrV1r;
  v_HmzW5yE6wsh [label="id=427 t=75"];
  v_HmzW5yE6wsh -> b_HxqLXEcrV1r;
  v_HgIB94Wr9sk [label="id=710 t=75"];
  v_HgIB94Wr9sk -> b_HxqLXEcrV1r;
  v_H2DaM86St7R [label="id=755 t=75"];
  v_H2DaM86St7R -> b_HxqLXEcrV1r;
  v_HMpTT6RevN9 [label="id=549 t=75"];
  v_HMpTT6RevN9 -> b_HxqLXEcrV1r;
  v_H6TeWAEZoTb [label="id=281 t=75"];
  v_H6TeWAEZoTb -> b_HxqLXEcrV1r;
  v_HNeSpi0hq8O [label="id=876 t=75"];
  v_HNeSpi0hq8O -> b_HxqLXEcrV1r;
  v_HiEfHcjIG [label="id=970 t=75"];
  v_HiEfHcjIG -> b_HxqLXEcrV1r;
  v_HVqvlO0tkC [label="id=380 t=75"];
  v_HVqvlO0tkC -> b_HxqLXEcrV1r;
  v_Hi0cubFlw1r [label="id=119 t=75"];
  v_Hi0cubFlw1r -> b_HxqLXEcrV1r;
  v_H9uQTeuhi [label="id=968 t=75"];
  v_H9uQTeuhi -> b_HxqLXEcrV1r;
  v_Hrh3HcK6ZWO [label="id=728 t=75"];
  v_Hrh3HcK6ZWO -> b_HxqLXEcrV1r;
  v_HVRiFr4INMQ [label="id=457 t=75"];
  v_HVRiFr4INMQ -> b_HxqLXEcrV1r;
  v_H5p95VRsTR [label="id=747 t=75"];
  v_H5p95VRsTR -> b_HxqLXEcrV1r;
  v_H1PvVRXuRMb [label="id=18 t=75"];
  v_H1PvVRXuRMb -> b_HxqLXEcrV1r;
  v_HaIleksAEyp [label="id=540 t=75"];
  v_HaIleksAEyp -> b_HxqLXEcrV1r;
  v_HBBHJVKYu5 [label="id=963 t=75"];
  v_HBBHJVKYu5 -> b_HxqLXEcrV1r;
  v_HIcUWsylVn [label="id=913 t=75"];
  v_HIcUWsylVn -> b_HxqLXEcrV1r;
  v_HxONPAHH9A8 [label="id=535 t=75"];
  v_HxONPAHH9A8 -> b_HxqLXEcrV1r;
  v_HA59wMc0cZm [label="id=301 t=75"];
  v_HA59wMc0cZm -> b_HxqLXEcrV1r;
  v_HtgSGmGGQBq [label="id=893 t=75"];
  v_HtgSGmGGQBq -> b_HxqLXEcrV1r;
  v_HtM5T6Gsqwm [label="id=978 t=75"];
  v_HtM5T6Gsqwm -> b_HxqLXEcrV1r;
  v_HBxRC4W1MKH [label="id=84 t=75"];
  v_HBxRC4W1MKH -> b_HxqLXEcrV1r;
  v_HcnnrBsfpd [label="id=852 t=75"];
  v_HcnnrBsfpd -> b_HxqLXEcrV1r;
  v_H3e9HnuFai [label="id=525 t=75"];
  v_H3e9HnuFai -> b_HxqLXEcrV1r;
  v_HI3iKqw9kI5 [label="id=361 t=75"];
  v_HI3iKqw9kI5 -> b_HxqLXEcrV1r;
  v_HISk1tWy37I [label="id=159 t=75"];
  v_HISk1tWy37I -> b_HxqLXEcrV1r;
  v_HZZk0lCn4Qt [label="id=860 t=75"];
  v_HZZk0lCn4Qt -> b_HxqLXEcrV1r;
  v_HrLMx7wdTVf [label="id=842 t=75"];
  v_HrLMx7wdTVf -> b_HxqLXEcrV1r;
  v_HSOQUi7mpn6 [label="id=527 t=75"];
  v_HSOQUi7mpn6 -> b_HxqLXEcrV1r;
  v_HJEK08QPl7 [label="id=174 t=75"];
  v_HJEK08QPl7 -> b_HxqLXEcrV1r;
  v_Hr32XxUv3U [label="id=74 t=75"];
  v_Hr32XxUv3U -> b_HxqLXEcrV1r;
  v_HQ4nbbpusxF [label="id=79 t=75"];
  v_HQ4nbbpusxF -> b_HxqLXEcrV1r;
  v_H3vl6QAZ8Zk [label="id=999 t=75"];
  v_H3vl6QAZ8Zk -> b_HxqLXEcrV1r;
  v_Hd8OBRVCOnm [label="id=416 t=75"];
  v_Hd8OBRVCOnm -> b_HxqLXEcrV1r;
  v_HO4mki4liOM [label="id=555 t=75"];
  v_HO4mki4liOM -> b_HxqLXEcrV1r;
  v_HZeYqcUXuVa [label="id=274 t=75"];
  v_HZeYqcUXuVa -> b_HxqLXEcrV1r;
  v_HiBDvzp3HtT [label="id=855 t=75"];
  v_HiBDvzp3HtT -> b_HxqLXEcrV1r;
  v_H6TWl6tKRDj [label="id=403 t=75"];
  v_H6TWl6tKRDj -> b_HxqLXEcrV1r;
  v_HLxIJAOEu7a [label="id=115 t=75"];
  v_HLxIJAOEu7a -> b_HxqLXEcrV1r;
  v_Hgb4jyAE789 [label="id=787 t=75"];
  v_Hgb4jyAE789 -> b_HxqLXEcrV1r;
}


ALWAYS AWAKE final ledgers: 31 75 31 75 26 63
ALWAYS AWAKE total communication: 1373417 4645
ALWAYS AWAKE blocks communication: 9013 31
ALWAYS AWAKE votes communication: 1243856 4573
ALWAYS AWAKE proposals communication: 120548 41
