r,n_asleep,n_awake,n_honest_asleep,n_honest_dreamy,n_honest_awake,n_adversary,n_all,party0_ledger_best_length,party0_ledger_best_age,party0_ledger_fast_length,party0_ledger_fast_age,party0_ledger_slow_length,party0_ledger_slow_age,party0_comms_all_size,party0_comms_all_count,party0_comms_proposal_size,party0_comms_proposal_count,party0_comms_piece_block_size,party0_comms_piece_block_count,party0_comms_piece_vote_size,party0_comms_piece_vote_count,party1_ledger_best_length,party1_ledger_best_age,party1_ledger_fast_length,party1_ledger_fast_age,party1_ledger_slow_length,party1_ledger_slow_age,party1_comms_all_size,party1_comms_all_count,party1_comms_proposal_size,party1_comms_proposal_count,party1_comms_piece_block_size,party1_comms_piece_block_count,party1_comms_piece_vote_size,party1_comms_piece_vote_count,party2_ledger_best_length,party2_ledger_best_age,party2_ledger_fast_length,party2_ledger_fast_age,party2_ledger_slow_length,party2_ledger_slow_age,party2_comms_all_size,party2_comms_all_count,party2_comms_proposal_size,party2_comms_proposal_count,party2_comms_piece_block_size,party2_comms_piece_block_count,party2_comms_piece_vote_size,party2_comms_piece_vote_count,party3_ledger_best_length,party3_ledger_best_age,party3_ledger_fast_length,party3_ledger_fast_age,party3_ledger_slow_length,party3_ledger_slow_age,party3_comms_all_size,party3_comms_all_count,party3_comms_proposal_size,party3_comms_proposal_count,party3_comms_piece_block_size,party3_comms_piece_block_count,party3_comms_piece_vote_size,party3_comms_piece_vote_count,party4_ledger_best_length,party4_ledger_best_age,party4_ledger_fast_length,party4_ledger_fast_age,party4_ledger_slow_length,party4_ledger_slow_age,party4_comms_all_size,party4_comms_all_count,party4_comms_proposal_size,party4_comms_proposal_count,party4_comms_piece_block_size,party4_comms_piece_block_count,party4_comms_piece_vote_size,party4_comms_piece_vote_count,partyALWAYSAWAKE_ledger_best_length,partyALWAYSAWAKE_ledger_best_age,partyALWAYSAWAKE_ledger_fast_length,partyALWAYSAWAKE_ledger_fast_age,partyALWAYSAWAKE_ledger_slow_length,partyALWAYSAWAKE_ledger_slow_age,partyALWAYSAWAKE_comms_all_size,partyALWAYSAWAKE_comms_all_count,partyALWAYSAWAKE_comms_proposal_size,partyALWAYSAWAKE_comms_proposal_count,partyALWAYSAWAKE_comms_piece_block_size,partyALWAYSAWAKE_comms_piece_block_count,partyALWAYSAWAKE_comms_piece_vote_size,partyALWAYSAWAKE_comms_piece_vote_count
4,0,1000,0,0,1000,0,1000,0,0,0,0,0,0,0,0,0,0,0,0,0,0,0,0,0,0,0,0,0,0,0,0,0,0,0,0,0,0,0,0,0,0,0,0,0,0,0,0,0,0,0,0,0,0,0,0,0,0,0,0,0,0,0,0,0,0,0,0,0,0,0,0,0,0,0,0,0,0,0,0,0,0,0,0,0,0,0,0,0,0,0,0
5,0,1000,0,0,1000,0,1000,0,0,0,0,0,0,0,0,0,0,0,0,0,0,0,0,0,0,0,0,0,0,0,0,0,0,0,0,0,0,0,0,0,0,0,0,0,0,0,0,0,0,0,0,0,0,0,0,0,0,0,0,0,0,0,0,0,0,0,0,0,0,0,0,0,0,0,0,0,0,0,0,0,0,0,0,0,0,0,0,0,0,0,0
6,0,1000,0,0,1000,0,1000,0,0,0,0,0,0,27472,101,0,0,0,0,27472,101,0,0,0,0,0,0,27472,101,0,0,0,0,27472,101,0,0,0,0,0,0,27472,101,0,0,0,0,27472,101,0,0,0,0,0,0,27472,101,0,0,0,0,27472,101,0,0,0,0,0,0,27472,101,0,0,0,0,27472,101,0,0,0,0,0,0,27472,101,0,0,0,0,27472,101
7,0,1000,0,0,1000,0,1000,0,0,0,0,0,0,0,0,0,0,0,0,0,0,0,0,0,0,0,0,0,0,0,0,0,0,0,0,0,0,0,0,0,0,0,0,0,0,0,0,0,0,0,0,0,0,0,0,0,0,0,0,0,0,0,0,0,0,0,0,0,0,0,0,0,0,0,0,0,0,0,0,0,0,0,0,0,0,0,0,0,0,0,0
8,0,1000,0,0,1000,0,1000,0,0,0,0,0,0,0,0,0,0,0,0,0,0,0,0,0,0,0,0,0,0,0,0,0,0,0,0,0,0,0,0,0,0,0,0,0,0,0,0,0,0,0,0,0,0,0,0,0,0,0,0,0,0,0,0,0,0,0,0,0,0,0,0,0,0,0,0,0,0,0,0,0,0,0,0,0,0,0,0,0,0,0,0
9,0,1000,0,0,1000,0,1000,0,0,0,0,0,0,0,0,0,0,0,0,0,0,0,0,0,0,0,0,0,0,0,0,0,0,0,0,0,0,0,0,0,0,0,0,0,0,0,0,0,0,0,0,0,0,0,0,0,0,0,0,0,0,0,0,0,0,0,0,0,0,0,0,0,0,0,0,0,0,0,0,0,0,0,0,0,0,0,0,0,0,0,0
10,0,1000,0,0,1000,0,1000,0,0,0,0,0,0,33728,124,0,0,0,0,33728,124,0,0,0,0,0,0,33728,124,0,0,0,0,33728,124,0,0,0,0,0,0,33728,124,0,0,0,0,33728,124,0,0,0,0,0,0,33728,124,0,0,0,0,33728,124,0,0,0,0,0,0,33728,124,0,0,0,0,33728,124,0,0,0,0,0,0,33728,124,0,0,0,0,33728,124
11,0,1000,0,0,1000,0,1000,0,0,0,0,0,0,0,0,0,0,0,0,0,0,0,0,0,0,0,0,0,0,0,0,0,0,0,0,0,0,0,0,0,0,0,0,0,0,0,0,0,0,0,0,0,0,0,0,0,0,0,0,0,0,0,0,0,0,0,0,0,0,0,0,0,0,0,0,0,0,0,0,0,0,0,0,0,0,0,0,0,0,0,0
12,0,1000,0,0,1000,0,1000,0,0,0,0,0,0,0,0,0,0,0,0,0,0,0,0,0,0,0,0,0,0,0,0,0,0,0,0,0,0,0,0,0,0,0,0,0,0,0,0,0,0,0,0,0,0,0,0,0,0,0,0,0,0,0,0,0,0,0,0,0,0,0,0,0,0,0,0,0,0,0,0,0,0,0,0,0,0,0,0,0,0,0,0
13,0,1000,0,0,1000,0,1000,0,0,0,0,0,0,84406,1,84406,1,0,0,0,0,0,0,0,0,0,0,84406,1,84406,1,0,0,0,0,0,0,0,0,0,0,84406,1,84406,1,0,0,0,0,0,0,0,0,0,0,84406,1,84406,1,0,0,0,0,0,0,0,0,0,0,84406,1,84406,1,0,0,0,0,0,0,0,0,0,0,84406,1,84406,1,0,0,0,0
14,0,1000,0,0,1000,0,1000,1,3,1,3,0,0,106946,99,0,0,80290,1,26656,98,1,3,1,3,0,0,106946,99,0,0,80290,1,26656,98,1,3,1,3,0,0,106946,99,0,0,80290,1,26656,98,1,3,1,3,0,0,106946,99,0,0,80290,1,26656,98,1,3,1,3,0,0,106946,99,0,0,80290,1,26656,98,1,3,1,3,0,0,106946,99,0,0,80290,1,26656,98
15,0,1000,0,0,1000,0,1000,1,3,1,3,0,0,0,0,0,0,0,0,0,0,1,3,1,3,0,0,0,0,0,0,0,0,0,0,1,3,1,3,0,0,0,0,0,0,0,0,0,0,1,3,1,3,0,0,0,0,0,0,0,0,0,0,1,3,1,3,0,0,0,0,0,0,0,0,0,0,1,3,1,3,0,0,0,0,0,0,0,0,0,0
16,0,1000,0,0,1000,0,1000,1,3,1,3,0,0,0,0,0,0,0,0,0,0,1,3,1,3,0,0,0,0,0,0,0,0,0,0,1,3,1,3,0,0,0,0,0,0,0,0,0,0,1,3,1,3,0,0,0,0,0,0,0,0,0,0,1,3,1,3,0,0,0,0,0,0,0,0,0,0,1,3,1,3,0,0,0,0,0,0,0,0,0,0
17,0,1000,0,0,1000,0,1000,1,3,1,3,0,0,0,0,0,0,0,0,0,0,1,3,1,3,0,0,0,0,0,0,0,0,0,0,1,3,1,3,0,0,0,0,0,0,0,0,0,0,1,3,1,3,0,0,0,0,0,0,0,0,0,0,1,3,1,3,0,0,0,0,0,0,0,0,0,0,1,3,1,3,0,0,0,0,0,0,0,0,0,0
18,0,1000,0,0,1000,0,1000,1,3,1,3,0,0,26112,96,0,0,0,0,26112,96,1,3,1,3,0,0,26112,96,0,0,0,0,26112,96,1,3,1,3,0,0,26112,96,0,0,0,0,26112,96,1,3,1,3,0,0,26112,96,0,0,0,0,26112,96,1,3,1,3,0,0,26112,96,0,0,0,0,26112,96,1,3,1,3,0,0,26112,96,0,0,0,0,26112,96
19,0,1000,0,0,1000,0,1000,1,3,1,3,0,0,0,0,0,0,0,0,0,0,1,3,1,3,0,0,0,0,0,0,0,0,0,0,1,3,1,3,0,0,0,0,0,0,0,0,0,0,1,3,1,3,0,0,0,0,0,0,0,0,0,0,1,3,1,3,0,0,0,0,0,0,0,0,0,0,1,3,1,3,0,0,0,0,0,0,0,0,0,0
20,0,1000,0,0,1000,0,1000,1,3,1,3,0,0,0,0,0,0,0,0,0,0,1,3,1,3,0,0,0,0,0,0,0,0,0,0,1,3,1,3,0,0,0,0,0,0,0,0,0,0,1,3,1,3,0,0,0,0,0,0,0,0,0,0,1,3,1,3,0,0,0,0,0,0,0,0,0,0,1,3,1,3,0,0,0,0,0,0,0,0,0,0
21,0,1000,0,0,1000,0,1000,1,3,1,3,0,0,0,0,0,0,0,0,0,0,1,3,1,3,0,0,0,0,0,0,0,0,0,0,1,3,1,3,0,0,0,0,0,0,0,0,0,0,1,3,1,3,0,0,0,0,0,0,0,0,0,0,1,3,1,3,0,0,0,0,0,0,0,0,0,0,1,3,1,3,0,0,0,0,0,0,0,0,0,0
22,0,1000,0,0,1000,0,1000,1,3,1,3,0,0,26656,98,0,0,0,0,26656,98,1,3,1,3,0,0,26656,98,0,0,0,0,26656,98,1,3,1,3,0,0,26656,98,0,0,0,0,26656,98,1,3,1,3,0,0,26656,98,0,0,0,0,26656,98,1,3,1,3,0,0,26656,98,0,0,0,0,26656,98,1,3,1,3,0,0,26656,98,0,0,0,0,26656,98
23,0,1000,0,0,1000,0,1000,1,3,1,3,0,0,0,0,0,0,0,0,0,0,1,3,1,3,0,0,0,0,0,0,0,0,0,0,1,3,1,3,0,0,0,0,0,0,0,0,0,0,1,3,1,3,0,0,0,0,0,0,0,0,0,0,1,3,1,3,0,0,0,0,0,0,0,0,0,0,1,3,1,3,0,0,0,0,0,0,0,0,0,0
24,0,1000,0,0,1000,0,1000,1,3,1,3,0,0,0,0,0,0,0,0,0,0,1,3,1,3,0,0,0,0,0,0,0,0,0,0,1,3,1,3,0,0,0,0,0,0,0,0,0,0,1,3,1,3,0,0,0,0,0,0,0,0,0,0,1,3,1,3,0,0,0,0,0,0,0,0,0,0,1,3,1,3,0,0,0,0,0,0,0,0,0,0
25,0,1000,0,0,1000,0,1000,1,3,1,3,0,0,0,0,0,0,0,0,0,0,1,3,1,3,0,0,0,0,0,0,0,0,0,0,1,3,1,3,0,0,0,0,0,0,0,0,0,0,1,3,1,3,0,0,0,0,0,0,0,0,0,0,1,3,1,3,0,0,0,0,0,0,0,0,0,0,1,3,1,3,0,0,0,0,0,0,0,0,0,0
26,0,1000,0,0,1000,0,1000,1,3,1,3,0,0,27200,100,0,0,0,0,27200,100,1,3,1,3,0,0,27200,100,0,0,0,0,27200,100,1,3,1,3,0,0,27200,100,0,0,0,0,27200,100,1,3,1,3,0,0,27200,100,0,0,0,0,27200,100,1,3,1,3,0,0,27200,100,0,0,0,0,27200,100,1,3,1,3,0,0,27200,100,0,0,0,0,27200,100
27,0,1000,0,0,1000,0,1000,1,3,1,3,0,0,0,0,0,0,0,0,0,0,1,3,1,3,0,0,0,0,0,0,0,0,0,0,1,3,1,3,0,0,0,0,0,0,0,0,0,0,1,3,1,3,0,0,0,0,0,0,0,0,0,0,1,3,1,3,0,0,0,0,0,0,0,0,0,0,1,3,1,3,0,0,0,0,0,0,0,0,0,0
28,0,1000,0,0,1000,0,1000,1,3,1,3,0,0,0,0,0,0,0,0,0,0,1,3,1,3,0,0,0,0,0,0,0,0,0,0,1,3,1,3,0,0,0,0,0,0,0,0,0,0,1,3,1,3,0,0,0,0,0,0,0,0,0,0,1,3,1,3,0,0,0,0,0,0,0,0,0,0,1,3,1,3,0,0,0,0,0,0,0,0,0,0
29,0,1000,0,0,1000,0,1000,1,3,1,3,0,0,0,0,0,0,0,0,0,0,1,3,1,3,0,0,0,0,0,0,0,0,0,0,1,3,1,3,0,0,0,0,0,0,0,0,0,0,1,3,1,3,0,0,0,0,0,0,0,0,0,0,1,3,1,3,0,0,0,0,0,0,0,0,0,0,1,3,1,3,0,0,0,0,0,0,0,0,0,0
30,0,1000,0,0,1000,0,1000,1,3,1,3,0,0,27200,100,0,0,0,0,27200,100,1,3,1,3,0,0,27200,100,0,0,0,0,27200,100,1,3,1,3,0,0,27200,100,0,0,0,0,27200,100,1,3,1,3,0,0,27200,100,0,0,0,0,27200,100,1,3,1,3,0,0,27200,100,0,0,0,0,27200,100,1,3,1,3,0,0,27200,100,0,0,0,0,27200,100
31,0,1000,0,0,1000,0,1000,1,3,1,3,0,0,0,0,0,0,0,0,0,0,1,3,1,3,0,0,0,0,0,0,0,0,0,0,1,3,1,3,0,0,0,0,0,0,0,0,0,0,1,3,1,3,0,0,0,0,0,0,0,0,0,0,1,3,1,3,0,0,0,0,0,0,0,0,0,0,1,3,1,3,0,0,0,0,0,0,0,0,0,0
32,0,1000,0,0,1000,0,1000,1,3,1,3,0,0,0,0,0,0,0,0,0,0,1,3,1,3,0,0,0,0,0,0,0,0,0,0,1,3,1,3,0,0,0,0,0,0,0,0,0,0,1,3,1,3,0,0,0,0,0,0,0,0,0,0,1,3,1,3,0,0,0,0,0,0,0,0,0,0,1,3,1,3,0,0,0,0,0,0,0,0,0,0
33,0,1000,0,0,1000,0,1000,1,3,1,3,0,0,0,0,0,0,0,0,0,0,1,3,1,3,0,0,0,0,0,0,0,0,0,0,1,3,1,3,0,0,0,0,0,0,0,0,0,0,1,3,1,3,0,0,0,0,0,0,0,0,0,0,1,3,1,3,0,0,0,0,0,0,0,0,0,0,1,3,1,3,0,0,0,0,0,0,0,0,0,0
34,0,1000,0,0,1000,0,1000,1,3,1,3,0,0,28560,105,0,0,0,0,28560,105,1,3,1,3,0,0,28560,105,0,0,0,0,28560,105,1,3,1,3,0,0,28560,105,0,0,0,0,28560,105,1,3,1,3,0,0,28560,105,0,0,0,0,28560,105,1,3,1,3,0,0,28560,105,0,0,0,0,28560,105,1,3,1,3,0,0,28560,105,0,0,0,0,28560,105
35,0,1000,0,0,1000,0,1000,1,3,1,3,0,0,0,0,0,0,0,0,0,0,1,3,1,3,0,0,0,0,0,0,0,0,0,0,1,3,1,3,0,0,0,0,0,0,0,0,0,0,1,3,1,3,0,0,0,0,0,0,0,0,0,0,1,3,1,3,0,0,0,0,0,0,0,0,0,0,1,3,1,3,0,0,0,0,0,0,0,0,0,0
36,0,1000,0,0,1000,0,1000,1,3,1,3,0,0,0,0,0,0,0,0,0,0,1,3,1,3,0,0,0,0,0,0,0,0,0,0,1,3,1,3,0,0,0,0,0,0,0,0,0,0,1,3,1,3,0,0,0,0,0,0,0,0,0,0,1,3,1,3,0,0,0,0,0,0,0,0,0,0,1,3,1,3,0,0,0,0,0,0,0,0,0,0
37,0,1000,0,0,1000,0,1000,1,3,1,3,0,0,0,0,0,0,0,0,0,0,1,3,1,3,0,0,0,0,0,0,0,0,0,0,1,3,1,3,0,0,0,0,0,0,0,0,0,0,1,3,1,3,0,0,0,0,0,0,0,0,0,0,1,3,1,3,0,0,0,0,0,0,0,0,0,0,1,3,1,3,0,0,0,0,0,0,0,0,0,0
38,0,1000,0,0,1000,0,1000,1,3,1,3,0,0,27744,102,0,0,0,0,27744,102,1,3,1,3,0,0,27744,102,0,0,0,0,27744,102,1,3,1,3,0,0,27744,102,0,0,0,0,27744,102,1,3,1,3,0,0,27744,102,0,0,0,0,27744,102,1,3,1,3,0,0,27744,102,0,0,0,0,27744,102,1,3,1,3,0,0,27744,102,0,0,0,0,27744,102
39,0,1000,0,0,1000,0,1000,1,3,1,3,0,0,0,0,0,0,0,0,0,0,1,3,1,3,0,0,0,0,0,0,0,0,0,0,1,3,1,3,0,0,0,0,0,0,0,0,0,0,1,3,1,3,0,0,0,0,0,0,0,0,0,0,1,3,1,3,0,0,0,0,0,0,0,0,0,0,1,3,1,3,0,0,0,0,0,0,0,0,0,0
40,0,1000,0,0,1000,0,1000,1,3,1,3,0,0,0,0,0,0,0,0,0,0,1,3,1,3,0,0,0,0,0,0,0,0,0,0,1,3,1,3,0,0,0,0,0,0,0,0,0,0,1,3,1,3,0,0,0,0,0,0,0,0,0,0,1,3,1,3,0,0,0,0,0,0,0,0,0,0,1,3,1,3,0,0,0,0,0,0,0,0,0,0
41,0,1000,0,0,1000,0,1000,1,3,1,3,0,0,0,0,0,0,0,0,0,0,1,3,1,3,0,0,0,0,0,0,0,0,0,0,1,3,1,3,0,0,0,0,0,0,0,0,0,0,1,3,1,3,0,0,0,0,0,0,0,0,0,0,1,3,1,3,0,0,0,0,0,0,0,0,0,0,1,3,1,3,0,0,0,0,0,0,0,0,0,0
42,0,1000,0,0,1000,0,1000,1,3,1,3,0,0,23120,85,0,0,0,0,23120,85,1,3,1,3,0,0,23120,85,0,0,0,0,23120,85,1,3,1,3,0,0,23120,85,0,0,0,0,23120,85,1,3,1,3,0,0,23120,85,0,0,0,0,23120,85,1,3,1,3,0,0,23120,85,0,0,0,0,23120,85,1,3,1,3,0,0,23120,85,0,0,0,0,23120,85
43,0,1000,0,0,1000,0,1000,1,3,1,3,0,0,0,0,0,0,0,0,0,0,1,3,1,3,0,0,0,0,0,0,0,0,0,0,1,3,1,3,0,0,0,0,0,0,0,0,0,0,1,3,1,3,0,0,0,0,0,0,0,0,0,0,1,3,1,3,0,0,0,0,0,0,0,0,0,0,1,3,1,3,0,0,0,0,0,0,0,0,0,0
44,0,1000,0,0,1000,0,1000,1,3,1,3,0,0,0,0,0,0,0,0,0,0,1,3,1,3,0,0,0,0,0,0,0,0,0,0,1,3,1,3,0,0,0,0,0,0,0,0,0,0,1,3,1,3,0,0,0,0,0,0,0,0,0,0,1,3,1,3,0,0,0,0,0,0,0,0,0,0,1,3,1,3,0,0,0,0,0,0,0,0,0,0
45,0,1000,0,0,1000,0,1000,1,3,1,3,0,0,0,0,0,0,0,0,0,0,1,3,1,3,0,0,0,0,0,0,0,0,0,0,1,3,1,3,0,0,0,0,0,0,0,0,0,0,1,3,1,3,0,0,0,0,0,0,0,0,0,0,1,3,1,3,0,0,0,0,0,0,0,0,0,0,1,3,1,3,0,0,0,0,0,0,0,0,0,0
46,0,1000,0,0,1000,0,1000,1,3,1,3,0,0,28832,106,0,0,0,0,28832,106,1,3,1,3,0,0,28832,106,0,0,0,0,28832,106,1,3,1,3,0,0,28832,106,0,0,0,0,28832,106,1,3,1,3,0,0,28832,106,0,0,0,0,28832,106,1,3,1,3,0,0,28832,106,0,0,0,0,28832,106,1,3,1,3,0,0,28832,106,0,0,0,0,28832,106
47,0,1000,0,0,1000,0,1000,1,3,1,3,0,0,0,0,0,0,0,0,0,0,1,3,1,3,0,0,0,0,0,0,0,0,0,0,1,3,1,3,0,0,0,0,0,0,0,0,0,0,1,3,1,3,0,0,0,0,0,0,0,0,0,0,1,3,1,3,0,0,0,0,0,0,0,0,0,0,1,3,1,3,0,0,0,0,0,0,0,0,0,0
48,0,1000,0,0,1000,0,1000,1,3,1,3,0,0,0,0,0,0,0,0,0,0,1,3,1,3,0,0,0,0,0,0,0,0,0,0,1,3,1,3,0,0,0,0,0,0,0,0,0,0,1,3,1,3,0,0,0,0,0,0,0,0,0,0,1,3,1,3,0,0,0,0,0,0,0,0,0,0,1,3,1,3,0,0,0,0,0,0,0,0,0,0
49,0,1000,0,0,1000,0,1000,1,3,1,3,0,0,0,0,0,0,0,0,0,0,1,3,1,3,0,0,0,0,0,0,0,0,0,0,1,3,1,3,0,0,0,0,0,0,0,0,0,0,1,3,1,3,0,0,0,0,0,0,0,0,0,0,1,3,1,3,0,0,0,0,0,0,0,0,0,0,1,3,1,3,0,0,0,0,0,0,0,0,0,0
50,0,1000,0,0,1000,0,1000,1,3,1,3,0,0,26384,97,0,0,0,0,26384,97,1,3,1,3,0,0,26384,97,0,0,0,0,26384,97,1,3,1,3,0,0,26384,97,0,0,0,0,26384,97,1,3,1,3,0,0,26384,97,0,0,0,0,26384,97,1,3,1,3,0,0,26384,97,0,0,0,0,26384,97,1,3,1,3,0,0,26384,97,0,0,0,0,26384,97
51,0,1000,0,0,1000,0,1000,1,3,1,3,0,0,0,0,0,0,0,0,0,0,1,3,1,3,0,0,0,0,0,0,0,0,0,0,1,3,1,3,0,0,0,0,0,0,0,0,0,0,1,3,1,3,0,0,0,0,0,0,0,0,0,0,1,3,1,3,0,0,0,0,0,0,0,0,0,0,1,3,1,3,0,0,0,0,0,0,0,0,0,0
52,0,1000,0,0,1000,0,1000,1,3,1,3,0,0,0,0,0,0,0,0,0,0,1,3,1,3,0,0,0,0,0,0,0,0,0,0,1,3,1,3,0,0,0,0,0,0,0,0,0,0,1,3,1,3,0,0,0,0,0,0,0,0,0,0,1,3,1,3,0,0,0,0,0,0,0,0,0,0,1,3,1,3,0,0,0,0,0,0,0,0,0,0
53,0,1000,0,0,1000,0,1000,1,3,1,3,0,0,0,0,0,0,0,0,0,0,1,3,1,3,0,0,0,0,0,0,0,0,0,0,1,3,1,3,0,0,0,0,0,0,0,0,0,0,1,3,1,3,0,0,0,0,0,0,0,0,0,0,1,3,1,3,0,0,0,0,0,0,0,0,0,0,1,3,1,3,0,0,0,0,0,0,0,0,0,0
54,0,1000,0,0,1000,0,1000,1,3,1,3,0,0,28560,105,0,0,0,0,28560,105,1,3,1,3,0,0,28560,105,0,0,0,0,28560,105,1,3,1,3,0,0,28560,105,0,0,0,0,28560,105,1,3,1,3,0,0,28560,105,0,0,0,0,28560,105,1,3,1,3,0,0,28560,105,0,0,0,0,28560,105,1,3,1,3,0,0,28560,105,0,0,0,0,28560,105
55,0,1000,0,0,1000,0,1000,1,3,1,3,1,3,0,0,0,0,0,0,0,0,1,3,1,3,1,3,0,0,0,0,0,0,0,0,1,3,1,3,1,3,0,0,0,0,0,0,0,0,1,3,1,3,1,3,0,0,0,0,0,0,0,0,1,3,1,3,1,3,0,0,0,0,0,0,0,0,1,3,1,3,1,3,0,0,0,0,0,0,0,0
56,0,1000,0,0,1000,0,1000,1,3,1,3,1,3,0,0,0,0,0,0,0,0,1,3,1,3,1,3,0,0,0,0,0,0,0,0,1,3,1,3,1,3,0,0,0,0,0,0,0,0,1,3,1,3,1,3,0,0,0,0,0,0,0,0,1,3,1,3,1,3,0,0,0,0,0,0,0,0,1,3,1,3,1,3,0,0,0,0,0,0,0,0
57,0,1000,0,0,1000,0,1000,1,3,1,3,1,3,0,0,0,0,0,0,0,0,1,3,1,3,1,3,0,0,0,0,0,0,0,0,1,3,1,3,1,3,0,0,0,0,0,0,0,0,1,3,1,3,1,3,0,0,0,0,0,0,0,0,1,3,1,3,1,3,0,0,0,0,0,0,0,0,1,3,1,3,1,3,0,0,0,0,0,0,0,0
58,0,1000,0,0,1000,0,1000,1,3,1,3,1,3,28560,105,0,0,0,0,28560,105,1,3,1,3,1,3,28560,105,0,0,0,0,28560,105,1,3,1,3,1,3,28560,105,0,0,0,0,28560,105,1,3,1,3,1,3,28560,105,0,0,0,0,28560,105,1,3,1,3,1,3,28560,105,0,0,0,0,28560,105,1,3,1,3,1,3,28560,105,0,0,0,0,28560,105
59,0,1000,0,0,1000,0,1000,1,3,1,3,1,3,0,0,0,0,0,0,0,0,1,3,1,3,1,3,0,0,0,0,0,0,0,0,1,3,1,3,1,3,0,0,0,0,0,0,0,0,1,3,1,3,1,3,0,0,0,0,0,0,0,0,1,3,1,3,1,3,0,0,0,0,0,0,0,0,1,3,1,3,1,3,0,0,0,0,0,0,0,0
60,0,1000,0,0,1000,0,1000,1,3,1,3,1,3,0,0,0,0,0,0,0,0,1,3,1,3,1,3,0,0,0,0,0,0,0,0,1,3,1,3,1,3,0,0,0,0,0,0,0,0,1,3,1,3,1,3,0,0,0,0,0,0,0,0,1,3,1,3,1,3,0,0,0,0,0,0,0,0,1,3,1,3,1,3,0,0,0,0,0,0,0,0
61,0,1000,0,0,1000,0,1000,1,3,1,3,1,3,0,0,0,0,0,0,0,0,1,3,1,3,1,3,0,0,0,0,0,0,0,0,1,3,1,3,1,3,0,0,0,0,0,0,0,0,1,3,1,3,1,3,0,0,0,0,0,0,0,0,1,3,1,3,1,3,0,0,0,0,0,0,0,0,1,3,1,3,1,3,0,0,0,0,0,0,0,0
62,0,1000,0,0,1000,0,1000,1,3,1,3,1,3,27200,100,0,0,0,0,27200,100,1,3,1,3,1,3,27200,100,0,0,0,0,27200,100,1,3,1,3,1,3,27200,100,0,0,0,0,27200,100,1,3,1,3,1,3,27200,100,0,0,0,0,27200,100,1,3,1,3,1,3,27200,100,0,0,0,0,27200,100,1,3,1,3,1,3,27200,100,0,0,0,0,27200,100
63,0,1000,0,0,1000,0,1000,1,3,1,3,1,3,0,0,0,0,0,0,0,0,1,3,1,3,1,3,0,0,0,0,0,0,0,0,1,3,1,3,1,3,0,0,0,0,0,0,0,0,1,3,1,3,1,3,0,0,0,0,0,0,0,0,1,3,1,3,1,3,0,0,0,0,0,0,0,0,1,3,1,3,1,3,0,0,0,0,0,0,0,0
64,0,1000,0,0,1000,0,1000,1,3,1,3,1,3,0,0,0,0,0,0,0,0,1,3,1,3,1,3,0,0,0,0,0,0,0,0,1,3,1,3,1,3,0,0,0,0,0,0,0,0,1,3,1,3,1,3,0,0,0,0,0,0,0,0,1,3,1,3,1,3,0,0,0,0,0,0,0,0,1,3,1,3,1,3,0,0,0,0,0,0,0,0
65,0,1000,0,0,1000,0,1000,1,3,1,3,1,3,0,0,0,0,0,0,0,0,1,3,1,3,1,3,0,0,0,0,0,0,0,0,1,3,1,3,1,3,0,0,0,0,0,0,0,0,1,3,1,3,1,3,0,0,0,0,0,0,0,0,1,3,1,3,1,3,0,0,0,0,0,0,0,0,1,3,1,3,1,3,0,0,0,0,0,0,0,0
66,0,1000,0,0,1000,0,1000,1,3,1,3,1,3,24480,90,0,0,0,0,24480,90,1,3,1,3,1,3,24480,90,0,0,0,0,24480,90,1,3,1,3,1,3,24480,90,0,0,0,0,24480,90,1,3,1,3,1,3,24480,90,0,0,0,0,24480,90,1,3,1,3,1,3,24480,90,0,0,0,0,24480,90,1,3,1,3,1,3,24480,90,0,0,0,0,24480,90
67,0,1000,0,0,1000,0,1000,1,3,1,3,1,3,0,0,0,0,0,0,0,0,1,3,1,3,1,3,0,0,0,0,0,0,0,0,1,3,1,3,1,3,0,0,0,0,0,0,0,0,1,3,1,3,1,3,0,0,0,0,0,0,0,0,1,3,1,3,1,3,0,0,0,0,0,0,0,0,1,3,1,3,1,3,0,0,0,0,0,0,0,0
68,0,1000,0,0,1000,0,1000,1,3,1,3,1,3,0,0,0,0,0,0,0,0,1,3,1,3,1,3,0,0,0,0,0,0,0,0,1,3,1,3,1,3,0,0,0,0,0,0,0,0,1,3,1,3,1,3,0,0,0,0,0,0,0,0,1,3,1,3,1,3,0,0,0,0,0,0,0,0,1,3,1,3,1,3,0,0,0,0,0,0,0,0
69,0,1000,0,0,1000,0,1000,1,3,1,3,1,3,166637,2,166637,2,0,0,0,0,1,3,1,3,1,3,166637,2,166637,2,0,0,0,0,1,3,1,3,1,3,166637,2,166637,2,0,0,0,0,1,3,1,3,1,3,166637,2,166637,2,0,0,0,0,1,3,1,3,1,3,166637,2,166637,2,0,0,0,0,1,3,1,3,1,3,166637,2,166637,2,0,0,0,0
70,0,1000,0,0,1000,0,1000,2,17,2,17,1,3,111298,115,0,0,80290,1,31008,114,2,17,2,17,1,3,111298,115,0,0,80290,1,31008,114,2,17,2,17,1,3,111298,115,0,0,80290,1,31008,114,2,17,2,17,1,3,111298,115,0,0,80290,1,31008,114,2,17,2,17,1,3,111298,115,0,0,80290,1,31008,114,2,17,2,17,1,3,111298,115,0,0,80290,1,31008,114
71,0,1000,0,0,1000,0,1000,2,17,2,17,1,3,0,0,0,0,0,0,0,0,2,17,2,17,1,3,0,0,0,0,0,0,0,0,2,17,2,17,1,3,0,0,0,0,0,0,0,0,2,17,2,17,1,3,0,0,0,0,0,0,0,0,2,17,2,17,1,3,0,0,0,0,0,0,0,0,2,17,2,17,1,3,0,0,0,0,0,0,0,0
72,0,1000,0,0,1000,0,1000,2,17,2,17,1,3,0,0,0,0,0,0,0,0,2,17,2,17,1,3,0,0,0,0,0,0,0,0,2,17,2,17,1,3,0,0,0,0,0,0,0,0,2,17,2,17,1,3,0,0,0,0,0,0,0,0,2,17,2,17,1,3,0,0,0,0,0,0,0,0,2,17,2,17,1,3,0,0,0,0,0,0,0,0
73,0,1000,0,0,1000,0,1000,2,17,2,17,1,3,168174,2,168174,2,0,0,0,0,2,17,2,17,1,3,168174,2,168174,2,0,0,0,0,2,17,2,17,1,3,168174,2,168174,2,0,0,0,0,2,17,2,17,1,3,168174,2,168174,2,0,0,0,0,2,17,2,17,1,3,168174,2,168174,2,0,0,0,0,2,17,2,17,1,3,168174,2,168174,2,0,0,0,0
74,0,1000,0,0,1000,0,1000,3,18,3,18,1,3,111571,116,0,0,80291,1,31280,115,3,18,3,18,1,3,111571,116,0,0,80291,1,31280,115,3,18,3,18,1,3,111571,116,0,0,80291,1,31280,115,3,18,3,18,1,3,111571,116,0,0,80291,1,31280,115,3,18,3,18,1,3,111571,116,0,0,80291,1,31280,115,3,18,3,18,1,3,111571,116,0,0,80291,1,31280,115
75,0,1000,0,0,1000,0,1000,3,18,3,18,1,3,0,0,0,0,0,0,0,0,3,18,3,18,1,3,0,0,0,0,0,0,0,0,3,18,3,18,1,3,0,0,0,0,0,0,0,0,3,18,3,18,1,3,0,0,0,0,0,0,0,0,3,18,3,18,1,3,0,0,0,0,0,0,0,0,3,18,3,18,1,3,0,0,0,0,0,0,0,0
76,0,1000,0,0,1000,0,1000,3,18,3,18,1,3,0,0,0,0,0,0,0,0,3,18,3,18,1,3,0,0,0,0,0,0,0,0,3,18,3,18,1,3,0,0,0,0,0,0,0,0,3,18,3,18,1,3,0,0,0,0,0,0,0,0,3,18,3,18,1,3,0,0,0,0,0,0,0,0,3,18,3,18,1,3,0,0,0,0,0,0,0,0
77,0,1000,0,0,1000,0,1000,3,18,3,18,1,3,84119,1,84119,1,0,0,0,0,3,18,3,18,1,3,84119,1,84119,1,0,0,0,0,3,18,3,18,1,3,84119,1,84119,1,0,0,0,0,3,18,3,18,1,3,84119,1,84119,1,0,0,0,0,3,18,3,18,1,3,84119,1,84119,1,0,0,0,0,3,18,3,18,1,3,84119,1,84119,1,0,0,0,0
78,0,1000,0,0,1000,0,1000,4,19,4,19,1,3,106675,98,0,0,80291,1,26384,97,4,19,4,19,1,3,106675,98,0,0,80291,1,26384,97,4,19,4,19,1,3,106675,98,0,0,80291,1,26384,97,4,19,4,19,1,3,106675,98,0,0,80291,1,26384,97,4,19,4,19,1,3,106675,98,0,0,80291,1,26384,97,4,19,4,19,1,3,106675,98,0,0,80291,1,26384,97
79,0,1000,0,0,1000,0,1000,4,19,4,19,1,3,0,0,0,0,0,0,0,0,4,19,4,19,1,3,0,0,0,0,0,0,0,0,4,19,4,19,1,3,0,0,0,0,0,0,0,0,4,19,4,19,1,3,0,0,0,0,0,0,0,0,4,19,4,19,1,3,0,0,0,0,0,0,0,0,4,19,4,19,1,3,0,0,0,0,0,0,0,0
80,0,1000,0,0,1000,0,1000,4,19,4,19,1,3,0,0,0,0,0,0,0,0,4,19,4,19,1,3,0,0,0,0,0,0,0,0,4,19,4,19,1,3,0,0,0,0,0,0,0,0,4,19,4,19,1,3,0,0,0,0,0,0,0,0,4,19,4,19,1,3,0,0,0,0,0,0,0,0,4,19,4,19,1,3,0,0,0,0,0,0,0,0
81,0,1000,0,0,1000,0,1000,4,19,4,19,1,3,250629,3,250629,3,0,0,0,0,4,19,4,19,1,3,250629,3,250629,3,0,0,0,0,4,19,4,19,1,3,250629,3,250629,3,0,0,0,0,4,19,4,19,1,3,250629,3,250629,3,0,0,0,0,4,19,4,19,1,3,250629,3,250629,3,0,0,0,0,4,19,4,19,1,3,250629,3,250629,3,0,0,0,0
82,0,1000,0,0,1000,0,1000,5,20,5,20,1,3,109123,107,0,0,80291,1,28832,106,5,20,5,20,1,3,109123,107,0,0,80291,1,28832,106,5,20,5,20,1,3,109123,107,0,0,80291,1,28832,106,5,20,5,20,1,3,109123,107,0,0,80291,1,28832,106,5,20,5,20,1,3,109123,107,0,0,80291,1,28832,106,5,20,5,20,1,3,109123,107,0,0,80291,1,28832,106
83,0,1000,0,0,1000,0,1000,5,20,5,20,1,3,0,0,0,0,0,0,0,0,5,20,5,20,1,3,0,0,0,0,0,0,0,0,5,20,5,20,1,3,0,0,0,0,0,0,0,0,5,20,5,20,1,3,0,0,0,0,0,0,0,0,5,20,5,20,1,3,0,0,0,0,0,0,0,0,5,20,5,20,1,3,0,0,0,0,0,0,0,0
84,0,1000,0,0,1000,0,1000,5,20,5,20,1,3,0,0,0,0,0,0,0,0,5,20,5,20,1,3,0,0,0,0,0,0,0,0,5,20,5,20,1,3,0,0,0,0,0,0,0,0,5,20,5,20,1,3,0,0,0,0,0,0,0,0,5,20,5,20,1,3,0,0,0,0,0,0,0,0,5,20,5,20,1,3,0,0,0,0,0,0,0,0
85,0,1000,0,0,1000,0,1000,5,20,5,20,1,3,83831,1,83831,1,0,0,0,0,5,20,5,20,1,3,83831,1,83831,1,0,0,0,0,5,20,5,20,1,3,83831,1,83831,1,0,0,0,0,5,20,5,20,1,3,83831,1,83831,1,0,0,0,0,5,20,5,20,1,3,83831,1,83831,1,0,0,0,0,5,20,5,20,1,3,83831,1,83831,1,0,0,0,0
86,0,1000,0,0,1000,0,1000,6,21,6,21,1,3,111027,114,0,0,80291,1,30736,113,6,21,6,21,1,3,111027,114,0,0,80291,1,30736,113,6,21,6,21,1,3,111027,114,0,0,80291,1,30736,113,6,21,6,21,1,3,111027,114,0,0,80291,1,30736,113,6,21,6,21,1,3,111027,114,0,0,80291,1,30736,113,6,21,6,21,1,3,111027,114,0,0,80291,1,30736,113
87,0,1000,0,0,1000,0,1000,6,21,6,21,1,3,0,0,0,0,0,0,0,0,6,21,6,21,1,3,0,0,0,0,0,0,0,0,6,21,6,21,1,3,0,0,0,0,0,0,0,0,6,21,6,21,1,3,0,0,0,0,0,0,0,0,6,21,6,21,1,3,0,0,0,0,0,0,0,0,6,21,6,21,1,3,0,0,0,0,0,0,0,0
88,0,1000,0,0,1000,0,1000,6,21,6,21,1,3,0,0,0,0,0,0,0,0,6,21,6,21,1,3,0,0,0,0,0,0,0,0,6,21,6,21,1,3,0,0,0,0,0,0,0,0,6,21,6,21,1,3,0,0,0,0,0,0,0,0,6,21,6,21,1,3,0,0,0,0,0,0,0,0,6,21,6,21,1,3,0,0,0,0,0,0,0,0
89,0,1000,0,0,1000,0,1000,6,21,6,21,1,3,168110,2,168110,2,0,0,0,0,6,21,6,21,1,3,168110,2,168110,2,0,0,0,0,6,21,6,21,1,3,168110,2,168110,2,0,0,0,0,6,21,6,21,1,3,168110,2,168110,2,0,0,0,0,6,21,6,21,1,3,168110,2,168110,2,0,0,0,0,6,21,6,21,1,3,168110,2,168110,2,0,0,0,0
90,0,1000,0,0,1000,0,1000,7,22,7,22,1,3,106947,99,0,0,80291,1,26656,98,7,22,7,22,1,3,106947,99,0,0,80291,1,26656,98,7,22,7,22,1,3,106947,99,0,0,80291,1,26656,98,7,22,7,22,1,3,106947,99,0,0,80291,1,26656,98,7,22,7,22,1,3,106947,99,0,0,80291,1,26656,98,7,22,7,22,1,3,106947,99,0,0,80291,1,26656,98
91,0,1000,0,0,1000,0,1000,7,22,7,22,1,3,0,0,0,0,0,0,0,0,7,22,7,22,1,3,0,0,0,0,0,0,0,0,7,22,7,22,1,3,0,0,0,0,0,0,0,0,7,22,7,22,1,3,0,0,0,0,0,0,0,0,7,22,7,22,1,3,0,0,0,0,0,0,0,0,7,22,7,22,1,3,0,0,0,0,0,0,0,0
92,0,1000,0,0,1000,0,1000,7,22,7,22,1,3,0,0,0,0,0,0,0,0,7,22,7,22,1,3,0,0,0,0,0,0,0,0,7,22,7,22,1,3,0,0,0,0,0,0,0,0,7,22,7,22,1,3,0,0,0,0,0,0,0,0,7,22,7,22,1,3,0,0,0,0,0,0,0,0,7,22,7,22,1,3,0,0,0,0,0,0,0,0
93,0,1000,0,0,1000,0,1000,7,22,7,22,1,3,0,0,0,0,0,0,0,0,7,22,7,22,1,3,0,0,0,0,0,0,0,0,7,22,7,22,1,3,0,0,0,0,0,0,0,0,7,22,7,22,1,3,0,0,0,0,0,0,0,0,7,22,7,22,1,3,0,0,0,0,0,0,0,0,7,22,7,22,1,3,0,0,0,0,0,0,0,0
94,0,1000,0,0,1000,0,1000,7,22,7,22,1,3,32640,120,0,0,0,0,32640,120,7,22,7,22,1,3,32640,120,0,0,0,0,32640,120,7,22,7,22,1,3,32640,120,0,0,0,0,32640,120,7,22,7,22,1,3,32640,120,0,0,0,0,32640,120,7,22,7,22,1,3,32640,120,0,0,0,0,32640,120,7,22,7,22,1,3,32640,120,0,0,0,0,32640,120
95,0,1000,0,0,1000,0,1000,7,22,7,22,1,3,0,0,0,0,0,0,0,0,7,22,7,22,1,3,0,0,0,0,0,0,0,0,7,22,7,22,1,3,0,0,0,0,0,0,0,0,7,22,7,22,1,3,0,0,0,0,0,0,0,0,7,22,7,22,1,3,0,0,0,0,0,0,0,0,7,22,7,22,1,3,0,0,0,0,0,0,0,0
96,0,1000,0,0,1000,0,1000,7,22,7,22,1,3,0,0,0,0,0,0,0,0,7,22,7,22,1,3,0,0,0,0,0,0,0,0,7,22,7,22,1,3,0,0,0,0,0,0,0,0,7,22,7,22,1,3,0,0,0,0,0,0,0,0,7,22,7,22,1,3,0,0,0,0,0,0,0,0,7,22,7,22,1,3,0,0,0,0,0,0,0,0
97,0,1000,0,0,1000,0,1000,7,22,7,22,1,3,84279,1,84279,1,0,0,0,0,7,22,7,22,1,3,84279,1,84279,1,0,0,0,0,7,22,7,22,1,3,84279,1,84279,1,0,0,0,0,7,22,7,22,1,3,84279,1,84279,1,0,0,0,0,7,22,7,22,1,3,84279,1,84279,1,0,0,0,0,7,22,7,22,1,3,84279,1,84279,1,0,0,0,0
98,0,1000,0,0,1000,0,1000,8,24,8,24,1,3,106403,97,0,0,80291,1,26112,96,8,24,8,24,1,3,106403,97,0,0,80291,1,26112,96,8,24,8,24,1,3,106403,97,0,0,80291,1,26112,96,8,24,8,24,1,3,106403,97,0,0,80291,1,26112,96,8,24,8,24,1,3,106403,97,0,0,80291,1,26112,96,8,24,8,24,1,3,106403,97,0,0,80291,1,26112,96
99,0,1000,0,0,1000,0,1000,8,24,8,24,1,3,0,0,0,0,0,0,0,0,8,24,8,24,1,3,0,0,0,0,0,0,0,0,8,24,8,24,1,3,0,0,0,0,0,0,0,0,8,24,8,24,1,3,0,0,0,0,0,0,0,0,8,24,8,24,1,3,0,0,0,0,0,0,0,0,8,24,8,24,1,3,0,0,0,0,0,0,0,0
100,0,1000,0,0,1000,0,1000,8,24,8,24,1,3,0,0,0,0,0,0,0,0,8,24,8,24,1,3,0,0,0,0,0,0,0,0,8,24,8,24,1,3,0,0,0,0,0,0,0,0,8,24,8,24,1,3,0,0,0,0,0,0,0,0,8,24,8,24,1,3,0,0,0,0,0,0,0,0,8,24,8,24,1,3,0,0,0,0,0,0,0,0
101,0,1000,0,0,1000,0,1000,8,24,8,24,1,3,0,0,0,0,0,0,0,0,8,24,8,24,1,3,0,0,0,0,0,0,0,0,8,24,8,24,1,3,0,0,0,0,0,0,0,0,8,24,8,24,1,3,0,0,0,0,0,0,0,0,8,24,8,24,1,3,0,0,0,0,0,0,0,0,8,24,8,24,1,3,0,0,0,0,0,0,0,0
102,0,1000,0,0,1000,0,1000,8,24,8,24,1,3,25296,93,0,0,0,0,25296,93,8,24,8,24,1,3,25296,93,0,0,0,0,25296,93,8,24,8,24,1,3,25296,93,0,0,0,0,25296,93,8,24,8,24,1,3,25296,93,0,0,0,0,25296,93,8,24,8,24,1,3,25296,93,0,0,0,0,25296,93,8,24,8,24,1,3,25296,93,0,0,0,0,25296,93
103,0,1000,0,0,1000,0,1000,8,24,8,24,1,3,0,0,0,0,0,0,0,0,8,24,8,24,1,3,0,0,0,0,0,0,0,0,8,24,8,24,1,3,0,0,0,0,0,0,0,0,8,24,8,24,1,3,0,0,0,0,0,0,0,0,8,24,8,24,1,3,0,0,0,0,0,0,0,0,8,24,8,24,1,3,0,0,0,0,0,0,0,0
104,0,1000,0,0,1000,0,1000,8,24,8,24,1,3,0,0,0,0,0,0,0,0,8,24,8,24,1,3,0,0,0,0,0,0,0,0,8,24,8,24,1,3,0,0,0,0,0,0,0,0,8,24,8,24,1,3,0,0,0,0,0,0,0,0,8,24,8,24,1,3,0,0,0,0,0,0,0,0,8,24,8,24,1,3,0,0,0,0,0,0,0,0
105,0,1000,0,0,1000,0,1000,8,24,8,24,1,3,166830,2,166830,2,0,0,0,0,8,24,8,24,1,3,166830,2,166830,2,0,0,0,0,8,24,8,24,1,3,166830,2,166830,2,0,0,0,0,8,24,8,24,1,3,166830,2,166830,2,0,0,0,0,8,24,8,24,1,3,166830,2,166830,2,0,0,0,0,8,24,8,24,1,3,166830,2,166830,2,0,0,0,0
106,0,1000,0,0,1000,0,1000,9,26,9,26,1,3,103411,86,0,0,80291,1,23120,85,9,26,9,26,1,3,103411,86,0,0,80291,1,23120,85,9,26,9,26,1,3,103411,86,0,0,80291,1,23120,85,9,26,9,26,1,3,103411,86,0,0,80291,1,23120,85,9,26,9,26,1,3,103411,86,0,0,80291,1,23120,85,9,26,9,26,1,3,103411,86,0,0,80291,1,23120,85
107,0,1000,0,0,1000,0,1000,9,26,9,26,1,3,0,0,0,0,0,0,0,0,9,26,9,26,1,3,0,0,0,0,0,0,0,0,9,26,9,26,1,3,0,0,0,0,0,0,0,0,9,26,9,26,1,3,0,0,0,0,0,0,0,0,9,26,9,26,1,3,0,0,0,0,0,0,0,0,9,26,9,26,1,3,0,0,0,0,0,0,0,0
108,0,1000,0,0,1000,0,1000,9,26,9,26,1,3,0,0,0,0,0,0,0,0,9,26,9,26,1,3,0,0,0,0,0,0,0,0,9,26,9,26,1,3,0,0,0,0,0,0,0,0,9,26,9,26,1,3,0,0,0,0,0,0,0,0,9,26,9,26,1,3,0,0,0,0,0,0,0,0,9,26,9,26,1,3,0,0,0,0,0,0,0,0
109,0,1000,0,0,1000,0,1000,9,26,9,26,1,3,83159,1,83159,1,0,0,0,0,9,26,9,26,1,3,83159,1,83159,1,0,0,0,0,9,26,9,26,1,3,83159,1,83159,1,0,0,0,0,9,26,9,26,1,3,83159,1,83159,1,0,0,0,0,9,26,9,26,1,3,83159,1,83159,1,0,0,0,0,9,26,9,26,1,3,83159,1,83159,1,0,0,0,0
110,0,1000,0,0,1000,0,1000,10,27,10,27,1,3,107763,102,0,0,80291,1,27472,101,10,27,10,27,1,3,107763,102,0,0,80291,1,27472,101,10,27,10,27,1,3,107763,102,0,0,80291,1,27472,101,10,27,10,27,1,3,107763,102,0,0,80291,1,27472,101,10,27,10,27,1,3,107763,102,0,0,80291,1,27472,101,10,27,10,27,1,3,107763,102,0,0,80291,1,27472,101
111,0,1000,0,0,1000,0,1000,10,27,10,27,2,17,0,0,0,0,0,0,0,0,10,27,10,27,2,17,0,0,0,0,0,0,0,0,10,27,10,27,2,17,0,0,0,0,0,0,0,0,10,27,10,27,2,17,0,0,0,0,0,0,0,0,10,27,10,27,2,17,0,0,0,0,0,0,0,0,10,27,10,27,2,17,0,0,0,0,0,0,0,0
112,0,1000,0,0,1000,0,1000,10,27,10,27,2,17,0,0,0,0,0,0,0,0,10,27,10,27,2,17,0,0,0,0,0,0,0,0,10,27,10,27,2,17,0,0,0,0,0,0,0,0,10,27,10,27,2,17,0,0,0,0,0,0,0,0,10,27,10,27,2,17,0,0,0,0,0,0,0,0,10,27,10,27,2,17,0,0,0,0,0,0,0,0
113,0,1000,0,0,1000,0,1000,10,27,10,27,2,17,0,0,0,0,0,0,0,0,10,27,10,27,2,17,0,0,0,0,0,0,0,0,10,27,10,27,2,17,0,0,0,0,0,0,0,0,10,27,10,27,2,17,0,0,0,0,0,0,0,0,10,27,10,27,2,17,0,0,0,0,0,0,0,0,10,27,10,27,2,17,0,0,0,0,0,0,0,0
114,0,1000,0,0,1000,0,1000,10,27,10,27,2,17,29920,110,0,0,0,0,29920,110,10,27,10,27,2,17,29920,110,0,0,0,0,29920,110,10,27,10,27,2,17,29920,110,0,0,0,0,29920,110,10,27,10,27,2,17,29920,110,0,0,0,0,29920,110,10,27,10,27,2,17,29920,110,0,0,0,0,29920,110,10,27,10,27,2,17,29920,110,0,0,0,0,29920,110
115,0,1000,0,0,1000,0,1000,10,27,10,27,3,18,0,0,0,0,0,0,0,0,10,27,10,27,3,18,0,0,0,0,0,0,0,0,10,27,10,27,3,18,0,0,0,0,0,0,0,0,10,27,10,27,3,18,0,0,0,0,0,0,0,0,10,27,10,27,3,18,0,0,0,0,0,0,0,0,10,27,10,27,3,18,0,0,0,0,0,0,0,0
116,0,1000,0,0,1000,0,1000,10,27,10,27,3,18,0,0,0,0,0,0,0,0,10,27,10,27,3,18,0,0,0,0,0,0,0,0,10,27,10,27,3,18,0,0,0,0,0,0,0,0,10,27,10,27,3,18,0,0,0,0,0,0,0,0,10,27,10,27,3,18,0,0,0,0,0,0,0,0,10,27,10,27,3,18,0,0,0,0,0,0,0,0
117,0,1000,0,0,1000,0,1000,10,27,10,27,3,18,0,0,0,0,0,0,0,0,10,27,10,27,3,18,0,0,0,0,0,0,0,0,10,27,10,27,3,18,0,0,0,0,0,0,0,0,10,27,10,27,3,18,0,0,0,0,0,0,0,0,10,27,10,27,3,18,0,0,0,0,0,0,0,0,10,27,10,27,3,18,0,0,0,0,0,0,0,0
118,0,1000,0,0,1000,0,1000,10,27,10,27,3,18,32640,120,0,0,0,0,32640,120,10,27,10,27,3,18,32640,120,0,0,0,0,32640,120,10,27,10,27,3,18,32640,120,0,0,0,0,32640,120,10,27,10,27,3,18,32640,120,0,0,0,0,32640,120,10,27,10,27,3,18,32640,120,0,0,0,0,32640,120,10,27,10,27,3,18,32640,120,0,0,0,0,32640,120
119,0,1000,0,0,1000,0,1000,10,27,10,27,4,19,0,0,0,0,0,0,0,0,10,27,10,27,4,19,0,0,0,0,0,0,0,0,10,27,10,27,4,19,0,0,0,0,0,0,0,0,10,27,10,27,4,19,0,0,0,0,0,0,0,0,10,27,10,27,4,19,0,0,0,0,0,0,0,0,10,27,10,27,4,19,0,0,0,0,0,0,0,0
120,0,1000,0,0,1000,0,1000,10,27,10,27,4,19,0,0,0,0,0,0,0,0,10,27,10,27,4,19,0,0,0,0,0,0,0,0,10,27,10,27,4,19,0,0,0,0,0,0,0,0,10,27,10,27,4,19,0,0,0,0,0,0,0,0,10,27,10,27,4,19,0,0,0,0,0,0,0,0,10,27,10,27,4,19,0,0,0,0,0,0,0,0
121,0,1000,0,0,1000,0,1000,10,27,10,27,4,19,0,0,0,0,0,0,0,0,10,27,10,27,4,19,0,0,0,0,0,0,0,0,10,27,10,27,4,19,0,0,0,0,0,0,0,0,10,27,10,27,4,19,0,0,0,0,0,0,0,0,10,27,10,27,4,19,0,0,0,0,0,0,0,0,10,27,10,27,4,19,0,0,0,0,0,0,0,0
122,0,1000,0,0,1000,0,1000,10,27,10,27,4,19,26656,98,0,0,0,0,26656,98,10,27,10,27,4,19,26656,98,0,0,0,0,26656,98,10,27,10,27,4,19,26656,98,0,0,0,0,26656,98,10,27,10,27,4,19,26656,98,0,0,0,0,26656,98,10,27,10,27,4,19,26656,98,0,0,0,0,26656,98,10,27,10,27,4,19,26656,98,0,0,0,0,26656,98
123,0,1000,0,0,1000,0,1000,10,27,10,27,5,20,0,0,0,0,0,0,0,0,10,27,10,27,5,20,0,0,0,0,0,0,0,0,10,27,10,27,5,20,0,0,0,0,0,0,0,0,10,27,10,27,5,20,0,0,0,0,0,0,0,0,10,27,10,27,5,20,0,0,0,0,0,0,0,0,10,27,10,27,5,20,0,0,0,0,0,0,0,0
124,0,1000,0,0,1000,0,1000,10,27,10,27,5,20,0,0,0,0,0,0,0,0,10,27,10,27,5,20,0,0,0,0,0,0,0,0,10,27,10,27,5,20,0,0,0,0,0,0,0,0,10,27,10,27,5,20,0,0,0,0,0,0,0,0,10,27,10,27,5,20,0,0,0,0,0,0,0,0,10,27,10,27,5,20,0,0,0,0,0,0,0,0
125,0,1000,0,0,1000,0,1000,10,27,10,27,5,20,0,0,0,0,0,0,0,0,10,27,10,27,5,20,0,0,0,0,0,0,0,0,10,27,10,27,5,20,0,0,0,0,0,0,0,0,10,27,10,27,5,20,0,0,0,0,0,0,0,0,10,27,10,27,5,20,0,0,0,0,0,0,0,0,10,27,10,27,5,20,0,0,0,0,0,0,0,0
126,0,1000,0,0,1000,0,1000,10,27,10,27,5,20,23392,86,0,0,0,0,23392,86,10,27,10,27,5,20,23392,86,0,0,0,0,23392,86,10,27,10,27,5,20,23392,86,0,0,0,0,23392,86,10,27,10,27,5,20,23392,86,0,0,0,0,23392,86,10,27,10,27,5,20,23392,86,0,0,0,0,23392,86,10,27,10,27,5,20,23392,86,0,0,0,0,23392,86
127,0,1000,0,0,1000,0,1000,10,27,10,27,6,21,0,0,0,0,0,0,0,0,10,27,10,27,6,21,0,0,0,0,0,0,0,0,10,27,10,27,6,21,0,0,0,0,0,0,0,0,10,27,10,27,6,21,0,0,0,0,0,0,0,0,10,27,10,27,6,21,0,0,0,0,0,0,0,0,10,27,10,27,6,21,0,0,0,0,0,0,0,0
128,0,1000,0,0,1000,0,1000,10,27,10,27,6,21,0,0,0,0,0,0,0,0,10,27,10,27,6,21,0,0,0,0,0,0,0,0,10,27,10,27,6,21,0,0,0,0,0,0,0,0,10,27,10,27,6,21,0,0,0,0,0,0,0,0,10,27,10,27,6,21,0,0,0,0,0,0,0,0,10,27,10,27,6,21,0,0,0,0,0,0,0,0
129,0,1000,0,0,1000,0,1000,10,27,10,27,6,21,83191,1,83191,1,0,0,0,0,10,27,10,27,6,21,83191,1,83191,1,0,0,0,0,10,27,10,27,6,21,83191,1,83191,1,0,0,0,0,10,27,10,27,6,21,83191,1,83191,1,0,0,0,0,10,27,10,27,6,21,83191,1,83191,1,0,0,0,0,10,27,10,27,6,21,83191,1,83191,1,0,0,0,0
130,0,1000,0,0,1000,0,1000,11,32,11,32,6,21,108307,104,0,0,80291,1,28016,103,11,32,11,32,6,21,108307,104,0,0,80291,1,28016,103,11,32,11,32,6,21,108307,104,0,0,80291,1,28016,103,11,32,11,32,6,21,108307,104,0,0,80291,1,28016,103,11,32,11,32,6,21,108307,104,0,0,80291,1,28016,103,11,32,11,32,6,21,108307,104,0,0,80291,1,28016,103
131,0,1000,0,0,1000,0,1000,11,32,11,32,7,22,0,0,0,0,0,0,0,0,11,32,11,32,7,22,0,0,0,0,0,0,0,0,11,32,11,32,7,22,0,0,0,0,0,0,0,0,11,32,11,32,7,22,0,0,0,0,0,0,0,0,11,32,11,32,7,22,0,0,0,0,0,0,0,0,11,32,11,32,7,22,0,0,0,0,0,0,0,0
132,0,1000,0,0,1000,0,1000,11,32,11,32,7,22,0,0,0,0,0,0,0,0,11,32,11,32,7,22,0,0,0,0,0,0,0,0,11,32,11,32,7,22,0,0,0,0,0,0,0,0,11,32,11,32,7,22,0,0,0,0,0,0,0,0,11,32,11,32,7,22,0,0,0,0,0,0,0,0,11,32,11,32,7,22,0,0,0,0,0,0,0,0
133,0,1000,0,0,1000,0,1000,11,32,11,32,7,22,0,0,0,0,0,0,0,0,11,32,11,32,7,22,0,0,0,0,0,0,0,0,11,32,11,32,7,22,0,0,0,0,0,0,0,0,11,32,11,32,7,22,0,0,0,0,0,0,0,0,11,32,11,32,7,22,0,0,0,0,0,0,0,0,11,32,11,32,7,22,0,0,0,0,0,0,0,0
134,0,1000,0,0,1000,0,1000,11,32,11,32,7,22,24208,89,0,0,0,0,24208,89,11,32,11,32,7,22,24208,89,0,0,0,0,24208,89,11,32,11,32,7,22,24208,89,0,0,0,0,24208,89,11,32,11,32,7,22,24208,89,0,0,0,0,24208,89,11,32,11,32,7,22,24208,89,0,0,0,0,24208,89,11,32,11,32,7,22,24208,89,0,0,0,0,24208,89
135,0,1000,0,0,1000,0,1000,11,32,11,32,7,22,0,0,0,0,0,0,0,0,11,32,11,32,7,22,0,0,0,0,0,0,0,0,11,32,11,32,7,22,0,0,0,0,0,0,0,0,11,32,11,32,7,22,0,0,0,0,0,0,0,0,11,32,11,32,7,22,0,0,0,0,0,0,0,0,11,32,11,32,7,22,0,0,0,0,0,0,0,0
136,0,1000,0,0,1000,0,1000,11,32,11,32,7,22,0,0,0,0,0,0,0,0,11,32,11,32,7,22,0,0,0,0,0,0,0,0,11,32,11,32,7,22,0,0,0,0,0,0,0,0,11,32,11,32,7,22,0,0,0,0,0,0,0,0,11,32,11,32,7,22,0,0,0,0,0,0,0,0,11,32,11,32,7,22,0,0,0,0,0,0,0,0
137,0,1000,0,0,1000,0,1000,11,32,11,32,7,22,83287,1,83287,1,0,0,0,0,11,32,11,32,7,22,83287,1,83287,1,0,0,0,0,11,32,11,32,7,22,83287,1,83287,1,0,0,0,0,11,32,11,32,7,22,83287,1,83287,1,0,0,0,0,11,32,11,32,7,22,83287,1,83287,1,0,0,0,0,11,32,11,32,7,22,83287,1,83287,1,0,0,0,0
138,0,1000,0,0,1000,0,1000,12,34,12,34,7,22,109123,107,0,0,80291,1,28832,106,12,34,12,34,7,22,109123,107,0,0,80291,1,28832,106,12,34,12,34,7,22,109123,107,0,0,80291,1,28832,106,12,34,12,34,7,22,109123,107,0,0,80291,1,28832,106,12,34,12,34,7,22,109123,107,0,0,80291,1,28832,106,12,34,12,34,7,22,109123,107,0,0,80291,1,28832,106
139,0,1000,0,0,1000,0,1000,12,34,12,34,8,24,0,0,0,0,0,0,0,0,12,34,12,34,8,24,0,0,0,0,0,0,0,0,12,34,12,34,8,24,0,0,0,0,0,0,0,0,12,34,12,34,8,24,0,0,0,0,0,0,0,0,12,34,12,34,8,24,0,0,0,0,0,0,0,0,12,34,12,34,8,24,0,0,0,0,0,0,0,0
140,0,1000,0,0,1000,0,1000,12,34,12,34,8,24,0,0,0,0,0,0,0,0,12,34,12,34,8,24,0,0,0,0,0,0,0,0,12,34,12,34,8,24,0,0,0,0,0,0,0,0,12,34,12,34,8,24,0,0,0,0,0,0,0,0,12,34,12,34,8,24,0,0,0,0,0,0,0,0,12,34,12,34,8,24,0,0,0,0,0,0,0,0
141,0,1000,0,0,1000,0,1000,12,34,12,34,8,24,0,0,0,0,0,0,0,0,12,34,12,34,8,24,0,0,0,0,0,0,0,0,12,34,12,34,8,24,0,0,0,0,0,0,0,0,12,34,12,34,8,24,0,0,0,0,0,0,0,0,12,34,12,34,8,24,0,0,0,0,0,0,0,0,12,34,12,34,8,24,0,0,0,0,0,0,0,0
142,0,1000,0,0,1000,0,1000,12,34,12,34,8,24,24208,89,0,0,0,0,24208,89,12,34,12,34,8,24,24208,89,0,0,0,0,24208,89,12,34,12,34,8,24,24208,89,0,0,0,0,24208,89,12,34,12,34,8,24,24208,89,0,0,0,0,24208,89,12,34,12,34,8,24,24208,89,0,0,0,0,24208,89,12,34,12,34,8,24,24208,89,0,0,0,0,24208,89
143,0,1000,0,0,1000,0,1000,12,34,12,34,8,24,0,0,0,0,0,0,0,0,12,34,12,34,8,24,0,0,0,0,0,0,0,0,12,34,12,34,8,24,0,0,0,0,0,0,0,0,12,34,12,34,8,24,0,0,0,0,0,0,0,0,12,34,12,34,8,24,0,0,0,0,0,0,0,0,12,34,12,34,8,24,0,0,0,0,0,0,0,0
144,0,1000,0,0,1000,0,1000,12,34,12,34,8,24,0,0,0,0,0,0,0,0,12,34,12,34,8,24,0,0,0,0,0,0,0,0,12,34,12,34,8,24,0,0,0,0,0,0,0,0,12,34,12,34,8,24,0,0,0,0,0,0,0,0,12,34,12,34,8,24,0,0,0,0,0,0,0,0,12,34,12,34,8,24,0,0,0,0,0,0,0,0
145,0,1000,0,0,1000,0,1000,12,34,12,34,8,24,83286,1,83286,1,0,0,0,0,12,34,12,34,8,24,83286,1,83286,1,0,0,0,0,12,34,12,34,8,24,83286,1,83286,1,0,0,0,0,12,34,12,34,8,24,83286,1,83286,1,0,0,0,0,12,34,12,34,8,24,83286,1,83286,1,0,0,0,0,12,34,12,34,8,24,83286,1,83286,1,0,0,0,0
146,0,1000,0,0,1000,0,1000,13,36,13,36,8,24,111298,115,0,0,80290,1,31008,114,13,36,13,36,8,24,111298,115,0,0,80290,1,31008,114,13,36,13,36,8,24,111298,115,0,0,80290,1,31008,114,13,36,13,36,8,24,111298,115,0,0,80290,1,31008,114,13,36,13,36,8,24,111298,115,0,0,80290,1,31008,114,13,36,13,36,8,24,111298,115,0,0,80290,1,31008,114
147,0,1000,0,0,1000,0,1000,13,36,13,36,9,26,0,0,0,0,0,0,0,0,13,36,13,36,9,26,0,0,0,0,0,0,0,0,13,36,13,36,9,26,0,0,0,0,0,0,0,0,13,36,13,36,9,26,0,0,0,0,0,0,0,0,13,36,13,36,9,26,0,0,0,0,0,0,0,0,13,36,13,36,9,26,0,0,0,0,0,0,0,0
148,0,1000,0,0,1000,0,1000,13,36,13,36,9,26,0,0,0,0,0,0,0,0,13,36,13,36,9,26,0,0,0,0,0,0,0,0,13,36,13,36,9,26,0,0,0,0,0,0,0,0,13,36,13,36,9,26,0,0,0,0,0,0,0,0,13,36,13,36,9,26,0,0,0,0,0,0,0,0,13,36,13,36,9,26,0,0,0,0,0,0,0,0
149,0,1000,0,0,1000,0,1000,13,36,13,36,9,26,84085,1,84085,1,0,0,0,0,13,36,13,36,9,26,84085,1,84085,1,0,0,0,0,13,36,13,36,9,26,84085,1,84085,1,0,0,0,0,13,36,13,36,9,26,84085,1,84085,1,0,0,0,0,13,36,13,36,9,26,84085,1,84085,1,0,0,0,0,13,36,13,36,9,26,84085,1,84085,1,0,0,0,0
150,0,1000,0,0,1000,0,1000,14,37,14,37,9,26,106945,99,0,0,80289,1,26656,98,14,37,14,37,9,26,106945,99,0,0,80289,1,26656,98,14,37,14,37,9,26,106945,99,0,0,80289,1,26656,98,14,37,14,37,9,26,106945,99,0,0,80289,1,26656,98,14,37,14,37,9,26,106945,99,0,0,80289,1,26656,98,14,37,14,37,9,26,106945,99,0,0,80289,1,26656,98
151,0,1000,0,0,1000,0,1000,14,37,14,37,10,27,0,0,0,0,0,0,0,0,14,37,14,37,10,27,0,0,0,0,0,0,0,0,14,37,14,37,10,27,0,0,0,0,0,0,0,0,14,37,14,37,10,27,0,0,0,0,0,0,0,0,14,37,14,37,10,27,0,0,0,0,0,0,0,0,14,37,14,37,10,27,0,0,0,0,0,0,0,0
152,0,1000,0,0,1000,0,1000,14,37,14,37,10,27,0,0,0,0,0,0,0,0,14,37,14,37,10,27,0,0,0,0,0,0,0,0,14,37,14,37,10,27,0,0,0,0,0,0,0,0,14,37,14,37,10,27,0,0,0,0,0,0,0,0,14,37,14,37,10,27,0,0,0,0,0,0,0,0,14,37,14,37,10,27,0,0,0,0,0,0,0,0
153,0,1000,0,0,1000,0,1000,14,37,14,37,10,27,0,0,0,0,0,0,0,0,14,37,14,37,10,27,0,0,0,0,0,0,0,0,14,37,14,37,10,27,0,0,0,0,0,0,0,0,14,37,14,37,10,27,0,0,0,0,0,0,0,0,14,37,14,37,10,27,0,0,0,0,0,0,0,0,14,37,14,37,10,27,0,0,0,0,0,0,0,0
154,0,1000,0,0,1000,0,1000,14,37,14,37,10,27,27200,100,0,0,0,0,27200,100,14,37,14,37,10,27,27200,100,0,0,0,0,27200,100,14,37,14,37,10,27,27200,100,0,0,0,0,27200,100,14,37,14,37,10,27,27200,100,0,0,0,0,27200,100,14,37,14,37,10,27,27200,100,0,0,0,0,27200,100,14,37,14,37,10,27,27200,100,0,0,0,0,27200,100
155,0,1000,0,0,1000,0,1000,14,37,14,37,10,27,0,0,0,0,0,0,0,0,14,37,14,37,10,27,0,0,0,0,0,0,0,0,14,37,14,37,10,27,0,0,0,0,0,0,0,0,14,37,14,37,10,27,0,0,0,0,0,0,0,0,14,37,14,37,10,27,0,0,0,0,0,0,0,0,14,37,14,37,10,27,0,0,0,0,0,0,0,0
156,0,1000,0,0,1000,0,1000,14,37,14,37,10,27,0,0,0,0,0,0,0,0,14,37,14,37,10,27,0,0,0,0,0,0,0,0,14,37,14,37,10,27,0,0,0,0,0,0,0,0,14,37,14,37,10,27,0,0,0,0,0,0,0,0,14,37,14,37,10,27,0,0,0,0,0,0,0,0,14,37,14,37,10,27,0,0,0,0,0,0,0,0
157,0,1000,0,0,1000,0,1000,14,37,14,37,10,27,0,0,0,0,0,0,0,0,14,37,14,37,10,27,0,0,0,0,0,0,0,0,14,37,14,37,10,27,0,0,0,0,0,0,0,0,14,37,14,37,10,27,0,0,0,0,0,0,0,0,14,37,14,37,10,27,0,0,0,0,0,0,0,0,14,37,14,37,10,27,0,0,0,0,0,0,0,0
158,0,1000,0,0,1000,0,1000,14,37,14,37,10,27,32368,119,0,0,0,0,32368,119,14,37,14,37,10,27,32368,119,0,0,0,0,32368,119,14,37,14,37,10,27,32368,119,0,0,0,0,32368,119,14,37,14,37,10,27,32368,119,0,0,0,0,32368,119,14,37,14,37,10,27,32368,119,0,0,0,0,32368,119,14,37,14,37,10,27,32368,119,0,0,0,0,32368,119
159,0,1000,0,0,1000,0,1000,14,37,14,37,10,27,0,0,0,0,0,0,0,0,14,37,14,37,10,27,0,0,0,0,0,0,0,0,14,37,14,37,10,27,0,0,0,0,0,0,0,0,14,37,14,37,10,27,0,0,0,0,0,0,0,0,14,37,14,37,10,27,0,0,0,0,0,0,0,0,14,37,14,37,10,27,0,0,0,0,0,0,0,0
160,0,1000,0,0,1000,0,1000,14,37,14,37,10,27,0,0,0,0,0,0,0,0,14,37,14,37,10,27,0,0,0,0,0,0,0,0,14,37,14,37,10,27,0,0,0,0,0,0,0,0,14,37,14,37,10,27,0,0,0,0,0,0,0,0,14,37,14,37,10,27,0,0,0,0,0,0,0,0,14,37,14,37,10,27,0,0,0,0,0,0,0,0
161,0,1000,0,0,1000,0,1000,14,37,14,37,10,27,0,0,0,0,0,0,0,0,14,37,14,37,10,27,0,0,0,0,0,0,0,0,14,37,14,37,10,27,0,0,0,0,0,0,0,0,14,37,14,37,10,27,0,0,0,0,0,0,0,0,14,37,14,37,10,27,0,0,0,0,0,0,0,0,14,37,14,37,10,27,0,0,0,0,0,0,0,0
162,0,1000,0,0,1000,0,1000,14,37,14,37,10,27,28832,106,0,0,0,0,28832,106,14,37,14,37,10,27,28832,106,0,0,0,0,28832,106,14,37,14,37,10,27,28832,106,0,0,0,0,28832,106,14,37,14,37,10,27,28832,106,0,0,0,0,28832,106,14,37,14,37,10,27,28832,106,0,0,0,0,28832,106,14,37,14,37,10,27,28832,106,0,0,0,0,28832,106
163,0,1000,0,0,1000,0,1000,14,37,14,37,10,27,0,0,0,0,0,0,0,0,14,37,14,37,10,27,0,0,0,0,0,0,0,0,14,37,14,37,10,27,0,0,0,0,0,0,0,0,14,37,14,37,10,27,0,0,0,0,0,0,0,0,14,37,14,37,10,27,0,0,0,0,0,0,0,0,14,37,14,37,10,27,0,0,0,0,0,0,0,0
164,0,1000,0,0,1000,0,1000,14,37,14,37,10,27,0,0,0,0,0,0,0,0,14,37,14,37,10,27,0,0,0,0,0,0,0,0,14,37,14,37,10,27,0,0,0,0,0,0,0,0,14,37,14,37,10,27,0,0,0,0,0,0,0,0,14,37,14,37,10,27,0,0,0,0,0,0,0,0,14,37,14,37,10,27,0,0,0,0,0,0,0,0
165,0,1000,0,0,1000,0,1000,14,37,14,37,10,27,83831,1,83831,1,0,0,0,0,14,37,14,37,10,27,83831,1,83831,1,0,0,0,0,14,37,14,37,10,27,83831,1,83831,1,0,0,0,0,14,37,14,37,10,27,83831,1,83831,1,0,0,0,0,14,37,14,37,10,27,83831,1,83831,1,0,0,0,0,14,37,14,37,10,27,83831,1,83831,1,0,0,0,0
166,0,1000,0,0,1000,0,1000,15,41,15,41,10,27,108851,106,0,0,80291,1,28560,105,15,41,15,41,10,27,108851,106,0,0,80291,1,28560,105,15,41,15,41,10,27,108851,106,0,0,80291,1,28560,105,15,41,15,41,10,27,108851,106,0,0,80291,1,28560,105,15,41,15,41,10,27,108851,106,0,0,80291,1,28560,105,15,41,15,41,10,27,108851,106,0,0,80291,1,28560,105
167,0,1000,0,0,1000,0,1000,15,41,15,41,10,27,0,0,0,0,0,0,0,0,15,41,15,41,10,27,0,0,0,0,0,0,0,0,15,41,15,41,10,27,0,0,0,0,0,0,0,0,15,41,15,41,10,27,0,0,0,0,0,0,0,0,15,41,15,41,10,27,0,0,0,0,0,0,0,0,15,41,15,41,10,27,0,0,0,0,0,0,0,0
168,0,1000,0,0,1000,0,1000,15,41,15,41,10,27,0,0,0,0,0,0,0,0,15,41,15,41,10,27,0,0,0,0,0,0,0,0,15,41,15,41,10,27,0,0,0,0,0,0,0,0,15,41,15,41,10,27,0,0,0,0,0,0,0,0,15,41,15,41,10,27,0,0,0,0,0,0,0,0,15,41,15,41,10,27,0,0,0,0,0,0,0,0
169,0,1000,0,0,1000,0,1000,15,41,15,41,10,27,83799,1,83799,1,0,0,0,0,15,41,15,41,10,27,83799,1,83799,1,0,0,0,0,15,41,15,41,10,27,83799,1,83799,1,0,0,0,0,15,41,15,41,10,27,83799,1,83799,1,0,0,0,0,15,41,15,41,10,27,83799,1,83799,1,0,0,0,0,15,41,15,41,10,27,83799,1,83799,1,0,0,0,0
170,0,1000,0,0,1000,0,1000,16,42,16,42,10,27,105315,93,0,0,80291,1,25024,92,16,42,16,42,10,27,105315,93,0,0,80291,1,25024,92,16,42,16,42,10,27,105315,93,0,0,80291,1,25024,92,16,42,16,42,10,27,105315,93,0,0,80291,1,25024,92,16,42,16,42,10,27,105315,93,0,0,80291,1,25024,92,16,42,16,42,10,27,105315,93,0,0,80291,1,25024,92
171,0,1000,0,0,1000,0,1000,16,42,16,42,11,32,0,0,0,0,0,0,0,0,16,42,16,42,11,32,0,0,0,0,0,0,0,0,16,42,16,42,11,32,0,0,0,0,0,0,0,0,16,42,16,42,11,32,0,0,0,0,0,0,0,0,16,42,16,42,11,32,0,0,0,0,0,0,0,0,16,42,16,42,11,32,0,0,0,0,0,0,0,0
172,0,1000,0,0,1000,0,1000,16,42,16,42,11,32,0,0,0,0,0,0,0,0,16,42,16,42,11,32,0,0,0,0,0,0,0,0,16,42,16,42,11,32,0,0,0,0,0,0,0,0,16,42,16,42,11,32,0,0,0,0,0,0,0,0,16,42,16,42,11,32,0,0,0,0,0,0,0,0,16,42,16,42,11,32,0,0,0,0,0,0,0,0
173,0,1000,0,0,1000,0,1000,16,42,16,42,11,32,0,0,0,0,0,0,0,0,16,42,16,42,11,32,0,0,0,0,0,0,0,0,16,42,16,42,11,32,0,0,0,0,0,0,0,0,16,42,16,42,11,32,0,0,0,0,0,0,0,0,16,42,16,42,11,32,0,0,0,0,0,0,0,0,16,42,16,42,11,32,0,0,0,0,0,0,0,0
174,0,1000,0,0,1000,0,1000,16,42,16,42,11,32,29648,109,0,0,0,0,29648,109,16,42,16,42,11,32,29648,109,0,0,0,0,29648,109,16,42,16,42,11,32,29648,109,0,0,0,0,29648,109,16,42,16,42,11,32,29648,109,0,0,0,0,29648,109,16,42,16,42,11,32,29648,109,0,0,0,0,29648,109,16,42,16,42,11,32,29648,109,0,0,0,0,29648,109
175,0,1000,0,0,1000,0,1000,16,42,16,42,11,32,0,0,0,0,0,0,0,0,16,42,16,42,11,32,0,0,0,0,0,0,0,0,16,42,16,42,11,32,0,0,0,0,0,0,0,0,16,42,16,42,11,32,0,0,0,0,0,0,0,0,16,42,16,42,11,32,0,0,0,0,0,0,0,0,16,42,16,42,11,32,0,0,0,0,0,0,0,0
176,0,1000,0,0,1000,0,1000,16,42,16,42,11,32,0,0,0,0,0,0,0,0,16,42,16,42,11,32,0,0,0,0,0,0,0,0,16,42,16,42,11,32,0,0,0,0,0,0,0,0,16,42,16,42,11,32,0,0,0,0,0,0,0,0,16,42,16,42,11,32,0,0,0,0,0,0,0,0,16,42,16,42,11,32,0,0,0,0,0,0,0,0
177,0,1000,0,0,1000,0,1000,16,42,16,42,11,32,83927,1,83927,1,0,0,0,0,16,42,16,42,11,32,83927,1,83927,1,0,0,0,0,16,42,16,42,11,32,83927,1,83927,1,0,0,0,0,16,42,16,42,11,32,83927,1,83927,1,0,0,0,0,16,42,16,42,11,32,83927,1,83927,1,0,0,0,0,16,42,16,42,11,32,83927,1,83927,1,0,0,0,0
178,0,1000,0,0,1000,0,1000,17,44,17,44,11,32,107763,102,0,0,80291,1,27472,101,17,44,17,44,11,32,107763,102,0,0,80291,1,27472,101,17,44,17,44,11,32,107763,102,0,0,80291,1,27472,101,17,44,17,44,11,32,107763,102,0,0,80291,1,27472,101,17,44,17,44,11,32,107763,102,0,0,80291,1,27472,101,17,44,17,44,11,32,107763,102,0,0,80291,1,27472,101
179,0,1000,0,0,1000,0,1000,17,44,17,44,12,34,0,0,0,0,0,0,0,0,17,44,17,44,12,34,0,0,0,0,0,0,0,0,17,44,17,44,12,34,0,0,0,0,0,0,0,0,17,44,17,44,12,34,0,0,0,0,0,0,0,0,17,44,17,44,12,34,0,0,0,0,0,0,0,0,17,44,17,44,12,34,0,0,0,0,0,0,0,0
180,0,1000,0,0,1000,0,1000,17,44,17,44,12,34,0,0,0,0,0,0,0,0,17,44,17,44,12,34,0,0,0,0,0,0,0,0,17,44,17,44,12,34,0,0,0,0,0,0,0,0,17,44,17,44,12,34,0,0,0,0,0,0,0,0,17,44,17,44,12,34,0,0,0,0,0,0,0,0,17,44,17,44,12,34,0,0,0,0,0,0,0,0
181,0,1000,0,0,1000,0,1000,17,44,17,44,12,34,0,0,0,0,0,0,0,0,17,44,17,44,12,34,0,0,0,0,0,0,0,0,17,44,17,44,12,34,0,0,0,0,0,0,0,0,17,44,17,44,12,34,0,0,0,0,0,0,0,0,17,44,17,44,12,34,0,0,0,0,0,0,0,0,17,44,17,44,12,34,0,0,0,0,0,0,0,0
182,0,1000,0,0,1000,0,1000,17,44,17,44,12,34,32912,121,0,0,0,0,32912,121,17,44,17,44,12,34,32912,121,0,0,0,0,32912,121,17,44,17,44,12,34,32912,121,0,0,0,0,32912,121,17,44,17,44,12,34,32912,121,0,0,0,0,32912,121,17,44,17,44,12,34,32912,121,0,0,0,0,32912,121,17,44,17,44,12,34,32912,121,0,0,0,0,32912,121
183,0,1000,0,0,1000,0,1000,17,44,17,44,12,34,0,0,0,0,0,0,0,0,17,44,17,44,12,34,0,0,0,0,0,0,0,0,17,44,17,44,12,34,0,0,0,0,0,0,0,0,17,44,17,44,12,34,0,0,0,0,0,0,0,0,17,44,17,44,12,34,0,0,0,0,0,0,0,0,17,44,17,44,12,34,0,0,0,0,0,0,0,0
184,0,1000,0,0,1000,0,1000,17,44,17,44,12,34,0,0,0,0,0,0,0,0,17,44,17,44,12,34,0,0,0,0,0,0,0,0,17,44,17,44,12,34,0,0,0,0,0,0,0,0,17,44,17,44,12,34,0,0,0,0,0,0,0,0,17,44,17,44,12,34,0,0,0,0,0,0,0,0,17,44,17,44,12,34,0,0,0,0,0,0,0,0
185,0,1000,0,0,1000,0,1000,17,44,17,44,12,34,0,0,0,0,0,0,0,0,17,44,17,44,12,34,0,0,0,0,0,0,0,0,17,44,17,44,12,34,0,0,0,0,0,0,0,0,17,44,17,44,12,34,0,0,0,0,0,0,0,0,17,44,17,44,12,34,0,0,0,0,0,0,0,0,17,44,17,44,12,34,0,0,0,0,0,0,0,0
186,0,1000,0,0,1000,0,1000,17,44,17,44,12,34,27744,102,0,0,0,0,27744,102,17,44,17,44,12,34,27744,102,0,0,0,0,27744,102,17,44,17,44,12,34,27744,102,0,0,0,0,27744,102,17,44,17,44,12,34,27744,102,0,0,0,0,27744,102,17,44,17,44,12,34,27744,102,0,0,0,0,27744,102,17,44,17,44,12,34,27744,102,0,0,0,0,27744,102
187,0,1000,0,0,1000,0,1000,17,44,17,44,13,36,0,0,0,0,0,0,0,0,17,44,17,44,13,36,0,0,0,0,0,0,0,0,17,44,17,44,13,36,0,0,0,0,0,0,0,0,17,44,17,44,13,36,0,0,0,0,0,0,0,0,17,44,17,44,13,36,0,0,0,0,0,0,0,0,17,44,17,44,13,36,0,0,0,0,0,0,0,0
188,0,1000,0,0,1000,0,1000,17,44,17,44,13,36,0,0,0,0,0,0,0,0,17,44,17,44,13,36,0,0,0,0,0,0,0,0,17,44,17,44,13,36,0,0,0,0,0,0,0,0,17,44,17,44,13,36,0,0,0,0,0,0,0,0,17,44,17,44,13,36,0,0,0,0,0,0,0,0,17,44,17,44,13,36,0,0,0,0,0,0,0,0
189,0,1000,0,0,1000,0,1000,17,44,17,44,13,36,0,0,0,0,0,0,0,0,17,44,17,44,13,36,0,0,0,0,0,0,0,0,17,44,17,44,13,36,0,0,0,0,0,0,0,0,17,44,17,44,13,36,0,0,0,0,0,0,0,0,17,44,17,44,13,36,0,0,0,0,0,0,0,0,17,44,17,44,13,36,0,0,0,0,0,0,0,0
190,0,1000,0,0,1000,0,1000,17,44,17,44,13,36,26112,96,0,0,0,0,26112,96,17,44,17,44,13,36,26112,96,0,0,0,0,26112,96,17,44,17,44,13,36,26112,96,0,0,0,0,26112,96,17,44,17,44,13,36,26112,96,0,0,0,0,26112,96,17,44,17,44,13,36,26112,96,0,0,0,0,26112,96,17,44,17,44,13,36,26112,96,0,0,0,0,26112,96
191,0,1000,0,0,1000,0,1000,17,44,17,44,14,37,0,0,0,0,0,0,0,0,17,44,17,44,14,37,0,0,0,0,0,0,0,0,17,44,17,44,14,37,0,0,0,0,0,0,0,0,17,44,17,44,14,37,0,0,0,0,0,0,0,0,17,44,17,44,14,37,0,0,0,0,0,0,0,0,17,44,17,44,14,37,0,0,0,0,0,0,0,0
192,0,1000,0,0,1000,0,1000,17,44,17,44,14,37,0,0,0,0,0,0,0,0,17,44,17,44,14,37,0,0,0,0,0,0,0,0,17,44,17,44,14,37,0,0,0,0,0,0,0,0,17,44,17,44,14,37,0,0,0,0,0,0,0,0,17,44,17,44,14,37,0,0,0,0,0,0,0,0,17,44,17,44,14,37,0,0,0,0,0,0,0,0
193,0,1000,0,0,1000,0,1000,17,44,17,44,14,37,0,0,0,0,0,0,0,0,17,44,17,44,14,37,0,0,0,0,0,0,0,0,17,44,17,44,14,37,0,0,0,0,0,0,0,0,17,44,17,44,14,37,0,0,0,0,0,0,0,0,17,44,17,44,14,37,0,0,0,0,0,0,0,0,17,44,17,44,14,37,0,0,0,0,0,0,0,0
194,0,1000,0,0,1000,0,1000,17,44,17,44,14,37,31280,115,0,0,0,0,31280,115,17,44,17,44,14,37,31280,115,0,0,0,0,31280,115,17,44,17,44,14,37,31280,115,0,0,0,0,31280,115,17,44,17,44,14,37,31280,115,0,0,0,0,31280,115,17,44,17,44,14,37,31280,115,0,0,0,0,31280,115,17,44,17,44,14,37,31280,115,0,0,0,0,31280,115
195,0,1000,0,0,1000,0,1000,17,44,17,44,14,37,0,0,0,0,0,0,0,0,17,44,17,44,14,37,0,0,0,0,0,0,0,0,17,44,17,44,14,37,0,0,0,0,0,0,0,0,17,44,17,44,14,37,0,0,0,0,0,0,0,0,17,44,17,44,14,37,0,0,0,0,0,0,0,0,17,44,17,44,14,37,0,0,0,0,0,0,0,0
196,0,1000,0,0,1000,0,1000,17,44,17,44,14,37,0,0,0,0,0,0,0,0,17,44,17,44,14,37,0,0,0,0,0,0,0,0,17,44,17,44,14,37,0,0,0,0,0,0,0,0,17,44,17,44,14,37,0,0,0,0,0,0,0,0,17,44,17,44,14,37,0,0,0,0,0,0,0,0,17,44,17,44,14,37,0,0,0,0,0,0,0,0
197,0,1000,0,0,1000,0,1000,17,44,17,44,14,37,0,0,0,0,0,0,0,0,17,44,17,44,14,37,0,0,0,0,0,0,0,0,17,44,17,44,14,37,0,0,0,0,0,0,0,0,17,44,17,44,14,37,0,0,0,0,0,0,0,0,17,44,17,44,14,37,0,0,0,0,0,0,0,0,17,44,17,44,14,37,0,0,0,0,0,0,0,0
198,0,1000,0,0,1000,0,1000,17,44,17,44,14,37,25296,93,0,0,0,0,25296,93,17,44,17,44,14,37,25296,93,0,0,0,0,25296,93,17,44,17,44,14,37,25296,93,0,0,0,0,25296,93,17,44,17,44,14,37,25296,93,0,0,0,0,25296,93,17,44,17,44,14,37,25296,93,0,0,0,0,25296,93,17,44,17,44,14,37,25296,93,0,0,0,0,25296,93
199,0,1000,0,0,1000,0,1000,17,44,17,44,14,37,0,0,0,0,0,0,0,0,17,44,17,44,14,37,0,0,0,0,0,0,0,0,17,44,17,44,14,37,0,0,0,0,0,0,0,0,17,44,17,44,14,37,0,0,0,0,0,0,0,0,17,44,17,44,14,37,0,0,0,0,0,0,0,0,17,44,17,44,14,37,0,0,0,0,0,0,0,0
200,0,1000,0,0,1000,0,1000,17,44,17,44,14,37,0,0,0,0,0,0,0,0,17,44,17,44,14,37,0,0,0,0,0,0,0,0,17,44,17,44,14,37,0,0,0,0,0,0,0,0,17,44,17,44,14,37,0,0,0,0,0,0,0,0,17,44,17,44,14,37,0,0,0,0,0,0,0,0,17,44,17,44,14,37,0,0,0,0,0,0,0,0
201,0,1000,0,0,1000,0,1000,17,44,17,44,14,37,83415,1,83415,1,0,0,0,0,17,44,17,44,14,37,83415,1,83415,1,0,0,0,0,17,44,17,44,14,37,83415,1,83415,1,0,0,0,0,17,44,17,44,14,37,83415,1,83415,1,0,0,0,0,17,44,17,44,14,37,83415,1,83415,1,0,0,0,0,17,44,17,44,14,37,83415,1,83415,1,0,0,0,0
202,0,1000,0,0,1000,0,1000,18,50,18,50,14,37,107763,102,0,0,80291,1,27472,101,18,50,18,50,14,37,107763,102,0,0,80291,1,27472,101,18,50,18,50,14,37,107763,102,0,0,80291,1,27472,101,18,50,18,50,14,37,107763,102,0,0,80291,1,27472,101,18,50,18,50,14,37,107763,102,0,0,80291,1,27472,101,18,50,18,50,14,37,107763,102,0,0,80291,1,27472,101
203,0,1000,0,0,1000,0,1000,18,50,18,50,14,37,0,0,0,0,0,0,0,0,18,50,18,50,14,37,0,0,0,0,0,0,0,0,18,50,18,50,14,37,0,0,0,0,0,0,0,0,18,50,18,50,14,37,0,0,0,0,0,0,0,0,18,50,18,50,14,37,0,0,0,0,0,0,0,0,18,50,18,50,14,37,0,0,0,0,0,0,0,0
204,0,1000,0,0,1000,0,1000,18,50,18,50,14,37,0,0,0,0,0,0,0,0,18,50,18,50,14,37,0,0,0,0,0,0,0,0,18,50,18,50,14,37,0,0,0,0,0,0,0,0,18,50,18,50,14,37,0,0,0,0,0,0,0,0,18,50,18,50,14,37,0,0,0,0,0,0,0,0,18,50,18,50,14,37,0,0,0,0,0,0,0,0
205,0,1000,0,0,1000,0,1000,18,50,18,50,14,37,0,0,0,0,0,0,0,0,18,50,18,50,14,37,0,0,0,0,0,0,0,0,18,50,18,50,14,37,0,0,0,0,0,0,0,0,18,50,18,50,14,37,0,0,0,0,0,0,0,0,18,50,18,50,14,37,0,0,0,0,0,0,0,0,18,50,18,50,14,37,0,0,0,0,0,0,0,0
206,0,1000,0,0,1000,0,1000,18,50,18,50,14,37,31008,114,0,0,0,0,31008,114,18,50,18,50,14,37,31008,114,0,0,0,0,31008,114,18,50,18,50,14,37,31008,114,0,0,0,0,31008,114,18,50,18,50,14,37,31008,114,0,0,0,0,31008,114,18,50,18,50,14,37,31008,114,0,0,0,0,31008,114,18,50,18,50,14,37,31008,114,0,0,0,0,31008,114
207,0,1000,0,0,1000,0,1000,18,50,18,50,15,41,0,0,0,0,0,0,0,0,18,50,18,50,15,41,0,0,0,0,0,0,0,0,18,50,18,50,15,41,0,0,0,0,0,0,0,0,18,50,18,50,15,41,0,0,0,0,0,0,0,0,18,50,18,50,15,41,0,0,0,0,0,0,0,0,18,50,18,50,15,41,0,0,0,0,0,0,0,0
208,0,1000,0,0,1000,0,1000,18,50,18,50,15,41,0,0,0,0,0,0,0,0,18,50,18,50,15,41,0,0,0,0,0,0,0,0,18,50,18,50,15,41,0,0,0,0,0,0,0,0,18,50,18,50,15,41,0,0,0,0,0,0,0,0,18,50,18,50,15,41,0,0,0,0,0,0,0,0,18,50,18,50,15,41,0,0,0,0,0,0,0,0
209,0,1000,0,0,1000,0,1000,18,50,18,50,15,41,0,0,0,0,0,0,0,0,18,50,18,50,15,41,0,0,0,0,0,0,0,0,18,50,18,50,15,41,0,0,0,0,0,0,0,0,18,50,18,50,15,41,0,0,0,0,0,0,0,0,18,50,18,50,15,41,0,0,0,0,0,0,0,0,18,50,18,50,15,41,0,0,0,0,0,0,0,0
210,0,1000,0,0,1000,0,1000,18,50,18,50,15,41,31552,116,0,0,0,0,31552,116,18,50,18,50,15,41,31552,116,0,0,0,0,31552,116,18,50,18,50,15,41,31552,116,0,0,0,0,31552,116,18,50,18,50,15,41,31552,116,0,0,0,0,31552,116,18,50,18,50,15,41,31552,116,0,0,0,0,31552,116,18,50,18,50,15,41,31552,116,0,0,0,0,31552,116
211,0,1000,0,0,1000,0,1000,18,50,18,50,16,42,0,0,0,0,0,0,0,0,18,50,18,50,16,42,0,0,0,0,0,0,0,0,18,50,18,50,16,42,0,0,0,0,0,0,0,0,18,50,18,50,16,42,0,0,0,0,0,0,0,0,18,50,18,50,16,42,0,0,0,0,0,0,0,0,18,50,18,50,16,42,0,0,0,0,0,0,0,0
212,0,1000,0,0,1000,0,1000,18,50,18,50,16,42,0,0,0,0,0,0,0,0,18,50,18,50,16,42,0,0,0,0,0,0,0,0,18,50,18,50,16,42,0,0,0,0,0,0,0,0,18,50,18,50,16,42,0,0,0,0,0,0,0,0,18,50,18,50,16,42,0,0,0,0,0,0,0,0,18,50,18,50,16,42,0,0,0,0,0,0,0,0
213,0,1000,0,0,1000,0,1000,18,50,18,50,16,42,0,0,0,0,0,0,0,0,18,50,18,50,16,42,0,0,0,0,0,0,0,0,18,50,18,50,16,42,0,0,0,0,0,0,0,0,18,50,18,50,16,42,0,0,0,0,0,0,0,0,18,50,18,50,16,42,0,0,0,0,0,0,0,0,18,50,18,50,16,42,0,0,0,0,0,0,0,0
214,0,1000,0,0,1000,0,1000,18,50,18,50,16,42,27200,100,0,0,0,0,27200,100,18,50,18,50,16,42,27200,100,0,0,0,0,27200,100,18,50,18,50,16,42,27200,100,0,0,0,0,27200,100,18,50,18,50,16,42,27200,100,0,0,0,0,27200,100,18,50,18,50,16,42,27200,100,0,0,0,0,27200,100,18,50,18,50,16,42,27200,100,0,0,0,0,27200,100
215,0,1000,0,0,1000,0,1000,18,50,18,50,16,42,0,0,0,0,0,0,0,0,18,50,18,50,16,42,0,0,0,0,0,0,0,0,18,50,18,50,16,42,0,0,0,0,0,0,0,0,18,50,18,50,16,42,0,0,0,0,0,0,0,0,18,50,18,50,16,42,0,0,0,0,0,0,0,0,18,50,18,50,16,42,0,0,0,0,0,0,0,0
216,0,1000,0,0,1000,0,1000,18,50,18,50,16,42,0,0,0,0,0,0,0,0,18,50,18,50,16,42,0,0,0,0,0,0,0,0,18,50,18,50,16,42,0,0,0,0,0,0,0,0,18,50,18,50,16,42,0,0,0,0,0,0,0,0,18,50,18,50,16,42,0,0,0,0,0,0,0,0,18,50,18,50,16,42,0,0,0,0,0,0,0,0
217,0,1000,0,0,1000,0,1000,18,50,18,50,16,42,83639,1,83639,1,0,0,0,0,18,50,18,50,16,42,83639,1,83639,1,0,0,0,0,18,50,18,50,16,42,83639,1,83639,1,0,0,0,0,18,50,18,50,16,42,83639,1,83639,1,0,0,0,0,18,50,18,50,16,42,83639,1,83639,1,0,0,0,0,18,50,18,50,16,42,83639,1,83639,1,0,0,0,0
218,0,1000,0,0,1000,0,1000,19,54,19,54,16,42,107219,100,0,0,80291,1,26928,99,19,54,19,54,16,42,107219,100,0,0,80291,1,26928,99,19,54,19,54,16,42,107219,100,0,0,80291,1,26928,99,19,54,19,54,16,42,107219,100,0,0,80291,1,26928,99,19,54,19,54,16,42,107219,100,0,0,80291,1,26928,99,19,54,19,54,16,42,107219,100,0,0,80291,1,26928,99
219,0,1000,0,0,1000,0,1000,19,54,19,54,17,44,0,0,0,0,0,0,0,0,19,54,19,54,17,44,0,0,0,0,0,0,0,0,19,54,19,54,17,44,0,0,0,0,0,0,0,0,19,54,19,54,17,44,0,0,0,0,0,0,0,0,19,54,19,54,17,44,0,0,0,0,0,0,0,0,19,54,19,54,17,44,0,0,0,0,0,0,0,0
220,0,1000,0,0,1000,0,1000,19,54,19,54,17,44,0,0,0,0,0,0,0,0,19,54,19,54,17,44,0,0,0,0,0,0,0,0,19,54,19,54,17,44,0,0,0,0,0,0,0,0,19,54,19,54,17,44,0,0,0,0,0,0,0,0,19,54,19,54,17,44,0,0,0,0,0,0,0,0,19,54,19,54,17,44,0,0,0,0,0,0,0,0
221,0,1000,0,0,1000,0,1000,19,54,19,54,17,44,83607,1,83607,1,0,0,0,0,19,54,19,54,17,44,83607,1,83607,1,0,0,0,0,19,54,19,54,17,44,83607,1,83607,1,0,0,0,0,19,54,19,54,17,44,83607,1,83607,1,0,0,0,0,19,54,19,54,17,44,83607,1,83607,1,0,0,0,0,19,54,19,54,17,44,83607,1,83607,1,0,0,0,0
222,0,1000,0,0,1000,0,1000,20,55,20,55,17,44,104771,91,0,0,80291,1,24480,90,20,55,20,55,17,44,104771,91,0,0,80291,1,24480,90,20,55,20,55,17,44,104771,91,0,0,80291,1,24480,90,20,55,20,55,17,44,104771,91,0,0,80291,1,24480,90,20,55,20,55,17,44,104771,91,0,0,80291,1,24480,90,20,55,20,55,17,44,104771,91,0,0,80291,1,24480,90
223,0,1000,0,0,1000,0,1000,20,55,20,55,17,44,0,0,0,0,0,0,0,0,20,55,20,55,17,44,0,0,0,0,0,0,0,0,20,55,20,55,17,44,0,0,0,0,0,0,0,0,20,55,20,55,17,44,0,0,0,0,0,0,0,0,20,55,20,55,17,44,0,0,0,0,0,0,0,0,20,55,20,55,17,44,0,0,0,0,0,0,0,0
224,0,1000,0,0,1000,0,1000,20,55,20,55,17,44,0,0,0,0,0,0,0,0,20,55,20,55,17,44,0,0,0,0,0,0,0,0,20,55,20,55,17,44,0,0,0,0,0,0,0,0,20,55,20,55,17,44,0,0,0,0,0,0,0,0,20,55,20,55,17,44,0,0,0,0,0,0,0,0,20,55,20,55,17,44,0,0,0,0,0,0,0,0
225,0,1000,0,0,1000,0,1000,20,55,20,55,17,44,83319,1,83319,1,0,0,0,0,20,55,20,55,17,44,83319,1,83319,1,0,0,0,0,20,55,20,55,17,44,83319,1,83319,1,0,0,0,0,20,55,20,55,17,44,83319,1,83319,1,0,0,0,0,20,55,20,55,17,44,83319,1,83319,1,0,0,0,0,20,55,20,55,17,44,83319,1,83319,1,0,0,0,0
226,0,1000,0,0,1000,0,1000,21,56,21,56,17,44,107219,100,0,0,80291,1,26928,99,21,56,21,56,17,44,107219,100,0,0,80291,1,26928,99,21,56,21,56,17,44,107219,100,0,0,80291,1,26928,99,21,56,21,56,17,44,107219,100,0,0,80291,1,26928,99,21,56,21,56,17,44,107219,100,0,0,80291,1,26928,99,21,56,21,56,17,44,107219,100,0,0,80291,1,26928,99
227,0,1000,0,0,1000,0,1000,21,56,21,56,17,44,0,0,0,0,0,0,0,0,21,56,21,56,17,44,0,0,0,0,0,0,0,0,21,56,21,56,17,44,0,0,0,0,0,0,0,0,21,56,21,56,17,44,0,0,0,0,0,0,0,0,21,56,21,56,17,44,0,0,0,0,0,0,0,0,21,56,21,56,17,44,0,0,0,0,0,0,0,0
228,0,1000,0,0,1000,0,1000,21,56,21,56,17,44,0,0,0,0,0,0,0,0,21,56,21,56,17,44,0,0,0,0,0,0,0,0,21,56,21,56,17,44,0,0,0,0,0,0,0,0,21,56,21,56,17,44,0,0,0,0,0,0,0,0,21,56,21,56,17,44,0,0,0,0,0,0,0,0,21,56,21,56,17,44,0,0,0,0,0,0,0,0
229,0,1000,0,0,1000,0,1000,21,56,21,56,17,44,0,0,0,0,0,0,0,0,21,56,21,56,17,44,0,0,0,0,0,0,0,0,21,56,21,56,17,44,0,0,0,0,0,0,0,0,21,56,21,56,17,44,0,0,0,0,0,0,0,0,21,56,21,56,17,44,0,0,0,0,0,0,0,0,21,56,21,56,17,44,0,0,0,0,0,0,0,0
230,0,1000,0,0,1000,0,1000,21,56,21,56,17,44,25296,93,0,0,0,0,25296,93,21,56,21,56,17,44,25296,93,0,0,0,0,25296,93,21,56,21,56,17,44,25296,93,0,0,0,0,25296,93,21,56,21,56,17,44,25296,93,0,0,0,0,25296,93,21,56,21,56,17,44,25296,93,0,0,0,0,25296,93,21,56,21,56,17,44,25296,93,0,0,0,0,25296,93
231,0,1000,0,0,1000,0,1000,21,56,21,56,17,44,0,0,0,0,0,0,0,0,21,56,21,56,17,44,0,0,0,0,0,0,0,0,21,56,21,56,17,44,0,0,0,0,0,0,0,0,21,56,21,56,17,44,0,0,0,0,0,0,0,0,21,56,21,56,17,44,0,0,0,0,0,0,0,0,21,56,21,56,17,44,0,0,0,0,0,0,0,0
232,0,1000,0,0,1000,0,1000,21,56,21,56,17,44,0,0,0,0,0,0,0,0,21,56,21,56,17,44,0,0,0,0,0,0,0,0,21,56,21,56,17,44,0,0,0,0,0,0,0,0,21,56,21,56,17,44,0,0,0,0,0,0,0,0,21,56,21,56,17,44,0,0,0,0,0,0,0,0,21,56,21,56,17,44,0,0,0,0,0,0,0,0
233,0,1000,0,0,1000,0,1000,21,56,21,56,17,44,0,0,0,0,0,0,0,0,21,56,21,56,17,44,0,0,0,0,0,0,0,0,21,56,21,56,17,44,0,0,0,0,0,0,0,0,21,56,21,56,17,44,0,0,0,0,0,0,0,0,21,56,21,56,17,44,0,0,0,0,0,0,0,0,21,56,21,56,17,44,0,0,0,0,0,0,0,0
234,0,1000,0,0,1000,0,1000,21,56,21,56,17,44,22576,83,0,0,0,0,22576,83,21,56,21,56,17,44,22576,83,0,0,0,0,22576,83,21,56,21,56,17,44,22576,83,0,0,0,0,22576,83,21,56,21,56,17,44,22576,83,0,0,0,0,22576,83,21,56,21,56,17,44,22576,83,0,0,0,0,22576,83,21,56,21,56,17,44,22576,83,0,0,0,0,22576,83
235,0,1000,0,0,1000,0,1000,21,56,21,56,17,44,0,0,0,0,0,0,0,0,21,56,21,56,17,44,0,0,0,0,0,0,0,0,21,56,21,56,17,44,0,0,0,0,0,0,0,0,21,56,21,56,17,44,0,0,0,0,0,0,0,0,21,56,21,56,17,44,0,0,0,0,0,0,0,0,21,56,21,56,17,44,0,0,0,0,0,0,0,0
236,0,1000,0,0,1000,0,1000,21,56,21,56,17,44,0,0,0,0,0,0,0,0,21,56,21,56,17,44,0,0,0,0,0,0,0,0,21,56,21,56,17,44,0,0,0,0,0,0,0,0,21,56,21,56,17,44,0,0,0,0,0,0,0,0,21,56,21,56,17,44,0,0,0,0,0,0,0,0,21,56,21,56,17,44,0,0,0,0,0,0,0,0
237,0,1000,0,0,1000,0,1000,21,56,21,56,17,44,0,0,0,0,0,0,0,0,21,56,21,56,17,44,0,0,0,0,0,0,0,0,21,56,21,56,17,44,0,0,0,0,0,0,0,0,21,56,21,56,17,44,0,0,0,0,0,0,0,0,21,56,21,56,17,44,0,0,0,0,0,0,0,0,21,56,21,56,17,44,0,0,0,0,0,0,0,0
238,0,1000,0,0,1000,0,1000,21,56,21,56,17,44,29104,107,0,0,0,0,29104,107,21,56,21,56,17,44,29104,107,0,0,0,0,29104,107,21,56,21,56,17,44,29104,107,0,0,0,0,29104,107,21,56,21,56,17,44,29104,107,0,0,0,0,29104,107,21,56,21,56,17,44,29104,107,0,0,0,0,29104,107,21,56,21,56,17,44,29104,107,0,0,0,0,29104,107
239,0,1000,0,0,1000,0,1000,21,56,21,56,17,44,0,0,0,0,0,0,0,0,21,56,21,56,17,44,0,0,0,0,0,0,0,0,21,56,21,56,17,44,0,0,0,0,0,0,0,0,21,56,21,56,17,44,0,0,0,0,0,0,0,0,21,56,21,56,17,44,0,0,0,0,0,0,0,0,21,56,21,56,17,44,0,0,0,0,0,0,0,0
240,0,1000,0,0,1000,0,1000,21,56,21,56,17,44,0,0,0,0,0,0,0,0,21,56,21,56,17,44,0,0,0,0,0,0,0,0,21,56,21,56,17,44,0,0,0,0,0,0,0,0,21,56,21,56,17,44,0,0,0,0,0,0,0,0,21,56,21,56,17,44,0,0,0,0,0,0,0,0,21,56,21,56,17,44,0,0,0,0,0,0,0,0
241,0,1000,0,0,1000,0,1000,21,56,21,56,17,44,0,0,0,0,0,0,0,0,21,56,21,56,17,44,0,0,0,0,0,0,0,0,21,56,21,56,17,44,0,0,0,0,0,0,0,0,21,56,21,56,17,44,0,0,0,0,0,0,0,0,21,56,21,56,17,44,0,0,0,0,0,0,0,0,21,56,21,56,17,44,0,0,0,0,0,0,0,0
242,0,1000,0,0,1000,0,1000,21,56,21,56,17,44,29648,109,0,0,0,0,29648,109,21,56,21,56,17,44,29648,109,0,0,0,0,29648,109,21,56,21,56,17,44,29648,109,0,0,0,0,29648,109,21,56,21,56,17,44,29648,109,0,0,0,0,29648,109,21,56,21,56,17,44,29648,109,0,0,0,0,29648,109,21,56,21,56,17,44,29648,109,0,0,0,0,29648,109
243,0,1000,0,0,1000,0,1000,21,56,21,56,18,50,0,0,0,0,0,0,0,0,21,56,21,56,18,50,0,0,0,0,0,0,0,0,21,56,21,56,18,50,0,0,0,0,0,0,0,0,21,56,21,56,18,50,0,0,0,0,0,0,0,0,21,56,21,56,18,50,0,0,0,0,0,0,0,0,21,56,21,56,18,50,0,0,0,0,0,0,0,0
244,0,1000,0,0,1000,0,1000,21,56,21,56,18,50,0,0,0,0,0,0,0,0,21,56,21,56,18,50,0,0,0,0,0,0,0,0,21,56,21,56,18,50,0,0,0,0,0,0,0,0,21,56,21,56,18,50,0,0,0,0,0,0,0,0,21,56,21,56,18,50,0,0,0,0,0,0,0,0,21,56,21,56,18,50,0,0,0,0,0,0,0,0
245,0,1000,0,0,1000,0,1000,21,56,21,56,18,50,251781,3,251781,3,0,0,0,0,21,56,21,56,18,50,251781,3,251781,3,0,0,0,0,21,56,21,56,18,50,251781,3,251781,3,0,0,0,0,21,56,21,56,18,50,251781,3,251781,3,0,0,0,0,21,56,21,56,18,50,251781,3,251781,3,0,0,0,0,21,56,21,56,18,50,251781,3,251781,3,0,0,0,0
246,0,1000,0,0,1000,0,1000,22,61,22,61,18,50,105043,92,0,0,80291,1,24752,91,22,61,22,61,18,50,105043,92,0,0,80291,1,24752,91,22,61,22,61,18,50,105043,92,0,0,80291,1,24752,91,22,61,22,61,18,50,105043,92,0,0,80291,1,24752,91,22,61,22,61,18,50,105043,92,0,0,80291,1,24752,91,22,61,22,61,18,50,105043,92,0,0,80291,1,24752,91
247,0,1000,0,0,1000,0,1000,22,61,22,61,18,50,0,0,0,0,0,0,0,0,22,61,22,61,18,50,0,0,0,0,0,0,0,0,22,61,22,61,18,50,0,0,0,0,0,0,0,0,22,61,22,61,18,50,0,0,0,0,0,0,0,0,22,61,22,61,18,50,0,0,0,0,0,0,0,0,22,61,22,61,18,50,0,0,0,0,0,0,0,0
248,0,1000,0,0,1000,0,1000,22,61,22,61,18,50,0,0,0,0,0,0,0,0,22,61,22,61,18,50,0,0,0,0,0,0,0,0,22,61,22,61,18,50,0,0,0,0,0,0,0,0,22,61,22,61,18,50,0,0,0,0,0,0,0,0,22,61,22,61,18,50,0,0,0,0,0,0,0,0,22,61,22,61,18,50,0,0,0,0,0,0,0,0
249,0,1000,0,0,1000,0,1000,22,61,22,61,18,50,83351,1,83351,1,0,0,0,0,22,61,22,61,18,50,83351,1,83351,1,0,0,0,0,22,61,22,61,18,50,83351,1,83351,1,0,0,0,0,22,61,22,61,18,50,83351,1,83351,1,0,0,0,0,22,61,22,61,18,50,83351,1,83351,1,0,0,0,0,22,61,22,61,18,50,83351,1,83351,1,0,0,0,0
250,0,1000,0,0,1000,0,1000,23,62,23,62,18,50,109667,109,0,0,80291,1,29376,108,23,62,23,62,18,50,109667,109,0,0,80291,1,29376,108,23,62,23,62,18,50,109667,109,0,0,80291,1,29376,108,23,62,23,62,18,50,109667,109,0,0,80291,1,29376,108,23,62,23,62,18,50,109667,109,0,0,80291,1,29376,108,23,62,23,62,18,50,109667,109,0,0,80291,1,29376,108
251,0,1000,0,0,1000,0,1000,23,62,23,62,18,50,0,0,0,0,0,0,0,0,23,62,23,62,18,50,0,0,0,0,0,0,0,0,23,62,23,62,18,50,0,0,0,0,0,0,0,0,23,62,23,62,18,50,0,0,0,0,0,0,0,0,23,62,23,62,18,50,0,0,0,0,0,0,0,0,23,62,23,62,18,50,0,0,0,0,0,0,0,0
252,0,1000,0,0,1000,0,1000,23,62,23,62,18,50,0,0,0,0,0,0,0,0,23,62,23,62,18,50,0,0,0,0,0,0,0,0,23,62,23,62,18,50,0,0,0,0,0,0,0,0,23,62,23,62,18,50,0,0,0,0,0,0,0,0,23,62,23,62,18,50,0,0,0,0,0,0,0,0,23,62,23,62,18,50,0,0,0,0,0,0,0,0
253,0,1000,0,0,1000,0,1000,23,62,23,62,18,50,0,0,0,0,0,0,0,0,23,62,23,62,18,50,0,0,0,0,0,0,0,0,23,62,23,62,18,50,0,0,0,0,0,0,0,0,23,62,23,62,18,50,0,0,0,0,0,0,0,0,23,62,23,62,18,50,0,0,0,0,0,0,0,0,23,62,23,62,18,50,0,0,0,0,0,0,0,0
254,0,1000,0,0,1000,0,1000,23,62,23,62,18,50,32368,119,0,0,0,0,32368,119,23,62,23,62,18,50,32368,119,0,0,0,0,32368,119,23,62,23,62,18,50,32368,119,0,0,0,0,32368,119,23,62,23,62,18,50,32368,119,0,0,0,0,32368,119,23,62,23,62,18,50,32368,119,0,0,0,0,32368,119,23,62,23,62,18,50,32368,119,0,0,0,0,32368,119
255,0,1000,0,0,1000,0,1000,23,62,23,62,18,50,0,0,0,0,0,0,0,0,23,62,23,62,18,50,0,0,0,0,0,0,0,0,23,62,23,62,18,50,0,0,0,0,0,0,0,0,23,62,23,62,18,50,0,0,0,0,0,0,0,0,23,62,23,62,18,50,0,0,0,0,0,0,0,0,23,62,23,62,18,50,0,0,0,0,0,0,0,0
256,0,1000,0,0,1000,0,1000,23,62,23,62,18,50,0,0,0,0,0,0,0,0,23,62,23,62,18,50,0,0,0,0,0,0,0,0,23,62,23,62,18,50,0,0,0,0,0,0,0,0,23,62,23,62,18,50,0,0,0,0,0,0,0,0,23,62,23,62,18,50,0,0,0,0,0,0,0,0,23,62,23,62,18,50,0,0,0,0,0,0,0,0
257,0,1000,0,0,1000,0,1000,23,62,23,62,18,50,168494,2,168494,2,0,0,0,0,23,62,23,62,18,50,168494,2,168494,2,0,0,0,0,23,62,23,62,18,50,168494,2,168494,2,0,0,0,0,23,62,23,62,18,50,168494,2,168494,2,0,0,0,0,23,62,23,62,18,50,168494,2,168494,2,0,0,0,0,23,62,23,62,18,50,168494,2,168494,2,0,0,0,0
258,0,1000,0,0,1000,0,1000,24,64,24,64,18,50,108307,104,0,0,80291,1,28016,103,24,64,24,64,18,50,108307,104,0,0,80291,1,28016,103,24,64,24,64,18,50,108307,104,0,0,80291,1,28016,103,24,64,24,64,18,50,108307,104,0,0,80291,1,28016,103,24,64,24,64,18,50,108307,104,0,0,80291,1,28016,103,24,64,24,64,18,50,108307,104,0,0,80291,1,28016,103
259,0,1000,0,0,1000,0,1000,24,64,24,64,19,54,0,0,0,0,0,0,0,0,24,64,24,64,19,54,0,0,0,0,0,0,0,0,24,64,24,64,19,54,0,0,0,0,0,0,0,0,24,64,24,64,19,54,0,0,0,0,0,0,0,0,24,64,24,64,19,54,0,0,0,0,0,0,0,0,24,64,24,64,19,54,0,0,0,0,0,0,0,0
260,0,1000,0,0,1000,0,1000,24,64,24,64,19,54,0,0,0,0,0,0,0,0,24,64,24,64,19,54,0,0,0,0,0,0,0,0,24,64,24,64,19,54,0,0,0,0,0,0,0,0,24,64,24,64,19,54,0,0,0,0,0,0,0,0,24,64,24,64,19,54,0,0,0,0,0,0,0,0,24,64,24,64,19,54,0,0,0,0,0,0,0,0
261,0,1000,0,0,1000,0,1000,24,64,24,64,19,54,0,0,0,0,0,0,0,0,24,64,24,64,19,54,0,0,0,0,0,0,0,0,24,64,24,64,19,54,0,0,0,0,0,0,0,0,24,64,24,64,19,54,0,0,0,0,0,0,0,0,24,64,24,64,19,54,0,0,0,0,0,0,0,0,24,64,24,64,19,54,0,0,0,0,0,0,0,0
262,0,1000,0,0,1000,0,1000,24,64,24,64,19,54,27744,102,0,0,0,0,27744,102,24,64,24,64,19,54,27744,102,0,0,0,0,27744,102,24,64,24,64,19,54,27744,102,0,0,0,0,27744,102,24,64,24,64,19,54,27744,102,0,0,0,0,27744,102,24,64,24,64,19,54,27744,102,0,0,0,0,27744,102,24,64,24,64,19,54,27744,102,0,0,0,0,27744,102
263,0,1000,0,0,1000,0,1000,24,64,24,64,20,55,0,0,0,0,0,0,0,0,24,64,24,64,20,55,0,0,0,0,0,0,0,0,24,64,24,64,20,55,0,0,0,0,0,0,0,0,24,64,24,64,20,55,0,0,0,0,0,0,0,0,24,64,24,64,20,55,0,0,0,0,0,0,0,0,24,64,24,64,20,55,0,0,0,0,0,0,0,0
264,0,1000,0,0,1000,0,1000,24,64,24,64,20,55,0,0,0,0,0,0,0,0,24,64,24,64,20,55,0,0,0,0,0,0,0,0,24,64,24,64,20,55,0,0,0,0,0,0,0,0,24,64,24,64,20,55,0,0,0,0,0,0,0,0,24,64,24,64,20,55,0,0,0,0,0,0,0,0,24,64,24,64,20,55,0,0,0,0,0,0,0,0
265,0,1000,0,0,1000,0,1000,24,64,24,64,20,55,251109,3,251109,3,0,0,0,0,24,64,24,64,20,55,251109,3,251109,3,0,0,0,0,24,64,24,64,20,55,251109,3,251109,3,0,0,0,0,24,64,24,64,20,55,251109,3,251109,3,0,0,0,0,24,64,24,64,20,55,251109,3,251109,3,0,0,0,0,24,64,24,64,20,55,251109,3,251109,3,0,0,0,0
266,0,1000,0,0,1000,0,1000,25,66,25,66,20,55,102051,81,0,0,80291,1,21760,80,25,66,25,66,20,55,102051,81,0,0,80291,1,21760,80,25,66,25,66,20,55,102051,81,0,0,80291,1,21760,80,25,66,25,66,20,55,102051,81,0,0,80291,1,21760,80,25,66,25,66,20,55,102051,81,0,0,80291,1,21760,80,25,66,25,66,20,55,102051,81,0,0,80291,1,21760,80
267,0,1000,0,0,1000,0,1000,25,66,25,66,21,56,0,0,0,0,0,0,0,0,25,66,25,66,21,56,0,0,0,0,0,0,0,0,25,66,25,66,21,56,0,0,0,0,0,0,0,0,25,66,25,66,21,56,0,0,0,0,0,0,0,0,25,66,25,66,21,56,0,0,0,0,0,0,0,0,25,66,25,66,21,56,0,0,0,0,0,0,0,0
268,0,1000,0,0,1000,0,1000,25,66,25,66,21,56,0,0,0,0,0,0,0,0,25,66,25,66,21,56,0,0,0,0,0,0,0,0,25,66,25,66,21,56,0,0,0,0,0,0,0,0,25,66,25,66,21,56,0,0,0,0,0,0,0,0,25,66,25,66,21,56,0,0,0,0,0,0,0,0,25,66,25,66,21,56,0,0,0,0,0,0,0,0
269,0,1000,0,0,1000,0,1000,25,66,25,66,21,56,0,0,0,0,0,0,0,0,25,66,25,66,21,56,0,0,0,0,0,0,0,0,25,66,25,66,21,56,0,0,0,0,0,0,0,0,25,66,25,66,21,56,0,0,0,0,0,0,0,0,25,66,25,66,21,56,0,0,0,0,0,0,0,0,25,66,25,66,21,56,0,0,0,0,0,0,0,0
270,0,1000,0,0,1000,0,1000,25,66,25,66,21,56,29648,109,0,0,0,0,29648,109,25,66,25,66,21,56,29648,109,0,0,0,0,29648,109,25,66,25,66,21,56,29648,109,0,0,0,0,29648,109,25,66,25,66,21,56,29648,109,0,0,0,0,29648,109,25,66,25,66,21,56,29648,109,0,0,0,0,29648,109,25,66,25,66,21,56,29648,109,0,0,0,0,29648,109
271,0,1000,0,0,1000,0,1000,25,66,25,66,21,56,0,0,0,0,0,0,0,0,25,66,25,66,21,56,0,0,0,0,0,0,0,0,25,66,25,66,21,56,0,0,0,0,0,0,0,0,25,66,25,66,21,56,0,0,0,0,0,0,0,0,25,66,25,66,21,56,0,0,0,0,0,0,0,0,25,66,25,66,21,56,0,0,0,0,0,0,0,0
272,0,1000,0,0,1000,0,1000,25,66,25,66,21,56,0,0,0,0,0,0,0,0,25,66,25,66,21,56,0,0,0,0,0,0,0,0,25,66,25,66,21,56,0,0,0,0,0,0,0,0,25,66,25,66,21,56,0,0,0,0,0,0,0,0,25,66,25,66,21,56,0,0,0,0,0,0,0,0,25,66,25,66,21,56,0,0,0,0,0,0,0,0
273,0,1000,0,0,1000,0,1000,25,66,25,66,21,56,0,0,0,0,0,0,0,0,25,66,25,66,21,56,0,0,0,0,0,0,0,0,25,66,25,66,21,56,0,0,0,0,0,0,0,0,25,66,25,66,21,56,0,0,0,0,0,0,0,0,25,66,25,66,21,56,0,0,0,0,0,0,0,0,25,66,25,66,21,56,0,0,0,0,0,0,0,0
274,0,1000,0,0,1000,0,1000,25,66,25,66,21,56,30736,113,0,0,0,0,30736,113,25,66,25,66,21,56,30736,113,0,0,0,0,30736,113,25,66,25,66,21,56,30736,113,0,0,0,0,30736,113,25,66,25,66,21,56,30736,113,0,0,0,0,30736,113,25,66,25,66,21,56,30736,113,0,0,0,0,30736,113,25,66,25,66,21,56,30736,113,0,0,0,0,30736,113
275,0,1000,0,0,1000,0,1000,25,66,25,66,21,56,0,0,0,0,0,0,0,0,25,66,25,66,21,56,0,0,0,0,0,0,0,0,25,66,25,66,21,56,0,0,0,0,0,0,0,0,25,66,25,66,21,56,0,0,0,0,0,0,0,0,25,66,25,66,21,56,0,0,0,0,0,0,0,0,25,66,25,66,21,56,0,0,0,0,0,0,0,0
276,0,1000,0,0,1000,0,1000,25,66,25,66,21,56,0,0,0,0,0,0,0,0,25,66,25,66,21,56,0,0,0,0,0,0,0,0,25,66,25,66,21,56,0,0,0,0,0,0,0,0,25,66,25,66,21,56,0,0,0,0,0,0,0,0,25,66,25,66,21,56,0,0,0,0,0,0,0,0,25,66,25,66,21,56,0,0,0,0,0,0,0,0
277,0,1000,0,0,1000,0,1000,25,66,25,66,21,56,0,0,0,0,0,0,0,0,25,66,25,66,21,56,0,0,0,0,0,0,0,0,25,66,25,66,21,56,0,0,0,0,0,0,0,0,25,66,25,66,21,56,0,0,0,0,0,0,0,0,25,66,25,66,21,56,0,0,0,0,0,0,0,0,25,66,25,66,21,56,0,0,0,0,0,0,0,0
278,0,1000,0,0,1000,0,1000,25,66,25,66,21,56,26384,97,0,0,0,0,26384,97,25,66,25,66,21,56,26384,97,0,0,0,0,26384,97,25,66,25,66,21,56,26384,97,0,0,0,0,26384,97,25,66,25,66,21,56,26384,97,0,0,0,0,26384,97,25,66,25,66,21,56,26384,97,0,0,0,0,26384,97,25,66,25,66,21,56,26384,97,0,0,0,0,26384,97
279,0,1000,0,0,1000,0,1000,25,66,25,66,21,56,0,0,0,0,0,0,0,0,25,66,25,66,21,56,0,0,0,0,0,0,0,0,25,66,25,66,21,56,0,0,0,0,0,0,0,0,25,66,25,66,21,56,0,0,0,0,0,0,0,0,25,66,25,66,21,56,0,0,0,0,0,0,0,0,25,66,25,66,21,56,0,0,0,0,0,0,0,0
280,0,1000,0,0,1000,0,1000,25,66,25,66,21,56,0,0,0,0,0,0,0,0,25,66,25,66,21,56,0,0,0,0,0,0,0,0,25,66,25,66,21,56,0,0,0,0,0,0,0,0,25,66,25,66,21,56,0,0,0,0,0,0,0,0,25,66,25,66,21,56,0,0,0,0,0,0,0,0,25,66,25,66,21,56,0,0,0,0,0,0,0,0
281,0,1000,0,0,1000,0,1000,25,66,25,66,21,56,0,0,0,0,0,0,0,0,25,66,25,66,21,56,0,0,0,0,0,0,0,0,25,66,25,66,21,56,0,0,0,0,0,0,0,0,25,66,25,66,21,56,0,0,0,0,0,0,0,0,25,66,25,66,21,56,0,0,0,0,0,0,0,0,25,66,25,66,21,56,0,0,0,0,0,0,0,0
282,0,1000,0,0,1000,0,1000,25,66,25,66,21,56,25840,95,0,0,0,0,25840,95,25,66,25,66,21,56,25840,95,0,0,0,0,25840,95,25,66,25,66,21,56,25840,95,0,0,0,0,25840,95,25,66,25,66,21,56,25840,95,0,0,0,0,25840,95,25,66,25,66,21,56,25840,95,0,0,0,0,25840,95,25,66,25,66,21,56,25840,95,0,0,0,0,25840,95
283,0,1000,0,0,1000,0,1000,25,66,25,66,21,56,0,0,0,0,0,0,0,0,25,66,25,66,21,56,0,0,0,0,0,0,0,0,25,66,25,66,21,56,0,0,0,0,0,0,0,0,25,66,25,66,21,56,0,0,0,0,0,0,0,0,25,66,25,66,21,56,0,0,0,0,0,0,0,0,25,66,25,66,21,56,0,0,0,0,0,0,0,0
284,0,1000,0,0,1000,0,1000,25,66,25,66,21,56,0,0,0,0,0,0,0,0,25,66,25,66,21,56,0,0,0,0,0,0,0,0,25,66,25,66,21,56,0,0,0,0,0,0,0,0,25,66,25,66,21,56,0,0,0,0,0,0,0,0,25,66,25,66,21,56,0,0,0,0,0,0,0,0,25,66,25,66,21,56,0,0,0,0,0,0,0,0
285,0,1000,0,0,1000,0,1000,25,66,25,66,21,56,0,0,0,0,0,0,0,0,25,66,25,66,21,56,0,0,0,0,0,0,0,0,25,66,25,66,21,56,0,0,0,0,0,0,0,0,25,66,25,66,21,56,0,0,0,0,0,0,0,0,25,66,25,66,21,56,0,0,0,0,0,0,0,0,25,66,25,66,21,56,0,0,0,0,0,0,0,0
286,0,1000,0,0,1000,0,1000,25,66,25,66,21,56,26656,98,0,0,0,0,26656,98,25,66,25,66,21,56,26656,98,0,0,0,0,26656,98,25,66,25,66,21,56,26656,98,0,0,0,0,26656,98,25,66,25,66,21,56,26656,98,0,0,0,0,26656,98,25,66,25,66,21,56,26656,98,0,0,0,0,26656,98,25,66,25,66,21,56,26656,98,0,0,0,0,26656,98
287,0,1000,0,0,1000,0,1000,25,66,25,66,22,61,0,0,0,0,0,0,0,0,25,66,25,66,22,61,0,0,0,0,0,0,0,0,25,66,25,66,22,61,0,0,0,0,0,0,0,0,25,66,25,66,22,61,0,0,0,0,0,0,0,0,25,66,25,66,22,61,0,0,0,0,0,0,0,0,25,66,25,66,22,61,0,0,0,0,0,0,0,0
288,0,1000,0,0,1000,0,1000,25,66,25,66,22,61,0,0,0,0,0,0,0,0,25,66,25,66,22,61,0,0,0,0,0,0,0,0,25,66,25,66,22,61,0,0,0,0,0,0,0,0,25,66,25,66,22,61,0,0,0,0,0,0,0,0,25,66,25,66,22,61,0,0,0,0,0,0,0,0,25,66,25,66,22,61,0,0,0,0,0,0,0,0
289,0,1000,0,0,1000,0,1000,25,66,25,66,22,61,0,0,0,0,0,0,0,0,25,66,25,66,22,61,0,0,0,0,0,0,0,0,25,66,25,66,22,61,0,0,0,0,0,0,0,0,25,66,25,66,22,61,0,0,0,0,0,0,0,0,25,66,25,66,22,61,0,0,0,0,0,0,0,0,25,66,25,66,22,61,0,0,0,0,0,0,0,0
290,0,1000,0,0,1000,0,1000,25,66,25,66,22,61,24208,89,0,0,0,0,24208,89,25,66,25,66,22,61,24208,89,0,0,0,0,24208,89,25,66,25,66,22,61,24208,89,0,0,0,0,24208,89,25,66,25,66,22,61,24208,89,0,0,0,0,24208,89,25,66,25,66,22,61,24208,89,0,0,0,0,24208,89,25,66,25,66,22,61,24208,89,0,0,0,0,24208,89
291,0,1000,0,0,1000,0,1000,25,66,25,66,23,62,0,0,0,0,0,0,0,0,25,66,25,66,23,62,0,0,0,0,0,0,0,0,25,66,25,66,23,62,0,0,0,0,0,0,0,0,25,66,25,66,23,62,0,0,0,0,0,0,0,0,25,66,25,66,23,62,0,0,0,0,0,0,0,0,25,66,25,66,23,62,0,0,0,0,0,0,0,0
292,0,1000,0,0,1000,0,1000,25,66,25,66,23,62,0,0,0,0,0,0,0,0,25,66,25,66,23,62,0,0,0,0,0,0,0,0,25,66,25,66,23,62,0,0,0,0,0,0,0,0,25,66,25,66,23,62,0,0,0,0,0,0,0,0,25,66,25,66,23,62,0,0,0,0,0,0,0,0,25,66,25,66,23,62,0,0,0,0,0,0,0,0
293,0,1000,0,0,1000,0,1000,25,66,25,66,23,62,0,0,0,0,0,0,0,0,25,66,25,66,23,62,0,0,0,0,0,0,0,0,25,66,25,66,23,62,0,0,0,0,0,0,0,0,25,66,25,66,23,62,0,0,0,0,0,0,0,0,25,66,25,66,23,62,0,0,0,0,0,0,0,0,25,66,25,66,23,62,0,0,0,0,0,0,0,0
294,0,1000,0,0,1000,0,1000,25,66,25,66,23,62,26384,97,0,0,0,0,26384,97,25,66,25,66,23,62,26384,97,0,0,0,0,26384,97,25,66,25,66,23,62,26384,97,0,0,0,0,26384,97,25,66,25,66,23,62,26384,97,0,0,0,0,26384,97,25,66,25,66,23,62,26384,97,0,0,0,0,26384,97,25,66,25,66,23,62,26384,97,0,0,0,0,26384,97
295,0,1000,0,0,1000,0,1000,25,66,25,66,23,62,0,0,0,0,0,0,0,0,25,66,25,66,23,62,0,0,0,0,0,0,0,0,25,66,25,66,23,62,0,0,0,0,0,0,0,0,25,66,25,66,23,62,0,0,0,0,0,0,0,0,25,66,25,66,23,62,0,0,0,0,0,0,0,0,25,66,25,66,23,62,0,0,0,0,0,0,0,0
296,0,1000,0,0,1000,0,1000,25,66,25,66,23,62,0,0,0,0,0,0,0,0,25,66,25,66,23,62,0,0,0,0,0,0,0,0,25,66,25,66,23,62,0,0,0,0,0,0,0,0,25,66,25,66,23,62,0,0,0,0,0,0,0,0,25,66,25,66,23,62,0,0,0,0,0,0,0,0,25,66,25,66,23,62,0,0,0,0,0,0,0,0
297,0,1000,0,0,1000,0,1000,25,66,25,66,23,62,83543,1,83543,1,0,0,0,0,25,66,25,66,23,62,83543,1,83543,1,0,0,0,0,25,66,25,66,23,62,83543,1,83543,1,0,0,0,0,25,66,25,66,23,62,83543,1,83543,1,0,0,0,0,25,66,25,66,23,62,83543,1,83543,1,0,0,0,0,25,66,25,66,23,62,83543,1,83543,1,0,0,0,0
298,0,1000,0,0,1000,0,1000,26,74,26,74,23,62,108035,103,0,0,80291,1,27744,102,26,74,26,74,23,62,108035,103,0,0,80291,1,27744,102,26,74,26,74,23,62,108035,103,0,0,80291,1,27744,102,26,74,26,74,23,62,108035,103,0,0,80291,1,27744,102,26,74,26,74,23,62,108035,103,0,0,80291,1,27744,102,26,74,26,74,23,62,108035,103,0,0,80291,1,27744,102
299,0,1000,0,0,1000,0,1000,26,74,26,74,24,64,0,0,0,0,0,0,0,0,26,74,26,74,24,64,0,0,0,0,0,0,0,0,26,74,26,74,24,64,0,0,0,0,0,0,0,0,26,74,26,74,24,64,0,0,0,0,0,0,0,0,26,74,26,74,24,64,0,0,0,0,0,0,0,0,26,74,26,74,24,64,0,0,0,0,0,0,0,0
300,0,1000,0,0,1000,0,1000,26,74,26,74,24,64,0,0,0,0,0,0,0,0,26,74,26,74,24,64,0,0,0,0,0,0,0,0,26,74,26,74,24,64,0,0,0,0,0,0,0,0,26,74,26,74,24,64,0,0,0,0,0,0,0,0,26,74,26,74,24,64,0,0,0,0,0,0,0,0,26,74,26,74,24,64,0,0,0,0,0,0,0,0
301,0,1000,0,0,1000,0,1000,26,74,26,74,24,64,0,0,0,0,0,0,0,0,26,74,26,74,24,64,0,0,0,0,0,0,0,0,26,74,26,74,24,64,0,0,0,0,0,0,0,0,26,74,26,74,24,64,0,0,0,0,0,0,0,0,26,74,26,74,24,64,0,0,0,0,0,0,0,0,26,74,26,74,24,64,0,0,0,0,0,0,0,0
302,0,1000,0,0,1000,0,1000,26,74,26,74,24,64,25024,92,0,0,0,0,25024,92,26,74,26,74,24,64,25024,92,0,0,0,0,25024,92,26,74,26,74,24,64,25024,92,0,0,0,0,25024,92,26,74,26,74,24,64,25024,92,0,0,0,0,25024,92,26,74,26,74,24,64,25024,92,0,0,0,0,25024,92,26,74,26,74,24,64,25024,92,0,0,0,0,25024,92
303,0,1000,0,0,1000,0,1000,26,74,26,74,24,64,0,0,0,0,0,0,0,0,26,74,26,74,24,64,0,0,0,0,0,0,0,0,26,74,26,74,24,64,0,0,0,0,0,0,0,0,26,74,26,74,24,64,0,0,0,0,0,0,0,0,26,74,26,74,24,64,0,0,0,0,0,0,0,0,26,74,26,74,24,64,0,0,0,0,0,0,0,0

digraph G {
  rankdir=BT;
  style=filled;
  color=lightgrey;
  node [shape=box,style=filled,color=white];
  b_HJQ479otc [label="H(JQ/479ot/c)\nt=32 id=761"];
  b_HuD3EaTQ5ox [label="H(uD3EaTQ5ox)\nt=42 id=788"];
  b_H2VRwYrGaq [label="H(2/VRwYrGaq)\nt=24 id=261"];
  b_HtndzCEzABd [label="H(tndzCEzABd)\nt=55 id=638"];
  b_HR7tTFZuIPt [label="H(R7tTFZuIPt)\nt=22 id=498"];
  b_HBJSSDgkvo [label="H(BJS+SDgkvo)\nt=66 id=515"];
  b_HtXsTIZsUQb [label="H(tXsTIZsUQb)\nt=19 id=887"];
  b_HQrBMt37ODr [label="H(QrBMt37ODr)\nt=41 id=260"];
  b_HhBNv7vQaN [label="H(h/BNv7vQaN)\nt=27 id=225"];
  b_HeCzzUmHVoO [label="H(eCzzUmHVoO)\nt=17 id=52"];
  b_HO25Nbym8jZ [label="H(O25Nbym8jZ)\nt=20 id=762"];
  b_HxXyVeTDR8T [label="H(xXyVeTDR8T)\nt=3 id=290"];
  b_HtfjqBmd7q [label="H(tfjq+Bmd7q)\n"];
  b_Hc0A2pMehRP [label="H(c0A2pMehRP)\nt=44 id=220"];
  b_HmuTHH6ItZ4 [label="H(muTHH6ItZ4)\nt=50 id=372"];
  b_HHgp1uvVpm4 [label="H(Hgp1uvVpm4)\nt=64 id=157"];
  b_Htca2AY7F [label="H(tca2+A+Y7F)\nt=74 id=321"];
  b_HXrbsMm91J [label="H(Xrb+sMm91J)\nt=18 id=838"];
  b_HOsONhZwlgX [label="H(OsONhZwlgX)\nt=54 id=968"];
  b_HdHeCBIfZQ [label="H(dHeCBI/fZQ)\nt=61 id=424"];
  b_H7D9CgKZ5tv [label="H(7D9CgKZ5tv)\nt=56 id=571"];
  b_HBzqjlSy0tF [label="H(BzqjlSy0tF)\nt=26 id=614"];
  b_H2PYnwLknHp [label="H(2PYnwLknHp)\nt=34 id=990"];
  b_H4BbuoNeC6 [label="H(4Bbu+oNeC6)\nt=62 id=154"];
  b_HhaFHsbh0sx [label="H(haFHsbh0sx)\nt=37 id=1"];
  b_HmxKFSagKv [label="H(mxKFSa+gKv)\nt=21 id=244"];
  b_HfyP13iAcw [label="H(f+yP13iAcw)\nt=36 id=80"];
  b_HJQ479otc -> b_HhBNv7vQaN;
  b_HuD3EaTQ5ox -> b_HQrBMt37ODr;
  b_H2VRwYrGaq -> b_HR7tTFZuIPt;
  b_HtndzCEzABd -> b_HOsONhZwlgX;
  b_HR7tTFZuIPt -> b_HmxKFSagKv;
  b_HBJSSDgkvo -> b_HHgp1uvVpm4;
  b_HtXsTIZsUQb -> b_HXrbsMm91J;
  b_HQrBMt37ODr -> b_HhaFHsbh0sx;
  b_HhBNv7vQaN -> b_HBzqjlSy0tF;
  b_HeCzzUmHVoO -> b_HxXyVeTDR8T;
  b_HO25Nbym8jZ -> b_HtXsTIZsUQb;
  b_HxXyVeTDR8T -> b_HtfjqBmd7q;
  b_Hc0A2pMehRP -> b_HuD3EaTQ5ox;
  b_HmuTHH6ItZ4 -> b_Hc0A2pMehRP;
  b_HHgp1uvVpm4 -> b_H4BbuoNeC6;
  b_Htca2AY7F -> b_HBJSSDgkvo;
  b_HXrbsMm91J -> b_HeCzzUmHVoO;
  b_HOsONhZwlgX -> b_HmuTHH6ItZ4;
  b_HdHeCBIfZQ -> b_H7D9CgKZ5tv;
  b_H7D9CgKZ5tv -> b_HtndzCEzABd;
  b_HBzqjlSy0tF -> b_H2VRwYrGaq;
  b_H2PYnwLknHp -> b_HJQ479otc;
  b_H4BbuoNeC6 -> b_HdHeCBIfZQ;
  b_HhaFHsbh0sx -> b_HfyP13iAcw;
  b_HmxKFSagKv -> b_HO25Nbym8jZ;
  b_HfyP13iAcw -> b_H2PYnwLknHp;
  v_HyUyzu0pwev [label="id=101 t=75"];
  v_HyUyzu0pwev -> b_Htca2AY7F;
  v_HO5fEsiJNkj [label="id=400 t=75"];
  v_HO5fEsiJNkj -> b_Htca2AY7F;
  v_HrNmNpdBi0 [label="id=214 t=75"];
  v_HrNmNpdBi0 -> b_Htca2AY7F;
  v_HoAO3ZoxtIA [label="id=711 t=75"];
  v_HoAO3ZoxtIA -> b_Htca2AY7F;
  v_HtNIr0F5 [label="id=68 t=75"];
  v_HtNIr0F5 -> b_Htca2AY7F;
  v_HGNIOiS2wwV [label="id=967 t=75"];
  v_HGNIOiS2wwV -> b_Htca2AY7F;
  v_HeSMx1m6pXv [label="id=861 t=75"];
  v_HeSMx1m6pXv -> b_Htca2AY7F;
  v_HSj8OXJPIlp [label="id=736 t=75"];
  v_HSj8OXJPIlp -> b_Htca2AY7F;
  v_H7f0QTQJuO [label="id=943 t=75"];
  v_H7f0QTQJuO -> b_Htca2AY7F;
  v_HKnxnrFTV [label="id=537 t=75"];
  v_HKnxnrFTV -> b_Htca2AY7F;
  v_HGdVpXE107t [label="id=455 t=75"];
  v_HGdVpXE107t -> b_Htca2AY7F;
  v_HMjwcJ1o49q [label="id=340 t=75"];
  v_HMjwcJ1o49q -> b_Htca2AY7F;
  v_HTIGPcTxLQn [label="id=954 t=75"];
  v_HTIGPcTxLQn -> b_Htca2AY7F;
  v_HyXzkpFKc3O [label="id=623 t=75"];
  v_HyXzkpFKc3O -> b_Htca2AY7F;
  v_HmU02MIYbc [label="id=867 t=75"];
  v_HmU02MIYbc -> b_Htca2AY7F;
  v_H9JanDbMkU [label="id=706 t=75"];
  v_H9JanDbMkU -> b_Htca2AY7F;
  v_HpDwVB2gGD5 [label="id=393 t=75"];
  v_HpDwVB2gGD5 -> b_Htca2AY7F;
  v_HNwhU3q9FK [label="id=973 t=75"];
  v_HNwhU3q9FK -> b_Htca2AY7F;
  v_HKbo0okCt0A [label="id=413 t=75"];
  v_HKbo0okCt0A -> b_Htca2AY7F;
  v_HgPvAFcdZxQ [label="id=328 t=75"];
  v_HgPvAFcdZxQ -> b_Htca2AY7F;
  v_HbSYzPO5aNT [label="id=348 t=75"];
  v_HbSYzPO5aNT -> b_Htca2AY7F;
  v_Hs8oOvqUFKF [label="id=485 t=75"];
  v_Hs8oOvqUFKF -> b_Htca2AY7F;
  v_HmculmJgdEx [label="id=34 t=75"];
  v_HmculmJgdEx -> b_Htca2AY7F;
  v_Hu1babQvHH [label="id=787 t=75"];
  v_Hu1babQvHH -> b_Htca2AY7F;
  v_H6UPektNHbr [label="id=559 t=75"];
  v_H6UPektNHbr -> b_Htca2AY7F;
  v_HlzsPg0vsGQ [label="id=739 t=75"];
  v_HlzsPg0vsGQ -> b_Htca2AY7F;
  v_HdPPSrIVM6C [label="id=254 t=75"];
  v_HdPPSrIVM6C -> b_Htca2AY7F;
  v_H2IuUy6pgU [label="id=105 t=75"];
  v_H2IuUy6pgU -> b_Htca2AY7F;
  v_H7zaxXQCdQq [label="id=710 t=75"];
  v_H7zaxXQCdQq -> b_Htca2AY7F;
  v_HQFtbuwKauL [label="id=551 t=75"];
  v_HQFtbuwKauL -> b_Htca2AY7F;
  v_HbnyeMPIZvJ [label="id=719 t=75"];
  v_HbnyeMPIZvJ -> b_Htca2AY7F;
  v_HDcl4tEwYki [label="id=621 t=75"];
  v_HDcl4tEwYki -> b_Htca2AY7F;
  v_HHWrddNVkWO [label="id=745 t=75"];
  v_HHWrddNVkWO -> b_Htca2AY7F;
  v_HUtxggzurY0 [label="id=824 t=75"];
  v_HUtxggzurY0 -> b_Htca2AY7F;
  v_H4x8rt6QnDX [label="id=74 t=75"];
  v_H4x8rt6QnDX -> b_Htca2AY7F;
  v_HKgfIRX8y8h [label="id=695 t=75"];
  v_HKgfIRX8y8h -> b_Htca2AY7F;
  v_HlYw7AHKTpa [label="id=503 t=75"];
  v_HlYw7AHKTpa -> b_Htca2AY7F;
  v_H83ulU6Vx [label="id=419 t=75"];
  v_H83ulU6Vx -> b_Htca2AY7F;
  v_HLgZ65Es6pY [label="id=792 t=75"];
  v_HLgZ65Es6pY -> b_Htca2AY7F;
  v_HnHOfXEpKB [label="id=53 t=75"];
  v_HnHOfXEpKB -> b_Htca2AY7F;
  v_HnfZaQPRDEb [label="id=727 t=75"];
  v_HnfZaQPRDEb -> b_Htca2AY7F;
  v_HZA1jTsoyOB [label="id=643 t=75"];
  v_HZA1jTsoyOB -> b_Htca2AY7F;
  v_HPnxwEoE2Zs [label="id=295 t=75"];
  v_HPnxwEoE2Zs -> b_Htca2AY7F;
  v_HYZKpjXmfA1 [label="id=896 t=75"];
  v_HYZKpjXmfA1 -> b_Htca2AY7F;
  v_HfRb9T0mUES [label="id=755 t=75"];
  v_HfRb9T0mUES -> b_Htca2AY7F;
  v_HiJX4K9IAw [label="id=61 t=75"];
  v_HiJX4K9IAw -> b_Htca2AY7F;
  v_HvAelmYhhRv [label="id=431 t=75"];
  v_HvAelmYhhRv -> b_Htca2AY7F;
  v_H0dHe1y86ym [label="id=461 t=75"];
  v_H0dHe1y86ym -> b_Htca2AY7F;
  v_HpCxViqXqzM [label="id=586 t=75"];
  v_HpCxViqXqzM -> b_Htca2AY7F;
  v_HFg5OqJ6zM [label="id=962 t=75"];
  v_HFg5OqJ6zM -> b_Htca2AY7F;
  v_HIb4hUuMjx3 [label="id=189 t=75"];
  v_HIb4hUuMjx3 -> b_Htca2AY7F;
  v_HrScrJjHR [label="id=580 t=75"];
  v_HrScrJjHR -> b_Htca2AY7F;
  v_HtZYZaMeMH [label="id=453 t=75"];
  v_HtZYZaMeMH -> b_Htca2AY7F;
  v_HxqG1O2N9p [label="id=529 t=75"];
  v_HxqG1O2N9p -> b_Htca2AY7F;
  v_HmzeRyKjrxA [label="id=145 t=75"];
  v_HmzeRyKjrxA -> b_Htca2AY7F;
  v_HlwHp3yZbek [label="id=684 t=75"];
  v_HlwHp3yZbek -> b_Htca2AY7F;
  v_HaWq9KT6QhH [label="id=221 t=75"];
  v_HaWq9KT6QhH -> b_Htca2AY7F;
  v_HEbWTgQK5u [label="id=405 t=75"];
  v_HEbWTgQK5u -> b_Htca2AY7F;
  v_H28JhlBQYF [label="id=897 t=75"];
  v_H28JhlBQYF -> b_Htca2AY7F;
  v_Hn3hulpamHg [label="id=506 t=75"];
  v_Hn3hulpamHg -> b_Htca2AY7F;
  v_HJTXuUlwzv [label="id=608 t=75"];
  v_HJTXuUlwzv -> b_Htca2AY7F;
  v_Hvr7sNjDyO [label="id=41 t=75"];
  v_Hvr7sNjDyO -> b_Htca2AY7F;
  v_HI93Poban0E [label="id=5 t=75"];
  v_HI93Poban0E -> b_Htca2AY7F;
  v_Huu2R8lWfnn [label="id=290 t=75"];
  v_Huu2R8lWfnn -> b_Htca2AY7F;
  v_H9hEH7ijwBj [label="id=577 t=75"];
  v_H9hEH7ijwBj -> b_Htca2AY7F;
  v_HBrsz3TEMfV [label="id=953 t=75"];
  v_HBrsz3TEMfV -> b_Htca2AY7F;
  v_HG6dgYgIXvs [label="id=693 t=75"];
  v_HG6dgYgIXvs -> b_Htca2AY7F;
  v_HnlfLpCYokb [label="id=397 t=75"];
  v_HnlfLpCYokb -> b_Htca2AY7F;
  v_HG3m0YDepxZ [label="id=104 t=75"];
  v_HG3m0YDepxZ -> b_Htca2AY7F;
  v_HuuX29QUmK [label="id=191 t=75"];
  v_HuuX29QUmK -> b_Htca2AY7F;
  v_HRJgfowWoy [label="id=738 t=75"];
  v_HRJgfowWoy -> b_Htca2AY7F;
  v_Hn8i8TqMFmT [label="id=203 t=75"];
  v_Hn8i8TqMFmT -> b_Htca2AY7F;
  v_HiieBFRqexY [label="id=309 t=75"];
  v_HiieBFRqexY -> b_Htca2AY7F;
  v_HzoIr68QdII [label="id=749 t=75"];
  v_HzoIr68QdII -> b_Htca2AY7F;
  v_HDZTnNmKu4P [label="id=406 t=75"];
  v_HDZTnNmKu4P -> b_Htca2AY7F;
  v_HLYGhcjx67J [label="id=267 t=75"];
  v_HLYGhcjx67J -> b_Htca2AY7F;
  v_Hvl8maEtcD5 [label="id=82 t=75"];
  v_Hvl8maEtcD5 -> b_Htca2AY7F;
  v_HZyilvUWQZb [label="id=263 t=75"];
  v_HZyilvUWQZb -> b_Htca2AY7F;
  v_HoT5vORosNj [label="id=573 t=75"];
  v_HoT5vORosNj -> b_Htca2AY7F;
  v_HaYE5YZWmOw [label="id=233 t=75"];
  v_HaYE5YZWmOw -> b_Htca2AY7F;
  v_HIWmKPWhPVI [label="id=304 t=75"];
  v_HIWmKPWhPVI -> b_Htca2AY7F;
  v_HGUDYIh7y [label="id=96 t=75"];
  v_HGUDYIh7y -> b_Htca2AY7F;
  v_Hvx7RCiaNM1 [label="id=639 t=75"];
  v_Hvx7RCiaNM1 -> b_Htca2AY7F;
  v_HRuFx3dvNdU [label="id=325 t=75"];
  v_HRuFx3dvNdU -> b_Htca2AY7F;
  v_H8zDYahCDbS [label="id=909 t=75"];
  v_H8zDYahCDbS -> b_Htca2AY7F;
  v_HLpYyfEYunG [label="id=4 t=75"];
  v_HLpYyfEYunG -> b_Htca2AY7F;
  v_Hsqj3qsn2og [label="id=605 t=75"];
  v_Hsqj3qsn2og -> b_Htca2AY7F;
  v_HYbrTxDE5T7 [label="id=291 t=75"];
  v_HYbrTxDE5T7 -> b_Htca2AY7F;
  v_HOvMA3x0YpE [label="id=7 t=75"];
  v_HOvMA3x0YpE -> b_Htca2AY7F;
  v_HdFBAOWqNds [label="id=757 t=75"];
  v_HdFBAOWqNds -> b_Htca2AY7F;
  v_H0CzVDMVZE3 [label="id=94 t=75"];
  v_H0CzVDMVZE3 -> b_Htca2AY7F;
  v_HgU9C9OeUJ [label="id=242 t=75"];
  v_HgU9C9OeUJ -> b_Htca2AY7F;
}


ALWAYS AWAKE final ledgers: 26 74 26 74 24 64
ALWAYS AWAKE total communication: 7260215 7691
ALWAYS AWAKE blocks communication: 2087561 26
ALWAYS AWAKE votes communication: 2074816 7628
ALWAYS AWAKE proposals communication: 3097838 37
