r,n_asleep,n_awake,n_honest_asleep,n_honest_dreamy,n_honest_awake,n_adversary,n_all,party0_ledger_best_length,party0_ledger_best_age,party0_ledger_fast_length,party0_ledger_fast_age,party0_ledger_slow_length,party0_ledger_slow_age,party0_comms_all_size,party0_comms_all_count,party0_comms_proposal_size,party0_comms_proposal_count,party0_comms_piece_block_size,party0_comms_piece_block_count,party0_comms_piece_vote_size,party0_comms_piece_vote_count,party1_ledger_best_length,party1_ledger_best_age,party1_ledger_fast_length,party1_ledger_fast_age,party1_ledger_slow_length,party1_ledger_slow_age,party1_comms_all_size,party1_comms_all_count,party1_comms_proposal_size,party1_comms_proposal_count,party1_comms_piece_block_size,party1_comms_piece_block_count,party1_comms_piece_vote_size,party1_comms_piece_vote_count,party2_ledger_best_length,party2_ledger_best_age,party2_ledger_fast_length,party2_ledger_fast_age,party2_ledger_slow_length,party2_ledger_slow_age,party2_comms_all_size,party2_comms_all_count,party2_comms_proposal_size,party2_comms_proposal_count,party2_comms_piece_block_size,party2_comms_piece_block_count,party2_comms_piece_vote_size,party2_comms_piece_vote_count,party3_ledger_best_length,party3_ledger_best_age,party3_ledger_fast_length,party3_ledger_fast_age,party3_ledger_slow_length,party3_ledger_slow_age,party3_comms_all_size,party3_comms_all_count,party3_comms_proposal_size,party3_comms_proposal_count,party3_comms_piece_block_size,party3_comms_piece_block_count,party3_comms_piece_vote_size,party3_comms_piece_vote_count,party4_ledger_best_length,party4_ledger_best_age,party4_ledger_fast_length,party4_ledger_fast_age,party4_ledger_slow_length,party4_ledger_slow_age,party4_comms_all_size,party4_comms_all_count,party4_comms_proposal_size,party4_comms_proposal_count,party4_comms_piece_block_size,party4_comms_piece_block_count,party4_comms_piece_vote_size,party4_comms_piece_vote_count,partyALWAYSAWAKE_ledger_best_length,partyALWAYSAWAKE_ledger_best_age,partyALWAYSAWAKE_ledger_fast_length,partyALWAYSAWAKE_ledger_fast_age,partyALWAYSAWAKE_ledger_slow_length,partyALWAYSAWAKE_ledger_slow_age,partyALWAYSAWAKE_comms_all_size,partyALWAYSAWAKE_comms_all_count,partyALWAYSAWAKE_comms_proposal_size,partyALWAYSAWAKE_comms_proposal_count,partyALWAYSAWAKE_comms_piece_block_size,partyALWAYSAWAKE_comms_piece_block_count,partyALWAYSAWAKE_comms_piece_vote_size,partyALWAYSAWAKE_comms_piece_vote_count
4,0,1000,0,0,1000,0,1000,0,0,0,0,0,0,0,0,0,0,0,0,0,0,0,0,0,0,0,0,0,0,0,0,0,0,0,0,0,0,0,0,0,0,0,0,0,0,0,0,0,0,0,0,0,0,0,0,0,0,0,0,0,0,0,0,0,0,0,0,0,0,0,0,0,0,0,0,0,0,0,0,0,0,0,0,0,0,0,0,0,0,0,0
5,0,1000,0,0,1000,0,1000,0,0,0,0,0,0,9634,22,9634,22,0,0,0,0,0,0,0,0,0,0,9634,22,9634,22,0,0,0,0,0,0,0,0,0,0,9634,22,9634,22,0,0,0,0,0,0,0,0,0,0,9634,22,9634,22,0,0,0,0,0,0,0,0,0,0,9634,22,9634,22,0,0,0,0,0,0,0,0,0,0,9634,22,9634,22,0,0,0,0
6,0,1000,0,0,1000,0,1000,1,1,1,1,0,0,27217,100,0,0,289,1,26928,99,1,1,1,1,0,0,27217,100,0,0,289,1,26928,99,1,1,1,1,0,0,27217,100,0,0,289,1,26928,99,1,1,1,1,0,0,27217,100,0,0,289,1,26928,99,1,1,1,1,0,0,27217,100,0,0,289,1,26928,99,1,1,1,1,0,0,27217,100,0,0,289,1,26928,99
7,0,1000,0,0,1000,0,1000,1,1,1,1,0,0,0,0,0,0,0,0,0,0,1,1,1,1,0,0,0,0,0,0,0,0,0,0,1,1,1,1,0,0,0,0,0,0,0,0,0,0,1,1,1,1,0,0,0,0,0,0,0,0,0,0,1,1,1,1,0,0,0,0,0,0,0,0,0,0,1,1,1,1,0,0,0,0,0,0,0,0,0,0
8,0,1000,0,0,1000,0,1000,1,1,1,1,0,0,0,0,0,0,0,0,0,0,1,1,1,1,0,0,0,0,0,0,0,0,0,0,1,1,1,1,0,0,0,0,0,0,0,0,0,0,1,1,1,1,0,0,0,0,0,0,0,0,0,0,1,1,1,1,0,0,0,0,0,0,0,0,0,0,1,1,1,1,0,0,0,0,0,0,0,0,0,0
9,0,1000,0,0,1000,0,1000,1,1,1,1,0,0,82936,23,82936,23,0,0,0,0,1,1,1,1,0,0,82936,23,82936,23,0,0,0,0,1,1,1,1,0,0,82936,23,82936,23,0,0,0,0,1,1,1,1,0,0,82936,23,82936,23,0,0,0,0,1,1,1,1,0,0,82936,23,82936,23,0,0,0,0,1,1,1,1,0,0,82936,23,82936,23,0,0,0,0
10,0,1000,0,0,1000,0,1000,2,2,2,2,0,0,31298,115,0,0,290,1,31008,114,2,2,2,2,0,0,31298,115,0,0,290,1,31008,114,2,2,2,2,0,0,31298,115,0,0,290,1,31008,114,2,2,2,2,0,0,31298,115,0,0,290,1,31008,114,2,2,2,2,0,0,31298,115,0,0,290,1,31008,114,2,2,2,2,0,0,31298,115,0,0,290,1,31008,114
11,0,1000,0,0,1000,0,1000,2,2,2,2,0,0,0,0,0,0,0,0,0,0,2,2,2,2,0,0,0,0,0,0,0,0,0,0,2,2,2,2,0,0,0,0,0,0,0,0,0,0,2,2,2,2,0,0,0,0,0,0,0,0,0,0,2,2,2,2,0,0,0,0,0,0,0,0,0,0,2,2,2,2,0,0,0,0,0,0,0,0,0,0
12,0,1000,0,0,1000,0,1000,2,2,2,2,0,0,0,0,0,0,0,0,0,0,2,2,2,2,0,0,0,0,0,0,0,0,0,0,2,2,2,2,0,0,0,0,0,0,0,0,0,0,2,2,2,2,0,0,0,0,0,0,0,0,0,0,2,2,2,2,0,0,0,0,0,0,0,0,0,0,2,2,2,2,0,0,0,0,0,0,0,0,0,0
13,0,1000,0,0,1000,0,1000,2,2,2,2,0,0,93976,23,93976,23,0,0,0,0,2,2,2,2,0,0,93976,23,93976,23,0,0,0,0,2,2,2,2,0,0,93976,23,93976,23,0,0,0,0,2,2,2,2,0,0,93976,23,93976,23,0,0,0,0,2,2,2,2,0,0,93976,23,93976,23,0,0,0,0,2,2,2,2,0,0,93976,23,93976,23,0,0,0,0
14,0,1000,0,0,1000,0,1000,3,3,3,3,0,0,31026,114,0,0,290,1,30736,113,3,3,3,3,0,0,31026,114,0,0,290,1,30736,113,3,3,3,3,0,0,31026,114,0,0,290,1,30736,113,3,3,3,3,0,0,31026,114,0,0,290,1,30736,113,3,3,3,3,0,0,31026,114,0,0,290,1,30736,113,3,3,3,3,0,0,31026,114,0,0,290,1,30736,113
15,0,1000,0,0,1000,0,1000,3,3,3,3,0,0,0,0,0,0,0,0,0,0,3,3,3,3,0,0,0,0,0,0,0,0,0,0,3,3,3,3,0,0,0,0,0,0,0,0,0,0,3,3,3,3,0,0,0,0,0,0,0,0,0,0,3,3,3,3,0,0,0,0,0,0,0,0,0,0,3,3,3,3,0,0,0,0,0,0,0,0,0,0
16,0,1000,0,0,1000,0,1000,3,3,3,3,0,0,0,0,0,0,0,0,0,0,3,3,3,3,0,0,0,0,0,0,0,0,0,0,3,3,3,3,0,0,0,0,0,0,0,0,0,0,3,3,3,3,0,0,0,0,0,0,0,0,0,0,3,3,3,3,0,0,0,0,0,0,0,0,0,0,3,3,3,3,0,0,0,0,0,0,0,0,0,0
17,0,1000,0,0,1000,0,1000,3,3,3,3,0,0,68917,17,68917,17,0,0,0,0,3,3,3,3,0,0,68917,17,68917,17,0,0,0,0,3,3,3,3,0,0,68917,17,68917,17,0,0,0,0,3,3,3,3,0,0,68917,17,68917,17,0,0,0,0,3,3,3,3,0,0,68917,17,68917,17,0,0,0,0,3,3,3,3,0,0,68917,17,68917,17,0,0,0,0
18,0,1000,0,0,1000,0,1000,4,4,4,4,0,0,23410,86,0,0,290,1,23120,85,4,4,4,4,0,0,23410,86,0,0,290,1,23120,85,4,4,4,4,0,0,23410,86,0,0,290,1,23120,85,4,4,4,4,0,0,23410,86,0,0,290,1,23120,85,4,4,4,4,0,0,23410,86,0,0,290,1,23120,85,4,4,4,4,0,0,23410,86,0,0,290,1,23120,85
19,0,1000,0,0,1000,0,1000,4,4,4,4,0,0,0,0,0,0,0,0,0,0,4,4,4,4,0,0,0,0,0,0,0,0,0,0,4,4,4,4,0,0,0,0,0,0,0,0,0,0,4,4,4,4,0,0,0,0,0,0,0,0,0,0,4,4,4,4,0,0,0,0,0,0,0,0,0,0,4,4,4,4,0,0,0,0,0,0,0,0,0,0
20,0,1000,0,0,1000,0,1000,4,4,4,4,0,0,0,0,0,0,0,0,0,0,4,4,4,4,0,0,0,0,0,0,0,0,0,0,4,4,4,4,0,0,0,0,0,0,0,0,0,0,4,4,4,4,0,0,0,0,0,0,0,0,0,0,4,4,4,4,0,0,0,0,0,0,0,0,0,0,4,4,4,4,0,0,0,0,0,0,0,0,0,0
21,0,1000,0,0,1000,0,1000,4,4,4,4,0,0,66315,21,66315,21,0,0,0,0,4,4,4,4,0,0,66315,21,66315,21,0,0,0,0,4,4,4,4,0,0,66315,21,66315,21,0,0,0,0,4,4,4,4,0,0,66315,21,66315,21,0,0,0,0,4,4,4,4,0,0,66315,21,66315,21,0,0,0,0,4,4,4,4,0,0,66315,21,66315,21,0,0,0,0
22,0,1000,0,0,1000,0,1000,5,5,5,5,0,0,24770,91,0,0,290,1,24480,90,5,5,5,5,0,0,24770,91,0,0,290,1,24480,90,5,5,5,5,0,0,24770,91,0,0,290,1,24480,90,5,5,5,5,0,0,24770,91,0,0,290,1,24480,90,5,5,5,5,0,0,24770,91,0,0,290,1,24480,90,5,5,5,5,0,0,24770,91,0,0,290,1,24480,90
23,0,1000,0,0,1000,0,1000,5,5,5,5,0,0,0,0,0,0,0,0,0,0,5,5,5,5,0,0,0,0,0,0,0,0,0,0,5,5,5,5,0,0,0,0,0,0,0,0,0,0,5,5,5,5,0,0,0,0,0,0,0,0,0,0,5,5,5,5,0,0,0,0,0,0,0,0,0,0,5,5,5,5,0,0,0,0,0,0,0,0,0,0
24,0,1000,0,0,1000,0,1000,5,5,5,5,0,0,0,0,0,0,0,0,0,0,5,5,5,5,0,0,0,0,0,0,0,0,0,0,5,5,5,5,0,0,0,0,0,0,0,0,0,0,5,5,5,5,0,0,0,0,0,0,0,0,0,0,5,5,5,5,0,0,0,0,0,0,0,0,0,0,5,5,5,5,0,0,0,0,0,0,0,0,0,0
25,0,1000,0,0,1000,0,1000,5,5,5,5,0,0,112808,34,112808,34,0,0,0,0,5,5,5,5,0,0,112808,34,112808,34,0,0,0,0,5,5,5,5,0,0,112808,34,112808,34,0,0,0,0,5,5,5,5,0,0,112808,34,112808,34,0,0,0,0,5,5,5,5,0,0,112808,34,112808,34,0,0,0,0,5,5,5,5,0,0,112808,34,112808,34,0,0,0,0
26,0,1000,0,0,1000,0,1000,6,6,6,6,0,0,31570,116,0,0,290,1,31280,115,6,6,6,6,0,0,31570,116,0,0,290,1,31280,115,6,6,6,6,0,0,31570,116,0,0,290,1,31280,115,6,6,6,6,0,0,31570,116,0,0,290,1,31280,115,6,6,6,6,0,0,31570,116,0,0,290,1,31280,115,6,6,6,6,0,0,31570,116,0,0,290,1,31280,115
27,0,1000,0,0,1000,0,1000,6,6,6,6,0,0,0,0,0,0,0,0,0,0,6,6,6,6,0,0,0,0,0,0,0,0,0,0,6,6,6,6,0,0,0,0,0,0,0,0,0,0,6,6,6,6,0,0,0,0,0,0,0,0,0,0,6,6,6,6,0,0,0,0,0,0,0,0,0,0,6,6,6,6,0,0,0,0,0,0,0,0,0,0
28,0,1000,0,0,1000,0,1000,6,6,6,6,0,0,0,0,0,0,0,0,0,0,6,6,6,6,0,0,0,0,0,0,0,0,0,0,6,6,6,6,0,0,0,0,0,0,0,0,0,0,6,6,6,6,0,0,0,0,0,0,0,0,0,0,6,6,6,6,0,0,0,0,0,0,0,0,0,0,6,6,6,6,0,0,0,0,0,0,0,0,0,0
29,0,1000,0,0,1000,0,1000,6,6,6,6,0,0,78237,19,78237,19,0,0,0,0,6,6,6,6,0,0,78237,19,78237,19,0,0,0,0,6,6,6,6,0,0,78237,19,78237,19,0,0,0,0,6,6,6,6,0,0,78237,19,78237,19,0,0,0,0,6,6,6,6,0,0,78237,19,78237,19,0,0,0,0,6,6,6,6,0,0,78237,19,78237,19,0,0,0,0
30,0,1000,0,0,1000,0,1000,7,7,7,7,0,0,21778,80,0,0,290,1,21488,79,7,7,7,7,0,0,21778,80,0,0,290,1,21488,79,7,7,7,7,0,0,21778,80,0,0,290,1,21488,79,7,7,7,7,0,0,21778,80,0,0,290,1,21488,79,7,7,7,7,0,0,21778,80,0,0,290,1,21488,79,7,7,7,7,0,0,21778,80,0,0,290,1,21488,79
31,0,1000,0,0,1000,0,1000,7,7,7,7,0,0,0,0,0,0,0,0,0,0,7,7,7,7,0,0,0,0,0,0,0,0,0,0,7,7,7,7,0,0,0,0,0,0,0,0,0,0,7,7,7,7,0,0,0,0,0,0,0,0,0,0,7,7,7,7,0,0,0,0,0,0,0,0,0,0,7,7,7,7,0,0,0,0,0,0,0,0,0,0
32,0,1000,0,0,1000,0,1000,7,7,7,7,0,0,0,0,0,0,0,0,0,0,7,7,7,7,0,0,0,0,0,0,0,0,0,0,7,7,7,7,0,0,0,0,0,0,0,0,0,0,7,7,7,7,0,0,0,0,0,0,0,0,0,0,7,7,7,7,0,0,0,0,0,0,0,0,0,0,7,7,7,7,0,0,0,0,0,0,0,0,0,0
33,0,1000,0,0,1000,0,1000,7,7,7,7,0,0,59320,20,59320,20,0,0,0,0,7,7,7,7,0,0,59320,20,59320,20,0,0,0,0,7,7,7,7,0,0,59320,20,59320,20,0,0,0,0,7,7,7,7,0,0,59320,20,59320,20,0,0,0,0,7,7,7,7,0,0,59320,20,59320,20,0,0,0,0,7,7,7,7,0,0,59320,20,59320,20,0,0,0,0
34,0,1000,0,0,1000,0,1000,8,8,8,8,0,0,32114,118,0,0,290,1,31824,117,8,8,8,8,0,0,32114,118,0,0,290,1,31824,117,8,8,8,8,0,0,32114,118,0,0,290,1,31824,117,8,8,8,8,0,0,32114,118,0,0,290,1,31824,117,8,8,8,8,0,0,32114,118,0,0,290,1,31824,117,8,8,8,8,0,0,32114,118,0,0,290,1,31824,117
35,0,1000,0,0,1000,0,1000,8,8,8,8,0,0,0,0,0,0,0,0,0,0,8,8,8,8,0,0,0,0,0,0,0,0,0,0,8,8,8,8,0,0,0,0,0,0,0,0,0,0,8,8,8,8,0,0,0,0,0,0,0,0,0,0,8,8,8,8,0,0,0,0,0,0,0,0,0,0,8,8,8,8,0,0,0,0,0,0,0,0,0,0
36,0,1000,0,0,1000,0,1000,8,8,8,8,0,0,0,0,0,0,0,0,0,0,8,8,8,8,0,0,0,0,0,0,0,0,0,0,8,8,8,8,0,0,0,0,0,0,0,0,0,0,8,8,8,8,0,0,0,0,0,0,0,0,0,0,8,8,8,8,0,0,0,0,0,0,0,0,0,0,8,8,8,8,0,0,0,0,0,0,0,0,0,0
37,0,1000,0,0,1000,0,1000,8,8,8,8,0,0,108731,26,108731,26,0,0,0,0,8,8,8,8,0,0,108731,26,108731,26,0,0,0,0,8,8,8,8,0,0,108731,26,108731,26,0,0,0,0,8,8,8,8,0,0,108731,26,108731,26,0,0,0,0,8,8,8,8,0,0,108731,26,108731,26,0,0,0,0,8,8,8,8,0,0,108731,26,108731,26,0,0,0,0
38,0,1000,0,0,1000,0,1000,9,9,9,9,0,0,24226,89,0,0,290,1,23936,88,9,9,9,9,0,0,24226,89,0,0,290,1,23936,88,9,9,9,9,0,0,24226,89,0,0,290,1,23936,88,9,9,9,9,0,0,24226,89,0,0,290,1,23936,88,9,9,9,9,0,0,24226,89,0,0,290,1,23936,88,9,9,9,9,0,0,24226,89,0,0,290,1,23936,88
39,0,1000,0,0,1000,0,1000,9,9,9,9,0,0,0,0,0,0,0,0,0,0,9,9,9,9,0,0,0,0,0,0,0,0,0,0,9,9,9,9,0,0,0,0,0,0,0,0,0,0,9,9,9,9,0,0,0,0,0,0,0,0,0,0,9,9,9,9,0,0,0,0,0,0,0,0,0,0,9,9,9,9,0,0,0,0,0,0,0,0,0,0
40,0,1000,0,0,1000,0,1000,9,9,9,9,0,0,0,0,0,0,0,0,0,0,9,9,9,9,0,0,0,0,0,0,0,0,0,0,9,9,9,9,0,0,0,0,0,0,0,0,0,0,9,9,9,9,0,0,0,0,0,0,0,0,0,0,9,9,9,9,0,0,0,0,0,0,0,0,0,0,9,9,9,9,0,0,0,0,0,0,0,0,0,0
41,0,1000,0,0,1000,0,1000,9,9,9,9,0,0,87882,27,87882,27,0,0,0,0,9,9,9,9,0,0,87882,27,87882,27,0,0,0,0,9,9,9,9,0,0,87882,27,87882,27,0,0,0,0,9,9,9,9,0,0,87882,27,87882,27,0,0,0,0,9,9,9,9,0,0,87882,27,87882,27,0,0,0,0,9,9,9,9,0,0,87882,27,87882,27,0,0,0,0
42,0,1000,0,0,1000,0,1000,10,10,10,10,0,0,26947,99,0,0,291,1,26656,98,10,10,10,10,0,0,26947,99,0,0,291,1,26656,98,10,10,10,10,0,0,26947,99,0,0,291,1,26656,98,10,10,10,10,0,0,26947,99,0,0,291,1,26656,98,10,10,10,10,0,0,26947,99,0,0,291,1,26656,98,10,10,10,10,0,0,26947,99,0,0,291,1,26656,98
43,0,1000,0,0,1000,0,1000,10,10,10,10,0,0,0,0,0,0,0,0,0,0,10,10,10,10,0,0,0,0,0,0,0,0,0,0,10,10,10,10,0,0,0,0,0,0,0,0,0,0,10,10,10,10,0,0,0,0,0,0,0,0,0,0,10,10,10,10,0,0,0,0,0,0,0,0,0,0,10,10,10,10,0,0,0,0,0,0,0,0,0,0
44,0,1000,0,0,1000,0,1000,10,10,10,10,0,0,0,0,0,0,0,0,0,0,10,10,10,10,0,0,0,0,0,0,0,0,0,0,10,10,10,10,0,0,0,0,0,0,0,0,0,0,10,10,10,10,0,0,0,0,0,0,0,0,0,0,10,10,10,10,0,0,0,0,0,0,0,0,0,0,10,10,10,10,0,0,0,0,0,0,0,0,0,0
45,0,1000,0,0,1000,0,1000,10,10,10,10,0,0,89374,25,89374,25,0,0,0,0,10,10,10,10,0,0,89374,25,89374,25,0,0,0,0,10,10,10,10,0,0,89374,25,89374,25,0,0,0,0,10,10,10,10,0,0,89374,25,89374,25,0,0,0,0,10,10,10,10,0,0,89374,25,89374,25,0,0,0,0,10,10,10,10,0,0,89374,25,89374,25,0,0,0,0
46,0,1000,0,0,1000,0,1000,11,11,11,11,0,0,24771,91,0,0,291,1,24480,90,11,11,11,11,0,0,24771,91,0,0,291,1,24480,90,11,11,11,11,0,0,24771,91,0,0,291,1,24480,90,11,11,11,11,0,0,24771,91,0,0,291,1,24480,90,11,11,11,11,0,0,24771,91,0,0,291,1,24480,90,11,11,11,11,0,0,24771,91,0,0,291,1,24480,90
47,0,1000,0,0,1000,0,1000,11,11,11,11,1,1,0,0,0,0,0,0,0,0,11,11,11,11,1,1,0,0,0,0,0,0,0,0,11,11,11,11,1,1,0,0,0,0,0,0,0,0,11,11,11,11,1,1,0,0,0,0,0,0,0,0,11,11,11,11,1,1,0,0,0,0,0,0,0,0,11,11,11,11,1,1,0,0,0,0,0,0,0,0
48,0,1000,0,0,1000,0,1000,11,11,11,11,1,1,0,0,0,0,0,0,0,0,11,11,11,11,1,1,0,0,0,0,0,0,0,0,11,11,11,11,1,1,0,0,0,0,0,0,0,0,11,11,11,11,1,1,0,0,0,0,0,0,0,0,11,11,11,11,1,1,0,0,0,0,0,0,0,0,11,11,11,11,1,1,0,0,0,0,0,0,0,0
49,0,1000,0,0,1000,0,1000,11,11,11,11,1,1,76335,23,76335,23,0,0,0,0,11,11,11,11,1,1,76335,23,76335,23,0,0,0,0,11,11,11,11,1,1,76335,23,76335,23,0,0,0,0,11,11,11,11,1,1,76335,23,76335,23,0,0,0,0,11,11,11,11,1,1,76335,23,76335,23,0,0,0,0,11,11,11,11,1,1,76335,23,76335,23,0,0,0,0
50,0,1000,0,0,1000,0,1000,12,12,12,12,1,1,27219,100,0,0,291,1,26928,99,12,12,12,12,1,1,27219,100,0,0,291,1,26928,99,12,12,12,12,1,1,27219,100,0,0,291,1,26928,99,12,12,12,12,1,1,27219,100,0,0,291,1,26928,99,12,12,12,12,1,1,27219,100,0,0,291,1,26928,99,12,12,12,12,1,1,27219,100,0,0,291,1,26928,99
51,0,1000,0,0,1000,0,1000,12,12,12,12,2,2,0,0,0,0,0,0,0,0,12,12,12,12,2,2,0,0,0,0,0,0,0,0,12,12,12,12,2,2,0,0,0,0,0,0,0,0,12,12,12,12,2,2,0,0,0,0,0,0,0,0,12,12,12,12,2,2,0,0,0,0,0,0,0,0,12,12,12,12,2,2,0,0,0,0,0,0,0,0
52,0,1000,0,0,1000,0,1000,12,12,12,12,2,2,0,0,0,0,0,0,0,0,12,12,12,12,2,2,0,0,0,0,0,0,0,0,12,12,12,12,2,2,0,0,0,0,0,0,0,0,12,12,12,12,2,2,0,0,0,0,0,0,0,0,12,12,12,12,2,2,0,0,0,0,0,0,0,0,12,12,12,12,2,2,0,0,0,0,0,0,0,0
53,0,1000,0,0,1000,0,1000,12,12,12,12,2,2,100990,28,100990,28,0,0,0,0,12,12,12,12,2,2,100990,28,100990,28,0,0,0,0,12,12,12,12,2,2,100990,28,100990,28,0,0,0,0,12,12,12,12,2,2,100990,28,100990,28,0,0,0,0,12,12,12,12,2,2,100990,28,100990,28,0,0,0,0,12,12,12,12,2,2,100990,28,100990,28,0,0,0,0
54,0,1000,0,0,1000,0,1000,13,13,13,13,2,2,27763,102,0,0,291,1,27472,101,13,13,13,13,2,2,27763,102,0,0,291,1,27472,101,13,13,13,13,2,2,27763,102,0,0,291,1,27472,101,13,13,13,13,2,2,27763,102,0,0,291,1,27472,101,13,13,13,13,2,2,27763,102,0,0,291,1,27472,101,13,13,13,13,2,2,27763,102,0,0,291,1,27472,101
55,0,1000,0,0,1000,0,1000,13,13,13,13,3,3,0,0,0,0,0,0,0,0,13,13,13,13,3,3,0,0,0,0,0,0,0,0,13,13,13,13,3,3,0,0,0,0,0,0,0,0,13,13,13,13,3,3,0,0,0,0,0,0,0,0,13,13,13,13,3,3,0,0,0,0,0,0,0,0,13,13,13,13,3,3,0,0,0,0,0,0,0,0
56,0,1000,0,0,1000,0,1000,13,13,13,13,3,3,0,0,0,0,0,0,0,0,13,13,13,13,3,3,0,0,0,0,0,0,0,0,13,13,13,13,3,3,0,0,0,0,0,0,0,0,13,13,13,13,3,3,0,0,0,0,0,0,0,0,13,13,13,13,3,3,0,0,0,0,0,0,0,0,13,13,13,13,3,3,0,0,0,0,0,0,0,0
57,0,1000,0,0,1000,0,1000,13,13,13,13,3,3,113795,31,113795,31,0,0,0,0,13,13,13,13,3,3,113795,31,113795,31,0,0,0,0,13,13,13,13,3,3,113795,31,113795,31,0,0,0,0,13,13,13,13,3,3,113795,31,113795,31,0,0,0,0,13,13,13,13,3,3,113795,31,113795,31,0,0,0,0,13,13,13,13,3,3,113795,31,113795,31,0,0,0,0
58,0,1000,0,0,1000,0,1000,14,14,14,14,3,3,26675,98,0,0,291,1,26384,97,14,14,14,14,3,3,26675,98,0,0,291,1,26384,97,14,14,14,14,3,3,26675,98,0,0,291,1,26384,97,14,14,14,14,3,3,26675,98,0,0,291,1,26384,97,14,14,14,14,3,3,26675,98,0,0,291,1,26384,97,14,14,14,14,3,3,26675,98,0,0,291,1,26384,97
59,0,1000,0,0,1000,0,1000,14,14,14,14,4,4,0,0,0,0,0,0,0,0,14,14,14,14,4,4,0,0,0,0,0,0,0,0,14,14,14,14,4,4,0,0,0,0,0,0,0,0,14,14,14,14,4,4,0,0,0,0,0,0,0,0,14,14,14,14,4,4,0,0,0,0,0,0,0,0,14,14,14,14,4,4,0,0,0,0,0,0,0,0
60,0,1000,0,0,1000,0,1000,14,14,14,14,4,4,0,0,0,0,0,0,0,0,14,14,14,14,4,4,0,0,0,0,0,0,0,0,14,14,14,14,4,4,0,0,0,0,0,0,0,0,14,14,14,14,4,4,0,0,0,0,0,0,0,0,14,14,14,14,4,4,0,0,0,0,0,0,0,0,14,14,14,14,4,4,0,0,0,0,0,0,0,0
61,0,1000,0,0,1000,0,1000,14,14,14,14,4,4,81484,23,81484,23,0,0,0,0,14,14,14,14,4,4,81484,23,81484,23,0,0,0,0,14,14,14,14,4,4,81484,23,81484,23,0,0,0,0,14,14,14,14,4,4,81484,23,81484,23,0,0,0,0,14,14,14,14,4,4,81484,23,81484,23,0,0,0,0,14,14,14,14,4,4,81484,23,81484,23,0,0,0,0
62,0,1000,0,0,1000,0,1000,15,15,15,15,4,4,26403,97,0,0,291,1,26112,96,15,15,15,15,4,4,26403,97,0,0,291,1,26112,96,15,15,15,15,4,4,26403,97,0,0,291,1,26112,96,15,15,15,15,4,4,26403,97,0,0,291,1,26112,96,15,15,15,15,4,4,26403,97,0,0,291,1,26112,96,15,15,15,15,4,4,26403,97,0,0,291,1,26112,96
63,0,1000,0,0,1000,0,1000,15,15,15,15,5,5,0,0,0,0,0,0,0,0,15,15,15,15,5,5,0,0,0,0,0,0,0,0,15,15,15,15,5,5,0,0,0,0,0,0,0,0,15,15,15,15,5,5,0,0,0,0,0,0,0,0,15,15,15,15,5,5,0,0,0,0,0,0,0,0,15,15,15,15,5,5,0,0,0,0,0,0,0,0
64,0,1000,0,0,1000,0,1000,15,15,15,15,5,5,0,0,0,0,0,0,0,0,15,15,15,15,5,5,0,0,0,0,0,0,0,0,15,15,15,15,5,5,0,0,0,0,0,0,0,0,15,15,15,15,5,5,0,0,0,0,0,0,0,0,15,15,15,15,5,5,0,0,0,0,0,0,0,0,15,15,15,15,5,5,0,0,0,0,0,0,0,0
65,900,100,900,0,100,0,1000,15,15,15,15,5,5,66706,19,66706,19,0,0,0,0,15,15,15,15,5,5,66706,19,66706,19,0,0,0,0,15,15,15,15,5,5,66706,19,66706,19,0,0,0,0,15,15,15,15,5,5,66706,19,66706,19,0,0,0,0,15,15,15,15,5,5,66706,19,66706,19,0,0,0,0,15,15,15,15,5,5,66706,19,66706,19,0,0,0,0
66,900,100,900,0,100,0,1000,15,15,15,15,5,5,2194,8,0,0,290,1,1904,7,15,15,15,15,5,5,2194,8,0,0,290,1,1904,7,15,15,15,15,5,5,2194,8,0,0,290,1,1904,7,15,15,15,15,5,5,2194,8,0,0,290,1,1904,7,15,15,15,15,5,5,2194,8,0,0,290,1,1904,7,15,15,15,15,5,5,2194,8,0,0,290,1,1904,7
67,900,100,900,0,100,0,1000,15,15,15,15,5,5,0,0,0,0,0,0,0,0,15,15,15,15,5,5,0,0,0,0,0,0,0,0,15,15,15,15,5,5,0,0,0,0,0,0,0,0,15,15,15,15,5,5,0,0,0,0,0,0,0,0,15,15,15,15,5,5,0,0,0,0,0,0,0,0,15,15,15,15,6,6,0,0,0,0,0,0,0,0
68,900,100,900,0,100,0,1000,15,15,15,15,5,5,0,0,0,0,0,0,0,0,15,15,15,15,5,5,0,0,0,0,0,0,0,0,15,15,15,15,5,5,0,0,0,0,0,0,0,0,15,15,15,15,5,5,0,0,0,0,0,0,0,0,15,15,15,15,5,5,0,0,0,0,0,0,0,0,15,15,15,15,6,6,0,0,0,0,0,0,0,0
69,900,100,900,0,100,0,1000,15,15,15,15,5,5,3314,5,3314,5,0,0,0,0,15,15,15,15,5,5,3314,5,3314,5,0,0,0,0,15,15,15,15,5,5,3314,5,3314,5,0,0,0,0,15,15,15,15,5,5,3314,5,3314,5,0,0,0,0,15,15,15,15,5,5,3314,5,3314,5,0,0,0,0,15,15,15,15,6,6,3314,5,3314,5,0,0,0,0
70,900,100,900,0,100,0,1000,15,15,15,15,5,5,1378,5,0,0,290,1,1088,4,15,15,15,15,5,5,1378,5,0,0,290,1,1088,4,15,15,15,15,5,5,1378,5,0,0,290,1,1088,4,15,15,15,15,5,5,1378,5,0,0,290,1,1088,4,15,15,15,15,5,5,1378,5,0,0,290,1,1088,4,15,15,15,15,6,6,1378,5,0,0,290,1,1088,4
71,900,100,900,0,100,0,1000,15,15,15,15,5,5,0,0,0,0,0,0,0,0,15,15,15,15,5,5,0,0,0,0,0,0,0,0,15,15,15,15,5,5,0,0,0,0,0,0,0,0,15,15,15,15,5,5,0,0,0,0,0,0,0,0,15,15,15,15,5,5,0,0,0,0,0,0,0,0,15,15,15,15,7,7,0,0,0,0,0,0,0,0
72,900,100,900,0,100,0,1000,15,15,15,15,5,5,0,0,0,0,0,0,0,0,15,15,15,15,5,5,0,0,0,0,0,0,0,0,15,15,15,15,5,5,0,0,0,0,0,0,0,0,15,15,15,15,5,5,0,0,0,0,0,0,0,0,15,15,15,15,5,5,0,0,0,0,0,0,0,0,15,15,15,15,7,7,0,0,0,0,0,0,0,0
73,900,100,900,0,100,0,1000,15,15,15,15,5,5,567,1,567,1,0,0,0,0,15,15,15,15,5,5,567,1,567,1,0,0,0,0,15,15,15,15,5,5,567,1,567,1,0,0,0,0,15,15,15,15,5,5,567,1,567,1,0,0,0,0,15,15,15,15,5,5,567,1,567,1,0,0,0,0,15,15,15,15,7,7,567,1,567,1,0,0,0,0
74,900,100,900,0,100,0,1000,15,15,15,15,5,5,3011,11,0,0,291,1,2720,10,15,15,15,15,5,5,3011,11,0,0,291,1,2720,10,15,15,15,15,5,5,3011,11,0,0,291,1,2720,10,15,15,15,15,5,5,3011,11,0,0,291,1,2720,10,15,15,15,15,5,5,3011,11,0,0,291,1,2720,10,15,15,15,15,7,7,3011,11,0,0,291,1,2720,10
75,900,100,900,0,100,0,1000,15,15,15,15,5,5,0,0,0,0,0,0,0,0,15,15,15,15,5,5,0,0,0,0,0,0,0,0,15,15,15,15,5,5,0,0,0,0,0,0,0,0,15,15,15,15,5,5,0,0,0,0,0,0,0,0,15,15,15,15,5,5,0,0,0,0,0,0,0,0,15,15,15,15,8,8,0,0,0,0,0,0,0,0
76,900,100,900,0,100,0,1000,15,15,15,15,5,5,0,0,0,0,0,0,0,0,15,15,15,15,5,5,0,0,0,0,0,0,0,0,15,15,15,15,5,5,0,0,0,0,0,0,0,0,15,15,15,15,5,5,0,0,0,0,0,0,0,0,15,15,15,15,5,5,0,0,0,0,0,0,0,0,15,15,15,15,8,8,0,0,0,0,0,0,0,0
77,900,100,900,0,100,0,1000,15,15,15,15,5,5,1518,2,1518,2,0,0,0,0,15,15,15,15,5,5,1518,2,1518,2,0,0,0,0,15,15,15,15,5,5,1518,2,1518,2,0,0,0,0,15,15,15,15,5,5,1518,2,1518,2,0,0,0,0,15,15,15,15,5,5,1518,2,1518,2,0,0,0,0,15,15,15,15,8,8,1518,2,1518,2,0,0,0,0
78,900,100,900,0,100,0,1000,15,15,15,15,5,5,3283,12,0,0,291,1,2992,11,15,15,15,15,5,5,3283,12,0,0,291,1,2992,11,15,15,15,15,5,5,3283,12,0,0,291,1,2992,11,15,15,15,15,5,5,3283,12,0,0,291,1,2992,11,15,15,15,15,5,5,3283,12,0,0,291,1,2992,11,15,15,15,15,8,8,3283,12,0,0,291,1,2992,11
79,900,100,900,0,100,0,1000,15,15,15,15,5,5,0,0,0,0,0,0,0,0,15,15,15,15,5,5,0,0,0,0,0,0,0,0,15,15,15,15,5,5,0,0,0,0,0,0,0,0,15,15,15,15,5,5,0,0,0,0,0,0,0,0,15,15,15,15,5,5,0,0,0,0,0,0,0,0,15,15,15,15,9,9,0,0,0,0,0,0,0,0
80,900,100,900,0,100,0,1000,15,15,15,15,5,5,0,0,0,0,0,0,0,0,15,15,15,15,5,5,0,0,0,0,0,0,0,0,15,15,15,15,5,5,0,0,0,0,0,0,0,0,15,15,15,15,5,5,0,0,0,0,0,0,0,0,15,15,15,15,5,5,0,0,0,0,0,0,0,0,15,15,15,15,9,9,0,0,0,0,0,0,0,0
81,900,100,900,0,100,0,1000,15,15,15,15,5,5,2372,3,2372,3,0,0,0,0,15,15,15,15,5,5,2372,3,2372,3,0,0,0,0,15,15,15,15,5,5,2372,3,2372,3,0,0,0,0,15,15,15,15,5,5,2372,3,2372,3,0,0,0,0,15,15,15,15,5,5,2372,3,2372,3,0,0,0,0,15,15,15,15,9,9,2372,3,2372,3,0,0,0,0
82,900,100,900,0,100,0,1000,15,15,15,15,5,5,2194,8,0,0,290,1,1904,7,15,15,15,15,5,5,2194,8,0,0,290,1,1904,7,15,15,15,15,5,5,2194,8,0,0,290,1,1904,7,15,15,15,15,5,5,2194,8,0,0,290,1,1904,7,15,15,15,15,5,5,2194,8,0,0,290,1,1904,7,15,15,15,15,9,9,2194,8,0,0,290,1,1904,7
83,900,100,900,0,100,0,1000,15,15,15,15,5,5,0,0,0,0,0,0,0,0,15,15,15,15,5,5,0,0,0,0,0,0,0,0,15,15,15,15,5,5,0,0,0,0,0,0,0,0,15,15,15,15,5,5,0,0,0,0,0,0,0,0,15,15,15,15,5,5,0,0,0,0,0,0,0,0,15,15,15,15,10,10,0,0,0,0,0,0,0,0
84,900,100,900,0,100,0,1000,15,15,15,15,5,5,0,0,0,0,0,0,0,0,15,15,15,15,5,5,0,0,0,0,0,0,0,0,15,15,15,15,5,5,0,0,0,0,0,0,0,0,15,15,15,15,5,5,0,0,0,0,0,0,0,0,15,15,15,15,5,5,0,0,0,0,0,0,0,0,15,15,15,15,10,10,0,0,0,0,0,0,0,0
85,900,100,900,0,100,0,1000,15,15,15,15,5,5,1326,2,1326,2,0,0,0,0,15,15,15,15,5,5,1326,2,1326,2,0,0,0,0,15,15,15,15,5,5,1326,2,1326,2,0,0,0,0,15,15,15,15,5,5,1326,2,1326,2,0,0,0,0,15,15,15,15,5,5,1326,2,1326,2,0,0,0,0,15,15,15,15,10,10,1326,2,1326,2,0,0,0,0
86,900,100,900,0,100,0,1000,15,15,15,15,5,5,2195,8,0,0,291,1,1904,7,15,15,15,15,5,5,2195,8,0,0,291,1,1904,7,15,15,15,15,5,5,2195,8,0,0,291,1,1904,7,15,15,15,15,5,5,2195,8,0,0,291,1,1904,7,15,15,15,15,5,5,2195,8,0,0,291,1,1904,7,15,15,15,15,10,10,2195,8,0,0,291,1,1904,7
87,900,100,900,0,100,0,1000,15,15,15,15,5,5,0,0,0,0,0,0,0,0,15,15,15,15,5,5,0,0,0,0,0,0,0,0,15,15,15,15,5,5,0,0,0,0,0,0,0,0,15,15,15,15,5,5,0,0,0,0,0,0,0,0,15,15,15,15,5,5,0,0,0,0,0,0,0,0,15,15,15,15,11,11,0,0,0,0,0,0,0,0
88,900,100,900,0,100,0,1000,15,15,15,15,5,5,0,0,0,0,0,0,0,0,15,15,15,15,5,5,0,0,0,0,0,0,0,0,15,15,15,15,5,5,0,0,0,0,0,0,0,0,15,15,15,15,5,5,0,0,0,0,0,0,0,0,15,15,15,15,5,5,0,0,0,0,0,0,0,0,15,15,15,15,11,11,0,0,0,0,0,0,0,0
89,900,100,900,0,100,0,1000,15,15,15,15,5,5,1325,2,1325,2,0,0,0,0,15,15,15,15,5,5,1325,2,1325,2,0,0,0,0,15,15,15,15,5,5,1325,2,1325,2,0,0,0,0,15,15,15,15,5,5,1325,2,1325,2,0,0,0,0,15,15,15,15,5,5,1325,2,1325,2,0,0,0,0,15,15,15,15,11,11,1325,2,1325,2,0,0,0,0
90,900,100,900,0,100,0,1000,15,15,15,15,5,5,2739,10,0,0,291,1,2448,9,15,15,15,15,5,5,2739,10,0,0,291,1,2448,9,15,15,15,15,5,5,2739,10,0,0,291,1,2448,9,15,15,15,15,5,5,2739,10,0,0,291,1,2448,9,15,15,15,15,5,5,2739,10,0,0,291,1,2448,9,15,15,15,15,11,11,2739,10,0,0,291,1,2448,9
91,900,100,900,0,100,0,1000,15,15,15,15,5,5,0,0,0,0,0,0,0,0,15,15,15,15,5,5,0,0,0,0,0,0,0,0,15,15,15,15,5,5,0,0,0,0,0,0,0,0,15,15,15,15,5,5,0,0,0,0,0,0,0,0,15,15,15,15,5,5,0,0,0,0,0,0,0,0,15,15,15,15,12,12,0,0,0,0,0,0,0,0
92,900,100,900,0,100,0,1000,15,15,15,15,5,5,0,0,0,0,0,0,0,0,15,15,15,15,5,5,0,0,0,0,0,0,0,0,15,15,15,15,5,5,0,0,0,0,0,0,0,0,15,15,15,15,5,5,0,0,0,0,0,0,0,0,15,15,15,15,5,5,0,0,0,0,0,0,0,0,15,15,15,15,12,12,0,0,0,0,0,0,0,0
93,900,100,900,0,100,0,1000,15,15,15,15,5,5,2181,3,2181,3,0,0,0,0,15,15,15,15,5,5,2181,3,2181,3,0,0,0,0,15,15,15,15,5,5,2181,3,2181,3,0,0,0,0,15,15,15,15,5,5,2181,3,2181,3,0,0,0,0,15,15,15,15,5,5,2181,3,2181,3,0,0,0,0,15,15,15,15,12,12,2181,3,2181,3,0,0,0,0
94,900,100,900,0,100,0,1000,15,15,15,15,5,5,3283,12,0,0,291,1,2992,11,15,15,15,15,5,5,3283,12,0,0,291,1,2992,11,15,15,15,15,5,5,3283,12,0,0,291,1,2992,11,15,15,15,15,5,5,3283,12,0,0,291,1,2992,11,15,15,15,15,5,5,3283,12,0,0,291,1,2992,11,15,15,15,15,12,12,3283,12,0,0,291,1,2992,11
95,900,100,900,0,100,0,1000,15,15,15,15,5,5,0,0,0,0,0,0,0,0,15,15,15,15,5,5,0,0,0,0,0,0,0,0,15,15,15,15,5,5,0,0,0,0,0,0,0,0,15,15,15,15,5,5,0,0,0,0,0,0,0,0,15,15,15,15,5,5,0,0,0,0,0,0,0,0,15,15,15,15,13,13,0,0,0,0,0,0,0,0
96,900,100,900,0,100,0,1000,15,15,15,15,5,5,0,0,0,0,0,0,0,0,15,15,15,15,5,5,0,0,0,0,0,0,0,0,15,15,15,15,5,5,0,0,0,0,0,0,0,0,15,15,15,15,5,5,0,0,0,0,0,0,0,0,15,15,15,15,5,5,0,0,0,0,0,0,0,0,15,15,15,15,13,13,0,0,0,0,0,0,0,0
97,900,100,900,0,100,0,1000,15,15,15,15,5,5,2373,3,2373,3,0,0,0,0,15,15,15,15,5,5,2373,3,2373,3,0,0,0,0,15,15,15,15,5,5,2373,3,2373,3,0,0,0,0,15,15,15,15,5,5,2373,3,2373,3,0,0,0,0,15,15,15,15,5,5,2373,3,2373,3,0,0,0,0,15,15,15,15,13,13,2373,3,2373,3,0,0,0,0
98,900,100,900,0,100,0,1000,15,15,15,15,5,5,4099,15,0,0,291,1,3808,14,15,15,15,15,5,5,4099,15,0,0,291,1,3808,14,15,15,15,15,5,5,4099,15,0,0,291,1,3808,14,15,15,15,15,5,5,4099,15,0,0,291,1,3808,14,15,15,15,15,5,5,4099,15,0,0,291,1,3808,14,15,15,15,15,13,13,4099,15,0,0,291,1,3808,14
99,900,100,900,0,100,0,1000,15,15,15,15,5,5,0,0,0,0,0,0,0,0,15,15,15,15,5,5,0,0,0,0,0,0,0,0,15,15,15,15,5,5,0,0,0,0,0,0,0,0,15,15,15,15,5,5,0,0,0,0,0,0,0,0,15,15,15,15,5,5,0,0,0,0,0,0,0,0,15,15,15,15,14,14,0,0,0,0,0,0,0,0
100,900,100,900,0,100,0,1000,15,15,15,15,5,5,0,0,0,0,0,0,0,0,15,15,15,15,5,5,0,0,0,0,0,0,0,0,15,15,15,15,5,5,0,0,0,0,0,0,0,0,15,15,15,15,5,5,0,0,0,0,0,0,0,0,15,15,15,15,5,5,0,0,0,0,0,0,0,0,15,15,15,15,14,14,0,0,0,0,0,0,0,0
101,900,100,900,0,100,0,1000,15,15,15,15,5,5,0,0,0,0,0,0,0,0,15,15,15,15,5,5,0,0,0,0,0,0,0,0,15,15,15,15,5,5,0,0,0,0,0,0,0,0,15,15,15,15,5,5,0,0,0,0,0,0,0,0,15,15,15,15,5,5,0,0,0,0,0,0,0,0,15,15,15,15,14,14,0,0,0,0,0,0,0,0
102,900,100,900,0,100,0,1000,15,15,15,15,5,5,2720,10,0,0,0,0,2720,10,15,15,15,15,5,5,2720,10,0,0,0,0,2720,10,15,15,15,15,5,5,2720,10,0,0,0,0,2720,10,15,15,15,15,5,5,2720,10,0,0,0,0,2720,10,15,15,15,15,5,5,2720,10,0,0,0,0,2720,10,15,15,15,15,14,14,2720,10,0,0,0,0,2720,10
103,900,100,900,0,100,0,1000,15,15,15,15,5,5,0,0,0,0,0,0,0,0,15,15,15,15,5,5,0,0,0,0,0,0,0,0,15,15,15,15,5,5,0,0,0,0,0,0,0,0,15,15,15,15,5,5,0,0,0,0,0,0,0,0,15,15,15,15,5,5,0,0,0,0,0,0,0,0,15,15,15,15,15,15,0,0,0,0,0,0,0,0
104,900,100,900,0,100,0,1000,15,15,15,15,5,5,0,0,0,0,0,0,0,0,15,15,15,15,5,5,0,0,0,0,0,0,0,0,15,15,15,15,5,5,0,0,0,0,0,0,0,0,15,15,15,15,5,5,0,0,0,0,0,0,0,0,15,15,15,15,5,5,0,0,0,0,0,0,0,0,15,15,15,15,15,15,0,0,0,0,0,0,0,0
105,900,100,900,0,100,0,1000,15,15,15,15,5,5,759,1,759,1,0,0,0,0,15,15,15,15,5,5,759,1,759,1,0,0,0,0,15,15,15,15,5,5,759,1,759,1,0,0,0,0,15,15,15,15,5,5,759,1,759,1,0,0,0,0,15,15,15,15,5,5,759,1,759,1,0,0,0,0,15,15,15,15,15,15,759,1,759,1,0,0,0,0
106,900,100,900,0,100,0,1000,15,15,15,15,5,5,2467,9,0,0,291,1,2176,8,15,15,15,15,5,5,2467,9,0,0,291,1,2176,8,15,15,15,15,5,5,2467,9,0,0,291,1,2176,8,15,15,15,15,5,5,2467,9,0,0,291,1,2176,8,15,15,15,15,5,5,2467,9,0,0,291,1,2176,8,15,15,15,15,15,15,2467,9,0,0,291,1,2176,8
107,900,100,900,0,100,0,1000,15,15,15,15,5,5,0,0,0,0,0,0,0,0,15,15,15,15,5,5,0,0,0,0,0,0,0,0,15,15,15,15,5,5,0,0,0,0,0,0,0,0,15,15,15,15,5,5,0,0,0,0,0,0,0,0,15,15,15,15,5,5,0,0,0,0,0,0,0,0,16,16,15,15,16,16,0,0,0,0,0,0,0,0
108,900,100,900,0,100,0,1000,15,15,15,15,5,5,0,0,0,0,0,0,0,0,15,15,15,15,5,5,0,0,0,0,0,0,0,0,15,15,15,15,5,5,0,0,0,0,0,0,0,0,15,15,15,15,5,5,0,0,0,0,0,0,0,0,15,15,15,15,5,5,0,0,0,0,0,0,0,0,16,16,15,15,16,16,0,0,0,0,0,0,0,0
109,900,100,900,0,100,0,1000,15,15,15,15,5,5,2085,3,2085,3,0,0,0,0,15,15,15,15,5,5,2085,3,2085,3,0,0,0,0,15,15,15,15,5,5,2085,3,2085,3,0,0,0,0,15,15,15,15,5,5,2085,3,2085,3,0,0,0,0,15,15,15,15,5,5,2085,3,2085,3,0,0,0,0,16,16,15,15,16,16,2085,3,2085,3,0,0,0,0
110,900,100,900,0,100,0,1000,15,15,15,15,5,5,4099,15,0,0,291,1,3808,14,15,15,15,15,5,5,4099,15,0,0,291,1,3808,14,15,15,15,15,5,5,4099,15,0,0,291,1,3808,14,15,15,15,15,5,5,4099,15,0,0,291,1,3808,14,15,15,15,15,5,5,4099,15,0,0,291,1,3808,14,16,16,15,15,16,16,4099,15,0,0,291,1,3808,14
111,900,100,900,0,100,0,1000,15,15,15,15,5,5,0,0,0,0,0,0,0,0,15,15,15,15,5,5,0,0,0,0,0,0,0,0,15,15,15,15,5,5,0,0,0,0,0,0,0,0,15,15,15,15,5,5,0,0,0,0,0,0,0,0,15,15,15,15,5,5,0,0,0,0,0,0,0,0,17,17,15,15,17,17,0,0,0,0,0,0,0,0
112,900,100,900,0,100,0,1000,15,15,15,15,5,5,0,0,0,0,0,0,0,0,15,15,15,15,5,5,0,0,0,0,0,0,0,0,15,15,15,15,5,5,0,0,0,0,0,0,0,0,15,15,15,15,5,5,0,0,0,0,0,0,0,0,15,15,15,15,5,5,0,0,0,0,0,0,0,0,17,17,15,15,17,17,0,0,0,0,0,0,0,0
113,900,100,900,0,100,0,1000,15,15,15,15,5,5,2661,3,2661,3,0,0,0,0,15,15,15,15,5,5,2661,3,2661,3,0,0,0,0,15,15,15,15,5,5,2661,3,2661,3,0,0,0,0,15,15,15,15,5,5,2661,3,2661,3,0,0,0,0,15,15,15,15,5,5,2661,3,2661,3,0,0,0,0,17,17,15,15,17,17,2661,3,2661,3,0,0,0,0
114,900,100,900,0,100,0,1000,15,15,15,15,5,5,2467,9,0,0,291,1,2176,8,15,15,15,15,5,5,2467,9,0,0,291,1,2176,8,15,15,15,15,5,5,2467,9,0,0,291,1,2176,8,15,15,15,15,5,5,2467,9,0,0,291,1,2176,8,15,15,15,15,5,5,2467,9,0,0,291,1,2176,8,17,17,15,15,17,17,2467,9,0,0,291,1,2176,8
115,900,100,900,0,100,0,1000,15,15,15,15,5,5,0,0,0,0,0,0,0,0,15,15,15,15,5,5,0,0,0,0,0,0,0,0,15,15,15,15,5,5,0,0,0,0,0,0,0,0,15,15,15,15,5,5,0,0,0,0,0,0,0,0,15,15,15,15,5,5,0,0,0,0,0,0,0,0,18,18,15,15,18,18,0,0,0,0,0,0,0,0
116,900,100,900,0,100,0,1000,15,15,15,15,5,5,0,0,0,0,0,0,0,0,15,15,15,15,5,5,0,0,0,0,0,0,0,0,15,15,15,15,5,5,0,0,0,0,0,0,0,0,15,15,15,15,5,5,0,0,0,0,0,0,0,0,15,15,15,15,5,5,0,0,0,0,0,0,0,0,18,18,15,15,18,18,0,0,0,0,0,0,0,0
117,900,100,900,0,100,0,1000,15,15,15,15,5,5,0,0,0,0,0,0,0,0,15,15,15,15,5,5,0,0,0,0,0,0,0,0,15,15,15,15,5,5,0,0,0,0,0,0,0,0,15,15,15,15,5,5,0,0,0,0,0,0,0,0,15,15,15,15,5,5,0,0,0,0,0,0,0,0,18,18,15,15,18,18,0,0,0,0,0,0,0,0
118,900,100,900,0,100,0,1000,15,15,15,15,5,5,2448,9,0,0,0,0,2448,9,15,15,15,15,5,5,2448,9,0,0,0,0,2448,9,15,15,15,15,5,5,2448,9,0,0,0,0,2448,9,15,15,15,15,5,5,2448,9,0,0,0,0,2448,9,15,15,15,15,5,5,2448,9,0,0,0,0,2448,9,18,18,15,15,18,18,2448,9,0,0,0,0,2448,9
119,900,100,900,0,100,0,1000,15,15,15,15,5,5,0,0,0,0,0,0,0,0,15,15,15,15,5,5,0,0,0,0,0,0,0,0,15,15,15,15,5,5,0,0,0,0,0,0,0,0,15,15,15,15,5,5,0,0,0,0,0,0,0,0,15,15,15,15,5,5,0,0,0,0,0,0,0,0,19,19,15,15,19,19,0,0,0,0,0,0,0,0
120,900,100,900,0,100,0,1000,15,15,15,15,5,5,0,0,0,0,0,0,0,0,15,15,15,15,5,5,0,0,0,0,0,0,0,0,15,15,15,15,5,5,0,0,0,0,0,0,0,0,15,15,15,15,5,5,0,0,0,0,0,0,0,0,15,15,15,15,5,5,0,0,0,0,0,0,0,0,19,19,15,15,19,19,0,0,0,0,0,0,0,0
121,900,100,900,0,100,0,1000,15,15,15,15,5,5,1454,2,1454,2,0,0,0,0,15,15,15,15,5,5,1454,2,1454,2,0,0,0,0,15,15,15,15,5,5,1454,2,1454,2,0,0,0,0,15,15,15,15,5,5,1454,2,1454,2,0,0,0,0,15,15,15,15,5,5,1454,2,1454,2,0,0,0,0,19,19,15,15,19,19,1454,2,1454,2,0,0,0,0
122,900,100,900,0,100,0,1000,15,15,15,15,5,5,2467,9,0,0,291,1,2176,8,15,15,15,15,5,5,2467,9,0,0,291,1,2176,8,15,15,15,15,5,5,2467,9,0,0,291,1,2176,8,15,15,15,15,5,5,2467,9,0,0,291,1,2176,8,15,15,15,15,5,5,2467,9,0,0,291,1,2176,8,19,19,15,15,19,19,2467,9,0,0,291,1,2176,8
123,900,100,900,0,100,0,1000,15,15,15,15,5,5,0,0,0,0,0,0,0,0,15,15,15,15,5,5,0,0,0,0,0,0,0,0,15,15,15,15,5,5,0,0,0,0,0,0,0,0,15,15,15,15,5,5,0,0,0,0,0,0,0,0,15,15,15,15,5,5,0,0,0,0,0,0,0,0,20,20,15,15,20,20,0,0,0,0,0,0,0,0
124,900,100,900,0,100,0,1000,15,15,15,15,5,5,0,0,0,0,0,0,0,0,15,15,15,15,5,5,0,0,0,0,0,0,0,0,15,15,15,15,5,5,0,0,0,0,0,0,0,0,15,15,15,15,5,5,0,0,0,0,0,0,0,0,15,15,15,15,5,5,0,0,0,0,0,0,0,0,20,20,15,15,20,20,0,0,0,0,0,0,0,0
125,900,100,900,0,100,0,1000,15,15,15,15,5,5,695,1,695,1,0,0,0,0,15,15,15,15,5,5,695,1,695,1,0,0,0,0,15,15,15,15,5,5,695,1,695,1,0,0,0,0,15,15,15,15,5,5,695,1,695,1,0,0,0,0,15,15,15,15,5,5,695,1,695,1,0,0,0,0,20,20,15,15,20,20,695,1,695,1,0,0,0,0
126,0,1000,0,900,100,0,1000,15,15,15,15,5,5,3011,11,0,0,291,1,2720,10,15,15,15,15,5,5,3011,11,0,0,291,1,2720,10,15,15,15,15,5,5,3011,11,0,0,291,1,2720,10,15,15,15,15,5,5,3011,11,0,0,291,1,2720,10,15,15,15,15,5,5,3011,11,0,0,291,1,2720,10,20,20,15,15,20,20,3011,11,0,0,291,1,2720,10
127,0,1000,0,0,1000,0,1000,21,21,15,15,21,21,0,0,0,0,0,0,0,0,21,21,15,15,21,21,0,0,0,0,0,0,0,0,21,21,15,15,21,21,0,0,0,0,0,0,0,0,21,21,15,15,21,21,0,0,0,0,0,0,0,0,21,21,15,15,21,21,0,0,0,0,0,0,0,0,21,21,15,15,21,21,0,0,0,0,0,0,0,0
128,0,1000,0,0,1000,0,1000,21,21,15,15,21,21,0,0,0,0,0,0,0,0,21,21,15,15,21,21,0,0,0,0,0,0,0,0,21,21,15,15,21,21,0,0,0,0,0,0,0,0,21,21,15,15,21,21,0,0,0,0,0,0,0,0,21,21,15,15,21,21,0,0,0,0,0,0,0,0,21,21,15,15,21,21,0,0,0,0,0,0,0,0
129,0,1000,0,0,1000,0,1000,21,21,15,15,21,21,23526,31,23526,31,0,0,0,0,21,21,15,15,21,21,23526,31,23526,31,0,0,0,0,21,21,15,15,21,21,23526,31,23526,31,0,0,0,0,21,21,15,15,21,21,23526,31,23526,31,0,0,0,0,21,21,15,15,21,21,23526,31,23526,31,0,0,0,0,21,21,15,15,21,21,23526,31,23526,31,0,0,0,0
130,0,1000,0,0,1000,0,1000,30,32,30,32,21,21,24227,89,0,0,291,1,23936,88,30,32,30,32,21,21,24227,89,0,0,291,1,23936,88,30,32,30,32,21,21,24227,89,0,0,291,1,23936,88,30,32,30,32,21,21,24227,89,0,0,291,1,23936,88,30,32,30,32,21,21,24227,89,0,0,291,1,23936,88,30,32,30,32,21,21,24227,89,0,0,291,1,23936,88
131,0,1000,0,0,1000,0,1000,30,32,30,32,22,22,0,0,0,0,0,0,0,0,30,32,30,32,22,22,0,0,0,0,0,0,0,0,30,32,30,32,22,22,0,0,0,0,0,0,0,0,30,32,30,32,22,22,0,0,0,0,0,0,0,0,30,32,30,32,22,22,0,0,0,0,0,0,0,0,30,32,30,32,22,22,0,0,0,0,0,0,0,0
132,0,1000,0,0,1000,0,1000,30,32,30,32,22,22,0,0,0,0,0,0,0,0,30,32,30,32,22,22,0,0,0,0,0,0,0,0,30,32,30,32,22,22,0,0,0,0,0,0,0,0,30,32,30,32,22,22,0,0,0,0,0,0,0,0,30,32,30,32,22,22,0,0,0,0,0,0,0,0,30,32,30,32,22,22,0,0,0,0,0,0,0,0
133,0,1000,0,0,1000,0,1000,30,32,30,32,22,22,97645,30,97645,30,0,0,0,0,30,32,30,32,22,22,97645,30,97645,30,0,0,0,0,30,32,30,32,22,22,97645,30,97645,30,0,0,0,0,30,32,30,32,22,22,97645,30,97645,30,0,0,0,0,30,32,30,32,22,22,97645,30,97645,30,0,0,0,0,30,32,30,32,22,22,97645,30,97645,30,0,0,0,0
134,0,1000,0,0,1000,0,1000,31,33,31,33,22,22,27763,102,0,0,291,1,27472,101,31,33,31,33,22,22,27763,102,0,0,291,1,27472,101,31,33,31,33,22,22,27763,102,0,0,291,1,27472,101,31,33,31,33,22,22,27763,102,0,0,291,1,27472,101,31,33,31,33,22,22,27763,102,0,0,291,1,27472,101,31,33,31,33,22,22,27763,102,0,0,291,1,27472,101
135,0,1000,0,0,1000,0,1000,31,33,31,33,23,23,0,0,0,0,0,0,0,0,31,33,31,33,23,23,0,0,0,0,0,0,0,0,31,33,31,33,23,23,0,0,0,0,0,0,0,0,31,33,31,33,23,23,0,0,0,0,0,0,0,0,31,33,31,33,23,23,0,0,0,0,0,0,0,0,31,33,31,33,23,23,0,0,0,0,0,0,0,0
136,0,1000,0,0,1000,0,1000,31,33,31,33,23,23,0,0,0,0,0,0,0,0,31,33,31,33,23,23,0,0,0,0,0,0,0,0,31,33,31,33,23,23,0,0,0,0,0,0,0,0,31,33,31,33,23,23,0,0,0,0,0,0,0,0,31,33,31,33,23,23,0,0,0,0,0,0,0,0,31,33,31,33,23,23,0,0,0,0,0,0,0,0
137,0,1000,0,0,1000,0,1000,31,33,31,33,23,23,117465,32,117465,32,0,0,0,0,31,33,31,33,23,23,117465,32,117465,32,0,0,0,0,31,33,31,33,23,23,117465,32,117465,32,0,0,0,0,31,33,31,33,23,23,117465,32,117465,32,0,0,0,0,31,33,31,33,23,23,117465,32,117465,32,0,0,0,0,31,33,31,33,23,23,117465,32,117465,32,0,0,0,0
138,0,1000,0,0,1000,0,1000,32,34,32,34,23,23,24498,90,0,0,290,1,24208,89,32,34,32,34,23,23,24498,90,0,0,290,1,24208,89,32,34,32,34,23,23,24498,90,0,0,290,1,24208,89,32,34,32,34,23,23,24498,90,0,0,290,1,24208,89,32,34,32,34,23,23,24498,90,0,0,290,1,24208,89,32,34,32,34,23,23,24498,90,0,0,290,1,24208,89
139,0,1000,0,0,1000,0,1000,32,34,32,34,24,24,0,0,0,0,0,0,0,0,32,34,32,34,24,24,0,0,0,0,0,0,0,0,32,34,32,34,24,24,0,0,0,0,0,0,0,0,32,34,32,34,24,24,0,0,0,0,0,0,0,0,32,34,32,34,24,24,0,0,0,0,0,0,0,0,32,34,32,34,24,24,0,0,0,0,0,0,0,0
140,0,1000,0,0,1000,0,1000,32,34,32,34,24,24,0,0,0,0,0,0,0,0,32,34,32,34,24,24,0,0,0,0,0,0,0,0,32,34,32,34,24,24,0,0,0,0,0,0,0,0,32,34,32,34,24,24,0,0,0,0,0,0,0,0,32,34,32,34,24,24,0,0,0,0,0,0,0,0,32,34,32,34,24,24,0,0,0,0,0,0,0,0
141,0,1000,0,0,1000,0,1000,32,34,32,34,24,24,55876,17,55876,17,0,0,0,0,32,34,32,34,24,24,55876,17,55876,17,0,0,0,0,32,34,32,34,24,24,55876,17,55876,17,0,0,0,0,32,34,32,34,24,24,55876,17,55876,17,0,0,0,0,32,34,32,34,24,24,55876,17,55876,17,0,0,0,0,32,34,32,34,24,24,55876,17,55876,17,0,0,0,0
142,0,1000,0,0,1000,0,1000,33,35,33,35,24,24,23955,88,0,0,291,1,23664,87,33,35,33,35,24,24,23955,88,0,0,291,1,23664,87,33,35,33,35,24,24,23955,88,0,0,291,1,23664,87,33,35,33,35,24,24,23955,88,0,0,291,1,23664,87,33,35,33,35,24,24,23955,88,0,0,291,1,23664,87,33,35,33,35,24,24,23955,88,0,0,291,1,23664,87
143,0,1000,0,0,1000,0,1000,33,35,33,35,24,24,0,0,0,0,0,0,0,0,33,35,33,35,24,24,0,0,0,0,0,0,0,0,33,35,33,35,24,24,0,0,0,0,0,0,0,0,33,35,33,35,24,24,0,0,0,0,0,0,0,0,33,35,33,35,24,24,0,0,0,0,0,0,0,0,33,35,33,35,24,24,0,0,0,0,0,0,0,0
144,0,1000,0,0,1000,0,1000,33,35,33,35,24,24,0,0,0,0,0,0,0,0,33,35,33,35,24,24,0,0,0,0,0,0,0,0,33,35,33,35,24,24,0,0,0,0,0,0,0,0,33,35,33,35,24,24,0,0,0,0,0,0,0,0,33,35,33,35,24,24,0,0,0,0,0,0,0,0,33,35,33,35,24,24,0,0,0,0,0,0,0,0
145,0,1000,0,0,1000,0,1000,33,35,33,35,24,24,90240,28,90240,28,0,0,0,0,33,35,33,35,24,24,90240,28,90240,28,0,0,0,0,33,35,33,35,24,24,90240,28,90240,28,0,0,0,0,33,35,33,35,24,24,90240,28,90240,28,0,0,0,0,33,35,33,35,24,24,90240,28,90240,28,0,0,0,0,33,35,33,35,24,24,90240,28,90240,28,0,0,0,0
146,0,1000,0,0,1000,0,1000,34,36,34,36,24,24,30211,111,0,0,291,1,29920,110,34,36,34,36,24,24,30211,111,0,0,291,1,29920,110,34,36,34,36,24,24,30211,111,0,0,291,1,29920,110,34,36,34,36,24,24,30211,111,0,0,291,1,29920,110,34,36,34,36,24,24,30211,111,0,0,291,1,29920,110,34,36,34,36,24,24,30211,111,0,0,291,1,29920,110
147,0,1000,0,0,1000,0,1000,34,36,34,36,25,26,0,0,0,0,0,0,0,0,34,36,34,36,25,26,0,0,0,0,0,0,0,0,34,36,34,36,25,26,0,0,0,0,0,0,0,0,34,36,34,36,25,26,0,0,0,0,0,0,0,0,34,36,34,36,25,26,0,0,0,0,0,0,0,0,34,36,34,36,25,26,0,0,0,0,0,0,0,0
148,0,1000,0,0,1000,0,1000,34,36,34,36,25,26,0,0,0,0,0,0,0,0,34,36,34,36,25,26,0,0,0,0,0,0,0,0,34,36,34,36,25,26,0,0,0,0,0,0,0,0,34,36,34,36,25,26,0,0,0,0,0,0,0,0,34,36,34,36,25,26,0,0,0,0,0,0,0,0,34,36,34,36,25,26,0,0,0,0,0,0,0,0
149,0,1000,0,0,1000,0,1000,34,36,34,36,25,26,154394,39,154394,39,0,0,0,0,34,36,34,36,25,26,154394,39,154394,39,0,0,0,0,34,36,34,36,25,26,154394,39,154394,39,0,0,0,0,34,36,34,36,25,26,154394,39,154394,39,0,0,0,0,34,36,34,36,25,26,154394,39,154394,39,0,0,0,0,34,36,34,36,25,26,154394,39,154394,39,0,0,0,0
150,0,1000,0,0,1000,0,1000,35,37,35,37,25,26,26947,99,0,0,291,1,26656,98,35,37,35,37,25,26,26947,99,0,0,291,1,26656,98,35,37,35,37,25,26,26947,99,0,0,291,1,26656,98,35,37,35,37,25,26,26947,99,0,0,291,1,26656,98,35,37,35,37,25,26,26947,99,0,0,291,1,26656,98,35,37,35,37,25,26,26947,99,0,0,291,1,26656,98
151,0,1000,0,0,1000,0,1000,35,37,35,37,26,27,0,0,0,0,0,0,0,0,35,37,35,37,26,27,0,0,0,0,0,0,0,0,35,37,35,37,26,27,0,0,0,0,0,0,0,0,35,37,35,37,26,27,0,0,0,0,0,0,0,0,35,37,35,37,26,27,0,0,0,0,0,0,0,0,35,37,35,37,26,27,0,0,0,0,0,0,0,0
152,0,1000,0,0,1000,0,1000,35,37,35,37,26,27,0,0,0,0,0,0,0,0,35,37,35,37,26,27,0,0,0,0,0,0,0,0,35,37,35,37,26,27,0,0,0,0,0,0,0,0,35,37,35,37,26,27,0,0,0,0,0,0,0,0,35,37,35,37,26,27,0,0,0,0,0,0,0,0,35,37,35,37,26,27,0,0,0,0,0,0,0,0
153,0,1000,0,0,1000,0,1000,35,37,35,37,26,27,85798,24,85798,24,0,0,0,0,35,37,35,37,26,27,85798,24,85798,24,0,0,0,0,35,37,35,37,26,27,85798,24,85798,24,0,0,0,0,35,37,35,37,26,27,85798,24,85798,24,0,0,0,0,35,37,35,37,26,27,85798,24,85798,24,0,0,0,0,35,37,35,37,26,27,85798,24,85798,24,0,0,0,0
154,0,1000,0,0,1000,0,1000,36,38,36,38,26,27,23137,85,0,0,289,1,22848,84,36,38,36,38,26,27,23137,85,0,0,289,1,22848,84,36,38,36,38,26,27,23137,85,0,0,289,1,22848,84,36,38,36,38,26,27,23137,85,0,0,289,1,22848,84,36,38,36,38,26,27,23137,85,0,0,289,1,22848,84,36,38,36,38,26,27,23137,85,0,0,289,1,22848,84
155,0,1000,0,0,1000,0,1000,36,38,36,38,27,28,0,0,0,0,0,0,0,0,36,38,36,38,27,28,0,0,0,0,0,0,0,0,36,38,36,38,27,28,0,0,0,0,0,0,0,0,36,38,36,38,27,28,0,0,0,0,0,0,0,0,36,38,36,38,27,28,0,0,0,0,0,0,0,0,36,38,36,38,27,28,0,0,0,0,0,0,0,0
156,0,1000,0,0,1000,0,1000,36,38,36,38,27,28,0,0,0,0,0,0,0,0,36,38,36,38,27,28,0,0,0,0,0,0,0,0,36,38,36,38,27,28,0,0,0,0,0,0,0,0,36,38,36,38,27,28,0,0,0,0,0,0,0,0,36,38,36,38,27,28,0,0,0,0,0,0,0,0,36,38,36,38,27,28,0,0,0,0,0,0,0,0
157,0,1000,0,0,1000,0,1000,36,38,36,38,27,28,75043,24,75043,24,0,0,0,0,36,38,36,38,27,28,75043,24,75043,24,0,0,0,0,36,38,36,38,27,28,75043,24,75043,24,0,0,0,0,36,38,36,38,27,28,75043,24,75043,24,0,0,0,0,36,38,36,38,27,28,75043,24,75043,24,0,0,0,0,36,38,36,38,27,28,75043,24,75043,24,0,0,0,0
158,0,1000,0,0,1000,0,1000,37,39,37,39,27,28,31843,117,0,0,291,1,31552,116,37,39,37,39,27,28,31843,117,0,0,291,1,31552,116,37,39,37,39,27,28,31843,117,0,0,291,1,31552,116,37,39,37,39,27,28,31843,117,0,0,291,1,31552,116,37,39,37,39,27,28,31843,117,0,0,291,1,31552,116,37,39,37,39,27,28,31843,117,0,0,291,1,31552,116
159,0,1000,0,0,1000,0,1000,37,39,37,39,27,28,0,0,0,0,0,0,0,0,37,39,37,39,27,28,0,0,0,0,0,0,0,0,37,39,37,39,27,28,0,0,0,0,0,0,0,0,37,39,37,39,27,28,0,0,0,0,0,0,0,0,37,39,37,39,27,28,0,0,0,0,0,0,0,0,37,39,37,39,27,28,0,0,0,0,0,0,0,0
160,0,1000,0,0,1000,0,1000,37,39,37,39,27,28,0,0,0,0,0,0,0,0,37,39,37,39,27,28,0,0,0,0,0,0,0,0,37,39,37,39,27,28,0,0,0,0,0,0,0,0,37,39,37,39,27,28,0,0,0,0,0,0,0,0,37,39,37,39,27,28,0,0,0,0,0,0,0,0,37,39,37,39,27,28,0,0,0,0,0,0,0,0
161,0,1000,0,0,1000,0,1000,37,39,37,39,27,28,95471,23,95471,23,0,0,0,0,37,39,37,39,27,28,95471,23,95471,23,0,0,0,0,37,39,37,39,27,28,95471,23,95471,23,0,0,0,0,37,39,37,39,27,28,95471,23,95471,23,0,0,0,0,37,39,37,39,27,28,95471,23,95471,23,0,0,0,0,37,39,37,39,27,28,95471,23,95471,23,0,0,0,0
162,0,1000,0,0,1000,0,1000,38,40,38,40,27,28,22867,84,0,0,291,1,22576,83,38,40,38,40,27,28,22867,84,0,0,291,1,22576,83,38,40,38,40,27,28,22867,84,0,0,291,1,22576,83,38,40,38,40,27,28,22867,84,0,0,291,1,22576,83,38,40,38,40,27,28,22867,84,0,0,291,1,22576,83,38,40,38,40,27,28,22867,84,0,0,291,1,22576,83
163,0,1000,0,0,1000,0,1000,38,40,38,40,28,30,0,0,0,0,0,0,0,0,38,40,38,40,28,30,0,0,0,0,0,0,0,0,38,40,38,40,28,30,0,0,0,0,0,0,0,0,38,40,38,40,28,30,0,0,0,0,0,0,0,0,38,40,38,40,28,30,0,0,0,0,0,0,0,0,38,40,38,40,28,30,0,0,0,0,0,0,0,0
164,0,1000,0,0,1000,0,1000,38,40,38,40,28,30,0,0,0,0,0,0,0,0,38,40,38,40,28,30,0,0,0,0,0,0,0,0,38,40,38,40,28,30,0,0,0,0,0,0,0,0,38,40,38,40,28,30,0,0,0,0,0,0,0,0,38,40,38,40,28,30,0,0,0,0,0,0,0,0,38,40,38,40,28,30,0,0,0,0,0,0,0,0
165,0,1000,0,0,1000,0,1000,38,40,38,40,28,30,64993,21,64993,21,0,0,0,0,38,40,38,40,28,30,64993,21,64993,21,0,0,0,0,38,40,38,40,28,30,64993,21,64993,21,0,0,0,0,38,40,38,40,28,30,64993,21,64993,21,0,0,0,0,38,40,38,40,28,30,64993,21,64993,21,0,0,0,0,38,40,38,40,28,30,64993,21,64993,21,0,0,0,0
166,0,1000,0,0,1000,0,1000,39,41,39,41,28,30,27219,100,0,0,291,1,26928,99,39,41,39,41,28,30,27219,100,0,0,291,1,26928,99,39,41,39,41,28,30,27219,100,0,0,291,1,26928,99,39,41,39,41,28,30,27219,100,0,0,291,1,26928,99,39,41,39,41,28,30,27219,100,0,0,291,1,26928,99,39,41,39,41,28,30,27219,100,0,0,291,1,26928,99
167,0,1000,0,0,1000,0,1000,39,41,39,41,29,31,0,0,0,0,0,0,0,0,39,41,39,41,29,31,0,0,0,0,0,0,0,0,39,41,39,41,29,31,0,0,0,0,0,0,0,0,39,41,39,41,29,31,0,0,0,0,0,0,0,0,39,41,39,41,29,31,0,0,0,0,0,0,0,0,39,41,39,41,29,31,0,0,0,0,0,0,0,0
168,0,1000,0,0,1000,0,1000,39,41,39,41,29,31,0,0,0,0,0,0,0,0,39,41,39,41,29,31,0,0,0,0,0,0,0,0,39,41,39,41,29,31,0,0,0,0,0,0,0,0,39,41,39,41,29,31,0,0,0,0,0,0,0,0,39,41,39,41,29,31,0,0,0,0,0,0,0,0,39,41,39,41,29,31,0,0,0,0,0,0,0,0
169,0,1000,0,0,1000,0,1000,39,41,39,41,29,31,79350,22,79350,22,0,0,0,0,39,41,39,41,29,31,79350,22,79350,22,0,0,0,0,39,41,39,41,29,31,79350,22,79350,22,0,0,0,0,39,41,39,41,29,31,79350,22,79350,22,0,0,0,0,39,41,39,41,29,31,79350,22,79350,22,0,0,0,0,39,41,39,41,29,31,79350,22,79350,22,0,0,0,0
170,0,1000,0,0,1000,0,1000,40,42,40,42,29,31,29123,107,0,0,291,1,28832,106,40,42,40,42,29,31,29123,107,0,0,291,1,28832,106,40,42,40,42,29,31,29123,107,0,0,291,1,28832,106,40,42,40,42,29,31,29123,107,0,0,291,1,28832,106,40,42,40,42,29,31,29123,107,0,0,291,1,28832,106,40,42,40,42,29,31,29123,107,0,0,291,1,28832,106
171,0,1000,0,0,1000,0,1000,40,42,40,42,30,32,0,0,0,0,0,0,0,0,40,42,40,42,30,32,0,0,0,0,0,0,0,0,40,42,40,42,30,32,0,0,0,0,0,0,0,0,40,42,40,42,30,32,0,0,0,0,0,0,0,0,40,42,40,42,30,32,0,0,0,0,0,0,0,0,40,42,40,42,30,32,0,0,0,0,0,0,0,0
172,0,1000,0,0,1000,0,1000,40,42,40,42,30,32,0,0,0,0,0,0,0,0,40,42,40,42,30,32,0,0,0,0,0,0,0,0,40,42,40,42,30,32,0,0,0,0,0,0,0,0,40,42,40,42,30,32,0,0,0,0,0,0,0,0,40,42,40,42,30,32,0,0,0,0,0,0,0,0,40,42,40,42,30,32,0,0,0,0,0,0,0,0
173,0,1000,0,0,1000,0,1000,40,42,40,42,30,32,61295,16,61295,16,0,0,0,0,40,42,40,42,30,32,61295,16,61295,16,0,0,0,0,40,42,40,42,30,32,61295,16,61295,16,0,0,0,0,40,42,40,42,30,32,61295,16,61295,16,0,0,0,0,40,42,40,42,30,32,61295,16,61295,16,0,0,0,0,40,42,40,42,30,32,61295,16,61295,16,0,0,0,0
174,0,1000,0,0,1000,0,1000,41,43,41,43,30,32,32931,121,0,0,291,1,32640,120,41,43,41,43,30,32,32931,121,0,0,291,1,32640,120,41,43,41,43,30,32,32931,121,0,0,291,1,32640,120,41,43,41,43,30,32,32931,121,0,0,291,1,32640,120,41,43,41,43,30,32,32931,121,0,0,291,1,32640,120,41,43,41,43,30,32,32931,121,0,0,291,1,32640,120
175,0,1000,0,0,1000,0,1000,41,43,41,43,31,33,0,0,0,0,0,0,0,0,41,43,41,43,31,33,0,0,0,0,0,0,0,0,41,43,41,43,31,33,0,0,0,0,0,0,0,0,41,43,41,43,31,33,0,0,0,0,0,0,0,0,41,43,41,43,31,33,0,0,0,0,0,0,0,0,41,43,41,43,31,33,0,0,0,0,0,0,0,0
176,0,1000,0,0,1000,0,1000,41,43,41,43,31,33,0,0,0,0,0,0,0,0,41,43,41,43,31,33,0,0,0,0,0,0,0,0,41,43,41,43,31,33,0,0,0,0,0,0,0,0,41,43,41,43,31,33,0,0,0,0,0,0,0,0,41,43,41,43,31,33,0,0,0,0,0,0,0,0,41,43,41,43,31,33,0,0,0,0,0,0,0,0
177,0,1000,0,0,1000,0,1000,41,43,41,43,31,33,64184,15,64184,15,0,0,0,0,41,43,41,43,31,33,64184,15,64184,15,0,0,0,0,41,43,41,43,31,33,64184,15,64184,15,0,0,0,0,41,43,41,43,31,33,64184,15,64184,15,0,0,0,0,41,43,41,43,31,33,64184,15,64184,15,0,0,0,0,41,43,41,43,31,33,64184,15,64184,15,0,0,0,0
178,0,1000,0,0,1000,0,1000,42,44,42,44,31,33,27491,101,0,0,291,1,27200,100,42,44,42,44,31,33,27491,101,0,0,291,1,27200,100,42,44,42,44,31,33,27491,101,0,0,291,1,27200,100,42,44,42,44,31,33,27491,101,0,0,291,1,27200,100,42,44,42,44,31,33,27491,101,0,0,291,1,27200,100,42,44,42,44,31,33,27491,101,0,0,291,1,27200,100
179,0,1000,0,0,1000,0,1000,42,44,42,44,32,34,0,0,0,0,0,0,0,0,42,44,42,44,32,34,0,0,0,0,0,0,0,0,42,44,42,44,32,34,0,0,0,0,0,0,0,0,42,44,42,44,32,34,0,0,0,0,0,0,0,0,42,44,42,44,32,34,0,0,0,0,0,0,0,0,42,44,42,44,32,34,0,0,0,0,0,0,0,0
180,0,1000,0,0,1000,0,1000,42,44,42,44,32,34,0,0,0,0,0,0,0,0,42,44,42,44,32,34,0,0,0,0,0,0,0,0,42,44,42,44,32,34,0,0,0,0,0,0,0,0,42,44,42,44,32,34,0,0,0,0,0,0,0,0,42,44,42,44,32,34,0,0,0,0,0,0,0,0,42,44,42,44,32,34,0,0,0,0,0,0,0,0
181,0,1000,0,0,1000,0,1000,42,44,42,44,32,34,101892,28,101892,28,0,0,0,0,42,44,42,44,32,34,101892,28,101892,28,0,0,0,0,42,44,42,44,32,34,101892,28,101892,28,0,0,0,0,42,44,42,44,32,34,101892,28,101892,28,0,0,0,0,42,44,42,44,32,34,101892,28,101892,28,0,0,0,0,42,44,42,44,32,34,101892,28,101892,28,0,0,0,0
182,0,1000,0,0,1000,0,1000,43,45,43,45,32,34,28579,105,0,0,291,1,28288,104,43,45,43,45,32,34,28579,105,0,0,291,1,28288,104,43,45,43,45,32,34,28579,105,0,0,291,1,28288,104,43,45,43,45,32,34,28579,105,0,0,291,1,28288,104,43,45,43,45,32,34,28579,105,0,0,291,1,28288,104,43,45,43,45,32,34,28579,105,0,0,291,1,28288,104
183,0,1000,0,0,1000,0,1000,43,45,43,45,33,35,0,0,0,0,0,0,0,0,43,45,43,45,33,35,0,0,0,0,0,0,0,0,43,45,43,45,33,35,0,0,0,0,0,0,0,0,43,45,43,45,33,35,0,0,0,0,0,0,0,0,43,45,43,45,33,35,0,0,0,0,0,0,0,0,43,45,43,45,33,35,0,0,0,0,0,0,0,0
184,0,1000,0,0,1000,0,1000,43,45,43,45,33,35,0,0,0,0,0,0,0,0,43,45,43,45,33,35,0,0,0,0,0,0,0,0,43,45,43,45,33,35,0,0,0,0,0,0,0,0,43,45,43,45,33,35,0,0,0,0,0,0,0,0,43,45,43,45,33,35,0,0,0,0,0,0,0,0,43,45,43,45,33,35,0,0,0,0,0,0,0,0
185,0,1000,0,0,1000,0,1000,43,45,43,45,33,35,64039,17,64039,17,0,0,0,0,43,45,43,45,33,35,64039,17,64039,17,0,0,0,0,43,45,43,45,33,35,64039,17,64039,17,0,0,0,0,43,45,43,45,33,35,64039,17,64039,17,0,0,0,0,43,45,43,45,33,35,64039,17,64039,17,0,0,0,0,43,45,43,45,33,35,64039,17,64039,17,0,0,0,0
186,0,1000,0,0,1000,0,1000,44,46,44,46,33,35,23139,85,0,0,291,1,22848,84,44,46,44,46,33,35,23139,85,0,0,291,1,22848,84,44,46,44,46,33,35,23139,85,0,0,291,1,22848,84,44,46,44,46,33,35,23139,85,0,0,291,1,22848,84,44,46,44,46,33,35,23139,85,0,0,291,1,22848,84,44,46,44,46,33,35,23139,85,0,0,291,1,22848,84
187,900,100,900,0,100,0,1000,44,46,44,46,33,35,0,0,0,0,0,0,0,0,44,46,44,46,33,35,0,0,0,0,0,0,0,0,44,46,44,46,33,35,0,0,0,0,0,0,0,0,44,46,44,46,33,35,0,0,0,0,0,0,0,0,44,46,44,46,33,35,0,0,0,0,0,0,0,0,44,46,44,46,34,36,0,0,0,0,0,0,0,0
188,900,100,900,0,100,0,1000,44,46,44,46,33,35,0,0,0,0,0,0,0,0,44,46,44,46,33,35,0,0,0,0,0,0,0,0,44,46,44,46,33,35,0,0,0,0,0,0,0,0,44,46,44,46,33,35,0,0,0,0,0,0,0,0,44,46,44,46,33,35,0,0,0,0,0,0,0,0,44,46,44,46,34,36,0,0,0,0,0,0,0,0
189,900,100,900,0,100,0,1000,44,46,44,46,33,35,6254,2,6254,2,0,0,0,0,44,46,44,46,33,35,6254,2,6254,2,0,0,0,0,44,46,44,46,33,35,6254,2,6254,2,0,0,0,0,44,46,44,46,33,35,6254,2,6254,2,0,0,0,0,44,46,44,46,33,35,6254,2,6254,2,0,0,0,0,44,46,44,46,34,36,6254,2,6254,2,0,0,0,0
190,900,100,900,0,100,0,1000,44,46,44,46,33,35,2195,8,0,0,291,1,1904,7,44,46,44,46,33,35,2195,8,0,0,291,1,1904,7,44,46,44,46,33,35,2195,8,0,0,291,1,1904,7,44,46,44,46,33,35,2195,8,0,0,291,1,1904,7,44,46,44,46,33,35,2195,8,0,0,291,1,1904,7,44,46,44,46,34,36,2195,8,0,0,291,1,1904,7
191,900,100,900,0,100,0,1000,44,46,44,46,33,35,0,0,0,0,0,0,0,0,44,46,44,46,33,35,0,0,0,0,0,0,0,0,44,46,44,46,33,35,0,0,0,0,0,0,0,0,44,46,44,46,33,35,0,0,0,0,0,0,0,0,44,46,44,46,33,35,0,0,0,0,0,0,0,0,44,46,44,46,35,37,0,0,0,0,0,0,0,0
192,900,100,900,0,100,0,1000,44,46,44,46,33,35,0,0,0,0,0,0,0,0,44,46,44,46,33,35,0,0,0,0,0,0,0,0,44,46,44,46,33,35,0,0,0,0,0,0,0,0,44,46,44,46,33,35,0,0,0,0,0,0,0,0,44,46,44,46,33,35,0,0,0,0,0,0,0,0,44,46,44,46,35,37,0,0,0,0,0,0,0,0
193,900,100,900,0,100,0,1000,44,46,44,46,33,35,1326,2,1326,2,0,0,0,0,44,46,44,46,33,35,1326,2,1326,2,0,0,0,0,44,46,44,46,33,35,1326,2,1326,2,0,0,0,0,44,46,44,46,33,35,1326,2,1326,2,0,0,0,0,44,46,44,46,33,35,1326,2,1326,2,0,0,0,0,44,46,44,46,35,37,1326,2,1326,2,0,0,0,0
194,900,100,900,0,100,0,1000,44,46,44,46,33,35,2467,9,0,0,291,1,2176,8,44,46,44,46,33,35,2467,9,0,0,291,1,2176,8,44,46,44,46,33,35,2467,9,0,0,291,1,2176,8,44,46,44,46,33,35,2467,9,0,0,291,1,2176,8,44,46,44,46,33,35,2467,9,0,0,291,1,2176,8,44,46,44,46,35,37,2467,9,0,0,291,1,2176,8
195,900,100,900,0,100,0,1000,44,46,44,46,33,35,0,0,0,0,0,0,0,0,44,46,44,46,33,35,0,0,0,0,0,0,0,0,44,46,44,46,33,35,0,0,0,0,0,0,0,0,44,46,44,46,33,35,0,0,0,0,0,0,0,0,44,46,44,46,33,35,0,0,0,0,0,0,0,0,44,46,44,46,36,38,0,0,0,0,0,0,0,0
196,900,100,900,0,100,0,1000,44,46,44,46,33,35,0,0,0,0,0,0,0,0,44,46,44,46,33,35,0,0,0,0,0,0,0,0,44,46,44,46,33,35,0,0,0,0,0,0,0,0,44,46,44,46,33,35,0,0,0,0,0,0,0,0,44,46,44,46,33,35,0,0,0,0,0,0,0,0,44,46,44,46,36,38,0,0,0,0,0,0,0,0
197,900,100,900,0,100,0,1000,44,46,44,46,33,35,695,1,695,1,0,0,0,0,44,46,44,46,33,35,695,1,695,1,0,0,0,0,44,46,44,46,33,35,695,1,695,1,0,0,0,0,44,46,44,46,33,35,695,1,695,1,0,0,0,0,44,46,44,46,33,35,695,1,695,1,0,0,0,0,44,46,44,46,36,38,695,1,695,1,0,0,0,0
198,900,100,900,0,100,0,1000,44,46,44,46,33,35,2739,10,0,0,291,1,2448,9,44,46,44,46,33,35,2739,10,0,0,291,1,2448,9,44,46,44,46,33,35,2739,10,0,0,291,1,2448,9,44,46,44,46,33,35,2739,10,0,0,291,1,2448,9,44,46,44,46,33,35,2739,10,0,0,291,1,2448,9,44,46,44,46,36,38,2739,10,0,0,291,1,2448,9
199,900,100,900,0,100,0,1000,44,46,44,46,33,35,0,0,0,0,0,0,0,0,44,46,44,46,33,35,0,0,0,0,0,0,0,0,44,46,44,46,33,35,0,0,0,0,0,0,0,0,44,46,44,46,33,35,0,0,0,0,0,0,0,0,44,46,44,46,33,35,0,0,0,0,0,0,0,0,44,46,44,46,37,39,0,0,0,0,0,0,0,0
200,900,100,900,0,100,0,1000,44,46,44,46,33,35,0,0,0,0,0,0,0,0,44,46,44,46,33,35,0,0,0,0,0,0,0,0,44,46,44,46,33,35,0,0,0,0,0,0,0,0,44,46,44,46,33,35,0,0,0,0,0,0,0,0,44,46,44,46,33,35,0,0,0,0,0,0,0,0,44,46,44,46,37,39,0,0,0,0,0,0,0,0
201,900,100,900,0,100,0,1000,44,46,44,46,33,35,3635,5,3635,5,0,0,0,0,44,46,44,46,33,35,3635,5,3635,5,0,0,0,0,44,46,44,46,33,35,3635,5,3635,5,0,0,0,0,44,46,44,46,33,35,3635,5,3635,5,0,0,0,0,44,46,44,46,33,35,3635,5,3635,5,0,0,0,0,44,46,44,46,37,39,3635,5,3635,5,0,0,0,0
202,900,100,900,0,100,0,1000,44,46,44,46,33,35,3555,13,0,0,291,1,3264,12,44,46,44,46,33,35,3555,13,0,0,291,1,3264,12,44,46,44,46,33,35,3555,13,0,0,291,1,3264,12,44,46,44,46,33,35,3555,13,0,0,291,1,3264,12,44,46,44,46,33,35,3555,13,0,0,291,1,3264,12,44,46,44,46,37,39,3555,13,0,0,291,1,3264,12
203,900,100,900,0,100,0,1000,44,46,44,46,33,35,0,0,0,0,0,0,0,0,44,46,44,46,33,35,0,0,0,0,0,0,0,0,44,46,44,46,33,35,0,0,0,0,0,0,0,0,44,46,44,46,33,35,0,0,0,0,0,0,0,0,44,46,44,46,33,35,0,0,0,0,0,0,0,0,44,46,44,46,38,40,0,0,0,0,0,0,0,0
204,900,100,900,0,100,0,1000,44,46,44,46,33,35,0,0,0,0,0,0,0,0,44,46,44,46,33,35,0,0,0,0,0,0,0,0,44,46,44,46,33,35,0,0,0,0,0,0,0,0,44,46,44,46,33,35,0,0,0,0,0,0,0,0,44,46,44,46,33,35,0,0,0,0,0,0,0,0,44,46,44,46,38,40,0,0,0,0,0,0,0,0
205,900,100,900,0,100,0,1000,44,46,44,46,33,35,1646,2,1646,2,0,0,0,0,44,46,44,46,33,35,1646,2,1646,2,0,0,0,0,44,46,44,46,33,35,1646,2,1646,2,0,0,0,0,44,46,44,46,33,35,1646,2,1646,2,0,0,0,0,44,46,44,46,33,35,1646,2,1646,2,0,0,0,0,44,46,44,46,38,40,1646,2,1646,2,0,0,0,0
206,900,100,900,0,100,0,1000,44,46,44,46,33,35,2195,8,0,0,291,1,1904,7,44,46,44,46,33,35,2195,8,0,0,291,1,1904,7,44,46,44,46,33,35,2195,8,0,0,291,1,1904,7,44,46,44,46,33,35,2195,8,0,0,291,1,1904,7,44,46,44,46,33,35,2195,8,0,0,291,1,1904,7,44,46,44,46,38,40,2195,8,0,0,291,1,1904,7
207,900,100,900,0,100,0,1000,44,46,44,46,33,35,0,0,0,0,0,0,0,0,44,46,44,46,33,35,0,0,0,0,0,0,0,0,44,46,44,46,33,35,0,0,0,0,0,0,0,0,44,46,44,46,33,35,0,0,0,0,0,0,0,0,44,46,44,46,33,35,0,0,0,0,0,0,0,0,44,46,44,46,39,41,0,0,0,0,0,0,0,0
208,900,100,900,0,100,0,1000,44,46,44,46,33,35,0,0,0,0,0,0,0,0,44,46,44,46,33,35,0,0,0,0,0,0,0,0,44,46,44,46,33,35,0,0,0,0,0,0,0,0,44,46,44,46,33,35,0,0,0,0,0,0,0,0,44,46,44,46,33,35,0,0,0,0,0,0,0,0,44,46,44,46,39,41,0,0,0,0,0,0,0,0
209,900,100,900,0,100,0,1000,44,46,44,46,33,35,1989,3,1989,3,0,0,0,0,44,46,44,46,33,35,1989,3,1989,3,0,0,0,0,44,46,44,46,33,35,1989,3,1989,3,0,0,0,0,44,46,44,46,33,35,1989,3,1989,3,0,0,0,0,44,46,44,46,33,35,1989,3,1989,3,0,0,0,0,44,46,44,46,39,41,1989,3,1989,3,0,0,0,0
210,900,100,900,0,100,0,1000,44,46,44,46,33,35,3283,12,0,0,291,1,2992,11,44,46,44,46,33,35,3283,12,0,0,291,1,2992,11,44,46,44,46,33,35,3283,12,0,0,291,1,2992,11,44,46,44,46,33,35,3283,12,0,0,291,1,2992,11,44,46,44,46,33,35,3283,12,0,0,291,1,2992,11,44,46,44,46,39,41,3283,12,0,0,291,1,2992,11
211,900,100,900,0,100,0,1000,44,46,44,46,33,35,0,0,0,0,0,0,0,0,44,46,44,46,33,35,0,0,0,0,0,0,0,0,44,46,44,46,33,35,0,0,0,0,0,0,0,0,44,46,44,46,33,35,0,0,0,0,0,0,0,0,44,46,44,46,33,35,0,0,0,0,0,0,0,0,44,46,44,46,40,42,0,0,0,0,0,0,0,0
212,900,100,900,0,100,0,1000,44,46,44,46,33,35,0,0,0,0,0,0,0,0,44,46,44,46,33,35,0,0,0,0,0,0,0,0,44,46,44,46,33,35,0,0,0,0,0,0,0,0,44,46,44,46,33,35,0,0,0,0,0,0,0,0,44,46,44,46,33,35,0,0,0,0,0,0,0,0,44,46,44,46,40,42,0,0,0,0,0,0,0,0
213,900,100,900,0,100,0,1000,44,46,44,46,33,35,3164,4,3164,4,0,0,0,0,44,46,44,46,33,35,3164,4,3164,4,0,0,0,0,44,46,44,46,33,35,3164,4,3164,4,0,0,0,0,44,46,44,46,33,35,3164,4,3164,4,0,0,0,0,44,46,44,46,33,35,3164,4,3164,4,0,0,0,0,44,46,44,46,40,42,3164,4,3164,4,0,0,0,0
214,900,100,900,0,100,0,1000,44,46,44,46,33,35,3283,12,0,0,291,1,2992,11,44,46,44,46,33,35,3283,12,0,0,291,1,2992,11,44,46,44,46,33,35,3283,12,0,0,291,1,2992,11,44,46,44,46,33,35,3283,12,0,0,291,1,2992,11,44,46,44,46,33,35,3283,12,0,0,291,1,2992,11,44,46,44,46,40,42,3283,12,0,0,291,1,2992,11
215,900,100,900,0,100,0,1000,44,46,44,46,33,35,0,0,0,0,0,0,0,0,44,46,44,46,33,35,0,0,0,0,0,0,0,0,44,46,44,46,33,35,0,0,0,0,0,0,0,0,44,46,44,46,33,35,0,0,0,0,0,0,0,0,44,46,44,46,33,35,0,0,0,0,0,0,0,0,44,46,44,46,41,43,0,0,0,0,0,0,0,0
216,900,100,900,0,100,0,1000,44,46,44,46,33,35,0,0,0,0,0,0,0,0,44,46,44,46,33,35,0,0,0,0,0,0,0,0,44,46,44,46,33,35,0,0,0,0,0,0,0,0,44,46,44,46,33,35,0,0,0,0,0,0,0,0,44,46,44,46,33,35,0,0,0,0,0,0,0,0,44,46,44,46,41,43,0,0,0,0,0,0,0,0
217,900,100,900,0,100,0,1000,44,46,44,46,33,35,3955,5,3955,5,0,0,0,0,44,46,44,46,33,35,3955,5,3955,5,0,0,0,0,44,46,44,46,33,35,3955,5,3955,5,0,0,0,0,44,46,44,46,33,35,3955,5,3955,5,0,0,0,0,44,46,44,46,33,35,3955,5,3955,5,0,0,0,0,44,46,44,46,41,43,3955,5,3955,5,0,0,0,0
218,900,100,900,0,100,0,1000,44,46,44,46,33,35,3827,14,0,0,291,1,3536,13,44,46,44,46,33,35,3827,14,0,0,291,1,3536,13,44,46,44,46,33,35,3827,14,0,0,291,1,3536,13,44,46,44,46,33,35,3827,14,0,0,291,1,3536,13,44,46,44,46,33,35,3827,14,0,0,291,1,3536,13,44,46,44,46,41,43,3827,14,0,0,291,1,3536,13
219,900,100,900,0,100,0,1000,44,46,44,46,33,35,0,0,0,0,0,0,0,0,44,46,44,46,33,35,0,0,0,0,0,0,0,0,44,46,44,46,33,35,0,0,0,0,0,0,0,0,44,46,44,46,33,35,0,0,0,0,0,0,0,0,44,46,44,46,33,35,0,0,0,0,0,0,0,0,44,46,44,46,42,44,0,0,0,0,0,0,0,0
220,900,100,900,0,100,0,1000,44,46,44,46,33,35,0,0,0,0,0,0,0,0,44,46,44,46,33,35,0,0,0,0,0,0,0,0,44,46,44,46,33,35,0,0,0,0,0,0,0,0,44,46,44,46,33,35,0,0,0,0,0,0,0,0,44,46,44,46,33,35,0,0,0,0,0,0,0,0,44,46,44,46,42,44,0,0,0,0,0,0,0,0
221,900,100,900,0,100,0,1000,44,46,44,46,33,35,4273,5,4273,5,0,0,0,0,44,46,44,46,33,35,4273,5,4273,5,0,0,0,0,44,46,44,46,33,35,4273,5,4273,5,0,0,0,0,44,46,44,46,33,35,4273,5,4273,5,0,0,0,0,44,46,44,46,33,35,4273,5,4273,5,0,0,0,0,44,46,44,46,42,44,4273,5,4273,5,0,0,0,0
222,900,100,900,0,100,0,1000,44,46,44,46,33,35,4643,17,0,0,291,1,4352,16,44,46,44,46,33,35,4643,17,0,0,291,1,4352,16,44,46,44,46,33,35,4643,17,0,0,291,1,4352,16,44,46,44,46,33,35,4643,17,0,0,291,1,4352,16,44,46,44,46,33,35,4643,17,0,0,291,1,4352,16,44,46,44,46,42,44,4643,17,0,0,291,1,4352,16
223,900,100,900,0,100,0,1000,44,46,44,46,33,35,0,0,0,0,0,0,0,0,44,46,44,46,33,35,0,0,0,0,0,0,0,0,44,46,44,46,33,35,0,0,0,0,0,0,0,0,44,46,44,46,33,35,0,0,0,0,0,0,0,0,44,46,44,46,33,35,0,0,0,0,0,0,0,0,44,46,44,46,43,45,0,0,0,0,0,0,0,0
224,900,100,900,0,100,0,1000,44,46,44,46,33,35,0,0,0,0,0,0,0,0,44,46,44,46,33,35,0,0,0,0,0,0,0,0,44,46,44,46,33,35,0,0,0,0,0,0,0,0,44,46,44,46,33,35,0,0,0,0,0,0,0,0,44,46,44,46,33,35,0,0,0,0,0,0,0,0,44,46,44,46,43,45,0,0,0,0,0,0,0,0
225,900,100,900,0,100,0,1000,44,46,44,46,33,35,0,0,0,0,0,0,0,0,44,46,44,46,33,35,0,0,0,0,0,0,0,0,44,46,44,46,33,35,0,0,0,0,0,0,0,0,44,46,44,46,33,35,0,0,0,0,0,0,0,0,44,46,44,46,33,35,0,0,0,0,0,0,0,0,44,46,44,46,43,45,0,0,0,0,0,0,0,0
226,900,100,900,0,100,0,1000,44,46,44,46,33,35,3808,14,0,0,0,0,3808,14,44,46,44,46,33,35,3808,14,0,0,0,0,3808,14,44,46,44,46,33,35,3808,14,0,0,0,0,3808,14,44,46,44,46,33,35,3808,14,0,0,0,0,3808,14,44,46,44,46,33,35,3808,14,0,0,0,0,3808,14,44,46,44,46,43,45,3808,14,0,0,0,0,3808,14
227,900,100,900,0,100,0,1000,44,46,44,46,33,35,0,0,0,0,0,0,0,0,44,46,44,46,33,35,0,0,0,0,0,0,0,0,44,46,44,46,33,35,0,0,0,0,0,0,0,0,44,46,44,46,33,35,0,0,0,0,0,0,0,0,44,46,44,46,33,35,0,0,0,0,0,0,0,0,44,46,44,46,44,46,0,0,0,0,0,0,0,0
228,900,100,900,0,100,0,1000,44,46,44,46,33,35,0,0,0,0,0,0,0,0,44,46,44,46,33,35,0,0,0,0,0,0,0,0,44,46,44,46,33,35,0,0,0,0,0,0,0,0,44,46,44,46,33,35,0,0,0,0,0,0,0,0,44,46,44,46,33,35,0,0,0,0,0,0,0,0,44,46,44,46,44,46,0,0,0,0,0,0,0,0
229,900,100,900,0,100,0,1000,44,46,44,46,33,35,4432,5,4432,5,0,0,0,0,44,46,44,46,33,35,4432,5,4432,5,0,0,0,0,44,46,44,46,33,35,4432,5,4432,5,0,0,0,0,44,46,44,46,33,35,4432,5,4432,5,0,0,0,0,44,46,44,46,33,35,4432,5,4432,5,0,0,0,0,44,46,44,46,44,46,4432,5,4432,5,0,0,0,0
230,900,100,900,0,100,0,1000,44,46,44,46,33,35,2195,8,0,0,291,1,1904,7,44,46,44,46,33,35,2195,8,0,0,291,1,1904,7,44,46,44,46,33,35,2195,8,0,0,291,1,1904,7,44,46,44,46,33,35,2195,8,0,0,291,1,1904,7,44,46,44,46,33,35,2195,8,0,0,291,1,1904,7,44,46,44,46,44,46,2195,8,0,0,291,1,1904,7
231,900,100,900,0,100,0,1000,44,46,44,46,33,35,0,0,0,0,0,0,0,0,44,46,44,46,33,35,0,0,0,0,0,0,0,0,44,46,44,46,33,35,0,0,0,0,0,0,0,0,44,46,44,46,33,35,0,0,0,0,0,0,0,0,44,46,44,46,33,35,0,0,0,0,0,0,0,0,45,47,44,46,45,47,0,0,0,0,0,0,0,0
232,900,100,900,0,100,0,1000,44,46,44,46,33,35,0,0,0,0,0,0,0,0,44,46,44,46,33,35,0,0,0,0,0,0,0,0,44,46,44,46,33,35,0,0,0,0,0,0,0,0,44,46,44,46,33,35,0,0,0,0,0,0,0,0,44,46,44,46,33,35,0,0,0,0,0,0,0,0,45,47,44,46,45,47,0,0,0,0,0,0,0,0
233,900,100,900,0,100,0,1000,44,46,44,46,33,35,0,0,0,0,0,0,0,0,44,46,44,46,33,35,0,0,0,0,0,0,0,0,44,46,44,46,33,35,0,0,0,0,0,0,0,0,44,46,44,46,33,35,0,0,0,0,0,0,0,0,44,46,44,46,33,35,0,0,0,0,0,0,0,0,45,47,44,46,45,47,0,0,0,0,0,0,0,0
234,900,100,900,0,100,0,1000,44,46,44,46,33,35,2720,10,0,0,0,0,2720,10,44,46,44,46,33,35,2720,10,0,0,0,0,2720,10,44,46,44,46,33,35,2720,10,0,0,0,0,2720,10,44,46,44,46,33,35,2720,10,0,0,0,0,2720,10,44,46,44,46,33,35,2720,10,0,0,0,0,2720,10,45,47,44,46,45,47,2720,10,0,0,0,0,2720,10
235,900,100,900,0,100,0,1000,44,46,44,46,33,35,0,0,0,0,0,0,0,0,44,46,44,46,33,35,0,0,0,0,0,0,0,0,44,46,44,46,33,35,0,0,0,0,0,0,0,0,44,46,44,46,33,35,0,0,0,0,0,0,0,0,44,46,44,46,33,35,0,0,0,0,0,0,0,0,46,48,44,46,46,48,0,0,0,0,0,0,0,0
236,900,100,900,0,100,0,1000,44,46,44,46,33,35,0,0,0,0,0,0,0,0,44,46,44,46,33,35,0,0,0,0,0,0,0,0,44,46,44,46,33,35,0,0,0,0,0,0,0,0,44,46,44,46,33,35,0,0,0,0,0,0,0,0,44,46,44,46,33,35,0,0,0,0,0,0,0,0,46,48,44,46,46,48,0,0,0,0,0,0,0,0
237,900,100,900,0,100,0,1000,44,46,44,46,33,35,1518,2,1518,2,0,0,0,0,44,46,44,46,33,35,1518,2,1518,2,0,0,0,0,44,46,44,46,33,35,1518,2,1518,2,0,0,0,0,44,46,44,46,33,35,1518,2,1518,2,0,0,0,0,44,46,44,46,33,35,1518,2,1518,2,0,0,0,0,46,48,44,46,46,48,1518,2,1518,2,0,0,0,0
238,900,100,900,0,100,0,1000,44,46,44,46,33,35,1923,7,0,0,291,1,1632,6,44,46,44,46,33,35,1923,7,0,0,291,1,1632,6,44,46,44,46,33,35,1923,7,0,0,291,1,1632,6,44,46,44,46,33,35,1923,7,0,0,291,1,1632,6,44,46,44,46,33,35,1923,7,0,0,291,1,1632,6,46,48,44,46,46,48,1923,7,0,0,291,1,1632,6
239,900,100,900,0,100,0,1000,44,46,44,46,33,35,0,0,0,0,0,0,0,0,44,46,44,46,33,35,0,0,0,0,0,0,0,0,44,46,44,46,33,35,0,0,0,0,0,0,0,0,44,46,44,46,33,35,0,0,0,0,0,0,0,0,44,46,44,46,33,35,0,0,0,0,0,0,0,0,47,49,44,46,47,49,0,0,0,0,0,0,0,0
240,900,100,900,0,100,0,1000,44,46,44,46,33,35,0,0,0,0,0,0,0,0,44,46,44,46,33,35,0,0,0,0,0,0,0,0,44,46,44,46,33,35,0,0,0,0,0,0,0,0,44,46,44,46,33,35,0,0,0,0,0,0,0,0,44,46,44,46,33,35,0,0,0,0,0,0,0,0,47,49,44,46,47,49,0,0,0,0,0,0,0,0
241,900,100,900,0,100,0,1000,44,46,44,46,33,35,1893,3,1893,3,0,0,0,0,44,46,44,46,33,35,1893,3,1893,3,0,0,0,0,44,46,44,46,33,35,1893,3,1893,3,0,0,0,0,44,46,44,46,33,35,1893,3,1893,3,0,0,0,0,44,46,44,46,33,35,1893,3,1893,3,0,0,0,0,47,49,44,46,47,49,1893,3,1893,3,0,0,0,0
242,900,100,900,0,100,0,1000,44,46,44,46,33,35,4099,15,0,0,291,1,3808,14,44,46,44,46,33,35,4099,15,0,0,291,1,3808,14,44,46,44,46,33,35,4099,15,0,0,291,1,3808,14,44,46,44,46,33,35,4099,15,0,0,291,1,3808,14,44,46,44,46,33,35,4099,15,0,0,291,1,3808,14,47,49,44,46,47,49,4099,15,0,0,291,1,3808,14
243,900,100,900,0,100,0,1000,44,46,44,46,33,35,0,0,0,0,0,0,0,0,44,46,44,46,33,35,0,0,0,0,0,0,0,0,44,46,44,46,33,35,0,0,0,0,0,0,0,0,44,46,44,46,33,35,0,0,0,0,0,0,0,0,44,46,44,46,33,35,0,0,0,0,0,0,0,0,48,50,44,46,48,50,0,0,0,0,0,0,0,0
244,900,100,900,0,100,0,1000,44,46,44,46,33,35,0,0,0,0,0,0,0,0,44,46,44,46,33,35,0,0,0,0,0,0,0,0,44,46,44,46,33,35,0,0,0,0,0,0,0,0,44,46,44,46,33,35,0,0,0,0,0,0,0,0,44,46,44,46,33,35,0,0,0,0,0,0,0,0,48,50,44,46,48,50,0,0,0,0,0,0,0,0
245,900,100,900,0,100,0,1000,44,46,44,46,33,35,2659,3,2659,3,0,0,0,0,44,46,44,46,33,35,2659,3,2659,3,0,0,0,0,44,46,44,46,33,35,2659,3,2659,3,0,0,0,0,44,46,44,46,33,35,2659,3,2659,3,0,0,0,0,44,46,44,46,33,35,2659,3,2659,3,0,0,0,0,48,50,44,46,48,50,2659,3,2659,3,0,0,0,0
246,900,100,900,0,100,0,1000,44,46,44,46,33,35,2465,9,0,0,289,1,2176,8,44,46,44,46,33,35,2465,9,0,0,289,1,2176,8,44,46,44,46,33,35,2465,9,0,0,289,1,2176,8,44,46,44,46,33,35,2465,9,0,0,289,1,2176,8,44,46,44,46,33,35,2465,9,0,0,289,1,2176,8,48,50,44,46,48,50,2465,9,0,0,289,1,2176,8
247,900,100,900,0,100,0,1000,44,46,44,46,33,35,0,0,0,0,0,0,0,0,44,46,44,46,33,35,0,0,0,0,0,0,0,0,44,46,44,46,33,35,0,0,0,0,0,0,0,0,44,46,44,46,33,35,0,0,0,0,0,0,0,0,44,46,44,46,33,35,0,0,0,0,0,0,0,0,49,51,44,46,49,51,0,0,0,0,0,0,0,0
248,0,1000,0,900,100,0,1000,44,46,44,46,33,35,0,0,0,0,0,0,0,0,44,46,44,46,33,35,0,0,0,0,0,0,0,0,44,46,44,46,33,35,0,0,0,0,0,0,0,0,44,46,44,46,33,35,0,0,0,0,0,0,0,0,44,46,44,46,33,35,0,0,0,0,0,0,0,0,49,51,44,46,49,51,0,0,0,0,0,0,0,0
249,0,1000,0,900,100,0,1000,44,46,44,46,33,35,3475,5,3475,5,0,0,0,0,44,46,44,46,33,35,3475,5,3475,5,0,0,0,0,44,46,44,46,33,35,3475,5,3475,5,0,0,0,0,44,46,44,46,33,35,3475,5,3475,5,0,0,0,0,44,46,44,46,33,35,3475,5,3475,5,0,0,0,0,49,51,44,46,49,51,3475,5,3475,5,0,0,0,0
250,0,1000,0,900,100,0,1000,44,46,44,46,33,35,2739,10,0,0,291,1,2448,9,44,46,44,46,33,35,2739,10,0,0,291,1,2448,9,44,46,44,46,33,35,2739,10,0,0,291,1,2448,9,44,46,44,46,33,35,2739,10,0,0,291,1,2448,9,44,46,44,46,33,35,2739,10,0,0,291,1,2448,9,49,51,44,46,49,51,2739,10,0,0,291,1,2448,9
251,0,1000,0,0,1000,0,1000,50,52,44,46,50,52,0,0,0,0,0,0,0,0,50,52,44,46,50,52,0,0,0,0,0,0,0,0,50,52,44,46,50,52,0,0,0,0,0,0,0,0,50,52,44,46,50,52,0,0,0,0,0,0,0,0,50,52,44,46,50,52,0,0,0,0,0,0,0,0,50,52,44,46,50,52,0,0,0,0,0,0,0,0
252,0,1000,0,0,1000,0,1000,50,52,44,46,50,52,0,0,0,0,0,0,0,0,50,52,44,46,50,52,0,0,0,0,0,0,0,0,50,52,44,46,50,52,0,0,0,0,0,0,0,0,50,52,44,46,50,52,0,0,0,0,0,0,0,0,50,52,44,46,50,52,0,0,0,0,0,0,0,0,50,52,44,46,50,52,0,0,0,0,0,0,0,0
253,0,1000,0,0,1000,0,1000,50,52,44,46,50,52,24714,34,24714,34,0,0,0,0,50,52,44,46,50,52,24714,34,24714,34,0,0,0,0,50,52,44,46,50,52,24714,34,24714,34,0,0,0,0,50,52,44,46,50,52,24714,34,24714,34,0,0,0,0,50,52,44,46,50,52,24714,34,24714,34,0,0,0,0,50,52,44,46,50,52,24714,34,24714,34,0,0,0,0
254,0,1000,0,0,1000,0,1000,59,63,59,63,50,52,26674,98,0,0,290,1,26384,97,59,63,59,63,50,52,26674,98,0,0,290,1,26384,97,59,63,59,63,50,52,26674,98,0,0,290,1,26384,97,59,63,59,63,50,52,26674,98,0,0,290,1,26384,97,59,63,59,63,50,52,26674,98,0,0,290,1,26384,97,59,63,59,63,50,52,26674,98,0,0,290,1,26384,97
255,0,1000,0,0,1000,0,1000,59,63,59,63,51,53,0,0,0,0,0,0,0,0,59,63,59,63,51,53,0,0,0,0,0,0,0,0,59,63,59,63,51,53,0,0,0,0,0,0,0,0,59,63,59,63,51,53,0,0,0,0,0,0,0,0,59,63,59,63,51,53,0,0,0,0,0,0,0,0,59,63,59,63,51,53,0,0,0,0,0,0,0,0
256,0,1000,0,0,1000,0,1000,59,63,59,63,51,53,0,0,0,0,0,0,0,0,59,63,59,63,51,53,0,0,0,0,0,0,0,0,59,63,59,63,51,53,0,0,0,0,0,0,0,0,59,63,59,63,51,53,0,0,0,0,0,0,0,0,59,63,59,63,51,53,0,0,0,0,0,0,0,0,59,63,59,63,51,53,0,0,0,0,0,0,0,0
257,0,1000,0,0,1000,0,1000,59,63,59,63,51,53,60229,17,60229,17,0,0,0,0,59,63,59,63,51,53,60229,17,60229,17,0,0,0,0,59,63,59,63,51,53,60229,17,60229,17,0,0,0,0,59,63,59,63,51,53,60229,17,60229,17,0,0,0,0,59,63,59,63,51,53,60229,17,60229,17,0,0,0,0,59,63,59,63,51,53,60229,17,60229,17,0,0,0,0
258,0,1000,0,0,1000,0,1000,60,64,60,64,51,53,26131,96,0,0,291,1,25840,95,60,64,60,64,51,53,26131,96,0,0,291,1,25840,95,60,64,60,64,51,53,26131,96,0,0,291,1,25840,95,60,64,60,64,51,53,26131,96,0,0,291,1,25840,95,60,64,60,64,51,53,26131,96,0,0,291,1,25840,95,60,64,60,64,51,53,26131,96,0,0,291,1,25840,95
259,0,1000,0,0,1000,0,1000,60,64,60,64,52,54,0,0,0,0,0,0,0,0,60,64,60,64,52,54,0,0,0,0,0,0,0,0,60,64,60,64,52,54,0,0,0,0,0,0,0,0,60,64,60,64,52,54,0,0,0,0,0,0,0,0,60,64,60,64,52,54,0,0,0,0,0,0,0,0,60,64,60,64,52,54,0,0,0,0,0,0,0,0
260,0,1000,0,0,1000,0,1000,60,64,60,64,52,54,0,0,0,0,0,0,0,0,60,64,60,64,52,54,0,0,0,0,0,0,0,0,60,64,60,64,52,54,0,0,0,0,0,0,0,0,60,64,60,64,52,54,0,0,0,0,0,0,0,0,60,64,60,64,52,54,0,0,0,0,0,0,0,0,60,64,60,64,52,54,0,0,0,0,0,0,0,0
261,0,1000,0,0,1000,0,1000,60,64,60,64,52,54,107845,31,107845,31,0,0,0,0,60,64,60,64,52,54,107845,31,107845,31,0,0,0,0,60,64,60,64,52,54,107845,31,107845,31,0,0,0,0,60,64,60,64,52,54,107845,31,107845,31,0,0,0,0,60,64,60,64,52,54,107845,31,107845,31,0,0,0,0,60,64,60,64,52,54,107845,31,107845,31,0,0,0,0
262,0,1000,0,0,1000,0,1000,61,65,61,65,52,54,27491,101,0,0,291,1,27200,100,61,65,61,65,52,54,27491,101,0,0,291,1,27200,100,61,65,61,65,52,54,27491,101,0,0,291,1,27200,100,61,65,61,65,52,54,27491,101,0,0,291,1,27200,100,61,65,61,65,52,54,27491,101,0,0,291,1,27200,100,61,65,61,65,52,54,27491,101,0,0,291,1,27200,100
263,0,1000,0,0,1000,0,1000,61,65,61,65,53,55,0,0,0,0,0,0,0,0,61,65,61,65,53,55,0,0,0,0,0,0,0,0,61,65,61,65,53,55,0,0,0,0,0,0,0,0,61,65,61,65,53,55,0,0,0,0,0,0,0,0,61,65,61,65,53,55,0,0,0,0,0,0,0,0,61,65,61,65,53,55,0,0,0,0,0,0,0,0
264,0,1000,0,0,1000,0,1000,61,65,61,65,53,55,0,0,0,0,0,0,0,0,61,65,61,65,53,55,0,0,0,0,0,0,0,0,61,65,61,65,53,55,0,0,0,0,0,0,0,0,61,65,61,65,53,55,0,0,0,0,0,0,0,0,61,65,61,65,53,55,0,0,0,0,0,0,0,0,61,65,61,65,53,55,0,0,0,0,0,0,0,0
265,0,1000,0,0,1000,0,1000,61,65,61,65,53,55,50943,14,50943,14,0,0,0,0,61,65,61,65,53,55,50943,14,50943,14,0,0,0,0,61,65,61,65,53,55,50943,14,50943,14,0,0,0,0,61,65,61,65,53,55,50943,14,50943,14,0,0,0,0,61,65,61,65,53,55,50943,14,50943,14,0,0,0,0,61,65,61,65,53,55,50943,14,50943,14,0,0,0,0
266,0,1000,0,0,1000,0,1000,62,66,62,66,53,55,27491,101,0,0,291,1,27200,100,62,66,62,66,53,55,27491,101,0,0,291,1,27200,100,62,66,62,66,53,55,27491,101,0,0,291,1,27200,100,62,66,62,66,53,55,27491,101,0,0,291,1,27200,100,62,66,62,66,53,55,27491,101,0,0,291,1,27200,100,62,66,62,66,53,55,27491,101,0,0,291,1,27200,100
267,0,1000,0,0,1000,0,1000,62,66,62,66,53,55,0,0,0,0,0,0,0,0,62,66,62,66,53,55,0,0,0,0,0,0,0,0,62,66,62,66,53,55,0,0,0,0,0,0,0,0,62,66,62,66,53,55,0,0,0,0,0,0,0,0,62,66,62,66,53,55,0,0,0,0,0,0,0,0,62,66,62,66,53,55,0,0,0,0,0,0,0,0
268,0,1000,0,0,1000,0,1000,62,66,62,66,53,55,0,0,0,0,0,0,0,0,62,66,62,66,53,55,0,0,0,0,0,0,0,0,62,66,62,66,53,55,0,0,0,0,0,0,0,0,62,66,62,66,53,55,0,0,0,0,0,0,0,0,62,66,62,66,53,55,0,0,0,0,0,0,0,0,62,66,62,66,53,55,0,0,0,0,0,0,0,0
269,0,1000,0,0,1000,0,1000,62,66,62,66,53,55,87335,24,87335,24,0,0,0,0,62,66,62,66,53,55,87335,24,87335,24,0,0,0,0,62,66,62,66,53,55,87335,24,87335,24,0,0,0,0,62,66,62,66,53,55,87335,24,87335,24,0,0,0,0,62,66,62,66,53,55,87335,24,87335,24,0,0,0,0,62,66,62,66,53,55,87335,24,87335,24,0,0,0,0
270,0,1000,0,0,1000,0,1000,63,67,63,67,53,55,31027,114,0,0,291,1,30736,113,63,67,63,67,53,55,31027,114,0,0,291,1,30736,113,63,67,63,67,53,55,31027,114,0,0,291,1,30736,113,63,67,63,67,53,55,31027,114,0,0,291,1,30736,113,63,67,63,67,53,55,31027,114,0,0,291,1,30736,113,63,67,63,67,53,55,31027,114,0,0,291,1,30736,113
271,0,1000,0,0,1000,0,1000,63,67,63,67,54,57,0,0,0,0,0,0,0,0,63,67,63,67,54,57,0,0,0,0,0,0,0,0,63,67,63,67,54,57,0,0,0,0,0,0,0,0,63,67,63,67,54,57,0,0,0,0,0,0,0,0,63,67,63,67,54,57,0,0,0,0,0,0,0,0,63,67,63,67,54,57,0,0,0,0,0,0,0,0
272,0,1000,0,0,1000,0,1000,63,67,63,67,54,57,0,0,0,0,0,0,0,0,63,67,63,67,54,57,0,0,0,0,0,0,0,0,63,67,63,67,54,57,0,0,0,0,0,0,0,0,63,67,63,67,54,57,0,0,0,0,0,0,0,0,63,67,63,67,54,57,0,0,0,0,0,0,0,0,63,67,63,67,54,57,0,0,0,0,0,0,0,0
273,0,1000,0,0,1000,0,1000,63,67,63,67,54,57,81099,20,81099,20,0,0,0,0,63,67,63,67,54,57,81099,20,81099,20,0,0,0,0,63,67,63,67,54,57,81099,20,81099,20,0,0,0,0,63,67,63,67,54,57,81099,20,81099,20,0,0,0,0,63,67,63,67,54,57,81099,20,81099,20,0,0,0,0,63,67,63,67,54,57,81099,20,81099,20,0,0,0,0
274,0,1000,0,0,1000,0,1000,64,68,64,68,54,57,28307,104,0,0,291,1,28016,103,64,68,64,68,54,57,28307,104,0,0,291,1,28016,103,64,68,64,68,54,57,28307,104,0,0,291,1,28016,103,64,68,64,68,54,57,28307,104,0,0,291,1,28016,103,64,68,64,68,54,57,28307,104,0,0,291,1,28016,103,64,68,64,68,54,57,28307,104,0,0,291,1,28016,103
275,0,1000,0,0,1000,0,1000,64,68,64,68,54,57,0,0,0,0,0,0,0,0,64,68,64,68,54,57,0,0,0,0,0,0,0,0,64,68,64,68,54,57,0,0,0,0,0,0,0,0,64,68,64,68,54,57,0,0,0,0,0,0,0,0,64,68,64,68,54,57,0,0,0,0,0,0,0,0,64,68,64,68,54,57,0,0,0,0,0,0,0,0
276,0,1000,0,0,1000,0,1000,64,68,64,68,54,57,0,0,0,0,0,0,0,0,64,68,64,68,54,57,0,0,0,0,0,0,0,0,64,68,64,68,54,57,0,0,0,0,0,0,0,0,64,68,64,68,54,57,0,0,0,0,0,0,0,0,64,68,64,68,54,57,0,0,0,0,0,0,0,0,64,68,64,68,54,57,0,0,0,0,0,0,0,0
277,0,1000,0,0,1000,0,1000,64,68,64,68,54,57,85902,23,85902,23,0,0,0,0,64,68,64,68,54,57,85902,23,85902,23,0,0,0,0,64,68,64,68,54,57,85902,23,85902,23,0,0,0,0,64,68,64,68,54,57,85902,23,85902,23,0,0,0,0,64,68,64,68,54,57,85902,23,85902,23,0,0,0,0,64,68,64,68,54,57,85902,23,85902,23,0,0,0,0
278,0,1000,0,0,1000,0,1000,65,69,65,69,54,57,31027,114,0,0,291,1,30736,113,65,69,65,69,54,57,31027,114,0,0,291,1,30736,113,65,69,65,69,54,57,31027,114,0,0,291,1,30736,113,65,69,65,69,54,57,31027,114,0,0,291,1,30736,113,65,69,65,69,54,57,31027,114,0,0,291,1,30736,113,65,69,65,69,54,57,31027,114,0,0,291,1,30736,113
279,0,1000,0,0,1000,0,1000,65,69,65,69,55,59,0,0,0,0,0,0,0,0,65,69,65,69,55,59,0,0,0,0,0,0,0,0,65,69,65,69,55,59,0,0,0,0,0,0,0,0,65,69,65,69,55,59,0,0,0,0,0,0,0,0,65,69,65,69,55,59,0,0,0,0,0,0,0,0,65,69,65,69,55,59,0,0,0,0,0,0,0,0
280,0,1000,0,0,1000,0,1000,65,69,65,69,55,59,0,0,0,0,0,0,0,0,65,69,65,69,55,59,0,0,0,0,0,0,0,0,65,69,65,69,55,59,0,0,0,0,0,0,0,0,65,69,65,69,55,59,0,0,0,0,0,0,0,0,65,69,65,69,55,59,0,0,0,0,0,0,0,0,65,69,65,69,55,59,0,0,0,0,0,0,0,0
281,0,1000,0,0,1000,0,1000,65,69,65,69,55,59,113537,28,113537,28,0,0,0,0,65,69,65,69,55,59,113537,28,113537,28,0,0,0,0,65,69,65,69,55,59,113537,28,113537,28,0,0,0,0,65,69,65,69,55,59,113537,28,113537,28,0,0,0,0,65,69,65,69,55,59,113537,28,113537,28,0,0,0,0,65,69,65,69,55,59,113537,28,113537,28,0,0,0,0
282,0,1000,0,0,1000,0,1000,66,70,66,70,55,59,27491,101,0,0,291,1,27200,100,66,70,66,70,55,59,27491,101,0,0,291,1,27200,100,66,70,66,70,55,59,27491,101,0,0,291,1,27200,100,66,70,66,70,55,59,27491,101,0,0,291,1,27200,100,66,70,66,70,55,59,27491,101,0,0,291,1,27200,100,66,70,66,70,55,59,27491,101,0,0,291,1,27200,100
283,0,1000,0,0,1000,0,1000,66,70,66,70,56,60,0,0,0,0,0,0,0,0,66,70,66,70,56,60,0,0,0,0,0,0,0,0,66,70,66,70,56,60,0,0,0,0,0,0,0,0,66,70,66,70,56,60,0,0,0,0,0,0,0,0,66,70,66,70,56,60,0,0,0,0,0,0,0,0,66,70,66,70,56,60,0,0,0,0,0,0,0,0
284,0,1000,0,0,1000,0,1000,66,70,66,70,56,60,0,0,0,0,0,0,0,0,66,70,66,70,56,60,0,0,0,0,0,0,0,0,66,70,66,70,56,60,0,0,0,0,0,0,0,0,66,70,66,70,56,60,0,0,0,0,0,0,0,0,66,70,66,70,56,60,0,0,0,0,0,0,0,0,66,70,66,70,56,60,0,0,0,0,0,0,0,0
285,0,1000,0,0,1000,0,1000,66,70,66,70,56,60,72775,20,72775,20,0,0,0,0,66,70,66,70,56,60,72775,20,72775,20,0,0,0,0,66,70,66,70,56,60,72775,20,72775,20,0,0,0,0,66,70,66,70,56,60,72775,20,72775,20,0,0,0,0,66,70,66,70,56,60,72775,20,72775,20,0,0,0,0,66,70,66,70,56,60,72775,20,72775,20,0,0,0,0
286,0,1000,0,0,1000,0,1000,67,71,67,71,56,60,27219,100,0,0,291,1,26928,99,67,71,67,71,56,60,27219,100,0,0,291,1,26928,99,67,71,67,71,56,60,27219,100,0,0,291,1,26928,99,67,71,67,71,56,60,27219,100,0,0,291,1,26928,99,67,71,67,71,56,60,27219,100,0,0,291,1,26928,99,67,71,67,71,56,60,27219,100,0,0,291,1,26928,99
287,0,1000,0,0,1000,0,1000,67,71,67,71,57,61,0,0,0,0,0,0,0,0,67,71,67,71,57,61,0,0,0,0,0,0,0,0,67,71,67,71,57,61,0,0,0,0,0,0,0,0,67,71,67,71,57,61,0,0,0,0,0,0,0,0,67,71,67,71,57,61,0,0,0,0,0,0,0,0,67,71,67,71,57,61,0,0,0,0,0,0,0,0
288,0,1000,0,0,1000,0,1000,67,71,67,71,57,61,0,0,0,0,0,0,0,0,67,71,67,71,57,61,0,0,0,0,0,0,0,0,67,71,67,71,57,61,0,0,0,0,0,0,0,0,67,71,67,71,57,61,0,0,0,0,0,0,0,0,67,71,67,71,57,61,0,0,0,0,0,0,0,0,67,71,67,71,57,61,0,0,0,0,0,0,0,0
289,0,1000,0,0,1000,0,1000,67,71,67,71,57,61,93778,26,93778,26,0,0,0,0,67,71,67,71,57,61,93778,26,93778,26,0,0,0,0,67,71,67,71,57,61,93778,26,93778,26,0,0,0,0,67,71,67,71,57,61,93778,26,93778,26,0,0,0,0,67,71,67,71,57,61,93778,26,93778,26,0,0,0,0,67,71,67,71,57,61,93778,26,93778,26,0,0,0,0
290,0,1000,0,0,1000,0,1000,68,72,68,72,57,61,31299,115,0,0,291,1,31008,114,68,72,68,72,57,61,31299,115,0,0,291,1,31008,114,68,72,68,72,57,61,31299,115,0,0,291,1,31008,114,68,72,68,72,57,61,31299,115,0,0,291,1,31008,114,68,72,68,72,57,61,31299,115,0,0,291,1,31008,114,68,72,68,72,57,61,31299,115,0,0,291,1,31008,114
291,0,1000,0,0,1000,0,1000,68,72,68,72,58,62,0,0,0,0,0,0,0,0,68,72,68,72,58,62,0,0,0,0,0,0,0,0,68,72,68,72,58,62,0,0,0,0,0,0,0,0,68,72,68,72,58,62,0,0,0,0,0,0,0,0,68,72,68,72,58,62,0,0,0,0,0,0,0,0,68,72,68,72,58,62,0,0,0,0,0,0,0,0
292,0,1000,0,0,1000,0,1000,68,72,68,72,58,62,0,0,0,0,0,0,0,0,68,72,68,72,58,62,0,0,0,0,0,0,0,0,68,72,68,72,58,62,0,0,0,0,0,0,0,0,68,72,68,72,58,62,0,0,0,0,0,0,0,0,68,72,68,72,58,62,0,0,0,0,0,0,0,0,68,72,68,72,58,62,0,0,0,0,0,0,0,0
293,0,1000,0,0,1000,0,1000,68,72,68,72,58,62,110347,27,110347,27,0,0,0,0,68,72,68,72,58,62,110347,27,110347,27,0,0,0,0,68,72,68,72,58,62,110347,27,110347,27,0,0,0,0,68,72,68,72,58,62,110347,27,110347,27,0,0,0,0,68,72,68,72,58,62,110347,27,110347,27,0,0,0,0,68,72,68,72,58,62,110347,27,110347,27,0,0,0,0
294,0,1000,0,0,1000,0,1000,69,73,69,73,58,62,25859,95,0,0,291,1,25568,94,69,73,69,73,58,62,25859,95,0,0,291,1,25568,94,69,73,69,73,58,62,25859,95,0,0,291,1,25568,94,69,73,69,73,58,62,25859,95,0,0,291,1,25568,94,69,73,69,73,58,62,25859,95,0,0,291,1,25568,94,69,73,69,73,58,62,25859,95,0,0,291,1,25568,94
295,0,1000,0,0,1000,0,1000,69,73,69,73,59,63,0,0,0,0,0,0,0,0,69,73,69,73,59,63,0,0,0,0,0,0,0,0,69,73,69,73,59,63,0,0,0,0,0,0,0,0,69,73,69,73,59,63,0,0,0,0,0,0,0,0,69,73,69,73,59,63,0,0,0,0,0,0,0,0,69,73,69,73,59,63,0,0,0,0,0,0,0,0
296,0,1000,0,0,1000,0,1000,69,73,69,73,59,63,0,0,0,0,0,0,0,0,69,73,69,73,59,63,0,0,0,0,0,0,0,0,69,73,69,73,59,63,0,0,0,0,0,0,0,0,69,73,69,73,59,63,0,0,0,0,0,0,0,0,69,73,69,73,59,63,0,0,0,0,0,0,0,0,69,73,69,73,59,63,0,0,0,0,0,0,0,0
297,0,1000,0,0,1000,0,1000,69,73,69,73,59,63,93066,27,93066,27,0,0,0,0,69,73,69,73,59,63,93066,27,93066,27,0,0,0,0,69,73,69,73,59,63,93066,27,93066,27,0,0,0,0,69,73,69,73,59,63,93066,27,93066,27,0,0,0,0,69,73,69,73,59,63,93066,27,93066,27,0,0,0,0,69,73,69,73,59,63,93066,27,93066,27,0,0,0,0
298,0,1000,0,0,1000,0,1000,70,74,70,74,59,63,26403,97,0,0,291,1,26112,96,70,74,70,74,59,63,26403,97,0,0,291,1,26112,96,70,74,70,74,59,63,26403,97,0,0,291,1,26112,96,70,74,70,74,59,63,26403,97,0,0,291,1,26112,96,70,74,70,74,59,63,26403,97,0,0,291,1,26112,96,70,74,70,74,59,63,26403,97,0,0,291,1,26112,96
299,0,1000,0,0,1000,0,1000,70,74,70,74,60,64,0,0,0,0,0,0,0,0,70,74,70,74,60,64,0,0,0,0,0,0,0,0,70,74,70,74,60,64,0,0,0,0,0,0,0,0,70,74,70,74,60,64,0,0,0,0,0,0,0,0,70,74,70,74,60,64,0,0,0,0,0,0,0,0,70,74,70,74,60,64,0,0,0,0,0,0,0,0
300,0,1000,0,0,1000,0,1000,70,74,70,74,60,64,0,0,0,0,0,0,0,0,70,74,70,74,60,64,0,0,0,0,0,0,0,0,70,74,70,74,60,64,0,0,0,0,0,0,0,0,70,74,70,74,60,64,0,0,0,0,0,0,0,0,70,74,70,74,60,64,0,0,0,0,0,0,0,0,70,74,70,74,60,64,0,0,0,0,0,0,0,0
301,0,1000,0,0,1000,0,1000,70,74,70,74,60,64,73730,21,73730,21,0,0,0,0,70,74,70,74,60,64,73730,21,73730,21,0,0,0,0,70,74,70,74,60,64,73730,21,73730,21,0,0,0,0,70,74,70,74,60,64,73730,21,73730,21,0,0,0,0,70,74,70,74,60,64,73730,21,73730,21,0,0,0,0,70,74,70,74,60,64,73730,21,73730,21,0,0,0,0
302,0,1000,0,0,1000,0,1000,71,75,71,75,60,64,26131,96,0,0,291,1,25840,95,71,75,71,75,60,64,26131,96,0,0,291,1,25840,95,71,75,71,75,60,64,26131,96,0,0,291,1,25840,95,71,75,71,75,60,64,26131,96,0,0,291,1,25840,95,71,75,71,75,60,64,26131,96,0,0,291,1,25840,95,71,75,71,75,60,64,26131,96,0,0,291,1,25840,95
303,0,1000,0,0,1000,0,1000,71,75,71,75,61,65,0,0,0,0,0,0,0,0,71,75,71,75,61,65,0,0,0,0,0,0,0,0,71,75,71,75,61,65,0,0,0,0,0,0,0,0,71,75,71,75,61,65,0,0,0,0,0,0,0,0,71,75,71,75,61,65,0,0,0,0,0,0,0,0,71,75,71,75,61,65,0,0,0,0,0,0,0,0

digraph G {
  rankdir=BT;
  style=filled;
  color=lightgrey;
  node [shape=box,style=filled,color=white];
  b_H6u5taN0sDx [label="H(6u5taN0sDx)\nt=52 id=197"];
  b_HW4uUXcWx8D [label="H(W4uUXcWx8D)\nt=66 id=630"];
  b_H7TP0CwxUR [label="H(7TP0CwxU/R)\nt=36 id=569"];
  b_HnQtwP6sxLn [label="H(nQtwP6sxLn)\nt=42 id=249"];
  b_H1ITzPLYx [label="H(1/IT+zPLYx)\nt=39 id=366"];
  b_HXWWg68zgHE [label="H(XWWg68zgHE)\nt=6 id=906"];
  b_HLKDTULdb8 [label="H(LKDTU+Ldb8)\nt=15 id=924"];
  b_Hnk5KY3PbT [label="H(nk5+KY3PbT)\nt=63 id=82"];
  b_H6ZXe1mV9t [label="H(6ZXe1mV9t/)\nt=33 id=535"];
  b_HRPFGSQp3zv [label="H(RPFGSQp3zv)\nt=67 id=662"];
  b_HBcLY2LYpf5 [label="H(BcLY2LYpf5)\nt=32 id=746"];
  b_HcRVKGvzg8S [label="H(cRVKGvzg8S)\nt=8 id=239"];
  b_Hii6m7Ps89A [label="H(ii6m7Ps89A)\nt=13 id=802"];
  b_HKqGRiT3BjD [label="H(KqGRiT3BjD)\nt=43 id=748"];
  b_HhooDnruHgB [label="H(hooDnruHgB)\nt=51 id=176"];
  b_HkmRaEZBVZH [label="H(kmRaEZBVZH)\nt=53 id=814"];
  b_HqjhEc1Ye6P [label="H(qjhEc1Ye6P)\nt=75 id=803"];
  b_HZZAlCvqbDG [label="H(ZZAlCvqbDG)\nt=27 id=603"];
  b_Hz3WVOYRMu9 [label="H(z3WVOYRMu9)\nt=31 id=336"];
  b_HgPdE7nuzF [label="H(gPd+E7nuzF)\nt=1 id=20"];
  b_HON9DAIOP2d [label="H(ON9DAIOP2d)\nt=74 id=387"];
  b_HnSwwggVtF2 [label="H(nSwwggVtF2)\nt=17 id=18"];
  b_HBIPNpsK8Y [label="H(BIPNps/K8Y)\nt=18 id=519"];
  b_HWVWzvpvn1 [label="H(WVW+zvpvn1)\nt=48 id=732"];
  b_H0IvJrq8P2Y [label="H(0IvJrq8P2Y)\nt=16 id=91"];
  b_HiKecODtb9x [label="H(iKecODtb9x)\nt=54 id=257"];
  b_H4vBuns9lg5 [label="H(4vBuns9lg5)\nt=70 id=760"];
  b_HktrHNEZQkj [label="H(ktrHNEZQkj)\nt=35 id=933"];
  b_HEwt2DGgAP [label="H(Ewt2DGg/AP)\nt=4 id=792"];
  b_HGZvXrQ0Oav [label="H(GZvXrQ0Oav)\nt=11 id=391"];
  b_HA1kPZ3c222 [label="H(A1kPZ3c222)\nt=21 id=184"];
  b_Hj0jVyUR4I [label="H(j0j+VyUR4I)\nt=59 id=602"];
  b_HwHqoR0LoTu [label="H(wHqoR0LoTu)\nt=47 id=710"];
  b_HEmqvE0cKz [label="H(Emq+vE0cKz)\nt=62 id=791"];
  b_H2lhJm3lHLP [label="H(2lhJm3lHLP)\nt=71 id=927"];
  b_Hs3U8oid0kV [label="H(s3U8oid0kV)\nt=26 id=878"];
  b_HcgQRXkwTJ [label="H(+cgQRXkwTJ)\nt=44 id=204"];
  b_HK6zFQWiB6 [label="H(K6z/FQWiB6)\nt=3 id=938"];
  b_HLY64hK2uQC [label="H(LY64hK2uQC)\nt=55 id=885"];
  b_HGDvldVaz71 [label="H(GDvldVaz71)\nt=19 id=132"];
  b_HOzT0SIR1x3 [label="H(OzT0SIR1x3)\nt=64 id=756"];
  b_HUXgUFw2qHD [label="H(UXgUFw2qHD)\nt=14 id=795"];
  b_HL3wXrpEfgm [label="H(L3wXrpEfgm)\nt=61 id=9"];
  b_HVBrVY45gCC [label="H(VBrVY45gCC)\nt=9 id=731"];
  b_HUvsxoNOiG4 [label="H(UvsxoNOiG4)\nt=7 id=978"];
  b_Hd6agVxITO [label="H(d6ag/VxITO)\nt=5 id=636"];
  b_Hq5C5QVNnDK [label="H(q5C5QVNnDK)\nt=37 id=152"];
  b_HTP14N6fXBt [label="H(TP14N6fXBt)\nt=30 id=889"];
  b_HcKydWcjidQ [label="H(cKydWcjidQ)\nt=72 id=211"];
  b_HkZtMRISzpW [label="H(kZtMRISzpW)\nt=2 id=948"];
  b_Ho2Z0XzYMq [label="H(o2Z/0XzYMq)\nt=57 id=176"];
  b_HSD17QtyTM6 [label="H(SD17QtyTM6)\nt=68 id=806"];
  b_H4FVhKVAcR [label="H(4FV/hKVAcR)\nt=46 id=675"];
  b_HpqwW7BXVwz [label="H(pqwW7BXVwz)\n"];
  b_HInTyicnCy [label="H(InTyicnCy+)\nt=22 id=336"];
  b_HMU3O1koWrr [label="H(MU3O1koWrr)\nt=28 id=631"];
  b_HzCqH5uaQc4 [label="H(zCqH5uaQc4)\nt=23 id=349"];
  b_HFSAtF6ZXCs [label="H(FSAtF6ZXCs)\nt=38 id=2"];
  b_HE6kygFqg0r [label="H(E6kygFqg0r)\nt=49 id=421"];
  b_HsoRqgY3q4a [label="H(soRqgY3q4a)\nt=41 id=413"];
  b_HgoYFEa8tpr [label="H(goYFEa8tpr)\nt=65 id=950"];
  b_HFUJ2mqunHE [label="H(FUJ2mqunHE)\nt=73 id=718"];
  b_HsihLV24hgL [label="H(sihLV24hgL)\nt=20 id=18"];
  b_HSh1BMuBdlo [label="H(Sh1BMuBdlo)\nt=45 id=242"];
  b_HjYALLLi4hJ [label="H(jYALLLi4hJ)\nt=24 id=237"];
  b_HRjBFQIu8 [label="H(Rj/B/FQIu8)\nt=40 id=804"];
  b_HCmgTnDggU3 [label="H(CmgTnDggU3)\nt=10 id=827"];
  b_HsdATIbKmzK [label="H(sdATIbKmzK)\nt=50 id=898"];
  b_HHYmCthaY1o [label="H(HYmCthaY1o)\nt=34 id=31"];
  b_HdIzI1I5MaO [label="H(dIzI1I5MaO)\nt=12 id=794"];
  b_HVBFWWitxm [label="H(VBF+WWitxm)\nt=60 id=110"];
  b_HNvENclztLx [label="H(NvENclztLx)\nt=69 id=683"];
  b_H6u5taN0sDx -> b_HhooDnruHgB;
  b_HW4uUXcWx8D -> b_HgoYFEa8tpr;
  b_H7TP0CwxUR -> b_HktrHNEZQkj;
  b_HnQtwP6sxLn -> b_HsoRqgY3q4a;
  b_H1ITzPLYx -> b_HFSAtF6ZXCs;
  b_HXWWg68zgHE -> b_Hd6agVxITO;
  b_HLKDTULdb8 -> b_HUXgUFw2qHD;
  b_Hnk5KY3PbT -> b_HEmqvE0cKz;
  b_H6ZXe1mV9t -> b_HBcLY2LYpf5;
  b_HRPFGSQp3zv -> b_HW4uUXcWx8D;
  b_HBcLY2LYpf5 -> b_Hz3WVOYRMu9;
  b_HcRVKGvzg8S -> b_HUvsxoNOiG4;
  b_Hii6m7Ps89A -> b_HdIzI1I5MaO;
  b_HKqGRiT3BjD -> b_HnQtwP6sxLn;
  b_HhooDnruHgB -> b_HsdATIbKmzK;
  b_HkmRaEZBVZH -> b_H6u5taN0sDx;
  b_HqjhEc1Ye6P -> b_HON9DAIOP2d;
  b_HZZAlCvqbDG -> b_Hs3U8oid0kV;
  b_Hz3WVOYRMu9 -> b_HTP14N6fXBt;
  b_HgPdE7nuzF -> b_HpqwW7BXVwz;
  b_HON9DAIOP2d -> b_HFUJ2mqunHE;
  b_HnSwwggVtF2 -> b_H0IvJrq8P2Y;
  b_HBIPNpsK8Y -> b_HnSwwggVtF2;
  b_HWVWzvpvn1 -> b_HwHqoR0LoTu;
  b_H0IvJrq8P2Y -> b_HLKDTULdb8;
  b_HiKecODtb9x -> b_HkmRaEZBVZH;
  b_H4vBuns9lg5 -> b_HNvENclztLx;
  b_HktrHNEZQkj -> b_HHYmCthaY1o;
  b_HEwt2DGgAP -> b_HK6zFQWiB6;
  b_HGZvXrQ0Oav -> b_HCmgTnDggU3;
  b_HA1kPZ3c222 -> b_HsihLV24hgL;
  b_Hj0jVyUR4I -> b_Ho2Z0XzYMq;
  b_HwHqoR0LoTu -> b_H4FVhKVAcR;
  b_HEmqvE0cKz -> b_HL3wXrpEfgm;
  b_H2lhJm3lHLP -> b_H4vBuns9lg5;
  b_Hs3U8oid0kV -> b_HjYALLLi4hJ;
  b_HcgQRXkwTJ -> b_HKqGRiT3BjD;
  b_HK6zFQWiB6 -> b_HkZtMRISzpW;
  b_HLY64hK2uQC -> b_HiKecODtb9x;
  b_HGDvldVaz71 -> b_HBIPNpsK8Y;
  b_HOzT0SIR1x3 -> b_Hnk5KY3PbT;
  b_HUXgUFw2qHD -> b_Hii6m7Ps89A;
  b_HL3wXrpEfgm -> b_HVBFWWitxm;
  b_HVBrVY45gCC -> b_HcRVKGvzg8S;
  b_HUvsxoNOiG4 -> b_HXWWg68zgHE;
  b_Hd6agVxITO -> b_HEwt2DGgAP;
  b_Hq5C5QVNnDK -> b_H7TP0CwxUR;
  b_HTP14N6fXBt -> b_HMU3O1koWrr;
  b_HcKydWcjidQ -> b_H2lhJm3lHLP;
  b_HkZtMRISzpW -> b_HgPdE7nuzF;
  b_Ho2Z0XzYMq -> b_HLY64hK2uQC;
  b_HSD17QtyTM6 -> b_HRPFGSQp3zv;
  b_H4FVhKVAcR -> b_HSh1BMuBdlo;
  b_HInTyicnCy -> b_HA1kPZ3c222;
  b_HMU3O1koWrr -> b_HZZAlCvqbDG;
  b_HzCqH5uaQc4 -> b_HInTyicnCy;
  b_HFSAtF6ZXCs -> b_Hq5C5QVNnDK;
  b_HE6kygFqg0r -> b_HWVWzvpvn1;
  b_HsoRqgY3q4a -> b_HRjBFQIu8;
  b_HgoYFEa8tpr -> b_HOzT0SIR1x3;
  b_HFUJ2mqunHE -> b_HcKydWcjidQ;
  b_HsihLV24hgL -> b_HGDvldVaz71;
  b_HSh1BMuBdlo -> b_HcgQRXkwTJ;
  b_HjYALLLi4hJ -> b_HzCqH5uaQc4;
  b_HRjBFQIu8 -> b_H1ITzPLYx;
  b_HCmgTnDggU3 -> b_HVBrVY45gCC;
  b_HsdATIbKmzK -> b_HE6kygFqg0r;
  b_HHYmCthaY1o -> b_H6ZXe1mV9t;
  b_HdIzI1I5MaO -> b_HGZvXrQ0Oav;
  b_HVBFWWitxm -> b_Hj0jVyUR4I;
  b_HNvENclztLx -> b_HSD17QtyTM6;
  v_HV5RXuPi0IY [label="id=608 t=75"];
  v_HV5RXuPi0IY -> b_HqjhEc1Ye6P;
  v_HXohlgeNkxQ [label="id=806 t=75"];
  v_HXohlgeNkxQ -> b_HqjhEc1Ye6P;
  v_Htw6XKsbi0 [label="id=399 t=75"];
  v_Htw6XKsbi0 -> b_HqjhEc1Ye6P;
  v_HJHEHEv1LED [label="id=718 t=75"];
  v_HJHEHEv1LED -> b_HqjhEc1Ye6P;
  v_HdSQB1hN0mX [label="id=804 t=75"];
  v_HdSQB1hN0mX -> b_HqjhEc1Ye6P;
  v_HetNItVObRy [label="id=812 t=75"];
  v_HetNItVObRy -> b_HqjhEc1Ye6P;
  v_HpbU1AHVhmt [label="id=768 t=75"];
  v_HpbU1AHVhmt -> b_HqjhEc1Ye6P;
  v_HY9YRHLhJdQ [label="id=78 t=75"];
  v_HY9YRHLhJdQ -> b_HqjhEc1Ye6P;
  v_H4K1cXKoSzG [label="id=798 t=75"];
  v_H4K1cXKoSzG -> b_HqjhEc1Ye6P;
  v_HnTfz9JFa5 [label="id=534 t=75"];
  v_HnTfz9JFa5 -> b_HqjhEc1Ye6P;
  v_H5rJbXiCq [label="id=307 t=75"];
  v_H5rJbXiCq -> b_HqjhEc1Ye6P;
  v_HTlJPAeKo47 [label="id=114 t=75"];
  v_HTlJPAeKo47 -> b_HqjhEc1Ye6P;
  v_HLRVkUWpjCX [label="id=449 t=75"];
  v_HLRVkUWpjCX -> b_HqjhEc1Ye6P;
  v_HyKHQYfWfk [label="id=926 t=75"];
  v_HyKHQYfWfk -> b_HqjhEc1Ye6P;
  v_HrOu5g8tfi [label="id=867 t=75"];
  v_HrOu5g8tfi -> b_HqjhEc1Ye6P;
  v_HylT5TY1siL [label="id=901 t=75"];
  v_HylT5TY1siL -> b_HqjhEc1Ye6P;
  v_HdAthaNhmk [label="id=851 t=75"];
  v_HdAthaNhmk -> b_HqjhEc1Ye6P;
  v_HmQGUWeK0Qf [label="id=602 t=75"];
  v_HmQGUWeK0Qf -> b_HqjhEc1Ye6P;
  v_HchY2PZmhD [label="id=278 t=75"];
  v_HchY2PZmhD -> b_HqjhEc1Ye6P;
  v_HYuOUFSvyrb [label="id=472 t=75"];
  v_HYuOUFSvyrb -> b_HqjhEc1Ye6P;
  v_Hf7cwDcF3hH [label="id=342 t=75"];
  v_Hf7cwDcF3hH -> b_HqjhEc1Ye6P;
  v_HmzEMk2xZy7 [label="id=90 t=75"];
  v_HmzEMk2xZy7 -> b_HqjhEc1Ye6P;
  v_H3dSerIwDJ3 [label="id=619 t=75"];
  v_H3dSerIwDJ3 -> b_HqjhEc1Ye6P;
  v_HrlGGT4TC9 [label="id=132 t=75"];
  v_HrlGGT4TC9 -> b_HqjhEc1Ye6P;
  v_HPrTx0vhfiB [label="id=586 t=75"];
  v_HPrTx0vhfiB -> b_HqjhEc1Ye6P;
  v_HpzEoSY0rUM [label="id=550 t=75"];
  v_HpzEoSY0rUM -> b_HqjhEc1Ye6P;
  v_HuEjvVCDzNg [label="id=581 t=75"];
  v_HuEjvVCDzNg -> b_HqjhEc1Ye6P;
  v_HsmfYiVgZ [label="id=998 t=75"];
  v_HsmfYiVgZ -> b_HqjhEc1Ye6P;
  v_HceCuPSjh7H [label="id=536 t=75"];
  v_HceCuPSjh7H -> b_HqjhEc1Ye6P;
  v_H4iFGuZkNgQ [label="id=323 t=75"];
  v_H4iFGuZkNgQ -> b_HqjhEc1Ye6P;
  v_HB8YhmH3dje [label="id=191 t=75"];
  v_HB8YhmH3dje -> b_HqjhEc1Ye6P;
  v_H1WL6gXL9 [label="id=142 t=75"];
  v_H1WL6gXL9 -> b_HqjhEc1Ye6P;
  v_HfKurzayXk7 [label="id=493 t=75"];
  v_HfKurzayXk7 -> b_HqjhEc1Ye6P;
  v_HFR56zwTJoY [label="id=805 t=75"];
  v_HFR56zwTJoY -> b_HqjhEc1Ye6P;
  v_HkxIgb1KBKl [label="id=580 t=75"];
  v_HkxIgb1KBKl -> b_HqjhEc1Ye6P;
  v_HbF0GAWT5i [label="id=555 t=75"];
  v_HbF0GAWT5i -> b_HqjhEc1Ye6P;
  v_H7jg9PdPmUc [label="id=610 t=75"];
  v_H7jg9PdPmUc -> b_HqjhEc1Ye6P;
  v_Hw4WEgqOia7 [label="id=712 t=75"];
  v_Hw4WEgqOia7 -> b_HqjhEc1Ye6P;
  v_HQtdxw5cIXM [label="id=226 t=75"];
  v_HQtdxw5cIXM -> b_HqjhEc1Ye6P;
  v_H8jta9TxIOS [label="id=234 t=75"];
  v_H8jta9TxIOS -> b_HqjhEc1Ye6P;
  v_HArlFQ0FTk9 [label="id=382 t=75"];
  v_HArlFQ0FTk9 -> b_HqjhEc1Ye6P;
  v_HiNqwhTQcmb [label="id=91 t=75"];
  v_HiNqwhTQcmb -> b_HqjhEc1Ye6P;
  v_H7HdGgGTp1y [label="id=567 t=75"];
  v_H7HdGgGTp1y -> b_HqjhEc1Ye6P;
  v_H2aMJ8zd30I [label="id=64 t=75"];
  v_H2aMJ8zd30I -> b_HqjhEc1Ye6P;
  v_HVvTxGqydwy [label="id=7 t=75"];
  v_HVvTxGqydwy -> b_HqjhEc1Ye6P;
  v_Hmaikv3qCT3 [label="id=12 t=75"];
  v_Hmaikv3qCT3 -> b_HqjhEc1Ye6P;
  v_HkTcmsNYLhI [label="id=881 t=75"];
  v_HkTcmsNYLhI -> b_HqjhEc1Ye6P;
  v_HroInfv7bJy [label="id=959 t=75"];
  v_HroInfv7bJy -> b_HqjhEc1Ye6P;
  v_HReRysqhjCN [label="id=979 t=75"];
  v_HReRysqhjCN -> b_HqjhEc1Ye6P;
  v_HHdUHcMiYJ [label="id=753 t=75"];
  v_HHdUHcMiYJ -> b_HqjhEc1Ye6P;
  v_HdeQkfRaktb [label="id=885 t=75"];
  v_HdeQkfRaktb -> b_HqjhEc1Ye6P;
  v_H7D0k1RNmdW [label="id=997 t=75"];
  v_H7D0k1RNmdW -> b_HqjhEc1Ye6P;
  v_HShcJBzzDZN [label="id=565 t=75"];
  v_HShcJBzzDZN -> b_HqjhEc1Ye6P;
  v_HOSXkIGjnt [label="id=500 t=75"];
  v_HOSXkIGjnt -> b_HqjhEc1Ye6P;
  v_HLuGkL3oa1Z [label="id=518 t=75"];
  v_HLuGkL3oa1Z -> b_HqjhEc1Ye6P;
  v_HqJG3LRjLjY [label="id=48 t=75"];
  v_HqJG3LRjLjY -> b_HqjhEc1Ye6P;
  v_HSKtXI9AXvp [label="id=306 t=75"];
  v_HSKtXI9AXvp -> b_HqjhEc1Ye6P;
  v_HE1zjjB9okI [label="id=750 t=75"];
  v_HE1zjjB9okI -> b_HqjhEc1Ye6P;
  v_HP9hXLEMubi [label="id=886 t=75"];
  v_HP9hXLEMubi -> b_HqjhEc1Ye6P;
  v_HpslZK96J5T [label="id=231 t=75"];
  v_HpslZK96J5T -> b_HqjhEc1Ye6P;
  v_HwhQreOW2la [label="id=279 t=75"];
  v_HwhQreOW2la -> b_HqjhEc1Ye6P;
  v_HkWjJtDHO0c [label="id=130 t=75"];
  v_HkWjJtDHO0c -> b_HqjhEc1Ye6P;
  v_Hb2AIloByp [label="id=350 t=75"];
  v_Hb2AIloByp -> b_HqjhEc1Ye6P;
  v_HiQed0dn2o [label="id=58 t=75"];
  v_HiQed0dn2o -> b_HqjhEc1Ye6P;
  v_Hc4BKoxEs3s [label="id=803 t=75"];
  v_Hc4BKoxEs3s -> b_HqjhEc1Ye6P;
  v_HVwODhUKQYT [label="id=385 t=75"];
  v_HVwODhUKQYT -> b_HqjhEc1Ye6P;
  v_H61guJzujx [label="id=179 t=75"];
  v_H61guJzujx -> b_HqjhEc1Ye6P;
  v_HcYya5PueKC [label="id=924 t=75"];
  v_HcYya5PueKC -> b_HqjhEc1Ye6P;
  v_HSNH5SANIZY [label="id=624 t=75"];
  v_HSNH5SANIZY -> b_HqjhEc1Ye6P;
  v_HCPYe8gjin [label="id=683 t=75"];
  v_HCPYe8gjin -> b_HqjhEc1Ye6P;
  v_H38TYvIzN7 [label="id=893 t=75"];
  v_H38TYvIzN7 -> b_HqjhEc1Ye6P;
  v_Ha5ltWPCfm [label="id=420 t=75"];
  v_Ha5ltWPCfm -> b_HqjhEc1Ye6P;
  v_HD3hTafP7I [label="id=418 t=75"];
  v_HD3hTafP7I -> b_HqjhEc1Ye6P;
  v_HBHZ0A8cfVG [label="id=898 t=75"];
  v_HBHZ0A8cfVG -> b_HqjhEc1Ye6P;
  v_HPSSDH6AP8z [label="id=944 t=75"];
  v_HPSSDH6AP8z -> b_HqjhEc1Ye6P;
  v_HI57nYm79t [label="id=843 t=75"];
  v_HI57nYm79t -> b_HqjhEc1Ye6P;
  v_Hsff9kCEYv [label="id=54 t=75"];
  v_Hsff9kCEYv -> b_HqjhEc1Ye6P;
  v_HJWw2vOStha [label="id=846 t=75"];
  v_HJWw2vOStha -> b_HqjhEc1Ye6P;
  v_HvIQsB9Ctoe [label="id=524 t=75"];
  v_HvIQsB9Ctoe -> b_HqjhEc1Ye6P;
  v_HK7yHawAiNz [label="id=157 t=75"];
  v_HK7yHawAiNz -> b_HqjhEc1Ye6P;
  v_H3X1D4FVqvZ [label="id=276 t=75"];
  v_H3X1D4FVqvZ -> b_HqjhEc1Ye6P;
  v_Hz0cgSS0aSo [label="id=992 t=75"];
  v_Hz0cgSS0aSo -> b_HqjhEc1Ye6P;
  v_Hzea5ubrDBW [label="id=398 t=75"];
  v_Hzea5ubrDBW -> b_HqjhEc1Ye6P;
  v_HLjC8WVy89 [label="id=145 t=75"];
  v_HLjC8WVy89 -> b_HqjhEc1Ye6P;
  v_HJSmuDDS46k [label="id=105 t=75"];
  v_HJSmuDDS46k -> b_HqjhEc1Ye6P;
  v_HbTQ5ZEsrfE [label="id=507 t=75"];
  v_HbTQ5ZEsrfE -> b_HqjhEc1Ye6P;
  v_HsDJWSrnj1 [label="id=512 t=75"];
  v_HsDJWSrnj1 -> b_HqjhEc1Ye6P;
  v_HwImsaQHjm [label="id=730 t=75"];
  v_HwImsaQHjm -> b_HqjhEc1Ye6P;
  v_HiBI5WXUmjO [label="id=738 t=75"];
  v_HiBI5WXUmjO -> b_HqjhEc1Ye6P;
  v_HyLioR8GH1 [label="id=678 t=75"];
  v_HyLioR8GH1 -> b_HqjhEc1Ye6P;
  v_HWpjwWNNcsQ [label="id=25 t=75"];
  v_HWpjwWNNcsQ -> b_HqjhEc1Ye6P;
  v_HWYizTDDzpo [label="id=627 t=75"];
  v_HWYizTDDzpo -> b_HqjhEc1Ye6P;
  v_HOJe9bVzOJN [label="id=442 t=75"];
  v_HOJe9bVzOJN -> b_HqjhEc1Ye6P;
  v_HOLCh5lcH2X [label="id=356 t=75"];
  v_HOLCh5lcH2X -> b_HqjhEc1Ye6P;
  v_HdB82OSMogY [label="id=727 t=75"];
  v_HdB82OSMogY -> b_HqjhEc1Ye6P;
}


ALWAYS AWAKE final ledgers: 71 75 71 75 61 65
ALWAYS AWAKE total communication: 4913353 5787
ALWAYS AWAKE blocks communication: 20642 71
ALWAYS AWAKE votes communication: 1245216 4578
ALWAYS AWAKE proposals communication: 3647495 1138
