r,n_asleep,n_awake,n_honest_asleep,n_honest_dreamy,n_honest_awake,n_adversary,n_all,party0_ledger_best_length,party0_ledger_best_age,party0_ledger_fast_length,party0_ledger_fast_age,party0_ledger_slow_length,party0_ledger_slow_age,party0_comms_all_size,party0_comms_all_count,party0_comms_proposal_size,party0_comms_proposal_count,party0_comms_piece_block_size,party0_comms_piece_block_count,party0_comms_piece_vote_size,party0_comms_piece_vote_count,party1_ledger_best_length,party1_ledger_best_age,party1_ledger_fast_length,party1_ledger_fast_age,party1_ledger_slow_length,party1_ledger_slow_age,party1_comms_all_size,party1_comms_all_count,party1_comms_proposal_size,party1_comms_proposal_count,party1_comms_piece_block_size,party1_comms_piece_block_count,party1_comms_piece_vote_size,party1_comms_piece_vote_count,party2_ledger_best_length,party2_ledger_best_age,party2_ledger_fast_length,party2_ledger_fast_age,party2_ledger_slow_length,party2_ledger_slow_age,party2_comms_all_size,party2_comms_all_count,party2_comms_proposal_size,party2_comms_proposal_count,party2_comms_piece_block_size,party2_comms_piece_block_count,party2_comms_piece_vote_size,party2_comms_piece_vote_count,party3_ledger_best_length,party3_ledger_best_age,party3_ledger_fast_length,party3_ledger_fast_age,party3_ledger_slow_length,party3_ledger_slow_age,party3_comms_all_size,party3_comms_all_count,party3_comms_proposal_size,party3_comms_proposal_count,party3_comms_piece_block_size,party3_comms_piece_block_count,party3_comms_piece_vote_size,party3_comms_piece_vote_count,party4_ledger_best_length,party4_ledger_best_age,party4_ledger_fast_length,party4_ledger_fast_age,party4_ledger_slow_length,party4_ledger_slow_age,party4_comms_all_size,party4_comms_all_count,party4_comms_proposal_size,party4_comms_proposal_count,party4_comms_piece_block_size,party4_comms_piece_block_count,party4_comms_piece_vote_size,party4_comms_piece_vote_count,partyALWAYSAWAKE_ledger_best_length,partyALWAYSAWAKE_ledger_best_age,partyALWAYSAWAKE_ledger_fast_length,partyALWAYSAWAKE_ledger_fast_age,partyALWAYSAWAKE_ledger_slow_length,partyALWAYSAWAKE_ledger_slow_age,partyALWAYSAWAKE_comms_all_size,partyALWAYSAWAKE_comms_all_count,partyALWAYSAWAKE_comms_proposal_size,partyALWAYSAWAKE_comms_proposal_count,partyALWAYSAWAKE_comms_piece_block_size,partyALWAYSAWAKE_comms_piece_block_count,partyALWAYSAWAKE_comms_piece_vote_size,partyALWAYSAWAKE_comms_piece_vote_count
4,0,1000,0,0,1000,0,1000,0,0,0,0,0,0,0,0,0,0,0,0,0,0,0,0,0,0,0,0,0,0,0,0,0,0,0,0,0,0,0,0,0,0,0,0,0,0,0,0,0,0,0,0,0,0,0,0,0,0,0,0,0,0,0,0,0,0,0,0,0,0,0,0,0,0,0,0,0,0,0,0,0,0,0,0,0,0,0,0,0,0,0,0
5,0,1000,0,0,1000,0,1000,0,0,0,0,0,0,402190,5,402190,5,0,0,0,0,0,0,0,0,0,0,402190,5,402190,5,0,0,0,0,0,0,0,0,0,0,402190,5,402190,5,0,0,0,0,0,0,0,0,0,0,402190,5,402190,5,0,0,0,0,0,0,0,0,0,0,402190,5,402190,5,0,0,0,0,0,0,0,0,0,0,402190,5,402190,5,0,0,0,0
6,0,1000,0,0,1000,0,1000,1,1,1,1,0,0,104226,89,0,0,80290,1,23936,88,1,1,1,1,0,0,104226,89,0,0,80290,1,23936,88,1,1,1,1,0,0,104226,89,0,0,80290,1,23936,88,1,1,1,1,0,0,104226,89,0,0,80290,1,23936,88,1,1,1,1,0,0,104226,89,0,0,80290,1,23936,88,1,1,1,1,0,0,104226,89,0,0,80290,1,23936,88
7,0,1000,0,0,1000,0,1000,1,1,1,1,0,0,0,0,0,0,0,0,0,0,1,1,1,1,0,0,0,0,0,0,0,0,0,0,1,1,1,1,0,0,0,0,0,0,0,0,0,0,1,1,1,1,0,0,0,0,0,0,0,0,0,0,1,1,1,1,0,0,0,0,0,0,0,0,0,0,1,1,1,1,0,0,0,0,0,0,0,0,0,0
8,0,1000,0,0,1000,0,1000,1,1,1,1,0,0,0,0,0,0,0,0,0,0,1,1,1,1,0,0,0,0,0,0,0,0,0,0,1,1,1,1,0,0,0,0,0,0,0,0,0,0,1,1,1,1,0,0,0,0,0,0,0,0,0,0,1,1,1,1,0,0,0,0,0,0,0,0,0,0,1,1,1,1,0,0,0,0,0,0,0,0,0,0
9,0,1000,0,0,1000,0,1000,1,1,1,1,0,0,249762,3,249762,3,0,0,0,0,1,1,1,1,0,0,249762,3,249762,3,0,0,0,0,1,1,1,1,0,0,249762,3,249762,3,0,0,0,0,1,1,1,1,0,0,249762,3,249762,3,0,0,0,0,1,1,1,1,0,0,249762,3,249762,3,0,0,0,0,1,1,1,1,0,0,249762,3,249762,3,0,0,0,0
10,0,1000,0,0,1000,0,1000,2,2,2,2,0,0,111026,114,0,0,80290,1,30736,113,2,2,2,2,0,0,111026,114,0,0,80290,1,30736,113,2,2,2,2,0,0,111026,114,0,0,80290,1,30736,113,2,2,2,2,0,0,111026,114,0,0,80290,1,30736,113,2,2,2,2,0,0,111026,114,0,0,80290,1,30736,113,2,2,2,2,0,0,111026,114,0,0,80290,1,30736,113
11,0,1000,0,0,1000,0,1000,2,2,2,2,0,0,0,0,0,0,0,0,0,0,2,2,2,2,0,0,0,0,0,0,0,0,0,0,2,2,2,2,0,0,0,0,0,0,0,0,0,0,2,2,2,2,0,0,0,0,0,0,0,0,0,0,2,2,2,2,0,0,0,0,0,0,0,0,0,0,2,2,2,2,0,0,0,0,0,0,0,0,0,0
12,0,1000,0,0,1000,0,1000,2,2,2,2,0,0,0,0,0,0,0,0,0,0,2,2,2,2,0,0,0,0,0,0,0,0,0,0,2,2,2,2,0,0,0,0,0,0,0,0,0,0,2,2,2,2,0,0,0,0,0,0,0,0,0,0,2,2,2,2,0,0,0,0,0,0,0,0,0,0,2,2,2,2,0,0,0,0,0,0,0,0,0,0
13,0,1000,0,0,1000,0,1000,2,2,2,2,0,0,336216,4,336216,4,0,0,0,0,2,2,2,2,0,0,336216,4,336216,4,0,0,0,0,2,2,2,2,0,0,336216,4,336216,4,0,0,0,0,2,2,2,2,0,0,336216,4,336216,4,0,0,0,0,2,2,2,2,0,0,336216,4,336216,4,0,0,0,0,2,2,2,2,0,0,336216,4,336216,4,0,0,0,0
14,0,1000,0,0,1000,0,1000,3,3,3,3,0,0,112114,118,0,0,80290,1,31824,117,3,3,3,3,0,0,112114,118,0,0,80290,1,31824,117,3,3,3,3,0,0,112114,118,0,0,80290,1,31824,117,3,3,3,3,0,0,112114,118,0,0,80290,1,31824,117,3,3,3,3,0,0,112114,118,0,0,80290,1,31824,117,3,3,3,3,0,0,112114,118,0,0,80290,1,31824,117
15,0,1000,0,0,1000,0,1000,3,3,3,3,0,0,0,0,0,0,0,0,0,0,3,3,3,3,0,0,0,0,0,0,0,0,0,0,3,3,3,3,0,0,0,0,0,0,0,0,0,0,3,3,3,3,0,0,0,0,0,0,0,0,0,0,3,3,3,3,0,0,0,0,0,0,0,0,0,0,3,3,3,3,0,0,0,0,0,0,0,0,0,0
16,0,1000,0,0,1000,0,1000,3,3,3,3,0,0,0,0,0,0,0,0,0,0,3,3,3,3,0,0,0,0,0,0,0,0,0,0,3,3,3,3,0,0,0,0,0,0,0,0,0,0,3,3,3,3,0,0,0,0,0,0,0,0,0,0,3,3,3,3,0,0,0,0,0,0,0,0,0,0,3,3,3,3,0,0,0,0,0,0,0,0,0,0
17,0,1000,0,0,1000,0,1000,3,3,3,3,0,0,252546,3,252546,3,0,0,0,0,3,3,3,3,0,0,252546,3,252546,3,0,0,0,0,3,3,3,3,0,0,252546,3,252546,3,0,0,0,0,3,3,3,3,0,0,252546,3,252546,3,0,0,0,0,3,3,3,3,0,0,252546,3,252546,3,0,0,0,0,3,3,3,3,0,0,252546,3,252546,3,0,0,0,0
18,0,1000,0,0,1000,0,1000,4,4,4,4,0,0,106130,96,0,0,80290,1,25840,95,4,4,4,4,0,0,106130,96,0,0,80290,1,25840,95,4,4,4,4,0,0,106130,96,0,0,80290,1,25840,95,4,4,4,4,0,0,106130,96,0,0,80290,1,25840,95,4,4,4,4,0,0,106130,96,0,0,80290,1,25840,95,4,4,4,4,0,0,106130,96,0,0,80290,1,25840,95
19,0,1000,0,0,1000,0,1000,4,4,4,4,0,0,0,0,0,0,0,0,0,0,4,4,4,4,0,0,0,0,0,0,0,0,0,0,4,4,4,4,0,0,0,0,0,0,0,0,0,0,4,4,4,4,0,0,0,0,0,0,0,0,0,0,4,4,4,4,0,0,0,0,0,0,0,0,0,0,4,4,4,4,0,0,0,0,0,0,0,0,0,0
20,0,1000,0,0,1000,0,1000,4,4,4,4,0,0,0,0,0,0,0,0,0,0,4,4,4,4,0,0,0,0,0,0,0,0,0,0,4,4,4,4,0,0,0,0,0,0,0,0,0,0,4,4,4,4,0,0,0,0,0,0,0,0,0,0,4,4,4,4,0,0,0,0,0,0,0,0,0,0,4,4,4,4,0,0,0,0,0,0,0,0,0,0
21,0,1000,0,0,1000,0,1000,4,4,4,4,0,0,417390,5,417390,5,0,0,0,0,4,4,4,4,0,0,417390,5,417390,5,0,0,0,0,4,4,4,4,0,0,417390,5,417390,5,0,0,0,0,4,4,4,4,0,0,417390,5,417390,5,0,0,0,0,4,4,4,4,0,0,417390,5,417390,5,0,0,0,0,4,4,4,4,0,0,417390,5,417390,5,0,0,0,0
22,0,1000,0,0,1000,0,1000,5,5,5,5,0,0,106674,98,0,0,80290,1,26384,97,5,5,5,5,0,0,106674,98,0,0,80290,1,26384,97,5,5,5,5,0,0,106674,98,0,0,80290,1,26384,97,5,5,5,5,0,0,106674,98,0,0,80290,1,26384,97,5,5,5,5,0,0,106674,98,0,0,80290,1,26384,97,5,5,5,5,0,0,106674,98,0,0,80290,1,26384,97
23,0,1000,0,0,1000,0,1000,5,5,5,5,0,0,0,0,0,0,0,0,0,0,5,5,5,5,0,0,0,0,0,0,0,0,0,0,5,5,5,5,0,0,0,0,0,0,0,0,0,0,5,5,5,5,0,0,0,0,0,0,0,0,0,0,5,5,5,5,0,0,0,0,0,0,0,0,0,0,5,5,5,5,0,0,0,0,0,0,0,0,0,0
24,0,1000,0,0,1000,0,1000,5,5,5,5,0,0,0,0,0,0,0,0,0,0,5,5,5,5,0,0,0,0,0,0,0,0,0,0,5,5,5,5,0,0,0,0,0,0,0,0,0,0,5,5,5,5,0,0,0,0,0,0,0,0,0,0,5,5,5,5,0,0,0,0,0,0,0,0,0,0,5,5,5,5,0,0,0,0,0,0,0,0,0,0
25,0,1000,0,0,1000,0,1000,5,5,5,5,0,0,668336,8,668336,8,0,0,0,0,5,5,5,5,0,0,668336,8,668336,8,0,0,0,0,5,5,5,5,0,0,668336,8,668336,8,0,0,0,0,5,5,5,5,0,0,668336,8,668336,8,0,0,0,0,5,5,5,5,0,0,668336,8,668336,8,0,0,0,0,5,5,5,5,0,0,668336,8,668336,8,0,0,0,0
26,0,1000,0,0,1000,0,1000,6,6,6,6,0,0,111298,115,0,0,80290,1,31008,114,6,6,6,6,0,0,111298,115,0,0,80290,1,31008,114,6,6,6,6,0,0,111298,115,0,0,80290,1,31008,114,6,6,6,6,0,0,111298,115,0,0,80290,1,31008,114,6,6,6,6,0,0,111298,115,0,0,80290,1,31008,114,6,6,6,6,0,0,111298,115,0,0,80290,1,31008,114
27,0,1000,0,0,1000,0,1000,6,6,6,6,0,0,0,0,0,0,0,0,0,0,6,6,6,6,0,0,0,0,0,0,0,0,0,0,6,6,6,6,0,0,0,0,0,0,0,0,0,0,6,6,6,6,0,0,0,0,0,0,0,0,0,0,6,6,6,6,0,0,0,0,0,0,0,0,0,0,6,6,6,6,0,0,0,0,0,0,0,0,0,0
28,0,1000,0,0,1000,0,1000,6,6,6,6,0,0,0,0,0,0,0,0,0,0,6,6,6,6,0,0,0,0,0,0,0,0,0,0,6,6,6,6,0,0,0,0,0,0,0,0,0,0,6,6,6,6,0,0,0,0,0,0,0,0,0,0,6,6,6,6,0,0,0,0,0,0,0,0,0,0,6,6,6,6,0,0,0,0,0,0,0,0,0,0
29,0,1000,0,0,1000,0,1000,6,6,6,6,0,0,336344,4,336344,4,0,0,0,0,6,6,6,6,0,0,336344,4,336344,4,0,0,0,0,6,6,6,6,0,0,336344,4,336344,4,0,0,0,0,6,6,6,6,0,0,336344,4,336344,4,0,0,0,0,6,6,6,6,0,0,336344,4,336344,4,0,0,0,0,6,6,6,6,0,0,336344,4,336344,4,0,0,0,0
30,0,1000,0,0,1000,0,1000,7,7,7,7,0,0,107218,100,0,0,80290,1,26928,99,7,7,7,7,0,0,107218,100,0,0,80290,1,26928,99,7,7,7,7,0,0,107218,100,0,0,80290,1,26928,99,7,7,7,7,0,0,107218,100,0,0,80290,1,26928,99,7,7,7,7,0,0,107218,100,0,0,80290,1,26928,99,7,7,7,7,0,0,107218,100,0,0,80290,1,26928,99
31,0,1000,0,0,1000,0,1000,7,7,7,7,0,0,0,0,0,0,0,0,0,0,7,7,7,7,0,0,0,0,0,0,0,0,0,0,7,7,7,7,0,0,0,0,0,0,0,0,0,0,7,7,7,7,0,0,0,0,0,0,0,0,0,0,7,7,7,7,0,0,0,0,0,0,0,0,0,0,7,7,7,7,0,0,0,0,0,0,0,0,0,0
32,0,1000,0,0,1000,0,1000,7,7,7,7,0,0,0,0,0,0,0,0,0,0,7,7,7,7,0,0,0,0,0,0,0,0,0,0,7,7,7,7,0,0,0,0,0,0,0,0,0,0,7,7,7,7,0,0,0,0,0,0,0,0,0,0,7,7,7,7,0,0,0,0,0,0,0,0,0,0,7,7,7,7,0,0,0,0,0,0,0,0,0,0
33,0,1000,0,0,1000,0,1000,7,7,7,7,0,0,334424,4,334424,4,0,0,0,0,7,7,7,7,0,0,334424,4,334424,4,0,0,0,0,7,7,7,7,0,0,334424,4,334424,4,0,0,0,0,7,7,7,7,0,0,334424,4,334424,4,0,0,0,0,7,7,7,7,0,0,334424,4,334424,4,0,0,0,0,7,7,7,7,0,0,334424,4,334424,4,0,0,0,0
34,0,1000,0,0,1000,0,1000,8,8,8,8,0,0,105858,95,0,0,80290,1,25568,94,8,8,8,8,0,0,105858,95,0,0,80290,1,25568,94,8,8,8,8,0,0,105858,95,0,0,80290,1,25568,94,8,8,8,8,0,0,105858,95,0,0,80290,1,25568,94,8,8,8,8,0,0,105858,95,0,0,80290,1,25568,94,8,8,8,8,0,0,105858,95,0,0,80290,1,25568,94
35,0,1000,0,0,1000,0,1000,8,8,8,8,0,0,0,0,0,0,0,0,0,0,8,8,8,8,0,0,0,0,0,0,0,0,0,0,8,8,8,8,0,0,0,0,0,0,0,0,0,0,8,8,8,8,0,0,0,0,0,0,0,0,0,0,8,8,8,8,0,0,0,0,0,0,0,0,0,0,8,8,8,8,0,0,0,0,0,0,0,0,0,0
36,0,1000,0,0,1000,0,1000,8,8,8,8,0,0,0,0,0,0,0,0,0,0,8,8,8,8,0,0,0,0,0,0,0,0,0,0,8,8,8,8,0,0,0,0,0,0,0,0,0,0,8,8,8,8,0,0,0,0,0,0,0,0,0,0,8,8,8,8,0,0,0,0,0,0,0,0,0,0,8,8,8,8,0,0,0,0,0,0,0,0,0,0
37,0,1000,0,0,1000,0,1000,8,8,8,8,0,0,834458,10,834458,10,0,0,0,0,8,8,8,8,0,0,834458,10,834458,10,0,0,0,0,8,8,8,8,0,0,834458,10,834458,10,0,0,0,0,8,8,8,8,0,0,834458,10,834458,10,0,0,0,0,8,8,8,8,0,0,834458,10,834458,10,0,0,0,0,8,8,8,8,0,0,834458,10,834458,10,0,0,0,0
38,0,1000,0,0,1000,0,1000,9,9,9,9,0,0,108305,104,0,0,80289,1,28016,103,9,9,9,9,0,0,108305,104,0,0,80289,1,28016,103,9,9,9,9,0,0,108305,104,0,0,80289,1,28016,103,9,9,9,9,0,0,108305,104,0,0,80289,1,28016,103,9,9,9,9,0,0,108305,104,0,0,80289,1,28016,103,9,9,9,9,0,0,108305,104,0,0,80289,1,28016,103
39,0,1000,0,0,1000,0,1000,9,9,9,9,0,0,0,0,0,0,0,0,0,0,9,9,9,9,0,0,0,0,0,0,0,0,0,0,9,9,9,9,0,0,0,0,0,0,0,0,0,0,9,9,9,9,0,0,0,0,0,0,0,0,0,0,9,9,9,9,0,0,0,0,0,0,0,0,0,0,9,9,9,9,0,0,0,0,0,0,0,0,0,0
40,0,1000,0,0,1000,0,1000,9,9,9,9,0,0,0,0,0,0,0,0,0,0,9,9,9,9,0,0,0,0,0,0,0,0,0,0,9,9,9,9,0,0,0,0,0,0,0,0,0,0,9,9,9,9,0,0,0,0,0,0,0,0,0,0,9,9,9,9,0,0,0,0,0,0,0,0,0,0,9,9,9,9,0,0,0,0,0,0,0,0,0,0
41,0,1000,0,0,1000,0,1000,9,9,9,9,0,0,418675,5,418675,5,0,0,0,0,9,9,9,9,0,0,418675,5,418675,5,0,0,0,0,9,9,9,9,0,0,418675,5,418675,5,0,0,0,0,9,9,9,9,0,0,418675,5,418675,5,0,0,0,0,9,9,9,9,0,0,418675,5,418675,5,0,0,0,0,9,9,9,9,0,0,418675,5,418675,5,0,0,0,0
42,0,1000,0,0,1000,0,1000,10,10,10,10,0,0,108579,105,0,0,80291,1,28288,104,10,10,10,10,0,0,108579,105,0,0,80291,1,28288,104,10,10,10,10,0,0,108579,105,0,0,80291,1,28288,104,10,10,10,10,0,0,108579,105,0,0,80291,1,28288,104,10,10,10,10,0,0,108579,105,0,0,80291,1,28288,104,10,10,10,10,0,0,108579,105,0,0,80291,1,28288,104
43,0,1000,0,0,1000,0,1000,10,10,10,10,0,0,0,0,0,0,0,0,0,0,10,10,10,10,0,0,0,0,0,0,0,0,0,0,10,10,10,10,0,0,0,0,0,0,0,0,0,0,10,10,10,10,0,0,0,0,0,0,0,0,0,0,10,10,10,10,0,0,0,0,0,0,0,0,0,0,10,10,10,10,0,0,0,0,0,0,0,0,0,0
44,0,1000,0,0,1000,0,1000,10,10,10,10,0,0,0,0,0,0,0,0,0,0,10,10,10,10,0,0,0,0,0,0,0,0,0,0,10,10,10,10,0,0,0,0,0,0,0,0,0,0,10,10,10,10,0,0,0,0,0,0,0,0,0,0,10,10,10,10,0,0,0,0,0,0,0,0,0,0,10,10,10,10,0,0,0,0,0,0,0,0,0,0
45,0,1000,0,0,1000,0,1000,10,10,10,10,0,0,586369,7,586369,7,0,0,0,0,10,10,10,10,0,0,586369,7,586369,7,0,0,0,0,10,10,10,10,0,0,586369,7,586369,7,0,0,0,0,10,10,10,10,0,0,586369,7,586369,7,0,0,0,0,10,10,10,10,0,0,586369,7,586369,7,0,0,0,0,10,10,10,10,0,0,586369,7,586369,7,0,0,0,0
46,0,1000,0,0,1000,0,1000,11,11,11,11,0,0,104771,91,0,0,80291,1,24480,90,11,11,11,11,0,0,104771,91,0,0,80291,1,24480,90,11,11,11,11,0,0,104771,91,0,0,80291,1,24480,90,11,11,11,11,0,0,104771,91,0,0,80291,1,24480,90,11,11,11,11,0,0,104771,91,0,0,80291,1,24480,90,11,11,11,11,0,0,104771,91,0,0,80291,1,24480,90
47,0,1000,0,0,1000,0,1000,11,11,11,11,1,1,0,0,0,0,0,0,0,0,11,11,11,11,1,1,0,0,0,0,0,0,0,0,11,11,11,11,1,1,0,0,0,0,0,0,0,0,11,11,11,11,1,1,0,0,0,0,0,0,0,0,11,11,11,11,1,1,0,0,0,0,0,0,0,0,11,11,11,11,1,1,0,0,0,0,0,0,0,0
48,0,1000,0,0,1000,0,1000,11,11,11,11,1,1,0,0,0,0,0,0,0,0,11,11,11,11,1,1,0,0,0,0,0,0,0,0,11,11,11,11,1,1,0,0,0,0,0,0,0,0,11,11,11,11,1,1,0,0,0,0,0,0,0,0,11,11,11,11,1,1,0,0,0,0,0,0,0,0,11,11,11,11,1,1,0,0,0,0,0,0,0,0
49,0,1000,0,0,1000,0,1000,11,11,11,11,1,1,333276,4,333276,4,0,0,0,0,11,11,11,11,1,1,333276,4,333276,4,0,0,0,0,11,11,11,11,1,1,333276,4,333276,4,0,0,0,0,11,11,11,11,1,1,333276,4,333276,4,0,0,0,0,11,11,11,11,1,1,333276,4,333276,4,0,0,0,0,11,11,11,11,1,1,333276,4,333276,4,0,0,0,0
50,0,1000,0,0,1000,0,1000,12,12,12,12,1,1,108035,103,0,0,80291,1,27744,102,12,12,12,12,1,1,108035,103,0,0,80291,1,27744,102,12,12,12,12,1,1,108035,103,0,0,80291,1,27744,102,12,12,12,12,1,1,108035,103,0,0,80291,1,27744,102,12,12,12,12,1,1,108035,103,0,0,80291,1,27744,102,12,12,12,12,1,1,108035,103,0,0,80291,1,27744,102
51,0,1000,0,0,1000,0,1000,12,12,12,12,2,2,0,0,0,0,0,0,0,0,12,12,12,12,2,2,0,0,0,0,0,0,0,0,12,12,12,12,2,2,0,0,0,0,0,0,0,0,12,12,12,12,2,2,0,0,0,0,0,0,0,0,12,12,12,12,2,2,0,0,0,0,0,0,0,0,12,12,12,12,2,2,0,0,0,0,0,0,0,0
52,0,1000,0,0,1000,0,1000,12,12,12,12,2,2,0,0,0,0,0,0,0,0,12,12,12,12,2,2,0,0,0,0,0,0,0,0,12,12,12,12,2,2,0,0,0,0,0,0,0,0,12,12,12,12,2,2,0,0,0,0,0,0,0,0,12,12,12,12,2,2,0,0,0,0,0,0,0,0,12,12,12,12,2,2,0,0,0,0,0,0,0,0
53,0,1000,0,0,1000,0,1000,12,12,12,12,2,2,669623,8,669623,8,0,0,0,0,12,12,12,12,2,2,669623,8,669623,8,0,0,0,0,12,12,12,12,2,2,669623,8,669623,8,0,0,0,0,12,12,12,12,2,2,669623,8,669623,8,0,0,0,0,12,12,12,12,2,2,669623,8,669623,8,0,0,0,0,12,12,12,12,2,2,669623,8,669623,8,0,0,0,0
54,0,1000,0,0,1000,0,1000,13,13,13,13,2,2,108035,103,0,0,80291,1,27744,102,13,13,13,13,2,2,108035,103,0,0,80291,1,27744,102,13,13,13,13,2,2,108035,103,0,0,80291,1,27744,102,13,13,13,13,2,2,108035,103,0,0,80291,1,27744,102,13,13,13,13,2,2,108035,103,0,0,80291,1,27744,102,13,13,13,13,2,2,108035,103,0,0,80291,1,27744,102
55,0,1000,0,0,1000,0,1000,13,13,13,13,3,3,0,0,0,0,0,0,0,0,13,13,13,13,3,3,0,0,0,0,0,0,0,0,13,13,13,13,3,3,0,0,0,0,0,0,0,0,13,13,13,13,3,3,0,0,0,0,0,0,0,0,13,13,13,13,3,3,0,0,0,0,0,0,0,0,13,13,13,13,3,3,0,0,0,0,0,0,0,0
56,0,1000,0,0,1000,0,1000,13,13,13,13,3,3,0,0,0,0,0,0,0,0,13,13,13,13,3,3,0,0,0,0,0,0,0,0,13,13,13,13,3,3,0,0,0,0,0,0,0,0,13,13,13,13,3,3,0,0,0,0,0,0,0,0,13,13,13,13,3,3,0,0,0,0,0,0,0,0,13,13,13,13,3,3,0,0,0,0,0,0,0,0
57,0,1000,0,0,1000,0,1000,13,13,13,13,3,3,251109,3,251109,3,0,0,0,0,13,13,13,13,3,3,251109,3,251109,3,0,0,0,0,13,13,13,13,3,3,251109,3,251109,3,0,0,0,0,13,13,13,13,3,3,251109,3,251109,3,0,0,0,0,13,13,13,13,3,3,251109,3,251109,3,0,0,0,0,13,13,13,13,3,3,251109,3,251109,3,0,0,0,0
58,0,1000,0,0,1000,0,1000,14,14,14,14,3,3,108851,106,0,0,80291,1,28560,105,14,14,14,14,3,3,108851,106,0,0,80291,1,28560,105,14,14,14,14,3,3,108851,106,0,0,80291,1,28560,105,14,14,14,14,3,3,108851,106,0,0,80291,1,28560,105,14,14,14,14,3,3,108851,106,0,0,80291,1,28560,105,14,14,14,14,3,3,108851,106,0,0,80291,1,28560,105
59,0,1000,0,0,1000,0,1000,14,14,14,14,4,4,0,0,0,0,0,0,0,0,14,14,14,14,4,4,0,0,0,0,0,0,0,0,14,14,14,14,4,4,0,0,0,0,0,0,0,0,14,14,14,14,4,4,0,0,0,0,0,0,0,0,14,14,14,14,4,4,0,0,0,0,0,0,0,0,14,14,14,14,4,4,0,0,0,0,0,0,0,0
60,0,1000,0,0,1000,0,1000,14,14,14,14,4,4,0,0,0,0,0,0,0,0,14,14,14,14,4,4,0,0,0,0,0,0,0,0,14,14,14,14,4,4,0,0,0,0,0,0,0,0,14,14,14,14,4,4,0,0,0,0,0,0,0,0,14,14,14,14,4,4,0,0,0,0,0,0,0,0,14,14,14,14,4,4,0,0,0,0,0,0,0,0
61,0,1000,0,0,1000,0,1000,14,14,14,14,4,4,251397,3,251397,3,0,0,0,0,14,14,14,14,4,4,251397,3,251397,3,0,0,0,0,14,14,14,14,4,4,251397,3,251397,3,0,0,0,0,14,14,14,14,4,4,251397,3,251397,3,0,0,0,0,14,14,14,14,4,4,251397,3,251397,3,0,0,0,0,14,14,14,14,4,4,251397,3,251397,3,0,0,0,0
62,0,1000,0,0,1000,0,1000,15,15,15,15,4,4,109395,108,0,0,80291,1,29104,107,15,15,15,15,4,4,109395,108,0,0,80291,1,29104,107,15,15,15,15,4,4,109395,108,0,0,80291,1,29104,107,15,15,15,15,4,4,109395,108,0,0,80291,1,29104,107,15,15,15,15,4,4,109395,108,0,0,80291,1,29104,107,15,15,15,15,4,4,109395,108,0,0,80291,1,29104,107
63,0,1000,0,0,1000,0,1000,15,15,15,15,5,5,0,0,0,0,0,0,0,0,15,15,15,15,5,5,0,0,0,0,0,0,0,0,15,15,15,15,5,5,0,0,0,0,0,0,0,0,15,15,15,15,5,5,0,0,0,0,0,0,0,0,15,15,15,15,5,5,0,0,0,0,0,0,0,0,15,15,15,15,5,5,0,0,0,0,0,0,0,0
64,0,1000,0,0,1000,0,1000,15,15,15,15,5,5,0,0,0,0,0,0,0,0,15,15,15,15,5,5,0,0,0,0,0,0,0,0,15,15,15,15,5,5,0,0,0,0,0,0,0,0,15,15,15,15,5,5,0,0,0,0,0,0,0,0,15,15,15,15,5,5,0,0,0,0,0,0,0,0,15,15,15,15,5,5,0,0,0,0,0,0,0,0
65,0,1000,0,0,1000,0,1000,15,15,15,15,5,5,251588,3,251588,3,0,0,0,0,15,15,15,15,5,5,251588,3,251588,3,0,0,0,0,15,15,15,15,5,5,251588,3,251588,3,0,0,0,0,15,15,15,15,5,5,251588,3,251588,3,0,0,0,0,15,15,15,15,5,5,251588,3,251588,3,0,0,0,0,15,15,15,15,5,5,251588,3,251588,3,0,0,0,0
66,0,1000,0,0,1000,0,1000,16,16,16,16,5,5,106403,97,0,0,80291,1,26112,96,16,16,16,16,5,5,106403,97,0,0,80291,1,26112,96,16,16,16,16,5,5,106403,97,0,0,80291,1,26112,96,16,16,16,16,5,5,106403,97,0,0,80291,1,26112,96,16,16,16,16,5,5,106403,97,0,0,80291,1,26112,96,16,16,16,16,5,5,106403,97,0,0,80291,1,26112,96
67,0,1000,0,0,1000,0,1000,16,16,16,16,6,6,0,0,0,0,0,0,0,0,16,16,16,16,6,6,0,0,0,0,0,0,0,0,16,16,16,16,6,6,0,0,0,0,0,0,0,0,16,16,16,16,6,6,0,0,0,0,0,0,0,0,16,16,16,16,6,6,0,0,0,0,0,0,0,0,16,16,16,16,6,6,0,0,0,0,0,0,0,0
68,0,1000,0,0,1000,0,1000,16,16,16,16,6,6,0,0,0,0,0,0,0,0,16,16,16,16,6,6,0,0,0,0,0,0,0,0,16,16,16,16,6,6,0,0,0,0,0,0,0,0,16,16,16,16,6,6,0,0,0,0,0,0,0,0,16,16,16,16,6,6,0,0,0,0,0,0,0,0,16,16,16,16,6,6,0,0,0,0,0,0,0,0
69,0,1000,0,0,1000,0,1000,16,16,16,16,6,6,584577,7,584577,7,0,0,0,0,16,16,16,16,6,6,584577,7,584577,7,0,0,0,0,16,16,16,16,6,6,584577,7,584577,7,0,0,0,0,16,16,16,16,6,6,584577,7,584577,7,0,0,0,0,16,16,16,16,6,6,584577,7,584577,7,0,0,0,0,16,16,16,16,6,6,584577,7,584577,7,0,0,0,0
70,0,1000,0,0,1000,0,1000,17,17,17,17,6,6,110755,113,0,0,80291,1,30464,112,17,17,17,17,6,6,110755,113,0,0,80291,1,30464,112,17,17,17,17,6,6,110755,113,0,0,80291,1,30464,112,17,17,17,17,6,6,110755,113,0,0,80291,1,30464,112,17,17,17,17,6,6,110755,113,0,0,80291,1,30464,112,17,17,17,17,6,6,110755,113,0,0,80291,1,30464,112
71,0,1000,0,0,1000,0,1000,17,17,17,17,7,7,0,0,0,0,0,0,0,0,17,17,17,17,7,7,0,0,0,0,0,0,0,0,17,17,17,17,7,7,0,0,0,0,0,0,0,0,17,17,17,17,7,7,0,0,0,0,0,0,0,0,17,17,17,17,7,7,0,0,0,0,0,0,0,0,17,17,17,17,7,7,0,0,0,0,0,0,0,0
72,0,1000,0,0,1000,0,1000,17,17,17,17,7,7,0,0,0,0,0,0,0,0,17,17,17,17,7,7,0,0,0,0,0,0,0,0,17,17,17,17,7,7,0,0,0,0,0,0,0,0,17,17,17,17,7,7,0,0,0,0,0,0,0,0,17,17,17,17,7,7,0,0,0,0,0,0,0,0,17,17,17,17,7,7,0,0,0,0,0,0,0,0
73,0,1000,0,0,1000,0,1000,17,17,17,17,7,7,252069,3,252069,3,0,0,0,0,17,17,17,17,7,7,252069,3,252069,3,0,0,0,0,17,17,17,17,7,7,252069,3,252069,3,0,0,0,0,17,17,17,17,7,7,252069,3,252069,3,0,0,0,0,17,17,17,17,7,7,252069,3,252069,3,0,0,0,0,17,17,17,17,7,7,252069,3,252069,3,0,0,0,0
74,0,1000,0,0,1000,0,1000,18,18,18,18,7,7,106403,97,0,0,80291,1,26112,96,18,18,18,18,7,7,106403,97,0,0,80291,1,26112,96,18,18,18,18,7,7,106403,97,0,0,80291,1,26112,96,18,18,18,18,7,7,106403,97,0,0,80291,1,26112,96,18,18,18,18,7,7,106403,97,0,0,80291,1,26112,96,18,18,18,18,7,7,106403,97,0,0,80291,1,26112,96
75,0,1000,0,0,1000,0,1000,18,18,18,18,8,8,0,0,0,0,0,0,0,0,18,18,18,18,8,8,0,0,0,0,0,0,0,0,18,18,18,18,8,8,0,0,0,0,0,0,0,0,18,18,18,18,8,8,0,0,0,0,0,0,0,0,18,18,18,18,8,8,0,0,0,0,0,0,0,0,18,18,18,18,8,8,0,0,0,0,0,0,0,0
76,0,1000,0,0,1000,0,1000,18,18,18,18,8,8,0,0,0,0,0,0,0,0,18,18,18,18,8,8,0,0,0,0,0,0,0,0,18,18,18,18,8,8,0,0,0,0,0,0,0,0,18,18,18,18,8,8,0,0,0,0,0,0,0,0,18,18,18,18,8,8,0,0,0,0,0,0,0,0,18,18,18,18,8,8,0,0,0,0,0,0,0,0
77,0,1000,0,0,1000,0,1000,18,18,18,18,8,8,417555,5,417555,5,0,0,0,0,18,18,18,18,8,8,417555,5,417555,5,0,0,0,0,18,18,18,18,8,8,417555,5,417555,5,0,0,0,0,18,18,18,18,8,8,417555,5,417555,5,0,0,0,0,18,18,18,18,8,8,417555,5,417555,5,0,0,0,0,18,18,18,18,8,8,417555,5,417555,5,0,0,0,0
78,0,1000,0,0,1000,0,1000,19,19,19,19,8,8,112659,120,0,0,80291,1,32368,119,19,19,19,19,8,8,112659,120,0,0,80291,1,32368,119,19,19,19,19,8,8,112659,120,0,0,80291,1,32368,119,19,19,19,19,8,8,112659,120,0,0,80291,1,32368,119,19,19,19,19,8,8,112659,120,0,0,80291,1,32368,119,19,19,19,19,8,8,112659,120,0,0,80291,1,32368,119
79,0,1000,0,0,1000,0,1000,19,19,19,19,9,9,0,0,0,0,0,0,0,0,19,19,19,19,9,9,0,0,0,0,0,0,0,0,19,19,19,19,9,9,0,0,0,0,0,0,0,0,19,19,19,19,9,9,0,0,0,0,0,0,0,0,19,19,19,19,9,9,0,0,0,0,0,0,0,0,19,19,19,19,9,9,0,0,0,0,0,0,0,0
80,0,1000,0,0,1000,0,1000,19,19,19,19,9,9,0,0,0,0,0,0,0,0,19,19,19,19,9,9,0,0,0,0,0,0,0,0,19,19,19,19,9,9,0,0,0,0,0,0,0,0,19,19,19,19,9,9,0,0,0,0,0,0,0,0,19,19,19,19,9,9,0,0,0,0,0,0,0,0,19,19,19,19,9,9,0,0,0,0,0,0,0,0
81,0,1000,0,0,1000,0,1000,19,19,19,19,9,9,842469,10,842469,10,0,0,0,0,19,19,19,19,9,9,842469,10,842469,10,0,0,0,0,19,19,19,19,9,9,842469,10,842469,10,0,0,0,0,19,19,19,19,9,9,842469,10,842469,10,0,0,0,0,19,19,19,19,9,9,842469,10,842469,10,0,0,0,0,19,19,19,19,9,9,842469,10,842469,10,0,0,0,0
82,0,1000,0,0,1000,0,1000,20,20,20,20,9,9,107491,101,0,0,80291,1,27200,100,20,20,20,20,9,9,107491,101,0,0,80291,1,27200,100,20,20,20,20,9,9,107491,101,0,0,80291,1,27200,100,20,20,20,20,9,9,107491,101,0,0,80291,1,27200,100,20,20,20,20,9,9,107491,101,0,0,80291,1,27200,100,20,20,20,20,9,9,107491,101,0,0,80291,1,27200,100
83,0,1000,0,0,1000,0,1000,20,20,20,20,10,10,0,0,0,0,0,0,0,0,20,20,20,20,10,10,0,0,0,0,0,0,0,0,20,20,20,20,10,10,0,0,0,0,0,0,0,0,20,20,20,20,10,10,0,0,0,0,0,0,0,0,20,20,20,20,10,10,0,0,0,0,0,0,0,0,20,20,20,20,10,10,0,0,0,0,0,0,0,0
84,0,1000,0,0,1000,0,1000,20,20,20,20,10,10,0,0,0,0,0,0,0,0,20,20,20,20,10,10,0,0,0,0,0,0,0,0,20,20,20,20,10,10,0,0,0,0,0,0,0,0,20,20,20,20,10,10,0,0,0,0,0,0,0,0,20,20,20,20,10,10,0,0,0,0,0,0,0,0,20,20,20,20,10,10,0,0,0,0,0,0,0,0
85,0,1000,0,0,1000,0,1000,20,20,20,20,10,10,250917,3,250917,3,0,0,0,0,20,20,20,20,10,10,250917,3,250917,3,0,0,0,0,20,20,20,20,10,10,250917,3,250917,3,0,0,0,0,20,20,20,20,10,10,250917,3,250917,3,0,0,0,0,20,20,20,20,10,10,250917,3,250917,3,0,0,0,0,20,20,20,20,10,10,250917,3,250917,3,0,0,0,0
86,0,1000,0,0,1000,0,1000,21,21,21,21,10,10,105315,93,0,0,80291,1,25024,92,21,21,21,21,10,10,105315,93,0,0,80291,1,25024,92,21,21,21,21,10,10,105315,93,0,0,80291,1,25024,92,21,21,21,21,10,10,105315,93,0,0,80291,1,25024,92,21,21,21,21,10,10,105315,93,0,0,80291,1,25024,92,21,21,21,21,10,10,105315,93,0,0,80291,1,25024,92
87,0,1000,0,0,1000,0,1000,21,21,21,21,11,11,0,0,0,0,0,0,0,0,21,21,21,21,11,11,0,0,0,0,0,0,0,0,21,21,21,21,11,11,0,0,0,0,0,0,0,0,21,21,21,21,11,11,0,0,0,0,0,0,0,0,21,21,21,21,11,11,0,0,0,0,0,0,0,0,21,21,21,21,11,11,0,0,0,0,0,0,0,0
88,0,1000,0,0,1000,0,1000,21,21,21,21,11,11,0,0,0,0,0,0,0,0,21,21,21,21,11,11,0,0,0,0,0,0,0,0,21,21,21,21,11,11,0,0,0,0,0,0,0,0,21,21,21,21,11,11,0,0,0,0,0,0,0,0,21,21,21,21,11,11,0,0,0,0,0,0,0,0,21,21,21,21,11,11,0,0,0,0,0,0,0,0
89,0,1000,0,0,1000,0,1000,21,21,21,21,11,11,416914,5,416914,5,0,0,0,0,21,21,21,21,11,11,416914,5,416914,5,0,0,0,0,21,21,21,21,11,11,416914,5,416914,5,0,0,0,0,21,21,21,21,11,11,416914,5,416914,5,0,0,0,0,21,21,21,21,11,11,416914,5,416914,5,0,0,0,0,21,21,21,21,11,11,416914,5,416914,5,0,0,0,0
90,0,1000,0,0,1000,0,1000,22,22,22,22,11,11,110210,111,0,0,80290,1,29920,110,22,22,22,22,11,11,110210,111,0,0,80290,1,29920,110,22,22,22,22,11,11,110210,111,0,0,80290,1,29920,110,22,22,22,22,11,11,110210,111,0,0,80290,1,29920,110,22,22,22,22,11,11,110210,111,0,0,80290,1,29920,110,22,22,22,22,11,11,110210,111,0,0,80290,1,29920,110
91,0,1000,0,0,1000,0,1000,22,22,22,22,12,12,0,0,0,0,0,0,0,0,22,22,22,22,12,12,0,0,0,0,0,0,0,0,22,22,22,22,12,12,0,0,0,0,0,0,0,0,22,22,22,22,12,12,0,0,0,0,0,0,0,0,22,22,22,22,12,12,0,0,0,0,0,0,0,0,22,22,22,22,12,12,0,0,0,0,0,0,0,0
92,0,1000,0,0,1000,0,1000,22,22,22,22,12,12,0,0,0,0,0,0,0,0,22,22,22,22,12,12,0,0,0,0,0,0,0,0,22,22,22,22,12,12,0,0,0,0,0,0,0,0,22,22,22,22,12,12,0,0,0,0,0,0,0,0,22,22,22,22,12,12,0,0,0,0,0,0,0,0,22,22,22,22,12,12,0,0,0,0,0,0,0,0
93,0,1000,0,0,1000,0,1000,22,22,22,22,12,12,503754,6,503754,6,0,0,0,0,22,22,22,22,12,12,503754,6,503754,6,0,0,0,0,22,22,22,22,12,12,503754,6,503754,6,0,0,0,0,22,22,22,22,12,12,503754,6,503754,6,0,0,0,0,22,22,22,22,12,12,503754,6,503754,6,0,0,0,0,22,22,22,22,12,12,503754,6,503754,6,0,0,0,0
94,0,1000,0,0,1000,0,1000,23,23,23,23,12,12,107763,102,0,0,80291,1,27472,101,23,23,23,23,12,12,107763,102,0,0,80291,1,27472,101,23,23,23,23,12,12,107763,102,0,0,80291,1,27472,101,23,23,23,23,12,12,107763,102,0,0,80291,1,27472,101,23,23,23,23,12,12,107763,102,0,0,80291,1,27472,101,23,23,23,23,12,12,107763,102,0,0,80291,1,27472,101
95,0,1000,0,0,1000,0,1000,23,23,23,23,13,13,0,0,0,0,0,0,0,0,23,23,23,23,13,13,0,0,0,0,0,0,0,0,23,23,23,23,13,13,0,0,0,0,0,0,0,0,23,23,23,23,13,13,0,0,0,0,0,0,0,0,23,23,23,23,13,13,0,0,0,0,0,0,0,0,23,23,23,23,13,13,0,0,0,0,0,0,0,0
96,0,1000,0,0,1000,0,1000,23,23,23,23,13,13,0,0,0,0,0,0,0,0,23,23,23,23,13,13,0,0,0,0,0,0,0,0,23,23,23,23,13,13,0,0,0,0,0,0,0,0,23,23,23,23,13,13,0,0,0,0,0,0,0,0,23,23,23,23,13,13,0,0,0,0,0,0,0,0,23,23,23,23,13,13,0,0,0,0,0,0,0,0
97,0,1000,0,0,1000,0,1000,23,23,23,23,13,13,167342,2,167342,2,0,0,0,0,23,23,23,23,13,13,167342,2,167342,2,0,0,0,0,23,23,23,23,13,13,167342,2,167342,2,0,0,0,0,23,23,23,23,13,13,167342,2,167342,2,0,0,0,0,23,23,23,23,13,13,167342,2,167342,2,0,0,0,0,23,23,23,23,13,13,167342,2,167342,2,0,0,0,0
98,0,1000,0,0,1000,0,1000,24,24,24,24,13,13,103139,85,0,0,80291,1,22848,84,24,24,24,24,13,13,103139,85,0,0,80291,1,22848,84,24,24,24,24,13,13,103139,85,0,0,80291,1,22848,84,24,24,24,24,13,13,103139,85,0,0,80291,1,22848,84,24,24,24,24,13,13,103139,85,0,0,80291,1,22848,84,24,24,24,24,13,13,103139,85,0,0,80291,1,22848,84
99,0,1000,0,0,1000,0,1000,24,24,24,24,14,14,0,0,0,0,0,0,0,0,24,24,24,24,14,14,0,0,0,0,0,0,0,0,24,24,24,24,14,14,0,0,0,0,0,0,0,0,24,24,24,24,14,14,0,0,0,0,0,0,0,0,24,24,24,24,14,14,0,0,0,0,0,0,0,0,24,24,24,24,14,14,0,0,0,0,0,0,0,0
100,0,1000,0,0,1000,0,1000,24,24,24,24,14,14,0,0,0,0,0,0,0,0,24,24,24,24,14,14,0,0,0,0,0,0,0,0,24,24,24,24,14,14,0,0,0,0,0,0,0,0,24,24,24,24,14,14,0,0,0,0,0,0,0,0,24,24,24,24,14,14,0,0,0,0,0,0,0,0,24,24,24,24,14,14,0,0,0,0,0,0,0,0
101,0,1000,0,0,1000,0,1000,24,24,24,24,14,14,498761,6,498761,6,0,0,0,0,24,24,24,24,14,14,498761,6,498761,6,0,0,0,0,24,24,24,24,14,14,498761,6,498761,6,0,0,0,0,24,24,24,24,14,14,498761,6,498761,6,0,0,0,0,24,24,24,24,14,14,498761,6,498761,6,0,0,0,0,24,24,24,24,14,14,498761,6,498761,6,0,0,0,0
102,0,1000,0,0,1000,0,1000,25,25,25,25,14,14,106131,96,0,0,80291,1,25840,95,25,25,25,25,14,14,106131,96,0,0,80291,1,25840,95,25,25,25,25,14,14,106131,96,0,0,80291,1,25840,95,25,25,25,25,14,14,106131,96,0,0,80291,1,25840,95,25,25,25,25,14,14,106131,96,0,0,80291,1,25840,95,25,25,25,25,14,14,106131,96,0,0,80291,1,25840,95
103,0,1000,0,0,1000,0,1000,25,25,25,25,15,15,0,0,0,0,0,0,0,0,25,25,25,25,15,15,0,0,0,0,0,0,0,0,25,25,25,25,15,15,0,0,0,0,0,0,0,0,25,25,25,25,15,15,0,0,0,0,0,0,0,0,25,25,25,25,15,15,0,0,0,0,0,0,0,0,25,25,25,25,15,15,0,0,0,0,0,0,0,0
104,0,1000,0,0,1000,0,1000,25,25,25,25,15,15,0,0,0,0,0,0,0,0,25,25,25,25,15,15,0,0,0,0,0,0,0,0,25,25,25,25,15,15,0,0,0,0,0,0,0,0,25,25,25,25,15,15,0,0,0,0,0,0,0,0,25,25,25,25,15,15,0,0,0,0,0,0,0,0,25,25,25,25,15,15,0,0,0,0,0,0,0,0
105,0,1000,0,0,1000,0,1000,25,25,25,25,15,15,500873,6,500873,6,0,0,0,0,25,25,25,25,15,15,500873,6,500873,6,0,0,0,0,25,25,25,25,15,15,500873,6,500873,6,0,0,0,0,25,25,25,25,15,15,500873,6,500873,6,0,0,0,0,25,25,25,25,15,15,500873,6,500873,6,0,0,0,0,25,25,25,25,15,15,500873,6,500873,6,0,0,0,0
106,0,1000,0,0,1000,0,1000,26,26,26,26,15,15,108579,105,0,0,80291,1,28288,104,26,26,26,26,15,15,108579,105,0,0,80291,1,28288,104,26,26,26,26,15,15,108579,105,0,0,80291,1,28288,104,26,26,26,26,15,15,108579,105,0,0,80291,1,28288,104,26,26,26,26,15,15,108579,105,0,0,80291,1,28288,104,26,26,26,26,15,15,108579,105,0,0,80291,1,28288,104
107,0,1000,0,0,1000,0,1000,26,26,26,26,16,16,0,0,0,0,0,0,0,0,26,26,26,26,16,16,0,0,0,0,0,0,0,0,26,26,26,26,16,16,0,0,0,0,0,0,0,0,26,26,26,26,16,16,0,0,0,0,0,0,0,0,26,26,26,26,16,16,0,0,0,0,0,0,0,0,26,26,26,26,16,16,0,0,0,0,0,0,0,0
108,0,1000,0,0,1000,0,1000,26,26,26,26,16,16,0,0,0,0,0,0,0,0,26,26,26,26,16,16,0,0,0,0,0,0,0,0,26,26,26,26,16,16,0,0,0,0,0,0,0,0,26,26,26,26,16,16,0,0,0,0,0,0,0,0,26,26,26,26,16,16,0,0,0,0,0,0,0,0,26,26,26,26,16,16,0,0,0,0,0,0,0,0
109,0,1000,0,0,1000,0,1000,26,26,26,26,16,16,753902,9,753902,9,0,0,0,0,26,26,26,26,16,16,753902,9,753902,9,0,0,0,0,26,26,26,26,16,16,753902,9,753902,9,0,0,0,0,26,26,26,26,16,16,753902,9,753902,9,0,0,0,0,26,26,26,26,16,16,753902,9,753902,9,0,0,0,0,26,26,26,26,16,16,753902,9,753902,9,0,0,0,0
110,0,1000,0,0,1000,0,1000,27,27,27,27,16,16,108035,103,0,0,80291,1,27744,102,27,27,27,27,16,16,108035,103,0,0,80291,1,27744,102,27,27,27,27,16,16,108035,103,0,0,80291,1,27744,102,27,27,27,27,16,16,108035,103,0,0,80291,1,27744,102,27,27,27,27,16,16,108035,103,0,0,80291,1,27744,102,27,27,27,27,16,16,108035,103,0,0,80291,1,27744,102
111,0,1000,0,0,1000,0,1000,27,27,27,27,17,17,0,0,0,0,0,0,0,0,27,27,27,27,17,17,0,0,0,0,0,0,0,0,27,27,27,27,17,17,0,0,0,0,0,0,0,0,27,27,27,27,17,17,0,0,0,0,0,0,0,0,27,27,27,27,17,17,0,0,0,0,0,0,0,0,27,27,27,27,17,17,0,0,0,0,0,0,0,0
112,0,1000,0,0,1000,0,1000,27,27,27,27,17,17,0,0,0,0,0,0,0,0,27,27,27,27,17,17,0,0,0,0,0,0,0,0,27,27,27,27,17,17,0,0,0,0,0,0,0,0,27,27,27,27,17,17,0,0,0,0,0,0,0,0,27,27,27,27,17,17,0,0,0,0,0,0,0,0,27,27,27,27,17,17,0,0,0,0,0,0,0,0
113,0,1000,0,0,1000,0,1000,27,27,27,27,17,17,167406,2,167406,2,0,0,0,0,27,27,27,27,17,17,167406,2,167406,2,0,0,0,0,27,27,27,27,17,17,167406,2,167406,2,0,0,0,0,27,27,27,27,17,17,167406,2,167406,2,0,0,0,0,27,27,27,27,17,17,167406,2,167406,2,0,0,0,0,27,27,27,27,17,17,167406,2,167406,2,0,0,0,0
114,0,1000,0,0,1000,0,1000,28,28,28,28,17,17,109667,109,0,0,80291,1,29376,108,28,28,28,28,17,17,109667,109,0,0,80291,1,29376,108,28,28,28,28,17,17,109667,109,0,0,80291,1,29376,108,28,28,28,28,17,17,109667,109,0,0,80291,1,29376,108,28,28,28,28,17,17,109667,109,0,0,80291,1,29376,108,28,28,28,28,17,17,109667,109,0,0,80291,1,29376,108
115,0,1000,0,0,1000,0,1000,28,28,28,28,18,18,0,0,0,0,0,0,0,0,28,28,28,28,18,18,0,0,0,0,0,0,0,0,28,28,28,28,18,18,0,0,0,0,0,0,0,0,28,28,28,28,18,18,0,0,0,0,0,0,0,0,28,28,28,28,18,18,0,0,0,0,0,0,0,0,28,28,28,28,18,18,0,0,0,0,0,0,0,0
116,0,1000,0,0,1000,0,1000,28,28,28,28,18,18,0,0,0,0,0,0,0,0,28,28,28,28,18,18,0,0,0,0,0,0,0,0,28,28,28,28,18,18,0,0,0,0,0,0,0,0,28,28,28,28,18,18,0,0,0,0,0,0,0,0,28,28,28,28,18,18,0,0,0,0,0,0,0,0,28,28,28,28,18,18,0,0,0,0,0,0,0,0
117,0,1000,0,0,1000,0,1000,28,28,28,28,18,18,419474,5,419474,5,0,0,0,0,28,28,28,28,18,18,419474,5,419474,5,0,0,0,0,28,28,28,28,18,18,419474,5,419474,5,0,0,0,0,28,28,28,28,18,18,419474,5,419474,5,0,0,0,0,28,28,28,28,18,18,419474,5,419474,5,0,0,0,0,28,28,28,28,18,18,419474,5,419474,5,0,0,0,0
118,0,1000,0,0,1000,0,1000,29,29,29,29,18,18,108850,106,0,0,80290,1,28560,105,29,29,29,29,18,18,108850,106,0,0,80290,1,28560,105,29,29,29,29,18,18,108850,106,0,0,80290,1,28560,105,29,29,29,29,18,18,108850,106,0,0,80290,1,28560,105,29,29,29,29,18,18,108850,106,0,0,80290,1,28560,105,29,29,29,29,18,18,108850,106,0,0,80290,1,28560,105
119,0,1000,0,0,1000,0,1000,29,29,29,29,19,19,0,0,0,0,0,0,0,0,29,29,29,29,19,19,0,0,0,0,0,0,0,0,29,29,29,29,19,19,0,0,0,0,0,0,0,0,29,29,29,29,19,19,0,0,0,0,0,0,0,0,29,29,29,29,19,19,0,0,0,0,0,0,0,0,29,29,29,29,19,19,0,0,0,0,0,0,0,0
120,0,1000,0,0,1000,0,1000,29,29,29,29,19,19,0,0,0,0,0,0,0,0,29,29,29,29,19,19,0,0,0,0,0,0,0,0,29,29,29,29,19,19,0,0,0,0,0,0,0,0,29,29,29,29,19,19,0,0,0,0,0,0,0,0,29,29,29,29,19,19,0,0,0,0,0,0,0,0,29,29,29,29,19,19,0,0,0,0,0,0,0,0
121,0,1000,0,0,1000,0,1000,29,29,29,29,19,19,502794,6,502794,6,0,0,0,0,29,29,29,29,19,19,502794,6,502794,6,0,0,0,0,29,29,29,29,19,19,502794,6,502794,6,0,0,0,0,29,29,29,29,19,19,502794,6,502794,6,0,0,0,0,29,29,29,29,19,19,502794,6,502794,6,0,0,0,0,29,29,29,29,19,19,502794,6,502794,6,0,0,0,0
122,0,1000,0,0,1000,0,1000,30,30,30,30,19,19,106403,97,0,0,80291,1,26112,96,30,30,30,30,19,19,106403,97,0,0,80291,1,26112,96,30,30,30,30,19,19,106403,97,0,0,80291,1,26112,96,30,30,30,30,19,19,106403,97,0,0,80291,1,26112,96,30,30,30,30,19,19,106403,97,0,0,80291,1,26112,96,30,30,30,30,19,19,106403,97,0,0,80291,1,26112,96
123,0,1000,0,0,1000,0,1000,30,30,30,30,20,20,0,0,0,0,0,0,0,0,30,30,30,30,20,20,0,0,0,0,0,0,0,0,30,30,30,30,20,20,0,0,0,0,0,0,0,0,30,30,30,30,20,20,0,0,0,0,0,0,0,0,30,30,30,30,20,20,0,0,0,0,0,0,0,0,30,30,30,30,20,20,0,0,0,0,0,0,0,0
124,0,1000,0,0,1000,0,1000,30,30,30,30,20,20,0,0,0,0,0,0,0,0,30,30,30,30,20,20,0,0,0,0,0,0,0,0,30,30,30,30,20,20,0,0,0,0,0,0,0,0,30,30,30,30,20,20,0,0,0,0,0,0,0,0,30,30,30,30,20,20,0,0,0,0,0,0,0,0,30,30,30,30,20,20,0,0,0,0,0,0,0,0
125,0,1000,0,0,1000,0,1000,30,30,30,30,20,20,501066,6,501066,6,0,0,0,0,30,30,30,30,20,20,501066,6,501066,6,0,0,0,0,30,30,30,30,20,20,501066,6,501066,6,0,0,0,0,30,30,30,30,20,20,501066,6,501066,6,0,0,0,0,30,30,30,30,20,20,501066,6,501066,6,0,0,0,0,30,30,30,30,20,20,501066,6,501066,6,0,0,0,0
126,0,1000,0,0,1000,0,1000,31,31,31,31,20,20,109395,108,0,0,80291,1,29104,107,31,31,31,31,20,20,109395,108,0,0,80291,1,29104,107,31,31,31,31,20,20,109395,108,0,0,80291,1,29104,107,31,31,31,31,20,20,109395,108,0,0,80291,1,29104,107,31,31,31,31,20,20,109395,108,0,0,80291,1,29104,107,31,31,31,31,20,20,109395,108,0,0,80291,1,29104,107
127,0,1000,0,0,1000,0,1000,31,31,31,31,21,21,0,0,0,0,0,0,0,0,31,31,31,31,21,21,0,0,0,0,0,0,0,0,31,31,31,31,21,21,0,0,0,0,0,0,0,0,31,31,31,31,21,21,0,0,0,0,0,0,0,0,31,31,31,31,21,21,0,0,0,0,0,0,0,0,31,31,31,31,21,21,0,0,0,0,0,0,0,0
128,0,1000,0,0,1000,0,1000,31,31,31,31,21,21,0,0,0,0,0,0,0,0,31,31,31,31,21,21,0,0,0,0,0,0,0,0,31,31,31,31,21,21,0,0,0,0,0,0,0,0,31,31,31,31,21,21,0,0,0,0,0,0,0,0,31,31,31,31,21,21,0,0,0,0,0,0,0,0,31,31,31,31,21,21,0,0,0,0,0,0,0,0
129,0,1000,0,0,1000,0,1000,31,31,31,31,21,21,251589,3,251589,3,0,0,0,0,31,31,31,31,21,21,251589,3,251589,3,0,0,0,0,31,31,31,31,21,21,251589,3,251589,3,0,0,0,0,31,31,31,31,21,21,251589,3,251589,3,0,0,0,0,31,31,31,31,21,21,251589,3,251589,3,0,0,0,0,31,31,31,31,21,21,251589,3,251589,3,0,0,0,0
130,0,1000,0,0,1000,0,1000,32,32,32,32,21,21,111027,114,0,0,80291,1,30736,113,32,32,32,32,21,21,111027,114,0,0,80291,1,30736,113,32,32,32,32,21,21,111027,114,0,0,80291,1,30736,113,32,32,32,32,21,21,111027,114,0,0,80291,1,30736,113,32,32,32,32,21,21,111027,114,0,0,80291,1,30736,113,32,32,32,32,21,21,111027,114,0,0,80291,1,30736,113
131,0,1000,0,0,1000,0,1000,32,32,32,32,22,22,0,0,0,0,0,0,0,0,32,32,32,32,22,22,0,0,0,0,0,0,0,0,32,32,32,32,22,22,0,0,0,0,0,0,0,0,32,32,32,32,22,22,0,0,0,0,0,0,0,0,32,32,32,32,22,22,0,0,0,0,0,0,0,0,32,32,32,32,22,22,0,0,0,0,0,0,0,0
132,0,1000,0,0,1000,0,1000,32,32,32,32,22,22,0,0,0,0,0,0,0,0,32,32,32,32,22,22,0,0,0,0,0,0,0,0,32,32,32,32,22,22,0,0,0,0,0,0,0,0,32,32,32,32,22,22,0,0,0,0,0,0,0,0,32,32,32,32,22,22,0,0,0,0,0,0,0,0,32,32,32,32,22,22,0,0,0,0,0,0,0,0
133,0,1000,0,0,1000,0,1000,32,32,32,32,22,22,420275,5,420275,5,0,0,0,0,32,32,32,32,22,22,420275,5,420275,5,0,0,0,0,32,32,32,32,22,22,420275,5,420275,5,0,0,0,0,32,32,32,32,22,22,420275,5,420275,5,0,0,0,0,32,32,32,32,22,22,420275,5,420275,5,0,0,0,0,32,32,32,32,22,22,420275,5,420275,5,0,0,0,0
134,0,1000,0,0,1000,0,1000,33,33,33,33,22,22,112115,118,0,0,80291,1,31824,117,33,33,33,33,22,22,112115,118,0,0,80291,1,31824,117,33,33,33,33,22,22,112115,118,0,0,80291,1,31824,117,33,33,33,33,22,22,112115,118,0,0,80291,1,31824,117,33,33,33,33,22,22,112115,118,0,0,80291,1,31824,117,33,33,33,33,22,22,112115,118,0,0,80291,1,31824,117
135,0,1000,0,0,1000,0,1000,33,33,33,33,23,23,0,0,0,0,0,0,0,0,33,33,33,33,23,23,0,0,0,0,0,0,0,0,33,33,33,33,23,23,0,0,0,0,0,0,0,0,33,33,33,33,23,23,0,0,0,0,0,0,0,0,33,33,33,33,23,23,0,0,0,0,0,0,0,0,33,33,33,33,23,23,0,0,0,0,0,0,0,0
136,0,1000,0,0,1000,0,1000,33,33,33,33,23,23,0,0,0,0,0,0,0,0,33,33,33,33,23,23,0,0,0,0,0,0,0,0,33,33,33,33,23,23,0,0,0,0,0,0,0,0,33,33,33,33,23,23,0,0,0,0,0,0,0,0,33,33,33,33,23,23,0,0,0,0,0,0,0,0,33,33,33,33,23,23,0,0,0,0,0,0,0,0
137,0,1000,0,0,1000,0,1000,33,33,33,33,23,23,420915,5,420915,5,0,0,0,0,33,33,33,33,23,23,420915,5,420915,5,0,0,0,0,33,33,33,33,23,23,420915,5,420915,5,0,0,0,0,33,33,33,33,23,23,420915,5,420915,5,0,0,0,0,33,33,33,33,23,23,420915,5,420915,5,0,0,0,0,33,33,33,33,23,23,420915,5,420915,5,0,0,0,0
138,0,1000,0,0,1000,0,1000,34,34,34,34,23,23,107491,101,0,0,80291,1,27200,100,34,34,34,34,23,23,107491,101,0,0,80291,1,27200,100,34,34,34,34,23,23,107491,101,0,0,80291,1,27200,100,34,34,34,34,23,23,107491,101,0,0,80291,1,27200,100,34,34,34,34,23,23,107491,101,0,0,80291,1,27200,100,34,34,34,34,23,23,107491,101,0,0,80291,1,27200,100
139,0,1000,0,0,1000,0,1000,34,34,34,34,24,24,0,0,0,0,0,0,0,0,34,34,34,34,24,24,0,0,0,0,0,0,0,0,34,34,34,34,24,24,0,0,0,0,0,0,0,0,34,34,34,34,24,24,0,0,0,0,0,0,0,0,34,34,34,34,24,24,0,0,0,0,0,0,0,0,34,34,34,34,24,24,0,0,0,0,0,0,0,0
140,0,1000,0,0,1000,0,1000,34,34,34,34,24,24,0,0,0,0,0,0,0,0,34,34,34,34,24,24,0,0,0,0,0,0,0,0,34,34,34,34,24,24,0,0,0,0,0,0,0,0,34,34,34,34,24,24,0,0,0,0,0,0,0,0,34,34,34,34,24,24,0,0,0,0,0,0,0,0,34,34,34,34,24,24,0,0,0,0,0,0,0,0
141,0,1000,0,0,1000,0,1000,34,34,34,34,24,24,334556,4,334556,4,0,0,0,0,34,34,34,34,24,24,334556,4,334556,4,0,0,0,0,34,34,34,34,24,24,334556,4,334556,4,0,0,0,0,34,34,34,34,24,24,334556,4,334556,4,0,0,0,0,34,34,34,34,24,24,334556,4,334556,4,0,0,0,0,34,34,34,34,24,24,334556,4,334556,4,0,0,0,0
142,0,1000,0,0,1000,0,1000,35,35,35,35,24,24,105315,93,0,0,80291,1,25024,92,35,35,35,35,24,24,105315,93,0,0,80291,1,25024,92,35,35,35,35,24,24,105315,93,0,0,80291,1,25024,92,35,35,35,35,24,24,105315,93,0,0,80291,1,25024,92,35,35,35,35,24,24,105315,93,0,0,80291,1,25024,92,35,35,35,35,24,24,105315,93,0,0,80291,1,25024,92
143,0,1000,0,0,1000,0,1000,35,35,35,35,25,25,0,0,0,0,0,0,0,0,35,35,35,35,25,25,0,0,0,0,0,0,0,0,35,35,35,35,25,25,0,0,0,0,0,0,0,0,35,35,35,35,25,25,0,0,0,0,0,0,0,0,35,35,35,35,25,25,0,0,0,0,0,0,0,0,35,35,35,35,25,25,0,0,0,0,0,0,0,0
144,0,1000,0,0,1000,0,1000,35,35,35,35,25,25,0,0,0,0,0,0,0,0,35,35,35,35,25,25,0,0,0,0,0,0,0,0,35,35,35,35,25,25,0,0,0,0,0,0,0,0,35,35,35,35,25,25,0,0,0,0,0,0,0,0,35,35,35,35,25,25,0,0,0,0,0,0,0,0,35,35,35,35,25,25,0,0,0,0,0,0,0,0
145,0,1000,0,0,1000,0,1000,35,35,35,35,25,25,333530,4,333530,4,0,0,0,0,35,35,35,35,25,25,333530,4,333530,4,0,0,0,0,35,35,35,35,25,25,333530,4,333530,4,0,0,0,0,35,35,35,35,25,25,333530,4,333530,4,0,0,0,0,35,35,35,35,25,25,333530,4,333530,4,0,0,0,0,35,35,35,35,25,25,333530,4,333530,4,0,0,0,0
146,0,1000,0,0,1000,0,1000,36,36,36,36,25,25,109395,108,0,0,80291,1,29104,107,36,36,36,36,25,25,109395,108,0,0,80291,1,29104,107,36,36,36,36,25,25,109395,108,0,0,80291,1,29104,107,36,36,36,36,25,25,109395,108,0,0,80291,1,29104,107,36,36,36,36,25,25,109395,108,0,0,80291,1,29104,107,36,36,36,36,25,25,109395,108,0,0,80291,1,29104,107
147,0,1000,0,0,1000,0,1000,36,36,36,36,26,26,0,0,0,0,0,0,0,0,36,36,36,36,26,26,0,0,0,0,0,0,0,0,36,36,36,36,26,26,0,0,0,0,0,0,0,0,36,36,36,36,26,26,0,0,0,0,0,0,0,0,36,36,36,36,26,26,0,0,0,0,0,0,0,0,36,36,36,36,26,26,0,0,0,0,0,0,0,0
148,0,1000,0,0,1000,0,1000,36,36,36,36,26,26,0,0,0,0,0,0,0,0,36,36,36,36,26,26,0,0,0,0,0,0,0,0,36,36,36,36,26,26,0,0,0,0,0,0,0,0,36,36,36,36,26,26,0,0,0,0,0,0,0,0,36,36,36,36,26,26,0,0,0,0,0,0,0,0,36,36,36,36,26,26,0,0,0,0,0,0,0,0
149,0,1000,0,0,1000,0,1000,36,36,36,36,26,26,419315,5,419315,5,0,0,0,0,36,36,36,36,26,26,419315,5,419315,5,0,0,0,0,36,36,36,36,26,26,419315,5,419315,5,0,0,0,0,36,36,36,36,26,26,419315,5,419315,5,0,0,0,0,36,36,36,36,26,26,419315,5,419315,5,0,0,0,0,36,36,36,36,26,26,419315,5,419315,5,0,0,0,0
150,0,1000,0,0,1000,0,1000,37,37,37,37,26,26,106675,98,0,0,80291,1,26384,97,37,37,37,37,26,26,106675,98,0,0,80291,1,26384,97,37,37,37,37,26,26,106675,98,0,0,80291,1,26384,97,37,37,37,37,26,26,106675,98,0,0,80291,1,26384,97,37,37,37,37,26,26,106675,98,0,0,80291,1,26384,97,37,37,37,37,26,26,106675,98,0,0,80291,1,26384,97
151,0,1000,0,0,1000,0,1000,37,37,37,37,27,27,0,0,0,0,0,0,0,0,37,37,37,37,27,27,0,0,0,0,0,0,0,0,37,37,37,37,27,27,0,0,0,0,0,0,0,0,37,37,37,37,27,27,0,0,0,0,0,0,0,0,37,37,37,37,27,27,0,0,0,0,0,0,0,0,37,37,37,37,27,27,0,0,0,0,0,0,0,0
152,0,1000,0,0,1000,0,1000,37,37,37,37,27,27,0,0,0,0,0,0,0,0,37,37,37,37,27,27,0,0,0,0,0,0,0,0,37,37,37,37,27,27,0,0,0,0,0,0,0,0,37,37,37,37,27,27,0,0,0,0,0,0,0,0,37,37,37,37,27,27,0,0,0,0,0,0,0,0,37,37,37,37,27,27,0,0,0,0,0,0,0,0
153,0,1000,0,0,1000,0,1000,37,37,37,37,27,27,83543,1,83543,1,0,0,0,0,37,37,37,37,27,27,83543,1,83543,1,0,0,0,0,37,37,37,37,27,27,83543,1,83543,1,0,0,0,0,37,37,37,37,27,27,83543,1,83543,1,0,0,0,0,37,37,37,37,27,27,83543,1,83543,1,0,0,0,0,37,37,37,37,27,27,83543,1,83543,1,0,0,0,0
154,0,1000,0,0,1000,0,1000,38,38,38,38,27,27,111027,114,0,0,80291,1,30736,113,38,38,38,38,27,27,111027,114,0,0,80291,1,30736,113,38,38,38,38,27,27,111027,114,0,0,80291,1,30736,113,38,38,38,38,27,27,111027,114,0,0,80291,1,30736,113,38,38,38,38,27,27,111027,114,0,0,80291,1,30736,113,38,38,38,38,27,27,111027,114,0,0,80291,1,30736,113
155,0,1000,0,0,1000,0,1000,38,38,38,38,28,28,0,0,0,0,0,0,0,0,38,38,38,38,28,28,0,0,0,0,0,0,0,0,38,38,38,38,28,28,0,0,0,0,0,0,0,0,38,38,38,38,28,28,0,0,0,0,0,0,0,0,38,38,38,38,28,28,0,0,0,0,0,0,0,0,38,38,38,38,28,28,0,0,0,0,0,0,0,0
156,0,1000,0,0,1000,0,1000,38,38,38,38,28,28,0,0,0,0,0,0,0,0,38,38,38,38,28,28,0,0,0,0,0,0,0,0,38,38,38,38,28,28,0,0,0,0,0,0,0,0,38,38,38,38,28,28,0,0,0,0,0,0,0,0,38,38,38,38,28,28,0,0,0,0,0,0,0,0,38,38,38,38,28,28,0,0,0,0,0,0,0,0
157,0,1000,0,0,1000,0,1000,38,38,38,38,28,28,336220,4,336220,4,0,0,0,0,38,38,38,38,28,28,336220,4,336220,4,0,0,0,0,38,38,38,38,28,28,336220,4,336220,4,0,0,0,0,38,38,38,38,28,28,336220,4,336220,4,0,0,0,0,38,38,38,38,28,28,336220,4,336220,4,0,0,0,0,38,38,38,38,28,28,336220,4,336220,4,0,0,0,0
158,0,1000,0,0,1000,0,1000,39,39,39,39,28,28,106675,98,0,0,80291,1,26384,97,39,39,39,39,28,28,106675,98,0,0,80291,1,26384,97,39,39,39,39,28,28,106675,98,0,0,80291,1,26384,97,39,39,39,39,28,28,106675,98,0,0,80291,1,26384,97,39,39,39,39,28,28,106675,98,0,0,80291,1,26384,97,39,39,39,39,28,28,106675,98,0,0,80291,1,26384,97
159,0,1000,0,0,1000,0,1000,39,39,39,39,29,29,0,0,0,0,0,0,0,0,39,39,39,39,29,29,0,0,0,0,0,0,0,0,39,39,39,39,29,29,0,0,0,0,0,0,0,0,39,39,39,39,29,29,0,0,0,0,0,0,0,0,39,39,39,39,29,29,0,0,0,0,0,0,0,0,39,39,39,39,29,29,0,0,0,0,0,0,0,0
160,0,1000,0,0,1000,0,1000,39,39,39,39,29,29,0,0,0,0,0,0,0,0,39,39,39,39,29,29,0,0,0,0,0,0,0,0,39,39,39,39,29,29,0,0,0,0,0,0,0,0,39,39,39,39,29,29,0,0,0,0,0,0,0,0,39,39,39,39,29,29,0,0,0,0,0,0,0,0,39,39,39,39,29,29,0,0,0,0,0,0,0,0
161,0,1000,0,0,1000,0,1000,39,39,39,39,29,29,417715,5,417715,5,0,0,0,0,39,39,39,39,29,29,417715,5,417715,5,0,0,0,0,39,39,39,39,29,29,417715,5,417715,5,0,0,0,0,39,39,39,39,29,29,417715,5,417715,5,0,0,0,0,39,39,39,39,29,29,417715,5,417715,5,0,0,0,0,39,39,39,39,29,29,417715,5,417715,5,0,0,0,0
162,0,1000,0,0,1000,0,1000,40,40,40,40,29,29,109667,109,0,0,80291,1,29376,108,40,40,40,40,29,29,109667,109,0,0,80291,1,29376,108,40,40,40,40,29,29,109667,109,0,0,80291,1,29376,108,40,40,40,40,29,29,109667,109,0,0,80291,1,29376,108,40,40,40,40,29,29,109667,109,0,0,80291,1,29376,108,40,40,40,40,29,29,109667,109,0,0,80291,1,29376,108
163,0,1000,0,0,1000,0,1000,40,40,40,40,30,30,0,0,0,0,0,0,0,0,40,40,40,40,30,30,0,0,0,0,0,0,0,0,40,40,40,40,30,30,0,0,0,0,0,0,0,0,40,40,40,40,30,30,0,0,0,0,0,0,0,0,40,40,40,40,30,30,0,0,0,0,0,0,0,0,40,40,40,40,30,30,0,0,0,0,0,0,0,0
164,0,1000,0,0,1000,0,1000,40,40,40,40,30,30,0,0,0,0,0,0,0,0,40,40,40,40,30,30,0,0,0,0,0,0,0,0,40,40,40,40,30,30,0,0,0,0,0,0,0,0,40,40,40,40,30,30,0,0,0,0,0,0,0,0,40,40,40,40,30,30,0,0,0,0,0,0,0,0,40,40,40,40,30,30,0,0,0,0,0,0,0,0
165,0,1000,0,0,1000,0,1000,40,40,40,40,30,30,671160,8,671160,8,0,0,0,0,40,40,40,40,30,30,671160,8,671160,8,0,0,0,0,40,40,40,40,30,30,671160,8,671160,8,0,0,0,0,40,40,40,40,30,30,671160,8,671160,8,0,0,0,0,40,40,40,40,30,30,671160,8,671160,8,0,0,0,0,40,40,40,40,30,30,671160,8,671160,8,0,0,0,0
166,0,1000,0,0,1000,0,1000,41,41,41,41,30,30,109395,108,0,0,80291,1,29104,107,41,41,41,41,30,30,109395,108,0,0,80291,1,29104,107,41,41,41,41,30,30,109395,108,0,0,80291,1,29104,107,41,41,41,41,30,30,109395,108,0,0,80291,1,29104,107,41,41,41,41,30,30,109395,108,0,0,80291,1,29104,107,41,41,41,41,30,30,109395,108,0,0,80291,1,29104,107
167,0,1000,0,0,1000,0,1000,41,41,41,41,31,31,0,0,0,0,0,0,0,0,41,41,41,41,31,31,0,0,0,0,0,0,0,0,41,41,41,41,31,31,0,0,0,0,0,0,0,0,41,41,41,41,31,31,0,0,0,0,0,0,0,0,41,41,41,41,31,31,0,0,0,0,0,0,0,0,41,41,41,41,31,31,0,0,0,0,0,0,0,0
168,0,1000,0,0,1000,0,1000,41,41,41,41,31,31,0,0,0,0,0,0,0,0,41,41,41,41,31,31,0,0,0,0,0,0,0,0,41,41,41,41,31,31,0,0,0,0,0,0,0,0,41,41,41,41,31,31,0,0,0,0,0,0,0,0,41,41,41,41,31,31,0,0,0,0,0,0,0,0,41,41,41,41,31,31,0,0,0,0,0,0,0,0
169,0,1000,0,0,1000,0,1000,41,41,41,41,31,31,419315,5,419315,5,0,0,0,0,41,41,41,41,31,31,419315,5,419315,5,0,0,0,0,41,41,41,41,31,31,419315,5,419315,5,0,0,0,0,41,41,41,41,31,31,419315,5,419315,5,0,0,0,0,41,41,41,41,31,31,419315,5,419315,5,0,0,0,0,41,41,41,41,31,31,419315,5,419315,5,0,0,0,0
170,0,1000,0,0,1000,0,1000,42,42,42,42,31,31,104227,89,0,0,80291,1,23936,88,42,42,42,42,31,31,104227,89,0,0,80291,1,23936,88,42,42,42,42,31,31,104227,89,0,0,80291,1,23936,88,42,42,42,42,31,31,104227,89,0,0,80291,1,23936,88,42,42,42,42,31,31,104227,89,0,0,80291,1,23936,88,42,42,42,42,31,31,104227,89,0,0,80291,1,23936,88
171,0,1000,0,0,1000,0,1000,42,42,42,42,32,32,0,0,0,0,0,0,0,0,42,42,42,42,32,32,0,0,0,0,0,0,0,0,42,42,42,42,32,32,0,0,0,0,0,0,0,0,42,42,42,42,32,32,0,0,0,0,0,0,0,0,42,42,42,42,32,32,0,0,0,0,0,0,0,0,42,42,42,42,32,32,0,0,0,0,0,0,0,0
172,0,1000,0,0,1000,0,1000,42,42,42,42,32,32,0,0,0,0,0,0,0,0,42,42,42,42,32,32,0,0,0,0,0,0,0,0,42,42,42,42,32,32,0,0,0,0,0,0,0,0,42,42,42,42,32,32,0,0,0,0,0,0,0,0,42,42,42,42,32,32,0,0,0,0,0,0,0,0,42,42,42,42,32,32,0,0,0,0,0,0,0,0
173,0,1000,0,0,1000,0,1000,42,42,42,42,32,32,416275,5,416275,5,0,0,0,0,42,42,42,42,32,32,416275,5,416275,5,0,0,0,0,42,42,42,42,32,32,416275,5,416275,5,0,0,0,0,42,42,42,42,32,32,416275,5,416275,5,0,0,0,0,42,42,42,42,32,32,416275,5,416275,5,0,0,0,0,42,42,42,42,32,32,416275,5,416275,5,0,0,0,0
174,0,1000,0,0,1000,0,1000,43,43,43,43,32,32,111843,117,0,0,80291,1,31552,116,43,43,43,43,32,32,111843,117,0,0,80291,1,31552,116,43,43,43,43,32,32,111843,117,0,0,80291,1,31552,116,43,43,43,43,32,32,111843,117,0,0,80291,1,31552,116,43,43,43,43,32,32,111843,117,0,0,80291,1,31552,116,43,43,43,43,32,32,111843,117,0,0,80291,1,31552,116
175,0,1000,0,0,1000,0,1000,43,43,43,43,33,33,0,0,0,0,0,0,0,0,43,43,43,43,33,33,0,0,0,0,0,0,0,0,43,43,43,43,33,33,0,0,0,0,0,0,0,0,43,43,43,43,33,33,0,0,0,0,0,0,0,0,43,43,43,43,33,33,0,0,0,0,0,0,0,0,43,43,43,43,33,33,0,0,0,0,0,0,0,0
176,0,1000,0,0,1000,0,1000,43,43,43,43,33,33,0,0,0,0,0,0,0,0,43,43,43,43,33,33,0,0,0,0,0,0,0,0,43,43,43,43,33,33,0,0,0,0,0,0,0,0,43,43,43,43,33,33,0,0,0,0,0,0,0,0,43,43,43,43,33,33,0,0,0,0,0,0,0,0,43,43,43,43,33,33,0,0,0,0,0,0,0,0
177,0,1000,0,0,1000,0,1000,43,43,43,43,33,33,336604,4,336604,4,0,0,0,0,43,43,43,43,33,33,336604,4,336604,4,0,0,0,0,43,43,43,43,33,33,336604,4,336604,4,0,0,0,0,43,43,43,43,33,33,336604,4,336604,4,0,0,0,0,43,43,43,43,33,33,336604,4,336604,4,0,0,0,0,43,43,43,43,33,33,336604,4,336604,4,0,0,0,0
178,0,1000,0,0,1000,0,1000,44,44,44,44,33,33,105043,92,0,0,80291,1,24752,91,44,44,44,44,33,33,105043,92,0,0,80291,1,24752,91,44,44,44,44,33,33,105043,92,0,0,80291,1,24752,91,44,44,44,44,33,33,105043,92,0,0,80291,1,24752,91,44,44,44,44,33,33,105043,92,0,0,80291,1,24752,91,44,44,44,44,33,33,105043,92,0,0,80291,1,24752,91
179,0,1000,0,0,1000,0,1000,44,44,44,44,34,34,0,0,0,0,0,0,0,0,44,44,44,44,34,34,0,0,0,0,0,0,0,0,44,44,44,44,34,34,0,0,0,0,0,0,0,0,44,44,44,44,34,34,0,0,0,0,0,0,0,0,44,44,44,44,34,34,0,0,0,0,0,0,0,0,44,44,44,44,34,34,0,0,0,0,0,0,0,0
180,0,1000,0,0,1000,0,1000,44,44,44,44,34,34,0,0,0,0,0,0,0,0,44,44,44,44,34,34,0,0,0,0,0,0,0,0,44,44,44,44,34,34,0,0,0,0,0,0,0,0,44,44,44,44,34,34,0,0,0,0,0,0,0,0,44,44,44,44,34,34,0,0,0,0,0,0,0,0,44,44,44,44,34,34,0,0,0,0,0,0,0,0
181,0,1000,0,0,1000,0,1000,44,44,44,44,34,34,250052,3,250052,3,0,0,0,0,44,44,44,44,34,34,250052,3,250052,3,0,0,0,0,44,44,44,44,34,34,250052,3,250052,3,0,0,0,0,44,44,44,44,34,34,250052,3,250052,3,0,0,0,0,44,44,44,44,34,34,250052,3,250052,3,0,0,0,0,44,44,44,44,34,34,250052,3,250052,3,0,0,0,0
182,0,1000,0,0,1000,0,1000,45,45,45,45,34,34,106403,97,0,0,80291,1,26112,96,45,45,45,45,34,34,106403,97,0,0,80291,1,26112,96,45,45,45,45,34,34,106403,97,0,0,80291,1,26112,96,45,45,45,45,34,34,106403,97,0,0,80291,1,26112,96,45,45,45,45,34,34,106403,97,0,0,80291,1,26112,96,45,45,45,45,34,34,106403,97,0,0,80291,1,26112,96
183,0,1000,0,0,1000,0,1000,45,45,45,45,35,35,0,0,0,0,0,0,0,0,45,45,45,45,35,35,0,0,0,0,0,0,0,0,45,45,45,45,35,35,0,0,0,0,0,0,0,0,45,45,45,45,35,35,0,0,0,0,0,0,0,0,45,45,45,45,35,35,0,0,0,0,0,0,0,0,45,45,45,45,35,35,0,0,0,0,0,0,0,0
184,0,1000,0,0,1000,0,1000,45,45,45,45,35,35,0,0,0,0,0,0,0,0,45,45,45,45,35,35,0,0,0,0,0,0,0,0,45,45,45,45,35,35,0,0,0,0,0,0,0,0,45,45,45,45,35,35,0,0,0,0,0,0,0,0,45,45,45,45,35,35,0,0,0,0,0,0,0,0,45,45,45,45,35,35,0,0,0,0,0,0,0,0
185,0,1000,0,0,1000,0,1000,45,45,45,45,35,35,751599,9,751599,9,0,0,0,0,45,45,45,45,35,35,751599,9,751599,9,0,0,0,0,45,45,45,45,35,35,751599,9,751599,9,0,0,0,0,45,45,45,45,35,35,751599,9,751599,9,0,0,0,0,45,45,45,45,35,35,751599,9,751599,9,0,0,0,0,45,45,45,45,35,35,751599,9,751599,9,0,0,0,0
186,0,1000,0,0,1000,0,1000,46,46,46,46,35,35,108035,103,0,0,80291,1,27744,102,46,46,46,46,35,35,108035,103,0,0,80291,1,27744,102,46,46,46,46,35,35,108035,103,0,0,80291,1,27744,102,46,46,46,46,35,35,108035,103,0,0,80291,1,27744,102,46,46,46,46,35,35,108035,103,0,0,80291,1,27744,102,46,46,46,46,35,35,108035,103,0,0,80291,1,27744,102
187,0,1000,0,0,1000,0,1000,46,46,46,46,36,36,0,0,0,0,0,0,0,0,46,46,46,46,36,36,0,0,0,0,0,0,0,0,46,46,46,46,36,36,0,0,0,0,0,0,0,0,46,46,46,46,36,36,0,0,0,0,0,0,0,0,46,46,46,46,36,36,0,0,0,0,0,0,0,0,46,46,46,46,36,36,0,0,0,0,0,0,0,0
188,0,1000,0,0,1000,0,1000,46,46,46,46,36,36,0,0,0,0,0,0,0,0,46,46,46,46,36,36,0,0,0,0,0,0,0,0,46,46,46,46,36,36,0,0,0,0,0,0,0,0,46,46,46,46,36,36,0,0,0,0,0,0,0,0,46,46,46,46,36,36,0,0,0,0,0,0,0,0,46,46,46,46,36,36,0,0,0,0,0,0,0,0
189,0,1000,0,0,1000,0,1000,46,46,46,46,36,36,418515,5,418515,5,0,0,0,0,46,46,46,46,36,36,418515,5,418515,5,0,0,0,0,46,46,46,46,36,36,418515,5,418515,5,0,0,0,0,46,46,46,46,36,36,418515,5,418515,5,0,0,0,0,46,46,46,46,36,36,418515,5,418515,5,0,0,0,0,46,46,46,46,36,36,418515,5,418515,5,0,0,0,0
190,0,1000,0,0,1000,0,1000,47,47,47,47,36,36,106947,99,0,0,80291,1,26656,98,47,47,47,47,36,36,106947,99,0,0,80291,1,26656,98,47,47,47,47,36,36,106947,99,0,0,80291,1,26656,98,47,47,47,47,36,36,106947,99,0,0,80291,1,26656,98,47,47,47,47,36,36,106947,99,0,0,80291,1,26656,98,47,47,47,47,36,36,106947,99,0,0,80291,1,26656,98
191,0,1000,0,0,1000,0,1000,47,47,47,47,37,37,0,0,0,0,0,0,0,0,47,47,47,47,37,37,0,0,0,0,0,0,0,0,47,47,47,47,37,37,0,0,0,0,0,0,0,0,47,47,47,47,37,37,0,0,0,0,0,0,0,0,47,47,47,47,37,37,0,0,0,0,0,0,0,0,47,47,47,47,37,37,0,0,0,0,0,0,0,0
192,0,1000,0,0,1000,0,1000,47,47,47,47,37,37,0,0,0,0,0,0,0,0,47,47,47,47,37,37,0,0,0,0,0,0,0,0,47,47,47,47,37,37,0,0,0,0,0,0,0,0,47,47,47,47,37,37,0,0,0,0,0,0,0,0,47,47,47,47,37,37,0,0,0,0,0,0,0,0,47,47,47,47,37,37,0,0,0,0,0,0,0,0
193,0,1000,0,0,1000,0,1000,47,47,47,47,37,37,334299,4,334299,4,0,0,0,0,47,47,47,47,37,37,334299,4,334299,4,0,0,0,0,47,47,47,47,37,37,334299,4,334299,4,0,0,0,0,47,47,47,47,37,37,334299,4,334299,4,0,0,0,0,47,47,47,47,37,37,334299,4,334299,4,0,0,0,0,47,47,47,47,37,37,334299,4,334299,4,0,0,0,0
194,0,1000,0,0,1000,0,1000,48,48,48,48,37,37,106675,98,0,0,80291,1,26384,97,48,48,48,48,37,37,106675,98,0,0,80291,1,26384,97,48,48,48,48,37,37,106675,98,0,0,80291,1,26384,97,48,48,48,48,37,37,106675,98,0,0,80291,1,26384,97,48,48,48,48,37,37,106675,98,0,0,80291,1,26384,97,48,48,48,48,37,37,106675,98,0,0,80291,1,26384,97
195,0,1000,0,0,1000,0,1000,48,48,48,48,38,38,0,0,0,0,0,0,0,0,48,48,48,48,38,38,0,0,0,0,0,0,0,0,48,48,48,48,38,38,0,0,0,0,0,0,0,0,48,48,48,48,38,38,0,0,0,0,0,0,0,0,48,48,48,48,38,38,0,0,0,0,0,0,0,0,48,48,48,48,38,38,0,0,0,0,0,0,0,0
196,0,1000,0,0,1000,0,1000,48,48,48,48,38,38,0,0,0,0,0,0,0,0,48,48,48,48,38,38,0,0,0,0,0,0,0,0,48,48,48,48,38,38,0,0,0,0,0,0,0,0,48,48,48,48,38,38,0,0,0,0,0,0,0,0,48,48,48,48,38,38,0,0,0,0,0,0,0,0,48,48,48,48,38,38,0,0,0,0,0,0,0,0
197,0,1000,0,0,1000,0,1000,48,48,48,48,38,38,501256,6,501256,6,0,0,0,0,48,48,48,48,38,38,501256,6,501256,6,0,0,0,0,48,48,48,48,38,38,501256,6,501256,6,0,0,0,0,48,48,48,48,38,38,501256,6,501256,6,0,0,0,0,48,48,48,48,38,38,501256,6,501256,6,0,0,0,0,48,48,48,48,38,38,501256,6,501256,6,0,0,0,0
198,0,1000,0,0,1000,0,1000,49,49,49,49,38,38,110483,112,0,0,80291,1,30192,111,49,49,49,49,38,38,110483,112,0,0,80291,1,30192,111,49,49,49,49,38,38,110483,112,0,0,80291,1,30192,111,49,49,49,49,38,38,110483,112,0,0,80291,1,30192,111,49,49,49,49,38,38,110483,112,0,0,80291,1,30192,111,49,49,49,49,38,38,110483,112,0,0,80291,1,30192,111
199,0,1000,0,0,1000,0,1000,49,49,49,49,39,39,0,0,0,0,0,0,0,0,49,49,49,49,39,39,0,0,0,0,0,0,0,0,49,49,49,49,39,39,0,0,0,0,0,0,0,0,49,49,49,49,39,39,0,0,0,0,0,0,0,0,49,49,49,49,39,39,0,0,0,0,0,0,0,0,49,49,49,49,39,39,0,0,0,0,0,0,0,0
200,0,1000,0,0,1000,0,1000,49,49,49,49,39,39,0,0,0,0,0,0,0,0,49,49,49,49,39,39,0,0,0,0,0,0,0,0,49,49,49,49,39,39,0,0,0,0,0,0,0,0,49,49,49,49,39,39,0,0,0,0,0,0,0,0,49,49,49,49,39,39,0,0,0,0,0,0,0,0,49,49,49,49,39,39,0,0,0,0,0,0,0,0
201,0,1000,0,0,1000,0,1000,49,49,49,49,39,39,755919,9,755919,9,0,0,0,0,49,49,49,49,39,39,755919,9,755919,9,0,0,0,0,49,49,49,49,39,39,755919,9,755919,9,0,0,0,0,49,49,49,49,39,39,755919,9,755919,9,0,0,0,0,49,49,49,49,39,39,755919,9,755919,9,0,0,0,0,49,49,49,49,39,39,755919,9,755919,9,0,0,0,0
202,0,1000,0,0,1000,0,1000,50,50,50,50,39,39,110211,111,0,0,80291,1,29920,110,50,50,50,50,39,39,110211,111,0,0,80291,1,29920,110,50,50,50,50,39,39,110211,111,0,0,80291,1,29920,110,50,50,50,50,39,39,110211,111,0,0,80291,1,29920,110,50,50,50,50,39,39,110211,111,0,0,80291,1,29920,110,50,50,50,50,39,39,110211,111,0,0,80291,1,29920,110
203,0,1000,0,0,1000,0,1000,50,50,50,50,40,40,0,0,0,0,0,0,0,0,50,50,50,50,40,40,0,0,0,0,0,0,0,0,50,50,50,50,40,40,0,0,0,0,0,0,0,0,50,50,50,50,40,40,0,0,0,0,0,0,0,0,50,50,50,50,40,40,0,0,0,0,0,0,0,0,50,50,50,50,40,40,0,0,0,0,0,0,0,0
204,0,1000,0,0,1000,0,1000,50,50,50,50,40,40,0,0,0,0,0,0,0,0,50,50,50,50,40,40,0,0,0,0,0,0,0,0,50,50,50,50,40,40,0,0,0,0,0,0,0,0,50,50,50,50,40,40,0,0,0,0,0,0,0,0,50,50,50,50,40,40,0,0,0,0,0,0,0,0,50,50,50,50,40,40,0,0,0,0,0,0,0,0
205,0,1000,0,0,1000,0,1000,50,50,50,50,40,40,587713,7,587713,7,0,0,0,0,50,50,50,50,40,40,587713,7,587713,7,0,0,0,0,50,50,50,50,40,40,587713,7,587713,7,0,0,0,0,50,50,50,50,40,40,587713,7,587713,7,0,0,0,0,50,50,50,50,40,40,587713,7,587713,7,0,0,0,0,50,50,50,50,40,40,587713,7,587713,7,0,0,0,0
206,0,1000,0,0,1000,0,1000,51,51,51,51,40,40,104499,90,0,0,80291,1,24208,89,51,51,51,51,40,40,104499,90,0,0,80291,1,24208,89,51,51,51,51,40,40,104499,90,0,0,80291,1,24208,89,51,51,51,51,40,40,104499,90,0,0,80291,1,24208,89,51,51,51,51,40,40,104499,90,0,0,80291,1,24208,89,51,51,51,51,40,40,104499,90,0,0,80291,1,24208,89
207,0,1000,0,0,1000,0,1000,51,51,51,51,41,41,0,0,0,0,0,0,0,0,51,51,51,51,41,41,0,0,0,0,0,0,0,0,51,51,51,51,41,41,0,0,0,0,0,0,0,0,51,51,51,51,41,41,0,0,0,0,0,0,0,0,51,51,51,51,41,41,0,0,0,0,0,0,0,0,51,51,51,51,41,41,0,0,0,0,0,0,0,0
208,0,1000,0,0,1000,0,1000,51,51,51,51,41,41,0,0,0,0,0,0,0,0,51,51,51,51,41,41,0,0,0,0,0,0,0,0,51,51,51,51,41,41,0,0,0,0,0,0,0,0,51,51,51,51,41,41,0,0,0,0,0,0,0,0,51,51,51,51,41,41,0,0,0,0,0,0,0,0,51,51,51,51,41,41,0,0,0,0,0,0,0,0
209,0,1000,0,0,1000,0,1000,51,51,51,51,41,41,499721,6,499721,6,0,0,0,0,51,51,51,51,41,41,499721,6,499721,6,0,0,0,0,51,51,51,51,41,41,499721,6,499721,6,0,0,0,0,51,51,51,51,41,41,499721,6,499721,6,0,0,0,0,51,51,51,51,41,41,499721,6,499721,6,0,0,0,0,51,51,51,51,41,41,499721,6,499721,6,0,0,0,0
210,0,1000,0,0,1000,0,1000,52,52,52,52,41,41,111299,115,0,0,80291,1,31008,114,52,52,52,52,41,41,111299,115,0,0,80291,1,31008,114,52,52,52,52,41,41,111299,115,0,0,80291,1,31008,114,52,52,52,52,41,41,111299,115,0,0,80291,1,31008,114,52,52,52,52,41,41,111299,115,0,0,80291,1,31008,114,52,52,52,52,41,41,111299,115,0,0,80291,1,31008,114
211,0,1000,0,0,1000,0,1000,52,52,52,52,42,42,0,0,0,0,0,0,0,0,52,52,52,52,42,42,0,0,0,0,0,0,0,0,52,52,52,52,42,42,0,0,0,0,0,0,0,0,52,52,52,52,42,42,0,0,0,0,0,0,0,0,52,52,52,52,42,42,0,0,0,0,0,0,0,0,52,52,52,52,42,42,0,0,0,0,0,0,0,0
212,0,1000,0,0,1000,0,1000,52,52,52,52,42,42,0,0,0,0,0,0,0,0,52,52,52,52,42,42,0,0,0,0,0,0,0,0,52,52,52,52,42,42,0,0,0,0,0,0,0,0,52,52,52,52,42,42,0,0,0,0,0,0,0,0,52,52,52,52,42,42,0,0,0,0,0,0,0,0,52,52,52,52,42,42,0,0,0,0,0,0,0,0
213,0,1000,0,0,1000,0,1000,52,52,52,52,42,42,420434,5,420434,5,0,0,0,0,52,52,52,52,42,42,420434,5,420434,5,0,0,0,0,52,52,52,52,42,42,420434,5,420434,5,0,0,0,0,52,52,52,52,42,42,420434,5,420434,5,0,0,0,0,52,52,52,52,42,42,420434,5,420434,5,0,0,0,0,52,52,52,52,42,42,420434,5,420434,5,0,0,0,0
214,0,1000,0,0,1000,0,1000,53,53,53,53,42,42,102323,82,0,0,80291,1,22032,81,53,53,53,53,42,42,102323,82,0,0,80291,1,22032,81,53,53,53,53,42,42,102323,82,0,0,80291,1,22032,81,53,53,53,53,42,42,102323,82,0,0,80291,1,22032,81,53,53,53,53,42,42,102323,82,0,0,80291,1,22032,81,53,53,53,53,42,42,102323,82,0,0,80291,1,22032,81
215,0,1000,0,0,1000,0,1000,53,53,53,53,43,43,0,0,0,0,0,0,0,0,53,53,53,53,43,43,0,0,0,0,0,0,0,0,53,53,53,53,43,43,0,0,0,0,0,0,0,0,53,53,53,53,43,43,0,0,0,0,0,0,0,0,53,53,53,53,43,43,0,0,0,0,0,0,0,0,53,53,53,53,43,43,0,0,0,0,0,0,0,0
216,0,1000,0,0,1000,0,1000,53,53,53,53,43,43,0,0,0,0,0,0,0,0,53,53,53,53,43,43,0,0,0,0,0,0,0,0,53,53,53,53,43,43,0,0,0,0,0,0,0,0,53,53,53,53,43,43,0,0,0,0,0,0,0,0,53,53,53,53,43,43,0,0,0,0,0,0,0,0,53,53,53,53,43,43,0,0,0,0,0,0,0,0
217,0,1000,0,0,1000,0,1000,53,53,53,53,43,43,249093,3,249093,3,0,0,0,0,53,53,53,53,43,43,249093,3,249093,3,0,0,0,0,53,53,53,53,43,43,249093,3,249093,3,0,0,0,0,53,53,53,53,43,43,249093,3,249093,3,0,0,0,0,53,53,53,53,43,43,249093,3,249093,3,0,0,0,0,53,53,53,53,43,43,249093,3,249093,3,0,0,0,0
218,0,1000,0,0,1000,0,1000,54,54,54,54,43,43,111843,117,0,0,80291,1,31552,116,54,54,54,54,43,43,111843,117,0,0,80291,1,31552,116,54,54,54,54,43,43,111843,117,0,0,80291,1,31552,116,54,54,54,54,43,43,111843,117,0,0,80291,1,31552,116,54,54,54,54,43,43,111843,117,0,0,80291,1,31552,116,54,54,54,54,43,43,111843,117,0,0,80291,1,31552,116
219,0,1000,0,0,1000,0,1000,54,54,54,54,44,44,0,0,0,0,0,0,0,0,54,54,54,54,44,44,0,0,0,0,0,0,0,0,54,54,54,54,44,44,0,0,0,0,0,0,0,0,54,54,54,54,44,44,0,0,0,0,0,0,0,0,54,54,54,54,44,44,0,0,0,0,0,0,0,0,54,54,54,54,44,44,0,0,0,0,0,0,0,0
220,0,1000,0,0,1000,0,1000,54,54,54,54,44,44,0,0,0,0,0,0,0,0,54,54,54,54,44,44,0,0,0,0,0,0,0,0,54,54,54,54,44,44,0,0,0,0,0,0,0,0,54,54,54,54,44,44,0,0,0,0,0,0,0,0,54,54,54,54,44,44,0,0,0,0,0,0,0,0,54,54,54,54,44,44,0,0,0,0,0,0,0,0
221,0,1000,0,0,1000,0,1000,54,54,54,54,44,44,757357,9,757357,9,0,0,0,0,54,54,54,54,44,44,757357,9,757357,9,0,0,0,0,54,54,54,54,44,44,757357,9,757357,9,0,0,0,0,54,54,54,54,44,44,757357,9,757357,9,0,0,0,0,54,54,54,54,44,44,757357,9,757357,9,0,0,0,0,54,54,54,54,44,44,757357,9,757357,9,0,0,0,0
222,0,1000,0,0,1000,0,1000,55,55,55,55,44,44,109667,109,0,0,80291,1,29376,108,55,55,55,55,44,44,109667,109,0,0,80291,1,29376,108,55,55,55,55,44,44,109667,109,0,0,80291,1,29376,108,55,55,55,55,44,44,109667,109,0,0,80291,1,29376,108,55,55,55,55,44,44,109667,109,0,0,80291,1,29376,108,55,55,55,55,44,44,109667,109,0,0,80291,1,29376,108
223,0,1000,0,0,1000,0,1000,55,55,55,55,45,45,0,0,0,0,0,0,0,0,55,55,55,55,45,45,0,0,0,0,0,0,0,0,55,55,55,55,45,45,0,0,0,0,0,0,0,0,55,55,55,55,45,45,0,0,0,0,0,0,0,0,55,55,55,55,45,45,0,0,0,0,0,0,0,0,55,55,55,55,45,45,0,0,0,0,0,0,0,0
224,0,1000,0,0,1000,0,1000,55,55,55,55,45,45,0,0,0,0,0,0,0,0,55,55,55,55,45,45,0,0,0,0,0,0,0,0,55,55,55,55,45,45,0,0,0,0,0,0,0,0,55,55,55,55,45,45,0,0,0,0,0,0,0,0,55,55,55,55,45,45,0,0,0,0,0,0,0,0,55,55,55,55,45,45,0,0,0,0,0,0,0,0
225,0,1000,0,0,1000,0,1000,55,55,55,55,45,45,671160,8,671160,8,0,0,0,0,55,55,55,55,45,45,671160,8,671160,8,0,0,0,0,55,55,55,55,45,45,671160,8,671160,8,0,0,0,0,55,55,55,55,45,45,671160,8,671160,8,0,0,0,0,55,55,55,55,45,45,671160,8,671160,8,0,0,0,0,55,55,55,55,45,45,671160,8,671160,8,0,0,0,0
226,0,1000,0,0,1000,0,1000,56,56,56,56,45,45,105587,94,0,0,80291,1,25296,93,56,56,56,56,45,45,105587,94,0,0,80291,1,25296,93,56,56,56,56,45,45,105587,94,0,0,80291,1,25296,93,56,56,56,56,45,45,105587,94,0,0,80291,1,25296,93,56,56,56,56,45,45,105587,94,0,0,80291,1,25296,93,56,56,56,56,45,45,105587,94,0,0,80291,1,25296,93
227,0,1000,0,0,1000,0,1000,56,56,56,56,46,46,0,0,0,0,0,0,0,0,56,56,56,56,46,46,0,0,0,0,0,0,0,0,56,56,56,56,46,46,0,0,0,0,0,0,0,0,56,56,56,56,46,46,0,0,0,0,0,0,0,0,56,56,56,56,46,46,0,0,0,0,0,0,0,0,56,56,56,56,46,46,0,0,0,0,0,0,0,0
228,0,1000,0,0,1000,0,1000,56,56,56,56,46,46,0,0,0,0,0,0,0,0,56,56,56,56,46,46,0,0,0,0,0,0,0,0,56,56,56,56,46,46,0,0,0,0,0,0,0,0,56,56,56,56,46,46,0,0,0,0,0,0,0,0,56,56,56,56,46,46,0,0,0,0,0,0,0,0,56,56,56,56,46,46,0,0,0,0,0,0,0,0
229,0,1000,0,0,1000,0,1000,56,56,56,56,46,46,500489,6,500489,6,0,0,0,0,56,56,56,56,46,46,500489,6,500489,6,0,0,0,0,56,56,56,56,46,46,500489,6,500489,6,0,0,0,0,56,56,56,56,46,46,500489,6,500489,6,0,0,0,0,56,56,56,56,46,46,500489,6,500489,6,0,0,0,0,56,56,56,56,46,46,500489,6,500489,6,0,0,0,0
230,0,1000,0,0,1000,0,1000,57,57,57,57,46,46,105042,92,0,0,80290,1,24752,91,57,57,57,57,46,46,105042,92,0,0,80290,1,24752,91,57,57,57,57,46,46,105042,92,0,0,80290,1,24752,91,57,57,57,57,46,46,105042,92,0,0,80290,1,24752,91,57,57,57,57,46,46,105042,92,0,0,80290,1,24752,91,57,57,57,57,46,46,105042,92,0,0,80290,1,24752,91
231,0,1000,0,0,1000,0,1000,57,57,57,57,47,47,0,0,0,0,0,0,0,0,57,57,57,57,47,47,0,0,0,0,0,0,0,0,57,57,57,57,47,47,0,0,0,0,0,0,0,0,57,57,57,57,47,47,0,0,0,0,0,0,0,0,57,57,57,57,47,47,0,0,0,0,0,0,0,0,57,57,57,57,47,47,0,0,0,0,0,0,0,0
232,0,1000,0,0,1000,0,1000,57,57,57,57,47,47,0,0,0,0,0,0,0,0,57,57,57,57,47,47,0,0,0,0,0,0,0,0,57,57,57,57,47,47,0,0,0,0,0,0,0,0,57,57,57,57,47,47,0,0,0,0,0,0,0,0,57,57,57,57,47,47,0,0,0,0,0,0,0,0,57,57,57,57,47,47,0,0,0,0,0,0,0,0
233,0,1000,0,0,1000,0,1000,57,57,57,57,47,47,500105,6,500105,6,0,0,0,0,57,57,57,57,47,47,500105,6,500105,6,0,0,0,0,57,57,57,57,47,47,500105,6,500105,6,0,0,0,0,57,57,57,57,47,47,500105,6,500105,6,0,0,0,0,57,57,57,57,47,47,500105,6,500105,6,0,0,0,0,57,57,57,57,47,47,500105,6,500105,6,0,0,0,0
234,0,1000,0,0,1000,0,1000,58,58,58,58,47,47,103139,85,0,0,80291,1,22848,84,58,58,58,58,47,47,103139,85,0,0,80291,1,22848,84,58,58,58,58,47,47,103139,85,0,0,80291,1,22848,84,58,58,58,58,47,47,103139,85,0,0,80291,1,22848,84,58,58,58,58,47,47,103139,85,0,0,80291,1,22848,84,58,58,58,58,47,47,103139,85,0,0,80291,1,22848,84
235,0,1000,0,0,1000,0,1000,58,58,58,58,48,48,0,0,0,0,0,0,0,0,58,58,58,58,48,48,0,0,0,0,0,0,0,0,58,58,58,58,48,48,0,0,0,0,0,0,0,0,58,58,58,58,48,48,0,0,0,0,0,0,0,0,58,58,58,58,48,48,0,0,0,0,0,0,0,0,58,58,58,58,48,48,0,0,0,0,0,0,0,0
236,0,1000,0,0,1000,0,1000,58,58,58,58,48,48,0,0,0,0,0,0,0,0,58,58,58,58,48,48,0,0,0,0,0,0,0,0,58,58,58,58,48,48,0,0,0,0,0,0,0,0,58,58,58,58,48,48,0,0,0,0,0,0,0,0,58,58,58,58,48,48,0,0,0,0,0,0,0,0,58,58,58,58,48,48,0,0,0,0,0,0,0,0
237,0,1000,0,0,1000,0,1000,58,58,58,58,48,48,498762,6,498762,6,0,0,0,0,58,58,58,58,48,48,498762,6,498762,6,0,0,0,0,58,58,58,58,48,48,498762,6,498762,6,0,0,0,0,58,58,58,58,48,48,498762,6,498762,6,0,0,0,0,58,58,58,58,48,48,498762,6,498762,6,0,0,0,0,58,58,58,58,48,48,498762,6,498762,6,0,0,0,0
238,0,1000,0,0,1000,0,1000,59,59,59,59,48,48,106947,99,0,0,80291,1,26656,98,59,59,59,59,48,48,106947,99,0,0,80291,1,26656,98,59,59,59,59,48,48,106947,99,0,0,80291,1,26656,98,59,59,59,59,48,48,106947,99,0,0,80291,1,26656,98,59,59,59,59,48,48,106947,99,0,0,80291,1,26656,98,59,59,59,59,48,48,106947,99,0,0,80291,1,26656,98
239,0,1000,0,0,1000,0,1000,59,59,59,59,49,49,0,0,0,0,0,0,0,0,59,59,59,59,49,49,0,0,0,0,0,0,0,0,59,59,59,59,49,49,0,0,0,0,0,0,0,0,59,59,59,59,49,49,0,0,0,0,0,0,0,0,59,59,59,59,49,49,0,0,0,0,0,0,0,0,59,59,59,59,49,49,0,0,0,0,0,0,0,0
240,0,1000,0,0,1000,0,1000,59,59,59,59,49,49,0,0,0,0,0,0,0,0,59,59,59,59,49,49,0,0,0,0,0,0,0,0,59,59,59,59,49,49,0,0,0,0,0,0,0,0,59,59,59,59,49,49,0,0,0,0,0,0,0,0,59,59,59,59,49,49,0,0,0,0,0,0,0,0,59,59,59,59,49,49,0,0,0,0,0,0,0,0
241,0,1000,0,0,1000,0,1000,59,59,59,59,49,49,417875,5,417875,5,0,0,0,0,59,59,59,59,49,49,417875,5,417875,5,0,0,0,0,59,59,59,59,49,49,417875,5,417875,5,0,0,0,0,59,59,59,59,49,49,417875,5,417875,5,0,0,0,0,59,59,59,59,49,49,417875,5,417875,5,0,0,0,0,59,59,59,59,49,49,417875,5,417875,5,0,0,0,0
242,0,1000,0,0,1000,0,1000,60,60,60,60,49,49,106131,96,0,0,80291,1,25840,95,60,60,60,60,49,49,106131,96,0,0,80291,1,25840,95,60,60,60,60,49,49,106131,96,0,0,80291,1,25840,95,60,60,60,60,49,49,106131,96,0,0,80291,1,25840,95,60,60,60,60,49,49,106131,96,0,0,80291,1,25840,95,60,60,60,60,49,49,106131,96,0,0,80291,1,25840,95
243,0,1000,0,0,1000,0,1000,60,60,60,60,50,50,0,0,0,0,0,0,0,0,60,60,60,60,50,50,0,0,0,0,0,0,0,0,60,60,60,60,50,50,0,0,0,0,0,0,0,0,60,60,60,60,50,50,0,0,0,0,0,0,0,0,60,60,60,60,50,50,0,0,0,0,0,0,0,0,60,60,60,60,50,50,0,0,0,0,0,0,0,0
244,0,1000,0,0,1000,0,1000,60,60,60,60,50,50,0,0,0,0,0,0,0,0,60,60,60,60,50,50,0,0,0,0,0,0,0,0,60,60,60,60,50,50,0,0,0,0,0,0,0,0,60,60,60,60,50,50,0,0,0,0,0,0,0,0,60,60,60,60,50,50,0,0,0,0,0,0,0,0,60,60,60,60,50,50,0,0,0,0,0,0,0,0
245,0,1000,0,0,1000,0,1000,60,60,60,60,50,50,417394,5,417394,5,0,0,0,0,60,60,60,60,50,50,417394,5,417394,5,0,0,0,0,60,60,60,60,50,50,417394,5,417394,5,0,0,0,0,60,60,60,60,50,50,417394,5,417394,5,0,0,0,0,60,60,60,60,50,50,417394,5,417394,5,0,0,0,0,60,60,60,60,50,50,417394,5,417394,5,0,0,0,0
246,0,1000,0,0,1000,0,1000,61,61,61,61,50,50,109667,109,0,0,80291,1,29376,108,61,61,61,61,50,50,109667,109,0,0,80291,1,29376,108,61,61,61,61,50,50,109667,109,0,0,80291,1,29376,108,61,61,61,61,50,50,109667,109,0,0,80291,1,29376,108,61,61,61,61,50,50,109667,109,0,0,80291,1,29376,108,61,61,61,61,50,50,109667,109,0,0,80291,1,29376,108
247,0,1000,0,0,1000,0,1000,61,61,61,61,51,51,0,0,0,0,0,0,0,0,61,61,61,61,51,51,0,0,0,0,0,0,0,0,61,61,61,61,51,51,0,0,0,0,0,0,0,0,61,61,61,61,51,51,0,0,0,0,0,0,0,0,61,61,61,61,51,51,0,0,0,0,0,0,0,0,61,61,61,61,51,51,0,0,0,0,0,0,0,0
248,0,1000,0,0,1000,0,1000,61,61,61,61,51,51,0,0,0,0,0,0,0,0,61,61,61,61,51,51,0,0,0,0,0,0,0,0,61,61,61,61,51,51,0,0,0,0,0,0,0,0,61,61,61,61,51,51,0,0,0,0,0,0,0,0,61,61,61,61,51,51,0,0,0,0,0,0,0,0,61,61,61,61,51,51,0,0,0,0,0,0,0,0
249,0,1000,0,0,1000,0,1000,61,61,61,61,51,51,587264,7,587264,7,0,0,0,0,61,61,61,61,51,51,587264,7,587264,7,0,0,0,0,61,61,61,61,51,51,587264,7,587264,7,0,0,0,0,61,61,61,61,51,51,587264,7,587264,7,0,0,0,0,61,61,61,61,51,51,587264,7,587264,7,0,0,0,0,61,61,61,61,51,51,587264,7,587264,7,0,0,0,0
250,0,1000,0,0,1000,0,1000,62,62,62,62,51,51,109938,110,0,0,80290,1,29648,109,62,62,62,62,51,51,109938,110,0,0,80290,1,29648,109,62,62,62,62,51,51,109938,110,0,0,80290,1,29648,109,62,62,62,62,51,51,109938,110,0,0,80290,1,29648,109,62,62,62,62,51,51,109938,110,0,0,80290,1,29648,109,62,62,62,62,51,51,109938,110,0,0,80290,1,29648,109
251,0,1000,0,0,1000,0,1000,62,62,62,62,52,52,0,0,0,0,0,0,0,0,62,62,62,62,52,52,0,0,0,0,0,0,0,0,62,62,62,62,52,52,0,0,0,0,0,0,0,0,62,62,62,62,52,52,0,0,0,0,0,0,0,0,62,62,62,62,52,52,0,0,0,0,0,0,0,0,62,62,62,62,52,52,0,0,0,0,0,0,0,0
252,0,1000,0,0,1000,0,1000,62,62,62,62,52,52,0,0,0,0,0,0,0,0,62,62,62,62,52,52,0,0,0,0,0,0,0,0,62,62,62,62,52,52,0,0,0,0,0,0,0,0,62,62,62,62,52,52,0,0,0,0,0,0,0,0,62,62,62,62,52,52,0,0,0,0,0,0,0,0,62,62,62,62,52,52,0,0,0,0,0,0,0,0
253,0,1000,0,0,1000,0,1000,62,62,62,62,52,52,419635,5,419635,5,0,0,0,0,62,62,62,62,52,52,419635,5,419635,5,0,0,0,0,62,62,62,62,52,52,419635,5,419635,5,0,0,0,0,62,62,62,62,52,52,419635,5,419635,5,0,0,0,0,62,62,62,62,52,52,419635,5,419635,5,0,0,0,0,62,62,62,62,52,52,419635,5,419635,5,0,0,0,0
254,0,1000,0,0,1000,0,1000,63,63,63,63,52,52,103139,85,0,0,80291,1,22848,84,63,63,63,63,52,52,103139,85,0,0,80291,1,22848,84,63,63,63,63,52,52,103139,85,0,0,80291,1,22848,84,63,63,63,63,52,52,103139,85,0,0,80291,1,22848,84,63,63,63,63,52,52,103139,85,0,0,80291,1,22848,84,63,63,63,63,52,52,103139,85,0,0,80291,1,22848,84
255,0,1000,0,0,1000,0,1000,63,63,63,63,53,53,0,0,0,0,0,0,0,0,63,63,63,63,53,53,0,0,0,0,0,0,0,0,63,63,63,63,53,53,0,0,0,0,0,0,0,0,63,63,63,63,53,53,0,0,0,0,0,0,0,0,63,63,63,63,53,53,0,0,0,0,0,0,0,0,63,63,63,63,53,53,0,0,0,0,0,0,0,0
256,0,1000,0,0,1000,0,1000,63,63,63,63,53,53,0,0,0,0,0,0,0,0,63,63,63,63,53,53,0,0,0,0,0,0,0,0,63,63,63,63,53,53,0,0,0,0,0,0,0,0,63,63,63,63,53,53,0,0,0,0,0,0,0,0,63,63,63,63,53,53,0,0,0,0,0,0,0,0,63,63,63,63,53,53,0,0,0,0,0,0,0,0
257,0,1000,0,0,1000,0,1000,63,63,63,63,53,53,581889,7,581889,7,0,0,0,0,63,63,63,63,53,53,581889,7,581889,7,0,0,0,0,63,63,63,63,53,53,581889,7,581889,7,0,0,0,0,63,63,63,63,53,53,581889,7,581889,7,0,0,0,0,63,63,63,63,53,53,581889,7,581889,7,0,0,0,0,63,63,63,63,53,53,581889,7,581889,7,0,0,0,0
258,0,1000,0,0,1000,0,1000,64,64,64,64,53,53,106675,98,0,0,80291,1,26384,97,64,64,64,64,53,53,106675,98,0,0,80291,1,26384,97,64,64,64,64,53,53,106675,98,0,0,80291,1,26384,97,64,64,64,64,53,53,106675,98,0,0,80291,1,26384,97,64,64,64,64,53,53,106675,98,0,0,80291,1,26384,97,64,64,64,64,53,53,106675,98,0,0,80291,1,26384,97
259,0,1000,0,0,1000,0,1000,64,64,64,64,54,54,0,0,0,0,0,0,0,0,64,64,64,64,54,54,0,0,0,0,0,0,0,0,64,64,64,64,54,54,0,0,0,0,0,0,0,0,64,64,64,64,54,54,0,0,0,0,0,0,0,0,64,64,64,64,54,54,0,0,0,0,0,0,0,0,64,64,64,64,54,54,0,0,0,0,0,0,0,0
260,0,1000,0,0,1000,0,1000,64,64,64,64,54,54,0,0,0,0,0,0,0,0,64,64,64,64,54,54,0,0,0,0,0,0,0,0,64,64,64,64,54,54,0,0,0,0,0,0,0,0,64,64,64,64,54,54,0,0,0,0,0,0,0,0,64,64,64,64,54,54,0,0,0,0,0,0,0,0,64,64,64,64,54,54,0,0,0,0,0,0,0,0
261,0,1000,0,0,1000,0,1000,64,64,64,64,54,54,501258,6,501258,6,0,0,0,0,64,64,64,64,54,54,501258,6,501258,6,0,0,0,0,64,64,64,64,54,54,501258,6,501258,6,0,0,0,0,64,64,64,64,54,54,501258,6,501258,6,0,0,0,0,64,64,64,64,54,54,501258,6,501258,6,0,0,0,0,64,64,64,64,54,54,501258,6,501258,6,0,0,0,0
262,0,1000,0,0,1000,0,1000,65,65,65,65,54,54,108579,105,0,0,80291,1,28288,104,65,65,65,65,54,54,108579,105,0,0,80291,1,28288,104,65,65,65,65,54,54,108579,105,0,0,80291,1,28288,104,65,65,65,65,54,54,108579,105,0,0,80291,1,28288,104,65,65,65,65,54,54,108579,105,0,0,80291,1,28288,104,65,65,65,65,54,54,108579,105,0,0,80291,1,28288,104
263,0,1000,0,0,1000,0,1000,65,65,65,65,55,55,0,0,0,0,0,0,0,0,65,65,65,65,55,55,0,0,0,0,0,0,0,0,65,65,65,65,55,55,0,0,0,0,0,0,0,0,65,65,65,65,55,55,0,0,0,0,0,0,0,0,65,65,65,65,55,55,0,0,0,0,0,0,0,0,65,65,65,65,55,55,0,0,0,0,0,0,0,0
264,0,1000,0,0,1000,0,1000,65,65,65,65,55,55,0,0,0,0,0,0,0,0,65,65,65,65,55,55,0,0,0,0,0,0,0,0,65,65,65,65,55,55,0,0,0,0,0,0,0,0,65,65,65,65,55,55,0,0,0,0,0,0,0,0,65,65,65,65,55,55,0,0,0,0,0,0,0,0,65,65,65,65,55,55,0,0,0,0,0,0,0,0
265,0,1000,0,0,1000,0,1000,65,65,65,65,55,55,335067,4,335067,4,0,0,0,0,65,65,65,65,55,55,335067,4,335067,4,0,0,0,0,65,65,65,65,55,55,335067,4,335067,4,0,0,0,0,65,65,65,65,55,55,335067,4,335067,4,0,0,0,0,65,65,65,65,55,55,335067,4,335067,4,0,0,0,0,65,65,65,65,55,55,335067,4,335067,4,0,0,0,0
266,0,1000,0,0,1000,0,1000,66,66,66,66,55,55,108851,106,0,0,80291,1,28560,105,66,66,66,66,55,55,108851,106,0,0,80291,1,28560,105,66,66,66,66,55,55,108851,106,0,0,80291,1,28560,105,66,66,66,66,55,55,108851,106,0,0,80291,1,28560,105,66,66,66,66,55,55,108851,106,0,0,80291,1,28560,105,66,66,66,66,55,55,108851,106,0,0,80291,1,28560,105
267,0,1000,0,0,1000,0,1000,66,66,66,66,56,56,0,0,0,0,0,0,0,0,66,66,66,66,56,56,0,0,0,0,0,0,0,0,66,66,66,66,56,56,0,0,0,0,0,0,0,0,66,66,66,66,56,56,0,0,0,0,0,0,0,0,66,66,66,66,56,56,0,0,0,0,0,0,0,0,66,66,66,66,56,56,0,0,0,0,0,0,0,0
268,0,1000,0,0,1000,0,1000,66,66,66,66,56,56,0,0,0,0,0,0,0,0,66,66,66,66,56,56,0,0,0,0,0,0,0,0,66,66,66,66,56,56,0,0,0,0,0,0,0,0,66,66,66,66,56,56,0,0,0,0,0,0,0,0,66,66,66,66,56,56,0,0,0,0,0,0,0,0,66,66,66,66,56,56,0,0,0,0,0,0,0,0
269,0,1000,0,0,1000,0,1000,66,66,66,66,56,56,418993,5,418993,5,0,0,0,0,66,66,66,66,56,56,418993,5,418993,5,0,0,0,0,66,66,66,66,56,56,418993,5,418993,5,0,0,0,0,66,66,66,66,56,56,418993,5,418993,5,0,0,0,0,66,66,66,66,56,56,418993,5,418993,5,0,0,0,0,66,66,66,66,56,56,418993,5,418993,5,0,0,0,0
270,0,1000,0,0,1000,0,1000,67,67,67,67,56,56,108307,104,0,0,80291,1,28016,103,67,67,67,67,56,56,108307,104,0,0,80291,1,28016,103,67,67,67,67,56,56,108307,104,0,0,80291,1,28016,103,67,67,67,67,56,56,108307,104,0,0,80291,1,28016,103,67,67,67,67,56,56,108307,104,0,0,80291,1,28016,103,67,67,67,67,56,56,108307,104,0,0,80291,1,28016,103
271,0,1000,0,0,1000,0,1000,67,67,67,67,57,57,0,0,0,0,0,0,0,0,67,67,67,67,57,57,0,0,0,0,0,0,0,0,67,67,67,67,57,57,0,0,0,0,0,0,0,0,67,67,67,67,57,57,0,0,0,0,0,0,0,0,67,67,67,67,57,57,0,0,0,0,0,0,0,0,67,67,67,67,57,57,0,0,0,0,0,0,0,0
272,0,1000,0,0,1000,0,1000,67,67,67,67,57,57,0,0,0,0,0,0,0,0,67,67,67,67,57,57,0,0,0,0,0,0,0,0,67,67,67,67,57,57,0,0,0,0,0,0,0,0,67,67,67,67,57,57,0,0,0,0,0,0,0,0,67,67,67,67,57,57,0,0,0,0,0,0,0,0,67,67,67,67,57,57,0,0,0,0,0,0,0,0
273,0,1000,0,0,1000,0,1000,67,67,67,67,57,57,418675,5,418675,5,0,0,0,0,67,67,67,67,57,57,418675,5,418675,5,0,0,0,0,67,67,67,67,57,57,418675,5,418675,5,0,0,0,0,67,67,67,67,57,57,418675,5,418675,5,0,0,0,0,67,67,67,67,57,57,418675,5,418675,5,0,0,0,0,67,67,67,67,57,57,418675,5,418675,5,0,0,0,0
274,0,1000,0,0,1000,0,1000,68,68,68,68,57,57,106947,99,0,0,80291,1,26656,98,68,68,68,68,57,57,106947,99,0,0,80291,1,26656,98,68,68,68,68,57,57,106947,99,0,0,80291,1,26656,98,68,68,68,68,57,57,106947,99,0,0,80291,1,26656,98,68,68,68,68,57,57,106947,99,0,0,80291,1,26656,98,68,68,68,68,57,57,106947,99,0,0,80291,1,26656,98
275,0,1000,0,0,1000,0,1000,68,68,68,68,58,58,0,0,0,0,0,0,0,0,68,68,68,68,58,58,0,0,0,0,0,0,0,0,68,68,68,68,58,58,0,0,0,0,0,0,0,0,68,68,68,68,58,58,0,0,0,0,0,0,0,0,68,68,68,68,58,58,0,0,0,0,0,0,0,0,68,68,68,68,58,58,0,0,0,0,0,0,0,0
276,0,1000,0,0,1000,0,1000,68,68,68,68,58,58,0,0,0,0,0,0,0,0,68,68,68,68,58,58,0,0,0,0,0,0,0,0,68,68,68,68,58,58,0,0,0,0,0,0,0,0,68,68,68,68,58,58,0,0,0,0,0,0,0,0,68,68,68,68,58,58,0,0,0,0,0,0,0,0,68,68,68,68,58,58,0,0,0,0,0,0,0,0
277,0,1000,0,0,1000,0,1000,68,68,68,68,58,58,585024,7,585024,7,0,0,0,0,68,68,68,68,58,58,585024,7,585024,7,0,0,0,0,68,68,68,68,58,58,585024,7,585024,7,0,0,0,0,68,68,68,68,58,58,585024,7,585024,7,0,0,0,0,68,68,68,68,58,58,585024,7,585024,7,0,0,0,0,68,68,68,68,58,58,585024,7,585024,7,0,0,0,0
278,0,1000,0,0,1000,0,1000,69,69,69,69,58,58,104227,89,0,0,80291,1,23936,88,69,69,69,69,58,58,104227,89,0,0,80291,1,23936,88,69,69,69,69,58,58,104227,89,0,0,80291,1,23936,88,69,69,69,69,58,58,104227,89,0,0,80291,1,23936,88,69,69,69,69,58,58,104227,89,0,0,80291,1,23936,88,69,69,69,69,58,58,104227,89,0,0,80291,1,23936,88
279,0,1000,0,0,1000,0,1000,69,69,69,69,59,59,0,0,0,0,0,0,0,0,69,69,69,69,59,59,0,0,0,0,0,0,0,0,69,69,69,69,59,59,0,0,0,0,0,0,0,0,69,69,69,69,59,59,0,0,0,0,0,0,0,0,69,69,69,69,59,59,0,0,0,0,0,0,0,0,69,69,69,69,59,59,0,0,0,0,0,0,0,0
280,0,1000,0,0,1000,0,1000,69,69,69,69,59,59,0,0,0,0,0,0,0,0,69,69,69,69,59,59,0,0,0,0,0,0,0,0,69,69,69,69,59,59,0,0,0,0,0,0,0,0,69,69,69,69,59,59,0,0,0,0,0,0,0,0,69,69,69,69,59,59,0,0,0,0,0,0,0,0,69,69,69,69,59,59,0,0,0,0,0,0,0,0
281,0,1000,0,0,1000,0,1000,69,69,69,69,59,59,749295,9,749295,9,0,0,0,0,69,69,69,69,59,59,749295,9,749295,9,0,0,0,0,69,69,69,69,59,59,749295,9,749295,9,0,0,0,0,69,69,69,69,59,59,749295,9,749295,9,0,0,0,0,69,69,69,69,59,59,749295,9,749295,9,0,0,0,0,69,69,69,69,59,59,749295,9,749295,9,0,0,0,0
282,0,1000,0,0,1000,0,1000,70,70,70,70,59,59,107763,102,0,0,80291,1,27472,101,70,70,70,70,59,59,107763,102,0,0,80291,1,27472,101,70,70,70,70,59,59,107763,102,0,0,80291,1,27472,101,70,70,70,70,59,59,107763,102,0,0,80291,1,27472,101,70,70,70,70,59,59,107763,102,0,0,80291,1,27472,101,70,70,70,70,59,59,107763,102,0,0,80291,1,27472,101
283,0,1000,0,0,1000,0,1000,70,70,70,70,60,60,0,0,0,0,0,0,0,0,70,70,70,70,60,60,0,0,0,0,0,0,0,0,70,70,70,70,60,60,0,0,0,0,0,0,0,0,70,70,70,70,60,60,0,0,0,0,0,0,0,0,70,70,70,70,60,60,0,0,0,0,0,0,0,0,70,70,70,70,60,60,0,0,0,0,0,0,0,0
284,0,1000,0,0,1000,0,1000,70,70,70,70,60,60,0,0,0,0,0,0,0,0,70,70,70,70,60,60,0,0,0,0,0,0,0,0,70,70,70,70,60,60,0,0,0,0,0,0,0,0,70,70,70,70,60,60,0,0,0,0,0,0,0,0,70,70,70,70,60,60,0,0,0,0,0,0,0,0,70,70,70,70,60,60,0,0,0,0,0,0,0,0
285,0,1000,0,0,1000,0,1000,70,70,70,70,60,60,251013,3,251013,3,0,0,0,0,70,70,70,70,60,60,251013,3,251013,3,0,0,0,0,70,70,70,70,60,60,251013,3,251013,3,0,0,0,0,70,70,70,70,60,60,251013,3,251013,3,0,0,0,0,70,70,70,70,60,60,251013,3,251013,3,0,0,0,0,70,70,70,70,60,60,251013,3,251013,3,0,0,0,0
286,0,1000,0,0,1000,0,1000,71,71,71,71,60,60,106403,97,0,0,80291,1,26112,96,71,71,71,71,60,60,106403,97,0,0,80291,1,26112,96,71,71,71,71,60,60,106403,97,0,0,80291,1,26112,96,71,71,71,71,60,60,106403,97,0,0,80291,1,26112,96,71,71,71,71,60,60,106403,97,0,0,80291,1,26112,96,71,71,71,71,60,60,106403,97,0,0,80291,1,26112,96
287,0,1000,0,0,1000,0,1000,71,71,71,71,61,61,0,0,0,0,0,0,0,0,71,71,71,71,61,61,0,0,0,0,0,0,0,0,71,71,71,71,61,61,0,0,0,0,0,0,0,0,71,71,71,71,61,61,0,0,0,0,0,0,0,0,71,71,71,71,61,61,0,0,0,0,0,0,0,0,71,71,71,71,61,61,0,0,0,0,0,0,0,0
288,0,1000,0,0,1000,0,1000,71,71,71,71,61,61,0,0,0,0,0,0,0,0,71,71,71,71,61,61,0,0,0,0,0,0,0,0,71,71,71,71,61,61,0,0,0,0,0,0,0,0,71,71,71,71,61,61,0,0,0,0,0,0,0,0,71,71,71,71,61,61,0,0,0,0,0,0,0,0,71,71,71,71,61,61,0,0,0,0,0,0,0,0
289,0,1000,0,0,1000,0,1000,71,71,71,71,61,61,334042,4,334042,4,0,0,0,0,71,71,71,71,61,61,334042,4,334042,4,0,0,0,0,71,71,71,71,61,61,334042,4,334042,4,0,0,0,0,71,71,71,71,61,61,334042,4,334042,4,0,0,0,0,71,71,71,71,61,61,334042,4,334042,4,0,0,0,0,71,71,71,71,61,61,334042,4,334042,4,0,0,0,0
290,0,1000,0,0,1000,0,1000,72,72,72,72,61,61,109666,109,0,0,80290,1,29376,108,72,72,72,72,61,61,109666,109,0,0,80290,1,29376,108,72,72,72,72,61,61,109666,109,0,0,80290,1,29376,108,72,72,72,72,61,61,109666,109,0,0,80290,1,29376,108,72,72,72,72,61,61,109666,109,0,0,80290,1,29376,108,72,72,72,72,61,61,109666,109,0,0,80290,1,29376,108
291,0,1000,0,0,1000,0,1000,72,72,72,72,62,62,0,0,0,0,0,0,0,0,72,72,72,72,62,62,0,0,0,0,0,0,0,0,72,72,72,72,62,62,0,0,0,0,0,0,0,0,72,72,72,72,62,62,0,0,0,0,0,0,0,0,72,72,72,72,62,62,0,0,0,0,0,0,0,0,72,72,72,72,62,62,0,0,0,0,0,0,0,0
292,0,1000,0,0,1000,0,1000,72,72,72,72,62,62,0,0,0,0,0,0,0,0,72,72,72,72,62,62,0,0,0,0,0,0,0,0,72,72,72,72,62,62,0,0,0,0,0,0,0,0,72,72,72,72,62,62,0,0,0,0,0,0,0,0,72,72,72,72,62,62,0,0,0,0,0,0,0,0,72,72,72,72,62,62,0,0,0,0,0,0,0,0
293,0,1000,0,0,1000,0,1000,72,72,72,72,62,62,419475,5,419475,5,0,0,0,0,72,72,72,72,62,62,419475,5,419475,5,0,0,0,0,72,72,72,72,62,62,419475,5,419475,5,0,0,0,0,72,72,72,72,62,62,419475,5,419475,5,0,0,0,0,72,72,72,72,62,62,419475,5,419475,5,0,0,0,0,72,72,72,72,62,62,419475,5,419475,5,0,0,0,0
294,0,1000,0,0,1000,0,1000,73,73,73,73,62,62,105859,95,0,0,80291,1,25568,94,73,73,73,73,62,62,105859,95,0,0,80291,1,25568,94,73,73,73,73,62,62,105859,95,0,0,80291,1,25568,94,73,73,73,73,62,62,105859,95,0,0,80291,1,25568,94,73,73,73,73,62,62,105859,95,0,0,80291,1,25568,94,73,73,73,73,62,62,105859,95,0,0,80291,1,25568,94
295,0,1000,0,0,1000,0,1000,73,73,73,73,63,63,0,0,0,0,0,0,0,0,73,73,73,73,63,63,0,0,0,0,0,0,0,0,73,73,73,73,63,63,0,0,0,0,0,0,0,0,73,73,73,73,63,63,0,0,0,0,0,0,0,0,73,73,73,73,63,63,0,0,0,0,0,0,0,0,73,73,73,73,63,63,0,0,0,0,0,0,0,0
296,0,1000,0,0,1000,0,1000,73,73,73,73,63,63,0,0,0,0,0,0,0,0,73,73,73,73,63,63,0,0,0,0,0,0,0,0,73,73,73,73,63,63,0,0,0,0,0,0,0,0,73,73,73,73,63,63,0,0,0,0,0,0,0,0,73,73,73,73,63,63,0,0,0,0,0,0,0,0,73,73,73,73,63,63,0,0,0,0,0,0,0,0
297,0,1000,0,0,1000,0,1000,73,73,73,73,63,63,751021,9,751021,9,0,0,0,0,73,73,73,73,63,63,751021,9,751021,9,0,0,0,0,73,73,73,73,63,63,751021,9,751021,9,0,0,0,0,73,73,73,73,63,63,751021,9,751021,9,0,0,0,0,73,73,73,73,63,63,751021,9,751021,9,0,0,0,0,73,73,73,73,63,63,751021,9,751021,9,0,0,0,0
298,0,1000,0,0,1000,0,1000,74,74,74,74,63,63,107763,102,0,0,80291,1,27472,101,74,74,74,74,63,63,107763,102,0,0,80291,1,27472,101,74,74,74,74,63,63,107763,102,0,0,80291,1,27472,101,74,74,74,74,63,63,107763,102,0,0,80291,1,27472,101,74,74,74,74,63,63,107763,102,0,0,80291,1,27472,101,74,74,74,74,63,63,107763,102,0,0,80291,1,27472,101
299,0,1000,0,0,1000,0,1000,74,74,74,74,64,64,0,0,0,0,0,0,0,0,74,74,74,74,64,64,0,0,0,0,0,0,0,0,74,74,74,74,64,64,0,0,0,0,0,0,0,0,74,74,74,74,64,64,0,0,0,0,0,0,0,0,74,74,74,74,64,64,0,0,0,0,0,0,0,0,74,74,74,74,64,64,0,0,0,0,0,0,0,0
300,0,1000,0,0,1000,0,1000,74,74,74,74,64,64,0,0,0,0,0,0,0,0,74,74,74,74,64,64,0,0,0,0,0,0,0,0,74,74,74,74,64,64,0,0,0,0,0,0,0,0,74,74,74,74,64,64,0,0,0,0,0,0,0,0,74,74,74,74,64,64,0,0,0,0,0,0,0,0,74,74,74,74,64,64,0,0,0,0,0,0,0,0
301,0,1000,0,0,1000,0,1000,74,74,74,74,64,64,585697,7,585697,7,0,0,0,0,74,74,74,74,64,64,585697,7,585697,7,0,0,0,0,74,74,74,74,64,64,585697,7,585697,7,0,0,0,0,74,74,74,74,64,64,585697,7,585697,7,0,0,0,0,74,74,74,74,64,64,585697,7,585697,7,0,0,0,0,74,74,74,74,64,64,585697,7,585697,7,0,0,0,0
302,0,1000,0,0,1000,0,1000,75,75,75,75,64,64,110483,112,0,0,80291,1,30192,111,75,75,75,75,64,64,110483,112,0,0,80291,1,30192,111,75,75,75,75,64,64,110483,112,0,0,80291,1,30192,111,75,75,75,75,64,64,110483,112,0,0,80291,1,30192,111,75,75,75,75,64,64,110483,112,0,0,80291,1,30192,111,75,75,75,75,64,64,110483,112,0,0,80291,1,30192,111
303,0,1000,0,0,1000,0,1000,75,75,75,75,65,65,0,0,0,0,0,0,0,0,75,75,75,75,65,65,0,0,0,0,0,0,0,0,75,75,75,75,65,65,0,0,0,0,0,0,0,0,75,75,75,75,65,65,0,0,0,0,0,0,0,0,75,75,75,75,65,65,0,0,0,0,0,0,0,0,75,75,75,75,65,65,0,0,0,0,0,0,0,0

digraph G {
  rankdir=BT;
  style=filled;
  color=lightgrey;
  node [shape=box,style=filled,color=white];
  b_HwBOVMni2y [label="H(wBOVMn+i2y)\nt=48 id=163"];
  b_HMEVABbjCMY [label="H(MEVABbjCMY)\nt=20 id=142"];
  b_HtfjqBmd7q [label="H(tfjq+Bmd7q)\n"];
  b_HkPCYGj9ojO [label="H(kPCYGj9ojO)\nt=62 id=47"];
  b_HLgct8Kamq5 [label="H(Lgct8Kamq5)\nt=61 id=731"];
  b_HBlUoqf4Q9K [label="H(BlUoqf4Q9K)\nt=34 id=769"];
  b_HfBlk6sTYJc [label="H(fBlk6sTYJc)\nt=44 id=283"];
  b_HARWuIDxeU [label="H(ARWuIDx/eU)\nt=66 id=281"];
  b_Hf923nH40Cl [label="H(f923nH40Cl)\nt=12 id=873"];
  b_H1v837b8kT3 [label="H(1v837b8kT3)\nt=23 id=333"];
  b_HGFVeRZoZZA [label="H(GFVeRZoZZA)\nt=40 id=472"];
  b_H1HoAYXlmM [label="H(1HoAYXl+mM)\nt=47 id=700"];
  b_Hi6ZPVE0CBu [label="H(i6ZPVE0CBu)\nt=60 id=753"];
  b_H6vjUzb2NnU [label="H(6vjUzb2NnU)\nt=46 id=191"];
  b_HRDigkKXX6t [label="H(RDigkKXX6t)\nt=63 id=327"];
  b_HXJw8qWFnFH [label="H(XJw8qWFnFH)\nt=22 id=37"];
  b_HF6yHbaytw [label="H(F6y/Hbaytw)\nt=53 id=946"];
  b_HmIL865bofZ [label="H(mIL865bofZ)\nt=24 id=482"];
  b_Hng6V6hIzsS [label="H(ng6V6hIzsS)\nt=3 id=765"];
  b_HpLDMekjSNN [label="H(pLDMekjSNN)\nt=31 id=331"];
  b_HlAMeoTpyv2 [label="H(lAMeoTpyv2)\nt=32 id=940"];
  b_HSWsndxGBOj [label="H(SWsndxGBOj)\nt=65 id=414"];
  b_HBuyUUVORbg [label="H(BuyUUVORbg)\nt=17 id=911"];
  b_HW7rf8oom [label="H(W7/rf+8oom)\nt=57 id=54"];
  b_H6ZrmUWXoXo [label="H(6ZrmUWXoXo)\nt=42 id=743"];
  b_HmwjarOjAQl [label="H(mwjarOjAQl)\nt=15 id=588"];
  b_Hgt3E8kUZD3 [label="H(gt3E8kUZD3)\nt=72 id=49"];
  b_HvfiTayQV5C [label="H(vfiTayQV5C)\nt=1 id=283"];
  b_HpIxHbD58YV [label="H(pIxHbD58YV)\nt=5 id=892"];
  b_HDQLDo8sczE [label="H(DQLDo8sczE)\nt=36 id=673"];
  b_HubYF1r5Bry [label="H(ubYF1r5Bry)\nt=64 id=996"];
  b_HRbmLSBVyDU [label="H(RbmLSBVyDU)\nt=25 id=537"];
  b_HD4tKWTB8Yz [label="H(D4tKWTB8Yz)\nt=8 id=287"];
  b_HzYfCmAeYUs [label="H(zYfCmAeYUs)\nt=30 id=334"];
  b_HQeMgIZT8 [label="H(/Q/eMgIZT8)\nt=21 id=299"];
  b_Hhp6NVTm3uY [label="H(hp6NVTm3uY)\nt=26 id=318"];
  b_HcxntayqIc [label="H(cx/ntayqIc)\nt=38 id=710"];
  b_Hrxcpmzpbjj [label="H(rxcpmzpbjj)\nt=6 id=918"];
  b_HtHXm4qhypQ [label="H(tHXm4qhypQ)\nt=55 id=710"];
  b_Hy0V5AaWPg [label="H(y0V+5AaWPg)\nt=54 id=242"];
  b_HYEO2SqiPfP [label="H(YEO2SqiPfP)\nt=58 id=418"];
  b_H3pmrPLbMU5 [label="H(3pmrPLbMU5)\nt=59 id=879"];
  b_HLKkJROqYu [label="H(LKkJR+OqYu)\nt=16 id=216"];
  b_H4URY5excfV [label="H(4URY5excfV)\nt=10 id=580"];
  b_HUAn9DWHpgM [label="H(UAn9DWHpgM)\nt=27 id=180"];
  b_H3fF2pPAV2X [label="H(3fF2pPAV2X)\nt=37 id=351"];
  b_H024S2Eeeo1 [label="H(024S2Eeeo1)\nt=49 id=355"];
  b_HFVqNNBTtNr [label="H(FVqNNBTtNr)\nt=7 id=617"];
  b_H1l56K8t5E [label="H(1l56K8t5E+)\nt=14 id=215"];
  b_HD0BUyRLyFc [label="H(D0BUyRLyFc)\nt=51 id=143"];
  b_H0m4k7N0sKl [label="H(0m4k7N0sKl)\nt=69 id=689"];
  b_H6ptTAPDV5J [label="H(6ptTAPDV5J)\nt=52 id=383"];
  b_HsR4pftoJx [label="H(sR4pf+toJx)\nt=41 id=494"];
  b_HPuqeop53CW [label="H(Puqeop53CW)\nt=43 id=838"];
  b_H3DPuJ1l9Ak [label="H(3DPuJ1l9Ak)\nt=13 id=991"];
  b_HG4wiIAkbCD [label="H(G4wiIAkbCD)\nt=19 id=651"];
  b_HO5CsHlNJc [label="H(O5CsHl+NJc)\nt=2 id=334"];
  b_HCBonxXejga [label="H(CBonxXejga)\nt=39 id=273"];
  b_HPqeIbGglz3 [label="H(PqeIbGglz3)\nt=56 id=192"];
  b_HmvYL2fWnLL [label="H(mvYL2fWnLL)\nt=75 id=963"];
  b_HhlxsFHdqTh [label="H(hlxsFHdqTh)\nt=33 id=851"];
  b_HgAhzsL7R [label="H(gAhzs+L7R+)\nt=18 id=707"];
  b_HOXwohGOUg [label="H(OXwohG/OUg)\nt=4 id=497"];
  b_HbLFvQ9TSd [label="H(bLFvQ9TS+d)\nt=50 id=801"];
  b_HiFN03bf3kx [label="H(iFN03bf3kx)\nt=74 id=743"];
  b_HhJLzPyaLKh [label="H(hJLzPyaLKh)\nt=45 id=391"];
  b_HEr3kppsSsq [label="H(Er3kppsSsq)\nt=67 id=355"];
  b_He7JOrFJQCQ [label="H(e7JOrFJQCQ)\nt=71 id=750"];
  b_Hep2EsUAXDt [label="H(ep2EsUAXDt)\nt=73 id=382"];
  b_HgJ2i4mp92Q [label="H(gJ2i4mp92Q)\nt=11 id=670"];
  b_H071KvWirDY [label="H(071KvWirDY)\nt=29 id=57"];
  b_HZ2idPuVn [label="H(Z2/idP+uVn)\nt=70 id=438"];
  b_He4XEJOHl [label="H(+e4XEJO/Hl)\nt=35 id=466"];
  b_HxCkARIJ5hw [label="H(xCkARIJ5hw)\nt=68 id=777"];
  b_Hgr6whDnyBj [label="H(gr6whDnyBj)\nt=9 id=38"];
  b_Hhu9vv8nwWk [label="H(hu9vv8nwWk)\nt=28 id=286"];
  b_HwBOVMni2y -> b_H1HoAYXlmM;
  b_HMEVABbjCMY -> b_HG4wiIAkbCD;
  b_HkPCYGj9ojO -> b_HLgct8Kamq5;
  b_HLgct8Kamq5 -> b_Hi6ZPVE0CBu;
  b_HBlUoqf4Q9K -> b_HhlxsFHdqTh;
  b_HfBlk6sTYJc -> b_HPuqeop53CW;
  b_HARWuIDxeU -> b_HSWsndxGBOj;
  b_Hf923nH40Cl -> b_HgJ2i4mp92Q;
  b_H1v837b8kT3 -> b_HXJw8qWFnFH;
  b_HGFVeRZoZZA -> b_HCBonxXejga;
  b_H1HoAYXlmM -> b_H6vjUzb2NnU;
  b_Hi6ZPVE0CBu -> b_H3pmrPLbMU5;
  b_H6vjUzb2NnU -> b_HhJLzPyaLKh;
  b_HRDigkKXX6t -> b_HkPCYGj9ojO;
  b_HXJw8qWFnFH -> b_HQeMgIZT8;
  b_HF6yHbaytw -> b_H6ptTAPDV5J;
  b_HmIL865bofZ -> b_H1v837b8kT3;
  b_Hng6V6hIzsS -> b_HO5CsHlNJc;
  b_HpLDMekjSNN -> b_HzYfCmAeYUs;
  b_HlAMeoTpyv2 -> b_HpLDMekjSNN;
  b_HSWsndxGBOj -> b_HubYF1r5Bry;
  b_HBuyUUVORbg -> b_HLKkJROqYu;
  b_HW7rf8oom -> b_HPqeIbGglz3;
  b_H6ZrmUWXoXo -> b_HsR4pftoJx;
  b_HmwjarOjAQl -> b_H1l56K8t5E;
  b_Hgt3E8kUZD3 -> b_He7JOrFJQCQ;
  b_HvfiTayQV5C -> b_HtfjqBmd7q;
  b_HpIxHbD58YV -> b_HOXwohGOUg;
  b_HDQLDo8sczE -> b_He4XEJOHl;
  b_HubYF1r5Bry -> b_HRDigkKXX6t;
  b_HRbmLSBVyDU -> b_HmIL865bofZ;
  b_HD4tKWTB8Yz -> b_HFVqNNBTtNr;
  b_HzYfCmAeYUs -> b_H071KvWirDY;
  b_HQeMgIZT8 -> b_HMEVABbjCMY;
  b_Hhp6NVTm3uY -> b_HRbmLSBVyDU;
  b_HcxntayqIc -> b_H3fF2pPAV2X;
  b_Hrxcpmzpbjj -> b_HpIxHbD58YV;
  b_HtHXm4qhypQ -> b_Hy0V5AaWPg;
  b_Hy0V5AaWPg -> b_HF6yHbaytw;
  b_HYEO2SqiPfP -> b_HW7rf8oom;
  b_H3pmrPLbMU5 -> b_HYEO2SqiPfP;
  b_HLKkJROqYu -> b_HmwjarOjAQl;
  b_H4URY5excfV -> b_Hgr6whDnyBj;
  b_HUAn9DWHpgM -> b_Hhp6NVTm3uY;
  b_H3fF2pPAV2X -> b_HDQLDo8sczE;
  b_H024S2Eeeo1 -> b_HwBOVMni2y;
  b_HFVqNNBTtNr -> b_Hrxcpmzpbjj;
  b_H1l56K8t5E -> b_H3DPuJ1l9Ak;
  b_HD0BUyRLyFc -> b_HbLFvQ9TSd;
  b_H0m4k7N0sKl -> b_HxCkARIJ5hw;
  b_H6ptTAPDV5J -> b_HD0BUyRLyFc;
  b_HsR4pftoJx -> b_HGFVeRZoZZA;
  b_HPuqeop53CW -> b_H6ZrmUWXoXo;
  b_H3DPuJ1l9Ak -> b_Hf923nH40Cl;
  b_HG4wiIAkbCD -> b_HgAhzsL7R;
  b_HO5CsHlNJc -> b_HvfiTayQV5C;
  b_HCBonxXejga -> b_HcxntayqIc;
  b_HPqeIbGglz3 -> b_HtHXm4qhypQ;
  b_HmvYL2fWnLL -> b_HiFN03bf3kx;
  b_HhlxsFHdqTh -> b_HlAMeoTpyv2;
  b_HgAhzsL7R -> b_HBuyUUVORbg;
  b_HOXwohGOUg -> b_Hng6V6hIzsS;
  b_HbLFvQ9TSd -> b_H024S2Eeeo1;
  b_HiFN03bf3kx -> b_Hep2EsUAXDt;
  b_HhJLzPyaLKh -> b_HfBlk6sTYJc;
  b_HEr3kppsSsq -> b_HARWuIDxeU;
  b_He7JOrFJQCQ -> b_HZ2idPuVn;
  b_Hep2EsUAXDt -> b_Hgt3E8kUZD3;
  b_HgJ2i4mp92Q -> b_H4URY5excfV;
  b_H071KvWirDY -> b_Hhu9vv8nwWk;
  b_HZ2idPuVn -> b_H0m4k7N0sKl;
  b_He4XEJOHl -> b_HBlUoqf4Q9K;
  b_HxCkARIJ5hw -> b_HEr3kppsSsq;
  b_Hgr6whDnyBj -> b_HD4tKWTB8Yz;
  b_Hhu9vv8nwWk -> b_HUAn9DWHpgM;
  v_HNTCewAhnc [label="id=82 t=75"];
  v_HNTCewAhnc -> b_HmvYL2fWnLL;
  v_HehCYGHw63U [label="id=828 t=75"];
  v_HehCYGHw63U -> b_HmvYL2fWnLL;
  v_HzNqnEQDcH6 [label="id=664 t=75"];
  v_HzNqnEQDcH6 -> b_HmvYL2fWnLL;
  v_HsglckbjeEg [label="id=830 t=75"];
  v_HsglckbjeEg -> b_HmvYL2fWnLL;
  v_H7DpCEPznft [label="id=472 t=75"];
  v_H7DpCEPznft -> b_HmvYL2fWnLL;
  v_HSZBdFwDtk [label="id=250 t=75"];
  v_HSZBdFwDtk -> b_HmvYL2fWnLL;
  v_HCLt75C8rmE [label="id=408 t=75"];
  v_HCLt75C8rmE -> b_HmvYL2fWnLL;
  v_Hn4b9vGlqhB [label="id=473 t=75"];
  v_Hn4b9vGlqhB -> b_HmvYL2fWnLL;
  v_HCJRoVrdfY9 [label="id=139 t=75"];
  v_HCJRoVrdfY9 -> b_HmvYL2fWnLL;
  v_HTP8vkjdWE [label="id=620 t=75"];
  v_HTP8vkjdWE -> b_HmvYL2fWnLL;
  v_HFW9EAEojCA [label="id=445 t=75"];
  v_HFW9EAEojCA -> b_HmvYL2fWnLL;
  v_Hr2SneP6kSu [label="id=159 t=75"];
  v_Hr2SneP6kSu -> b_HmvYL2fWnLL;
  v_HkUXodVjgC [label="id=528 t=75"];
  v_HkUXodVjgC -> b_HmvYL2fWnLL;
  v_Hq0bMHefTsr [label="id=442 t=75"];
  v_Hq0bMHefTsr -> b_HmvYL2fWnLL;
  v_HqkMFYbZ71 [label="id=341 t=75"];
  v_HqkMFYbZ71 -> b_HmvYL2fWnLL;
  v_HjeNyWFh70t [label="id=617 t=75"];
  v_HjeNyWFh70t -> b_HmvYL2fWnLL;
  v_HunxtkPfyY3 [label="id=391 t=75"];
  v_HunxtkPfyY3 -> b_HmvYL2fWnLL;
  v_HFk5cK4eMtA [label="id=895 t=75"];
  v_HFk5cK4eMtA -> b_HmvYL2fWnLL;
  v_H3G2wcqq9y [label="id=508 t=75"];
  v_H3G2wcqq9y -> b_HmvYL2fWnLL;
  v_HKQlXUsj1AH [label="id=557 t=75"];
  v_HKQlXUsj1AH -> b_HmvYL2fWnLL;
  v_HwgTowDeAkD [label="id=153 t=75"];
  v_HwgTowDeAkD -> b_HmvYL2fWnLL;
  v_Hi0rh4Uzqx [label="id=977 t=75"];
  v_Hi0rh4Uzqx -> b_HmvYL2fWnLL;
  v_HGhpUICOzxz [label="id=284 t=75"];
  v_HGhpUICOzxz -> b_HmvYL2fWnLL;
  v_HFDiAAxNNei [label="id=764 t=75"];
  v_HFDiAAxNNei -> b_HmvYL2fWnLL;
  v_HsT9VkRrZdQ [label="id=361 t=75"];
  v_HsT9VkRrZdQ -> b_HmvYL2fWnLL;
  v_H03a1590g [label="id=384 t=75"];
  v_H03a1590g -> b_HmvYL2fWnLL;
  v_HhYhWyjMslr [label="id=590 t=75"];
  v_HhYhWyjMslr -> b_HmvYL2fWnLL;
  v_HFuFI6XONsu [label="id=805 t=75"];
  v_HFuFI6XONsu -> b_HmvYL2fWnLL;
  v_Hwv9V6oLMPh [label="id=637 t=75"];
  v_Hwv9V6oLMPh -> b_HmvYL2fWnLL;
  v_Hs41gIlMg21 [label="id=447 t=75"];
  v_Hs41gIlMg21 -> b_HmvYL2fWnLL;
  v_HMtjawjkWIq [label="id=607 t=75"];
  v_HMtjawjkWIq -> b_HmvYL2fWnLL;
  v_Hx82PguKOxt [label="id=178 t=75"];
  v_Hx82PguKOxt -> b_HmvYL2fWnLL;
  v_HvNR9OYm88a [label="id=879 t=75"];
  v_HvNR9OYm88a -> b_HmvYL2fWnLL;
  v_HpnAh7MSRL [label="id=39 t=75"];
  v_HpnAh7MSRL -> b_HmvYL2fWnLL;
  v_HwZsF93xyXX [label="id=422 t=75"];
  v_HwZsF93xyXX -> b_HmvYL2fWnLL;
  v_HCGUC6PAkgF [label="id=998 t=75"];
  v_HCGUC6PAkgF -> b_HmvYL2fWnLL;
  v_HJghq8l8ef [label="id=89 t=75"];
  v_HJghq8l8ef -> b_HmvYL2fWnLL;
  v_HrVY7hWKOmp [label="id=578 t=75"];
  v_HrVY7hWKOmp -> b_HmvYL2fWnLL;
  v_HFZUh2g0Hw7 [label="id=716 t=75"];
  v_HFZUh2g0Hw7 -> b_HmvYL2fWnLL;
  v_H3IPpvxWnQ [label="id=692 t=75"];
  v_H3IPpvxWnQ -> b_HmvYL2fWnLL;
  v_Hmh5t82aru [label="id=810 t=75"];
  v_Hmh5t82aru -> b_HmvYL2fWnLL;
  v_HHWaCUp6HzK [label="id=505 t=75"];
  v_HHWaCUp6HzK -> b_HmvYL2fWnLL;
  v_HGyq2baNoiE [label="id=511 t=75"];
  v_HGyq2baNoiE -> b_HmvYL2fWnLL;
  v_H3XiVMtSHp2 [label="id=22 t=75"];
  v_H3XiVMtSHp2 -> b_HmvYL2fWnLL;
  v_HxAQfVeoKd [label="id=365 t=75"];
  v_HxAQfVeoKd -> b_HmvYL2fWnLL;
  v_HZFW8DWI0op [label="id=784 t=75"];
  v_HZFW8DWI0op -> b_HmvYL2fWnLL;
  v_HtWLyeESjJa [label="id=297 t=75"];
  v_HtWLyeESjJa -> b_HmvYL2fWnLL;
  v_HUEZw1uaksi [label="id=467 t=75"];
  v_HUEZw1uaksi -> b_HmvYL2fWnLL;
  v_H80tH7LE1bc [label="id=342 t=75"];
  v_H80tH7LE1bc -> b_HmvYL2fWnLL;
  v_HGPBaNsvxfK [label="id=885 t=75"];
  v_HGPBaNsvxfK -> b_HmvYL2fWnLL;
  v_Haf2IokAg50 [label="id=339 t=75"];
  v_Haf2IokAg50 -> b_HmvYL2fWnLL;
  v_Heo71guS5t6 [label="id=931 t=75"];
  v_Heo71guS5t6 -> b_HmvYL2fWnLL;
  v_HSni6w54k6h [label="id=343 t=75"];
  v_HSni6w54k6h -> b_HmvYL2fWnLL;
  v_HoTysvSUFU [label="id=221 t=75"];
  v_HoTysvSUFU -> b_HmvYL2fWnLL;
  v_HRg3MsXrIY1 [label="id=650 t=75"];
  v_HRg3MsXrIY1 -> b_HmvYL2fWnLL;
  v_HFGwrDvs9dq [label="id=636 t=75"];
  v_HFGwrDvs9dq -> b_HmvYL2fWnLL;
  v_HlpYA3xQfpr [label="id=238 t=75"];
  v_HlpYA3xQfpr -> b_HmvYL2fWnLL;
  v_HQXCEqNbeY [label="id=891 t=75"];
  v_HQXCEqNbeY -> b_HmvYL2fWnLL;
  v_HbVMjyg5Jm [label="id=205 t=75"];
  v_HbVMjyg5Jm -> b_HmvYL2fWnLL;
  v_Hu3fPjBygbx [label="id=224 t=75"];
  v_Hu3fPjBygbx -> b_HmvYL2fWnLL;
  v_HxhowxSsURN [label="id=398 t=75"];
  v_HxhowxSsURN -> b_HmvYL2fWnLL;
  v_H0UsvrrubdK [label="id=119 t=75"];
  v_H0UsvrrubdK -> b_HmvYL2fWnLL;
  v_HCYrbIcItlE [label="id=941 t=75"];
  v_HCYrbIcItlE -> b_HmvYL2fWnLL;
  v_HDt4Y0jfj [label="id=674 t=75"];
  v_HDt4Y0jfj -> b_HmvYL2fWnLL;
  v_HzSnlL1GzEN [label="id=259 t=75"];
  v_HzSnlL1GzEN -> b_HmvYL2fWnLL;
  v_HDJcaxU5TzW [label="id=726 t=75"];
  v_HDJcaxU5TzW -> b_HmvYL2fWnLL;
  v_HI4OI4kk3x [label="id=446 t=75"];
  v_HI4OI4kk3x -> b_HmvYL2fWnLL;
  v_HyRD7MVWNRv [label="id=369 t=75"];
  v_HyRD7MVWNRv -> b_HmvYL2fWnLL;
  v_Hxp26uTtNEm [label="id=592 t=75"];
  v_Hxp26uTtNEm -> b_HmvYL2fWnLL;
  v_H1gZ52Ipl3C [label="id=254 t=75"];
  v_H1gZ52Ipl3C -> b_HmvYL2fWnLL;
  v_HrwBlnNVkAK [label="id=64 t=75"];
  v_HrwBlnNVkAK -> b_HmvYL2fWnLL;
  v_H8pPSoZhwoM [label="id=751 t=75"];
  v_H8pPSoZhwoM -> b_HmvYL2fWnLL;
  v_Hb2fgAHYk0G [label="id=200 t=75"];
  v_Hb2fgAHYk0G -> b_HmvYL2fWnLL;
  v_HrlOxl22w5q [label="id=72 t=75"];
  v_HrlOxl22w5q -> b_HmvYL2fWnLL;
  v_HsUDdumu2vW [label="id=352 t=75"];
  v_HsUDdumu2vW -> b_HmvYL2fWnLL;
  v_HNdvKFXggV [label="id=455 t=75"];
  v_HNdvKFXggV -> b_HmvYL2fWnLL;
  v_HuJmpLcd2s [label="id=488 t=75"];
  v_HuJmpLcd2s -> b_HmvYL2fWnLL;
  v_HbsZow0dEJF [label="id=501 t=75"];
  v_HbsZow0dEJF -> b_HmvYL2fWnLL;
  v_HyjHaaSbyCH [label="id=211 t=75"];
  v_HyjHaaSbyCH -> b_HmvYL2fWnLL;
  v_H6zTa8DYVX5 [label="id=63 t=75"];
  v_H6zTa8DYVX5 -> b_HmvYL2fWnLL;
  v_H024IgAUdu [label="id=372 t=75"];
  v_H024IgAUdu -> b_HmvYL2fWnLL;
  v_HirT8CXRmXM [label="id=302 t=75"];
  v_HirT8CXRmXM -> b_HmvYL2fWnLL;
  v_HQwiNtKQIAG [label="id=660 t=75"];
  v_HQwiNtKQIAG -> b_HmvYL2fWnLL;
  v_Hb3jGfGcOB [label="id=198 t=75"];
  v_Hb3jGfGcOB -> b_HmvYL2fWnLL;
  v_HpGgmGF8p3d [label="id=19 t=75"];
  v_HpGgmGF8p3d -> b_HmvYL2fWnLL;
  v_HNlo6gNz3Nl [label="id=55 t=75"];
  v_HNlo6gNz3Nl -> b_HmvYL2fWnLL;
  v_H22sclg2H [label="id=465 t=75"];
  v_H22sclg2H -> b_HmvYL2fWnLL;
  v_HtgwHez6Lj [label="id=807 t=75"];
  v_HtgwHez6Lj -> b_HmvYL2fWnLL;
  v_HlI5joB635z [label="id=2 t=75"];
  v_HlI5joB635z -> b_HmvYL2fWnLL;
  v_HMCPhN5t3Q6 [label="id=172 t=75"];
  v_HMCPhN5t3Q6 -> b_HmvYL2fWnLL;
  v_HUVv5dRvId7 [label="id=853 t=75"];
  v_HUVv5dRvId7 -> b_HmvYL2fWnLL;
  v_HfujdQEdQYl [label="id=567 t=75"];
  v_HfujdQEdQYl -> b_HmvYL2fWnLL;
  v_Hv4M40CgAaX [label="id=310 t=75"];
  v_Hv4M40CgAaX -> b_HmvYL2fWnLL;
  v_HxYtAayXNq [label="id=88 t=75"];
  v_HxYtAayXNq -> b_HmvYL2fWnLL;
  v_Hy7aVjTTnF [label="id=164 t=75"];
  v_Hy7aVjTTnF -> b_HmvYL2fWnLL;
  v_HktWyyEQoD [label="id=851 t=75"];
  v_HktWyyEQoD -> b_HmvYL2fWnLL;
  v_HfGh3FAQBT [label="id=329 t=75"];
  v_HfGh3FAQBT -> b_HmvYL2fWnLL;
  v_HEew0p5tSM0 [label="id=44 t=75"];
  v_HEew0p5tSM0 -> b_HmvYL2fWnLL;
  v_HGb7OQg5WpZ [label="id=348 t=75"];
  v_HGb7OQg5WpZ -> b_HmvYL2fWnLL;
  v_HA7kVOh1BY [label="id=870 t=75"];
  v_HA7kVOh1BY -> b_HmvYL2fWnLL;
  v_HlaRYSSPPZS [label="id=423 t=75"];
  v_HlaRYSSPPZS -> b_HmvYL2fWnLL;
  v_HayNNAE3u7l [label="id=866 t=75"];
  v_HayNNAE3u7l -> b_HmvYL2fWnLL;
  v_Hb56yWlpHU [label="id=33 t=75"];
  v_Hb56yWlpHU -> b_HmvYL2fWnLL;
  v_H6t4th7URR [label="id=273 t=75"];
  v_H6t4th7URR -> b_HmvYL2fWnLL;
  v_HSgduUMZvd0 [label="id=186 t=75"];
  v_HSgduUMZvd0 -> b_HmvYL2fWnLL;
  v_H8EO8SG6ODt [label="id=117 t=75"];
  v_H8EO8SG6ODt -> b_HmvYL2fWnLL;
  v_Hu3F5XeogA [label="id=740 t=75"];
  v_Hu3F5XeogA -> b_HmvYL2fWnLL;
  v_Hw9cF51WTG [label="id=993 t=75"];
  v_Hw9cF51WTG -> b_HmvYL2fWnLL;
  v_HnfAYWKYm91 [label="id=790 t=75"];
  v_HnfAYWKYm91 -> b_HmvYL2fWnLL;
  v_HZawdjWDN90 [label="id=78 t=75"];
  v_HZawdjWDN90 -> b_HmvYL2fWnLL;
  v_HdpFaqBXoLG [label="id=81 t=75"];
  v_HdpFaqBXoLG -> b_HmvYL2fWnLL;
}


ALWAYS AWAKE final ledgers: 75 75 75 75 65 65
ALWAYS AWAKE total communication: 41791785 8071
ALWAYS AWAKE blocks communication: 6021810 75
ALWAYS AWAKE votes communication: 2065296 7593
ALWAYS AWAKE proposals communication: 33704679 403
