r,n_asleep,n_awake,n_honest_asleep,n_honest_dreamy,n_honest_awake,n_adversary,n_all,party0_ledger_best_length,party0_ledger_best_age,party0_ledger_fast_length,party0_ledger_fast_age,party0_ledger_slow_length,party0_ledger_slow_age,party0_comms_all_size,party0_comms_all_count,party0_comms_proposal_size,party0_comms_proposal_count,party0_comms_piece_block_size,party0_comms_piece_block_count,party0_comms_piece_vote_size,party0_comms_piece_vote_count,party1_ledger_best_length,party1_ledger_best_age,party1_ledger_fast_length,party1_ledger_fast_age,party1_ledger_slow_length,party1_ledger_slow_age,party1_comms_all_size,party1_comms_all_count,party1_comms_proposal_size,party1_comms_proposal_count,party1_comms_piece_block_size,party1_comms_piece_block_count,party1_comms_piece_vote_size,party1_comms_piece_vote_count,party2_ledger_best_length,party2_ledger_best_age,party2_ledger_fast_length,party2_ledger_fast_age,party2_ledger_slow_length,party2_ledger_slow_age,party2_comms_all_size,party2_comms_all_count,party2_comms_proposal_size,party2_comms_proposal_count,party2_comms_piece_block_size,party2_comms_piece_block_count,party2_comms_piece_vote_size,party2_comms_piece_vote_count,party3_ledger_best_length,party3_ledger_best_age,party3_ledger_fast_length,party3_ledger_fast_age,party3_ledger_slow_length,party3_ledger_slow_age,party3_comms_all_size,party3_comms_all_count,party3_comms_proposal_size,party3_comms_proposal_count,party3_comms_piece_block_size,party3_comms_piece_block_count,party3_comms_piece_vote_size,party3_comms_piece_vote_count,party4_ledger_best_length,party4_ledger_best_age,party4_ledger_fast_length,party4_ledger_fast_age,party4_ledger_slow_length,party4_ledger_slow_age,party4_comms_all_size,party4_comms_all_count,party4_comms_proposal_size,party4_comms_proposal_count,party4_comms_piece_block_size,party4_comms_piece_block_count,party4_comms_piece_vote_size,party4_comms_piece_vote_count,partyALWAYSAWAKE_ledger_best_length,partyALWAYSAWAKE_ledger_best_age,partyALWAYSAWAKE_ledger_fast_length,partyALWAYSAWAKE_ledger_fast_age,partyALWAYSAWAKE_ledger_slow_length,partyALWAYSAWAKE_ledger_slow_age,partyALWAYSAWAKE_comms_all_size,partyALWAYSAWAKE_comms_all_count,partyALWAYSAWAKE_comms_proposal_size,partyALWAYSAWAKE_comms_proposal_count,partyALWAYSAWAKE_comms_piece_block_size,partyALWAYSAWAKE_comms_piece_block_count,partyALWAYSAWAKE_comms_piece_vote_size,partyALWAYSAWAKE_comms_piece_vote_count
4,0,1000,0,0,1000,0,1000,0,0,0,0,0,0,0,0,0,0,0,0,0,0,0,0,0,0,0,0,0,0,0,0,0,0,0,0,0,0,0,0,0,0,0,0,0,0,0,0,0,0,0,0,0,0,0,0,0,0,0,0,0,0,0,0,0,0,0,0,0,0,0,0,0,0,0,0,0,0,0,0,0,0,0,0,0,0,0,0,0,0,0,0
5,0,1000,0,0,1000,0,1000,0,0,0,0,0,0,80438,1,80438,1,0,0,0,0,0,0,0,0,0,0,80438,1,80438,1,0,0,0,0,0,0,0,0,0,0,80438,1,80438,1,0,0,0,0,0,0,0,0,0,0,80438,1,80438,1,0,0,0,0,0,0,0,0,0,0,80438,1,80438,1,0,0,0,0,0,0,0,0,0,0,80438,1,80438,1,0,0,0,0
6,0,1000,0,0,1000,0,1000,1,1,1,1,0,0,108578,105,0,0,80290,1,28288,104,1,1,1,1,0,0,108578,105,0,0,80290,1,28288,104,1,1,1,1,0,0,108578,105,0,0,80290,1,28288,104,1,1,1,1,0,0,108578,105,0,0,80290,1,28288,104,1,1,1,1,0,0,108578,105,0,0,80290,1,28288,104,1,1,1,1,0,0,108578,105,0,0,80290,1,28288,104
7,0,1000,0,0,1000,0,1000,1,1,1,1,0,0,0,0,0,0,0,0,0,0,1,1,1,1,0,0,0,0,0,0,0,0,0,0,1,1,1,1,0,0,0,0,0,0,0,0,0,0,1,1,1,1,0,0,0,0,0,0,0,0,0,0,1,1,1,1,0,0,0,0,0,0,0,0,0,0,1,1,1,1,0,0,0,0,0,0,0,0,0,0
8,0,1000,0,0,1000,0,1000,1,1,1,1,0,0,0,0,0,0,0,0,0,0,1,1,1,1,0,0,0,0,0,0,0,0,0,0,1,1,1,1,0,0,0,0,0,0,0,0,0,0,1,1,1,1,0,0,0,0,0,0,0,0,0,0,1,1,1,1,0,0,0,0,0,0,0,0,0,0,1,1,1,1,0,0,0,0,0,0,0,0,0,0
9,0,1000,0,0,1000,0,1000,1,1,1,1,0,0,251297,3,251297,3,0,0,0,0,1,1,1,1,0,0,251297,3,251297,3,0,0,0,0,1,1,1,1,0,0,251297,3,251297,3,0,0,0,0,1,1,1,1,0,0,251297,3,251297,3,0,0,0,0,1,1,1,1,0,0,251297,3,251297,3,0,0,0,0,1,1,1,1,0,0,251297,3,251297,3,0,0,0,0
10,0,1000,0,0,1000,0,1000,2,2,2,2,0,0,111298,115,0,0,80290,1,31008,114,2,2,2,2,0,0,111298,115,0,0,80290,1,31008,114,2,2,2,2,0,0,111298,115,0,0,80290,1,31008,114,2,2,2,2,0,0,111298,115,0,0,80290,1,31008,114,2,2,2,2,0,0,111298,115,0,0,80290,1,31008,114,2,2,2,2,0,0,111298,115,0,0,80290,1,31008,114
11,0,1000,0,0,1000,0,1000,2,2,2,2,0,0,0,0,0,0,0,0,0,0,2,2,2,2,0,0,0,0,0,0,0,0,0,0,2,2,2,2,0,0,0,0,0,0,0,0,0,0,2,2,2,2,0,0,0,0,0,0,0,0,0,0,2,2,2,2,0,0,0,0,0,0,0,0,0,0,2,2,2,2,0,0,0,0,0,0,0,0,0,0
12,0,1000,0,0,1000,0,1000,2,2,2,2,0,0,0,0,0,0,0,0,0,0,2,2,2,2,0,0,0,0,0,0,0,0,0,0,2,2,2,2,0,0,0,0,0,0,0,0,0,0,2,2,2,2,0,0,0,0,0,0,0,0,0,0,2,2,2,2,0,0,0,0,0,0,0,0,0,0,2,2,2,2,0,0,0,0,0,0,0,0,0,0
13,0,1000,0,0,1000,0,1000,2,2,2,2,0,0,336343,4,336343,4,0,0,0,0,2,2,2,2,0,0,336343,4,336343,4,0,0,0,0,2,2,2,2,0,0,336343,4,336343,4,0,0,0,0,2,2,2,2,0,0,336343,4,336343,4,0,0,0,0,2,2,2,2,0,0,336343,4,336343,4,0,0,0,0,2,2,2,2,0,0,336343,4,336343,4,0,0,0,0
14,0,1000,0,0,1000,0,1000,3,3,3,3,0,0,108306,104,0,0,80290,1,28016,103,3,3,3,3,0,0,108306,104,0,0,80290,1,28016,103,3,3,3,3,0,0,108306,104,0,0,80290,1,28016,103,3,3,3,3,0,0,108306,104,0,0,80290,1,28016,103,3,3,3,3,0,0,108306,104,0,0,80290,1,28016,103,3,3,3,3,0,0,108306,104,0,0,80290,1,28016,103
15,0,1000,0,0,1000,0,1000,3,3,3,3,0,0,0,0,0,0,0,0,0,0,3,3,3,3,0,0,0,0,0,0,0,0,0,0,3,3,3,3,0,0,0,0,0,0,0,0,0,0,3,3,3,3,0,0,0,0,0,0,0,0,0,0,3,3,3,3,0,0,0,0,0,0,0,0,0,0,3,3,3,3,0,0,0,0,0,0,0,0,0,0
16,0,1000,0,0,1000,0,1000,3,3,3,3,0,0,0,0,0,0,0,0,0,0,3,3,3,3,0,0,0,0,0,0,0,0,0,0,3,3,3,3,0,0,0,0,0,0,0,0,0,0,3,3,3,3,0,0,0,0,0,0,0,0,0,0,3,3,3,3,0,0,0,0,0,0,0,0,0,0,3,3,3,3,0,0,0,0,0,0,0,0,0,0
17,0,1000,0,0,1000,0,1000,3,3,3,3,0,0,334936,4,334936,4,0,0,0,0,3,3,3,3,0,0,334936,4,334936,4,0,0,0,0,3,3,3,3,0,0,334936,4,334936,4,0,0,0,0,3,3,3,3,0,0,334936,4,334936,4,0,0,0,0,3,3,3,3,0,0,334936,4,334936,4,0,0,0,0,3,3,3,3,0,0,334936,4,334936,4,0,0,0,0
18,0,1000,0,0,1000,0,1000,4,4,4,4,0,0,108306,104,0,0,80290,1,28016,103,4,4,4,4,0,0,108306,104,0,0,80290,1,28016,103,4,4,4,4,0,0,108306,104,0,0,80290,1,28016,103,4,4,4,4,0,0,108306,104,0,0,80290,1,28016,103,4,4,4,4,0,0,108306,104,0,0,80290,1,28016,103,4,4,4,4,0,0,108306,104,0,0,80290,1,28016,103
19,0,1000,0,0,1000,0,1000,4,4,4,4,0,0,0,0,0,0,0,0,0,0,4,4,4,4,0,0,0,0,0,0,0,0,0,0,4,4,4,4,0,0,0,0,0,0,0,0,0,0,4,4,4,4,0,0,0,0,0,0,0,0,0,0,4,4,4,4,0,0,0,0,0,0,0,0,0,0,4,4,4,4,0,0,0,0,0,0,0,0,0,0
20,0,1000,0,0,1000,0,1000,4,4,4,4,0,0,0,0,0,0,0,0,0,0,4,4,4,4,0,0,0,0,0,0,0,0,0,0,4,4,4,4,0,0,0,0,0,0,0,0,0,0,4,4,4,4,0,0,0,0,0,0,0,0,0,0,4,4,4,4,0,0,0,0,0,0,0,0,0,0,4,4,4,4,0,0,0,0,0,0,0,0,0,0
21,0,1000,0,0,1000,0,1000,4,4,4,4,0,0,251201,3,251201,3,0,0,0,0,4,4,4,4,0,0,251201,3,251201,3,0,0,0,0,4,4,4,4,0,0,251201,3,251201,3,0,0,0,0,4,4,4,4,0,0,251201,3,251201,3,0,0,0,0,4,4,4,4,0,0,251201,3,251201,3,0,0,0,0,4,4,4,4,0,0,251201,3,251201,3,0,0,0,0
22,0,1000,0,0,1000,0,1000,5,5,5,5,0,0,107218,100,0,0,80290,1,26928,99,5,5,5,5,0,0,107218,100,0,0,80290,1,26928,99,5,5,5,5,0,0,107218,100,0,0,80290,1,26928,99,5,5,5,5,0,0,107218,100,0,0,80290,1,26928,99,5,5,5,5,0,0,107218,100,0,0,80290,1,26928,99,5,5,5,5,0,0,107218,100,0,0,80290,1,26928,99
23,0,1000,0,0,1000,0,1000,5,5,5,5,0,0,0,0,0,0,0,0,0,0,5,5,5,5,0,0,0,0,0,0,0,0,0,0,5,5,5,5,0,0,0,0,0,0,0,0,0,0,5,5,5,5,0,0,0,0,0,0,0,0,0,0,5,5,5,5,0,0,0,0,0,0,0,0,0,0,5,5,5,5,0,0,0,0,0,0,0,0,0,0
24,0,1000,0,0,1000,0,1000,5,5,5,5,0,0,0,0,0,0,0,0,0,0,5,5,5,5,0,0,0,0,0,0,0,0,0,0,5,5,5,5,0,0,0,0,0,0,0,0,0,0,5,5,5,5,0,0,0,0,0,0,0,0,0,0,5,5,5,5,0,0,0,0,0,0,0,0,0,0,5,5,5,5,0,0,0,0,0,0,0,0,0,0
25,0,1000,0,0,1000,0,1000,5,5,5,5,0,0,334423,4,334423,4,0,0,0,0,5,5,5,5,0,0,334423,4,334423,4,0,0,0,0,5,5,5,5,0,0,334423,4,334423,4,0,0,0,0,5,5,5,5,0,0,334423,4,334423,4,0,0,0,0,5,5,5,5,0,0,334423,4,334423,4,0,0,0,0,5,5,5,5,0,0,334423,4,334423,4,0,0,0,0
26,0,1000,0,0,1000,0,1000,6,6,6,6,0,0,111297,115,0,0,80289,1,31008,114,6,6,6,6,0,0,111297,115,0,0,80289,1,31008,114,6,6,6,6,0,0,111297,115,0,0,80289,1,31008,114,6,6,6,6,0,0,111297,115,0,0,80289,1,31008,114,6,6,6,6,0,0,111297,115,0,0,80289,1,31008,114,6,6,6,6,0,0,111297,115,0,0,80289,1,31008,114
27,0,1000,0,0,1000,0,1000,6,6,6,6,0,0,0,0,0,0,0,0,0,0,6,6,6,6,0,0,0,0,0,0,0,0,0,0,6,6,6,6,0,0,0,0,0,0,0,0,0,0,6,6,6,6,0,0,0,0,0,0,0,0,0,0,6,6,6,6,0,0,0,0,0,0,0,0,0,0,6,6,6,6,0,0,0,0,0,0,0,0,0,0
28,0,1000,0,0,1000,0,1000,6,6,6,6,0,0,0,0,0,0,0,0,0,0,6,6,6,6,0,0,0,0,0,0,0,0,0,0,6,6,6,6,0,0,0,0,0,0,0,0,0,0,6,6,6,6,0,0,0,0,0,0,0,0,0,0,6,6,6,6,0,0,0,0,0,0,0,0,0,0,6,6,6,6,0,0,0,0,0,0,0,0,0,0
29,0,1000,0,0,1000,0,1000,6,6,6,6,0,0,336344,4,336344,4,0,0,0,0,6,6,6,6,0,0,336344,4,336344,4,0,0,0,0,6,6,6,6,0,0,336344,4,336344,4,0,0,0,0,6,6,6,6,0,0,336344,4,336344,4,0,0,0,0,6,6,6,6,0,0,336344,4,336344,4,0,0,0,0,6,6,6,6,0,0,336344,4,336344,4,0,0,0,0
30,0,1000,0,0,1000,0,1000,7,7,7,7,0,0,103682,87,0,0,80290,1,23392,86,7,7,7,7,0,0,103682,87,0,0,80290,1,23392,86,7,7,7,7,0,0,103682,87,0,0,80290,1,23392,86,7,7,7,7,0,0,103682,87,0,0,80290,1,23392,86,7,7,7,7,0,0,103682,87,0,0,80290,1,23392,86,7,7,7,7,0,0,103682,87,0,0,80290,1,23392,86
31,0,1000,0,0,1000,0,1000,7,7,7,7,0,0,0,0,0,0,0,0,0,0,7,7,7,7,0,0,0,0,0,0,0,0,0,0,7,7,7,7,0,0,0,0,0,0,0,0,0,0,7,7,7,7,0,0,0,0,0,0,0,0,0,0,7,7,7,7,0,0,0,0,0,0,0,0,0,0,7,7,7,7,0,0,0,0,0,0,0,0,0,0
32,0,1000,0,0,1000,0,1000,7,7,7,7,0,0,0,0,0,0,0,0,0,0,7,7,7,7,0,0,0,0,0,0,0,0,0,0,7,7,7,7,0,0,0,0,0,0,0,0,0,0,7,7,7,7,0,0,0,0,0,0,0,0,0,0,7,7,7,7,0,0,0,0,0,0,0,0,0,0,7,7,7,7,0,0,0,0,0,0,0,0,0,0
33,0,1000,0,0,1000,0,1000,7,7,7,7,0,0,166380,2,166380,2,0,0,0,0,7,7,7,7,0,0,166380,2,166380,2,0,0,0,0,7,7,7,7,0,0,166380,2,166380,2,0,0,0,0,7,7,7,7,0,0,166380,2,166380,2,0,0,0,0,7,7,7,7,0,0,166380,2,166380,2,0,0,0,0,7,7,7,7,0,0,166380,2,166380,2,0,0,0,0
34,0,1000,0,0,1000,0,1000,8,8,8,8,0,0,106674,98,0,0,80290,1,26384,97,8,8,8,8,0,0,106674,98,0,0,80290,1,26384,97,8,8,8,8,0,0,106674,98,0,0,80290,1,26384,97,8,8,8,8,0,0,106674,98,0,0,80290,1,26384,97,8,8,8,8,0,0,106674,98,0,0,80290,1,26384,97,8,8,8,8,0,0,106674,98,0,0,80290,1,26384,97
35,0,1000,0,0,1000,0,1000,8,8,8,8,0,0,0,0,0,0,0,0,0,0,8,8,8,8,0,0,0,0,0,0,0,0,0,0,8,8,8,8,0,0,0,0,0,0,0,0,0,0,8,8,8,8,0,0,0,0,0,0,0,0,0,0,8,8,8,8,0,0,0,0,0,0,0,0,0,0,8,8,8,8,0,0,0,0,0,0,0,0,0,0
36,0,1000,0,0,1000,0,1000,8,8,8,8,0,0,0,0,0,0,0,0,0,0,8,8,8,8,0,0,0,0,0,0,0,0,0,0,8,8,8,8,0,0,0,0,0,0,0,0,0,0,8,8,8,8,0,0,0,0,0,0,0,0,0,0,8,8,8,8,0,0,0,0,0,0,0,0,0,0,8,8,8,8,0,0,0,0,0,0,0,0,0,0
37,0,1000,0,0,1000,0,1000,8,8,8,8,0,0,417710,5,417710,5,0,0,0,0,8,8,8,8,0,0,417710,5,417710,5,0,0,0,0,8,8,8,8,0,0,417710,5,417710,5,0,0,0,0,8,8,8,8,0,0,417710,5,417710,5,0,0,0,0,8,8,8,8,0,0,417710,5,417710,5,0,0,0,0,8,8,8,8,0,0,417710,5,417710,5,0,0,0,0
38,0,1000,0,0,1000,0,1000,9,9,9,9,0,0,105314,93,0,0,80290,1,25024,92,9,9,9,9,0,0,105314,93,0,0,80290,1,25024,92,9,9,9,9,0,0,105314,93,0,0,80290,1,25024,92,9,9,9,9,0,0,105314,93,0,0,80290,1,25024,92,9,9,9,9,0,0,105314,93,0,0,80290,1,25024,92,9,9,9,9,0,0,105314,93,0,0,80290,1,25024,92
39,0,1000,0,0,1000,0,1000,9,9,9,9,0,0,0,0,0,0,0,0,0,0,9,9,9,9,0,0,0,0,0,0,0,0,0,0,9,9,9,9,0,0,0,0,0,0,0,0,0,0,9,9,9,9,0,0,0,0,0,0,0,0,0,0,9,9,9,9,0,0,0,0,0,0,0,0,0,0,9,9,9,9,0,0,0,0,0,0,0,0,0,0
40,0,1000,0,0,1000,0,1000,9,9,9,9,0,0,0,0,0,0,0,0,0,0,9,9,9,9,0,0,0,0,0,0,0,0,0,0,9,9,9,9,0,0,0,0,0,0,0,0,0,0,9,9,9,9,0,0,0,0,0,0,0,0,0,0,9,9,9,9,0,0,0,0,0,0,0,0,0,0,9,9,9,9,0,0,0,0,0,0,0,0,0,0
41,0,1000,0,0,1000,0,1000,9,9,9,9,0,0,166766,2,166766,2,0,0,0,0,9,9,9,9,0,0,166766,2,166766,2,0,0,0,0,9,9,9,9,0,0,166766,2,166766,2,0,0,0,0,9,9,9,9,0,0,166766,2,166766,2,0,0,0,0,9,9,9,9,0,0,166766,2,166766,2,0,0,0,0,9,9,9,9,0,0,166766,2,166766,2,0,0,0,0
42,0,1000,0,0,1000,0,1000,10,10,10,10,0,0,106947,99,0,0,80291,1,26656,98,10,10,10,10,0,0,106947,99,0,0,80291,1,26656,98,10,10,10,10,0,0,106947,99,0,0,80291,1,26656,98,10,10,10,10,0,0,106947,99,0,0,80291,1,26656,98,10,10,10,10,0,0,106947,99,0,0,80291,1,26656,98,10,10,10,10,0,0,106947,99,0,0,80291,1,26656,98
43,0,1000,0,0,1000,0,1000,10,10,10,10,0,0,0,0,0,0,0,0,0,0,10,10,10,10,0,0,0,0,0,0,0,0,0,0,10,10,10,10,0,0,0,0,0,0,0,0,0,0,10,10,10,10,0,0,0,0,0,0,0,0,0,0,10,10,10,10,0,0,0,0,0,0,0,0,0,0,10,10,10,10,0,0,0,0,0,0,0,0,0,0
44,0,1000,0,0,1000,0,1000,10,10,10,10,0,0,0,0,0,0,0,0,0,0,10,10,10,10,0,0,0,0,0,0,0,0,0,0,10,10,10,10,0,0,0,0,0,0,0,0,0,0,10,10,10,10,0,0,0,0,0,0,0,0,0,0,10,10,10,10,0,0,0,0,0,0,0,0,0,0,10,10,10,10,0,0,0,0,0,0,0,0,0,0
45,0,1000,0,0,1000,0,1000,10,10,10,10,0,0,334300,4,334300,4,0,0,0,0,10,10,10,10,0,0,334300,4,334300,4,0,0,0,0,10,10,10,10,0,0,334300,4,334300,4,0,0,0,0,10,10,10,10,0,0,334300,4,334300,4,0,0,0,0,10,10,10,10,0,0,334300,4,334300,4,0,0,0,0,10,10,10,10,0,0,334300,4,334300,4,0,0,0,0
46,0,1000,0,0,1000,0,1000,11,11,11,11,0,0,106675,98,0,0,80291,1,26384,97,11,11,11,11,0,0,106675,98,0,0,80291,1,26384,97,11,11,11,11,0,0,106675,98,0,0,80291,1,26384,97,11,11,11,11,0,0,106675,98,0,0,80291,1,26384,97,11,11,11,11,0,0,106675,98,0,0,80291,1,26384,97,11,11,11,11,0,0,106675,98,0,0,80291,1,26384,97
47,0,1000,0,0,1000,0,1000,11,11,11,11,1,1,0,0,0,0,0,0,0,0,11,11,11,11,1,1,0,0,0,0,0,0,0,0,11,11,11,11,1,1,0,0,0,0,0,0,0,0,11,11,11,11,1,1,0,0,0,0,0,0,0,0,11,11,11,11,1,1,0,0,0,0,0,0,0,0,11,11,11,11,1,1,0,0,0,0,0,0,0,0
48,0,1000,0,0,1000,0,1000,11,11,11,11,1,1,0,0,0,0,0,0,0,0,11,11,11,11,1,1,0,0,0,0,0,0,0,0,11,11,11,11,1,1,0,0,0,0,0,0,0,0,11,11,11,11,1,1,0,0,0,0,0,0,0,0,11,11,11,11,1,1,0,0,0,0,0,0,0,0,11,11,11,11,1,1,0,0,0,0,0,0,0,0
49,0,1000,0,0,1000,0,1000,11,11,11,11,1,1,167086,2,167086,2,0,0,0,0,11,11,11,11,1,1,167086,2,167086,2,0,0,0,0,11,11,11,11,1,1,167086,2,167086,2,0,0,0,0,11,11,11,11,1,1,167086,2,167086,2,0,0,0,0,11,11,11,11,1,1,167086,2,167086,2,0,0,0,0,11,11,11,11,1,1,167086,2,167086,2,0,0,0,0
50,0,1000,0,0,1000,0,1000,12,12,12,12,1,1,104499,90,0,0,80291,1,24208,89,12,12,12,12,1,1,104499,90,0,0,80291,1,24208,89,12,12,12,12,1,1,104499,90,0,0,80291,1,24208,89,12,12,12,12,1,1,104499,90,0,0,80291,1,24208,89,12,12,12,12,1,1,104499,90,0,0,80291,1,24208,89,12,12,12,12,1,1,104499,90,0,0,80291,1,24208,89
51,0,1000,0,0,1000,0,1000,12,12,12,12,2,2,0,0,0,0,0,0,0,0,12,12,12,12,2,2,0,0,0,0,0,0,0,0,12,12,12,12,2,2,0,0,0,0,0,0,0,0,12,12,12,12,2,2,0,0,0,0,0,0,0,0,12,12,12,12,2,2,0,0,0,0,0,0,0,0,12,12,12,12,2,2,0,0,0,0,0,0,0,0
52,0,1000,0,0,1000,0,1000,12,12,12,12,2,2,0,0,0,0,0,0,0,0,12,12,12,12,2,2,0,0,0,0,0,0,0,0,12,12,12,12,2,2,0,0,0,0,0,0,0,0,12,12,12,12,2,2,0,0,0,0,0,0,0,0,12,12,12,12,2,2,0,0,0,0,0,0,0,0,12,12,12,12,2,2,0,0,0,0,0,0,0,0
53,0,1000,0,0,1000,0,1000,12,12,12,12,2,2,249861,3,249861,3,0,0,0,0,12,12,12,12,2,2,249861,3,249861,3,0,0,0,0,12,12,12,12,2,2,249861,3,249861,3,0,0,0,0,12,12,12,12,2,2,249861,3,249861,3,0,0,0,0,12,12,12,12,2,2,249861,3,249861,3,0,0,0,0,12,12,12,12,2,2,249861,3,249861,3,0,0,0,0
54,0,1000,0,0,1000,0,1000,13,13,13,13,2,2,110211,111,0,0,80291,1,29920,110,13,13,13,13,2,2,110211,111,0,0,80291,1,29920,110,13,13,13,13,2,2,110211,111,0,0,80291,1,29920,110,13,13,13,13,2,2,110211,111,0,0,80291,1,29920,110,13,13,13,13,2,2,110211,111,0,0,80291,1,29920,110,13,13,13,13,2,2,110211,111,0,0,80291,1,29920,110
55,0,1000,0,0,1000,0,1000,13,13,13,13,3,3,0,0,0,0,0,0,0,0,13,13,13,13,3,3,0,0,0,0,0,0,0,0,13,13,13,13,3,3,0,0,0,0,0,0,0,0,13,13,13,13,3,3,0,0,0,0,0,0,0,0,13,13,13,13,3,3,0,0,0,0,0,0,0,0,13,13,13,13,3,3,0,0,0,0,0,0,0,0
56,0,1000,0,0,1000,0,1000,13,13,13,13,3,3,0,0,0,0,0,0,0,0,13,13,13,13,3,3,0,0,0,0,0,0,0,0,13,13,13,13,3,3,0,0,0,0,0,0,0,0,13,13,13,13,3,3,0,0,0,0,0,0,0,0,13,13,13,13,3,3,0,0,0,0,0,0,0,0,13,13,13,13,3,3,0,0,0,0,0,0,0,0
57,0,1000,0,0,1000,0,1000,13,13,13,13,3,3,167918,2,167918,2,0,0,0,0,13,13,13,13,3,3,167918,2,167918,2,0,0,0,0,13,13,13,13,3,3,167918,2,167918,2,0,0,0,0,13,13,13,13,3,3,167918,2,167918,2,0,0,0,0,13,13,13,13,3,3,167918,2,167918,2,0,0,0,0,13,13,13,13,3,3,167918,2,167918,2,0,0,0,0
58,0,1000,0,0,1000,0,1000,14,14,14,14,3,3,108851,106,0,0,80291,1,28560,105,14,14,14,14,3,3,108851,106,0,0,80291,1,28560,105,14,14,14,14,3,3,108851,106,0,0,80291,1,28560,105,14,14,14,14,3,3,108851,106,0,0,80291,1,28560,105,14,14,14,14,3,3,108851,106,0,0,80291,1,28560,105,14,14,14,14,3,3,108851,106,0,0,80291,1,28560,105
59,0,1000,0,0,1000,0,1000,14,14,14,14,4,4,0,0,0,0,0,0,0,0,14,14,14,14,4,4,0,0,0,0,0,0,0,0,14,14,14,14,4,4,0,0,0,0,0,0,0,0,14,14,14,14,4,4,0,0,0,0,0,0,0,0,14,14,14,14,4,4,0,0,0,0,0,0,0,0,14,14,14,14,4,4,0,0,0,0,0,0,0,0
60,0,1000,0,0,1000,0,1000,14,14,14,14,4,4,0,0,0,0,0,0,0,0,14,14,14,14,4,4,0,0,0,0,0,0,0,0,14,14,14,14,4,4,0,0,0,0,0,0,0,0,14,14,14,14,4,4,0,0,0,0,0,0,0,0,14,14,14,14,4,4,0,0,0,0,0,0,0,0,14,14,14,14,4,4,0,0,0,0,0,0,0,0
61,0,1000,0,0,1000,0,1000,14,14,14,14,4,4,167598,2,167598,2,0,0,0,0,14,14,14,14,4,4,167598,2,167598,2,0,0,0,0,14,14,14,14,4,4,167598,2,167598,2,0,0,0,0,14,14,14,14,4,4,167598,2,167598,2,0,0,0,0,14,14,14,14,4,4,167598,2,167598,2,0,0,0,0,14,14,14,14,4,4,167598,2,167598,2,0,0,0,0
62,0,1000,0,0,1000,0,1000,15,15,15,15,4,4,105587,94,0,0,80291,1,25296,93,15,15,15,15,4,4,105587,94,0,0,80291,1,25296,93,15,15,15,15,4,4,105587,94,0,0,80291,1,25296,93,15,15,15,15,4,4,105587,94,0,0,80291,1,25296,93,15,15,15,15,4,4,105587,94,0,0,80291,1,25296,93,15,15,15,15,4,4,105587,94,0,0,80291,1,25296,93
63,0,1000,0,0,1000,0,1000,15,15,15,15,5,5,0,0,0,0,0,0,0,0,15,15,15,15,5,5,0,0,0,0,0,0,0,0,15,15,15,15,5,5,0,0,0,0,0,0,0,0,15,15,15,15,5,5,0,0,0,0,0,0,0,0,15,15,15,15,5,5,0,0,0,0,0,0,0,0,15,15,15,15,5,5,0,0,0,0,0,0,0,0
64,0,1000,0,0,1000,0,1000,15,15,15,15,5,5,0,0,0,0,0,0,0,0,15,15,15,15,5,5,0,0,0,0,0,0,0,0,15,15,15,15,5,5,0,0,0,0,0,0,0,0,15,15,15,15,5,5,0,0,0,0,0,0,0,0,15,15,15,15,5,5,0,0,0,0,0,0,0,0,15,15,15,15,5,5,0,0,0,0,0,0,0,0
65,800,200,800,0,200,0,1000,15,15,15,15,5,5,83415,1,83415,1,0,0,0,0,15,15,15,15,5,5,83415,1,83415,1,0,0,0,0,15,15,15,15,5,5,83415,1,83415,1,0,0,0,0,15,15,15,15,5,5,83415,1,83415,1,0,0,0,0,15,15,15,15,5,5,83415,1,83415,1,0,0,0,0,15,15,15,15,5,5,83415,1,83415,1,0,0,0,0
66,800,200,800,0,200,0,1000,15,15,15,15,5,5,86275,23,0,0,80291,1,5984,22,15,15,15,15,5,5,86275,23,0,0,80291,1,5984,22,15,15,15,15,5,5,86275,23,0,0,80291,1,5984,22,15,15,15,15,5,5,86275,23,0,0,80291,1,5984,22,15,15,15,15,5,5,86275,23,0,0,80291,1,5984,22,15,15,15,15,5,5,86275,23,0,0,80291,1,5984,22
67,800,200,800,0,200,0,1000,15,15,15,15,5,5,0,0,0,0,0,0,0,0,15,15,15,15,6,6,0,0,0,0,0,0,0,0,15,15,15,15,5,5,0,0,0,0,0,0,0,0,15,15,15,15,5,5,0,0,0,0,0,0,0,0,15,15,15,15,5,5,0,0,0,0,0,0,0,0,15,15,15,15,6,6,0,0,0,0,0,0,0,0
68,800,200,800,0,200,0,1000,15,15,15,15,5,5,0,0,0,0,0,0,0,0,15,15,15,15,6,6,0,0,0,0,0,0,0,0,15,15,15,15,5,5,0,0,0,0,0,0,0,0,15,15,15,15,5,5,0,0,0,0,0,0,0,0,15,15,15,15,5,5,0,0,0,0,0,0,0,0,15,15,15,15,6,6,0,0,0,0,0,0,0,0
69,800,200,800,0,200,0,1000,15,15,15,15,5,5,0,0,0,0,0,0,0,0,15,15,15,15,6,6,0,0,0,0,0,0,0,0,15,15,15,15,5,5,0,0,0,0,0,0,0,0,15,15,15,15,5,5,0,0,0,0,0,0,0,0,15,15,15,15,5,5,0,0,0,0,0,0,0,0,15,15,15,15,6,6,0,0,0,0,0,0,0,0
70,800,200,800,0,200,0,1000,15,15,15,15,5,5,4896,18,0,0,0,0,4896,18,15,15,15,15,6,6,4896,18,0,0,0,0,4896,18,15,15,15,15,5,5,4896,18,0,0,0,0,4896,18,15,15,15,15,5,5,4896,18,0,0,0,0,4896,18,15,15,15,15,5,5,4896,18,0,0,0,0,4896,18,15,15,15,15,6,6,4896,18,0,0,0,0,4896,18
71,800,200,800,0,200,0,1000,15,15,15,15,5,5,0,0,0,0,0,0,0,0,15,15,15,15,7,7,0,0,0,0,0,0,0,0,15,15,15,15,5,5,0,0,0,0,0,0,0,0,15,15,15,15,5,5,0,0,0,0,0,0,0,0,15,15,15,15,5,5,0,0,0,0,0,0,0,0,15,15,15,15,7,7,0,0,0,0,0,0,0,0
72,800,200,800,0,200,0,1000,15,15,15,15,5,5,0,0,0,0,0,0,0,0,15,15,15,15,7,7,0,0,0,0,0,0,0,0,15,15,15,15,5,5,0,0,0,0,0,0,0,0,15,15,15,15,5,5,0,0,0,0,0,0,0,0,15,15,15,15,5,5,0,0,0,0,0,0,0,0,15,15,15,15,7,7,0,0,0,0,0,0,0,0
73,800,200,800,0,200,0,1000,15,15,15,15,5,5,81015,1,81015,1,0,0,0,0,15,15,15,15,7,7,81015,1,81015,1,0,0,0,0,15,15,15,15,5,5,81015,1,81015,1,0,0,0,0,15,15,15,15,5,5,81015,1,81015,1,0,0,0,0,15,15,15,15,5,5,81015,1,81015,1,0,0,0,0,15,15,15,15,7,7,81015,1,81015,1,0,0,0,0
74,800,200,800,0,200,0,1000,15,15,15,15,5,5,84643,17,0,0,80291,1,4352,16,15,15,15,15,7,7,84643,17,0,0,80291,1,4352,16,15,15,15,15,5,5,84643,17,0,0,80291,1,4352,16,15,15,15,15,5,5,84643,17,0,0,80291,1,4352,16,15,15,15,15,5,5,84643,17,0,0,80291,1,4352,16,15,15,15,15,7,7,84643,17,0,0,80291,1,4352,16
75,800,200,800,0,200,0,1000,15,15,15,15,5,5,0,0,0,0,0,0,0,0,15,15,15,15,8,8,0,0,0,0,0,0,0,0,15,15,15,15,5,5,0,0,0,0,0,0,0,0,15,15,15,15,5,5,0,0,0,0,0,0,0,0,15,15,15,15,5,5,0,0,0,0,0,0,0,0,15,15,15,15,8,8,0,0,0,0,0,0,0,0
76,800,200,800,0,200,0,1000,15,15,15,15,5,5,0,0,0,0,0,0,0,0,15,15,15,15,8,8,0,0,0,0,0,0,0,0,15,15,15,15,5,5,0,0,0,0,0,0,0,0,15,15,15,15,5,5,0,0,0,0,0,0,0,0,15,15,15,15,5,5,0,0,0,0,0,0,0,0,15,15,15,15,8,8,0,0,0,0,0,0,0,0
77,800,200,800,0,200,0,1000,15,15,15,15,5,5,0,0,0,0,0,0,0,0,15,15,15,15,8,8,0,0,0,0,0,0,0,0,15,15,15,15,5,5,0,0,0,0,0,0,0,0,15,15,15,15,5,5,0,0,0,0,0,0,0,0,15,15,15,15,5,5,0,0,0,0,0,0,0,0,15,15,15,15,8,8,0,0,0,0,0,0,0,0
78,800,200,800,0,200,0,1000,15,15,15,15,5,5,4080,15,0,0,0,0,4080,15,15,15,15,15,8,8,4080,15,0,0,0,0,4080,15,15,15,15,15,5,5,4080,15,0,0,0,0,4080,15,15,15,15,15,5,5,4080,15,0,0,0,0,4080,15,15,15,15,15,5,5,4080,15,0,0,0,0,4080,15,15,15,15,15,8,8,4080,15,0,0,0,0,4080,15
79,800,200,800,0,200,0,1000,15,15,15,15,5,5,0,0,0,0,0,0,0,0,15,15,15,15,9,9,0,0,0,0,0,0,0,0,15,15,15,15,5,5,0,0,0,0,0,0,0,0,15,15,15,15,5,5,0,0,0,0,0,0,0,0,15,15,15,15,5,5,0,0,0,0,0,0,0,0,15,15,15,15,9,9,0,0,0,0,0,0,0,0
80,800,200,800,0,200,0,1000,15,15,15,15,5,5,0,0,0,0,0,0,0,0,15,15,15,15,9,9,0,0,0,0,0,0,0,0,15,15,15,15,5,5,0,0,0,0,0,0,0,0,15,15,15,15,5,5,0,0,0,0,0,0,0,0,15,15,15,15,5,5,0,0,0,0,0,0,0,0,15,15,15,15,9,9,0,0,0,0,0,0,0,0
81,800,200,800,0,200,0,1000,15,15,15,15,5,5,0,0,0,0,0,0,0,0,15,15,15,15,9,9,0,0,0,0,0,0,0,0,15,15,15,15,5,5,0,0,0,0,0,0,0,0,15,15,15,15,5,5,0,0,0,0,0,0,0,0,15,15,15,15,5,5,0,0,0,0,0,0,0,0,15,15,15,15,9,9,0,0,0,0,0,0,0,0
82,800,200,800,0,200,0,1000,15,15,15,15,5,5,4624,17,0,0,0,0,4624,17,15,15,15,15,9,9,4624,17,0,0,0,0,4624,17,15,15,15,15,5,5,4624,17,0,0,0,0,4624,17,15,15,15,15,5,5,4624,17,0,0,0,0,4624,17,15,15,15,15,5,5,4624,17,0,0,0,0,4624,17,15,15,15,15,9,9,4624,17,0,0,0,0,4624,17
83,800,200,800,0,200,0,1000,15,15,15,15,5,5,0,0,0,0,0,0,0,0,15,15,15,15,10,10,0,0,0,0,0,0,0,0,15,15,15,15,5,5,0,0,0,0,0,0,0,0,15,15,15,15,5,5,0,0,0,0,0,0,0,0,15,15,15,15,5,5,0,0,0,0,0,0,0,0,15,15,15,15,10,10,0,0,0,0,0,0,0,0
84,800,200,800,0,200,0,1000,15,15,15,15,5,5,0,0,0,0,0,0,0,0,15,15,15,15,10,10,0,0,0,0,0,0,0,0,15,15,15,15,5,5,0,0,0,0,0,0,0,0,15,15,15,15,5,5,0,0,0,0,0,0,0,0,15,15,15,15,5,5,0,0,0,0,0,0,0,0,15,15,15,15,10,10,0,0,0,0,0,0,0,0
85,800,200,800,0,200,0,1000,15,15,15,15,5,5,80983,1,80983,1,0,0,0,0,15,15,15,15,10,10,80983,1,80983,1,0,0,0,0,15,15,15,15,5,5,80983,1,80983,1,0,0,0,0,15,15,15,15,5,5,80983,1,80983,1,0,0,0,0,15,15,15,15,5,5,80983,1,80983,1,0,0,0,0,15,15,15,15,10,10,80983,1,80983,1,0,0,0,0
86,800,200,800,0,200,0,1000,15,15,15,15,5,5,88179,30,0,0,80291,1,7888,29,15,15,15,15,10,10,88179,30,0,0,80291,1,7888,29,15,15,15,15,5,5,88179,30,0,0,80291,1,7888,29,15,15,15,15,5,5,88179,30,0,0,80291,1,7888,29,15,15,15,15,5,5,88179,30,0,0,80291,1,7888,29,15,15,15,15,10,10,88179,30,0,0,80291,1,7888,29
87,800,200,800,0,200,0,1000,15,15,15,15,5,5,0,0,0,0,0,0,0,0,15,15,15,15,11,11,0,0,0,0,0,0,0,0,15,15,15,15,5,5,0,0,0,0,0,0,0,0,15,15,15,15,5,5,0,0,0,0,0,0,0,0,15,15,15,15,5,5,0,0,0,0,0,0,0,0,15,15,15,15,11,11,0,0,0,0,0,0,0,0
88,800,200,800,0,200,0,1000,15,15,15,15,5,5,0,0,0,0,0,0,0,0,15,15,15,15,11,11,0,0,0,0,0,0,0,0,15,15,15,15,5,5,0,0,0,0,0,0,0,0,15,15,15,15,5,5,0,0,0,0,0,0,0,0,15,15,15,15,5,5,0,0,0,0,0,0,0,0,15,15,15,15,11,11,0,0,0,0,0,0,0,0
89,800,200,800,0,200,0,1000,15,15,15,15,5,5,81367,1,81367,1,0,0,0,0,15,15,15,15,11,11,81367,1,81367,1,0,0,0,0,15,15,15,15,5,5,81367,1,81367,1,0,0,0,0,15,15,15,15,5,5,81367,1,81367,1,0,0,0,0,15,15,15,15,5,5,81367,1,81367,1,0,0,0,0,15,15,15,15,11,11,81367,1,81367,1,0,0,0,0
90,800,200,800,0,200,0,1000,15,15,15,15,5,5,87363,27,0,0,80291,1,7072,26,15,15,15,15,11,11,87363,27,0,0,80291,1,7072,26,15,15,15,15,5,5,87363,27,0,0,80291,1,7072,26,15,15,15,15,5,5,87363,27,0,0,80291,1,7072,26,15,15,15,15,5,5,87363,27,0,0,80291,1,7072,26,15,15,15,15,11,11,87363,27,0,0,80291,1,7072,26
91,800,200,800,0,200,0,1000,15,15,15,15,5,5,0,0,0,0,0,0,0,0,15,15,15,15,12,12,0,0,0,0,0,0,0,0,15,15,15,15,5,5,0,0,0,0,0,0,0,0,15,15,15,15,5,5,0,0,0,0,0,0,0,0,15,15,15,15,5,5,0,0,0,0,0,0,0,0,15,15,15,15,12,12,0,0,0,0,0,0,0,0
92,800,200,800,0,200,0,1000,15,15,15,15,5,5,0,0,0,0,0,0,0,0,15,15,15,15,12,12,0,0,0,0,0,0,0,0,15,15,15,15,5,5,0,0,0,0,0,0,0,0,15,15,15,15,5,5,0,0,0,0,0,0,0,0,15,15,15,15,5,5,0,0,0,0,0,0,0,0,15,15,15,15,12,12,0,0,0,0,0,0,0,0
93,800,200,800,0,200,0,1000,15,15,15,15,5,5,0,0,0,0,0,0,0,0,15,15,15,15,12,12,0,0,0,0,0,0,0,0,15,15,15,15,5,5,0,0,0,0,0,0,0,0,15,15,15,15,5,5,0,0,0,0,0,0,0,0,15,15,15,15,5,5,0,0,0,0,0,0,0,0,15,15,15,15,12,12,0,0,0,0,0,0,0,0
94,800,200,800,0,200,0,1000,15,15,15,15,5,5,5984,22,0,0,0,0,5984,22,15,15,15,15,12,12,5984,22,0,0,0,0,5984,22,15,15,15,15,5,5,5984,22,0,0,0,0,5984,22,15,15,15,15,5,5,5984,22,0,0,0,0,5984,22,15,15,15,15,5,5,5984,22,0,0,0,0,5984,22,15,15,15,15,12,12,5984,22,0,0,0,0,5984,22
95,800,200,800,0,200,0,1000,15,15,15,15,5,5,0,0,0,0,0,0,0,0,15,15,15,15,13,13,0,0,0,0,0,0,0,0,15,15,15,15,5,5,0,0,0,0,0,0,0,0,15,15,15,15,5,5,0,0,0,0,0,0,0,0,15,15,15,15,5,5,0,0,0,0,0,0,0,0,15,15,15,15,13,13,0,0,0,0,0,0,0,0
96,800,200,800,0,200,0,1000,15,15,15,15,5,5,0,0,0,0,0,0,0,0,15,15,15,15,13,13,0,0,0,0,0,0,0,0,15,15,15,15,5,5,0,0,0,0,0,0,0,0,15,15,15,15,5,5,0,0,0,0,0,0,0,0,15,15,15,15,5,5,0,0,0,0,0,0,0,0,15,15,15,15,13,13,0,0,0,0,0,0,0,0
97,800,200,800,0,200,0,1000,15,15,15,15,5,5,81143,1,81143,1,0,0,0,0,15,15,15,15,13,13,81143,1,81143,1,0,0,0,0,15,15,15,15,5,5,81143,1,81143,1,0,0,0,0,15,15,15,15,5,5,81143,1,81143,1,0,0,0,0,15,15,15,15,5,5,81143,1,81143,1,0,0,0,0,15,15,15,15,13,13,81143,1,81143,1,0,0,0,0
98,800,200,800,0,200,0,1000,15,15,15,15,5,5,85459,20,0,0,80291,1,5168,19,15,15,15,15,13,13,85459,20,0,0,80291,1,5168,19,15,15,15,15,5,5,85459,20,0,0,80291,1,5168,19,15,15,15,15,5,5,85459,20,0,0,80291,1,5168,19,15,15,15,15,5,5,85459,20,0,0,80291,1,5168,19,15,15,15,15,13,13,85459,20,0,0,80291,1,5168,19
99,800,200,800,0,200,0,1000,15,15,15,15,5,5,0,0,0,0,0,0,0,0,15,15,15,15,14,14,0,0,0,0,0,0,0,0,15,15,15,15,5,5,0,0,0,0,0,0,0,0,15,15,15,15,5,5,0,0,0,0,0,0,0,0,15,15,15,15,5,5,0,0,0,0,0,0,0,0,15,15,15,15,14,14,0,0,0,0,0,0,0,0
100,800,200,800,0,200,0,1000,15,15,15,15,5,5,0,0,0,0,0,0,0,0,15,15,15,15,14,14,0,0,0,0,0,0,0,0,15,15,15,15,5,5,0,0,0,0,0,0,0,0,15,15,15,15,5,5,0,0,0,0,0,0,0,0,15,15,15,15,5,5,0,0,0,0,0,0,0,0,15,15,15,15,14,14,0,0,0,0,0,0,0,0
101,800,200,800,0,200,0,1000,15,15,15,15,5,5,0,0,0,0,0,0,0,0,15,15,15,15,14,14,0,0,0,0,0,0,0,0,15,15,15,15,5,5,0,0,0,0,0,0,0,0,15,15,15,15,5,5,0,0,0,0,0,0,0,0,15,15,15,15,5,5,0,0,0,0,0,0,0,0,15,15,15,15,14,14,0,0,0,0,0,0,0,0
102,800,200,800,0,200,0,1000,15,15,15,15,5,5,4080,15,0,0,0,0,4080,15,15,15,15,15,14,14,4080,15,0,0,0,0,4080,15,15,15,15,15,5,5,4080,15,0,0,0,0,4080,15,15,15,15,15,5,5,4080,15,0,0,0,0,4080,15,15,15,15,15,5,5,4080,15,0,0,0,0,4080,15,15,15,15,15,14,14,4080,15,0,0,0,0,4080,15
103,800,200,800,0,200,0,1000,15,15,15,15,5,5,0,0,0,0,0,0,0,0,15,15,15,15,15,15,0,0,0,0,0,0,0,0,15,15,15,15,5,5,0,0,0,0,0,0,0,0,15,15,15,15,5,5,0,0,0,0,0,0,0,0,15,15,15,15,5,5,0,0,0,0,0,0,0,0,15,15,15,15,15,15,0,0,0,0,0,0,0,0
104,800,200,800,0,200,0,1000,15,15,15,15,5,5,0,0,0,0,0,0,0,0,15,15,15,15,15,15,0,0,0,0,0,0,0,0,15,15,15,15,5,5,0,0,0,0,0,0,0,0,15,15,15,15,5,5,0,0,0,0,0,0,0,0,15,15,15,15,5,5,0,0,0,0,0,0,0,0,15,15,15,15,15,15,0,0,0,0,0,0,0,0
105,800,200,800,0,200,0,1000,15,15,15,15,5,5,80919,1,80919,1,0,0,0,0,15,15,15,15,15,15,80919,1,80919,1,0,0,0,0,15,15,15,15,5,5,80919,1,80919,1,0,0,0,0,15,15,15,15,5,5,80919,1,80919,1,0,0,0,0,15,15,15,15,5,5,80919,1,80919,1,0,0,0,0,15,15,15,15,15,15,80919,1,80919,1,0,0,0,0
106,800,200,800,0,200,0,1000,15,15,15,15,5,5,83555,13,0,0,80291,1,3264,12,15,15,15,15,15,15,83555,13,0,0,80291,1,3264,12,15,15,15,15,5,5,83555,13,0,0,80291,1,3264,12,15,15,15,15,5,5,83555,13,0,0,80291,1,3264,12,15,15,15,15,5,5,83555,13,0,0,80291,1,3264,12,15,15,15,15,15,15,83555,13,0,0,80291,1,3264,12
107,800,200,800,0,200,0,1000,15,15,15,15,5,5,0,0,0,0,0,0,0,0,16,16,15,15,16,16,0,0,0,0,0,0,0,0,15,15,15,15,5,5,0,0,0,0,0,0,0,0,15,15,15,15,5,5,0,0,0,0,0,0,0,0,15,15,15,15,5,5,0,0,0,0,0,0,0,0,16,16,15,15,16,16,0,0,0,0,0,0,0,0
108,800,200,800,0,200,0,1000,15,15,15,15,5,5,0,0,0,0,0,0,0,0,16,16,15,15,16,16,0,0,0,0,0,0,0,0,15,15,15,15,5,5,0,0,0,0,0,0,0,0,15,15,15,15,5,5,0,0,0,0,0,0,0,0,15,15,15,15,5,5,0,0,0,0,0,0,0,0,16,16,15,15,16,16,0,0,0,0,0,0,0,0
109,800,200,800,0,200,0,1000,15,15,15,15,5,5,0,0,0,0,0,0,0,0,16,16,15,15,16,16,0,0,0,0,0,0,0,0,15,15,15,15,5,5,0,0,0,0,0,0,0,0,15,15,15,15,5,5,0,0,0,0,0,0,0,0,15,15,15,15,5,5,0,0,0,0,0,0,0,0,16,16,15,15,16,16,0,0,0,0,0,0,0,0
110,800,200,800,0,200,0,1000,15,15,15,15,5,5,7888,29,0,0,0,0,7888,29,16,16,15,15,16,16,7888,29,0,0,0,0,7888,29,15,15,15,15,5,5,7888,29,0,0,0,0,7888,29,15,15,15,15,5,5,7888,29,0,0,0,0,7888,29,15,15,15,15,5,5,7888,29,0,0,0,0,7888,29,16,16,15,15,16,16,7888,29,0,0,0,0,7888,29
111,800,200,800,0,200,0,1000,15,15,15,15,5,5,0,0,0,0,0,0,0,0,16,16,15,15,16,16,0,0,0,0,0,0,0,0,15,15,15,15,5,5,0,0,0,0,0,0,0,0,15,15,15,15,5,5,0,0,0,0,0,0,0,0,15,15,15,15,5,5,0,0,0,0,0,0,0,0,16,16,15,15,16,16,0,0,0,0,0,0,0,0
112,800,200,800,0,200,0,1000,15,15,15,15,5,5,0,0,0,0,0,0,0,0,16,16,15,15,16,16,0,0,0,0,0,0,0,0,15,15,15,15,5,5,0,0,0,0,0,0,0,0,15,15,15,15,5,5,0,0,0,0,0,0,0,0,15,15,15,15,5,5,0,0,0,0,0,0,0,0,16,16,15,15,16,16,0,0,0,0,0,0,0,0
113,800,200,800,0,200,0,1000,15,15,15,15,5,5,0,0,0,0,0,0,0,0,16,16,15,15,16,16,0,0,0,0,0,0,0,0,15,15,15,15,5,5,0,0,0,0,0,0,0,0,15,15,15,15,5,5,0,0,0,0,0,0,0,0,15,15,15,15,5,5,0,0,0,0,0,0,0,0,16,16,15,15,16,16,0,0,0,0,0,0,0,0
114,800,200,800,0,200,0,1000,15,15,15,15,5,5,5984,22,0,0,0,0,5984,22,16,16,15,15,16,16,5984,22,0,0,0,0,5984,22,15,15,15,15,5,5,5984,22,0,0,0,0,5984,22,15,15,15,15,5,5,5984,22,0,0,0,0,5984,22,15,15,15,15,5,5,5984,22,0,0,0,0,5984,22,16,16,15,15,16,16,5984,22,0,0,0,0,5984,22
115,800,200,800,0,200,0,1000,15,15,15,15,5,5,0,0,0,0,0,0,0,0,17,18,15,15,17,18,0,0,0,0,0,0,0,0,15,15,15,15,5,5,0,0,0,0,0,0,0,0,15,15,15,15,5,5,0,0,0,0,0,0,0,0,15,15,15,15,5,5,0,0,0,0,0,0,0,0,17,18,15,15,17,18,0,0,0,0,0,0,0,0
116,800,200,800,0,200,0,1000,15,15,15,15,5,5,0,0,0,0,0,0,0,0,17,18,15,15,17,18,0,0,0,0,0,0,0,0,15,15,15,15,5,5,0,0,0,0,0,0,0,0,15,15,15,15,5,5,0,0,0,0,0,0,0,0,15,15,15,15,5,5,0,0,0,0,0,0,0,0,17,18,15,15,17,18,0,0,0,0,0,0,0,0
117,800,200,800,0,200,0,1000,15,15,15,15,5,5,0,0,0,0,0,0,0,0,17,18,15,15,17,18,0,0,0,0,0,0,0,0,15,15,15,15,5,5,0,0,0,0,0,0,0,0,15,15,15,15,5,5,0,0,0,0,0,0,0,0,15,15,15,15,5,5,0,0,0,0,0,0,0,0,17,18,15,15,17,18,0,0,0,0,0,0,0,0
118,800,200,800,0,200,0,1000,15,15,15,15,5,5,6800,25,0,0,0,0,6800,25,17,18,15,15,17,18,6800,25,0,0,0,0,6800,25,15,15,15,15,5,5,6800,25,0,0,0,0,6800,25,15,15,15,15,5,5,6800,25,0,0,0,0,6800,25,15,15,15,15,5,5,6800,25,0,0,0,0,6800,25,17,18,15,15,17,18,6800,25,0,0,0,0,6800,25
119,800,200,800,0,200,0,1000,15,15,15,15,5,5,0,0,0,0,0,0,0,0,17,18,15,15,17,18,0,0,0,0,0,0,0,0,15,15,15,15,5,5,0,0,0,0,0,0,0,0,15,15,15,15,5,5,0,0,0,0,0,0,0,0,15,15,15,15,5,5,0,0,0,0,0,0,0,0,17,18,15,15,17,18,0,0,0,0,0,0,0,0
120,800,200,800,0,200,0,1000,15,15,15,15,5,5,0,0,0,0,0,0,0,0,17,18,15,15,17,18,0,0,0,0,0,0,0,0,15,15,15,15,5,5,0,0,0,0,0,0,0,0,15,15,15,15,5,5,0,0,0,0,0,0,0,0,15,15,15,15,5,5,0,0,0,0,0,0,0,0,17,18,15,15,17,18,0,0,0,0,0,0,0,0
121,800,200,800,0,200,0,1000,15,15,15,15,5,5,0,0,0,0,0,0,0,0,17,18,15,15,17,18,0,0,0,0,0,0,0,0,15,15,15,15,5,5,0,0,0,0,0,0,0,0,15,15,15,15,5,5,0,0,0,0,0,0,0,0,15,15,15,15,5,5,0,0,0,0,0,0,0,0,17,18,15,15,17,18,0,0,0,0,0,0,0,0
122,800,200,800,0,200,0,1000,15,15,15,15,5,5,2992,11,0,0,0,0,2992,11,17,18,15,15,17,18,2992,11,0,0,0,0,2992,11,15,15,15,15,5,5,2992,11,0,0,0,0,2992,11,15,15,15,15,5,5,2992,11,0,0,0,0,2992,11,15,15,15,15,5,5,2992,11,0,0,0,0,2992,11,17,18,15,15,17,18,2992,11,0,0,0,0,2992,11
123,800,200,800,0,200,0,1000,15,15,15,15,5,5,0,0,0,0,0,0,0,0,17,18,15,15,17,18,0,0,0,0,0,0,0,0,15,15,15,15,5,5,0,0,0,0,0,0,0,0,15,15,15,15,5,5,0,0,0,0,0,0,0,0,15,15,15,15,5,5,0,0,0,0,0,0,0,0,17,18,15,15,17,18,0,0,0,0,0,0,0,0
124,800,200,800,0,200,0,1000,15,15,15,15,5,5,0,0,0,0,0,0,0,0,17,18,15,15,17,18,0,0,0,0,0,0,0,0,15,15,15,15,5,5,0,0,0,0,0,0,0,0,15,15,15,15,5,5,0,0,0,0,0,0,0,0,15,15,15,15,5,5,0,0,0,0,0,0,0,0,17,18,15,15,17,18,0,0,0,0,0,0,0,0
125,800,200,800,0,200,0,1000,15,15,15,15,5,5,161582,2,161582,2,0,0,0,0,17,18,15,15,17,18,161582,2,161582,2,0,0,0,0,15,15,15,15,5,5,161582,2,161582,2,0,0,0,0,15,15,15,15,5,5,161582,2,161582,2,0,0,0,0,15,15,15,15,5,5,161582,2,161582,2,0,0,0,0,17,18,15,15,17,18,161582,2,161582,2,0,0,0,0
126,0,1000,0,800,200,0,1000,15,15,15,15,5,5,86275,23,0,0,80291,1,5984,22,17,18,15,15,17,18,86275,23,0,0,80291,1,5984,22,15,15,15,15,5,5,86275,23,0,0,80291,1,5984,22,15,15,15,15,5,5,86275,23,0,0,80291,1,5984,22,15,15,15,15,5,5,86275,23,0,0,80291,1,5984,22,17,18,15,15,17,18,86275,23,0,0,80291,1,5984,22
127,0,1000,0,0,1000,0,1000,18,21,15,15,18,21,0,0,0,0,0,0,0,0,18,21,15,15,18,21,0,0,0,0,0,0,0,0,18,21,15,15,18,21,0,0,0,0,0,0,0,0,18,21,15,15,18,21,0,0,0,0,0,0,0,0,18,21,15,15,18,21,0,0,0,0,0,0,0,0,18,21,15,15,18,21,0,0,0,0,0,0,0,0
128,0,1000,0,0,1000,0,1000,18,21,15,15,18,21,0,0,0,0,0,0,0,0,18,21,15,15,18,21,0,0,0,0,0,0,0,0,18,21,15,15,18,21,0,0,0,0,0,0,0,0,18,21,15,15,18,21,0,0,0,0,0,0,0,0,18,21,15,15,18,21,0,0,0,0,0,0,0,0,18,21,15,15,18,21,0,0,0,0,0,0,0,0
129,0,1000,0,0,1000,0,1000,18,21,15,15,18,21,0,0,0,0,0,0,0,0,18,21,15,15,18,21,0,0,0,0,0,0,0,0,18,21,15,15,18,21,0,0,0,0,0,0,0,0,18,21,15,15,18,21,0,0,0,0,0,0,0,0,18,21,15,15,18,21,0,0,0,0,0,0,0,0,18,21,15,15,18,21,0,0,0,0,0,0,0,0
130,0,1000,0,0,1000,0,1000,22,31,22,31,18,21,29648,109,0,0,0,0,29648,109,22,31,22,31,18,21,29648,109,0,0,0,0,29648,109,22,31,22,31,18,21,29648,109,0,0,0,0,29648,109,22,31,22,31,18,21,29648,109,0,0,0,0,29648,109,22,31,22,31,18,21,29648,109,0,0,0,0,29648,109,22,31,22,31,18,21,29648,109,0,0,0,0,29648,109
131,0,1000,0,0,1000,0,1000,22,31,22,31,19,22,0,0,0,0,0,0,0,0,22,31,22,31,19,22,0,0,0,0,0,0,0,0,22,31,22,31,19,22,0,0,0,0,0,0,0,0,22,31,22,31,19,22,0,0,0,0,0,0,0,0,22,31,22,31,19,22,0,0,0,0,0,0,0,0,22,31,22,31,19,22,0,0,0,0,0,0,0,0
132,0,1000,0,0,1000,0,1000,22,31,22,31,19,22,0,0,0,0,0,0,0,0,22,31,22,31,19,22,0,0,0,0,0,0,0,0,22,31,22,31,19,22,0,0,0,0,0,0,0,0,22,31,22,31,19,22,0,0,0,0,0,0,0,0,22,31,22,31,19,22,0,0,0,0,0,0,0,0,22,31,22,31,19,22,0,0,0,0,0,0,0,0
133,0,1000,0,0,1000,0,1000,22,31,22,31,19,22,251781,3,251781,3,0,0,0,0,22,31,22,31,19,22,251781,3,251781,3,0,0,0,0,22,31,22,31,19,22,251781,3,251781,3,0,0,0,0,22,31,22,31,19,22,251781,3,251781,3,0,0,0,0,22,31,22,31,19,22,251781,3,251781,3,0,0,0,0,22,31,22,31,19,22,251781,3,251781,3,0,0,0,0
134,0,1000,0,0,1000,0,1000,23,33,23,33,19,22,106947,99,0,0,80291,1,26656,98,23,33,23,33,19,22,106947,99,0,0,80291,1,26656,98,23,33,23,33,19,22,106947,99,0,0,80291,1,26656,98,23,33,23,33,19,22,106947,99,0,0,80291,1,26656,98,23,33,23,33,19,22,106947,99,0,0,80291,1,26656,98,23,33,23,33,19,22,106947,99,0,0,80291,1,26656,98
135,0,1000,0,0,1000,0,1000,23,33,23,33,19,22,0,0,0,0,0,0,0,0,23,33,23,33,19,22,0,0,0,0,0,0,0,0,23,33,23,33,19,22,0,0,0,0,0,0,0,0,23,33,23,33,19,22,0,0,0,0,0,0,0,0,23,33,23,33,19,22,0,0,0,0,0,0,0,0,23,33,23,33,19,22,0,0,0,0,0,0,0,0
136,0,1000,0,0,1000,0,1000,23,33,23,33,19,22,0,0,0,0,0,0,0,0,23,33,23,33,19,22,0,0,0,0,0,0,0,0,23,33,23,33,19,22,0,0,0,0,0,0,0,0,23,33,23,33,19,22,0,0,0,0,0,0,0,0,23,33,23,33,19,22,0,0,0,0,0,0,0,0,23,33,23,33,19,22,0,0,0,0,0,0,0,0
137,0,1000,0,0,1000,0,1000,23,33,23,33,19,22,167150,2,167150,2,0,0,0,0,23,33,23,33,19,22,167150,2,167150,2,0,0,0,0,23,33,23,33,19,22,167150,2,167150,2,0,0,0,0,23,33,23,33,19,22,167150,2,167150,2,0,0,0,0,23,33,23,33,19,22,167150,2,167150,2,0,0,0,0,23,33,23,33,19,22,167150,2,167150,2,0,0,0,0
138,0,1000,0,0,1000,0,1000,24,34,24,34,19,22,109123,107,0,0,80291,1,28832,106,24,34,24,34,19,22,109123,107,0,0,80291,1,28832,106,24,34,24,34,19,22,109123,107,0,0,80291,1,28832,106,24,34,24,34,19,22,109123,107,0,0,80291,1,28832,106,24,34,24,34,19,22,109123,107,0,0,80291,1,28832,106,24,34,24,34,19,22,109123,107,0,0,80291,1,28832,106
139,0,1000,0,0,1000,0,1000,24,34,24,34,20,24,0,0,0,0,0,0,0,0,24,34,24,34,20,24,0,0,0,0,0,0,0,0,24,34,24,34,20,24,0,0,0,0,0,0,0,0,24,34,24,34,20,24,0,0,0,0,0,0,0,0,24,34,24,34,20,24,0,0,0,0,0,0,0,0,24,34,24,34,20,24,0,0,0,0,0,0,0,0
140,0,1000,0,0,1000,0,1000,24,34,24,34,20,24,0,0,0,0,0,0,0,0,24,34,24,34,20,24,0,0,0,0,0,0,0,0,24,34,24,34,20,24,0,0,0,0,0,0,0,0,24,34,24,34,20,24,0,0,0,0,0,0,0,0,24,34,24,34,20,24,0,0,0,0,0,0,0,0,24,34,24,34,20,24,0,0,0,0,0,0,0,0
141,0,1000,0,0,1000,0,1000,24,34,24,34,20,24,502986,6,502986,6,0,0,0,0,24,34,24,34,20,24,502986,6,502986,6,0,0,0,0,24,34,24,34,20,24,502986,6,502986,6,0,0,0,0,24,34,24,34,20,24,502986,6,502986,6,0,0,0,0,24,34,24,34,20,24,502986,6,502986,6,0,0,0,0,24,34,24,34,20,24,502986,6,502986,6,0,0,0,0
142,0,1000,0,0,1000,0,1000,25,35,25,35,20,24,110211,111,0,0,80291,1,29920,110,25,35,25,35,20,24,110211,111,0,0,80291,1,29920,110,25,35,25,35,20,24,110211,111,0,0,80291,1,29920,110,25,35,25,35,20,24,110211,111,0,0,80291,1,29920,110,25,35,25,35,20,24,110211,111,0,0,80291,1,29920,110,25,35,25,35,20,24,110211,111,0,0,80291,1,29920,110
143,0,1000,0,0,1000,0,1000,25,35,25,35,20,24,0,0,0,0,0,0,0,0,25,35,25,35,20,24,0,0,0,0,0,0,0,0,25,35,25,35,20,24,0,0,0,0,0,0,0,0,25,35,25,35,20,24,0,0,0,0,0,0,0,0,25,35,25,35,20,24,0,0,0,0,0,0,0,0,25,35,25,35,20,24,0,0,0,0,0,0,0,0
144,0,1000,0,0,1000,0,1000,25,35,25,35,20,24,0,0,0,0,0,0,0,0,25,35,25,35,20,24,0,0,0,0,0,0,0,0,25,35,25,35,20,24,0,0,0,0,0,0,0,0,25,35,25,35,20,24,0,0,0,0,0,0,0,0,25,35,25,35,20,24,0,0,0,0,0,0,0,0,25,35,25,35,20,24,0,0,0,0,0,0,0,0
145,0,1000,0,0,1000,0,1000,25,35,25,35,20,24,251877,3,251877,3,0,0,0,0,25,35,25,35,20,24,251877,3,251877,3,0,0,0,0,25,35,25,35,20,24,251877,3,251877,3,0,0,0,0,25,35,25,35,20,24,251877,3,251877,3,0,0,0,0,25,35,25,35,20,24,251877,3,251877,3,0,0,0,0,25,35,25,35,20,24,251877,3,251877,3,0,0,0,0
146,0,1000,0,0,1000,0,1000,26,36,26,36,20,24,112115,118,0,0,80291,1,31824,117,26,36,26,36,20,24,112115,118,0,0,80291,1,31824,117,26,36,26,36,20,24,112115,118,0,0,80291,1,31824,117,26,36,26,36,20,24,112115,118,0,0,80291,1,31824,117,26,36,26,36,20,24,112115,118,0,0,80291,1,31824,117,26,36,26,36,20,24,112115,118,0,0,80291,1,31824,117
147,0,1000,0,0,1000,0,1000,26,36,26,36,21,26,0,0,0,0,0,0,0,0,26,36,26,36,21,26,0,0,0,0,0,0,0,0,26,36,26,36,21,26,0,0,0,0,0,0,0,0,26,36,26,36,21,26,0,0,0,0,0,0,0,0,26,36,26,36,21,26,0,0,0,0,0,0,0,0,26,36,26,36,21,26,0,0,0,0,0,0,0,0
148,0,1000,0,0,1000,0,1000,26,36,26,36,21,26,0,0,0,0,0,0,0,0,26,36,26,36,21,26,0,0,0,0,0,0,0,0,26,36,26,36,21,26,0,0,0,0,0,0,0,0,26,36,26,36,21,26,0,0,0,0,0,0,0,0,26,36,26,36,21,26,0,0,0,0,0,0,0,0,26,36,26,36,21,26,0,0,0,0,0,0,0,0
149,0,1000,0,0,1000,0,1000,26,36,26,36,21,26,0,0,0,0,0,0,0,0,26,36,26,36,21,26,0,0,0,0,0,0,0,0,26,36,26,36,21,26,0,0,0,0,0,0,0,0,26,36,26,36,21,26,0,0,0,0,0,0,0,0,26,36,26,36,21,26,0,0,0,0,0,0,0,0,26,36,26,36,21,26,0,0,0,0,0,0,0,0
150,0,1000,0,0,1000,0,1000,26,36,26,36,21,26,23120,85,0,0,0,0,23120,85,26,36,26,36,21,26,23120,85,0,0,0,0,23120,85,26,36,26,36,21,26,23120,85,0,0,0,0,23120,85,26,36,26,36,21,26,23120,85,0,0,0,0,23120,85,26,36,26,36,21,26,23120,85,0,0,0,0,23120,85,26,36,26,36,21,26,23120,85,0,0,0,0,23120,85
151,0,1000,0,0,1000,0,1000,26,36,26,36,21,26,0,0,0,0,0,0,0,0,26,36,26,36,21,26,0,0,0,0,0,0,0,0,26,36,26,36,21,26,0,0,0,0,0,0,0,0,26,36,26,36,21,26,0,0,0,0,0,0,0,0,26,36,26,36,21,26,0,0,0,0,0,0,0,0,26,36,26,36,21,26,0,0,0,0,0,0,0,0
152,0,1000,0,0,1000,0,1000,26,36,26,36,21,26,0,0,0,0,0,0,0,0,26,36,26,36,21,26,0,0,0,0,0,0,0,0,26,36,26,36,21,26,0,0,0,0,0,0,0,0,26,36,26,36,21,26,0,0,0,0,0,0,0,0,26,36,26,36,21,26,0,0,0,0,0,0,0,0,26,36,26,36,21,26,0,0,0,0,0,0,0,0
153,0,1000,0,0,1000,0,1000,26,36,26,36,21,26,166318,2,166318,2,0,0,0,0,26,36,26,36,21,26,166318,2,166318,2,0,0,0,0,26,36,26,36,21,26,166318,2,166318,2,0,0,0,0,26,36,26,36,21,26,166318,2,166318,2,0,0,0,0,26,36,26,36,21,26,166318,2,166318,2,0,0,0,0,26,36,26,36,21,26,166318,2,166318,2,0,0,0,0
154,0,1000,0,0,1000,0,1000,27,38,27,38,21,26,105859,95,0,0,80291,1,25568,94,27,38,27,38,21,26,105859,95,0,0,80291,1,25568,94,27,38,27,38,21,26,105859,95,0,0,80291,1,25568,94,27,38,27,38,21,26,105859,95,0,0,80291,1,25568,94,27,38,27,38,21,26,105859,95,0,0,80291,1,25568,94,27,38,27,38,21,26,105859,95,0,0,80291,1,25568,94
155,0,1000,0,0,1000,0,1000,27,38,27,38,21,26,0,0,0,0,0,0,0,0,27,38,27,38,21,26,0,0,0,0,0,0,0,0,27,38,27,38,21,26,0,0,0,0,0,0,0,0,27,38,27,38,21,26,0,0,0,0,0,0,0,0,27,38,27,38,21,26,0,0,0,0,0,0,0,0,27,38,27,38,21,26,0,0,0,0,0,0,0,0
156,0,1000,0,0,1000,0,1000,27,38,27,38,21,26,0,0,0,0,0,0,0,0,27,38,27,38,21,26,0,0,0,0,0,0,0,0,27,38,27,38,21,26,0,0,0,0,0,0,0,0,27,38,27,38,21,26,0,0,0,0,0,0,0,0,27,38,27,38,21,26,0,0,0,0,0,0,0,0,27,38,27,38,21,26,0,0,0,0,0,0,0,0
157,0,1000,0,0,1000,0,1000,27,38,27,38,21,26,83447,1,83447,1,0,0,0,0,27,38,27,38,21,26,83447,1,83447,1,0,0,0,0,27,38,27,38,21,26,83447,1,83447,1,0,0,0,0,27,38,27,38,21,26,83447,1,83447,1,0,0,0,0,27,38,27,38,21,26,83447,1,83447,1,0,0,0,0,27,38,27,38,21,26,83447,1,83447,1,0,0,0,0
158,0,1000,0,0,1000,0,1000,28,39,28,39,21,26,108307,104,0,0,80291,1,28016,103,28,39,28,39,21,26,108307,104,0,0,80291,1,28016,103,28,39,28,39,21,26,108307,104,0,0,80291,1,28016,103,28,39,28,39,21,26,108307,104,0,0,80291,1,28016,103,28,39,28,39,21,26,108307,104,0,0,80291,1,28016,103,28,39,28,39,21,26,108307,104,0,0,80291,1,28016,103
159,0,1000,0,0,1000,0,1000,28,39,28,39,21,26,0,0,0,0,0,0,0,0,28,39,28,39,21,26,0,0,0,0,0,0,0,0,28,39,28,39,21,26,0,0,0,0,0,0,0,0,28,39,28,39,21,26,0,0,0,0,0,0,0,0,28,39,28,39,21,26,0,0,0,0,0,0,0,0,28,39,28,39,21,26,0,0,0,0,0,0,0,0
160,0,1000,0,0,1000,0,1000,28,39,28,39,21,26,0,0,0,0,0,0,0,0,28,39,28,39,21,26,0,0,0,0,0,0,0,0,28,39,28,39,21,26,0,0,0,0,0,0,0,0,28,39,28,39,21,26,0,0,0,0,0,0,0,0,28,39,28,39,21,26,0,0,0,0,0,0,0,0,28,39,28,39,21,26,0,0,0,0,0,0,0,0
161,0,1000,0,0,1000,0,1000,28,39,28,39,21,26,167469,2,167469,2,0,0,0,0,28,39,28,39,21,26,167469,2,167469,2,0,0,0,0,28,39,28,39,21,26,167469,2,167469,2,0,0,0,0,28,39,28,39,21,26,167469,2,167469,2,0,0,0,0,28,39,28,39,21,26,167469,2,167469,2,0,0,0,0,28,39,28,39,21,26,167469,2,167469,2,0,0,0,0
162,0,1000,0,0,1000,0,1000,29,40,29,40,21,26,108306,104,0,0,80290,1,28016,103,29,40,29,40,21,26,108306,104,0,0,80290,1,28016,103,29,40,29,40,21,26,108306,104,0,0,80290,1,28016,103,29,40,29,40,21,26,108306,104,0,0,80290,1,28016,103,29,40,29,40,21,26,108306,104,0,0,80290,1,28016,103,29,40,29,40,21,26,108306,104,0,0,80290,1,28016,103
163,0,1000,0,0,1000,0,1000,29,40,29,40,21,26,0,0,0,0,0,0,0,0,29,40,29,40,21,26,0,0,0,0,0,0,0,0,29,40,29,40,21,26,0,0,0,0,0,0,0,0,29,40,29,40,21,26,0,0,0,0,0,0,0,0,29,40,29,40,21,26,0,0,0,0,0,0,0,0,29,40,29,40,21,26,0,0,0,0,0,0,0,0
164,0,1000,0,0,1000,0,1000,29,40,29,40,21,26,0,0,0,0,0,0,0,0,29,40,29,40,21,26,0,0,0,0,0,0,0,0,29,40,29,40,21,26,0,0,0,0,0,0,0,0,29,40,29,40,21,26,0,0,0,0,0,0,0,0,29,40,29,40,21,26,0,0,0,0,0,0,0,0,29,40,29,40,21,26,0,0,0,0,0,0,0,0
165,0,1000,0,0,1000,0,1000,29,40,29,40,21,26,251204,3,251204,3,0,0,0,0,29,40,29,40,21,26,251204,3,251204,3,0,0,0,0,29,40,29,40,21,26,251204,3,251204,3,0,0,0,0,29,40,29,40,21,26,251204,3,251204,3,0,0,0,0,29,40,29,40,21,26,251204,3,251204,3,0,0,0,0,29,40,29,40,21,26,251204,3,251204,3,0,0,0,0
166,0,1000,0,0,1000,0,1000,30,41,30,41,21,26,107490,101,0,0,80290,1,27200,100,30,41,30,41,21,26,107490,101,0,0,80290,1,27200,100,30,41,30,41,21,26,107490,101,0,0,80290,1,27200,100,30,41,30,41,21,26,107490,101,0,0,80290,1,27200,100,30,41,30,41,21,26,107490,101,0,0,80290,1,27200,100,30,41,30,41,21,26,107490,101,0,0,80290,1,27200,100
167,0,1000,0,0,1000,0,1000,30,41,30,41,22,31,0,0,0,0,0,0,0,0,30,41,30,41,22,31,0,0,0,0,0,0,0,0,30,41,30,41,22,31,0,0,0,0,0,0,0,0,30,41,30,41,22,31,0,0,0,0,0,0,0,0,30,41,30,41,22,31,0,0,0,0,0,0,0,0,30,41,30,41,22,31,0,0,0,0,0,0,0,0
168,0,1000,0,0,1000,0,1000,30,41,30,41,22,31,0,0,0,0,0,0,0,0,30,41,30,41,22,31,0,0,0,0,0,0,0,0,30,41,30,41,22,31,0,0,0,0,0,0,0,0,30,41,30,41,22,31,0,0,0,0,0,0,0,0,30,41,30,41,22,31,0,0,0,0,0,0,0,0,30,41,30,41,22,31,0,0,0,0,0,0,0,0
169,0,1000,0,0,1000,0,1000,30,41,30,41,22,31,418195,5,418195,5,0,0,0,0,30,41,30,41,22,31,418195,5,418195,5,0,0,0,0,30,41,30,41,22,31,418195,5,418195,5,0,0,0,0,30,41,30,41,22,31,418195,5,418195,5,0,0,0,0,30,41,30,41,22,31,418195,5,418195,5,0,0,0,0,30,41,30,41,22,31,418195,5,418195,5,0,0,0,0
170,0,1000,0,0,1000,0,1000,31,42,31,42,22,31,101235,78,0,0,80291,1,20944,77,31,42,31,42,22,31,101235,78,0,0,80291,1,20944,77,31,42,31,42,22,31,101235,78,0,0,80291,1,20944,77,31,42,31,42,22,31,101235,78,0,0,80291,1,20944,77,31,42,31,42,22,31,101235,78,0,0,80291,1,20944,77,31,42,31,42,22,31,101235,78,0,0,80291,1,20944,77
171,0,1000,0,0,1000,0,1000,31,42,31,42,22,31,0,0,0,0,0,0,0,0,31,42,31,42,22,31,0,0,0,0,0,0,0,0,31,42,31,42,22,31,0,0,0,0,0,0,0,0,31,42,31,42,22,31,0,0,0,0,0,0,0,0,31,42,31,42,22,31,0,0,0,0,0,0,0,0,31,42,31,42,22,31,0,0,0,0,0,0,0,0
172,0,1000,0,0,1000,0,1000,31,42,31,42,22,31,0,0,0,0,0,0,0,0,31,42,31,42,22,31,0,0,0,0,0,0,0,0,31,42,31,42,22,31,0,0,0,0,0,0,0,0,31,42,31,42,22,31,0,0,0,0,0,0,0,0,31,42,31,42,22,31,0,0,0,0,0,0,0,0,31,42,31,42,22,31,0,0,0,0,0,0,0,0
173,0,1000,0,0,1000,0,1000,31,42,31,42,22,31,248709,3,248709,3,0,0,0,0,31,42,31,42,22,31,248709,3,248709,3,0,0,0,0,31,42,31,42,22,31,248709,3,248709,3,0,0,0,0,31,42,31,42,22,31,248709,3,248709,3,0,0,0,0,31,42,31,42,22,31,248709,3,248709,3,0,0,0,0,31,42,31,42,22,31,248709,3,248709,3,0,0,0,0
174,0,1000,0,0,1000,0,1000,32,43,32,43,22,31,107763,102,0,0,80291,1,27472,101,32,43,32,43,22,31,107763,102,0,0,80291,1,27472,101,32,43,32,43,22,31,107763,102,0,0,80291,1,27472,101,32,43,32,43,22,31,107763,102,0,0,80291,1,27472,101,32,43,32,43,22,31,107763,102,0,0,80291,1,27472,101,32,43,32,43,22,31,107763,102,0,0,80291,1,27472,101
175,0,1000,0,0,1000,0,1000,32,43,32,43,23,33,0,0,0,0,0,0,0,0,32,43,32,43,23,33,0,0,0,0,0,0,0,0,32,43,32,43,23,33,0,0,0,0,0,0,0,0,32,43,32,43,23,33,0,0,0,0,0,0,0,0,32,43,32,43,23,33,0,0,0,0,0,0,0,0,32,43,32,43,23,33,0,0,0,0,0,0,0,0
176,0,1000,0,0,1000,0,1000,32,43,32,43,23,33,0,0,0,0,0,0,0,0,32,43,32,43,23,33,0,0,0,0,0,0,0,0,32,43,32,43,23,33,0,0,0,0,0,0,0,0,32,43,32,43,23,33,0,0,0,0,0,0,0,0,32,43,32,43,23,33,0,0,0,0,0,0,0,0,32,43,32,43,23,33,0,0,0,0,0,0,0,0
177,0,1000,0,0,1000,0,1000,32,43,32,43,23,33,334684,4,334684,4,0,0,0,0,32,43,32,43,23,33,334684,4,334684,4,0,0,0,0,32,43,32,43,23,33,334684,4,334684,4,0,0,0,0,32,43,32,43,23,33,334684,4,334684,4,0,0,0,0,32,43,32,43,23,33,334684,4,334684,4,0,0,0,0,32,43,32,43,23,33,334684,4,334684,4,0,0,0,0
178,0,1000,0,0,1000,0,1000,33,44,33,44,23,33,108851,106,0,0,80291,1,28560,105,33,44,33,44,23,33,108851,106,0,0,80291,1,28560,105,33,44,33,44,23,33,108851,106,0,0,80291,1,28560,105,33,44,33,44,23,33,108851,106,0,0,80291,1,28560,105,33,44,33,44,23,33,108851,106,0,0,80291,1,28560,105,33,44,33,44,23,33,108851,106,0,0,80291,1,28560,105
179,0,1000,0,0,1000,0,1000,33,44,33,44,24,34,0,0,0,0,0,0,0,0,33,44,33,44,24,34,0,0,0,0,0,0,0,0,33,44,33,44,24,34,0,0,0,0,0,0,0,0,33,44,33,44,24,34,0,0,0,0,0,0,0,0,33,44,33,44,24,34,0,0,0,0,0,0,0,0,33,44,33,44,24,34,0,0,0,0,0,0,0,0
180,0,1000,0,0,1000,0,1000,33,44,33,44,24,34,0,0,0,0,0,0,0,0,33,44,33,44,24,34,0,0,0,0,0,0,0,0,33,44,33,44,24,34,0,0,0,0,0,0,0,0,33,44,33,44,24,34,0,0,0,0,0,0,0,0,33,44,33,44,24,34,0,0,0,0,0,0,0,0,33,44,33,44,24,34,0,0,0,0,0,0,0,0
181,0,1000,0,0,1000,0,1000,33,44,33,44,24,34,167597,2,167597,2,0,0,0,0,33,44,33,44,24,34,167597,2,167597,2,0,0,0,0,33,44,33,44,24,34,167597,2,167597,2,0,0,0,0,33,44,33,44,24,34,167597,2,167597,2,0,0,0,0,33,44,33,44,24,34,167597,2,167597,2,0,0,0,0,33,44,33,44,24,34,167597,2,167597,2,0,0,0,0
182,0,1000,0,0,1000,0,1000,34,45,34,45,24,34,107490,101,0,0,80290,1,27200,100,34,45,34,45,24,34,107490,101,0,0,80290,1,27200,100,34,45,34,45,24,34,107490,101,0,0,80290,1,27200,100,34,45,34,45,24,34,107490,101,0,0,80290,1,27200,100,34,45,34,45,24,34,107490,101,0,0,80290,1,27200,100,34,45,34,45,24,34,107490,101,0,0,80290,1,27200,100
183,0,1000,0,0,1000,0,1000,34,45,34,45,25,35,0,0,0,0,0,0,0,0,34,45,34,45,25,35,0,0,0,0,0,0,0,0,34,45,34,45,25,35,0,0,0,0,0,0,0,0,34,45,34,45,25,35,0,0,0,0,0,0,0,0,34,45,34,45,25,35,0,0,0,0,0,0,0,0,34,45,34,45,25,35,0,0,0,0,0,0,0,0
184,0,1000,0,0,1000,0,1000,34,45,34,45,25,35,0,0,0,0,0,0,0,0,34,45,34,45,25,35,0,0,0,0,0,0,0,0,34,45,34,45,25,35,0,0,0,0,0,0,0,0,34,45,34,45,25,35,0,0,0,0,0,0,0,0,34,45,34,45,25,35,0,0,0,0,0,0,0,0,34,45,34,45,25,35,0,0,0,0,0,0,0,0
185,0,1000,0,0,1000,0,1000,34,45,34,45,25,35,83639,1,83639,1,0,0,0,0,34,45,34,45,25,35,83639,1,83639,1,0,0,0,0,34,45,34,45,25,35,83639,1,83639,1,0,0,0,0,34,45,34,45,25,35,83639,1,83639,1,0,0,0,0,34,45,34,45,25,35,83639,1,83639,1,0,0,0,0,34,45,34,45,25,35,83639,1,83639,1,0,0,0,0
186,0,1000,0,0,1000,0,1000,35,46,35,46,25,35,107491,101,0,0,80291,1,27200,100,35,46,35,46,25,35,107491,101,0,0,80291,1,27200,100,35,46,35,46,25,35,107491,101,0,0,80291,1,27200,100,35,46,35,46,25,35,107491,101,0,0,80291,1,27200,100,35,46,35,46,25,35,107491,101,0,0,80291,1,27200,100,35,46,35,46,25,35,107491,101,0,0,80291,1,27200,100
187,800,200,800,0,200,0,1000,35,46,35,46,25,35,0,0,0,0,0,0,0,0,35,46,35,46,26,36,0,0,0,0,0,0,0,0,35,46,35,46,25,35,0,0,0,0,0,0,0,0,35,46,35,46,25,35,0,0,0,0,0,0,0,0,35,46,35,46,25,35,0,0,0,0,0,0,0,0,35,46,35,46,26,36,0,0,0,0,0,0,0,0
188,800,200,800,0,200,0,1000,35,46,35,46,25,35,0,0,0,0,0,0,0,0,35,46,35,46,26,36,0,0,0,0,0,0,0,0,35,46,35,46,25,35,0,0,0,0,0,0,0,0,35,46,35,46,25,35,0,0,0,0,0,0,0,0,35,46,35,46,25,35,0,0,0,0,0,0,0,0,35,46,35,46,26,36,0,0,0,0,0,0,0,0
189,800,200,800,0,200,0,1000,35,46,35,46,25,35,0,0,0,0,0,0,0,0,35,46,35,46,26,36,0,0,0,0,0,0,0,0,35,46,35,46,25,35,0,0,0,0,0,0,0,0,35,46,35,46,25,35,0,0,0,0,0,0,0,0,35,46,35,46,25,35,0,0,0,0,0,0,0,0,35,46,35,46,26,36,0,0,0,0,0,0,0,0
190,800,200,800,0,200,0,1000,35,46,35,46,25,35,6256,23,0,0,0,0,6256,23,35,46,35,46,26,36,6256,23,0,0,0,0,6256,23,35,46,35,46,25,35,6256,23,0,0,0,0,6256,23,35,46,35,46,25,35,6256,23,0,0,0,0,6256,23,35,46,35,46,25,35,6256,23,0,0,0,0,6256,23,35,46,35,46,26,36,6256,23,0,0,0,0,6256,23
191,800,200,800,0,200,0,1000,35,46,35,46,25,35,0,0,0,0,0,0,0,0,35,46,35,46,26,36,0,0,0,0,0,0,0,0,35,46,35,46,25,35,0,0,0,0,0,0,0,0,35,46,35,46,25,35,0,0,0,0,0,0,0,0,35,46,35,46,25,35,0,0,0,0,0,0,0,0,35,46,35,46,26,36,0,0,0,0,0,0,0,0
192,800,200,800,0,200,0,1000,35,46,35,46,25,35,0,0,0,0,0,0,0,0,35,46,35,46,26,36,0,0,0,0,0,0,0,0,35,46,35,46,25,35,0,0,0,0,0,0,0,0,35,46,35,46,25,35,0,0,0,0,0,0,0,0,35,46,35,46,25,35,0,0,0,0,0,0,0,0,35,46,35,46,26,36,0,0,0,0,0,0,0,0
193,800,200,800,0,200,0,1000,35,46,35,46,25,35,0,0,0,0,0,0,0,0,35,46,35,46,26,36,0,0,0,0,0,0,0,0,35,46,35,46,25,35,0,0,0,0,0,0,0,0,35,46,35,46,25,35,0,0,0,0,0,0,0,0,35,46,35,46,25,35,0,0,0,0,0,0,0,0,35,46,35,46,26,36,0,0,0,0,0,0,0,0
194,800,200,800,0,200,0,1000,35,46,35,46,25,35,7072,26,0,0,0,0,7072,26,35,46,35,46,26,36,7072,26,0,0,0,0,7072,26,35,46,35,46,25,35,7072,26,0,0,0,0,7072,26,35,46,35,46,25,35,7072,26,0,0,0,0,7072,26,35,46,35,46,25,35,7072,26,0,0,0,0,7072,26,35,46,35,46,26,36,7072,26,0,0,0,0,7072,26
195,800,200,800,0,200,0,1000,35,46,35,46,25,35,0,0,0,0,0,0,0,0,35,46,35,46,27,38,0,0,0,0,0,0,0,0,35,46,35,46,25,35,0,0,0,0,0,0,0,0,35,46,35,46,25,35,0,0,0,0,0,0,0,0,35,46,35,46,25,35,0,0,0,0,0,0,0,0,35,46,35,46,27,38,0,0,0,0,0,0,0,0
196,800,200,800,0,200,0,1000,35,46,35,46,25,35,0,0,0,0,0,0,0,0,35,46,35,46,27,38,0,0,0,0,0,0,0,0,35,46,35,46,25,35,0,0,0,0,0,0,0,0,35,46,35,46,25,35,0,0,0,0,0,0,0,0,35,46,35,46,25,35,0,0,0,0,0,0,0,0,35,46,35,46,27,38,0,0,0,0,0,0,0,0
197,800,200,800,0,200,0,1000,35,46,35,46,25,35,0,0,0,0,0,0,0,0,35,46,35,46,27,38,0,0,0,0,0,0,0,0,35,46,35,46,25,35,0,0,0,0,0,0,0,0,35,46,35,46,25,35,0,0,0,0,0,0,0,0,35,46,35,46,25,35,0,0,0,0,0,0,0,0,35,46,35,46,27,38,0,0,0,0,0,0,0,0
198,800,200,800,0,200,0,1000,35,46,35,46,25,35,5712,21,0,0,0,0,5712,21,35,46,35,46,27,38,5712,21,0,0,0,0,5712,21,35,46,35,46,25,35,5712,21,0,0,0,0,5712,21,35,46,35,46,25,35,5712,21,0,0,0,0,5712,21,35,46,35,46,25,35,5712,21,0,0,0,0,5712,21,35,46,35,46,27,38,5712,21,0,0,0,0,5712,21
199,800,200,800,0,200,0,1000,35,46,35,46,25,35,0,0,0,0,0,0,0,0,35,46,35,46,28,39,0,0,0,0,0,0,0,0,35,46,35,46,25,35,0,0,0,0,0,0,0,0,35,46,35,46,25,35,0,0,0,0,0,0,0,0,35,46,35,46,25,35,0,0,0,0,0,0,0,0,35,46,35,46,28,39,0,0,0,0,0,0,0,0
200,800,200,800,0,200,0,1000,35,46,35,46,25,35,0,0,0,0,0,0,0,0,35,46,35,46,28,39,0,0,0,0,0,0,0,0,35,46,35,46,25,35,0,0,0,0,0,0,0,0,35,46,35,46,25,35,0,0,0,0,0,0,0,0,35,46,35,46,25,35,0,0,0,0,0,0,0,0,35,46,35,46,28,39,0,0,0,0,0,0,0,0
201,800,200,800,0,200,0,1000,35,46,35,46,25,35,0,0,0,0,0,0,0,0,35,46,35,46,28,39,0,0,0,0,0,0,0,0,35,46,35,46,25,35,0,0,0,0,0,0,0,0,35,46,35,46,25,35,0,0,0,0,0,0,0,0,35,46,35,46,25,35,0,0,0,0,0,0,0,0,35,46,35,46,28,39,0,0,0,0,0,0,0,0
202,800,200,800,0,200,0,1000,35,46,35,46,25,35,7888,29,0,0,0,0,7888,29,35,46,35,46,28,39,7888,29,0,0,0,0,7888,29,35,46,35,46,25,35,7888,29,0,0,0,0,7888,29,35,46,35,46,25,35,7888,29,0,0,0,0,7888,29,35,46,35,46,25,35,7888,29,0,0,0,0,7888,29,35,46,35,46,28,39,7888,29,0,0,0,0,7888,29
203,800,200,800,0,200,0,1000,35,46,35,46,25,35,0,0,0,0,0,0,0,0,35,46,35,46,29,40,0,0,0,0,0,0,0,0,35,46,35,46,25,35,0,0,0,0,0,0,0,0,35,46,35,46,25,35,0,0,0,0,0,0,0,0,35,46,35,46,25,35,0,0,0,0,0,0,0,0,35,46,35,46,29,40,0,0,0,0,0,0,0,0
204,800,200,800,0,200,0,1000,35,46,35,46,25,35,0,0,0,0,0,0,0,0,35,46,35,46,29,40,0,0,0,0,0,0,0,0,35,46,35,46,25,35,0,0,0,0,0,0,0,0,35,46,35,46,25,35,0,0,0,0,0,0,0,0,35,46,35,46,25,35,0,0,0,0,0,0,0,0,35,46,35,46,29,40,0,0,0,0,0,0,0,0
205,800,200,800,0,200,0,1000,35,46,35,46,25,35,81367,1,81367,1,0,0,0,0,35,46,35,46,29,40,81367,1,81367,1,0,0,0,0,35,46,35,46,25,35,81367,1,81367,1,0,0,0,0,35,46,35,46,25,35,81367,1,81367,1,0,0,0,0,35,46,35,46,25,35,81367,1,81367,1,0,0,0,0,35,46,35,46,29,40,81367,1,81367,1,0,0,0,0
206,800,200,800,0,200,0,1000,35,46,35,46,25,35,86819,25,0,0,80291,1,6528,24,35,46,35,46,29,40,86819,25,0,0,80291,1,6528,24,35,46,35,46,25,35,86819,25,0,0,80291,1,6528,24,35,46,35,46,25,35,86819,25,0,0,80291,1,6528,24,35,46,35,46,25,35,86819,25,0,0,80291,1,6528,24,35,46,35,46,29,40,86819,25,0,0,80291,1,6528,24
207,800,200,800,0,200,0,1000,35,46,35,46,25,35,0,0,0,0,0,0,0,0,35,46,35,46,30,41,0,0,0,0,0,0,0,0,35,46,35,46,25,35,0,0,0,0,0,0,0,0,35,46,35,46,25,35,0,0,0,0,0,0,0,0,35,46,35,46,25,35,0,0,0,0,0,0,0,0,35,46,35,46,30,41,0,0,0,0,0,0,0,0
208,800,200,800,0,200,0,1000,35,46,35,46,25,35,0,0,0,0,0,0,0,0,35,46,35,46,30,41,0,0,0,0,0,0,0,0,35,46,35,46,25,35,0,0,0,0,0,0,0,0,35,46,35,46,25,35,0,0,0,0,0,0,0,0,35,46,35,46,25,35,0,0,0,0,0,0,0,0,35,46,35,46,30,41,0,0,0,0,0,0,0,0
209,800,200,800,0,200,0,1000,35,46,35,46,25,35,0,0,0,0,0,0,0,0,35,46,35,46,30,41,0,0,0,0,0,0,0,0,35,46,35,46,25,35,0,0,0,0,0,0,0,0,35,46,35,46,25,35,0,0,0,0,0,0,0,0,35,46,35,46,25,35,0,0,0,0,0,0,0,0,35,46,35,46,30,41,0,0,0,0,0,0,0,0
210,800,200,800,0,200,0,1000,35,46,35,46,25,35,4352,16,0,0,0,0,4352,16,35,46,35,46,30,41,4352,16,0,0,0,0,4352,16,35,46,35,46,25,35,4352,16,0,0,0,0,4352,16,35,46,35,46,25,35,4352,16,0,0,0,0,4352,16,35,46,35,46,25,35,4352,16,0,0,0,0,4352,16,35,46,35,46,30,41,4352,16,0,0,0,0,4352,16
211,800,200,800,0,200,0,1000,35,46,35,46,25,35,0,0,0,0,0,0,0,0,35,46,35,46,31,42,0,0,0,0,0,0,0,0,35,46,35,46,25,35,0,0,0,0,0,0,0,0,35,46,35,46,25,35,0,0,0,0,0,0,0,0,35,46,35,46,25,35,0,0,0,0,0,0,0,0,35,46,35,46,31,42,0,0,0,0,0,0,0,0
212,800,200,800,0,200,0,1000,35,46,35,46,25,35,0,0,0,0,0,0,0,0,35,46,35,46,31,42,0,0,0,0,0,0,0,0,35,46,35,46,25,35,0,0,0,0,0,0,0,0,35,46,35,46,25,35,0,0,0,0,0,0,0,0,35,46,35,46,25,35,0,0,0,0,0,0,0,0,35,46,35,46,31,42,0,0,0,0,0,0,0,0
213,800,200,800,0,200,0,1000,35,46,35,46,25,35,0,0,0,0,0,0,0,0,35,46,35,46,31,42,0,0,0,0,0,0,0,0,35,46,35,46,25,35,0,0,0,0,0,0,0,0,35,46,35,46,25,35,0,0,0,0,0,0,0,0,35,46,35,46,25,35,0,0,0,0,0,0,0,0,35,46,35,46,31,42,0,0,0,0,0,0,0,0
214,800,200,800,0,200,0,1000,35,46,35,46,25,35,8704,32,0,0,0,0,8704,32,35,46,35,46,31,42,8704,32,0,0,0,0,8704,32,35,46,35,46,25,35,8704,32,0,0,0,0,8704,32,35,46,35,46,25,35,8704,32,0,0,0,0,8704,32,35,46,35,46,25,35,8704,32,0,0,0,0,8704,32,35,46,35,46,31,42,8704,32,0,0,0,0,8704,32
215,800,200,800,0,200,0,1000,35,46,35,46,25,35,0,0,0,0,0,0,0,0,35,46,35,46,32,43,0,0,0,0,0,0,0,0,35,46,35,46,25,35,0,0,0,0,0,0,0,0,35,46,35,46,25,35,0,0,0,0,0,0,0,0,35,46,35,46,25,35,0,0,0,0,0,0,0,0,35,46,35,46,32,43,0,0,0,0,0,0,0,0
216,800,200,800,0,200,0,1000,35,46,35,46,25,35,0,0,0,0,0,0,0,0,35,46,35,46,32,43,0,0,0,0,0,0,0,0,35,46,35,46,25,35,0,0,0,0,0,0,0,0,35,46,35,46,25,35,0,0,0,0,0,0,0,0,35,46,35,46,25,35,0,0,0,0,0,0,0,0,35,46,35,46,32,43,0,0,0,0,0,0,0,0
217,800,200,800,0,200,0,1000,35,46,35,46,25,35,81463,1,81463,1,0,0,0,0,35,46,35,46,32,43,81463,1,81463,1,0,0,0,0,35,46,35,46,25,35,81463,1,81463,1,0,0,0,0,35,46,35,46,25,35,81463,1,81463,1,0,0,0,0,35,46,35,46,25,35,81463,1,81463,1,0,0,0,0,35,46,35,46,32,43,81463,1,81463,1,0,0,0,0
218,800,200,800,0,200,0,1000,35,46,35,46,25,35,84371,16,0,0,80291,1,4080,15,35,46,35,46,32,43,84371,16,0,0,80291,1,4080,15,35,46,35,46,25,35,84371,16,0,0,80291,1,4080,15,35,46,35,46,25,35,84371,16,0,0,80291,1,4080,15,35,46,35,46,25,35,84371,16,0,0,80291,1,4080,15,35,46,35,46,32,43,84371,16,0,0,80291,1,4080,15
219,800,200,800,0,200,0,1000,35,46,35,46,25,35,0,0,0,0,0,0,0,0,35,46,35,46,33,44,0,0,0,0,0,0,0,0,35,46,35,46,25,35,0,0,0,0,0,0,0,0,35,46,35,46,25,35,0,0,0,0,0,0,0,0,35,46,35,46,25,35,0,0,0,0,0,0,0,0,35,46,35,46,33,44,0,0,0,0,0,0,0,0
220,800,200,800,0,200,0,1000,35,46,35,46,25,35,0,0,0,0,0,0,0,0,35,46,35,46,33,44,0,0,0,0,0,0,0,0,35,46,35,46,25,35,0,0,0,0,0,0,0,0,35,46,35,46,25,35,0,0,0,0,0,0,0,0,35,46,35,46,25,35,0,0,0,0,0,0,0,0,35,46,35,46,33,44,0,0,0,0,0,0,0,0
221,800,200,800,0,200,0,1000,35,46,35,46,25,35,0,0,0,0,0,0,0,0,35,46,35,46,33,44,0,0,0,0,0,0,0,0,35,46,35,46,25,35,0,0,0,0,0,0,0,0,35,46,35,46,25,35,0,0,0,0,0,0,0,0,35,46,35,46,25,35,0,0,0,0,0,0,0,0,35,46,35,46,33,44,0,0,0,0,0,0,0,0
222,800,200,800,0,200,0,1000,35,46,35,46,25,35,5984,22,0,0,0,0,5984,22,35,46,35,46,33,44,5984,22,0,0,0,0,5984,22,35,46,35,46,25,35,5984,22,0,0,0,0,5984,22,35,46,35,46,25,35,5984,22,0,0,0,0,5984,22,35,46,35,46,25,35,5984,22,0,0,0,0,5984,22,35,46,35,46,33,44,5984,22,0,0,0,0,5984,22
223,800,200,800,0,200,0,1000,35,46,35,46,25,35,0,0,0,0,0,0,0,0,35,46,35,46,34,45,0,0,0,0,0,0,0,0,35,46,35,46,25,35,0,0,0,0,0,0,0,0,35,46,35,46,25,35,0,0,0,0,0,0,0,0,35,46,35,46,25,35,0,0,0,0,0,0,0,0,35,46,35,46,34,45,0,0,0,0,0,0,0,0
224,800,200,800,0,200,0,1000,35,46,35,46,25,35,0,0,0,0,0,0,0,0,35,46,35,46,34,45,0,0,0,0,0,0,0,0,35,46,35,46,25,35,0,0,0,0,0,0,0,0,35,46,35,46,25,35,0,0,0,0,0,0,0,0,35,46,35,46,25,35,0,0,0,0,0,0,0,0,35,46,35,46,34,45,0,0,0,0,0,0,0,0
225,800,200,800,0,200,0,1000,35,46,35,46,25,35,243429,3,243429,3,0,0,0,0,35,46,35,46,34,45,243429,3,243429,3,0,0,0,0,35,46,35,46,25,35,243429,3,243429,3,0,0,0,0,35,46,35,46,25,35,243429,3,243429,3,0,0,0,0,35,46,35,46,25,35,243429,3,243429,3,0,0,0,0,35,46,35,46,34,45,243429,3,243429,3,0,0,0,0
226,800,200,800,0,200,0,1000,35,46,35,46,25,35,85459,20,0,0,80291,1,5168,19,35,46,35,46,34,45,85459,20,0,0,80291,1,5168,19,35,46,35,46,25,35,85459,20,0,0,80291,1,5168,19,35,46,35,46,25,35,85459,20,0,0,80291,1,5168,19,35,46,35,46,25,35,85459,20,0,0,80291,1,5168,19,35,46,35,46,34,45,85459,20,0,0,80291,1,5168,19
227,800,200,800,0,200,0,1000,35,46,35,46,25,35,0,0,0,0,0,0,0,0,35,46,35,46,35,46,0,0,0,0,0,0,0,0,35,46,35,46,25,35,0,0,0,0,0,0,0,0,35,46,35,46,25,35,0,0,0,0,0,0,0,0,35,46,35,46,25,35,0,0,0,0,0,0,0,0,35,46,35,46,35,46,0,0,0,0,0,0,0,0
228,800,200,800,0,200,0,1000,35,46,35,46,25,35,0,0,0,0,0,0,0,0,35,46,35,46,35,46,0,0,0,0,0,0,0,0,35,46,35,46,25,35,0,0,0,0,0,0,0,0,35,46,35,46,25,35,0,0,0,0,0,0,0,0,35,46,35,46,25,35,0,0,0,0,0,0,0,0,35,46,35,46,35,46,0,0,0,0,0,0,0,0
229,800,200,800,0,200,0,1000,35,46,35,46,25,35,243141,3,243141,3,0,0,0,0,35,46,35,46,35,46,243141,3,243141,3,0,0,0,0,35,46,35,46,25,35,243141,3,243141,3,0,0,0,0,35,46,35,46,25,35,243141,3,243141,3,0,0,0,0,35,46,35,46,25,35,243141,3,243141,3,0,0,0,0,35,46,35,46,35,46,243141,3,243141,3,0,0,0,0
230,800,200,800,0,200,0,1000,35,46,35,46,25,35,85731,21,0,0,80291,1,5440,20,35,46,35,46,35,46,85731,21,0,0,80291,1,5440,20,35,46,35,46,25,35,85731,21,0,0,80291,1,5440,20,35,46,35,46,25,35,85731,21,0,0,80291,1,5440,20,35,46,35,46,25,35,85731,21,0,0,80291,1,5440,20,35,46,35,46,35,46,85731,21,0,0,80291,1,5440,20
231,800,200,800,0,200,0,1000,35,46,35,46,25,35,0,0,0,0,0,0,0,0,35,46,35,46,35,46,0,0,0,0,0,0,0,0,35,46,35,46,25,35,0,0,0,0,0,0,0,0,35,46,35,46,25,35,0,0,0,0,0,0,0,0,35,46,35,46,25,35,0,0,0,0,0,0,0,0,35,46,35,46,35,46,0,0,0,0,0,0,0,0
232,800,200,800,0,200,0,1000,35,46,35,46,25,35,0,0,0,0,0,0,0,0,35,46,35,46,35,46,0,0,0,0,0,0,0,0,35,46,35,46,25,35,0,0,0,0,0,0,0,0,35,46,35,46,25,35,0,0,0,0,0,0,0,0,35,46,35,46,25,35,0,0,0,0,0,0,0,0,35,46,35,46,35,46,0,0,0,0,0,0,0,0
233,800,200,800,0,200,0,1000,35,46,35,46,25,35,0,0,0,0,0,0,0,0,35,46,35,46,35,46,0,0,0,0,0,0,0,0,35,46,35,46,25,35,0,0,0,0,0,0,0,0,35,46,35,46,25,35,0,0,0,0,0,0,0,0,35,46,35,46,25,35,0,0,0,0,0,0,0,0,35,46,35,46,35,46,0,0,0,0,0,0,0,0
234,800,200,800,0,200,0,1000,35,46,35,46,25,35,6256,23,0,0,0,0,6256,23,35,46,35,46,35,46,6256,23,0,0,0,0,6256,23,35,46,35,46,25,35,6256,23,0,0,0,0,6256,23,35,46,35,46,25,35,6256,23,0,0,0,0,6256,23,35,46,35,46,25,35,6256,23,0,0,0,0,6256,23,35,46,35,46,35,46,6256,23,0,0,0,0,6256,23
235,800,200,800,0,200,0,1000,35,46,35,46,25,35,0,0,0,0,0,0,0,0,35,46,35,46,35,46,0,0,0,0,0,0,0,0,35,46,35,46,25,35,0,0,0,0,0,0,0,0,35,46,35,46,25,35,0,0,0,0,0,0,0,0,35,46,35,46,25,35,0,0,0,0,0,0,0,0,35,46,35,46,35,46,0,0,0,0,0,0,0,0
236,800,200,800,0,200,0,1000,35,46,35,46,25,35,0,0,0,0,0,0,0,0,35,46,35,46,35,46,0,0,0,0,0,0,0,0,35,46,35,46,25,35,0,0,0,0,0,0,0,0,35,46,35,46,25,35,0,0,0,0,0,0,0,0,35,46,35,46,25,35,0,0,0,0,0,0,0,0,35,46,35,46,35,46,0,0,0,0,0,0,0,0
237,800,200,800,0,200,0,1000,35,46,35,46,25,35,0,0,0,0,0,0,0,0,35,46,35,46,35,46,0,0,0,0,0,0,0,0,35,46,35,46,25,35,0,0,0,0,0,0,0,0,35,46,35,46,25,35,0,0,0,0,0,0,0,0,35,46,35,46,25,35,0,0,0,0,0,0,0,0,35,46,35,46,35,46,0,0,0,0,0,0,0,0
238,800,200,800,0,200,0,1000,35,46,35,46,25,35,7616,28,0,0,0,0,7616,28,35,46,35,46,35,46,7616,28,0,0,0,0,7616,28,35,46,35,46,25,35,7616,28,0,0,0,0,7616,28,35,46,35,46,25,35,7616,28,0,0,0,0,7616,28,35,46,35,46,25,35,7616,28,0,0,0,0,7616,28,35,46,35,46,35,46,7616,28,0,0,0,0,7616,28
239,800,200,800,0,200,0,1000,35,46,35,46,25,35,0,0,0,0,0,0,0,0,35,46,35,46,35,46,0,0,0,0,0,0,0,0,35,46,35,46,25,35,0,0,0,0,0,0,0,0,35,46,35,46,25,35,0,0,0,0,0,0,0,0,35,46,35,46,25,35,0,0,0,0,0,0,0,0,35,46,35,46,35,46,0,0,0,0,0,0,0,0
240,800,200,800,0,200,0,1000,35,46,35,46,25,35,0,0,0,0,0,0,0,0,35,46,35,46,35,46,0,0,0,0,0,0,0,0,35,46,35,46,25,35,0,0,0,0,0,0,0,0,35,46,35,46,25,35,0,0,0,0,0,0,0,0,35,46,35,46,25,35,0,0,0,0,0,0,0,0,35,46,35,46,35,46,0,0,0,0,0,0,0,0
241,800,200,800,0,200,0,1000,35,46,35,46,25,35,0,0,0,0,0,0,0,0,35,46,35,46,35,46,0,0,0,0,0,0,0,0,35,46,35,46,25,35,0,0,0,0,0,0,0,0,35,46,35,46,25,35,0,0,0,0,0,0,0,0,35,46,35,46,25,35,0,0,0,0,0,0,0,0,35,46,35,46,35,46,0,0,0,0,0,0,0,0
242,800,200,800,0,200,0,1000,35,46,35,46,25,35,6528,24,0,0,0,0,6528,24,35,46,35,46,35,46,6528,24,0,0,0,0,6528,24,35,46,35,46,25,35,6528,24,0,0,0,0,6528,24,35,46,35,46,25,35,6528,24,0,0,0,0,6528,24,35,46,35,46,25,35,6528,24,0,0,0,0,6528,24,35,46,35,46,35,46,6528,24,0,0,0,0,6528,24
243,800,200,800,0,200,0,1000,35,46,35,46,25,35,0,0,0,0,0,0,0,0,35,46,35,46,35,46,0,0,0,0,0,0,0,0,35,46,35,46,25,35,0,0,0,0,0,0,0,0,35,46,35,46,25,35,0,0,0,0,0,0,0,0,35,46,35,46,25,35,0,0,0,0,0,0,0,0,35,46,35,46,35,46,0,0,0,0,0,0,0,0
244,800,200,800,0,200,0,1000,35,46,35,46,25,35,0,0,0,0,0,0,0,0,35,46,35,46,35,46,0,0,0,0,0,0,0,0,35,46,35,46,25,35,0,0,0,0,0,0,0,0,35,46,35,46,25,35,0,0,0,0,0,0,0,0,35,46,35,46,25,35,0,0,0,0,0,0,0,0,35,46,35,46,35,46,0,0,0,0,0,0,0,0
245,800,200,800,0,200,0,1000,35,46,35,46,25,35,0,0,0,0,0,0,0,0,35,46,35,46,35,46,0,0,0,0,0,0,0,0,35,46,35,46,25,35,0,0,0,0,0,0,0,0,35,46,35,46,25,35,0,0,0,0,0,0,0,0,35,46,35,46,25,35,0,0,0,0,0,0,0,0,35,46,35,46,35,46,0,0,0,0,0,0,0,0
246,800,200,800,0,200,0,1000,35,46,35,46,25,35,5168,19,0,0,0,0,5168,19,35,46,35,46,35,46,5168,19,0,0,0,0,5168,19,35,46,35,46,25,35,5168,19,0,0,0,0,5168,19,35,46,35,46,25,35,5168,19,0,0,0,0,5168,19,35,46,35,46,25,35,5168,19,0,0,0,0,5168,19,35,46,35,46,35,46,5168,19,0,0,0,0,5168,19
247,800,200,800,0,200,0,1000,35,46,35,46,25,35,0,0,0,0,0,0,0,0,36,51,35,46,36,51,0,0,0,0,0,0,0,0,35,46,35,46,25,35,0,0,0,0,0,0,0,0,35,46,35,46,25,35,0,0,0,0,0,0,0,0,35,46,35,46,25,35,0,0,0,0,0,0,0,0,36,51,35,46,36,51,0,0,0,0,0,0,0,0
248,0,1000,0,800,200,0,1000,35,46,35,46,25,35,0,0,0,0,0,0,0,0,36,51,35,46,36,51,0,0,0,0,0,0,0,0,35,46,35,46,25,35,0,0,0,0,0,0,0,0,35,46,35,46,25,35,0,0,0,0,0,0,0,0,35,46,35,46,25,35,0,0,0,0,0,0,0,0,36,51,35,46,36,51,0,0,0,0,0,0,0,0
249,0,1000,0,800,200,0,1000,35,46,35,46,25,35,81047,1,81047,1,0,0,0,0,36,51,35,46,36,51,81047,1,81047,1,0,0,0,0,35,46,35,46,25,35,81047,1,81047,1,0,0,0,0,35,46,35,46,25,35,81047,1,81047,1,0,0,0,0,35,46,35,46,25,35,81047,1,81047,1,0,0,0,0,36,51,35,46,36,51,81047,1,81047,1,0,0,0,0
250,0,1000,0,800,200,0,1000,35,46,35,46,25,35,86275,23,0,0,80291,1,5984,22,36,51,35,46,36,51,86275,23,0,0,80291,1,5984,22,35,46,35,46,25,35,86275,23,0,0,80291,1,5984,22,35,46,35,46,25,35,86275,23,0,0,80291,1,5984,22,35,46,35,46,25,35,86275,23,0,0,80291,1,5984,22,36,51,35,46,36,51,86275,23,0,0,80291,1,5984,22
251,0,1000,0,0,1000,0,1000,36,51,35,46,36,51,0,0,0,0,0,0,0,0,36,51,35,46,36,51,0,0,0,0,0,0,0,0,36,51,35,46,36,51,0,0,0,0,0,0,0,0,36,51,35,46,36,51,0,0,0,0,0,0,0,0,36,51,35,46,36,51,0,0,0,0,0,0,0,0,36,51,35,46,36,51,0,0,0,0,0,0,0,0
252,0,1000,0,0,1000,0,1000,36,51,35,46,36,51,0,0,0,0,0,0,0,0,36,51,35,46,36,51,0,0,0,0,0,0,0,0,36,51,35,46,36,51,0,0,0,0,0,0,0,0,36,51,35,46,36,51,0,0,0,0,0,0,0,0,36,51,35,46,36,51,0,0,0,0,0,0,0,0,36,51,35,46,36,51,0,0,0,0,0,0,0,0
253,0,1000,0,0,1000,0,1000,36,51,35,46,36,51,243429,3,243429,3,0,0,0,0,36,51,35,46,36,51,243429,3,243429,3,0,0,0,0,36,51,35,46,36,51,243429,3,243429,3,0,0,0,0,36,51,35,46,36,51,243429,3,243429,3,0,0,0,0,36,51,35,46,36,51,243429,3,243429,3,0,0,0,0,36,51,35,46,36,51,243429,3,243429,3,0,0,0,0
254,0,1000,0,0,1000,0,1000,41,63,41,63,36,51,101507,79,0,0,80291,1,21216,78,41,63,41,63,36,51,101507,79,0,0,80291,1,21216,78,41,63,41,63,36,51,101507,79,0,0,80291,1,21216,78,41,63,41,63,36,51,101507,79,0,0,80291,1,21216,78,41,63,41,63,36,51,101507,79,0,0,80291,1,21216,78,41,63,41,63,36,51,101507,79,0,0,80291,1,21216,78
255,0,1000,0,0,1000,0,1000,41,63,41,63,36,51,0,0,0,0,0,0,0,0,41,63,41,63,36,51,0,0,0,0,0,0,0,0,41,63,41,63,36,51,0,0,0,0,0,0,0,0,41,63,41,63,36,51,0,0,0,0,0,0,0,0,41,63,41,63,36,51,0,0,0,0,0,0,0,0,41,63,41,63,36,51,0,0,0,0,0,0,0,0
256,0,1000,0,0,1000,0,1000,41,63,41,63,36,51,0,0,0,0,0,0,0,0,41,63,41,63,36,51,0,0,0,0,0,0,0,0,41,63,41,63,36,51,0,0,0,0,0,0,0,0,41,63,41,63,36,51,0,0,0,0,0,0,0,0,41,63,41,63,36,51,0,0,0,0,0,0,0,0,41,63,41,63,36,51,0,0,0,0,0,0,0,0
257,0,1000,0,0,1000,0,1000,41,63,41,63,36,51,331740,4,331740,4,0,0,0,0,41,63,41,63,36,51,331740,4,331740,4,0,0,0,0,41,63,41,63,36,51,331740,4,331740,4,0,0,0,0,41,63,41,63,36,51,331740,4,331740,4,0,0,0,0,41,63,41,63,36,51,331740,4,331740,4,0,0,0,0,41,63,41,63,36,51,331740,4,331740,4,0,0,0,0
258,0,1000,0,0,1000,0,1000,42,64,42,64,36,51,108035,103,0,0,80291,1,27744,102,42,64,42,64,36,51,108035,103,0,0,80291,1,27744,102,42,64,42,64,36,51,108035,103,0,0,80291,1,27744,102,42,64,42,64,36,51,108035,103,0,0,80291,1,27744,102,42,64,42,64,36,51,108035,103,0,0,80291,1,27744,102,42,64,42,64,36,51,108035,103,0,0,80291,1,27744,102
259,0,1000,0,0,1000,0,1000,42,64,42,64,37,54,0,0,0,0,0,0,0,0,42,64,42,64,37,54,0,0,0,0,0,0,0,0,42,64,42,64,37,54,0,0,0,0,0,0,0,0,42,64,42,64,37,54,0,0,0,0,0,0,0,0,42,64,42,64,37,54,0,0,0,0,0,0,0,0,42,64,42,64,37,54,0,0,0,0,0,0,0,0
260,0,1000,0,0,1000,0,1000,42,64,42,64,37,54,0,0,0,0,0,0,0,0,42,64,42,64,37,54,0,0,0,0,0,0,0,0,42,64,42,64,37,54,0,0,0,0,0,0,0,0,42,64,42,64,37,54,0,0,0,0,0,0,0,0,42,64,42,64,37,54,0,0,0,0,0,0,0,0,42,64,42,64,37,54,0,0,0,0,0,0,0,0
261,0,1000,0,0,1000,0,1000,42,64,42,64,37,54,83703,1,83703,1,0,0,0,0,42,64,42,64,37,54,83703,1,83703,1,0,0,0,0,42,64,42,64,37,54,83703,1,83703,1,0,0,0,0,42,64,42,64,37,54,83703,1,83703,1,0,0,0,0,42,64,42,64,37,54,83703,1,83703,1,0,0,0,0,42,64,42,64,37,54,83703,1,83703,1,0,0,0,0
262,0,1000,0,0,1000,0,1000,43,65,43,65,37,54,110755,113,0,0,80291,1,30464,112,43,65,43,65,37,54,110755,113,0,0,80291,1,30464,112,43,65,43,65,37,54,110755,113,0,0,80291,1,30464,112,43,65,43,65,37,54,110755,113,0,0,80291,1,30464,112,43,65,43,65,37,54,110755,113,0,0,80291,1,30464,112,43,65,43,65,37,54,110755,113,0,0,80291,1,30464,112
263,0,1000,0,0,1000,0,1000,43,65,43,65,37,54,0,0,0,0,0,0,0,0,43,65,43,65,37,54,0,0,0,0,0,0,0,0,43,65,43,65,37,54,0,0,0,0,0,0,0,0,43,65,43,65,37,54,0,0,0,0,0,0,0,0,43,65,43,65,37,54,0,0,0,0,0,0,0,0,43,65,43,65,37,54,0,0,0,0,0,0,0,0
264,0,1000,0,0,1000,0,1000,43,65,43,65,37,54,0,0,0,0,0,0,0,0,43,65,43,65,37,54,0,0,0,0,0,0,0,0,43,65,43,65,37,54,0,0,0,0,0,0,0,0,43,65,43,65,37,54,0,0,0,0,0,0,0,0,43,65,43,65,37,54,0,0,0,0,0,0,0,0,43,65,43,65,37,54,0,0,0,0,0,0,0,0
265,0,1000,0,0,1000,0,1000,43,65,43,65,37,54,84023,1,84023,1,0,0,0,0,43,65,43,65,37,54,84023,1,84023,1,0,0,0,0,43,65,43,65,37,54,84023,1,84023,1,0,0,0,0,43,65,43,65,37,54,84023,1,84023,1,0,0,0,0,43,65,43,65,37,54,84023,1,84023,1,0,0,0,0,43,65,43,65,37,54,84023,1,84023,1,0,0,0,0
266,0,1000,0,0,1000,0,1000,44,66,44,66,37,54,103411,86,0,0,80291,1,23120,85,44,66,44,66,37,54,103411,86,0,0,80291,1,23120,85,44,66,44,66,37,54,103411,86,0,0,80291,1,23120,85,44,66,44,66,37,54,103411,86,0,0,80291,1,23120,85,44,66,44,66,37,54,103411,86,0,0,80291,1,23120,85,44,66,44,66,37,54,103411,86,0,0,80291,1,23120,85
267,0,1000,0,0,1000,0,1000,44,66,44,66,38,56,0,0,0,0,0,0,0,0,44,66,44,66,38,56,0,0,0,0,0,0,0,0,44,66,44,66,38,56,0,0,0,0,0,0,0,0,44,66,44,66,38,56,0,0,0,0,0,0,0,0,44,66,44,66,38,56,0,0,0,0,0,0,0,0,44,66,44,66,38,56,0,0,0,0,0,0,0,0
268,0,1000,0,0,1000,0,1000,44,66,44,66,38,56,0,0,0,0,0,0,0,0,44,66,44,66,38,56,0,0,0,0,0,0,0,0,44,66,44,66,38,56,0,0,0,0,0,0,0,0,44,66,44,66,38,56,0,0,0,0,0,0,0,0,44,66,44,66,38,56,0,0,0,0,0,0,0,0,44,66,44,66,38,56,0,0,0,0,0,0,0,0
269,0,1000,0,0,1000,0,1000,44,66,44,66,38,56,83159,1,83159,1,0,0,0,0,44,66,44,66,38,56,83159,1,83159,1,0,0,0,0,44,66,44,66,38,56,83159,1,83159,1,0,0,0,0,44,66,44,66,38,56,83159,1,83159,1,0,0,0,0,44,66,44,66,38,56,83159,1,83159,1,0,0,0,0,44,66,44,66,38,56,83159,1,83159,1,0,0,0,0
270,0,1000,0,0,1000,0,1000,45,67,45,67,38,56,110483,112,0,0,80291,1,30192,111,45,67,45,67,38,56,110483,112,0,0,80291,1,30192,111,45,67,45,67,38,56,110483,112,0,0,80291,1,30192,111,45,67,45,67,38,56,110483,112,0,0,80291,1,30192,111,45,67,45,67,38,56,110483,112,0,0,80291,1,30192,111,45,67,45,67,38,56,110483,112,0,0,80291,1,30192,111
271,0,1000,0,0,1000,0,1000,45,67,45,67,39,57,0,0,0,0,0,0,0,0,45,67,45,67,39,57,0,0,0,0,0,0,0,0,45,67,45,67,39,57,0,0,0,0,0,0,0,0,45,67,45,67,39,57,0,0,0,0,0,0,0,0,45,67,45,67,39,57,0,0,0,0,0,0,0,0,45,67,45,67,39,57,0,0,0,0,0,0,0,0
272,0,1000,0,0,1000,0,1000,45,67,45,67,39,57,0,0,0,0,0,0,0,0,45,67,45,67,39,57,0,0,0,0,0,0,0,0,45,67,45,67,39,57,0,0,0,0,0,0,0,0,45,67,45,67,39,57,0,0,0,0,0,0,0,0,45,67,45,67,39,57,0,0,0,0,0,0,0,0,45,67,45,67,39,57,0,0,0,0,0,0,0,0
273,0,1000,0,0,1000,0,1000,45,67,45,67,39,57,83991,1,83991,1,0,0,0,0,45,67,45,67,39,57,83991,1,83991,1,0,0,0,0,45,67,45,67,39,57,83991,1,83991,1,0,0,0,0,45,67,45,67,39,57,83991,1,83991,1,0,0,0,0,45,67,45,67,39,57,83991,1,83991,1,0,0,0,0,45,67,45,67,39,57,83991,1,83991,1,0,0,0,0
274,0,1000,0,0,1000,0,1000,46,68,46,68,39,57,104499,90,0,0,80291,1,24208,89,46,68,46,68,39,57,104499,90,0,0,80291,1,24208,89,46,68,46,68,39,57,104499,90,0,0,80291,1,24208,89,46,68,46,68,39,57,104499,90,0,0,80291,1,24208,89,46,68,46,68,39,57,104499,90,0,0,80291,1,24208,89,46,68,46,68,39,57,104499,90,0,0,80291,1,24208,89
275,0,1000,0,0,1000,0,1000,46,68,46,68,39,57,0,0,0,0,0,0,0,0,46,68,46,68,39,57,0,0,0,0,0,0,0,0,46,68,46,68,39,57,0,0,0,0,0,0,0,0,46,68,46,68,39,57,0,0,0,0,0,0,0,0,46,68,46,68,39,57,0,0,0,0,0,0,0,0,46,68,46,68,39,57,0,0,0,0,0,0,0,0
276,0,1000,0,0,1000,0,1000,46,68,46,68,39,57,0,0,0,0,0,0,0,0,46,68,46,68,39,57,0,0,0,0,0,0,0,0,46,68,46,68,39,57,0,0,0,0,0,0,0,0,46,68,46,68,39,57,0,0,0,0,0,0,0,0,46,68,46,68,39,57,0,0,0,0,0,0,0,0,46,68,46,68,39,57,0,0,0,0,0,0,0,0
277,0,1000,0,0,1000,0,1000,46,68,46,68,39,57,416435,5,416435,5,0,0,0,0,46,68,46,68,39,57,416435,5,416435,5,0,0,0,0,46,68,46,68,39,57,416435,5,416435,5,0,0,0,0,46,68,46,68,39,57,416435,5,416435,5,0,0,0,0,46,68,46,68,39,57,416435,5,416435,5,0,0,0,0,46,68,46,68,39,57,416435,5,416435,5,0,0,0,0
278,0,1000,0,0,1000,0,1000,47,69,47,69,39,57,108307,104,0,0,80291,1,28016,103,47,69,47,69,39,57,108307,104,0,0,80291,1,28016,103,47,69,47,69,39,57,108307,104,0,0,80291,1,28016,103,47,69,47,69,39,57,108307,104,0,0,80291,1,28016,103,47,69,47,69,39,57,108307,104,0,0,80291,1,28016,103,47,69,47,69,39,57,108307,104,0,0,80291,1,28016,103
279,0,1000,0,0,1000,0,1000,47,69,47,69,39,57,0,0,0,0,0,0,0,0,47,69,47,69,39,57,0,0,0,0,0,0,0,0,47,69,47,69,39,57,0,0,0,0,0,0,0,0,47,69,47,69,39,57,0,0,0,0,0,0,0,0,47,69,47,69,39,57,0,0,0,0,0,0,0,0,47,69,47,69,39,57,0,0,0,0,0,0,0,0
280,0,1000,0,0,1000,0,1000,47,69,47,69,39,57,0,0,0,0,0,0,0,0,47,69,47,69,39,57,0,0,0,0,0,0,0,0,47,69,47,69,39,57,0,0,0,0,0,0,0,0,47,69,47,69,39,57,0,0,0,0,0,0,0,0,47,69,47,69,39,57,0,0,0,0,0,0,0,0,47,69,47,69,39,57,0,0,0,0,0,0,0,0
281,0,1000,0,0,1000,0,1000,47,69,47,69,39,57,251205,3,251205,3,0,0,0,0,47,69,47,69,39,57,251205,3,251205,3,0,0,0,0,47,69,47,69,39,57,251205,3,251205,3,0,0,0,0,47,69,47,69,39,57,251205,3,251205,3,0,0,0,0,47,69,47,69,39,57,251205,3,251205,3,0,0,0,0,47,69,47,69,39,57,251205,3,251205,3,0,0,0,0
282,0,1000,0,0,1000,0,1000,48,70,48,70,39,57,109395,108,0,0,80291,1,29104,107,48,70,48,70,39,57,109395,108,0,0,80291,1,29104,107,48,70,48,70,39,57,109395,108,0,0,80291,1,29104,107,48,70,48,70,39,57,109395,108,0,0,80291,1,29104,107,48,70,48,70,39,57,109395,108,0,0,80291,1,29104,107,48,70,48,70,39,57,109395,108,0,0,80291,1,29104,107
283,0,1000,0,0,1000,0,1000,48,70,48,70,39,57,0,0,0,0,0,0,0,0,48,70,48,70,39,57,0,0,0,0,0,0,0,0,48,70,48,70,39,57,0,0,0,0,0,0,0,0,48,70,48,70,39,57,0,0,0,0,0,0,0,0,48,70,48,70,39,57,0,0,0,0,0,0,0,0,48,70,48,70,39,57,0,0,0,0,0,0,0,0
284,0,1000,0,0,1000,0,1000,48,70,48,70,39,57,0,0,0,0,0,0,0,0,48,70,48,70,39,57,0,0,0,0,0,0,0,0,48,70,48,70,39,57,0,0,0,0,0,0,0,0,48,70,48,70,39,57,0,0,0,0,0,0,0,0,48,70,48,70,39,57,0,0,0,0,0,0,0,0,48,70,48,70,39,57,0,0,0,0,0,0,0,0
285,0,1000,0,0,1000,0,1000,48,70,48,70,39,57,167726,2,167726,2,0,0,0,0,48,70,48,70,39,57,167726,2,167726,2,0,0,0,0,48,70,48,70,39,57,167726,2,167726,2,0,0,0,0,48,70,48,70,39,57,167726,2,167726,2,0,0,0,0,48,70,48,70,39,57,167726,2,167726,2,0,0,0,0,48,70,48,70,39,57,167726,2,167726,2,0,0,0,0
286,0,1000,0,0,1000,0,1000,49,71,49,71,39,57,112931,121,0,0,80291,1,32640,120,49,71,49,71,39,57,112931,121,0,0,80291,1,32640,120,49,71,49,71,39,57,112931,121,0,0,80291,1,32640,120,49,71,49,71,39,57,112931,121,0,0,80291,1,32640,120,49,71,49,71,39,57,112931,121,0,0,80291,1,32640,120,49,71,49,71,39,57,112931,121,0,0,80291,1,32640,120
287,0,1000,0,0,1000,0,1000,49,71,49,71,39,57,0,0,0,0,0,0,0,0,49,71,49,71,39,57,0,0,0,0,0,0,0,0,49,71,49,71,39,57,0,0,0,0,0,0,0,0,49,71,49,71,39,57,0,0,0,0,0,0,0,0,49,71,49,71,39,57,0,0,0,0,0,0,0,0,49,71,49,71,39,57,0,0,0,0,0,0,0,0
288,0,1000,0,0,1000,0,1000,49,71,49,71,39,57,0,0,0,0,0,0,0,0,49,71,49,71,39,57,0,0,0,0,0,0,0,0,49,71,49,71,39,57,0,0,0,0,0,0,0,0,49,71,49,71,39,57,0,0,0,0,0,0,0,0,49,71,49,71,39,57,0,0,0,0,0,0,0,0,49,71,49,71,39,57,0,0,0,0,0,0,0,0
289,0,1000,0,0,1000,0,1000,49,71,49,71,39,57,421395,5,421395,5,0,0,0,0,49,71,49,71,39,57,421395,5,421395,5,0,0,0,0,49,71,49,71,39,57,421395,5,421395,5,0,0,0,0,49,71,49,71,39,57,421395,5,421395,5,0,0,0,0,49,71,49,71,39,57,421395,5,421395,5,0,0,0,0,49,71,49,71,39,57,421395,5,421395,5,0,0,0,0
290,0,1000,0,0,1000,0,1000,50,72,50,72,39,57,109939,110,0,0,80291,1,29648,109,50,72,50,72,39,57,109939,110,0,0,80291,1,29648,109,50,72,50,72,39,57,109939,110,0,0,80291,1,29648,109,50,72,50,72,39,57,109939,110,0,0,80291,1,29648,109,50,72,50,72,39,57,109939,110,0,0,80291,1,29648,109,50,72,50,72,39,57,109939,110,0,0,80291,1,29648,109
291,0,1000,0,0,1000,0,1000,50,72,50,72,40,62,0,0,0,0,0,0,0,0,50,72,50,72,40,62,0,0,0,0,0,0,0,0,50,72,50,72,40,62,0,0,0,0,0,0,0,0,50,72,50,72,40,62,0,0,0,0,0,0,0,0,50,72,50,72,40,62,0,0,0,0,0,0,0,0,50,72,50,72,40,62,0,0,0,0,0,0,0,0
292,0,1000,0,0,1000,0,1000,50,72,50,72,40,62,0,0,0,0,0,0,0,0,50,72,50,72,40,62,0,0,0,0,0,0,0,0,50,72,50,72,40,62,0,0,0,0,0,0,0,0,50,72,50,72,40,62,0,0,0,0,0,0,0,0,50,72,50,72,40,62,0,0,0,0,0,0,0,0,50,72,50,72,40,62,0,0,0,0,0,0,0,0
293,0,1000,0,0,1000,0,1000,50,72,50,72,40,62,251781,3,251781,3,0,0,0,0,50,72,50,72,40,62,251781,3,251781,3,0,0,0,0,50,72,50,72,40,62,251781,3,251781,3,0,0,0,0,50,72,50,72,40,62,251781,3,251781,3,0,0,0,0,50,72,50,72,40,62,251781,3,251781,3,0,0,0,0,50,72,50,72,40,62,251781,3,251781,3,0,0,0,0
294,0,1000,0,0,1000,0,1000,51,73,51,73,40,62,106403,97,0,0,80291,1,26112,96,51,73,51,73,40,62,106403,97,0,0,80291,1,26112,96,51,73,51,73,40,62,106403,97,0,0,80291,1,26112,96,51,73,51,73,40,62,106403,97,0,0,80291,1,26112,96,51,73,51,73,40,62,106403,97,0,0,80291,1,26112,96,51,73,51,73,40,62,106403,97,0,0,80291,1,26112,96
295,0,1000,0,0,1000,0,1000,51,73,51,73,41,63,0,0,0,0,0,0,0,0,51,73,51,73,41,63,0,0,0,0,0,0,0,0,51,73,51,73,41,63,0,0,0,0,0,0,0,0,51,73,51,73,41,63,0,0,0,0,0,0,0,0,51,73,51,73,41,63,0,0,0,0,0,0,0,0,51,73,51,73,41,63,0,0,0,0,0,0,0,0
296,0,1000,0,0,1000,0,1000,51,73,51,73,41,63,0,0,0,0,0,0,0,0,51,73,51,73,41,63,0,0,0,0,0,0,0,0,51,73,51,73,41,63,0,0,0,0,0,0,0,0,51,73,51,73,41,63,0,0,0,0,0,0,0,0,51,73,51,73,41,63,0,0,0,0,0,0,0,0,51,73,51,73,41,63,0,0,0,0,0,0,0,0
297,0,1000,0,0,1000,0,1000,51,73,51,73,41,63,501065,6,501065,6,0,0,0,0,51,73,51,73,41,63,501065,6,501065,6,0,0,0,0,51,73,51,73,41,63,501065,6,501065,6,0,0,0,0,51,73,51,73,41,63,501065,6,501065,6,0,0,0,0,51,73,51,73,41,63,501065,6,501065,6,0,0,0,0,51,73,51,73,41,63,501065,6,501065,6,0,0,0,0
298,0,1000,0,0,1000,0,1000,52,74,52,74,41,63,112115,118,0,0,80291,1,31824,117,52,74,52,74,41,63,112115,118,0,0,80291,1,31824,117,52,74,52,74,41,63,112115,118,0,0,80291,1,31824,117,52,74,52,74,41,63,112115,118,0,0,80291,1,31824,117,52,74,52,74,41,63,112115,118,0,0,80291,1,31824,117,52,74,52,74,41,63,112115,118,0,0,80291,1,31824,117
299,0,1000,0,0,1000,0,1000,52,74,52,74,42,64,0,0,0,0,0,0,0,0,52,74,52,74,42,64,0,0,0,0,0,0,0,0,52,74,52,74,42,64,0,0,0,0,0,0,0,0,52,74,52,74,42,64,0,0,0,0,0,0,0,0,52,74,52,74,42,64,0,0,0,0,0,0,0,0,52,74,52,74,42,64,0,0,0,0,0,0,0,0
300,0,1000,0,0,1000,0,1000,52,74,52,74,42,64,0,0,0,0,0,0,0,0,52,74,52,74,42,64,0,0,0,0,0,0,0,0,52,74,52,74,42,64,0,0,0,0,0,0,0,0,52,74,52,74,42,64,0,0,0,0,0,0,0,0,52,74,52,74,42,64,0,0,0,0,0,0,0,0,52,74,52,74,42,64,0,0,0,0,0,0,0,0
301,0,1000,0,0,1000,0,1000,52,74,52,74,42,64,0,0,0,0,0,0,0,0,52,74,52,74,42,64,0,0,0,0,0,0,0,0,52,74,52,74,42,64,0,0,0,0,0,0,0,0,52,74,52,74,42,64,0,0,0,0,0,0,0,0,52,74,52,74,42,64,0,0,0,0,0,0,0,0,52,74,52,74,42,64,0,0,0,0,0,0,0,0
302,0,1000,0,0,1000,0,1000,52,74,52,74,42,64,23120,85,0,0,0,0,23120,85,52,74,52,74,42,64,23120,85,0,0,0,0,23120,85,52,74,52,74,42,64,23120,85,0,0,0,0,23120,85,52,74,52,74,42,64,23120,85,0,0,0,0,23120,85,52,74,52,74,42,64,23120,85,0,0,0,0,23120,85,52,74,52,74,42,64,23120,85,0,0,0,0,23120,85
303,0,1000,0,0,1000,0,1000,52,74,52,74,43,65,0,0,0,0,0,0,0,0,52,74,52,74,43,65,0,0,0,0,0,0,0,0,52,74,52,74,43,65,0,0,0,0,0,0,0,0,52,74,52,74,43,65,0,0,0,0,0,0,0,0,52,74,52,74,43,65,0,0,0,0,0,0,0,0,52,74,52,74,43,65,0,0,0,0,0,0,0,0

digraph G {
  rankdir=BT;
  style=filled;
  color=lightgrey;
  node [shape=box,style=filled,color=white];
  b_HVNJyr9InnI [label="H(VNJyr9InnI)\nt=68 id=807"];
  b_Hh5nAkqague [label="H(h5nAkqague)\nt=40 id=87"];
  b_HzRywepvgdd [label="H(zRywepvgdd)\nt=2 id=368"];
  b_HZye56hUw9 [label="H(Zye56/hUw9)\nt=38 id=689"];
  b_Hd9yKBjIYu [label="H(d9yKBjIYu+)\nt=65 id=162"];
  b_HMCAWvqupd4 [label="H(MCAWvqupd4)\nt=3 id=585"];
  b_Hvcu6zmAbXy [label="H(vcu6zmAbXy)\nt=42 id=880"];
  b_HlF50NgyFfl [label="H(lF50NgyFfl)\nt=7 id=508"];
  b_HOA9oyEMUV [label="H(OA9oy+EMUV)\nt=66 id=356"];
  b_HDuRFHyW4A [label="H(D+uRFHyW4A)\nt=8 id=193"];
  b_HWktYebH4gV [label="H(WktYebH4gV)\nt=41 id=90"];
  b_HfrDdRKxgte [label="H(frDdRKxgte)\nt=73 id=777"];
  b_Hi2V7cLn8eM [label="H(i2V7cLn8eM)\nt=44 id=170"];
  b_HE6FLeqsn3Z [label="H(E6FLeqsn3Z)\nt=21 id=170"];
  b_HkCaFv3mlL [label="H(kCaFv3m+lL)\nt=9 id=574"];
  b_HT8FDTTVl8x [label="H(T8FDTTVl8x)\nt=36 id=341"];
  b_HraRFA7a2u [label="H(raRFA7a2/u)\nt=62 id=691"];
  b_Hy4kJ3mFSA [label="H(y4k/J3mFSA)\nt=72 id=661"];
  b_HtfjqBmd7q [label="H(tfjq+Bmd7q)\n"];
  b_HHaJowuqw5 [label="H(HaJowuqw+5)\nt=34 id=125"];
  b_HjgIdwO8T29 [label="H(jgIdwO8T29)\nt=39 id=350"];
  b_HjOB6wLRQpM [label="H(jOB6wLRQpM)\nt=13 id=955"];
  b_HTbA58ZKUU [label="H(T+bA58ZKUU)\nt=57 id=511"];
  b_HEOed9Vwnc [label="H(E/Oed9Vwnc)\nt=71 id=904"];
  b_HSTDMsj9mYd [label="H(STDMsj9mYd)\nt=12 id=725"];
  b_HEkt59TpzvI [label="H(Ekt59TpzvI)\nt=16 id=340"];
  b_HckA3xptvy [label="H(ckA3/xptvy)\nt=54 id=987"];
  b_HQPG3OoE1tS [label="H(QPG3OoE1tS)\nt=67 id=226"];
  b_H3YCuwkH41 [label="H(3+YCuwkH41)\nt=69 id=378"];
  b_HqOz90Nedn [label="H(qOz90Ne/dn)\nt=14 id=240"];
  b_HlWTnnHhf1g [label="H(lWTnnHhf1g)\nt=15 id=479"];
  b_HhUIHcfk3k8 [label="H(hUIHcfk3k8)\nt=46 id=589"];
  b_HZNMW39wa2p [label="H(ZNMW39wa2p)\nt=5 id=393"];
  b_HXh1EoqNM5E [label="H(Xh1EoqNM5E)\nt=22 id=380"];
  b_HdEOOyeWOt2 [label="H(dEOOyeWOt2)\nt=26 id=690"];
  b_HdwQsKEh4WQ [label="H(dwQsKEh4WQ)\nt=6 id=11"];
  b_HjwvLHpzLZ [label="H(jwvLHpz/LZ)\nt=10 id=870"];
  b_HgUAGs2ezc2 [label="H(gUAGs2ezc2)\nt=18 id=204"];
  b_Hn0xL57gzvh [label="H(n0xL57gzvh)\nt=24 id=797"];
  b_Hvxildun [label="H(vxi/l+/dun)\nt=33 id=390"];
  b_HJbdAbVag [label="H(JbdA+bVag/)\nt=45 id=19"];
  b_HWC4ChBVh4Y [label="H(WC4ChBVh4Y)\nt=56 id=698"];
  b_HYAoXFlxXd [label="H(YA+oXFlxXd)\nt=43 id=958"];
  b_HJmscSDRyug [label="H(JmscSDRyug)\nt=63 id=408"];
  b_HoJyucTZ85 [label="H(oJyucT/Z85)\nt=11 id=686"];
  b_H5RXTICawYt [label="H(5RXTICawYt)\nt=51 id=400"];
  b_HkCyJeH9m [label="H(+kC/yJeH9m)\nt=74 id=589"];
  b_HBvebqhACZE [label="H(BvebqhACZE)\nt=31 id=103"];
  b_HCOeG1m0pI [label="H(C/OeG1m0pI)\nt=64 id=619"];
  b_HYc8pSwtq8C [label="H(Yc8pSwtq8C)\nt=1 id=631"];
  b_HwrkwJHUTHZ [label="H(wrkwJHUTHZ)\nt=70 id=551"];
  b_H6cBNvGNcx [label="H(/6cBNvGNcx)\nt=35 id=868"];
  b_HqNuJd1CPK [label="H(qNuJd1CPK/)\nt=4 id=298"];
  b_HVNJyr9InnI -> b_HQPG3OoE1tS;
  b_Hh5nAkqague -> b_HjgIdwO8T29;
  b_HzRywepvgdd -> b_HYc8pSwtq8C;
  b_HZye56hUw9 -> b_HT8FDTTVl8x;
  b_Hd9yKBjIYu -> b_HCOeG1m0pI;
  b_HMCAWvqupd4 -> b_HzRywepvgdd;
  b_Hvcu6zmAbXy -> b_HWktYebH4gV;
  b_HlF50NgyFfl -> b_HdwQsKEh4WQ;
  b_HOA9oyEMUV -> b_Hd9yKBjIYu;
  b_HDuRFHyW4A -> b_HlF50NgyFfl;
  b_HWktYebH4gV -> b_Hh5nAkqague;
  b_HfrDdRKxgte -> b_Hy4kJ3mFSA;
  b_Hi2V7cLn8eM -> b_HYAoXFlxXd;
  b_HE6FLeqsn3Z -> b_HgUAGs2ezc2;
  b_HkCaFv3mlL -> b_HDuRFHyW4A;
  b_HT8FDTTVl8x -> b_H6cBNvGNcx;
  b_HraRFA7a2u -> b_HTbA58ZKUU;
  b_Hy4kJ3mFSA -> b_HEOed9Vwnc;
  b_HHaJowuqw5 -> b_Hvxildun;
  b_HjgIdwO8T29 -> b_HZye56hUw9;
  b_HjOB6wLRQpM -> b_HSTDMsj9mYd;
  b_HTbA58ZKUU -> b_HWC4ChBVh4Y;
  b_HEOed9Vwnc -> b_HwrkwJHUTHZ;
  b_HSTDMsj9mYd -> b_HoJyucTZ85;
  b_HEkt59TpzvI -> b_HlWTnnHhf1g;
  b_HckA3xptvy -> b_H5RXTICawYt;
  b_HQPG3OoE1tS -> b_HOA9oyEMUV;
  b_H3YCuwkH41 -> b_HVNJyr9InnI;
  b_HqOz90Nedn -> b_HjOB6wLRQpM;
  b_HlWTnnHhf1g -> b_HqOz90Nedn;
  b_HhUIHcfk3k8 -> b_HJbdAbVag;
  b_HZNMW39wa2p -> b_HqNuJd1CPK;
  b_HXh1EoqNM5E -> b_HE6FLeqsn3Z;
  b_HdEOOyeWOt2 -> b_Hn0xL57gzvh;
  b_HdwQsKEh4WQ -> b_HZNMW39wa2p;
  b_HjwvLHpzLZ -> b_HkCaFv3mlL;
  b_HgUAGs2ezc2 -> b_HEkt59TpzvI;
  b_Hn0xL57gzvh -> b_HXh1EoqNM5E;
  b_Hvxildun -> b_HBvebqhACZE;
  b_HJbdAbVag -> b_Hi2V7cLn8eM;
  b_HWC4ChBVh4Y -> b_HckA3xptvy;
  b_HYAoXFlxXd -> b_Hvcu6zmAbXy;
  b_HJmscSDRyug -> b_HraRFA7a2u;
  b_HoJyucTZ85 -> b_HjwvLHpzLZ;
  b_H5RXTICawYt -> b_HhUIHcfk3k8;
  b_HkCyJeH9m -> b_HfrDdRKxgte;
  b_HBvebqhACZE -> b_HdEOOyeWOt2;
  b_HCOeG1m0pI -> b_HJmscSDRyug;
  b_HYc8pSwtq8C -> b_HtfjqBmd7q;
  b_HwrkwJHUTHZ -> b_H3YCuwkH41;
  b_H6cBNvGNcx -> b_HHaJowuqw5;
  b_HqNuJd1CPK -> b_HMCAWvqupd4;
  v_HoqgZQMeOnz [label="id=501 t=75"];
  v_HoqgZQMeOnz -> b_HkCyJeH9m;
  v_HcnFzqWPmP7 [label="id=646 t=75"];
  v_HcnFzqWPmP7 -> b_HkCyJeH9m;
  v_H4QNpF6wMu [label="id=816 t=75"];
  v_H4QNpF6wMu -> b_HkCyJeH9m;
  v_Hb9qjB9eGdk [label="id=460 t=75"];
  v_Hb9qjB9eGdk -> b_HkCyJeH9m;
  v_HAuYfi5F1gm [label="id=973 t=75"];
  v_HAuYfi5F1gm -> b_HkCyJeH9m;
  v_HpsdWODUpgl [label="id=186 t=75"];
  v_HpsdWODUpgl -> b_HkCyJeH9m;
  v_HydgO8Z5a74 [label="id=106 t=75"];
  v_HydgO8Z5a74 -> b_HkCyJeH9m;
  v_H77XdTmLXp [label="id=927 t=75"];
  v_H77XdTmLXp -> b_HkCyJeH9m;
  v_HmeJalPqkAt [label="id=781 t=75"];
  v_HmeJalPqkAt -> b_HkCyJeH9m;
  v_HPVpmY3BAl [label="id=11 t=75"];
  v_HPVpmY3BAl -> b_HkCyJeH9m;
  v_HC7hqnokgiw [label="id=598 t=75"];
  v_HC7hqnokgiw -> b_HkCyJeH9m;
  v_H8TNIpEe6kN [label="id=39 t=75"];
  v_H8TNIpEe6kN -> b_HkCyJeH9m;
  v_Heyw7XNF [label="id=27 t=75"];
  v_Heyw7XNF -> b_HkCyJeH9m;
  v_Hy0PGlVe8m [label="id=737 t=75"];
  v_Hy0PGlVe8m -> b_HkCyJeH9m;
  v_H5Pb2PrMCZ [label="id=502 t=75"];
  v_H5Pb2PrMCZ -> b_HkCyJeH9m;
  v_HCHMg7zHmY7 [label="id=979 t=75"];
  v_HCHMg7zHmY7 -> b_HkCyJeH9m;
  v_Hby6Z95KGT4 [label="id=585 t=75"];
  v_Hby6Z95KGT4 -> b_HkCyJeH9m;
  v_HbPWCZ3SIFJ [label="id=426 t=75"];
  v_HbPWCZ3SIFJ -> b_HkCyJeH9m;
  v_HP6wa5hFDU [label="id=724 t=75"];
  v_HP6wa5hFDU -> b_HkCyJeH9m;
  v_HxUYfNFeLNo [label="id=848 t=75"];
  v_HxUYfNFeLNo -> b_HkCyJeH9m;
  v_HpTsuYtRTvd [label="id=62 t=75"];
  v_HpTsuYtRTvd -> b_HkCyJeH9m;
  v_HtOVeh2SOkw [label="id=8 t=75"];
  v_HtOVeh2SOkw -> b_HkCyJeH9m;
  v_H2MKcGpVe6 [label="id=860 t=75"];
  v_H2MKcGpVe6 -> b_HkCyJeH9m;
  v_HGe6TFp4AG [label="id=528 t=75"];
  v_HGe6TFp4AG -> b_HkCyJeH9m;
  v_HEVPOEBz2cl [label="id=998 t=75"];
  v_HEVPOEBz2cl -> b_HkCyJeH9m;
  v_Hi0vpj66SC [label="id=357 t=75"];
  v_Hi0vpj66SC -> b_HkCyJeH9m;
  v_HnQManiS5E [label="id=309 t=75"];
  v_HnQManiS5E -> b_HkCyJeH9m;
  v_HMX0SJfxe7 [label="id=37 t=75"];
  v_HMX0SJfxe7 -> b_HkCyJeH9m;
  v_HhZL6wOXqh [label="id=83 t=75"];
  v_HhZL6wOXqh -> b_HkCyJeH9m;
  v_HnsQrJPIqhp [label="id=271 t=75"];
  v_HnsQrJPIqhp -> b_HkCyJeH9m;
  v_HBdAG671n [label="id=329 t=75"];
  v_HBdAG671n -> b_HkCyJeH9m;
  v_HkesGEE4HEZ [label="id=203 t=75"];
  v_HkesGEE4HEZ -> b_HkCyJeH9m;
  v_H9YJzCDoAlT [label="id=645 t=75"];
  v_H9YJzCDoAlT -> b_HkCyJeH9m;
  v_HgpsONo6pvg [label="id=874 t=75"];
  v_HgpsONo6pvg -> b_HkCyJeH9m;
  v_HEgMcS0x8j [label="id=413 t=75"];
  v_HEgMcS0x8j -> b_HkCyJeH9m;
  v_HFHptLGGyGw [label="id=757 t=75"];
  v_HFHptLGGyGw -> b_HkCyJeH9m;
  v_HlMgFYHsi3H [label="id=197 t=75"];
  v_HlMgFYHsi3H -> b_HkCyJeH9m;
  v_HuNxP11xra [label="id=775 t=75"];
  v_HuNxP11xra -> b_HkCyJeH9m;
  v_HMsDqfhCip [label="id=388 t=75"];
  v_HMsDqfhCip -> b_HkCyJeH9m;
  v_HHf65VPgT8J [label="id=990 t=75"];
  v_HHf65VPgT8J -> b_HkCyJeH9m;
  v_HrPySfov65o [label="id=69 t=75"];
  v_HrPySfov65o -> b_HkCyJeH9m;
  v_H3lyMBBzK0n [label="id=403 t=75"];
  v_H3lyMBBzK0n -> b_HkCyJeH9m;
  v_Hs7OplNAqrA [label="id=567 t=75"];
  v_Hs7OplNAqrA -> b_HkCyJeH9m;
  v_HkIUV1bnZz3 [label="id=851 t=75"];
  v_HkIUV1bnZz3 -> b_HkCyJeH9m;
  v_HjRS3EQH4sv [label="id=952 t=75"];
  v_HjRS3EQH4sv -> b_HkCyJeH9m;
  v_H2bDgcprReG [label="id=901 t=75"];
  v_H2bDgcprReG -> b_HkCyJeH9m;
  v_H29zjM74PES [label="id=201 t=75"];
  v_H29zjM74PES -> b_HkCyJeH9m;
  v_H1F5feUrRxJ [label="id=473 t=75"];
  v_H1F5feUrRxJ -> b_HkCyJeH9m;
  v_HxzvOPu50YN [label="id=436 t=75"];
  v_HxzvOPu50YN -> b_HkCyJeH9m;
  v_HyGztwHbm16 [label="id=596 t=75"];
  v_HyGztwHbm16 -> b_HkCyJeH9m;
  v_HclfAgVk7Q [label="id=125 t=75"];
  v_HclfAgVk7Q -> b_HkCyJeH9m;
  v_HDuWfobo9pw [label="id=251 t=75"];
  v_HDuWfobo9pw -> b_HkCyJeH9m;
  v_HBEOUNaDVPa [label="id=949 t=75"];
  v_HBEOUNaDVPa -> b_HkCyJeH9m;
  v_HvrfGqi0zJk [label="id=118 t=75"];
  v_HvrfGqi0zJk -> b_HkCyJeH9m;
  v_HfkJOTPO6m4 [label="id=318 t=75"];
  v_HfkJOTPO6m4 -> b_HkCyJeH9m;
  v_HmwsZO5qVil [label="id=232 t=75"];
  v_HmwsZO5qVil -> b_HkCyJeH9m;
  v_HXJNKxSTIR [label="id=386 t=75"];
  v_HXJNKxSTIR -> b_HkCyJeH9m;
  v_HTROjTa8j4M [label="id=635 t=75"];
  v_HTROjTa8j4M -> b_HkCyJeH9m;
  v_HNKSUVSGKgq [label="id=815 t=75"];
  v_HNKSUVSGKgq -> b_HkCyJeH9m;
  v_HT9d4EFu5d [label="id=671 t=75"];
  v_HT9d4EFu5d -> b_HkCyJeH9m;
  v_H7G8VVqXkvu [label="id=50 t=75"];
  v_H7G8VVqXkvu -> b_HkCyJeH9m;
  v_H6DrbgBjrJM [label="id=172 t=75"];
  v_H6DrbgBjrJM -> b_HkCyJeH9m;
  v_HEWAOnlEq9D [label="id=176 t=75"];
  v_HEWAOnlEq9D -> b_HkCyJeH9m;
  v_Hu8Qpmcm0Rc [label="id=68 t=75"];
  v_Hu8Qpmcm0Rc -> b_HkCyJeH9m;
  v_HSPcvOYlRoi [label="id=74 t=75"];
  v_HSPcvOYlRoi -> b_HkCyJeH9m;
  v_HKxo058gboL [label="id=49 t=75"];
  v_HKxo058gboL -> b_HkCyJeH9m;
  v_HkPfDuVJHs6 [label="id=497 t=75"];
  v_HkPfDuVJHs6 -> b_HkCyJeH9m;
  v_HYmKgrQx5E [label="id=777 t=75"];
  v_HYmKgrQx5E -> b_HkCyJeH9m;
  v_HHGyaX7UtC [label="id=670 t=75"];
  v_HHGyaX7UtC -> b_HkCyJeH9m;
  v_Hr3jf8aVvsH [label="id=522 t=75"];
  v_Hr3jf8aVvsH -> b_HkCyJeH9m;
  v_H1dltWZjRc [label="id=741 t=75"];
  v_H1dltWZjRc -> b_HkCyJeH9m;
  v_H26A0zrWBA [label="id=818 t=75"];
  v_H26A0zrWBA -> b_HkCyJeH9m;
  v_HTycK0cxH [label="id=374 t=75"];
  v_HTycK0cxH -> b_HkCyJeH9m;
  v_HFKE8rTX7kY [label="id=1 t=75"];
  v_HFKE8rTX7kY -> b_HkCyJeH9m;
  v_H9l9ph5YXJs [label="id=480 t=75"];
  v_H9l9ph5YXJs -> b_HkCyJeH9m;
  v_HMJRn0mTmM [label="id=484 t=75"];
  v_HMJRn0mTmM -> b_HkCyJeH9m;
  v_HnvuGhxfo4 [label="id=739 t=75"];
  v_HnvuGhxfo4 -> b_HkCyJeH9m;
  v_Hw5ASGn38Un [label="id=938 t=75"];
  v_Hw5ASGn38Un -> b_HkCyJeH9m;
  v_H8h2aiJGSUS [label="id=212 t=75"];
  v_H8h2aiJGSUS -> b_HkCyJeH9m;
  v_HTIUwtNPSpe [label="id=123 t=75"];
  v_HTIUwtNPSpe -> b_HkCyJeH9m;
  v_H89UYmncrBU [label="id=287 t=75"];
  v_H89UYmncrBU -> b_HkCyJeH9m;
  v_Hcjc4fwGt [label="id=994 t=75"];
  v_Hcjc4fwGt -> b_HkCyJeH9m;
  v_HLrnL4cX3Xb [label="id=725 t=75"];
  v_HLrnL4cX3Xb -> b_HkCyJeH9m;
  v_Hn642V2AoIQ [label="id=88 t=75"];
  v_Hn642V2AoIQ -> b_HkCyJeH9m;
  v_HfP9ZUi5asQ [label="id=524 t=75"];
  v_HfP9ZUi5asQ -> b_HkCyJeH9m;
}


ALWAYS AWAKE final ledgers: 52 74 52 74 43 65
ALWAYS AWAKE total communication: 16695747 5195
ALWAYS AWAKE blocks communication: 4175119 52
ALWAYS AWAKE votes communication: 1362448 5009
ALWAYS AWAKE proposals communication: 11158180 134
