r,n_asleep,n_awake,n_honest_asleep,n_honest_dreamy,n_honest_awake,n_adversary,n_all,party0_ledger_best_length,party0_ledger_best_age,party0_ledger_fast_length,party0_ledger_fast_age,party0_ledger_slow_length,party0_ledger_slow_age,party0_comms_all_size,party0_comms_all_count,party0_comms_proposal_size,party0_comms_proposal_count,party0_comms_piece_block_size,party0_comms_piece_block_count,party0_comms_piece_vote_size,party0_comms_piece_vote_count,party1_ledger_best_length,party1_ledger_best_age,party1_ledger_fast_length,party1_ledger_fast_age,party1_ledger_slow_length,party1_ledger_slow_age,party1_comms_all_size,party1_comms_all_count,party1_comms_proposal_size,party1_comms_proposal_count,party1_comms_piece_block_size,party1_comms_piece_block_count,party1_comms_piece_vote_size,party1_comms_piece_vote_count,party2_ledger_best_length,party2_ledger_best_age,party2_ledger_fast_length,party2_ledger_fast_age,party2_ledger_slow_length,party2_ledger_slow_age,party2_comms_all_size,party2_comms_all_count,party2_comms_proposal_size,party2_comms_proposal_count,party2_comms_piece_block_size,party2_comms_piece_block_count,party2_comms_piece_vote_size,party2_comms_piece_vote_count,party3_ledger_best_length,party3_ledger_best_age,party3_ledger_fast_length,party3_ledger_fast_age,party3_ledger_slow_length,party3_ledger_slow_age,party3_comms_all_size,party3_comms_all_count,party3_comms_proposal_size,party3_comms_proposal_count,party3_comms_piece_block_size,party3_comms_piece_block_count,party3_comms_piece_vote_size,party3_comms_piece_vote_count,party4_ledger_best_length,party4_ledger_best_age,party4_ledger_fast_length,party4_ledger_fast_age,party4_ledger_slow_length,party4_ledger_slow_age,party4_comms_all_size,party4_comms_all_count,party4_comms_proposal_size,party4_comms_proposal_count,party4_comms_piece_block_size,party4_comms_piece_block_count,party4_comms_piece_vote_size,party4_comms_piece_vote_count,partyALWAYSAWAKE_ledger_best_length,partyALWAYSAWAKE_ledger_best_age,partyALWAYSAWAKE_ledger_fast_length,partyALWAYSAWAKE_ledger_fast_age,partyALWAYSAWAKE_ledger_slow_length,partyALWAYSAWAKE_ledger_slow_age,partyALWAYSAWAKE_comms_all_size,partyALWAYSAWAKE_comms_all_count,partyALWAYSAWAKE_comms_proposal_size,partyALWAYSAWAKE_comms_proposal_count,partyALWAYSAWAKE_comms_piece_block_size,partyALWAYSAWAKE_comms_piece_block_count,partyALWAYSAWAKE_comms_piece_vote_size,partyALWAYSAWAKE_comms_piece_vote_count
4,0,100,0,0,100,0,100,0,0,0,0,0,0,0,0,0,0,0,0,0,0,0,0,0,0,0,0,0,0,0,0,0,0,0,0,0,0,0,0,0,0,0,0,0,0,0,0,0,0,0,0,0,0,0,0,0,0,0,0,0,0,0,0,0,0,0,0,0,0,0,0,0,0,0,0,0,0,0,0,0,0,0,0,0,0,0,0,0,0,0,0
5,0,100,0,0,100,0,100,0,0,0,0,0,0,80437,1,80437,1,0,0,0,0,0,0,0,0,0,0,80437,1,80437,1,0,0,0,0,0,0,0,0,0,0,80437,1,80437,1,0,0,0,0,0,0,0,0,0,0,80437,1,80437,1,0,0,0,0,0,0,0,0,0,0,80437,1,80437,1,0,0,0,0,0,0,0,0,0,0,80437,1,80437,1,0,0,0,0
6,0,100,0,0,100,0,100,1,1,1,1,0,0,83553,13,0,0,80289,1,3264,12,1,1,1,1,0,0,83553,13,0,0,80289,1,3264,12,1,1,1,1,0,0,83553,13,0,0,80289,1,3264,12,1,1,1,1,0,0,83553,13,0,0,80289,1,3264,12,1,1,1,1,0,0,83553,13,0,0,80289,1,3264,12,1,1,1,1,0,0,83553,13,0,0,80289,1,3264,12
7,0,100,0,0,100,0,100,1,1,1,1,0,0,0,0,0,0,0,0,0,0,1,1,1,1,0,0,0,0,0,0,0,0,0,0,1,1,1,1,0,0,0,0,0,0,0,0,0,0,1,1,1,1,0,0,0,0,0,0,0,0,0,0,1,1,1,1,0,0,0,0,0,0,0,0,0,0,1,1,1,1,0,0,0,0,0,0,0,0,0,0
8,0,100,0,0,100,0,100,1,1,1,1,0,0,0,0,0,0,0,0,0,0,1,1,1,1,0,0,0,0,0,0,0,0,0,0,1,1,1,1,0,0,0,0,0,0,0,0,0,0,1,1,1,1,0,0,0,0,0,0,0,0,0,0,1,1,1,1,0,0,0,0,0,0,0,0,0,0,1,1,1,1,0,0,0,0,0,0,0,0,0,0
9,0,100,0,0,100,0,100,1,1,1,1,0,0,0,0,0,0,0,0,0,0,1,1,1,1,0,0,0,0,0,0,0,0,0,0,1,1,1,1,0,0,0,0,0,0,0,0,0,0,1,1,1,1,0,0,0,0,0,0,0,0,0,0,1,1,1,1,0,0,0,0,0,0,0,0,0,0,1,1,1,1,0,0,0,0,0,0,0,0,0,0
10,0,100,0,0,100,0,100,1,1,1,1,0,0,1360,5,0,0,0,0,1360,5,1,1,1,1,0,0,1360,5,0,0,0,0,1360,5,1,1,1,1,0,0,1360,5,0,0,0,0,1360,5,1,1,1,1,0,0,1360,5,0,0,0,0,1360,5,1,1,1,1,0,0,1360,5,0,0,0,0,1360,5,1,1,1,1,0,0,1360,5,0,0,0,0,1360,5
11,0,100,0,0,100,0,100,1,1,1,1,0,0,0,0,0,0,0,0,0,0,1,1,1,1,0,0,0,0,0,0,0,0,0,0,1,1,1,1,0,0,0,0,0,0,0,0,0,0,1,1,1,1,0,0,0,0,0,0,0,0,0,0,1,1,1,1,0,0,0,0,0,0,0,0,0,0,1,1,1,1,0,0,0,0,0,0,0,0,0,0
12,0,100,0,0,100,0,100,1,1,1,1,0,0,0,0,0,0,0,0,0,0,1,1,1,1,0,0,0,0,0,0,0,0,0,0,1,1,1,1,0,0,0,0,0,0,0,0,0,0,1,1,1,1,0,0,0,0,0,0,0,0,0,0,1,1,1,1,0,0,0,0,0,0,0,0,0,0,1,1,1,1,0,0,0,0,0,0,0,0,0,0
13,0,100,0,0,100,0,100,1,1,1,1,0,0,0,0,0,0,0,0,0,0,1,1,1,1,0,0,0,0,0,0,0,0,0,0,1,1,1,1,0,0,0,0,0,0,0,0,0,0,1,1,1,1,0,0,0,0,0,0,0,0,0,0,1,1,1,1,0,0,0,0,0,0,0,0,0,0,1,1,1,1,0,0,0,0,0,0,0,0,0,0
14,0,100,0,0,100,0,100,1,1,1,1,0,0,2992,11,0,0,0,0,2992,11,1,1,1,1,0,0,2992,11,0,0,0,0,2992,11,1,1,1,1,0,0,2992,11,0,0,0,0,2992,11,1,1,1,1,0,0,2992,11,0,0,0,0,2992,11,1,1,1,1,0,0,2992,11,0,0,0,0,2992,11,1,1,1,1,0,0,2992,11,0,0,0,0,2992,11
15,0,100,0,0,100,0,100,1,1,1,1,0,0,0,0,0,0,0,0,0,0,1,1,1,1,0,0,0,0,0,0,0,0,0,0,1,1,1,1,0,0,0,0,0,0,0,0,0,0,1,1,1,1,0,0,0,0,0,0,0,0,0,0,1,1,1,1,0,0,0,0,0,0,0,0,0,0,1,1,1,1,0,0,0,0,0,0,0,0,0,0
16,0,100,0,0,100,0,100,1,1,1,1,0,0,0,0,0,0,0,0,0,0,1,1,1,1,0,0,0,0,0,0,0,0,0,0,1,1,1,1,0,0,0,0,0,0,0,0,0,0,1,1,1,1,0,0,0,0,0,0,0,0,0,0,1,1,1,1,0,0,0,0,0,0,0,0,0,0,1,1,1,1,0,0,0,0,0,0,0,0,0,0
17,0,100,0,0,100,0,100,1,1,1,1,0,0,80789,1,80789,1,0,0,0,0,1,1,1,1,0,0,80789,1,80789,1,0,0,0,0,1,1,1,1,0,0,80789,1,80789,1,0,0,0,0,1,1,1,1,0,0,80789,1,80789,1,0,0,0,0,1,1,1,1,0,0,80789,1,80789,1,0,0,0,0,1,1,1,1,0,0,80789,1,80789,1,0,0,0,0
18,0,100,0,0,100,0,100,2,4,2,4,0,0,82465,9,0,0,80289,1,2176,8,2,4,2,4,0,0,82465,9,0,0,80289,1,2176,8,2,4,2,4,0,0,82465,9,0,0,80289,1,2176,8,2,4,2,4,0,0,82465,9,0,0,80289,1,2176,8,2,4,2,4,0,0,82465,9,0,0,80289,1,2176,8,2,4,2,4,0,0,82465,9,0,0,80289,1,2176,8
19,0,100,0,0,100,0,100,2,4,2,4,0,0,0,0,0,0,0,0,0,0,2,4,2,4,0,0,0,0,0,0,0,0,0,0,2,4,2,4,0,0,0,0,0,0,0,0,0,0,2,4,2,4,0,0,0,0,0,0,0,0,0,0,2,4,2,4,0,0,0,0,0,0,0,0,0,0,2,4,2,4,0,0,0,0,0,0,0,0,0,0
20,0,100,0,0,100,0,100,2,4,2,4,0,0,0,0,0,0,0,0,0,0,2,4,2,4,0,0,0,0,0,0,0,0,0,0,2,4,2,4,0,0,0,0,0,0,0,0,0,0,2,4,2,4,0,0,0,0,0,0,0,0,0,0,2,4,2,4,0,0,0,0,0,0,0,0,0,0,2,4,2,4,0,0,0,0,0,0,0,0,0,0
21,0,100,0,0,100,0,100,2,4,2,4,0,0,80693,1,80693,1,0,0,0,0,2,4,2,4,0,0,80693,1,80693,1,0,0,0,0,2,4,2,4,0,0,80693,1,80693,1,0,0,0,0,2,4,2,4,0,0,80693,1,80693,1,0,0,0,0,2,4,2,4,0,0,80693,1,80693,1,0,0,0,0,2,4,2,4,0,0,80693,1,80693,1,0,0,0,0
22,0,100,0,0,100,0,100,3,5,3,5,0,0,83281,12,0,0,80289,1,2992,11,3,5,3,5,0,0,83281,12,0,0,80289,1,2992,11,3,5,3,5,0,0,83281,12,0,0,80289,1,2992,11,3,5,3,5,0,0,83281,12,0,0,80289,1,2992,11,3,5,3,5,0,0,83281,12,0,0,80289,1,2992,11,3,5,3,5,0,0,83281,12,0,0,80289,1,2992,11
23,0,100,0,0,100,0,100,3,5,3,5,0,0,0,0,0,0,0,0,0,0,3,5,3,5,0,0,0,0,0,0,0,0,0,0,3,5,3,5,0,0,0,0,0,0,0,0,0,0,3,5,3,5,0,0,0,0,0,0,0,0,0,0,3,5,3,5,0,0,0,0,0,0,0,0,0,0,3,5,3,5,0,0,0,0,0,0,0,0,0,0
24,43,57,43,0,57,0,100,3,5,3,5,0,0,0,0,0,0,0,0,0,0,3,5,3,5,0,0,0,0,0,0,0,0,0,0,3,5,3,5,0,0,0,0,0,0,0,0,0,0,3,5,3,5,0,0,0,0,0,0,0,0,0,0,3,5,3,5,0,0,0,0,0,0,0,0,0,0,3,5,3,5,0,0,0,0,0,0,0,0,0,0
25,49,51,49,0,51,0,100,3,5,3,5,0,0,0,0,0,0,0,0,0,0,3,5,3,5,0,0,0,0,0,0,0,0,0,0,3,5,3,5,0,0,0,0,0,0,0,0,0,0,3,5,3,5,0,0,0,0,0,0,0,0,0,0,3,5,3,5,0,0,0,0,0,0,0,0,0,0,3,5,3,5,0,0,0,0,0,0,0,0,0,0
26,4,96,4,45,51,0,100,3,5,3,5,0,0,2720,10,0,0,0,0,2720,10,3,5,3,5,0,0,2720,10,0,0,0,0,2720,10,3,5,3,5,0,0,2720,10,0,0,0,0,2720,10,3,5,3,5,0,0,2720,10,0,0,0,0,2720,10,3,5,3,5,0,0,2720,10,0,0,0,0,2720,10,3,5,3,5,0,0,2720,10,0,0,0,0,2720,10
27,37,63,37,0,63,0,100,3,5,3,5,0,0,0,0,0,0,0,0,0,0,3,5,3,5,0,0,0,0,0,0,0,0,0,0,3,5,3,5,0,0,0,0,0,0,0,0,0,0,3,5,3,5,0,0,0,0,0,0,0,0,0,0,3,5,3,5,0,0,0,0,0,0,0,0,0,0,3,5,3,5,0,0,0,0,0,0,0,0,0,0
28,69,31,69,0,31,0,100,3,5,3,5,0,0,0,0,0,0,0,0,0,0,3,5,3,5,0,0,0,0,0,0,0,0,0,0,3,5,3,5,0,0,0,0,0,0,0,0,0,0,3,5,3,5,0,0,0,0,0,0,0,0,0,0,3,5,3,5,0,0,0,0,0,0,0,0,0,0,3,5,3,5,0,0,0,0,0,0,0,0,0,0
29,62,38,62,7,31,0,100,3,5,3,5,0,0,0,0,0,0,0,0,0,0,3,5,3,5,0,0,0,0,0,0,0,0,0,0,3,5,3,5,0,0,0,0,0,0,0,0,0,0,3,5,3,5,0,0,0,0,0,0,0,0,0,0,3,5,3,5,0,0,0,0,0,0,0,0,0,0,3,5,3,5,0,0,0,0,0,0,0,0,0,0
30,36,64,36,33,31,0,100,3,5,3,5,0,0,544,2,0,0,0,0,544,2,3,5,3,5,0,0,544,2,0,0,0,0,544,2,3,5,3,5,0,0,544,2,0,0,0,0,544,2,3,5,3,5,0,0,544,2,0,0,0,0,544,2,3,5,3,5,0,0,544,2,0,0,0,0,544,2,3,5,3,5,0,0,544,2,0,0,0,0,544,2
31,18,82,18,0,82,0,100,3,5,3,5,0,0,0,0,0,0,0,0,0,0,3,5,3,5,0,0,0,0,0,0,0,0,0,0,3,5,3,5,0,0,0,0,0,0,0,0,0,0,3,5,3,5,0,0,0,0,0,0,0,0,0,0,3,5,3,5,0,0,0,0,0,0,0,0,0,0,3,5,3,5,0,0,0,0,0,0,0,0,0,0
32,45,55,45,0,55,0,100,3,5,3,5,0,0,0,0,0,0,0,0,0,0,3,5,3,5,0,0,0,0,0,0,0,0,0,0,3,5,3,5,0,0,0,0,0,0,0,0,0,0,3,5,3,5,0,0,0,0,0,0,0,0,0,0,3,5,3,5,0,0,0,0,0,0,0,0,0,0,3,5,3,5,0,0,0,0,0,0,0,0,0,0
33,76,24,76,0,24,0,100,3,5,3,5,0,0,241503,3,241503,3,0,0,0,0,3,5,3,5,0,0,241503,3,241503,3,0,0,0,0,3,5,3,5,0,0,241503,3,241503,3,0,0,0,0,3,5,3,5,0,0,241503,3,241503,3,0,0,0,0,3,5,3,5,0,0,241503,3,241503,3,0,0,0,0,3,5,3,5,0,0,241503,3,241503,3,0,0,0,0
34,50,50,50,26,24,0,100,3,5,3,5,0,0,80289,1,0,0,80289,1,0,0,3,5,3,5,0,0,80289,1,0,0,80289,1,0,0,3,5,3,5,0,0,80289,1,0,0,80289,1,0,0,3,5,3,5,0,0,80289,1,0,0,80289,1,0,0,3,5,3,5,0,0,80289,1,0,0,80289,1,0,0,3,5,3,5,0,0,80289,1,0,0,80289,1,0,0
35,33,67,33,0,67,0,100,3,5,3,5,0,0,0,0,0,0,0,0,0,0,3,5,3,5,0,0,0,0,0,0,0,0,0,0,3,5,3,5,0,0,0,0,0,0,0,0,0,0,3,5,3,5,0,0,0,0,0,0,0,0,0,0,3,5,3,5,0,0,0,0,0,0,0,0,0,0,3,5,3,5,0,0,0,0,0,0,0,0,0,0
36,69,31,69,0,31,0,100,3,5,3,5,0,0,0,0,0,0,0,0,0,0,3,5,3,5,0,0,0,0,0,0,0,0,0,0,3,5,3,5,0,0,0,0,0,0,0,0,0,0,3,5,3,5,0,0,0,0,0,0,0,0,0,0,3,5,3,5,0,0,0,0,0,0,0,0,0,0,3,5,3,5,0,0,0,0,0,0,0,0,0,0
37,65,35,65,4,31,0,100,3,5,3,5,0,0,0,0,0,0,0,0,0,0,3,5,3,5,0,0,0,0,0,0,0,0,0,0,3,5,3,5,0,0,0,0,0,0,0,0,0,0,3,5,3,5,0,0,0,0,0,0,0,0,0,0,3,5,3,5,0,0,0,0,0,0,0,0,0,0,3,5,3,5,0,0,0,0,0,0,0,0,0,0
38,34,66,34,35,31,0,100,3,5,3,5,0,0,1360,5,0,0,0,0,1360,5,3,5,3,5,0,0,1360,5,0,0,0,0,1360,5,3,5,3,5,0,0,1360,5,0,0,0,0,1360,5,3,5,3,5,0,0,1360,5,0,0,0,0,1360,5,3,5,3,5,0,0,1360,5,0,0,0,0,1360,5,3,5,3,5,0,0,1360,5,0,0,0,0,1360,5
39,18,82,18,0,82,0,100,3,5,3,5,0,0,0,0,0,0,0,0,0,0,3,5,3,5,0,0,0,0,0,0,0,0,0,0,3,5,3,5,0,0,0,0,0,0,0,0,0,0,3,5,3,5,0,0,0,0,0,0,0,0,0,0,3,5,3,5,0,0,0,0,0,0,0,0,0,0,3,5,3,5,0,0,0,0,0,0,0,0,0,0
40,36,64,36,0,64,0,100,3,5,3,5,0,0,0,0,0,0,0,0,0,0,3,5,3,5,0,0,0,0,0,0,0,0,0,0,3,5,3,5,0,0,0,0,0,0,0,0,0,0,3,5,3,5,0,0,0,0,0,0,0,0,0,0,3,5,3,5,0,0,0,0,0,0,0,0,0,0,3,5,3,5,0,0,0,0,0,0,0,0,0,0
41,66,34,66,0,34,0,100,3,5,3,5,0,0,0,0,0,0,0,0,0,0,3,5,3,5,0,0,0,0,0,0,0,0,0,0,3,5,3,5,0,0,0,0,0,0,0,0,0,0,3,5,3,5,0,0,0,0,0,0,0,0,0,0,3,5,3,5,0,0,0,0,0,0,0,0,0,0,3,5,3,5,0,0,0,0,0,0,0,0,0,0
42,84,16,84,0,16,0,100,3,5,3,5,0,0,272,1,0,0,0,0,272,1,3,5,3,5,0,0,272,1,0,0,0,0,272,1,3,5,3,5,0,0,272,1,0,0,0,0,272,1,3,5,3,5,0,0,272,1,0,0,0,0,272,1,3,5,3,5,0,0,272,1,0,0,0,0,272,1,3,5,3,5,0,0,272,1,0,0,0,0,272,1
43,30,70,30,0,70,0,100,3,5,3,5,0,0,0,0,0,0,0,0,0,0,3,5,3,5,0,0,0,0,0,0,0,0,0,0,3,5,3,5,0,0,0,0,0,0,0,0,0,0,3,5,3,5,0,0,0,0,0,0,0,0,0,0,3,5,3,5,0,0,0,0,0,0,0,0,0,0,3,5,3,5,0,0,0,0,0,0,0,0,0,0
44,12,88,12,18,70,0,100,3,5,3,5,0,0,0,0,0,0,0,0,0,0,3,5,3,5,0,0,0,0,0,0,0,0,0,0,3,5,3,5,0,0,0,0,0,0,0,0,0,0,3,5,3,5,0,0,0,0,0,0,0,0,0,0,3,5,3,5,0,0,0,0,0,0,0,0,0,0,3,5,3,5,0,0,0,0,0,0,0,0,0,0
45,10,90,10,20,70,0,100,3,5,3,5,0,0,0,0,0,0,0,0,0,0,3,5,3,5,0,0,0,0,0,0,0,0,0,0,3,5,3,5,0,0,0,0,0,0,0,0,0,0,3,5,3,5,0,0,0,0,0,0,0,0,0,0,3,5,3,5,0,0,0,0,0,0,0,0,0,0,3,5,3,5,0,0,0,0,0,0,0,0,0,0
46,51,49,51,13,36,0,100,4,8,4,8,0,0,2176,8,0,0,0,0,2176,8,4,8,4,8,0,0,2176,8,0,0,0,0,2176,8,4,8,4,8,0,0,2176,8,0,0,0,0,2176,8,3,5,3,5,0,0,2176,8,0,0,0,0,2176,8,3,5,3,5,0,0,2176,8,0,0,0,0,2176,8,4,8,4,8,0,0,2176,8,0,0,0,0,2176,8
47,35,65,35,0,65,0,100,4,8,4,8,1,1,0,0,0,0,0,0,0,0,4,8,4,8,1,1,0,0,0,0,0,0,0,0,4,8,4,8,1,1,0,0,0,0,0,0,0,0,3,5,3,5,0,0,0,0,0,0,0,0,0,0,3,5,3,5,0,0,0,0,0,0,0,0,0,0,4,8,4,8,1,1,0,0,0,0,0,0,0,0
48,64,36,64,0,36,0,100,4,8,4,8,1,1,0,0,0,0,0,0,0,0,4,8,4,8,1,1,0,0,0,0,0,0,0,0,4,8,4,8,1,1,0,0,0,0,0,0,0,0,3,5,3,5,0,0,0,0,0,0,0,0,0,0,3,5,3,5,0,0,0,0,0,0,0,0,0,0,4,8,4,8,1,1,0,0,0,0,0,0,0,0
49,30,70,30,34,36,0,100,4,8,4,8,1,1,0,0,0,0,0,0,0,0,4,8,4,8,1,1,0,0,0,0,0,0,0,0,4,8,4,8,1,1,0,0,0,0,0,0,0,0,3,5,3,5,0,0,0,0,0,0,0,0,0,0,3,5,3,5,0,0,0,0,0,0,0,0,0,0,4,8,4,8,1,1,0,0,0,0,0,0,0,0
50,21,79,21,43,36,0,100,4,8,4,8,1,1,544,2,0,0,0,0,544,2,4,8,4,8,1,1,544,2,0,0,0,0,544,2,4,8,4,8,1,1,544,2,0,0,0,0,544,2,3,5,3,5,0,0,544,2,0,0,0,0,544,2,3,5,3,5,0,0,544,2,0,0,0,0,544,2,4,8,4,8,1,1,544,2,0,0,0,0,544,2
51,77,23,77,0,23,0,100,4,8,4,8,1,1,0,0,0,0,0,0,0,0,4,8,4,8,1,1,0,0,0,0,0,0,0,0,4,8,4,8,1,1,0,0,0,0,0,0,0,0,3,5,3,5,0,0,0,0,0,0,0,0,0,0,3,5,3,5,0,0,0,0,0,0,0,0,0,0,4,8,4,8,1,1,0,0,0,0,0,0,0,0
52,19,81,19,58,23,0,100,4,8,4,8,1,1,0,0,0,0,0,0,0,0,4,8,4,8,1,1,0,0,0,0,0,0,0,0,4,8,4,8,1,1,0,0,0,0,0,0,0,0,3,5,3,5,0,0,0,0,0,0,0,0,0,0,3,5,3,5,0,0,0,0,0,0,0,0,0,0,4,8,4,8,1,1,0,0,0,0,0,0,0,0
53,87,13,87,3,10,0,100,4,8,4,8,1,1,0,0,0,0,0,0,0,0,4,8,4,8,1,1,0,0,0,0,0,0,0,0,4,8,4,8,1,1,0,0,0,0,0,0,0,0,3,5,3,5,0,0,0,0,0,0,0,0,0,0,3,5,3,5,0,0,0,0,0,0,0,0,0,0,4,8,4,8,1,1,0,0,0,0,0,0,0,0
54,1,99,1,89,10,0,100,4,8,4,8,1,1,0,0,0,0,0,0,0,0,4,8,4,8,1,1,0,0,0,0,0,0,0,0,4,8,4,8,1,1,0,0,0,0,0,0,0,0,3,5,3,5,0,0,0,0,0,0,0,0,0,0,3,5,3,5,0,0,0,0,0,0,0,0,0,0,4,8,4,8,1,1,0,0,0,0,0,0,0,0
55,76,24,76,0,24,0,100,4,8,4,8,1,1,0,0,0,0,0,0,0,0,4,8,4,8,1,1,0,0,0,0,0,0,0,0,4,8,4,8,1,1,0,0,0,0,0,0,0,0,3,5,3,5,0,0,0,0,0,0,0,0,0,0,3,5,3,5,0,0,0,0,0,0,0,0,0,0,4,8,4,8,1,1,0,0,0,0,0,0,0,0
56,55,45,55,21,24,0,100,4,8,4,8,1,1,0,0,0,0,0,0,0,0,4,8,4,8,1,1,0,0,0,0,0,0,0,0,4,8,4,8,1,1,0,0,0,0,0,0,0,0,3,5,3,5,0,0,0,0,0,0,0,0,0,0,3,5,3,5,0,0,0,0,0,0,0,0,0,0,4,8,4,8,1,1,0,0,0,0,0,0,0,0
57,56,44,56,21,23,0,100,4,8,4,8,1,1,80438,1,80438,1,0,0,0,0,4,8,4,8,1,1,80438,1,80438,1,0,0,0,0,4,8,4,8,1,1,80438,1,80438,1,0,0,0,0,3,5,3,5,0,0,80438,1,80438,1,0,0,0,0,3,5,3,5,0,0,80438,1,80438,1,0,0,0,0,4,8,4,8,1,1,80438,1,80438,1,0,0,0,0
58,80,20,80,12,8,0,100,4,8,4,8,1,1,80562,2,0,0,80290,1,272,1,4,8,4,8,1,1,80562,2,0,0,80290,1,272,1,4,8,4,8,1,1,80562,2,0,0,80290,1,272,1,3,5,3,5,0,0,80562,2,0,0,80290,1,272,1,3,5,3,5,0,0,80562,2,0,0,80290,1,272,1,4,8,4,8,1,1,80562,2,0,0,80290,1,272,1
59,18,82,18,0,82,0,100,4,8,4,8,1,1,0,0,0,0,0,0,0,0,4,8,4,8,2,4,0,0,0,0,0,0,0,0,4,8,4,8,2,4,0,0,0,0,0,0,0,0,3,5,3,5,2,4,0,0,0,0,0,0,0,0,3,5,3,5,2,4,0,0,0,0,0,0,0,0,4,8,4,8,2,4,0,0,0,0,0,0,0,0
60,61,39,61,0,39,0,100,4,8,4,8,1,1,0,0,0,0,0,0,0,0,4,8,4,8,2,4,0,0,0,0,0,0,0,0,4,8,4,8,2,4,0,0,0,0,0,0,0,0,3,5,3,5,2,4,0,0,0,0,0,0,0,0,3,5,3,5,2,4,0,0,0,0,0,0,0,0,4,8,4,8,2,4,0,0,0,0,0,0,0,0
61,88,12,88,0,12,0,100,4,8,4,8,1,1,0,0,0,0,0,0,0,0,4,8,4,8,2,4,0,0,0,0,0,0,0,0,4,8,4,8,2,4,0,0,0,0,0,0,0,0,3,5,3,5,2,4,0,0,0,0,0,0,0,0,3,5,3,5,2,4,0,0,0,0,0,0,0,0,4,8,4,8,2,4,0,0,0,0,0,0,0,0
62,66,34,66,22,12,0,100,4,8,4,8,1,1,0,0,0,0,0,0,0,0,4,8,4,8,2,4,0,0,0,0,0,0,0,0,4,8,4,8,2,4,0,0,0,0,0,0,0,0,3,5,3,5,2,4,0,0,0,0,0,0,0,0,3,5,3,5,2,4,0,0,0,0,0,0,0,0,4,8,4,8,2,4,0,0,0,0,0,0,0,0
63,9,91,9,0,91,0,100,4,8,4,8,3,5,0,0,0,0,0,0,0,0,4,8,4,8,3,5,0,0,0,0,0,0,0,0,4,8,4,8,3,5,0,0,0,0,0,0,0,0,3,5,3,5,3,5,0,0,0,0,0,0,0,0,3,5,3,5,3,5,0,0,0,0,0,0,0,0,4,8,4,8,3,5,0,0,0,0,0,0,0,0
64,47,53,47,0,53,0,100,4,8,4,8,3,5,0,0,0,0,0,0,0,0,4,8,4,8,3,5,0,0,0,0,0,0,0,0,4,8,4,8,3,5,0,0,0,0,0,0,0,0,3,5,3,5,3,5,0,0,0,0,0,0,0,0,3,5,3,5,3,5,0,0,0,0,0,0,0,0,4,8,4,8,3,5,0,0,0,0,0,0,0,0
65,67,33,67,0,33,0,100,4,8,4,8,3,5,0,0,0,0,0,0,0,0,4,8,4,8,3,5,0,0,0,0,0,0,0,0,4,8,4,8,3,5,0,0,0,0,0,0,0,0,3,5,3,5,3,5,0,0,0,0,0,0,0,0,3,5,3,5,3,5,0,0,0,0,0,0,0,0,4,8,4,8,3,5,0,0,0,0,0,0,0,0
66,56,44,56,11,33,0,100,4,8,4,8,3,5,1632,6,0,0,0,0,1632,6,4,8,4,8,3,5,1632,6,0,0,0,0,1632,6,4,8,4,8,3,5,1632,6,0,0,0,0,1632,6,3,5,3,5,3,5,1632,6,0,0,0,0,1632,6,3,5,3,5,3,5,1632,6,0,0,0,0,1632,6,4,8,4,8,3,5,1632,6,0,0,0,0,1632,6
67,22,78,22,0,78,0,100,4,8,4,8,3,5,0,0,0,0,0,0,0,0,4,8,4,8,3,5,0,0,0,0,0,0,0,0,4,8,4,8,3,5,0,0,0,0,0,0,0,0,3,5,3,5,3,5,0,0,0,0,0,0,0,0,3,5,3,5,3,5,0,0,0,0,0,0,0,0,4,8,4,8,3,5,0,0,0,0,0,0,0,0
68,18,82,18,4,78,0,100,4,8,4,8,3,5,0,0,0,0,0,0,0,0,4,8,4,8,3,5,0,0,0,0,0,0,0,0,4,8,4,8,3,5,0,0,0,0,0,0,0,0,3,5,3,5,3,5,0,0,0,0,0,0,0,0,3,5,3,5,3,5,0,0,0,0,0,0,0,0,4,8,4,8,3,5,0,0,0,0,0,0,0,0
69,10,90,10,12,78,0,100,4,8,4,8,3,5,0,0,0,0,0,0,0,0,4,8,4,8,3,5,0,0,0,0,0,0,0,0,4,8,4,8,3,5,0,0,0,0,0,0,0,0,3,5,3,5,3,5,0,0,0,0,0,0,0,0,3,5,3,5,3,5,0,0,0,0,0,0,0,0,4,8,4,8,3,5,0,0,0,0,0,0,0,0
70,15,85,15,11,74,0,100,4,8,4,8,3,5,2720,10,0,0,0,0,2720,10,4,8,4,8,3,5,2720,10,0,0,0,0,2720,10,5,14,5,14,3,5,2720,10,0,0,0,0,2720,10,5,14,5,14,3,5,2720,10,0,0,0,0,2720,10,5,14,5,14,3,5,2720,10,0,0,0,0,2720,10,5,14,5,14,3,5,2720,10,0,0,0,0,2720,10
71,76,24,76,0,24,0,100,4,8,4,8,3,5,0,0,0,0,0,0,0,0,4,8,4,8,3,5,0,0,0,0,0,0,0,0,5,14,5,14,3,5,0,0,0,0,0,0,0,0,5,14,5,14,3,5,0,0,0,0,0,0,0,0,5,14,5,14,3,5,0,0,0,0,0,0,0,0,5,14,5,14,3,5,0,0,0,0,0,0,0,0
72,60,40,60,16,24,0,100,4,8,4,8,3,5,0,0,0,0,0,0,0,0,4,8,4,8,3,5,0,0,0,0,0,0,0,0,5,14,5,14,3,5,0,0,0,0,0,0,0,0,5,14,5,14,3,5,0,0,0,0,0,0,0,0,5,14,5,14,3,5,0,0,0,0,0,0,0,0,5,14,5,14,3,5,0,0,0,0,0,0,0,0
73,14,86,14,62,24,0,100,4,8,4,8,3,5,80757,1,80757,1,0,0,0,0,4,8,4,8,3,5,80757,1,80757,1,0,0,0,0,5,14,5,14,3,5,80757,1,80757,1,0,0,0,0,5,14,5,14,3,5,80757,1,80757,1,0,0,0,0,5,14,5,14,3,5,80757,1,80757,1,0,0,0,0,5,14,5,14,3,5,80757,1,80757,1,0,0,0,0
74,36,64,36,44,20,0,100,4,8,4,8,3,5,80561,2,0,0,80289,1,272,1,4,8,4,8,3,5,80561,2,0,0,80289,1,272,1,5,14,5,14,3,5,80561,2,0,0,80289,1,272,1,5,14,5,14,3,5,80561,2,0,0,80289,1,272,1,5,14,5,14,3,5,80561,2,0,0,80289,1,272,1,5,14,5,14,3,5,80561,2,0,0,80289,1,272,1
75,38,62,38,0,62,0,100,4,8,4,8,4,8,0,0,0,0,0,0,0,0,4,8,4,8,4,8,0,0,0,0,0,0,0,0,5,14,5,14,4,8,0,0,0,0,0,0,0,0,5,14,5,14,3,5,0,0,0,0,0,0,0,0,5,14,5,14,4,8,0,0,0,0,0,0,0,0,5,14,5,14,4,8,0,0,0,0,0,0,0,0
76,7,93,7,31,62,0,100,4,8,4,8,4,8,0,0,0,0,0,0,0,0,4,8,4,8,4,8,0,0,0,0,0,0,0,0,5,14,5,14,4,8,0,0,0,0,0,0,0,0,5,14,5,14,3,5,0,0,0,0,0,0,0,0,5,14,5,14,4,8,0,0,0,0,0,0,0,0,5,14,5,14,4,8,0,0,0,0,0,0,0,0
77,30,70,30,25,45,0,100,4,8,4,8,4,8,0,0,0,0,0,0,0,0,4,8,4,8,4,8,0,0,0,0,0,0,0,0,5,14,5,14,4,8,0,0,0,0,0,0,0,0,5,14,5,14,3,5,0,0,0,0,0,0,0,0,5,14,5,14,4,8,0,0,0,0,0,0,0,0,5,14,5,14,4,8,0,0,0,0,0,0,0,0
78,64,36,64,14,22,0,100,4,8,4,8,4,8,1904,7,0,0,0,0,1904,7,4,8,4,8,4,8,1904,7,0,0,0,0,1904,7,5,14,5,14,4,8,1904,7,0,0,0,0,1904,7,5,14,5,14,3,5,1904,7,0,0,0,0,1904,7,5,14,5,14,4,8,1904,7,0,0,0,0,1904,7,5,14,5,14,4,8,1904,7,0,0,0,0,1904,7
79,26,74,26,0,74,0,100,4,8,4,8,4,8,0,0,0,0,0,0,0,0,4,8,4,8,4,8,0,0,0,0,0,0,0,0,5,14,5,14,4,8,0,0,0,0,0,0,0,0,5,14,5,14,4,8,0,0,0,0,0,0,0,0,5,14,5,14,4,8,0,0,0,0,0,0,0,0,5,14,5,14,4,8,0,0,0,0,0,0,0,0
80,9,91,9,17,74,0,100,4,8,4,8,4,8,0,0,0,0,0,0,0,0,4,8,4,8,4,8,0,0,0,0,0,0,0,0,5,14,5,14,4,8,0,0,0,0,0,0,0,0,5,14,5,14,4,8,0,0,0,0,0,0,0,0,5,14,5,14,4,8,0,0,0,0,0,0,0,0,5,14,5,14,4,8,0,0,0,0,0,0,0,0
81,58,42,58,7,35,0,100,4,8,4,8,4,8,80662,1,80662,1,0,0,0,0,4,8,4,8,4,8,80662,1,80662,1,0,0,0,0,5,14,5,14,4,8,80662,1,80662,1,0,0,0,0,5,14,5,14,4,8,80662,1,80662,1,0,0,0,0,5,14,5,14,4,8,80662,1,80662,1,0,0,0,0,5,14,5,14,4,8,80662,1,80662,1,0,0,0,0
82,46,54,46,19,35,0,100,4,8,4,8,4,8,81378,5,0,0,80290,1,1088,4,4,8,4,8,4,8,81378,5,0,0,80290,1,1088,4,5,14,5,14,4,8,81378,5,0,0,80290,1,1088,4,5,14,5,14,4,8,81378,5,0,0,80290,1,1088,4,5,14,5,14,4,8,81378,5,0,0,80290,1,1088,4,5,14,5,14,4,8,81378,5,0,0,80290,1,1088,4
83,62,38,62,0,38,0,100,4,8,4,8,4,8,0,0,0,0,0,0,0,0,4,8,4,8,4,8,0,0,0,0,0,0,0,0,5,14,5,14,4,8,0,0,0,0,0,0,0,0,5,14,5,14,4,8,0,0,0,0,0,0,0,0,5,14,5,14,4,8,0,0,0,0,0,0,0,0,5,14,5,14,4,8,0,0,0,0,0,0,0,0
84,66,34,66,0,34,0,100,4,8,4,8,4,8,0,0,0,0,0,0,0,0,4,8,4,8,4,8,0,0,0,0,0,0,0,0,5,14,5,14,4,8,0,0,0,0,0,0,0,0,5,14,5,14,4,8,0,0,0,0,0,0,0,0,5,14,5,14,4,8,0,0,0,0,0,0,0,0,5,14,5,14,4,8,0,0,0,0,0,0,0,0
85,46,54,46,20,34,0,100,4,8,4,8,4,8,80566,1,80566,1,0,0,0,0,4,8,4,8,4,8,80566,1,80566,1,0,0,0,0,5,14,5,14,4,8,80566,1,80566,1,0,0,0,0,5,14,5,14,4,8,80566,1,80566,1,0,0,0,0,5,14,5,14,4,8,80566,1,80566,1,0,0,0,0,5,14,5,14,4,8,80566,1,80566,1,0,0,0,0
86,13,87,13,53,34,0,100,4,8,4,8,4,8,81922,7,0,0,80290,1,1632,6,4,8,4,8,4,8,81922,7,0,0,80290,1,1632,6,5,14,5,14,4,8,81922,7,0,0,80290,1,1632,6,5,14,5,14,4,8,81922,7,0,0,80290,1,1632,6,5,14,5,14,4,8,81922,7,0,0,80290,1,1632,6,5,14,5,14,4,8,81922,7,0,0,80290,1,1632,6
87,30,70,30,0,70,0,100,4,8,4,8,4,8,0,0,0,0,0,0,0,0,4,8,4,8,4,8,0,0,0,0,0,0,0,0,5,14,5,14,4,8,0,0,0,0,0,0,0,0,5,14,5,14,4,8,0,0,0,0,0,0,0,0,5,14,5,14,4,8,0,0,0,0,0,0,0,0,5,14,5,14,4,8,0,0,0,0,0,0,0,0
88,85,15,85,0,15,0,100,4,8,4,8,4,8,0,0,0,0,0,0,0,0,4,8,4,8,4,8,0,0,0,0,0,0,0,0,5,14,5,14,4,8,0,0,0,0,0,0,0,0,5,14,5,14,4,8,0,0,0,0,0,0,0,0,5,14,5,14,4,8,0,0,0,0,0,0,0,0,5,14,5,14,4,8,0,0,0,0,0,0,0,0
89,45,55,45,40,15,0,100,4,8,4,8,4,8,0,0,0,0,0,0,0,0,4,8,4,8,4,8,0,0,0,0,0,0,0,0,5,14,5,14,4,8,0,0,0,0,0,0,0,0,5,14,5,14,4,8,0,0,0,0,0,0,0,0,5,14,5,14,4,8,0,0,0,0,0,0,0,0,5,14,5,14,4,8,0,0,0,0,0,0,0,0
90,79,21,79,16,5,0,100,4,8,4,8,4,8,272,1,0,0,0,0,272,1,4,8,4,8,4,8,272,1,0,0,0,0,272,1,5,14,5,14,4,8,272,1,0,0,0,0,272,1,5,14,5,14,4,8,272,1,0,0,0,0,272,1,5,14,5,14,4,8,272,1,0,0,0,0,272,1,5,14,5,14,4,8,272,1,0,0,0,0,272,1
91,15,85,15,0,85,0,100,4,8,4,8,4,8,0,0,0,0,0,0,0,0,4,8,4,8,4,8,0,0,0,0,0,0,0,0,5,14,5,14,4,8,0,0,0,0,0,0,0,0,5,14,5,14,4,8,0,0,0,0,0,0,0,0,5,14,5,14,4,8,0,0,0,0,0,0,0,0,5,14,5,14,4,8,0,0,0,0,0,0,0,0
92,84,16,84,0,16,0,100,4,8,4,8,4,8,0,0,0,0,0,0,0,0,4,8,4,8,4,8,0,0,0,0,0,0,0,0,5,14,5,14,4,8,0,0,0,0,0,0,0,0,5,14,5,14,4,8,0,0,0,0,0,0,0,0,5,14,5,14,4,8,0,0,0,0,0,0,0,0,5,14,5,14,4,8,0,0,0,0,0,0,0,0
93,78,22,78,6,16,0,100,4,8,4,8,4,8,0,0,0,0,0,0,0,0,4,8,4,8,4,8,0,0,0,0,0,0,0,0,5,14,5,14,4,8,0,0,0,0,0,0,0,0,5,14,5,14,4,8,0,0,0,0,0,0,0,0,5,14,5,14,4,8,0,0,0,0,0,0,0,0,5,14,5,14,4,8,0,0,0,0,0,0,0,0
94,70,30,70,14,16,0,100,4,8,4,8,4,8,544,2,0,0,0,0,544,2,4,8,4,8,4,8,544,2,0,0,0,0,544,2,5,14,5,14,4,8,544,2,0,0,0,0,544,2,5,14,5,14,4,8,544,2,0,0,0,0,544,2,5,14,5,14,4,8,544,2,0,0,0,0,544,2,5,14,5,14,4,8,544,2,0,0,0,0,544,2
95,29,71,29,0,71,0,100,4,8,4,8,4,8,0,0,0,0,0,0,0,0,4,8,4,8,4,8,0,0,0,0,0,0,0,0,5,14,5,14,4,8,0,0,0,0,0,0,0,0,5,14,5,14,4,8,0,0,0,0,0,0,0,0,5,14,5,14,4,8,0,0,0,0,0,0,0,0,5,14,5,14,4,8,0,0,0,0,0,0,0,0
96,34,66,34,0,66,0,100,4,8,4,8,4,8,0,0,0,0,0,0,0,0,4,8,4,8,4,8,0,0,0,0,0,0,0,0,5,14,5,14,4,8,0,0,0,0,0,0,0,0,5,14,5,14,4,8,0,0,0,0,0,0,0,0,5,14,5,14,4,8,0,0,0,0,0,0,0,0,5,14,5,14,4,8,0,0,0,0,0,0,0,0
97,89,11,89,0,11,0,100,4,8,4,8,4,8,0,0,0,0,0,0,0,0,4,8,4,8,4,8,0,0,0,0,0,0,0,0,5,14,5,14,4,8,0,0,0,0,0,0,0,0,5,14,5,14,4,8,0,0,0,0,0,0,0,0,5,14,5,14,4,8,0,0,0,0,0,0,0,0,5,14,5,14,4,8,0,0,0,0,0,0,0,0
98,9,91,9,80,11,0,100,4,8,4,8,4,8,0,0,0,0,0,0,0,0,4,8,4,8,4,8,0,0,0,0,0,0,0,0,5,14,5,14,4,8,0,0,0,0,0,0,0,0,5,14,5,14,4,8,0,0,0,0,0,0,0,0,5,14,5,14,4,8,0,0,0,0,0,0,0,0,5,14,5,14,4,8,0,0,0,0,0,0,0,0
99,67,33,67,0,33,0,100,4,8,4,8,4,8,0,0,0,0,0,0,0,0,5,14,4,8,5,14,0,0,0,0,0,0,0,0,5,14,5,14,4,8,0,0,0,0,0,0,0,0,5,14,5,14,4,8,0,0,0,0,0,0,0,0,5,14,5,14,5,14,0,0,0,0,0,0,0,0,5,14,5,14,5,14,0,0,0,0,0,0,0,0
100,87,13,87,0,13,0,100,4,8,4,8,4,8,0,0,0,0,0,0,0,0,5,14,4,8,5,14,0,0,0,0,0,0,0,0,5,14,5,14,4,8,0,0,0,0,0,0,0,0,5,14,5,14,4,8,0,0,0,0,0,0,0,0,5,14,5,14,5,14,0,0,0,0,0,0,0,0,5,14,5,14,5,14,0,0,0,0,0,0,0,0
101,82,18,82,5,13,0,100,4,8,4,8,4,8,0,0,0,0,0,0,0,0,5,14,4,8,5,14,0,0,0,0,0,0,0,0,5,14,5,14,4,8,0,0,0,0,0,0,0,0,5,14,5,14,4,8,0,0,0,0,0,0,0,0,5,14,5,14,5,14,0,0,0,0,0,0,0,0,5,14,5,14,5,14,0,0,0,0,0,0,0,0
102,59,41,59,28,13,0,100,4,8,4,8,4,8,272,1,0,0,0,0,272,1,5,14,4,8,5,14,272,1,0,0,0,0,272,1,5,14,5,14,4,8,272,1,0,0,0,0,272,1,5,14,5,14,4,8,272,1,0,0,0,0,272,1,5,14,5,14,5,14,272,1,0,0,0,0,272,1,5,14,5,14,5,14,272,1,0,0,0,0,272,1
103,77,23,77,0,23,0,100,4,8,4,8,4,8,0,0,0,0,0,0,0,0,5,14,4,8,5,14,0,0,0,0,0,0,0,0,5,14,5,14,4,8,0,0,0,0,0,0,0,0,5,14,5,14,4,8,0,0,0,0,0,0,0,0,5,14,5,14,5,14,0,0,0,0,0,0,0,0,5,14,5,14,5,14,0,0,0,0,0,0,0,0
104,11,89,11,66,23,0,100,4,8,4,8,4,8,0,0,0,0,0,0,0,0,5,14,4,8,5,14,0,0,0,0,0,0,0,0,5,14,5,14,4,8,0,0,0,0,0,0,0,0,5,14,5,14,4,8,0,0,0,0,0,0,0,0,5,14,5,14,5,14,0,0,0,0,0,0,0,0,5,14,5,14,5,14,0,0,0,0,0,0,0,0
105,36,64,36,48,16,0,100,4,8,4,8,4,8,80470,1,80470,1,0,0,0,0,5,14,4,8,5,14,80470,1,80470,1,0,0,0,0,5,14,5,14,4,8,80470,1,80470,1,0,0,0,0,5,14,5,14,4,8,80470,1,80470,1,0,0,0,0,5,14,5,14,5,14,80470,1,80470,1,0,0,0,0,5,14,5,14,5,14,80470,1,80470,1,0,0,0,0
106,32,68,32,52,16,0,100,4,8,4,8,4,8,80562,2,0,0,80290,1,272,1,5,14,4,8,5,14,80562,2,0,0,80290,1,272,1,5,14,5,14,4,8,80562,2,0,0,80290,1,272,1,5,14,5,14,4,8,80562,2,0,0,80290,1,272,1,5,14,5,14,5,14,80562,2,0,0,80290,1,272,1,5,14,5,14,5,14,80562,2,0,0,80290,1,272,1
107,22,78,22,0,78,0,100,5,14,4,8,5,14,0,0,0,0,0,0,0,0,5,14,4,8,5,14,0,0,0,0,0,0,0,0,5,14,5,14,5,14,0,0,0,0,0,0,0,0,5,14,5,14,5,14,0,0,0,0,0,0,0,0,5,14,5,14,5,14,0,0,0,0,0,0,0,0,5,14,5,14,5,14,0,0,0,0,0,0,0,0
108,89,11,89,0,11,0,100,5,14,4,8,5,14,0,0,0,0,0,0,0,0,5,14,4,8,5,14,0,0,0,0,0,0,0,0,5,14,5,14,5,14,0,0,0,0,0,0,0,0,5,14,5,14,5,14,0,0,0,0,0,0,0,0,5,14,5,14,5,14,0,0,0,0,0,0,0,0,5,14,5,14,5,14,0,0,0,0,0,0,0,0
109,40,60,40,49,11,0,100,5,14,4,8,5,14,0,0,0,0,0,0,0,0,5,14,4,8,5,14,0,0,0,0,0,0,0,0,5,14,5,14,5,14,0,0,0,0,0,0,0,0,5,14,5,14,5,14,0,0,0,0,0,0,0,0,5,14,5,14,5,14,0,0,0,0,0,0,0,0,5,14,5,14,5,14,0,0,0,0,0,0,0,0
110,23,77,23,66,11,0,100,5,14,4,8,5,14,544,2,0,0,0,0,544,2,5,14,4,8,5,14,544,2,0,0,0,0,544,2,5,14,5,14,5,14,544,2,0,0,0,0,544,2,5,14,5,14,5,14,544,2,0,0,0,0,544,2,5,14,5,14,5,14,544,2,0,0,0,0,544,2,5,14,5,14,5,14,544,2,0,0,0,0,544,2
111,17,83,17,0,83,0,100,5,14,4,8,5,14,0,0,0,0,0,0,0,0,5,14,4,8,5,14,0,0,0,0,0,0,0,0,5,14,5,14,5,14,0,0,0,0,0,0,0,0,5,14,5,14,5,14,0,0,0,0,0,0,0,0,5,14,5,14,5,14,0,0,0,0,0,0,0,0,5,14,5,14,5,14,0,0,0,0,0,0,0,0
112,90,10,90,0,10,0,100,5,14,4,8,5,14,0,0,0,0,0,0,0,0,5,14,4,8,5,14,0,0,0,0,0,0,0,0,5,14,5,14,5,14,0,0,0,0,0,0,0,0,5,14,5,14,5,14,0,0,0,0,0,0,0,0,5,14,5,14,5,14,0,0,0,0,0,0,0,0,5,14,5,14,5,14,0,0,0,0,0,0,0,0
113,2,98,2,88,10,0,100,5,14,4,8,5,14,0,0,0,0,0,0,0,0,5,14,4,8,5,14,0,0,0,0,0,0,0,0,5,14,5,14,5,14,0,0,0,0,0,0,0,0,5,14,5,14,5,14,0,0,0,0,0,0,0,0,5,14,5,14,5,14,0,0,0,0,0,0,0,0,5,14,5,14,5,14,0,0,0,0,0,0,0,0
114,53,47,53,42,5,0,100,5,14,4,8,5,14,272,1,0,0,0,0,272,1,5,14,4,8,5,14,272,1,0,0,0,0,272,1,5,14,5,14,5,14,272,1,0,0,0,0,272,1,5,14,5,14,5,14,272,1,0,0,0,0,272,1,5,14,5,14,5,14,272,1,0,0,0,0,272,1,5,14,5,14,5,14,272,1,0,0,0,0,272,1
115,19,81,19,0,81,0,100,6,18,4,8,6,18,0,0,0,0,0,0,0,0,6,18,4,8,6,18,0,0,0,0,0,0,0,0,6,18,5,14,6,18,0,0,0,0,0,0,0,0,6,18,5,14,6,18,0,0,0,0,0,0,0,0,6,18,5,14,6,18,0,0,0,0,0,0,0,0,6,18,5,14,6,18,0,0,0,0,0,0,0,0
116,75,25,75,0,25,0,100,6,18,4,8,6,18,0,0,0,0,0,0,0,0,6,18,4,8,6,18,0,0,0,0,0,0,0,0,6,18,5,14,6,18,0,0,0,0,0,0,0,0,6,18,5,14,6,18,0,0,0,0,0,0,0,0,6,18,5,14,6,18,0,0,0,0,0,0,0,0,6,18,5,14,6,18,0,0,0,0,0,0,0,0
117,81,19,81,0,19,0,100,6,18,4,8,6,18,0,0,0,0,0,0,0,0,6,18,4,8,6,18,0,0,0,0,0,0,0,0,6,18,5,14,6,18,0,0,0,0,0,0,0,0,6,18,5,14,6,18,0,0,0,0,0,0,0,0,6,18,5,14,6,18,0,0,0,0,0,0,0,0,6,18,5,14,6,18,0,0,0,0,0,0,0,0
118,90,10,90,0,10,0,100,6,18,4,8,6,18,544,2,0,0,0,0,544,2,6,18,4,8,6,18,544,2,0,0,0,0,544,2,6,18,5,14,6,18,544,2,0,0,0,0,544,2,6,18,5,14,6,18,544,2,0,0,0,0,544,2,6,18,5,14,6,18,544,2,0,0,0,0,544,2,6,18,5,14,6,18,544,2,0,0,0,0,544,2
119,71,29,71,0,29,0,100,6,18,4,8,6,18,0,0,0,0,0,0,0,0,6,18,4,8,6,18,0,0,0,0,0,0,0,0,6,18,5,14,6,18,0,0,0,0,0,0,0,0,6,18,5,14,6,18,0,0,0,0,0,0,0,0,6,18,5,14,6,18,0,0,0,0,0,0,0,0,6,18,5,14,6,18,0,0,0,0,0,0,0,0
120,8,92,8,63,29,0,100,6,18,4,8,6,18,0,0,0,0,0,0,0,0,6,18,4,8,6,18,0,0,0,0,0,0,0,0,6,18,5,14,6,18,0,0,0,0,0,0,0,0,6,18,5,14,6,18,0,0,0,0,0,0,0,0,6,18,5,14,6,18,0,0,0,0,0,0,0,0,6,18,5,14,6,18,0,0,0,0,0,0,0,0
121,81,19,81,12,7,0,100,6,18,4,8,6,18,0,0,0,0,0,0,0,0,6,18,4,8,6,18,0,0,0,0,0,0,0,0,6,18,5,14,6,18,0,0,0,0,0,0,0,0,6,18,5,14,6,18,0,0,0,0,0,0,0,0,6,18,5,14,6,18,0,0,0,0,0,0,0,0,6,18,5,14,6,18,0,0,0,0,0,0,0,0
122,89,11,89,7,4,0,100,6,18,4,8,6,18,0,0,0,0,0,0,0,0,6,18,4,8,6,18,0,0,0,0,0,0,0,0,6,18,5,14,6,18,0,0,0,0,0,0,0,0,6,18,5,14,6,18,0,0,0,0,0,0,0,0,6,18,5,14,6,18,0,0,0,0,0,0,0,0,6,18,5,14,6,18,0,0,0,0,0,0,0,0
123,5,95,5,0,95,0,100,7,20,4,8,7,20,0,0,0,0,0,0,0,0,7,20,4,8,7,20,0,0,0,0,0,0,0,0,7,20,5,14,7,20,0,0,0,0,0,0,0,0,7,20,5,14,7,20,0,0,0,0,0,0,0,0,7,20,5,14,7,20,0,0,0,0,0,0,0,0,7,20,5,14,7,20,0,0,0,0,0,0,0,0
124,43,57,43,0,57,0,100,7,20,4,8,7,20,0,0,0,0,0,0,0,0,7,20,4,8,7,20,0,0,0,0,0,0,0,0,7,20,5,14,7,20,0,0,0,0,0,0,0,0,7,20,5,14,7,20,0,0,0,0,0,0,0,0,7,20,5,14,7,20,0,0,0,0,0,0,0,0,7,20,5,14,7,20,0,0,0,0,0,0,0,0
125,66,34,66,0,34,0,100,7,20,4,8,7,20,0,0,0,0,0,0,0,0,7,20,4,8,7,20,0,0,0,0,0,0,0,0,7,20,5,14,7,20,0,0,0,0,0,0,0,0,7,20,5,14,7,20,0,0,0,0,0,0,0,0,7,20,5,14,7,20,0,0,0,0,0,0,0,0,7,20,5,14,7,20,0,0,0,0,0,0,0,0
126,48,52,48,18,34,0,100,7,20,4,8,7,20,816,3,0,0,0,0,816,3,7,20,4,8,7,20,816,3,0,0,0,0,816,3,7,20,5,14,7,20,816,3,0,0,0,0,816,3,7,20,5,14,7,20,816,3,0,0,0,0,816,3,7,20,5,14,7,20,816,3,0,0,0,0,816,3,7,20,5,14,7,20,816,3,0,0,0,0,816,3
127,38,62,38,0,62,0,100,8,21,4,8,8,21,0,0,0,0,0,0,0,0,7,20,4,8,7,20,0,0,0,0,0,0,0,0,7,20,5,14,7,20,0,0,0,0,0,0,0,0,8,21,5,14,8,21,0,0,0,0,0,0,0,0,8,21,5,14,8,21,0,0,0,0,0,0,0,0,8,21,5,14,8,21,0,0,0,0,0,0,0,0
128,68,32,68,0,32,0,100,8,21,4,8,8,21,0,0,0,0,0,0,0,0,7,20,4,8,7,20,0,0,0,0,0,0,0,0,7,20,5,14,7,20,0,0,0,0,0,0,0,0,8,21,5,14,8,21,0,0,0,0,0,0,0,0,8,21,5,14,8,21,0,0,0,0,0,0,0,0,8,21,5,14,8,21,0,0,0,0,0,0,0,0
129,86,14,86,0,14,0,100,8,21,4,8,8,21,0,0,0,0,0,0,0,0,7,20,4,8,7,20,0,0,0,0,0,0,0,0,7,20,5,14,7,20,0,0,0,0,0,0,0,0,8,21,5,14,8,21,0,0,0,0,0,0,0,0,8,21,5,14,8,21,0,0,0,0,0,0,0,0,8,21,5,14,8,21,0,0,0,0,0,0,0,0
130,7,93,7,79,14,0,100,8,21,4,8,8,21,272,1,0,0,0,0,272,1,7,20,4,8,7,20,272,1,0,0,0,0,272,1,7,20,5,14,7,20,272,1,0,0,0,0,272,1,8,21,5,14,8,21,272,1,0,0,0,0,272,1,8,21,5,14,8,21,272,1,0,0,0,0,272,1,8,21,5,14,8,21,272,1,0,0,0,0,272,1
131,72,28,72,0,28,0,100,8,21,4,8,8,21,0,0,0,0,0,0,0,0,7,20,4,8,7,20,0,0,0,0,0,0,0,0,7,20,5,14,7,20,0,0,0,0,0,0,0,0,8,21,5,14,8,21,0,0,0,0,0,0,0,0,8,21,5,14,8,21,0,0,0,0,0,0,0,0,8,21,5,14,8,21,0,0,0,0,0,0,0,0
132,63,37,63,9,28,0,100,8,21,4,8,8,21,0,0,0,0,0,0,0,0,7,20,4,8,7,20,0,0,0,0,0,0,0,0,7,20,5,14,7,20,0,0,0,0,0,0,0,0,8,21,5,14,8,21,0,0,0,0,0,0,0,0,8,21,5,14,8,21,0,0,0,0,0,0,0,0,8,21,5,14,8,21,0,0,0,0,0,0,0,0
133,21,79,21,51,28,0,100,8,21,4,8,8,21,80470,1,80470,1,0,0,0,0,7,20,4,8,7,20,80470,1,80470,1,0,0,0,0,7,20,5,14,7,20,80470,1,80470,1,0,0,0,0,8,21,5,14,8,21,80470,1,80470,1,0,0,0,0,8,21,5,14,8,21,80470,1,80470,1,0,0,0,0,8,21,5,14,8,21,80470,1,80470,1,0,0,0,0
134,68,32,68,20,12,0,100,8,21,4,8,8,21,81378,5,0,0,80290,1,1088,4,7,20,4,8,7,20,81378,5,0,0,80290,1,1088,4,7,20,5,14,7,20,81378,5,0,0,80290,1,1088,4,8,21,5,14,8,21,81378,5,0,0,80290,1,1088,4,8,21,5,14,8,21,81378,5,0,0,80290,1,1088,4,8,21,5,14,8,21,81378,5,0,0,80290,1,1088,4
135,86,14,86,0,14,0,100,8,21,4,8,8,21,0,0,0,0,0,0,0,0,7,20,4,8,7,20,0,0,0,0,0,0,0,0,7,20,5,14,7,20,0,0,0,0,0,0,0,0,8,21,5,14,8,21,0,0,0,0,0,0,0,0,8,21,5,14,8,21,0,0,0,0,0,0,0,0,8,21,5,14,8,21,0,0,0,0,0,0,0,0
136,87,13,87,0,13,0,100,8,21,4,8,8,21,0,0,0,0,0,0,0,0,7,20,4,8,7,20,0,0,0,0,0,0,0,0,7,20,5,14,7,20,0,0,0,0,0,0,0,0,8,21,5,14,8,21,0,0,0,0,0,0,0,0,8,21,5,14,8,21,0,0,0,0,0,0,0,0,8,21,5,14,8,21,0,0,0,0,0,0,0,0
137,25,75,25,62,13,0,100,8,21,4,8,8,21,0,0,0,0,0,0,0,0,7,20,4,8,7,20,0,0,0,0,0,0,0,0,7,20,5,14,7,20,0,0,0,0,0,0,0,0,8,21,5,14,8,21,0,0,0,0,0,0,0,0,8,21,5,14,8,21,0,0,0,0,0,0,0,0,8,21,5,14,8,21,0,0,0,0,0,0,0,0
138,27,73,27,60,13,0,100,8,21,4,8,8,21,0,0,0,0,0,0,0,0,7,20,4,8,7,20,0,0,0,0,0,0,0,0,7,20,5,14,7,20,0,0,0,0,0,0,0,0,8,21,5,14,8,21,0,0,0,0,0,0,0,0,8,21,5,14,8,21,0,0,0,0,0,0,0,0,8,21,5,14,8,21,0,0,0,0,0,0,0,0
139,81,19,81,0,19,0,100,8,21,4,8,8,21,0,0,0,0,0,0,0,0,7,20,4,8,7,20,0,0,0,0,0,0,0,0,7,20,5,14,7,20,0,0,0,0,0,0,0,0,8,21,5,14,8,21,0,0,0,0,0,0,0,0,8,21,5,14,8,21,0,0,0,0,0,0,0,0,8,21,5,14,8,21,0,0,0,0,0,0,0,0
140,28,72,28,53,19,0,100,8,21,4,8,8,21,0,0,0,0,0,0,0,0,7,20,4,8,7,20,0,0,0,0,0,0,0,0,7,20,5,14,7,20,0,0,0,0,0,0,0,0,8,21,5,14,8,21,0,0,0,0,0,0,0,0,8,21,5,14,8,21,0,0,0,0,0,0,0,0,8,21,5,14,8,21,0,0,0,0,0,0,0,0
141,28,72,28,53,19,0,100,8,21,4,8,8,21,0,0,0,0,0,0,0,0,7,20,4,8,7,20,0,0,0,0,0,0,0,0,7,20,5,14,7,20,0,0,0,0,0,0,0,0,8,21,5,14,8,21,0,0,0,0,0,0,0,0,8,21,5,14,8,21,0,0,0,0,0,0,0,0,8,21,5,14,8,21,0,0,0,0,0,0,0,0
142,78,22,78,15,7,0,100,8,21,4,8,8,21,544,2,0,0,0,0,544,2,7,20,4,8,7,20,544,2,0,0,0,0,544,2,7,20,5,14,7,20,544,2,0,0,0,0,544,2,8,21,5,14,8,21,544,2,0,0,0,0,544,2,8,21,5,14,8,21,544,2,0,0,0,0,544,2,8,21,5,14,8,21,544,2,0,0,0,0,544,2
143,59,41,59,0,41,0,100,8,21,4,8,8,21,0,0,0,0,0,0,0,0,8,21,4,8,8,21,0,0,0,0,0,0,0,0,8,21,5,14,8,21,0,0,0,0,0,0,0,0,8,21,5,14,8,21,0,0,0,0,0,0,0,0,8,21,5,14,8,21,0,0,0,0,0,0,0,0,8,21,5,14,8,21,0,0,0,0,0,0,0,0
144,3,97,3,56,41,0,100,8,21,4,8,8,21,0,0,0,0,0,0,0,0,8,21,4,8,8,21,0,0,0,0,0,0,0,0,8,21,5,14,8,21,0,0,0,0,0,0,0,0,8,21,5,14,8,21,0,0,0,0,0,0,0,0,8,21,5,14,8,21,0,0,0,0,0,0,0,0,8,21,5,14,8,21,0,0,0,0,0,0,0,0
145,86,14,86,10,4,0,100,8,21,4,8,8,21,0,0,0,0,0,0,0,0,8,21,4,8,8,21,0,0,0,0,0,0,0,0,8,21,5,14,8,21,0,0,0,0,0,0,0,0,8,21,5,14,8,21,0,0,0,0,0,0,0,0,8,21,5,14,8,21,0,0,0,0,0,0,0,0,8,21,5,14,8,21,0,0,0,0,0,0,0,0
146,21,79,21,75,4,0,100,8,21,4,8,8,21,0,0,0,0,0,0,0,0,8,21,4,8,8,21,0,0,0,0,0,0,0,0,8,21,5,14,8,21,0,0,0,0,0,0,0,0,8,21,5,14,8,21,0,0,0,0,0,0,0,0,8,21,5,14,8,21,0,0,0,0,0,0,0,0,8,21,5,14,8,21,0,0,0,0,0,0,0,0
147,35,65,35,0,65,0,100,9,26,4,8,9,26,0,0,0,0,0,0,0,0,8,21,4,8,8,21,0,0,0,0,0,0,0,0,9,26,5,14,9,26,0,0,0,0,0,0,0,0,9,26,5,14,9,26,0,0,0,0,0,0,0,0,9,26,5,14,9,26,0,0,0,0,0,0,0,0,9,26,5,14,9,26,0,0,0,0,0,0,0,0
148,10,90,10,25,65,0,100,9,26,4,8,9,26,0,0,0,0,0,0,0,0,8,21,4,8,8,21,0,0,0,0,0,0,0,0,9,26,5,14,9,26,0,0,0,0,0,0,0,0,9,26,5,14,9,26,0,0,0,0,0,0,0,0,9,26,5,14,9,26,0,0,0,0,0,0,0,0,9,26,5,14,9,26,0,0,0,0,0,0,0,0
149,89,11,89,2,9,0,100,9,26,4,8,9,26,0,0,0,0,0,0,0,0,8,21,4,8,8,21,0,0,0,0,0,0,0,0,9,26,5,14,9,26,0,0,0,0,0,0,0,0,9,26,5,14,9,26,0,0,0,0,0,0,0,0,9,26,5,14,9,26,0,0,0,0,0,0,0,0,9,26,5,14,9,26,0,0,0,0,0,0,0,0
150,44,56,44,47,9,0,100,9,26,4,8,9,26,272,1,0,0,0,0,272,1,8,21,4,8,8,21,272,1,0,0,0,0,272,1,9,26,5,14,9,26,272,1,0,0,0,0,272,1,9,26,5,14,9,26,272,1,0,0,0,0,272,1,9,26,5,14,9,26,272,1,0,0,0,0,272,1,9,26,5,14,9,26,272,1,0,0,0,0,272,1
151,66,34,66,0,34,0,100,9,26,4,8,9,26,0,0,0,0,0,0,0,0,8,21,4,8,8,21,0,0,0,0,0,0,0,0,9,26,5,14,9,26,0,0,0,0,0,0,0,0,9,26,5,14,9,26,0,0,0,0,0,0,0,0,9,26,5,14,9,26,0,0,0,0,0,0,0,0,9,26,5,14,9,26,0,0,0,0,0,0,0,0
152,84,16,84,0,16,0,100,9,26,4,8,9,26,0,0,0,0,0,0,0,0,8,21,4,8,8,21,0,0,0,0,0,0,0,0,9,26,5,14,9,26,0,0,0,0,0,0,0,0,9,26,5,14,9,26,0,0,0,0,0,0,0,0,9,26,5,14,9,26,0,0,0,0,0,0,0,0,9,26,5,14,9,26,0,0,0,0,0,0,0,0
153,74,26,74,10,16,0,100,9,26,4,8,9,26,80470,1,80470,1,0,0,0,0,8,21,4,8,8,21,80470,1,80470,1,0,0,0,0,9,26,5,14,9,26,80470,1,80470,1,0,0,0,0,9,26,5,14,9,26,80470,1,80470,1,0,0,0,0,9,26,5,14,9,26,80470,1,80470,1,0,0,0,0,9,26,5,14,9,26,80470,1,80470,1,0,0,0,0
154,78,22,78,10,12,0,100,9,26,4,8,9,26,80834,3,0,0,80290,1,544,2,8,21,4,8,8,21,80834,3,0,0,80290,1,544,2,9,26,5,14,9,26,80834,3,0,0,80290,1,544,2,9,26,5,14,9,26,80834,3,0,0,80290,1,544,2,9,26,5,14,9,26,80834,3,0,0,80290,1,544,2,9,26,5,14,9,26,80834,3,0,0,80290,1,544,2
155,56,44,56,0,44,0,100,9,26,4,8,9,26,0,0,0,0,0,0,0,0,8,21,4,8,8,21,0,0,0,0,0,0,0,0,9,26,5,14,9,26,0,0,0,0,0,0,0,0,9,26,5,14,9,26,0,0,0,0,0,0,0,0,9,26,5,14,9,26,0,0,0,0,0,0,0,0,9,26,5,14,9,26,0,0,0,0,0,0,0,0
156,89,11,89,0,11,0,100,9,26,4,8,9,26,0,0,0,0,0,0,0,0,8,21,4,8,8,21,0,0,0,0,0,0,0,0,9,26,5,14,9,26,0,0,0,0,0,0,0,0,9,26,5,14,9,26,0,0,0,0,0,0,0,0,9,26,5,14,9,26,0,0,0,0,0,0,0,0,9,26,5,14,9,26,0,0,0,0,0,0,0,0
157,81,19,81,8,11,0,100,9,26,4,8,9,26,0,0,0,0,0,0,0,0,8,21,4,8,8,21,0,0,0,0,0,0,0,0,9,26,5,14,9,26,0,0,0,0,0,0,0,0,9,26,5,14,9,26,0,0,0,0,0,0,0,0,9,26,5,14,9,26,0,0,0,0,0,0,0,0,9,26,5,14,9,26,0,0,0,0,0,0,0,0
158,17,83,17,72,11,0,100,9,26,4,8,9,26,544,2,0,0,0,0,544,2,8,21,4,8,8,21,544,2,0,0,0,0,544,2,9,26,5,14,9,26,544,2,0,0,0,0,544,2,9,26,5,14,9,26,544,2,0,0,0,0,544,2,9,26,5,14,9,26,544,2,0,0,0,0,544,2,9,26,5,14,9,26,544,2,0,0,0,0,544,2
159,47,53,47,0,53,0,100,9,26,4,8,9,26,0,0,0,0,0,0,0,0,8,21,4,8,8,21,0,0,0,0,0,0,0,0,9,26,5,14,9,26,0,0,0,0,0,0,0,0,9,26,5,14,9,26,0,0,0,0,0,0,0,0,9,26,5,14,9,26,0,0,0,0,0,0,0,0,9,26,5,14,9,26,0,0,0,0,0,0,0,0
160,87,13,87,0,13,0,100,9,26,4,8,9,26,0,0,0,0,0,0,0,0,8,21,4,8,8,21,0,0,0,0,0,0,0,0,9,26,5,14,9,26,0,0,0,0,0,0,0,0,9,26,5,14,9,26,0,0,0,0,0,0,0,0,9,26,5,14,9,26,0,0,0,0,0,0,0,0,9,26,5,14,9,26,0,0,0,0,0,0,0,0
161,12,88,12,75,13,0,100,9,26,4,8,9,26,0,0,0,0,0,0,0,0,8,21,4,8,8,21,0,0,0,0,0,0,0,0,9,26,5,14,9,26,0,0,0,0,0,0,0,0,9,26,5,14,9,26,0,0,0,0,0,0,0,0,9,26,5,14,9,26,0,0,0,0,0,0,0,0,9,26,5,14,9,26,0,0,0,0,0,0,0,0
162,89,11,89,10,1,0,100,9,26,4,8,9,26,272,1,0,0,0,0,272,1,8,21,4,8,8,21,272,1,0,0,0,0,272,1,9,26,5,14,9,26,272,1,0,0,0,0,272,1,9,26,5,14,9,26,272,1,0,0,0,0,272,1,9,26,5,14,9,26,272,1,0,0,0,0,272,1,9,26,5,14,9,26,272,1,0,0,0,0,272,1
163,84,16,84,0,16,0,100,9,26,4,8,9,26,0,0,0,0,0,0,0,0,9,26,4,8,9,26,0,0,0,0,0,0,0,0,9,26,5,14,9,26,0,0,0,0,0,0,0,0,9,26,5,14,9,26,0,0,0,0,0,0,0,0,9,26,5,14,9,26,0,0,0,0,0,0,0,0,9,26,5,14,9,26,0,0,0,0,0,0,0,0
164,63,37,63,21,16,0,100,9,26,4,8,9,26,0,0,0,0,0,0,0,0,9,26,4,8,9,26,0,0,0,0,0,0,0,0,9,26,5,14,9,26,0,0,0,0,0,0,0,0,9,26,5,14,9,26,0,0,0,0,0,0,0,0,9,26,5,14,9,26,0,0,0,0,0,0,0,0,9,26,5,14,9,26,0,0,0,0,0,0,0,0
165,26,74,26,58,16,0,100,9,26,4,8,9,26,0,0,0,0,0,0,0,0,9,26,4,8,9,26,0,0,0,0,0,0,0,0,9,26,5,14,9,26,0,0,0,0,0,0,0,0,9,26,5,14,9,26,0,0,0,0,0,0,0,0,9,26,5,14,9,26,0,0,0,0,0,0,0,0,9,26,5,14,9,26,0,0,0,0,0,0,0,0
166,46,54,46,43,11,0,100,9,26,4,8,9,26,544,2,0,0,0,0,544,2,9,26,4,8,9,26,544,2,0,0,0,0,544,2,9,26,5,14,9,26,544,2,0,0,0,0,544,2,9,26,5,14,9,26,544,2,0,0,0,0,544,2,9,26,5,14,9,26,544,2,0,0,0,0,544,2,9,26,5,14,9,26,544,2,0,0,0,0,544,2
167,68,32,68,0,32,0,100,9,26,4,8,9,26,0,0,0,0,0,0,0,0,9,26,4,8,9,26,0,0,0,0,0,0,0,0,9,26,5,14,9,26,0,0,0,0,0,0,0,0,9,26,5,14,9,26,0,0,0,0,0,0,0,0,9,26,5,14,9,26,0,0,0,0,0,0,0,0,9,26,5,14,9,26,0,0,0,0,0,0,0,0
168,64,36,64,4,32,0,100,9,26,4,8,9,26,0,0,0,0,0,0,0,0,9,26,4,8,9,26,0,0,0,0,0,0,0,0,9,26,5,14,9,26,0,0,0,0,0,0,0,0,9,26,5,14,9,26,0,0,0,0,0,0,0,0,9,26,5,14,9,26,0,0,0,0,0,0,0,0,9,26,5,14,9,26,0,0,0,0,0,0,0,0
169,64,36,64,4,32,0,100,9,26,4,8,9,26,0,0,0,0,0,0,0,0,9,26,4,8,9,26,0,0,0,0,0,0,0,0,9,26,5,14,9,26,0,0,0,0,0,0,0,0,9,26,5,14,9,26,0,0,0,0,0,0,0,0,9,26,5,14,9,26,0,0,0,0,0,0,0,0,9,26,5,14,9,26,0,0,0,0,0,0,0,0
170,25,75,25,43,32,0,100,9,26,4,8,9,26,272,1,0,0,0,0,272,1,9,26,4,8,9,26,272,1,0,0,0,0,272,1,9,26,5,14,9,26,272,1,0,0,0,0,272,1,9,26,5,14,9,26,272,1,0,0,0,0,272,1,9,26,5,14,9,26,272,1,0,0,0,0,272,1,9,26,5,14,9,26,272,1,0,0,0,0,272,1
171,44,56,44,0,56,0,100,9,26,4,8,9,26,0,0,0,0,0,0,0,0,9,26,4,8,9,26,0,0,0,0,0,0,0,0,9,26,5,14,9,26,0,0,0,0,0,0,0,0,9,26,5,14,9,26,0,0,0,0,0,0,0,0,9,26,5,14,9,26,0,0,0,0,0,0,0,0,9,26,5,14,9,26,0,0,0,0,0,0,0,0
172,50,50,50,0,50,0,100,9,26,4,8,9,26,0,0,0,0,0,0,0,0,9,26,4,8,9,26,0,0,0,0,0,0,0,0,9,26,5,14,9,26,0,0,0,0,0,0,0,0,9,26,5,14,9,26,0,0,0,0,0,0,0,0,9,26,5,14,9,26,0,0,0,0,0,0,0,0,9,26,5,14,9,26,0,0,0,0,0,0,0,0
173,26,74,26,24,50,0,100,9,26,4,8,9,26,0,0,0,0,0,0,0,0,9,26,4,8,9,26,0,0,0,0,0,0,0,0,9,26,5,14,9,26,0,0,0,0,0,0,0,0,9,26,5,14,9,26,0,0,0,0,0,0,0,0,9,26,5,14,9,26,0,0,0,0,0,0,0,0,9,26,5,14,9,26,0,0,0,0,0,0,0,0
174,8,92,8,42,50,0,100,9,26,4,8,9,26,1632,6,0,0,0,0,1632,6,9,26,4,8,9,26,1632,6,0,0,0,0,1632,6,9,26,5,14,9,26,1632,6,0,0,0,0,1632,6,9,26,5,14,9,26,1632,6,0,0,0,0,1632,6,9,26,5,14,9,26,1632,6,0,0,0,0,1632,6,9,26,5,14,9,26,1632,6,0,0,0,0,1632,6
175,61,39,61,0,39,0,100,9,26,4,8,9,26,0,0,0,0,0,0,0,0,9,26,4,8,9,26,0,0,0,0,0,0,0,0,9,26,5,14,9,26,0,0,0,0,0,0,0,0,10,33,5,14,10,33,0,0,0,0,0,0,0,0,9,26,5,14,9,26,0,0,0,0,0,0,0,0,10,33,5,14,10,33,0,0,0,0,0,0,0,0
176,71,29,71,0,29,0,100,9,26,4,8,9,26,0,0,0,0,0,0,0,0,9,26,4,8,9,26,0,0,0,0,0,0,0,0,9,26,5,14,9,26,0,0,0,0,0,0,0,0,10,33,5,14,10,33,0,0,0,0,0,0,0,0,9,26,5,14,9,26,0,0,0,0,0,0,0,0,10,33,5,14,10,33,0,0,0,0,0,0,0,0
177,14,86,14,57,29,0,100,9,26,4,8,9,26,80630,1,80630,1,0,0,0,0,9,26,4,8,9,26,80630,1,80630,1,0,0,0,0,9,26,5,14,9,26,80630,1,80630,1,0,0,0,0,10,33,5,14,10,33,80630,1,80630,1,0,0,0,0,9,26,5,14,9,26,80630,1,80630,1,0,0,0,0,10,33,5,14,10,33,80630,1,80630,1,0,0,0,0
178,17,83,17,54,29,0,100,9,26,4,8,9,26,80834,3,0,0,80290,1,544,2,9,26,4,8,9,26,80834,3,0,0,80290,1,544,2,9,26,5,14,9,26,80834,3,0,0,80290,1,544,2,10,33,5,14,10,33,80834,3,0,0,80290,1,544,2,9,26,5,14,9,26,80834,3,0,0,80290,1,544,2,10,33,5,14,10,33,80834,3,0,0,80290,1,544,2
179,34,66,34,0,66,0,100,10,33,4,8,10,33,0,0,0,0,0,0,0,0,10,33,4,8,10,33,0,0,0,0,0,0,0,0,9,26,5,14,9,26,0,0,0,0,0,0,0,0,10,33,5,14,10,33,0,0,0,0,0,0,0,0,9,26,5,14,9,26,0,0,0,0,0,0,0,0,10,33,5,14,10,33,0,0,0,0,0,0,0,0
180,20,80,20,14,66,0,100,10,33,4,8,10,33,0,0,0,0,0,0,0,0,10,33,4,8,10,33,0,0,0,0,0,0,0,0,9,26,5,14,9,26,0,0,0,0,0,0,0,0,10,33,5,14,10,33,0,0,0,0,0,0,0,0,9,26,5,14,9,26,0,0,0,0,0,0,0,0,10,33,5,14,10,33,0,0,0,0,0,0,0,0
181,90,10,90,4,6,0,100,10,33,4,8,10,33,0,0,0,0,0,0,0,0,10,33,4,8,10,33,0,0,0,0,0,0,0,0,9,26,5,14,9,26,0,0,0,0,0,0,0,0,10,33,5,14,10,33,0,0,0,0,0,0,0,0,9,26,5,14,9,26,0,0,0,0,0,0,0,0,10,33,5,14,10,33,0,0,0,0,0,0,0,0
182,34,66,34,60,6,0,100,10,33,4,8,10,33,0,0,0,0,0,0,0,0,10,33,4,8,10,33,0,0,0,0,0,0,0,0,9,26,5,14,9,26,0,0,0,0,0,0,0,0,10,33,5,14,10,33,0,0,0,0,0,0,0,0,9,26,5,14,9,26,0,0,0,0,0,0,0,0,10,33,5,14,10,33,0,0,0,0,0,0,0,0
183,50,50,50,0,50,0,100,10,33,4,8,10,33,0,0,0,0,0,0,0,0,10,33,4,8,10,33,0,0,0,0,0,0,0,0,9,26,5,14,9,26,0,0,0,0,0,0,0,0,10,33,5,14,10,33,0,0,0,0,0,0,0,0,9,26,5,14,9,26,0,0,0,0,0,0,0,0,10,33,5,14,10,33,0,0,0,0,0,0,0,0
184,2,98,2,48,50,0,100,10,33,4,8,10,33,0,0,0,0,0,0,0,0,10,33,4,8,10,33,0,0,0,0,0,0,0,0,9,26,5,14,9,26,0,0,0,0,0,0,0,0,10,33,5,14,10,33,0,0,0,0,0,0,0,0,9,26,5,14,9,26,0,0,0,0,0,0,0,0,10,33,5,14,10,33,0,0,0,0,0,0,0,0
185,0,100,0,50,50,0,100,10,33,4,8,10,33,0,0,0,0,0,0,0,0,10,33,4,8,10,33,0,0,0,0,0,0,0,0,9,26,5,14,9,26,0,0,0,0,0,0,0,0,10,33,5,14,10,33,0,0,0,0,0,0,0,0,9,26,5,14,9,26,0,0,0,0,0,0,0,0,10,33,5,14,10,33,0,0,0,0,0,0,0,0
186,0,100,0,50,50,0,100,12,44,12,44,10,33,2176,8,0,0,0,0,2176,8,10,33,4,8,10,33,2176,8,0,0,0,0,2176,8,9,26,5,14,9,26,2176,8,0,0,0,0,2176,8,12,44,12,44,10,33,2176,8,0,0,0,0,2176,8,9,26,5,14,9,26,2176,8,0,0,0,0,2176,8,12,44,12,44,10,33,2176,8,0,0,0,0,2176,8
187,0,100,0,0,100,0,100,12,44,12,44,10,33,0,0,0,0,0,0,0,0,10,33,4,8,10,33,0,0,0,0,0,0,0,0,10,33,5,14,10,33,0,0,0,0,0,0,0,0,12,44,12,44,10,33,0,0,0,0,0,0,0,0,10,33,5,14,10,33,0,0,0,0,0,0,0,0,12,44,12,44,10,33,0,0,0,0,0,0,0,0
188,0,100,0,0,100,0,100,12,44,12,44,10,33,0,0,0,0,0,0,0,0,10,33,4,8,10,33,0,0,0,0,0,0,0,0,10,33,5,14,10,33,0,0,0,0,0,0,0,0,12,44,12,44,10,33,0,0,0,0,0,0,0,0,10,33,5,14,10,33,0,0,0,0,0,0,0,0,12,44,12,44,10,33,0,0,0,0,0,0,0,0
189,0,100,0,0,100,0,100,12,44,12,44,10,33,0,0,0,0,0,0,0,0,10,33,4,8,10,33,0,0,0,0,0,0,0,0,10,33,5,14,10,33,0,0,0,0,0,0,0,0,12,44,12,44,10,33,0,0,0,0,0,0,0,0,10,33,5,14,10,33,0,0,0,0,0,0,0,0,12,44,12,44,10,33,0,0,0,0,0,0,0,0
190,0,100,0,0,100,0,100,12,44,12,44,10,33,3536,13,0,0,0,0,3536,13,12,44,12,44,10,33,3536,13,0,0,0,0,3536,13,12,44,12,44,10,33,3536,13,0,0,0,0,3536,13,12,44,12,44,10,33,3536,13,0,0,0,0,3536,13,12,44,12,44,10,33,3536,13,0,0,0,0,3536,13,12,44,12,44,10,33,3536,13,0,0,0,0,3536,13
191,0,100,0,0,100,0,100,12,44,12,44,10,33,0,0,0,0,0,0,0,0,12,44,12,44,10,33,0,0,0,0,0,0,0,0,12,44,12,44,10,33,0,0,0,0,0,0,0,0,12,44,12,44,10,33,0,0,0,0,0,0,0,0,12,44,12,44,10,33,0,0,0,0,0,0,0,0,12,44,12,44,10,33,0,0,0,0,0,0,0,0
192,0,100,0,0,100,0,100,12,44,12,44,10,33,0,0,0,0,0,0,0,0,12,44,12,44,10,33,0,0,0,0,0,0,0,0,12,44,12,44,10,33,0,0,0,0,0,0,0,0,12,44,12,44,10,33,0,0,0,0,0,0,0,0,12,44,12,44,10,33,0,0,0,0,0,0,0,0,12,44,12,44,10,33,0,0,0,0,0,0,0,0
193,0,100,0,0,100,0,100,12,44,12,44,10,33,0,0,0,0,0,0,0,0,12,44,12,44,10,33,0,0,0,0,0,0,0,0,12,44,12,44,10,33,0,0,0,0,0,0,0,0,12,44,12,44,10,33,0,0,0,0,0,0,0,0,12,44,12,44,10,33,0,0,0,0,0,0,0,0,12,44,12,44,10,33,0,0,0,0,0,0,0,0
194,0,100,0,0,100,0,100,12,44,12,44,10,33,2720,10,0,0,0,0,2720,10,12,44,12,44,10,33,2720,10,0,0,0,0,2720,10,12,44,12,44,10,33,2720,10,0,0,0,0,2720,10,12,44,12,44,10,33,2720,10,0,0,0,0,2720,10,12,44,12,44,10,33,2720,10,0,0,0,0,2720,10,12,44,12,44,10,33,2720,10,0,0,0,0,2720,10
195,0,100,0,0,100,0,100,12,44,12,44,11,38,0,0,0,0,0,0,0,0,12,44,12,44,11,38,0,0,0,0,0,0,0,0,12,44,12,44,11,38,0,0,0,0,0,0,0,0,12,44,12,44,11,38,0,0,0,0,0,0,0,0,12,44,12,44,11,38,0,0,0,0,0,0,0,0,12,44,12,44,11,38,0,0,0,0,0,0,0,0
196,0,100,0,0,100,0,100,12,44,12,44,11,38,0,0,0,0,0,0,0,0,12,44,12,44,11,38,0,0,0,0,0,0,0,0,12,44,12,44,11,38,0,0,0,0,0,0,0,0,12,44,12,44,11,38,0,0,0,0,0,0,0,0,12,44,12,44,11,38,0,0,0,0,0,0,0,0,12,44,12,44,11,38,0,0,0,0,0,0,0,0
197,0,100,0,0,100,0,100,12,44,12,44,11,38,80758,1,80758,1,0,0,0,0,12,44,12,44,11,38,80758,1,80758,1,0,0,0,0,12,44,12,44,11,38,80758,1,80758,1,0,0,0,0,12,44,12,44,11,38,80758,1,80758,1,0,0,0,0,12,44,12,44,11,38,80758,1,80758,1,0,0,0,0,12,44,12,44,11,38,80758,1,80758,1,0,0,0,0
198,0,100,0,0,100,0,100,13,49,13,49,11,38,82738,10,0,0,80290,1,2448,9,13,49,13,49,11,38,82738,10,0,0,80290,1,2448,9,13,49,13,49,11,38,82738,10,0,0,80290,1,2448,9,13,49,13,49,11,38,82738,10,0,0,80290,1,2448,9,13,49,13,49,11,38,82738,10,0,0,80290,1,2448,9,13,49,13,49,11,38,82738,10,0,0,80290,1,2448,9
199,0,100,0,0,100,0,100,13,49,13,49,11,38,0,0,0,0,0,0,0,0,13,49,13,49,11,38,0,0,0,0,0,0,0,0,13,49,13,49,11,38,0,0,0,0,0,0,0,0,13,49,13,49,11,38,0,0,0,0,0,0,0,0,13,49,13,49,11,38,0,0,0,0,0,0,0,0,13,49,13,49,11,38,0,0,0,0,0,0,0,0
200,0,100,0,0,100,0,100,13,49,13,49,11,38,0,0,0,0,0,0,0,0,13,49,13,49,11,38,0,0,0,0,0,0,0,0,13,49,13,49,11,38,0,0,0,0,0,0,0,0,13,49,13,49,11,38,0,0,0,0,0,0,0,0,13,49,13,49,11,38,0,0,0,0,0,0,0,0,13,49,13,49,11,38,0,0,0,0,0,0,0,0
201,0,100,0,0,100,0,100,13,49,13,49,11,38,0,0,0,0,0,0,0,0,13,49,13,49,11,38,0,0,0,0,0,0,0,0,13,49,13,49,11,38,0,0,0,0,0,0,0,0,13,49,13,49,11,38,0,0,0,0,0,0,0,0,13,49,13,49,11,38,0,0,0,0,0,0,0,0,13,49,13,49,11,38,0,0,0,0,0,0,0,0
202,0,100,0,0,100,0,100,13,49,13,49,11,38,1360,5,0,0,0,0,1360,5,13,49,13,49,11,38,1360,5,0,0,0,0,1360,5,13,49,13,49,11,38,1360,5,0,0,0,0,1360,5,13,49,13,49,11,38,1360,5,0,0,0,0,1360,5,13,49,13,49,11,38,1360,5,0,0,0,0,1360,5,13,49,13,49,11,38,1360,5,0,0,0,0,1360,5
203,0,100,0,0,100,0,100,13,49,13,49,11,38,0,0,0,0,0,0,0,0,13,49,13,49,11,38,0,0,0,0,0,0,0,0,13,49,13,49,11,38,0,0,0,0,0,0,0,0,13,49,13,49,11,38,0,0,0,0,0,0,0,0,13,49,13,49,11,38,0,0,0,0,0,0,0,0,13,49,13,49,11,38,0,0,0,0,0,0,0,0

digraph G {
  rankdir=BT;
  style=filled;
  color=lightgrey;
  node [shape=box,style=filled,color=white];
  b_Hvg6WTkzwA8 [label="H(vg6WTkzwA8)\nt=18 id=2"];
  b_HZ2tvk1ODWx [label="H(Z2tvk1ODWx)\nt=1 id=92"];
  b_HgzcpaUDYC7 [label="H(gzcpaUDYC7)\nt=26 id=25"];
  b_HBQLeFc9hm [label="H(BQLeF+c9hm)\nt=44 id=74"];
  b_HXs3gqqgjpq [label="H(Xs3gqqgjpq)\nt=8 id=67"];
  b_HKjiYAgmyl7 [label="H(KjiYAgmyl7)\nt=4 id=71"];
  b_HWZE15f92 [label="H(WZ+E15f92/)\nt=20 id=11"];
  b_HCrH17qHm2I [label="H(CrH17qHm2I)\nt=38 id=96"];
  b_Hbwm5RuXggR [label="H(bwm5RuXggR)\nt=49 id=79"];
  b_HtfjqBmd7q [label="H(tfjq+Bmd7q)\n"];
  b_HyagL1zpd8 [label="H(yag+L1zpd8)\nt=5 id=26"];
  b_Hp1GS5ajwA0 [label="H(p1GS5ajwA0)\nt=14 id=38"];
  b_HDki7Udqm [label="H(Dki7Udq+/m)\nt=33 id=22"];
  b_HHaV9xk8iOz [label="H(HaV9xk8iOz)\nt=21 id=49"];
  b_Hvg6WTkzwA8 -> b_Hp1GS5ajwA0;
  b_HZ2tvk1ODWx -> b_HtfjqBmd7q;
  b_HgzcpaUDYC7 -> b_HHaV9xk8iOz;
  b_HBQLeFc9hm -> b_HCrH17qHm2I;
  b_HXs3gqqgjpq -> b_HyagL1zpd8;
  b_HKjiYAgmyl7 -> b_HZ2tvk1ODWx;
  b_HWZE15f92 -> b_Hvg6WTkzwA8;
  b_HCrH17qHm2I -> b_HDki7Udqm;
  b_Hbwm5RuXggR -> b_HBQLeFc9hm;
  b_HyagL1zpd8 -> b_HKjiYAgmyl7;
  b_Hp1GS5ajwA0 -> b_HXs3gqqgjpq;
  b_HDki7Udqm -> b_HgzcpaUDYC7;
  b_HHaV9xk8iOz -> b_HWZE15f92;
  v_HEiq8x7ast [label="id=32 t=50"];
  v_HEiq8x7ast -> b_Hbwm5RuXggR;
  v_HC1Cns8paMc [label="id=52 t=50"];
  v_HC1Cns8paMc -> b_Hbwm5RuXggR;
  v_HqNXiqrpbTK [label="id=3 t=50"];
  v_HqNXiqrpbTK -> b_Hbwm5RuXggR;
  v_HObZFRZe5pv [label="id=55 t=50"];
  v_HObZFRZe5pv -> b_Hbwm5RuXggR;
  v_Hg73op2DTP [label="id=65 t=50"];
  v_Hg73op2DTP -> b_Hbwm5RuXggR;
}


ALWAYS AWAKE final ledgers: 13 49 13 49 11 38
ALWAYS AWAKE total communication: 2304632 220
ALWAYS AWAKE blocks communication: 1043765 13
ALWAYS AWAKE votes communication: 52224 192
ALWAYS AWAKE proposals communication: 1208643 15
