r,n_asleep,n_awake,n_honest_asleep,n_honest_dreamy,n_honest_awake,n_adversary,n_all,party0_ledger_best_length,party0_ledger_best_age,party0_ledger_fast_length,party0_ledger_fast_age,party0_ledger_slow_length,party0_ledger_slow_age,party0_comms_all_size,party0_comms_all_count,party0_comms_proposal_size,party0_comms_proposal_count,party0_comms_piece_block_size,party0_comms_piece_block_count,party0_comms_piece_vote_size,party0_comms_piece_vote_count,party1_ledger_best_length,party1_ledger_best_age,party1_ledger_fast_length,party1_ledger_fast_age,party1_ledger_slow_length,party1_ledger_slow_age,party1_comms_all_size,party1_comms_all_count,party1_comms_proposal_size,party1_comms_proposal_count,party1_comms_piece_block_size,party1_comms_piece_block_count,party1_comms_piece_vote_size,party1_comms_piece_vote_count,party2_ledger_best_length,party2_ledger_best_age,party2_ledger_fast_length,party2_ledger_fast_age,party2_ledger_slow_length,party2_ledger_slow_age,party2_comms_all_size,party2_comms_all_count,party2_comms_proposal_size,party2_comms_proposal_count,party2_comms_piece_block_size,party2_comms_piece_block_count,party2_comms_piece_vote_size,party2_comms_piece_vote_count,party3_ledger_best_length,party3_ledger_best_age,party3_ledger_fast_length,party3_ledger_fast_age,party3_ledger_slow_length,party3_ledger_slow_age,party3_comms_all_size,party3_comms_all_count,party3_comms_proposal_size,party3_comms_proposal_count,party3_comms_piece_block_size,party3_comms_piece_block_count,party3_comms_piece_vote_size,party3_comms_piece_vote_count,party4_ledger_best_length,party4_ledger_best_age,party4_ledger_fast_length,party4_ledger_fast_age,party4_ledger_slow_length,party4_ledger_slow_age,party4_comms_all_size,party4_comms_all_count,party4_comms_proposal_size,party4_comms_proposal_count,party4_comms_piece_block_size,party4_comms_piece_block_count,party4_comms_piece_vote_size,party4_comms_piece_vote_count,partyALWAYSAWAKE_ledger_best_length,partyALWAYSAWAKE_ledger_best_age,partyALWAYSAWAKE_ledger_fast_length,partyALWAYSAWAKE_ledger_fast_age,partyALWAYSAWAKE_ledger_slow_length,partyALWAYSAWAKE_ledger_slow_age,partyALWAYSAWAKE_comms_all_size,partyALWAYSAWAKE_comms_all_count,partyALWAYSAWAKE_comms_proposal_size,partyALWAYSAWAKE_comms_proposal_count,partyALWAYSAWAKE_comms_piece_block_size,partyALWAYSAWAKE_comms_piece_block_count,partyALWAYSAWAKE_comms_piece_vote_size,partyALWAYSAWAKE_comms_piece_vote_count
4,0,1000,0,0,1000,0,1000,0,0,0,0,0,0,0,0,0,0,0,0,0,0,0,0,0,0,0,0,0,0,0,0,0,0,0,0,0,0,0,0,0,0,0,0,0,0,0,0,0,0,0,0,0,0,0,0,0,0,0,0,0,0,0,0,0,0,0,0,0,0,0,0,0,0,0,0,0,0,0,0,0,0,0,0,0,0,0,0,0,0,0,0
5,0,1000,0,0,1000,0,1000,0,0,0,0,0,0,0,0,0,0,0,0,0,0,0,0,0,0,0,0,0,0,0,0,0,0,0,0,0,0,0,0,0,0,0,0,0,0,0,0,0,0,0,0,0,0,0,0,0,0,0,0,0,0,0,0,0,0,0,0,0,0,0,0,0,0,0,0,0,0,0,0,0,0,0,0,0,0,0,0,0,0,0,0
6,0,1000,0,0,1000,0,1000,0,0,0,0,0,0,26656,98,0,0,0,0,26656,98,0,0,0,0,0,0,26656,98,0,0,0,0,26656,98,0,0,0,0,0,0,26656,98,0,0,0,0,26656,98,0,0,0,0,0,0,26656,98,0,0,0,0,26656,98,0,0,0,0,0,0,26656,98,0,0,0,0,26656,98,0,0,0,0,0,0,26656,98,0,0,0,0,26656,98
7,0,1000,0,0,1000,0,1000,0,0,0,0,0,0,0,0,0,0,0,0,0,0,0,0,0,0,0,0,0,0,0,0,0,0,0,0,0,0,0,0,0,0,0,0,0,0,0,0,0,0,0,0,0,0,0,0,0,0,0,0,0,0,0,0,0,0,0,0,0,0,0,0,0,0,0,0,0,0,0,0,0,0,0,0,0,0,0,0,0,0,0,0
8,0,1000,0,0,1000,0,1000,0,0,0,0,0,0,0,0,0,0,0,0,0,0,0,0,0,0,0,0,0,0,0,0,0,0,0,0,0,0,0,0,0,0,0,0,0,0,0,0,0,0,0,0,0,0,0,0,0,0,0,0,0,0,0,0,0,0,0,0,0,0,0,0,0,0,0,0,0,0,0,0,0,0,0,0,0,0,0,0,0,0,0,0
9,0,1000,0,0,1000,0,1000,0,0,0,0,0,0,0,0,0,0,0,0,0,0,0,0,0,0,0,0,0,0,0,0,0,0,0,0,0,0,0,0,0,0,0,0,0,0,0,0,0,0,0,0,0,0,0,0,0,0,0,0,0,0,0,0,0,0,0,0,0,0,0,0,0,0,0,0,0,0,0,0,0,0,0,0,0,0,0,0,0,0,0,0
10,0,1000,0,0,1000,0,1000,0,0,0,0,0,0,26656,98,0,0,0,0,26656,98,0,0,0,0,0,0,26656,98,0,0,0,0,26656,98,0,0,0,0,0,0,26656,98,0,0,0,0,26656,98,0,0,0,0,0,0,26656,98,0,0,0,0,26656,98,0,0,0,0,0,0,26656,98,0,0,0,0,26656,98,0,0,0,0,0,0,26656,98,0,0,0,0,26656,98
11,0,1000,0,0,1000,0,1000,0,0,0,0,0,0,0,0,0,0,0,0,0,0,0,0,0,0,0,0,0,0,0,0,0,0,0,0,0,0,0,0,0,0,0,0,0,0,0,0,0,0,0,0,0,0,0,0,0,0,0,0,0,0,0,0,0,0,0,0,0,0,0,0,0,0,0,0,0,0,0,0,0,0,0,0,0,0,0,0,0,0,0,0
12,0,1000,0,0,1000,0,1000,0,0,0,0,0,0,0,0,0,0,0,0,0,0,0,0,0,0,0,0,0,0,0,0,0,0,0,0,0,0,0,0,0,0,0,0,0,0,0,0,0,0,0,0,0,0,0,0,0,0,0,0,0,0,0,0,0,0,0,0,0,0,0,0,0,0,0,0,0,0,0,0,0,0,0,0,0,0,0,0,0,0,0,0
13,0,1000,0,0,1000,0,1000,0,0,0,0,0,0,0,0,0,0,0,0,0,0,0,0,0,0,0,0,0,0,0,0,0,0,0,0,0,0,0,0,0,0,0,0,0,0,0,0,0,0,0,0,0,0,0,0,0,0,0,0,0,0,0,0,0,0,0,0,0,0,0,0,0,0,0,0,0,0,0,0,0,0,0,0,0,0,0,0,0,0,0,0
14,0,1000,0,0,1000,0,1000,0,0,0,0,0,0,30736,113,0,0,0,0,30736,113,0,0,0,0,0,0,30736,113,0,0,0,0,30736,113,0,0,0,0,0,0,30736,113,0,0,0,0,30736,113,0,0,0,0,0,0,30736,113,0,0,0,0,30736,113,0,0,0,0,0,0,30736,113,0,0,0,0,30736,113,0,0,0,0,0,0,30736,113,0,0,0,0,30736,113
15,0,1000,0,0,1000,0,1000,0,0,0,0,0,0,0,0,0,0,0,0,0,0,0,0,0,0,0,0,0,0,0,0,0,0,0,0,0,0,0,0,0,0,0,0,0,0,0,0,0,0,0,0,0,0,0,0,0,0,0,0,0,0,0,0,0,0,0,0,0,0,0,0,0,0,0,0,0,0,0,0,0,0,0,0,0,0,0,0,0,0,0,0
16,0,1000,0,0,1000,0,1000,0,0,0,0,0,0,0,0,0,0,0,0,0,0,0,0,0,0,0,0,0,0,0,0,0,0,0,0,0,0,0,0,0,0,0,0,0,0,0,0,0,0,0,0,0,0,0,0,0,0,0,0,0,0,0,0,0,0,0,0,0,0,0,0,0,0,0,0,0,0,0,0,0,0,0,0,0,0,0,0,0,0,0,0
17,0,1000,0,0,1000,0,1000,0,0,0,0,0,0,84054,1,84054,1,0,0,0,0,0,0,0,0,0,0,84054,1,84054,1,0,0,0,0,0,0,0,0,0,0,84054,1,84054,1,0,0,0,0,0,0,0,0,0,0,84054,1,84054,1,0,0,0,0,0,0,0,0,0,0,84054,1,84054,1,0,0,0,0,0,0,0,0,0,0,84054,1,84054,1,0,0,0,0
18,0,1000,0,0,1000,0,1000,1,4,1,4,0,0,108578,105,0,0,80290,1,28288,104,1,4,1,4,0,0,108578,105,0,0,80290,1,28288,104,1,4,1,4,0,0,108578,105,0,0,80290,1,28288,104,1,4,1,4,0,0,108578,105,0,0,80290,1,28288,104,1,4,1,4,0,0,108578,105,0,0,80290,1,28288,104,1,4,1,4,0,0,108578,105,0,0,80290,1,28288,104
19,0,1000,0,0,1000,0,1000,1,4,1,4,0,0,0,0,0,0,0,0,0,0,1,4,1,4,0,0,0,0,0,0,0,0,0,0,1,4,1,4,0,0,0,0,0,0,0,0,0,0,1,4,1,4,0,0,0,0,0,0,0,0,0,0,1,4,1,4,0,0,0,0,0,0,0,0,0,0,1,4,1,4,0,0,0,0,0,0,0,0,0,0
20,0,1000,0,0,1000,0,1000,1,4,1,4,0,0,0,0,0,0,0,0,0,0,1,4,1,4,0,0,0,0,0,0,0,0,0,0,1,4,1,4,0,0,0,0,0,0,0,0,0,0,1,4,1,4,0,0,0,0,0,0,0,0,0,0,1,4,1,4,0,0,0,0,0,0,0,0,0,0,1,4,1,4,0,0,0,0,0,0,0,0,0,0
21,0,1000,0,0,1000,0,1000,1,4,1,4,0,0,0,0,0,0,0,0,0,0,1,4,1,4,0,0,0,0,0,0,0,0,0,0,1,4,1,4,0,0,0,0,0,0,0,0,0,0,1,4,1,4,0,0,0,0,0,0,0,0,0,0,1,4,1,4,0,0,0,0,0,0,0,0,0,0,1,4,1,4,0,0,0,0,0,0,0,0,0,0
22,0,1000,0,0,1000,0,1000,1,4,1,4,0,0,25568,94,0,0,0,0,25568,94,1,4,1,4,0,0,25568,94,0,0,0,0,25568,94,1,4,1,4,0,0,25568,94,0,0,0,0,25568,94,1,4,1,4,0,0,25568,94,0,0,0,0,25568,94,1,4,1,4,0,0,25568,94,0,0,0,0,25568,94,1,4,1,4,0,0,25568,94,0,0,0,0,25568,94
23,0,1000,0,0,1000,0,1000,1,4,1,4,0,0,0,0,0,0,0,0,0,0,1,4,1,4,0,0,0,0,0,0,0,0,0,0,1,4,1,4,0,0,0,0,0,0,0,0,0,0,1,4,1,4,0,0,0,0,0,0,0,0,0,0,1,4,1,4,0,0,0,0,0,0,0,0,0,0,1,4,1,4,0,0,0,0,0,0,0,0,0,0
24,0,1000,0,0,1000,0,1000,1,4,1,4,0,0,0,0,0,0,0,0,0,0,1,4,1,4,0,0,0,0,0,0,0,0,0,0,1,4,1,4,0,0,0,0,0,0,0,0,0,0,1,4,1,4,0,0,0,0,0,0,0,0,0,0,1,4,1,4,0,0,0,0,0,0,0,0,0,0,1,4,1,4,0,0,0,0,0,0,0,0,0,0
25,0,1000,0,0,1000,0,1000,1,4,1,4,0,0,0,0,0,0,0,0,0,0,1,4,1,4,0,0,0,0,0,0,0,0,0,0,1,4,1,4,0,0,0,0,0,0,0,0,0,0,1,4,1,4,0,0,0,0,0,0,0,0,0,0,1,4,1,4,0,0,0,0,0,0,0,0,0,0,1,4,1,4,0,0,0,0,0,0,0,0,0,0
26,0,1000,0,0,1000,0,1000,1,4,1,4,0,0,25296,93,0,0,0,0,25296,93,1,4,1,4,0,0,25296,93,0,0,0,0,25296,93,1,4,1,4,0,0,25296,93,0,0,0,0,25296,93,1,4,1,4,0,0,25296,93,0,0,0,0,25296,93,1,4,1,4,0,0,25296,93,0,0,0,0,25296,93,1,4,1,4,0,0,25296,93,0,0,0,0,25296,93
27,0,1000,0,0,1000,0,1000,1,4,1,4,0,0,0,0,0,0,0,0,0,0,1,4,1,4,0,0,0,0,0,0,0,0,0,0,1,4,1,4,0,0,0,0,0,0,0,0,0,0,1,4,1,4,0,0,0,0,0,0,0,0,0,0,1,4,1,4,0,0,0,0,0,0,0,0,0,0,1,4,1,4,0,0,0,0,0,0,0,0,0,0
28,0,1000,0,0,1000,0,1000,1,4,1,4,0,0,0,0,0,0,0,0,0,0,1,4,1,4,0,0,0,0,0,0,0,0,0,0,1,4,1,4,0,0,0,0,0,0,0,0,0,0,1,4,1,4,0,0,0,0,0,0,0,0,0,0,1,4,1,4,0,0,0,0,0,0,0,0,0,0,1,4,1,4,0,0,0,0,0,0,0,0,0,0
29,0,1000,0,0,1000,0,1000,1,4,1,4,0,0,0,0,0,0,0,0,0,0,1,4,1,4,0,0,0,0,0,0,0,0,0,0,1,4,1,4,0,0,0,0,0,0,0,0,0,0,1,4,1,4,0,0,0,0,0,0,0,0,0,0,1,4,1,4,0,0,0,0,0,0,0,0,0,0,1,4,1,4,0,0,0,0,0,0,0,0,0,0
30,0,1000,0,0,1000,0,1000,1,4,1,4,0,0,28832,106,0,0,0,0,28832,106,1,4,1,4,0,0,28832,106,0,0,0,0,28832,106,1,4,1,4,0,0,28832,106,0,0,0,0,28832,106,1,4,1,4,0,0,28832,106,0,0,0,0,28832,106,1,4,1,4,0,0,28832,106,0,0,0,0,28832,106,1,4,1,4,0,0,28832,106,0,0,0,0,28832,106
31,0,1000,0,0,1000,0,1000,1,4,1,4,0,0,0,0,0,0,0,0,0,0,1,4,1,4,0,0,0,0,0,0,0,0,0,0,1,4,1,4,0,0,0,0,0,0,0,0,0,0,1,4,1,4,0,0,0,0,0,0,0,0,0,0,1,4,1,4,0,0,0,0,0,0,0,0,0,0,1,4,1,4,0,0,0,0,0,0,0,0,0,0
32,0,1000,0,0,1000,0,1000,1,4,1,4,0,0,0,0,0,0,0,0,0,0,1,4,1,4,0,0,0,0,0,0,0,0,0,0,1,4,1,4,0,0,0,0,0,0,0,0,0,0,1,4,1,4,0,0,0,0,0,0,0,0,0,0,1,4,1,4,0,0,0,0,0,0,0,0,0,0,1,4,1,4,0,0,0,0,0,0,0,0,0,0
33,0,1000,0,0,1000,0,1000,1,4,1,4,0,0,0,0,0,0,0,0,0,0,1,4,1,4,0,0,0,0,0,0,0,0,0,0,1,4,1,4,0,0,0,0,0,0,0,0,0,0,1,4,1,4,0,0,0,0,0,0,0,0,0,0,1,4,1,4,0,0,0,0,0,0,0,0,0,0,1,4,1,4,0,0,0,0,0,0,0,0,0,0
34,0,1000,0,0,1000,0,1000,1,4,1,4,0,0,29920,110,0,0,0,0,29920,110,1,4,1,4,0,0,29920,110,0,0,0,0,29920,110,1,4,1,4,0,0,29920,110,0,0,0,0,29920,110,1,4,1,4,0,0,29920,110,0,0,0,0,29920,110,1,4,1,4,0,0,29920,110,0,0,0,0,29920,110,1,4,1,4,0,0,29920,110,0,0,0,0,29920,110
35,0,1000,0,0,1000,0,1000,1,4,1,4,0,0,0,0,0,0,0,0,0,0,1,4,1,4,0,0,0,0,0,0,0,0,0,0,1,4,1,4,0,0,0,0,0,0,0,0,0,0,1,4,1,4,0,0,0,0,0,0,0,0,0,0,1,4,1,4,0,0,0,0,0,0,0,0,0,0,1,4,1,4,0,0,0,0,0,0,0,0,0,0
36,0,1000,0,0,1000,0,1000,1,4,1,4,0,0,0,0,0,0,0,0,0,0,1,4,1,4,0,0,0,0,0,0,0,0,0,0,1,4,1,4,0,0,0,0,0,0,0,0,0,0,1,4,1,4,0,0,0,0,0,0,0,0,0,0,1,4,1,4,0,0,0,0,0,0,0,0,0,0,1,4,1,4,0,0,0,0,0,0,0,0,0,0
37,0,1000,0,0,1000,0,1000,1,4,1,4,0,0,0,0,0,0,0,0,0,0,1,4,1,4,0,0,0,0,0,0,0,0,0,0,1,4,1,4,0,0,0,0,0,0,0,0,0,0,1,4,1,4,0,0,0,0,0,0,0,0,0,0,1,4,1,4,0,0,0,0,0,0,0,0,0,0,1,4,1,4,0,0,0,0,0,0,0,0,0,0
38,0,1000,0,0,1000,0,1000,1,4,1,4,0,0,27744,102,0,0,0,0,27744,102,1,4,1,4,0,0,27744,102,0,0,0,0,27744,102,1,4,1,4,0,0,27744,102,0,0,0,0,27744,102,1,4,1,4,0,0,27744,102,0,0,0,0,27744,102,1,4,1,4,0,0,27744,102,0,0,0,0,27744,102,1,4,1,4,0,0,27744,102,0,0,0,0,27744,102
39,0,1000,0,0,1000,0,1000,1,4,1,4,0,0,0,0,0,0,0,0,0,0,1,4,1,4,0,0,0,0,0,0,0,0,0,0,1,4,1,4,0,0,0,0,0,0,0,0,0,0,1,4,1,4,0,0,0,0,0,0,0,0,0,0,1,4,1,4,0,0,0,0,0,0,0,0,0,0,1,4,1,4,0,0,0,0,0,0,0,0,0,0
40,0,1000,0,0,1000,0,1000,1,4,1,4,0,0,0,0,0,0,0,0,0,0,1,4,1,4,0,0,0,0,0,0,0,0,0,0,1,4,1,4,0,0,0,0,0,0,0,0,0,0,1,4,1,4,0,0,0,0,0,0,0,0,0,0,1,4,1,4,0,0,0,0,0,0,0,0,0,0,1,4,1,4,0,0,0,0,0,0,0,0,0,0
41,0,1000,0,0,1000,0,1000,1,4,1,4,0,0,0,0,0,0,0,0,0,0,1,4,1,4,0,0,0,0,0,0,0,0,0,0,1,4,1,4,0,0,0,0,0,0,0,0,0,0,1,4,1,4,0,0,0,0,0,0,0,0,0,0,1,4,1,4,0,0,0,0,0,0,0,0,0,0,1,4,1,4,0,0,0,0,0,0,0,0,0,0
42,0,1000,0,0,1000,0,1000,1,4,1,4,0,0,25024,92,0,0,0,0,25024,92,1,4,1,4,0,0,25024,92,0,0,0,0,25024,92,1,4,1,4,0,0,25024,92,0,0,0,0,25024,92,1,4,1,4,0,0,25024,92,0,0,0,0,25024,92,1,4,1,4,0,0,25024,92,0,0,0,0,25024,92,1,4,1,4,0,0,25024,92,0,0,0,0,25024,92
43,0,1000,0,0,1000,0,1000,1,4,1,4,0,0,0,0,0,0,0,0,0,0,1,4,1,4,0,0,0,0,0,0,0,0,0,0,1,4,1,4,0,0,0,0,0,0,0,0,0,0,1,4,1,4,0,0,0,0,0,0,0,0,0,0,1,4,1,4,0,0,0,0,0,0,0,0,0,0,1,4,1,4,0,0,0,0,0,0,0,0,0,0
44,0,1000,0,0,1000,0,1000,1,4,1,4,0,0,0,0,0,0,0,0,0,0,1,4,1,4,0,0,0,0,0,0,0,0,0,0,1,4,1,4,0,0,0,0,0,0,0,0,0,0,1,4,1,4,0,0,0,0,0,0,0,0,0,0,1,4,1,4,0,0,0,0,0,0,0,0,0,0,1,4,1,4,0,0,0,0,0,0,0,0,0,0
45,0,1000,0,0,1000,0,1000,1,4,1,4,0,0,83383,1,83383,1,0,0,0,0,1,4,1,4,0,0,83383,1,83383,1,0,0,0,0,1,4,1,4,0,0,83383,1,83383,1,0,0,0,0,1,4,1,4,0,0,83383,1,83383,1,0,0,0,0,1,4,1,4,0,0,83383,1,83383,1,0,0,0,0,1,4,1,4,0,0,83383,1,83383,1,0,0,0,0
46,0,1000,0,0,1000,0,1000,2,11,2,11,0,0,104227,89,0,0,80291,1,23936,88,2,11,2,11,0,0,104227,89,0,0,80291,1,23936,88,2,11,2,11,0,0,104227,89,0,0,80291,1,23936,88,2,11,2,11,0,0,104227,89,0,0,80291,1,23936,88,2,11,2,11,0,0,104227,89,0,0,80291,1,23936,88,2,11,2,11,0,0,104227,89,0,0,80291,1,23936,88
47,0,1000,0,0,1000,0,1000,2,11,2,11,0,0,0,0,0,0,0,0,0,0,2,11,2,11,0,0,0,0,0,0,0,0,0,0,2,11,2,11,0,0,0,0,0,0,0,0,0,0,2,11,2,11,0,0,0,0,0,0,0,0,0,0,2,11,2,11,0,0,0,0,0,0,0,0,0,0,2,11,2,11,0,0,0,0,0,0,0,0,0,0
48,0,1000,0,0,1000,0,1000,2,11,2,11,0,0,0,0,0,0,0,0,0,0,2,11,2,11,0,0,0,0,0,0,0,0,0,0,2,11,2,11,0,0,0,0,0,0,0,0,0,0,2,11,2,11,0,0,0,0,0,0,0,0,0,0,2,11,2,11,0,0,0,0,0,0,0,0,0,0,2,11,2,11,0,0,0,0,0,0,0,0,0,0
49,0,1000,0,0,1000,0,1000,2,11,2,11,0,0,166510,2,166510,2,0,0,0,0,2,11,2,11,0,0,166510,2,166510,2,0,0,0,0,2,11,2,11,0,0,166510,2,166510,2,0,0,0,0,2,11,2,11,0,0,166510,2,166510,2,0,0,0,0,2,11,2,11,0,0,166510,2,166510,2,0,0,0,0,2,11,2,11,0,0,166510,2,166510,2,0,0,0,0
50,0,1000,0,0,1000,0,1000,3,12,3,12,0,0,107763,102,0,0,80291,1,27472,101,3,12,3,12,0,0,107763,102,0,0,80291,1,27472,101,3,12,3,12,0,0,107763,102,0,0,80291,1,27472,101,3,12,3,12,0,0,107763,102,0,0,80291,1,27472,101,3,12,3,12,0,0,107763,102,0,0,80291,1,27472,101,3,12,3,12,0,0,107763,102,0,0,80291,1,27472,101
51,0,1000,0,0,1000,0,1000,3,12,3,12,0,0,0,0,0,0,0,0,0,0,3,12,3,12,0,0,0,0,0,0,0,0,0,0,3,12,3,12,0,0,0,0,0,0,0,0,0,0,3,12,3,12,0,0,0,0,0,0,0,0,0,0,3,12,3,12,0,0,0,0,0,0,0,0,0,0,3,12,3,12,0,0,0,0,0,0,0,0,0,0
52,0,1000,0,0,1000,0,1000,3,12,3,12,0,0,0,0,0,0,0,0,0,0,3,12,3,12,0,0,0,0,0,0,0,0,0,0,3,12,3,12,0,0,0,0,0,0,0,0,0,0,3,12,3,12,0,0,0,0,0,0,0,0,0,0,3,12,3,12,0,0,0,0,0,0,0,0,0,0,3,12,3,12,0,0,0,0,0,0,0,0,0,0
53,0,1000,0,0,1000,0,1000,3,12,3,12,0,0,0,0,0,0,0,0,0,0,3,12,3,12,0,0,0,0,0,0,0,0,0,0,3,12,3,12,0,0,0,0,0,0,0,0,0,0,3,12,3,12,0,0,0,0,0,0,0,0,0,0,3,12,3,12,0,0,0,0,0,0,0,0,0,0,3,12,3,12,0,0,0,0,0,0,0,0,0,0
54,0,1000,0,0,1000,0,1000,3,12,3,12,0,0,23120,85,0,0,0,0,23120,85,3,12,3,12,0,0,23120,85,0,0,0,0,23120,85,3,12,3,12,0,0,23120,85,0,0,0,0,23120,85,3,12,3,12,0,0,23120,85,0,0,0,0,23120,85,3,12,3,12,0,0,23120,85,0,0,0,0,23120,85,3,12,3,12,0,0,23120,85,0,0,0,0,23120,85
55,0,1000,0,0,1000,0,1000,3,12,3,12,0,0,0,0,0,0,0,0,0,0,3,12,3,12,0,0,0,0,0,0,0,0,0,0,3,12,3,12,0,0,0,0,0,0,0,0,0,0,3,12,3,12,0,0,0,0,0,0,0,0,0,0,3,12,3,12,0,0,0,0,0,0,0,0,0,0,3,12,3,12,0,0,0,0,0,0,0,0,0,0
56,0,1000,0,0,1000,0,1000,3,12,3,12,0,0,0,0,0,0,0,0,0,0,3,12,3,12,0,0,0,0,0,0,0,0,0,0,3,12,3,12,0,0,0,0,0,0,0,0,0,0,3,12,3,12,0,0,0,0,0,0,0,0,0,0,3,12,3,12,0,0,0,0,0,0,0,0,0,0,3,12,3,12,0,0,0,0,0,0,0,0,0,0
57,0,1000,0,0,1000,0,1000,3,12,3,12,0,0,0,0,0,0,0,0,0,0,3,12,3,12,0,0,0,0,0,0,0,0,0,0,3,12,3,12,0,0,0,0,0,0,0,0,0,0,3,12,3,12,0,0,0,0,0,0,0,0,0,0,3,12,3,12,0,0,0,0,0,0,0,0,0,0,3,12,3,12,0,0,0,0,0,0,0,0,0,0
58,0,1000,0,0,1000,0,1000,3,12,3,12,0,0,24480,90,0,0,0,0,24480,90,3,12,3,12,0,0,24480,90,0,0,0,0,24480,90,3,12,3,12,0,0,24480,90,0,0,0,0,24480,90,3,12,3,12,0,0,24480,90,0,0,0,0,24480,90,3,12,3,12,0,0,24480,90,0,0,0,0,24480,90,3,12,3,12,0,0,24480,90,0,0,0,0,24480,90
59,0,1000,0,0,1000,0,1000,3,12,3,12,1,4,0,0,0,0,0,0,0,0,3,12,3,12,1,4,0,0,0,0,0,0,0,0,3,12,3,12,1,4,0,0,0,0,0,0,0,0,3,12,3,12,1,4,0,0,0,0,0,0,0,0,3,12,3,12,1,4,0,0,0,0,0,0,0,0,3,12,3,12,1,4,0,0,0,0,0,0,0,0
60,0,1000,0,0,1000,0,1000,3,12,3,12,1,4,0,0,0,0,0,0,0,0,3,12,3,12,1,4,0,0,0,0,0,0,0,0,3,12,3,12,1,4,0,0,0,0,0,0,0,0,3,12,3,12,1,4,0,0,0,0,0,0,0,0,3,12,3,12,1,4,0,0,0,0,0,0,0,0,3,12,3,12,1,4,0,0,0,0,0,0,0,0
61,0,1000,0,0,1000,0,1000,3,12,3,12,1,4,0,0,0,0,0,0,0,0,3,12,3,12,1,4,0,0,0,0,0,0,0,0,3,12,3,12,1,4,0,0,0,0,0,0,0,0,3,12,3,12,1,4,0,0,0,0,0,0,0,0,3,12,3,12,1,4,0,0,0,0,0,0,0,0,3,12,3,12,1,4,0,0,0,0,0,0,0,0
62,0,1000,0,0,1000,0,1000,3,12,3,12,1,4,27744,102,0,0,0,0,27744,102,3,12,3,12,1,4,27744,102,0,0,0,0,27744,102,3,12,3,12,1,4,27744,102,0,0,0,0,27744,102,3,12,3,12,1,4,27744,102,0,0,0,0,27744,102,3,12,3,12,1,4,27744,102,0,0,0,0,27744,102,3,12,3,12,1,4,27744,102,0,0,0,0,27744,102
63,0,1000,0,0,1000,0,1000,3,12,3,12,1,4,0,0,0,0,0,0,0,0,3,12,3,12,1,4,0,0,0,0,0,0,0,0,3,12,3,12,1,4,0,0,0,0,0,0,0,0,3,12,3,12,1,4,0,0,0,0,0,0,0,0,3,12,3,12,1,4,0,0,0,0,0,0,0,0,3,12,3,12,1,4,0,0,0,0,0,0,0,0
64,0,1000,0,0,1000,0,1000,3,12,3,12,1,4,0,0,0,0,0,0,0,0,3,12,3,12,1,4,0,0,0,0,0,0,0,0,3,12,3,12,1,4,0,0,0,0,0,0,0,0,3,12,3,12,1,4,0,0,0,0,0,0,0,0,3,12,3,12,1,4,0,0,0,0,0,0,0,0,3,12,3,12,1,4,0,0,0,0,0,0,0,0
65,0,1000,0,0,1000,0,1000,3,12,3,12,1,4,0,0,0,0,0,0,0,0,3,12,3,12,1,4,0,0,0,0,0,0,0,0,3,12,3,12,1,4,0,0,0,0,0,0,0,0,3,12,3,12,1,4,0,0,0,0,0,0,0,0,3,12,3,12,1,4,0,0,0,0,0,0,0,0,3,12,3,12,1,4,0,0,0,0,0,0,0,0
66,0,1000,0,0,1000,0,1000,3,12,3,12,1,4,26112,96,0,0,0,0,26112,96,3,12,3,12,1,4,26112,96,0,0,0,0,26112,96,3,12,3,12,1,4,26112,96,0,0,0,0,26112,96,3,12,3,12,1,4,26112,96,0,0,0,0,26112,96,3,12,3,12,1,4,26112,96,0,0,0,0,26112,96,3,12,3,12,1,4,26112,96,0,0,0,0,26112,96
67,0,1000,0,0,1000,0,1000,3,12,3,12,1,4,0,0,0,0,0,0,0,0,3,12,3,12,1,4,0,0,0,0,0,0,0,0,3,12,3,12,1,4,0,0,0,0,0,0,0,0,3,12,3,12,1,4,0,0,0,0,0,0,0,0,3,12,3,12,1,4,0,0,0,0,0,0,0,0,3,12,3,12,1,4,0,0,0,0,0,0,0,0
68,0,1000,0,0,1000,0,1000,3,12,3,12,1,4,0,0,0,0,0,0,0,0,3,12,3,12,1,4,0,0,0,0,0,0,0,0,3,12,3,12,1,4,0,0,0,0,0,0,0,0,3,12,3,12,1,4,0,0,0,0,0,0,0,0,3,12,3,12,1,4,0,0,0,0,0,0,0,0,3,12,3,12,1,4,0,0,0,0,0,0,0,0
69,0,1000,0,0,1000,0,1000,3,12,3,12,1,4,0,0,0,0,0,0,0,0,3,12,3,12,1,4,0,0,0,0,0,0,0,0,3,12,3,12,1,4,0,0,0,0,0,0,0,0,3,12,3,12,1,4,0,0,0,0,0,0,0,0,3,12,3,12,1,4,0,0,0,0,0,0,0,0,3,12,3,12,1,4,0,0,0,0,0,0,0,0
70,0,1000,0,0,1000,0,1000,3,12,3,12,1,4,28832,106,0,0,0,0,28832,106,3,12,3,12,1,4,28832,106,0,0,0,0,28832,106,3,12,3,12,1,4,28832,106,0,0,0,0,28832,106,3,12,3,12,1,4,28832,106,0,0,0,0,28832,106,3,12,3,12,1,4,28832,106,0,0,0,0,28832,106,3,12,3,12,1,4,28832,106,0,0,0,0,28832,106
71,0,1000,0,0,1000,0,1000,3,12,3,12,1,4,0,0,0,0,0,0,0,0,3,12,3,12,1,4,0,0,0,0,0,0,0,0,3,12,3,12,1,4,0,0,0,0,0,0,0,0,3,12,3,12,1,4,0,0,0,0,0,0,0,0,3,12,3,12,1,4,0,0,0,0,0,0,0,0,3,12,3,12,1,4,0,0,0,0,0,0,0,0
72,0,1000,0,0,1000,0,1000,3,12,3,12,1,4,0,0,0,0,0,0,0,0,3,12,3,12,1,4,0,0,0,0,0,0,0,0,3,12,3,12,1,4,0,0,0,0,0,0,0,0,3,12,3,12,1,4,0,0,0,0,0,0,0,0,3,12,3,12,1,4,0,0,0,0,0,0,0,0,3,12,3,12,1,4,0,0,0,0,0,0,0,0
73,0,1000,0,0,1000,0,1000,3,12,3,12,1,4,0,0,0,0,0,0,0,0,3,12,3,12,1,4,0,0,0,0,0,0,0,0,3,12,3,12,1,4,0,0,0,0,0,0,0,0,3,12,3,12,1,4,0,0,0,0,0,0,0,0,3,12,3,12,1,4,0,0,0,0,0,0,0,0,3,12,3,12,1,4,0,0,0,0,0,0,0,0
74,0,1000,0,0,1000,0,1000,3,12,3,12,1,4,25296,93,0,0,0,0,25296,93,3,12,3,12,1,4,25296,93,0,0,0,0,25296,93,3,12,3,12,1,4,25296,93,0,0,0,0,25296,93,3,12,3,12,1,4,25296,93,0,0,0,0,25296,93,3,12,3,12,1,4,25296,93,0,0,0,0,25296,93,3,12,3,12,1,4,25296,93,0,0,0,0,25296,93
75,0,1000,0,0,1000,0,1000,3,12,3,12,1,4,0,0,0,0,0,0,0,0,3,12,3,12,1,4,0,0,0,0,0,0,0,0,3,12,3,12,1,4,0,0,0,0,0,0,0,0,3,12,3,12,1,4,0,0,0,0,0,0,0,0,3,12,3,12,1,4,0,0,0,0,0,0,0,0,3,12,3,12,1,4,0,0,0,0,0,0,0,0
76,0,1000,0,0,1000,0,1000,3,12,3,12,1,4,0,0,0,0,0,0,0,0,3,12,3,12,1,4,0,0,0,0,0,0,0,0,3,12,3,12,1,4,0,0,0,0,0,0,0,0,3,12,3,12,1,4,0,0,0,0,0,0,0,0,3,12,3,12,1,4,0,0,0,0,0,0,0,0,3,12,3,12,1,4,0,0,0,0,0,0,0,0
77,0,1000,0,0,1000,0,1000,3,12,3,12,1,4,0,0,0,0,0,0,0,0,3,12,3,12,1,4,0,0,0,0,0,0,0,0,3,12,3,12,1,4,0,0,0,0,0,0,0,0,3,12,3,12,1,4,0,0,0,0,0,0,0,0,3,12,3,12,1,4,0,0,0,0,0,0,0,0,3,12,3,12,1,4,0,0,0,0,0,0,0,0
78,0,1000,0,0,1000,0,1000,3,12,3,12,1,4,26928,99,0,0,0,0,26928,99,3,12,3,12,1,4,26928,99,0,0,0,0,26928,99,3,12,3,12,1,4,26928,99,0,0,0,0,26928,99,3,12,3,12,1,4,26928,99,0,0,0,0,26928,99,3,12,3,12,1,4,26928,99,0,0,0,0,26928,99,3,12,3,12,1,4,26928,99,0,0,0,0,26928,99
79,0,1000,0,0,1000,0,1000,3,12,3,12,1,4,0,0,0,0,0,0,0,0,3,12,3,12,1,4,0,0,0,0,0,0,0,0,3,12,3,12,1,4,0,0,0,0,0,0,0,0,3,12,3,12,1,4,0,0,0,0,0,0,0,0,3,12,3,12,1,4,0,0,0,0,0,0,0,0,3,12,3,12,1,4,0,0,0,0,0,0,0,0
80,0,1000,0,0,1000,0,1000,3,12,3,12,1,4,0,0,0,0,0,0,0,0,3,12,3,12,1,4,0,0,0,0,0,0,0,0,3,12,3,12,1,4,0,0,0,0,0,0,0,0,3,12,3,12,1,4,0,0,0,0,0,0,0,0,3,12,3,12,1,4,0,0,0,0,0,0,0,0,3,12,3,12,1,4,0,0,0,0,0,0,0,0
81,0,1000,0,0,1000,0,1000,3,12,3,12,1,4,83607,1,83607,1,0,0,0,0,3,12,3,12,1,4,83607,1,83607,1,0,0,0,0,3,12,3,12,1,4,83607,1,83607,1,0,0,0,0,3,12,3,12,1,4,83607,1,83607,1,0,0,0,0,3,12,3,12,1,4,83607,1,83607,1,0,0,0,0,3,12,3,12,1,4,83607,1,83607,1,0,0,0,0
82,0,1000,0,0,1000,0,1000,4,20,4,20,1,4,105043,92,0,0,80291,1,24752,91,4,20,4,20,1,4,105043,92,0,0,80291,1,24752,91,4,20,4,20,1,4,105043,92,0,0,80291,1,24752,91,4,20,4,20,1,4,105043,92,0,0,80291,1,24752,91,4,20,4,20,1,4,105043,92,0,0,80291,1,24752,91,4,20,4,20,1,4,105043,92,0,0,80291,1,24752,91
83,0,1000,0,0,1000,0,1000,4,20,4,20,1,4,0,0,0,0,0,0,0,0,4,20,4,20,1,4,0,0,0,0,0,0,0,0,4,20,4,20,1,4,0,0,0,0,0,0,0,0,4,20,4,20,1,4,0,0,0,0,0,0,0,0,4,20,4,20,1,4,0,0,0,0,0,0,0,0,4,20,4,20,1,4,0,0,0,0,0,0,0,0
84,0,1000,0,0,1000,0,1000,4,20,4,20,1,4,0,0,0,0,0,0,0,0,4,20,4,20,1,4,0,0,0,0,0,0,0,0,4,20,4,20,1,4,0,0,0,0,0,0,0,0,4,20,4,20,1,4,0,0,0,0,0,0,0,0,4,20,4,20,1,4,0,0,0,0,0,0,0,0,4,20,4,20,1,4,0,0,0,0,0,0,0,0
85,0,1000,0,0,1000,0,1000,4,20,4,20,1,4,0,0,0,0,0,0,0,0,4,20,4,20,1,4,0,0,0,0,0,0,0,0,4,20,4,20,1,4,0,0,0,0,0,0,0,0,4,20,4,20,1,4,0,0,0,0,0,0,0,0,4,20,4,20,1,4,0,0,0,0,0,0,0,0,4,20,4,20,1,4,0,0,0,0,0,0,0,0
86,0,1000,0,0,1000,0,1000,4,20,4,20,1,4,23936,88,0,0,0,0,23936,88,4,20,4,20,1,4,23936,88,0,0,0,0,23936,88,4,20,4,20,1,4,23936,88,0,0,0,0,23936,88,4,20,4,20,1,4,23936,88,0,0,0,0,23936,88,4,20,4,20,1,4,23936,88,0,0,0,0,23936,88,4,20,4,20,1,4,23936,88,0,0,0,0,23936,88
87,0,1000,0,0,1000,0,1000,4,20,4,20,2,11,0,0,0,0,0,0,0,0,4,20,4,20,2,11,0,0,0,0,0,0,0,0,4,20,4,20,2,11,0,0,0,0,0,0,0,0,4,20,4,20,2,11,0,0,0,0,0,0,0,0,4,20,4,20,2,11,0,0,0,0,0,0,0,0,4,20,4,20,2,11,0,0,0,0,0,0,0,0
88,0,1000,0,0,1000,0,1000,4,20,4,20,2,11,0,0,0,0,0,0,0,0,4,20,4,20,2,11,0,0,0,0,0,0,0,0,4,20,4,20,2,11,0,0,0,0,0,0,0,0,4,20,4,20,2,11,0,0,0,0,0,0,0,0,4,20,4,20,2,11,0,0,0,0,0,0,0,0,4,20,4,20,2,11,0,0,0,0,0,0,0,0
89,0,1000,0,0,1000,0,1000,4,20,4,20,2,11,0,0,0,0,0,0,0,0,4,20,4,20,2,11,0,0,0,0,0,0,0,0,4,20,4,20,2,11,0,0,0,0,0,0,0,0,4,20,4,20,2,11,0,0,0,0,0,0,0,0,4,20,4,20,2,11,0,0,0,0,0,0,0,0,4,20,4,20,2,11,0,0,0,0,0,0,0,0
90,0,1000,0,0,1000,0,1000,4,20,4,20,2,11,28016,103,0,0,0,0,28016,103,4,20,4,20,2,11,28016,103,0,0,0,0,28016,103,4,20,4,20,2,11,28016,103,0,0,0,0,28016,103,4,20,4,20,2,11,28016,103,0,0,0,0,28016,103,4,20,4,20,2,11,28016,103,0,0,0,0,28016,103,4,20,4,20,2,11,28016,103,0,0,0,0,28016,103
91,0,1000,0,0,1000,0,1000,4,20,4,20,3,12,0,0,0,0,0,0,0,0,4,20,4,20,3,12,0,0,0,0,0,0,0,0,4,20,4,20,3,12,0,0,0,0,0,0,0,0,4,20,4,20,3,12,0,0,0,0,0,0,0,0,4,20,4,20,3,12,0,0,0,0,0,0,0,0,4,20,4,20,3,12,0,0,0,0,0,0,0,0
92,0,1000,0,0,1000,0,1000,4,20,4,20,3,12,0,0,0,0,0,0,0,0,4,20,4,20,3,12,0,0,0,0,0,0,0,0,4,20,4,20,3,12,0,0,0,0,0,0,0,0,4,20,4,20,3,12,0,0,0,0,0,0,0,0,4,20,4,20,3,12,0,0,0,0,0,0,0,0,4,20,4,20,3,12,0,0,0,0,0,0,0,0
93,0,1000,0,0,1000,0,1000,4,20,4,20,3,12,0,0,0,0,0,0,0,0,4,20,4,20,3,12,0,0,0,0,0,0,0,0,4,20,4,20,3,12,0,0,0,0,0,0,0,0,4,20,4,20,3,12,0,0,0,0,0,0,0,0,4,20,4,20,3,12,0,0,0,0,0,0,0,0,4,20,4,20,3,12,0,0,0,0,0,0,0,0
94,0,1000,0,0,1000,0,1000,4,20,4,20,3,12,29104,107,0,0,0,0,29104,107,4,20,4,20,3,12,29104,107,0,0,0,0,29104,107,4,20,4,20,3,12,29104,107,0,0,0,0,29104,107,4,20,4,20,3,12,29104,107,0,0,0,0,29104,107,4,20,4,20,3,12,29104,107,0,0,0,0,29104,107,4,20,4,20,3,12,29104,107,0,0,0,0,29104,107
95,0,1000,0,0,1000,0,1000,4,20,4,20,3,12,0,0,0,0,0,0,0,0,4,20,4,20,3,12,0,0,0,0,0,0,0,0,4,20,4,20,3,12,0,0,0,0,0,0,0,0,4,20,4,20,3,12,0,0,0,0,0,0,0,0,4,20,4,20,3,12,0,0,0,0,0,0,0,0,4,20,4,20,3,12,0,0,0,0,0,0,0,0
96,0,1000,0,0,1000,0,1000,4,20,4,20,3,12,0,0,0,0,0,0,0,0,4,20,4,20,3,12,0,0,0,0,0,0,0,0,4,20,4,20,3,12,0,0,0,0,0,0,0,0,4,20,4,20,3,12,0,0,0,0,0,0,0,0,4,20,4,20,3,12,0,0,0,0,0,0,0,0,4,20,4,20,3,12,0,0,0,0,0,0,0,0
97,0,1000,0,0,1000,0,1000,4,20,4,20,3,12,83863,1,83863,1,0,0,0,0,4,20,4,20,3,12,83863,1,83863,1,0,0,0,0,4,20,4,20,3,12,83863,1,83863,1,0,0,0,0,4,20,4,20,3,12,83863,1,83863,1,0,0,0,0,4,20,4,20,3,12,83863,1,83863,1,0,0,0,0,4,20,4,20,3,12,83863,1,83863,1,0,0,0,0
98,0,1000,0,0,1000,0,1000,5,24,5,24,3,12,108579,105,0,0,80291,1,28288,104,5,24,5,24,3,12,108579,105,0,0,80291,1,28288,104,5,24,5,24,3,12,108579,105,0,0,80291,1,28288,104,5,24,5,24,3,12,108579,105,0,0,80291,1,28288,104,5,24,5,24,3,12,108579,105,0,0,80291,1,28288,104,5,24,5,24,3,12,108579,105,0,0,80291,1,28288,104
99,0,1000,0,0,1000,0,1000,5,24,5,24,3,12,0,0,0,0,0,0,0,0,5,24,5,24,3,12,0,0,0,0,0,0,0,0,5,24,5,24,3,12,0,0,0,0,0,0,0,0,5,24,5,24,3,12,0,0,0,0,0,0,0,0,5,24,5,24,3,12,0,0,0,0,0,0,0,0,5,24,5,24,3,12,0,0,0,0,0,0,0,0
100,0,1000,0,0,1000,0,1000,5,24,5,24,3,12,0,0,0,0,0,0,0,0,5,24,5,24,3,12,0,0,0,0,0,0,0,0,5,24,5,24,3,12,0,0,0,0,0,0,0,0,5,24,5,24,3,12,0,0,0,0,0,0,0,0,5,24,5,24,3,12,0,0,0,0,0,0,0,0,5,24,5,24,3,12,0,0,0,0,0,0,0,0
101,0,1000,0,0,1000,0,1000,5,24,5,24,3,12,0,0,0,0,0,0,0,0,5,24,5,24,3,12,0,0,0,0,0,0,0,0,5,24,5,24,3,12,0,0,0,0,0,0,0,0,5,24,5,24,3,12,0,0,0,0,0,0,0,0,5,24,5,24,3,12,0,0,0,0,0,0,0,0,5,24,5,24,3,12,0,0,0,0,0,0,0,0
102,0,1000,0,0,1000,0,1000,5,24,5,24,3,12,25568,94,0,0,0,0,25568,94,5,24,5,24,3,12,25568,94,0,0,0,0,25568,94,5,24,5,24,3,12,25568,94,0,0,0,0,25568,94,5,24,5,24,3,12,25568,94,0,0,0,0,25568,94,5,24,5,24,3,12,25568,94,0,0,0,0,25568,94,5,24,5,24,3,12,25568,94,0,0,0,0,25568,94
103,0,1000,0,0,1000,0,1000,5,24,5,24,3,12,0,0,0,0,0,0,0,0,5,24,5,24,3,12,0,0,0,0,0,0,0,0,5,24,5,24,3,12,0,0,0,0,0,0,0,0,5,24,5,24,3,12,0,0,0,0,0,0,0,0,5,24,5,24,3,12,0,0,0,0,0,0,0,0,5,24,5,24,3,12,0,0,0,0,0,0,0,0
104,0,1000,0,0,1000,0,1000,5,24,5,24,3,12,0,0,0,0,0,0,0,0,5,24,5,24,3,12,0,0,0,0,0,0,0,0,5,24,5,24,3,12,0,0,0,0,0,0,0,0,5,24,5,24,3,12,0,0,0,0,0,0,0,0,5,24,5,24,3,12,0,0,0,0,0,0,0,0,5,24,5,24,3,12,0,0,0,0,0,0,0,0
105,0,1000,0,0,1000,0,1000,5,24,5,24,3,12,83447,1,83447,1,0,0,0,0,5,24,5,24,3,12,83447,1,83447,1,0,0,0,0,5,24,5,24,3,12,83447,1,83447,1,0,0,0,0,5,24,5,24,3,12,83447,1,83447,1,0,0,0,0,5,24,5,24,3,12,83447,1,83447,1,0,0,0,0,5,24,5,24,3,12,83447,1,83447,1,0,0,0,0
106,0,1000,0,0,1000,0,1000,6,26,6,26,3,12,106403,97,0,0,80291,1,26112,96,6,26,6,26,3,12,106403,97,0,0,80291,1,26112,96,6,26,6,26,3,12,106403,97,0,0,80291,1,26112,96,6,26,6,26,3,12,106403,97,0,0,80291,1,26112,96,6,26,6,26,3,12,106403,97,0,0,80291,1,26112,96,6,26,6,26,3,12,106403,97,0,0,80291,1,26112,96
107,0,1000,0,0,1000,0,1000,6,26,6,26,3,12,0,0,0,0,0,0,0,0,6,26,6,26,3,12,0,0,0,0,0,0,0,0,6,26,6,26,3,12,0,0,0,0,0,0,0,0,6,26,6,26,3,12,0,0,0,0,0,0,0,0,6,26,6,26,3,12,0,0,0,0,0,0,0,0,6,26,6,26,3,12,0,0,0,0,0,0,0,0
108,0,1000,0,0,1000,0,1000,6,26,6,26,3,12,0,0,0,0,0,0,0,0,6,26,6,26,3,12,0,0,0,0,0,0,0,0,6,26,6,26,3,12,0,0,0,0,0,0,0,0,6,26,6,26,3,12,0,0,0,0,0,0,0,0,6,26,6,26,3,12,0,0,0,0,0,0,0,0,6,26,6,26,3,12,0,0,0,0,0,0,0,0
109,0,1000,0,0,1000,0,1000,6,26,6,26,3,12,0,0,0,0,0,0,0,0,6,26,6,26,3,12,0,0,0,0,0,0,0,0,6,26,6,26,3,12,0,0,0,0,0,0,0,0,6,26,6,26,3,12,0,0,0,0,0,0,0,0,6,26,6,26,3,12,0,0,0,0,0,0,0,0,6,26,6,26,3,12,0,0,0,0,0,0,0,0
110,0,1000,0,0,1000,0,1000,6,26,6,26,3,12,24208,89,0,0,0,0,24208,89,6,26,6,26,3,12,24208,89,0,0,0,0,24208,89,6,26,6,26,3,12,24208,89,0,0,0,0,24208,89,6,26,6,26,3,12,24208,89,0,0,0,0,24208,89,6,26,6,26,3,12,24208,89,0,0,0,0,24208,89,6,26,6,26,3,12,24208,89,0,0,0,0,24208,89
111,0,1000,0,0,1000,0,1000,6,26,6,26,3,12,0,0,0,0,0,0,0,0,6,26,6,26,3,12,0,0,0,0,0,0,0,0,6,26,6,26,3,12,0,0,0,0,0,0,0,0,6,26,6,26,3,12,0,0,0,0,0,0,0,0,6,26,6,26,3,12,0,0,0,0,0,0,0,0,6,26,6,26,3,12,0,0,0,0,0,0,0,0
112,0,1000,0,0,1000,0,1000,6,26,6,26,3,12,0,0,0,0,0,0,0,0,6,26,6,26,3,12,0,0,0,0,0,0,0,0,6,26,6,26,3,12,0,0,0,0,0,0,0,0,6,26,6,26,3,12,0,0,0,0,0,0,0,0,6,26,6,26,3,12,0,0,0,0,0,0,0,0,6,26,6,26,3,12,0,0,0,0,0,0,0,0
113,0,1000,0,0,1000,0,1000,6,26,6,26,3,12,0,0,0,0,0,0,0,0,6,26,6,26,3,12,0,0,0,0,0,0,0,0,6,26,6,26,3,12,0,0,0,0,0,0,0,0,6,26,6,26,3,12,0,0,0,0,0,0,0,0,6,26,6,26,3,12,0,0,0,0,0,0,0,0,6,26,6,26,3,12,0,0,0,0,0,0,0,0
114,0,1000,0,0,1000,0,1000,6,26,6,26,3,12,26656,98,0,0,0,0,26656,98,6,26,6,26,3,12,26656,98,0,0,0,0,26656,98,6,26,6,26,3,12,26656,98,0,0,0,0,26656,98,6,26,6,26,3,12,26656,98,0,0,0,0,26656,98,6,26,6,26,3,12,26656,98,0,0,0,0,26656,98,6,26,6,26,3,12,26656,98,0,0,0,0,26656,98
115,0,1000,0,0,1000,0,1000,6,26,6,26,3,12,0,0,0,0,0,0,0,0,6,26,6,26,3,12,0,0,0,0,0,0,0,0,6,26,6,26,3,12,0,0,0,0,0,0,0,0,6,26,6,26,3,12,0,0,0,0,0,0,0,0,6,26,6,26,3,12,0,0,0,0,0,0,0,0,6,26,6,26,3,12,0,0,0,0,0,0,0,0
116,0,1000,0,0,1000,0,1000,6,26,6,26,3,12,0,0,0,0,0,0,0,0,6,26,6,26,3,12,0,0,0,0,0,0,0,0,6,26,6,26,3,12,0,0,0,0,0,0,0,0,6,26,6,26,3,12,0,0,0,0,0,0,0,0,6,26,6,26,3,12,0,0,0,0,0,0,0,0,6,26,6,26,3,12,0,0,0,0,0,0,0,0
117,0,1000,0,0,1000,0,1000,6,26,6,26,3,12,0,0,0,0,0,0,0,0,6,26,6,26,3,12,0,0,0,0,0,0,0,0,6,26,6,26,3,12,0,0,0,0,0,0,0,0,6,26,6,26,3,12,0,0,0,0,0,0,0,0,6,26,6,26,3,12,0,0,0,0,0,0,0,0,6,26,6,26,3,12,0,0,0,0,0,0,0,0
118,0,1000,0,0,1000,0,1000,6,26,6,26,3,12,28560,105,0,0,0,0,28560,105,6,26,6,26,3,12,28560,105,0,0,0,0,28560,105,6,26,6,26,3,12,28560,105,0,0,0,0,28560,105,6,26,6,26,3,12,28560,105,0,0,0,0,28560,105,6,26,6,26,3,12,28560,105,0,0,0,0,28560,105,6,26,6,26,3,12,28560,105,0,0,0,0,28560,105
119,0,1000,0,0,1000,0,1000,6,26,6,26,3,12,0,0,0,0,0,0,0,0,6,26,6,26,3,12,0,0,0,0,0,0,0,0,6,26,6,26,3,12,0,0,0,0,0,0,0,0,6,26,6,26,3,12,0,0,0,0,0,0,0,0,6,26,6,26,3,12,0,0,0,0,0,0,0,0,6,26,6,26,3,12,0,0,0,0,0,0,0,0
120,0,1000,0,0,1000,0,1000,6,26,6,26,3,12,0,0,0,0,0,0,0,0,6,26,6,26,3,12,0,0,0,0,0,0,0,0,6,26,6,26,3,12,0,0,0,0,0,0,0,0,6,26,6,26,3,12,0,0,0,0,0,0,0,0,6,26,6,26,3,12,0,0,0,0,0,0,0,0,6,26,6,26,3,12,0,0,0,0,0,0,0,0
121,0,1000,0,0,1000,0,1000,6,26,6,26,3,12,0,0,0,0,0,0,0,0,6,26,6,26,3,12,0,0,0,0,0,0,0,0,6,26,6,26,3,12,0,0,0,0,0,0,0,0,6,26,6,26,3,12,0,0,0,0,0,0,0,0,6,26,6,26,3,12,0,0,0,0,0,0,0,0,6,26,6,26,3,12,0,0,0,0,0,0,0,0
122,0,1000,0,0,1000,0,1000,6,26,6,26,3,12,26384,97,0,0,0,0,26384,97,6,26,6,26,3,12,26384,97,0,0,0,0,26384,97,6,26,6,26,3,12,26384,97,0,0,0,0,26384,97,6,26,6,26,3,12,26384,97,0,0,0,0,26384,97,6,26,6,26,3,12,26384,97,0,0,0,0,26384,97,6,26,6,26,3,12,26384,97,0,0,0,0,26384,97
123,0,1000,0,0,1000,0,1000,6,26,6,26,4,20,0,0,0,0,0,0,0,0,6,26,6,26,4,20,0,0,0,0,0,0,0,0,6,26,6,26,4,20,0,0,0,0,0,0,0,0,6,26,6,26,4,20,0,0,0,0,0,0,0,0,6,26,6,26,4,20,0,0,0,0,0,0,0,0,6,26,6,26,4,20,0,0,0,0,0,0,0,0
124,0,1000,0,0,1000,0,1000,6,26,6,26,4,20,0,0,0,0,0,0,0,0,6,26,6,26,4,20,0,0,0,0,0,0,0,0,6,26,6,26,4,20,0,0,0,0,0,0,0,0,6,26,6,26,4,20,0,0,0,0,0,0,0,0,6,26,6,26,4,20,0,0,0,0,0,0,0,0,6,26,6,26,4,20,0,0,0,0,0,0,0,0
125,0,1000,0,0,1000,0,1000,6,26,6,26,4,20,0,0,0,0,0,0,0,0,6,26,6,26,4,20,0,0,0,0,0,0,0,0,6,26,6,26,4,20,0,0,0,0,0,0,0,0,6,26,6,26,4,20,0,0,0,0,0,0,0,0,6,26,6,26,4,20,0,0,0,0,0,0,0,0,6,26,6,26,4,20,0,0,0,0,0,0,0,0
126,0,1000,0,0,1000,0,1000,6,26,6,26,4,20,25840,95,0,0,0,0,25840,95,6,26,6,26,4,20,25840,95,0,0,0,0,25840,95,6,26,6,26,4,20,25840,95,0,0,0,0,25840,95,6,26,6,26,4,20,25840,95,0,0,0,0,25840,95,6,26,6,26,4,20,25840,95,0,0,0,0,25840,95,6,26,6,26,4,20,25840,95,0,0,0,0,25840,95
127,0,1000,0,0,1000,0,1000,6,26,6,26,4,20,0,0,0,0,0,0,0,0,6,26,6,26,4,20,0,0,0,0,0,0,0,0,6,26,6,26,4,20,0,0,0,0,0,0,0,0,6,26,6,26,4,20,0,0,0,0,0,0,0,0,6,26,6,26,4,20,0,0,0,0,0,0,0,0,6,26,6,26,4,20,0,0,0,0,0,0,0,0
128,0,1000,0,0,1000,0,1000,6,26,6,26,4,20,0,0,0,0,0,0,0,0,6,26,6,26,4,20,0,0,0,0,0,0,0,0,6,26,6,26,4,20,0,0,0,0,0,0,0,0,6,26,6,26,4,20,0,0,0,0,0,0,0,0,6,26,6,26,4,20,0,0,0,0,0,0,0,0,6,26,6,26,4,20,0,0,0,0,0,0,0,0
129,0,1000,0,0,1000,0,1000,6,26,6,26,4,20,166958,2,166958,2,0,0,0,0,6,26,6,26,4,20,166958,2,166958,2,0,0,0,0,6,26,6,26,4,20,166958,2,166958,2,0,0,0,0,6,26,6,26,4,20,166958,2,166958,2,0,0,0,0,6,26,6,26,4,20,166958,2,166958,2,0,0,0,0,6,26,6,26,4,20,166958,2,166958,2,0,0,0,0
130,0,1000,0,0,1000,0,1000,7,32,7,32,4,20,107763,102,0,0,80291,1,27472,101,7,32,7,32,4,20,107763,102,0,0,80291,1,27472,101,7,32,7,32,4,20,107763,102,0,0,80291,1,27472,101,7,32,7,32,4,20,107763,102,0,0,80291,1,27472,101,7,32,7,32,4,20,107763,102,0,0,80291,1,27472,101,7,32,7,32,4,20,107763,102,0,0,80291,1,27472,101
131,0,1000,0,0,1000,0,1000,7,32,7,32,4,20,0,0,0,0,0,0,0,0,7,32,7,32,4,20,0,0,0,0,0,0,0,0,7,32,7,32,4,20,0,0,0,0,0,0,0,0,7,32,7,32,4,20,0,0,0,0,0,0,0,0,7,32,7,32,4,20,0,0,0,0,0,0,0,0,7,32,7,32,4,20,0,0,0,0,0,0,0,0
132,0,1000,0,0,1000,0,1000,7,32,7,32,4,20,0,0,0,0,0,0,0,0,7,32,7,32,4,20,0,0,0,0,0,0,0,0,7,32,7,32,4,20,0,0,0,0,0,0,0,0,7,32,7,32,4,20,0,0,0,0,0,0,0,0,7,32,7,32,4,20,0,0,0,0,0,0,0,0,7,32,7,32,4,20,0,0,0,0,0,0,0,0
133,0,1000,0,0,1000,0,1000,7,32,7,32,4,20,83671,1,83671,1,0,0,0,0,7,32,7,32,4,20,83671,1,83671,1,0,0,0,0,7,32,7,32,4,20,83671,1,83671,1,0,0,0,0,7,32,7,32,4,20,83671,1,83671,1,0,0,0,0,7,32,7,32,4,20,83671,1,83671,1,0,0,0,0,7,32,7,32,4,20,83671,1,83671,1,0,0,0,0
134,0,1000,0,0,1000,0,1000,8,33,8,33,4,20,109939,110,0,0,80291,1,29648,109,8,33,8,33,4,20,109939,110,0,0,80291,1,29648,109,8,33,8,33,4,20,109939,110,0,0,80291,1,29648,109,8,33,8,33,4,20,109939,110,0,0,80291,1,29648,109,8,33,8,33,4,20,109939,110,0,0,80291,1,29648,109,8,33,8,33,4,20,109939,110,0,0,80291,1,29648,109
135,0,1000,0,0,1000,0,1000,8,33,8,33,4,20,0,0,0,0,0,0,0,0,8,33,8,33,4,20,0,0,0,0,0,0,0,0,8,33,8,33,4,20,0,0,0,0,0,0,0,0,8,33,8,33,4,20,0,0,0,0,0,0,0,0,8,33,8,33,4,20,0,0,0,0,0,0,0,0,8,33,8,33,4,20,0,0,0,0,0,0,0,0
136,0,1000,0,0,1000,0,1000,8,33,8,33,4,20,0,0,0,0,0,0,0,0,8,33,8,33,4,20,0,0,0,0,0,0,0,0,8,33,8,33,4,20,0,0,0,0,0,0,0,0,8,33,8,33,4,20,0,0,0,0,0,0,0,0,8,33,8,33,4,20,0,0,0,0,0,0,0,0,8,33,8,33,4,20,0,0,0,0,0,0,0,0
137,0,1000,0,0,1000,0,1000,8,33,8,33,4,20,0,0,0,0,0,0,0,0,8,33,8,33,4,20,0,0,0,0,0,0,0,0,8,33,8,33,4,20,0,0,0,0,0,0,0,0,8,33,8,33,4,20,0,0,0,0,0,0,0,0,8,33,8,33,4,20,0,0,0,0,0,0,0,0,8,33,8,33,4,20,0,0,0,0,0,0,0,0
138,0,1000,0,0,1000,0,1000,8,33,8,33,4,20,25840,95,0,0,0,0,25840,95,8,33,8,33,4,20,25840,95,0,0,0,0,25840,95,8,33,8,33,4,20,25840,95,0,0,0,0,25840,95,8,33,8,33,4,20,25840,95,0,0,0,0,25840,95,8,33,8,33,4,20,25840,95,0,0,0,0,25840,95,8,33,8,33,4,20,25840,95,0,0,0,0,25840,95
139,0,1000,0,0,1000,0,1000,8,33,8,33,5,24,0,0,0,0,0,0,0,0,8,33,8,33,5,24,0,0,0,0,0,0,0,0,8,33,8,33,5,24,0,0,0,0,0,0,0,0,8,33,8,33,5,24,0,0,0,0,0,0,0,0,8,33,8,33,5,24,0,0,0,0,0,0,0,0,8,33,8,33,5,24,0,0,0,0,0,0,0,0
140,0,1000,0,0,1000,0,1000,8,33,8,33,5,24,0,0,0,0,0,0,0,0,8,33,8,33,5,24,0,0,0,0,0,0,0,0,8,33,8,33,5,24,0,0,0,0,0,0,0,0,8,33,8,33,5,24,0,0,0,0,0,0,0,0,8,33,8,33,5,24,0,0,0,0,0,0,0,0,8,33,8,33,5,24,0,0,0,0,0,0,0,0
141,0,1000,0,0,1000,0,1000,8,33,8,33,5,24,83479,1,83479,1,0,0,0,0,8,33,8,33,5,24,83479,1,83479,1,0,0,0,0,8,33,8,33,5,24,83479,1,83479,1,0,0,0,0,8,33,8,33,5,24,83479,1,83479,1,0,0,0,0,8,33,8,33,5,24,83479,1,83479,1,0,0,0,0,8,33,8,33,5,24,83479,1,83479,1,0,0,0,0
142,0,1000,0,0,1000,0,1000,9,35,9,35,5,24,104771,91,0,0,80291,1,24480,90,9,35,9,35,5,24,104771,91,0,0,80291,1,24480,90,9,35,9,35,5,24,104771,91,0,0,80291,1,24480,90,9,35,9,35,5,24,104771,91,0,0,80291,1,24480,90,9,35,9,35,5,24,104771,91,0,0,80291,1,24480,90,9,35,9,35,5,24,104771,91,0,0,80291,1,24480,90
143,0,1000,0,0,1000,0,1000,9,35,9,35,5,24,0,0,0,0,0,0,0,0,9,35,9,35,5,24,0,0,0,0,0,0,0,0,9,35,9,35,5,24,0,0,0,0,0,0,0,0,9,35,9,35,5,24,0,0,0,0,0,0,0,0,9,35,9,35,5,24,0,0,0,0,0,0,0,0,9,35,9,35,5,24,0,0,0,0,0,0,0,0
144,0,1000,0,0,1000,0,1000,9,35,9,35,5,24,0,0,0,0,0,0,0,0,9,35,9,35,5,24,0,0,0,0,0,0,0,0,9,35,9,35,5,24,0,0,0,0,0,0,0,0,9,35,9,35,5,24,0,0,0,0,0,0,0,0,9,35,9,35,5,24,0,0,0,0,0,0,0,0,9,35,9,35,5,24,0,0,0,0,0,0,0,0
145,0,1000,0,0,1000,0,1000,9,35,9,35,5,24,0,0,0,0,0,0,0,0,9,35,9,35,5,24,0,0,0,0,0,0,0,0,9,35,9,35,5,24,0,0,0,0,0,0,0,0,9,35,9,35,5,24,0,0,0,0,0,0,0,0,9,35,9,35,5,24,0,0,0,0,0,0,0,0,9,35,9,35,5,24,0,0,0,0,0,0,0,0
146,0,1000,0,0,1000,0,1000,9,35,9,35,5,24,26656,98,0,0,0,0,26656,98,9,35,9,35,5,24,26656,98,0,0,0,0,26656,98,9,35,9,35,5,24,26656,98,0,0,0,0,26656,98,9,35,9,35,5,24,26656,98,0,0,0,0,26656,98,9,35,9,35,5,24,26656,98,0,0,0,0,26656,98,9,35,9,35,5,24,26656,98,0,0,0,0,26656,98
147,0,1000,0,0,1000,0,1000,9,35,9,35,6,26,0,0,0,0,0,0,0,0,9,35,9,35,6,26,0,0,0,0,0,0,0,0,9,35,9,35,6,26,0,0,0,0,0,0,0,0,9,35,9,35,6,26,0,0,0,0,0,0,0,0,9,35,9,35,6,26,0,0,0,0,0,0,0,0,9,35,9,35,6,26,0,0,0,0,0,0,0,0
148,0,1000,0,0,1000,0,1000,9,35,9,35,6,26,0,0,0,0,0,0,0,0,9,35,9,35,6,26,0,0,0,0,0,0,0,0,9,35,9,35,6,26,0,0,0,0,0,0,0,0,9,35,9,35,6,26,0,0,0,0,0,0,0,0,9,35,9,35,6,26,0,0,0,0,0,0,0,0,9,35,9,35,6,26,0,0,0,0,0,0,0,0
149,0,1000,0,0,1000,0,1000,9,35,9,35,6,26,0,0,0,0,0,0,0,0,9,35,9,35,6,26,0,0,0,0,0,0,0,0,9,35,9,35,6,26,0,0,0,0,0,0,0,0,9,35,9,35,6,26,0,0,0,0,0,0,0,0,9,35,9,35,6,26,0,0,0,0,0,0,0,0,9,35,9,35,6,26,0,0,0,0,0,0,0,0
150,0,1000,0,0,1000,0,1000,9,35,9,35,6,26,25296,93,0,0,0,0,25296,93,9,35,9,35,6,26,25296,93,0,0,0,0,25296,93,9,35,9,35,6,26,25296,93,0,0,0,0,25296,93,9,35,9,35,6,26,25296,93,0,0,0,0,25296,93,9,35,9,35,6,26,25296,93,0,0,0,0,25296,93,9,35,9,35,6,26,25296,93,0,0,0,0,25296,93
151,0,1000,0,0,1000,0,1000,9,35,9,35,6,26,0,0,0,0,0,0,0,0,9,35,9,35,6,26,0,0,0,0,0,0,0,0,9,35,9,35,6,26,0,0,0,0,0,0,0,0,9,35,9,35,6,26,0,0,0,0,0,0,0,0,9,35,9,35,6,26,0,0,0,0,0,0,0,0,9,35,9,35,6,26,0,0,0,0,0,0,0,0
152,0,1000,0,0,1000,0,1000,9,35,9,35,6,26,0,0,0,0,0,0,0,0,9,35,9,35,6,26,0,0,0,0,0,0,0,0,9,35,9,35,6,26,0,0,0,0,0,0,0,0,9,35,9,35,6,26,0,0,0,0,0,0,0,0,9,35,9,35,6,26,0,0,0,0,0,0,0,0,9,35,9,35,6,26,0,0,0,0,0,0,0,0
153,0,1000,0,0,1000,0,1000,9,35,9,35,6,26,0,0,0,0,0,0,0,0,9,35,9,35,6,26,0,0,0,0,0,0,0,0,9,35,9,35,6,26,0,0,0,0,0,0,0,0,9,35,9,35,6,26,0,0,0,0,0,0,0,0,9,35,9,35,6,26,0,0,0,0,0,0,0,0,9,35,9,35,6,26,0,0,0,0,0,0,0,0
154,0,1000,0,0,1000,0,1000,9,35,9,35,6,26,28016,103,0,0,0,0,28016,103,9,35,9,35,6,26,28016,103,0,0,0,0,28016,103,9,35,9,35,6,26,28016,103,0,0,0,0,28016,103,9,35,9,35,6,26,28016,103,0,0,0,0,28016,103,9,35,9,35,6,26,28016,103,0,0,0,0,28016,103,9,35,9,35,6,26,28016,103,0,0,0,0,28016,103
155,0,1000,0,0,1000,0,1000,9,35,9,35,6,26,0,0,0,0,0,0,0,0,9,35,9,35,6,26,0,0,0,0,0,0,0,0,9,35,9,35,6,26,0,0,0,0,0,0,0,0,9,35,9,35,6,26,0,0,0,0,0,0,0,0,9,35,9,35,6,26,0,0,0,0,0,0,0,0,9,35,9,35,6,26,0,0,0,0,0,0,0,0
156,0,1000,0,0,1000,0,1000,9,35,9,35,6,26,0,0,0,0,0,0,0,0,9,35,9,35,6,26,0,0,0,0,0,0,0,0,9,35,9,35,6,26,0,0,0,0,0,0,0,0,9,35,9,35,6,26,0,0,0,0,0,0,0,0,9,35,9,35,6,26,0,0,0,0,0,0,0,0,9,35,9,35,6,26,0,0,0,0,0,0,0,0
157,0,1000,0,0,1000,0,1000,9,35,9,35,6,26,83735,1,83735,1,0,0,0,0,9,35,9,35,6,26,83735,1,83735,1,0,0,0,0,9,35,9,35,6,26,83735,1,83735,1,0,0,0,0,9,35,9,35,6,26,83735,1,83735,1,0,0,0,0,9,35,9,35,6,26,83735,1,83735,1,0,0,0,0,9,35,9,35,6,26,83735,1,83735,1,0,0,0,0
158,0,1000,0,0,1000,0,1000,10,39,10,39,6,26,107491,101,0,0,80291,1,27200,100,10,39,10,39,6,26,107491,101,0,0,80291,1,27200,100,10,39,10,39,6,26,107491,101,0,0,80291,1,27200,100,10,39,10,39,6,26,107491,101,0,0,80291,1,27200,100,10,39,10,39,6,26,107491,101,0,0,80291,1,27200,100,10,39,10,39,6,26,107491,101,0,0,80291,1,27200,100
159,0,1000,0,0,1000,0,1000,10,39,10,39,6,26,0,0,0,0,0,0,0,0,10,39,10,39,6,26,0,0,0,0,0,0,0,0,10,39,10,39,6,26,0,0,0,0,0,0,0,0,10,39,10,39,6,26,0,0,0,0,0,0,0,0,10,39,10,39,6,26,0,0,0,0,0,0,0,0,10,39,10,39,6,26,0,0,0,0,0,0,0,0
160,0,1000,0,0,1000,0,1000,10,39,10,39,6,26,0,0,0,0,0,0,0,0,10,39,10,39,6,26,0,0,0,0,0,0,0,0,10,39,10,39,6,26,0,0,0,0,0,0,0,0,10,39,10,39,6,26,0,0,0,0,0,0,0,0,10,39,10,39,6,26,0,0,0,0,0,0,0,0,10,39,10,39,6,26,0,0,0,0,0,0,0,0
161,0,1000,0,0,1000,0,1000,10,39,10,39,6,26,83639,1,83639,1,0,0,0,0,10,39,10,39,6,26,83639,1,83639,1,0,0,0,0,10,39,10,39,6,26,83639,1,83639,1,0,0,0,0,10,39,10,39,6,26,83639,1,83639,1,0,0,0,0,10,39,10,39,6,26,83639,1,83639,1,0,0,0,0,10,39,10,39,6,26,83639,1,83639,1,0,0,0,0
162,0,1000,0,0,1000,0,1000,11,40,11,40,6,26,108035,103,0,0,80291,1,27744,102,11,40,11,40,6,26,108035,103,0,0,80291,1,27744,102,11,40,11,40,6,26,108035,103,0,0,80291,1,27744,102,11,40,11,40,6,26,108035,103,0,0,80291,1,27744,102,11,40,11,40,6,26,108035,103,0,0,80291,1,27744,102,11,40,11,40,6,26,108035,103,0,0,80291,1,27744,102
163,0,1000,0,0,1000,0,1000,11,40,11,40,6,26,0,0,0,0,0,0,0,0,11,40,11,40,6,26,0,0,0,0,0,0,0,0,11,40,11,40,6,26,0,0,0,0,0,0,0,0,11,40,11,40,6,26,0,0,0,0,0,0,0,0,11,40,11,40,6,26,0,0,0,0,0,0,0,0,11,40,11,40,6,26,0,0,0,0,0,0,0,0
164,0,1000,0,0,1000,0,1000,11,40,11,40,6,26,0,0,0,0,0,0,0,0,11,40,11,40,6,26,0,0,0,0,0,0,0,0,11,40,11,40,6,26,0,0,0,0,0,0,0,0,11,40,11,40,6,26,0,0,0,0,0,0,0,0,11,40,11,40,6,26,0,0,0,0,0,0,0,0,11,40,11,40,6,26,0,0,0,0,0,0,0,0
165,0,1000,0,0,1000,0,1000,11,40,11,40,6,26,0,0,0,0,0,0,0,0,11,40,11,40,6,26,0,0,0,0,0,0,0,0,11,40,11,40,6,26,0,0,0,0,0,0,0,0,11,40,11,40,6,26,0,0,0,0,0,0,0,0,11,40,11,40,6,26,0,0,0,0,0,0,0,0,11,40,11,40,6,26,0,0,0,0,0,0,0,0
166,0,1000,0,0,1000,0,1000,11,40,11,40,6,26,29376,108,0,0,0,0,29376,108,11,40,11,40,6,26,29376,108,0,0,0,0,29376,108,11,40,11,40,6,26,29376,108,0,0,0,0,29376,108,11,40,11,40,6,26,29376,108,0,0,0,0,29376,108,11,40,11,40,6,26,29376,108,0,0,0,0,29376,108,11,40,11,40,6,26,29376,108,0,0,0,0,29376,108
167,0,1000,0,0,1000,0,1000,11,40,11,40,6,26,0,0,0,0,0,0,0,0,11,40,11,40,6,26,0,0,0,0,0,0,0,0,11,40,11,40,6,26,0,0,0,0,0,0,0,0,11,40,11,40,6,26,0,0,0,0,0,0,0,0,11,40,11,40,6,26,0,0,0,0,0,0,0,0,11,40,11,40,6,26,0,0,0,0,0,0,0,0
168,0,1000,0,0,1000,0,1000,11,40,11,40,6,26,0,0,0,0,0,0,0,0,11,40,11,40,6,26,0,0,0,0,0,0,0,0,11,40,11,40,6,26,0,0,0,0,0,0,0,0,11,40,11,40,6,26,0,0,0,0,0,0,0,0,11,40,11,40,6,26,0,0,0,0,0,0,0,0,11,40,11,40,6,26,0,0,0,0,0,0,0,0
169,0,1000,0,0,1000,0,1000,11,40,11,40,6,26,0,0,0,0,0,0,0,0,11,40,11,40,6,26,0,0,0,0,0,0,0,0,11,40,11,40,6,26,0,0,0,0,0,0,0,0,11,40,11,40,6,26,0,0,0,0,0,0,0,0,11,40,11,40,6,26,0,0,0,0,0,0,0,0,11,40,11,40,6,26,0,0,0,0,0,0,0,0
170,0,1000,0,0,1000,0,1000,11,40,11,40,6,26,33184,122,0,0,0,0,33184,122,11,40,11,40,6,26,33184,122,0,0,0,0,33184,122,11,40,11,40,6,26,33184,122,0,0,0,0,33184,122,11,40,11,40,6,26,33184,122,0,0,0,0,33184,122,11,40,11,40,6,26,33184,122,0,0,0,0,33184,122,11,40,11,40,6,26,33184,122,0,0,0,0,33184,122
171,0,1000,0,0,1000,0,1000,11,40,11,40,7,32,0,0,0,0,0,0,0,0,11,40,11,40,7,32,0,0,0,0,0,0,0,0,11,40,11,40,7,32,0,0,0,0,0,0,0,0,11,40,11,40,7,32,0,0,0,0,0,0,0,0,11,40,11,40,7,32,0,0,0,0,0,0,0,0,11,40,11,40,7,32,0,0,0,0,0,0,0,0
172,0,1000,0,0,1000,0,1000,11,40,11,40,7,32,0,0,0,0,0,0,0,0,11,40,11,40,7,32,0,0,0,0,0,0,0,0,11,40,11,40,7,32,0,0,0,0,0,0,0,0,11,40,11,40,7,32,0,0,0,0,0,0,0,0,11,40,11,40,7,32,0,0,0,0,0,0,0,0,11,40,11,40,7,32,0,0,0,0,0,0,0,0
173,0,1000,0,0,1000,0,1000,11,40,11,40,7,32,84343,1,84343,1,0,0,0,0,11,40,11,40,7,32,84343,1,84343,1,0,0,0,0,11,40,11,40,7,32,84343,1,84343,1,0,0,0,0,11,40,11,40,7,32,84343,1,84343,1,0,0,0,0,11,40,11,40,7,32,84343,1,84343,1,0,0,0,0,11,40,11,40,7,32,84343,1,84343,1,0,0,0,0
174,0,1000,0,0,1000,0,1000,12,43,12,43,7,32,109123,107,0,0,80291,1,28832,106,12,43,12,43,7,32,109123,107,0,0,80291,1,28832,106,12,43,12,43,7,32,109123,107,0,0,80291,1,28832,106,12,43,12,43,7,32,109123,107,0,0,80291,1,28832,106,12,43,12,43,7,32,109123,107,0,0,80291,1,28832,106,12,43,12,43,7,32,109123,107,0,0,80291,1,28832,106
175,0,1000,0,0,1000,0,1000,12,43,12,43,8,33,0,0,0,0,0,0,0,0,12,43,12,43,8,33,0,0,0,0,0,0,0,0,12,43,12,43,8,33,0,0,0,0,0,0,0,0,12,43,12,43,8,33,0,0,0,0,0,0,0,0,12,43,12,43,8,33,0,0,0,0,0,0,0,0,12,43,12,43,8,33,0,0,0,0,0,0,0,0
176,0,1000,0,0,1000,0,1000,12,43,12,43,8,33,0,0,0,0,0,0,0,0,12,43,12,43,8,33,0,0,0,0,0,0,0,0,12,43,12,43,8,33,0,0,0,0,0,0,0,0,12,43,12,43,8,33,0,0,0,0,0,0,0,0,12,43,12,43,8,33,0,0,0,0,0,0,0,0,12,43,12,43,8,33,0,0,0,0,0,0,0,0
177,0,1000,0,0,1000,0,1000,12,43,12,43,8,33,0,0,0,0,0,0,0,0,12,43,12,43,8,33,0,0,0,0,0,0,0,0,12,43,12,43,8,33,0,0,0,0,0,0,0,0,12,43,12,43,8,33,0,0,0,0,0,0,0,0,12,43,12,43,8,33,0,0,0,0,0,0,0,0,12,43,12,43,8,33,0,0,0,0,0,0,0,0
178,0,1000,0,0,1000,0,1000,12,43,12,43,8,33,26928,99,0,0,0,0,26928,99,12,43,12,43,8,33,26928,99,0,0,0,0,26928,99,12,43,12,43,8,33,26928,99,0,0,0,0,26928,99,12,43,12,43,8,33,26928,99,0,0,0,0,26928,99,12,43,12,43,8,33,26928,99,0,0,0,0,26928,99,12,43,12,43,8,33,26928,99,0,0,0,0,26928,99
179,0,1000,0,0,1000,0,1000,12,43,12,43,8,33,0,0,0,0,0,0,0,0,12,43,12,43,8,33,0,0,0,0,0,0,0,0,12,43,12,43,8,33,0,0,0,0,0,0,0,0,12,43,12,43,8,33,0,0,0,0,0,0,0,0,12,43,12,43,8,33,0,0,0,0,0,0,0,0,12,43,12,43,8,33,0,0,0,0,0,0,0,0
180,0,1000,0,0,1000,0,1000,12,43,12,43,8,33,0,0,0,0,0,0,0,0,12,43,12,43,8,33,0,0,0,0,0,0,0,0,12,43,12,43,8,33,0,0,0,0,0,0,0,0,12,43,12,43,8,33,0,0,0,0,0,0,0,0,12,43,12,43,8,33,0,0,0,0,0,0,0,0,12,43,12,43,8,33,0,0,0,0,0,0,0,0
181,0,1000,0,0,1000,0,1000,12,43,12,43,8,33,0,0,0,0,0,0,0,0,12,43,12,43,8,33,0,0,0,0,0,0,0,0,12,43,12,43,8,33,0,0,0,0,0,0,0,0,12,43,12,43,8,33,0,0,0,0,0,0,0,0,12,43,12,43,8,33,0,0,0,0,0,0,0,0,12,43,12,43,8,33,0,0,0,0,0,0,0,0
182,0,1000,0,0,1000,0,1000,12,43,12,43,8,33,22304,82,0,0,0,0,22304,82,12,43,12,43,8,33,22304,82,0,0,0,0,22304,82,12,43,12,43,8,33,22304,82,0,0,0,0,22304,82,12,43,12,43,8,33,22304,82,0,0,0,0,22304,82,12,43,12,43,8,33,22304,82,0,0,0,0,22304,82,12,43,12,43,8,33,22304,82,0,0,0,0,22304,82
183,0,1000,0,0,1000,0,1000,12,43,12,43,9,35,0,0,0,0,0,0,0,0,12,43,12,43,9,35,0,0,0,0,0,0,0,0,12,43,12,43,9,35,0,0,0,0,0,0,0,0,12,43,12,43,9,35,0,0,0,0,0,0,0,0,12,43,12,43,9,35,0,0,0,0,0,0,0,0,12,43,12,43,9,35,0,0,0,0,0,0,0,0
184,0,1000,0,0,1000,0,1000,12,43,12,43,9,35,0,0,0,0,0,0,0,0,12,43,12,43,9,35,0,0,0,0,0,0,0,0,12,43,12,43,9,35,0,0,0,0,0,0,0,0,12,43,12,43,9,35,0,0,0,0,0,0,0,0,12,43,12,43,9,35,0,0,0,0,0,0,0,0,12,43,12,43,9,35,0,0,0,0,0,0,0,0
185,0,1000,0,0,1000,0,1000,12,43,12,43,9,35,0,0,0,0,0,0,0,0,12,43,12,43,9,35,0,0,0,0,0,0,0,0,12,43,12,43,9,35,0,0,0,0,0,0,0,0,12,43,12,43,9,35,0,0,0,0,0,0,0,0,12,43,12,43,9,35,0,0,0,0,0,0,0,0,12,43,12,43,9,35,0,0,0,0,0,0,0,0
186,0,1000,0,0,1000,0,1000,12,43,12,43,9,35,31824,117,0,0,0,0,31824,117,12,43,12,43,9,35,31824,117,0,0,0,0,31824,117,12,43,12,43,9,35,31824,117,0,0,0,0,31824,117,12,43,12,43,9,35,31824,117,0,0,0,0,31824,117,12,43,12,43,9,35,31824,117,0,0,0,0,31824,117,12,43,12,43,9,35,31824,117,0,0,0,0,31824,117
187,0,1000,0,0,1000,0,1000,12,43,12,43,9,35,0,0,0,0,0,0,0,0,12,43,12,43,9,35,0,0,0,0,0,0,0,0,12,43,12,43,9,35,0,0,0,0,0,0,0,0,12,43,12,43,9,35,0,0,0,0,0,0,0,0,12,43,12,43,9,35,0,0,0,0,0,0,0,0,12,43,12,43,9,35,0,0,0,0,0,0,0,0
188,0,1000,0,0,1000,0,1000,12,43,12,43,9,35,0,0,0,0,0,0,0,0,12,43,12,43,9,35,0,0,0,0,0,0,0,0,12,43,12,43,9,35,0,0,0,0,0,0,0,0,12,43,12,43,9,35,0,0,0,0,0,0,0,0,12,43,12,43,9,35,0,0,0,0,0,0,0,0,12,43,12,43,9,35,0,0,0,0,0,0,0,0
189,0,1000,0,0,1000,0,1000,12,43,12,43,9,35,0,0,0,0,0,0,0,0,12,43,12,43,9,35,0,0,0,0,0,0,0,0,12,43,12,43,9,35,0,0,0,0,0,0,0,0,12,43,12,43,9,35,0,0,0,0,0,0,0,0,12,43,12,43,9,35,0,0,0,0,0,0,0,0,12,43,12,43,9,35,0,0,0,0,0,0,0,0
190,0,1000,0,0,1000,0,1000,12,43,12,43,9,35,27472,101,0,0,0,0,27472,101,12,43,12,43,9,35,27472,101,0,0,0,0,27472,101,12,43,12,43,9,35,27472,101,0,0,0,0,27472,101,12,43,12,43,9,35,27472,101,0,0,0,0,27472,101,12,43,12,43,9,35,27472,101,0,0,0,0,27472,101,12,43,12,43,9,35,27472,101,0,0,0,0,27472,101
191,0,1000,0,0,1000,0,1000,12,43,12,43,9,35,0,0,0,0,0,0,0,0,12,43,12,43,9,35,0,0,0,0,0,0,0,0,12,43,12,43,9,35,0,0,0,0,0,0,0,0,12,43,12,43,9,35,0,0,0,0,0,0,0,0,12,43,12,43,9,35,0,0,0,0,0,0,0,0,12,43,12,43,9,35,0,0,0,0,0,0,0,0
192,0,1000,0,0,1000,0,1000,12,43,12,43,9,35,0,0,0,0,0,0,0,0,12,43,12,43,9,35,0,0,0,0,0,0,0,0,12,43,12,43,9,35,0,0,0,0,0,0,0,0,12,43,12,43,9,35,0,0,0,0,0,0,0,0,12,43,12,43,9,35,0,0,0,0,0,0,0,0,12,43,12,43,9,35,0,0,0,0,0,0,0,0
193,0,1000,0,0,1000,0,1000,12,43,12,43,9,35,83671,1,83671,1,0,0,0,0,12,43,12,43,9,35,83671,1,83671,1,0,0,0,0,12,43,12,43,9,35,83671,1,83671,1,0,0,0,0,12,43,12,43,9,35,83671,1,83671,1,0,0,0,0,12,43,12,43,9,35,83671,1,83671,1,0,0,0,0,12,43,12,43,9,35,83671,1,83671,1,0,0,0,0
194,0,1000,0,0,1000,0,1000,13,48,13,48,9,35,108035,103,0,0,80291,1,27744,102,13,48,13,48,9,35,108035,103,0,0,80291,1,27744,102,13,48,13,48,9,35,108035,103,0,0,80291,1,27744,102,13,48,13,48,9,35,108035,103,0,0,80291,1,27744,102,13,48,13,48,9,35,108035,103,0,0,80291,1,27744,102,13,48,13,48,9,35,108035,103,0,0,80291,1,27744,102
195,0,1000,0,0,1000,0,1000,13,48,13,48,9,35,0,0,0,0,0,0,0,0,13,48,13,48,9,35,0,0,0,0,0,0,0,0,13,48,13,48,9,35,0,0,0,0,0,0,0,0,13,48,13,48,9,35,0,0,0,0,0,0,0,0,13,48,13,48,9,35,0,0,0,0,0,0,0,0,13,48,13,48,9,35,0,0,0,0,0,0,0,0
196,0,1000,0,0,1000,0,1000,13,48,13,48,9,35,0,0,0,0,0,0,0,0,13,48,13,48,9,35,0,0,0,0,0,0,0,0,13,48,13,48,9,35,0,0,0,0,0,0,0,0,13,48,13,48,9,35,0,0,0,0,0,0,0,0,13,48,13,48,9,35,0,0,0,0,0,0,0,0,13,48,13,48,9,35,0,0,0,0,0,0,0,0
197,0,1000,0,0,1000,0,1000,13,48,13,48,9,35,83702,1,83702,1,0,0,0,0,13,48,13,48,9,35,83702,1,83702,1,0,0,0,0,13,48,13,48,9,35,83702,1,83702,1,0,0,0,0,13,48,13,48,9,35,83702,1,83702,1,0,0,0,0,13,48,13,48,9,35,83702,1,83702,1,0,0,0,0,13,48,13,48,9,35,83702,1,83702,1,0,0,0,0
198,0,1000,0,0,1000,0,1000,14,49,14,49,9,35,112386,119,0,0,80290,1,32096,118,14,49,14,49,9,35,112386,119,0,0,80290,1,32096,118,14,49,14,49,9,35,112386,119,0,0,80290,1,32096,118,14,49,14,49,9,35,112386,119,0,0,80290,1,32096,118,14,49,14,49,9,35,112386,119,0,0,80290,1,32096,118,14,49,14,49,9,35,112386,119,0,0,80290,1,32096,118
199,0,1000,0,0,1000,0,1000,14,49,14,49,10,39,0,0,0,0,0,0,0,0,14,49,14,49,10,39,0,0,0,0,0,0,0,0,14,49,14,49,10,39,0,0,0,0,0,0,0,0,14,49,14,49,10,39,0,0,0,0,0,0,0,0,14,49,14,49,10,39,0,0,0,0,0,0,0,0,14,49,14,49,10,39,0,0,0,0,0,0,0,0
200,0,1000,0,0,1000,0,1000,14,49,14,49,10,39,0,0,0,0,0,0,0,0,14,49,14,49,10,39,0,0,0,0,0,0,0,0,14,49,14,49,10,39,0,0,0,0,0,0,0,0,14,49,14,49,10,39,0,0,0,0,0,0,0,0,14,49,14,49,10,39,0,0,0,0,0,0,0,0,14,49,14,49,10,39,0,0,0,0,0,0,0,0
201,0,1000,0,0,1000,0,1000,14,49,14,49,10,39,0,0,0,0,0,0,0,0,14,49,14,49,10,39,0,0,0,0,0,0,0,0,14,49,14,49,10,39,0,0,0,0,0,0,0,0,14,49,14,49,10,39,0,0,0,0,0,0,0,0,14,49,14,49,10,39,0,0,0,0,0,0,0,0,14,49,14,49,10,39,0,0,0,0,0,0,0,0
202,0,1000,0,0,1000,0,1000,14,49,14,49,10,39,28832,106,0,0,0,0,28832,106,14,49,14,49,10,39,28832,106,0,0,0,0,28832,106,14,49,14,49,10,39,28832,106,0,0,0,0,28832,106,14,49,14,49,10,39,28832,106,0,0,0,0,28832,106,14,49,14,49,10,39,28832,106,0,0,0,0,28832,106,14,49,14,49,10,39,28832,106,0,0,0,0,28832,106
203,0,1000,0,0,1000,0,1000,14,49,14,49,11,40,0,0,0,0,0,0,0,0,14,49,14,49,11,40,0,0,0,0,0,0,0,0,14,49,14,49,11,40,0,0,0,0,0,0,0,0,14,49,14,49,11,40,0,0,0,0,0,0,0,0,14,49,14,49,11,40,0,0,0,0,0,0,0,0,14,49,14,49,11,40,0,0,0,0,0,0,0,0
204,0,1000,0,0,1000,0,1000,14,49,14,49,11,40,0,0,0,0,0,0,0,0,14,49,14,49,11,40,0,0,0,0,0,0,0,0,14,49,14,49,11,40,0,0,0,0,0,0,0,0,14,49,14,49,11,40,0,0,0,0,0,0,0,0,14,49,14,49,11,40,0,0,0,0,0,0,0,0,14,49,14,49,11,40,0,0,0,0,0,0,0,0
205,0,1000,0,0,1000,0,1000,14,49,14,49,11,40,0,0,0,0,0,0,0,0,14,49,14,49,11,40,0,0,0,0,0,0,0,0,14,49,14,49,11,40,0,0,0,0,0,0,0,0,14,49,14,49,11,40,0,0,0,0,0,0,0,0,14,49,14,49,11,40,0,0,0,0,0,0,0,0,14,49,14,49,11,40,0,0,0,0,0,0,0,0
206,0,1000,0,0,1000,0,1000,14,49,14,49,11,40,28016,103,0,0,0,0,28016,103,14,49,14,49,11,40,28016,103,0,0,0,0,28016,103,14,49,14,49,11,40,28016,103,0,0,0,0,28016,103,14,49,14,49,11,40,28016,103,0,0,0,0,28016,103,14,49,14,49,11,40,28016,103,0,0,0,0,28016,103,14,49,14,49,11,40,28016,103,0,0,0,0,28016,103
207,0,1000,0,0,1000,0,1000,14,49,14,49,11,40,0,0,0,0,0,0,0,0,14,49,14,49,11,40,0,0,0,0,0,0,0,0,14,49,14,49,11,40,0,0,0,0,0,0,0,0,14,49,14,49,11,40,0,0,0,0,0,0,0,0,14,49,14,49,11,40,0,0,0,0,0,0,0,0,14,49,14,49,11,40,0,0,0,0,0,0,0,0
208,0,1000,0,0,1000,0,1000,14,49,14,49,11,40,0,0,0,0,0,0,0,0,14,49,14,49,11,40,0,0,0,0,0,0,0,0,14,49,14,49,11,40,0,0,0,0,0,0,0,0,14,49,14,49,11,40,0,0,0,0,0,0,0,0,14,49,14,49,11,40,0,0,0,0,0,0,0,0,14,49,14,49,11,40,0,0,0,0,0,0,0,0
209,0,1000,0,0,1000,0,1000,14,49,14,49,11,40,0,0,0,0,0,0,0,0,14,49,14,49,11,40,0,0,0,0,0,0,0,0,14,49,14,49,11,40,0,0,0,0,0,0,0,0,14,49,14,49,11,40,0,0,0,0,0,0,0,0,14,49,14,49,11,40,0,0,0,0,0,0,0,0,14,49,14,49,11,40,0,0,0,0,0,0,0,0
210,0,1000,0,0,1000,0,1000,14,49,14,49,11,40,31008,114,0,0,0,0,31008,114,14,49,14,49,11,40,31008,114,0,0,0,0,31008,114,14,49,14,49,11,40,31008,114,0,0,0,0,31008,114,14,49,14,49,11,40,31008,114,0,0,0,0,31008,114,14,49,14,49,11,40,31008,114,0,0,0,0,31008,114,14,49,14,49,11,40,31008,114,0,0,0,0,31008,114
211,0,1000,0,0,1000,0,1000,14,49,14,49,11,40,0,0,0,0,0,0,0,0,14,49,14,49,11,40,0,0,0,0,0,0,0,0,14,49,14,49,11,40,0,0,0,0,0,0,0,0,14,49,14,49,11,40,0,0,0,0,0,0,0,0,14,49,14,49,11,40,0,0,0,0,0,0,0,0,14,49,14,49,11,40,0,0,0,0,0,0,0,0
212,0,1000,0,0,1000,0,1000,14,49,14,49,11,40,0,0,0,0,0,0,0,0,14,49,14,49,11,40,0,0,0,0,0,0,0,0,14,49,14,49,11,40,0,0,0,0,0,0,0,0,14,49,14,49,11,40,0,0,0,0,0,0,0,0,14,49,14,49,11,40,0,0,0,0,0,0,0,0,14,49,14,49,11,40,0,0,0,0,0,0,0,0
213,0,1000,0,0,1000,0,1000,14,49,14,49,11,40,0,0,0,0,0,0,0,0,14,49,14,49,11,40,0,0,0,0,0,0,0,0,14,49,14,49,11,40,0,0,0,0,0,0,0,0,14,49,14,49,11,40,0,0,0,0,0,0,0,0,14,49,14,49,11,40,0,0,0,0,0,0,0,0,14,49,14,49,11,40,0,0,0,0,0,0,0,0
214,0,1000,0,0,1000,0,1000,14,49,14,49,11,40,23120,85,0,0,0,0,23120,85,14,49,14,49,11,40,23120,85,0,0,0,0,23120,85,14,49,14,49,11,40,23120,85,0,0,0,0,23120,85,14,49,14,49,11,40,23120,85,0,0,0,0,23120,85,14,49,14,49,11,40,23120,85,0,0,0,0,23120,85,14,49,14,49,11,40,23120,85,0,0,0,0,23120,85
215,0,1000,0,0,1000,0,1000,14,49,14,49,12,43,0,0,0,0,0,0,0,0,14,49,14,49,12,43,0,0,0,0,0,0,0,0,14,49,14,49,12,43,0,0,0,0,0,0,0,0,14,49,14,49,12,43,0,0,0,0,0,0,0,0,14,49,14,49,12,43,0,0,0,0,0,0,0,0,14,49,14,49,12,43,0,0,0,0,0,0,0,0
216,0,1000,0,0,1000,0,1000,14,49,14,49,12,43,0,0,0,0,0,0,0,0,14,49,14,49,12,43,0,0,0,0,0,0,0,0,14,49,14,49,12,43,0,0,0,0,0,0,0,0,14,49,14,49,12,43,0,0,0,0,0,0,0,0,14,49,14,49,12,43,0,0,0,0,0,0,0,0,14,49,14,49,12,43,0,0,0,0,0,0,0,0
217,0,1000,0,0,1000,0,1000,14,49,14,49,12,43,83159,1,83159,1,0,0,0,0,14,49,14,49,12,43,83159,1,83159,1,0,0,0,0,14,49,14,49,12,43,83159,1,83159,1,0,0,0,0,14,49,14,49,12,43,83159,1,83159,1,0,0,0,0,14,49,14,49,12,43,83159,1,83159,1,0,0,0,0,14,49,14,49,12,43,83159,1,83159,1,0,0,0,0
218,0,1000,0,0,1000,0,1000,15,54,15,54,12,43,107763,102,0,0,80291,1,27472,101,15,54,15,54,12,43,107763,102,0,0,80291,1,27472,101,15,54,15,54,12,43,107763,102,0,0,80291,1,27472,101,15,54,15,54,12,43,107763,102,0,0,80291,1,27472,101,15,54,15,54,12,43,107763,102,0,0,80291,1,27472,101,15,54,15,54,12,43,107763,102,0,0,80291,1,27472,101
219,0,1000,0,0,1000,0,1000,15,54,15,54,12,43,0,0,0,0,0,0,0,0,15,54,15,54,12,43,0,0,0,0,0,0,0,0,15,54,15,54,12,43,0,0,0,0,0,0,0,0,15,54,15,54,12,43,0,0,0,0,0,0,0,0,15,54,15,54,12,43,0,0,0,0,0,0,0,0,15,54,15,54,12,43,0,0,0,0,0,0,0,0
220,0,1000,0,0,1000,0,1000,15,54,15,54,12,43,0,0,0,0,0,0,0,0,15,54,15,54,12,43,0,0,0,0,0,0,0,0,15,54,15,54,12,43,0,0,0,0,0,0,0,0,15,54,15,54,12,43,0,0,0,0,0,0,0,0,15,54,15,54,12,43,0,0,0,0,0,0,0,0,15,54,15,54,12,43,0,0,0,0,0,0,0,0
221,0,1000,0,0,1000,0,1000,15,54,15,54,12,43,0,0,0,0,0,0,0,0,15,54,15,54,12,43,0,0,0,0,0,0,0,0,15,54,15,54,12,43,0,0,0,0,0,0,0,0,15,54,15,54,12,43,0,0,0,0,0,0,0,0,15,54,15,54,12,43,0,0,0,0,0,0,0,0,15,54,15,54,12,43,0,0,0,0,0,0,0,0
222,0,1000,0,0,1000,0,1000,15,54,15,54,12,43,25296,93,0,0,0,0,25296,93,15,54,15,54,12,43,25296,93,0,0,0,0,25296,93,15,54,15,54,12,43,25296,93,0,0,0,0,25296,93,15,54,15,54,12,43,25296,93,0,0,0,0,25296,93,15,54,15,54,12,43,25296,93,0,0,0,0,25296,93,15,54,15,54,12,43,25296,93,0,0,0,0,25296,93
223,0,1000,0,0,1000,0,1000,15,54,15,54,12,43,0,0,0,0,0,0,0,0,15,54,15,54,12,43,0,0,0,0,0,0,0,0,15,54,15,54,12,43,0,0,0,0,0,0,0,0,15,54,15,54,12,43,0,0,0,0,0,0,0,0,15,54,15,54,12,43,0,0,0,0,0,0,0,0,15,54,15,54,12,43,0,0,0,0,0,0,0,0
224,0,1000,0,0,1000,0,1000,15,54,15,54,12,43,0,0,0,0,0,0,0,0,15,54,15,54,12,43,0,0,0,0,0,0,0,0,15,54,15,54,12,43,0,0,0,0,0,0,0,0,15,54,15,54,12,43,0,0,0,0,0,0,0,0,15,54,15,54,12,43,0,0,0,0,0,0,0,0,15,54,15,54,12,43,0,0,0,0,0,0,0,0
225,0,1000,0,0,1000,0,1000,15,54,15,54,12,43,0,0,0,0,0,0,0,0,15,54,15,54,12,43,0,0,0,0,0,0,0,0,15,54,15,54,12,43,0,0,0,0,0,0,0,0,15,54,15,54,12,43,0,0,0,0,0,0,0,0,15,54,15,54,12,43,0,0,0,0,0,0,0,0,15,54,15,54,12,43,0,0,0,0,0,0,0,0
226,0,1000,0,0,1000,0,1000,15,54,15,54,12,43,28288,104,0,0,0,0,28288,104,15,54,15,54,12,43,28288,104,0,0,0,0,28288,104,15,54,15,54,12,43,28288,104,0,0,0,0,28288,104,15,54,15,54,12,43,28288,104,0,0,0,0,28288,104,15,54,15,54,12,43,28288,104,0,0,0,0,28288,104,15,54,15,54,12,43,28288,104,0,0,0,0,28288,104
227,0,1000,0,0,1000,0,1000,15,54,15,54,12,43,0,0,0,0,0,0,0,0,15,54,15,54,12,43,0,0,0,0,0,0,0,0,15,54,15,54,12,43,0,0,0,0,0,0,0,0,15,54,15,54,12,43,0,0,0,0,0,0,0,0,15,54,15,54,12,43,0,0,0,0,0,0,0,0,15,54,15,54,12,43,0,0,0,0,0,0,0,0
228,0,1000,0,0,1000,0,1000,15,54,15,54,12,43,0,0,0,0,0,0,0,0,15,54,15,54,12,43,0,0,0,0,0,0,0,0,15,54,15,54,12,43,0,0,0,0,0,0,0,0,15,54,15,54,12,43,0,0,0,0,0,0,0,0,15,54,15,54,12,43,0,0,0,0,0,0,0,0,15,54,15,54,12,43,0,0,0,0,0,0,0,0
229,0,1000,0,0,1000,0,1000,15,54,15,54,12,43,0,0,0,0,0,0,0,0,15,54,15,54,12,43,0,0,0,0,0,0,0,0,15,54,15,54,12,43,0,0,0,0,0,0,0,0,15,54,15,54,12,43,0,0,0,0,0,0,0,0,15,54,15,54,12,43,0,0,0,0,0,0,0,0,15,54,15,54,12,43,0,0,0,0,0,0,0,0
230,0,1000,0,0,1000,0,1000,15,54,15,54,12,43,29648,109,0,0,0,0,29648,109,15,54,15,54,12,43,29648,109,0,0,0,0,29648,109,15,54,15,54,12,43,29648,109,0,0,0,0,29648,109,15,54,15,54,12,43,29648,109,0,0,0,0,29648,109,15,54,15,54,12,43,29648,109,0,0,0,0,29648,109,15,54,15,54,12,43,29648,109,0,0,0,0,29648,109
231,0,1000,0,0,1000,0,1000,15,54,15,54,12,43,0,0,0,0,0,0,0,0,15,54,15,54,12,43,0,0,0,0,0,0,0,0,15,54,15,54,12,43,0,0,0,0,0,0,0,0,15,54,15,54,12,43,0,0,0,0,0,0,0,0,15,54,15,54,12,43,0,0,0,0,0,0,0,0,15,54,15,54,12,43,0,0,0,0,0,0,0,0
232,0,1000,0,0,1000,0,1000,15,54,15,54,12,43,0,0,0,0,0,0,0,0,15,54,15,54,12,43,0,0,0,0,0,0,0,0,15,54,15,54,12,43,0,0,0,0,0,0,0,0,15,54,15,54,12,43,0,0,0,0,0,0,0,0,15,54,15,54,12,43,0,0,0,0,0,0,0,0,15,54,15,54,12,43,0,0,0,0,0,0,0,0
233,0,1000,0,0,1000,0,1000,15,54,15,54,12,43,167854,2,167854,2,0,0,0,0,15,54,15,54,12,43,167854,2,167854,2,0,0,0,0,15,54,15,54,12,43,167854,2,167854,2,0,0,0,0,15,54,15,54,12,43,167854,2,167854,2,0,0,0,0,15,54,15,54,12,43,167854,2,167854,2,0,0,0,0,15,54,15,54,12,43,167854,2,167854,2,0,0,0,0
234,0,1000,0,0,1000,0,1000,16,58,16,58,12,43,110483,112,0,0,80291,1,30192,111,16,58,16,58,12,43,110483,112,0,0,80291,1,30192,111,16,58,16,58,12,43,110483,112,0,0,80291,1,30192,111,16,58,16,58,12,43,110483,112,0,0,80291,1,30192,111,16,58,16,58,12,43,110483,112,0,0,80291,1,30192,111,16,58,16,58,12,43,110483,112,0,0,80291,1,30192,111
235,0,1000,0,0,1000,0,1000,16,58,16,58,13,48,0,0,0,0,0,0,0,0,16,58,16,58,13,48,0,0,0,0,0,0,0,0,16,58,16,58,13,48,0,0,0,0,0,0,0,0,16,58,16,58,13,48,0,0,0,0,0,0,0,0,16,58,16,58,13,48,0,0,0,0,0,0,0,0,16,58,16,58,13,48,0,0,0,0,0,0,0,0
236,0,1000,0,0,1000,0,1000,16,58,16,58,13,48,0,0,0,0,0,0,0,0,16,58,16,58,13,48,0,0,0,0,0,0,0,0,16,58,16,58,13,48,0,0,0,0,0,0,0,0,16,58,16,58,13,48,0,0,0,0,0,0,0,0,16,58,16,58,13,48,0,0,0,0,0,0,0,0,16,58,16,58,13,48,0,0,0,0,0,0,0,0
237,0,1000,0,0,1000,0,1000,16,58,16,58,13,48,83991,1,83991,1,0,0,0,0,16,58,16,58,13,48,83991,1,83991,1,0,0,0,0,16,58,16,58,13,48,83991,1,83991,1,0,0,0,0,16,58,16,58,13,48,83991,1,83991,1,0,0,0,0,16,58,16,58,13,48,83991,1,83991,1,0,0,0,0,16,58,16,58,13,48,83991,1,83991,1,0,0,0,0
238,0,1000,0,0,1000,0,1000,17,59,17,59,13,48,105315,93,0,0,80291,1,25024,92,17,59,17,59,13,48,105315,93,0,0,80291,1,25024,92,17,59,17,59,13,48,105315,93,0,0,80291,1,25024,92,17,59,17,59,13,48,105315,93,0,0,80291,1,25024,92,17,59,17,59,13,48,105315,93,0,0,80291,1,25024,92,17,59,17,59,13,48,105315,93,0,0,80291,1,25024,92
239,0,1000,0,0,1000,0,1000,17,59,17,59,14,49,0,0,0,0,0,0,0,0,17,59,17,59,14,49,0,0,0,0,0,0,0,0,17,59,17,59,14,49,0,0,0,0,0,0,0,0,17,59,17,59,14,49,0,0,0,0,0,0,0,0,17,59,17,59,14,49,0,0,0,0,0,0,0,0,17,59,17,59,14,49,0,0,0,0,0,0,0,0
240,0,1000,0,0,1000,0,1000,17,59,17,59,14,49,0,0,0,0,0,0,0,0,17,59,17,59,14,49,0,0,0,0,0,0,0,0,17,59,17,59,14,49,0,0,0,0,0,0,0,0,17,59,17,59,14,49,0,0,0,0,0,0,0,0,17,59,17,59,14,49,0,0,0,0,0,0,0,0,17,59,17,59,14,49,0,0,0,0,0,0,0,0
241,0,1000,0,0,1000,0,1000,17,59,17,59,14,49,0,0,0,0,0,0,0,0,17,59,17,59,14,49,0,0,0,0,0,0,0,0,17,59,17,59,14,49,0,0,0,0,0,0,0,0,17,59,17,59,14,49,0,0,0,0,0,0,0,0,17,59,17,59,14,49,0,0,0,0,0,0,0,0,17,59,17,59,14,49,0,0,0,0,0,0,0,0
242,0,1000,0,0,1000,0,1000,17,59,17,59,14,49,28560,105,0,0,0,0,28560,105,17,59,17,59,14,49,28560,105,0,0,0,0,28560,105,17,59,17,59,14,49,28560,105,0,0,0,0,28560,105,17,59,17,59,14,49,28560,105,0,0,0,0,28560,105,17,59,17,59,14,49,28560,105,0,0,0,0,28560,105,17,59,17,59,14,49,28560,105,0,0,0,0,28560,105
243,0,1000,0,0,1000,0,1000,17,59,17,59,14,49,0,0,0,0,0,0,0,0,17,59,17,59,14,49,0,0,0,0,0,0,0,0,17,59,17,59,14,49,0,0,0,0,0,0,0,0,17,59,17,59,14,49,0,0,0,0,0,0,0,0,17,59,17,59,14,49,0,0,0,0,0,0,0,0,17,59,17,59,14,49,0,0,0,0,0,0,0,0
244,0,1000,0,0,1000,0,1000,17,59,17,59,14,49,0,0,0,0,0,0,0,0,17,59,17,59,14,49,0,0,0,0,0,0,0,0,17,59,17,59,14,49,0,0,0,0,0,0,0,0,17,59,17,59,14,49,0,0,0,0,0,0,0,0,17,59,17,59,14,49,0,0,0,0,0,0,0,0,17,59,17,59,14,49,0,0,0,0,0,0,0,0
245,0,1000,0,0,1000,0,1000,17,59,17,59,14,49,83798,1,83798,1,0,0,0,0,17,59,17,59,14,49,83798,1,83798,1,0,0,0,0,17,59,17,59,14,49,83798,1,83798,1,0,0,0,0,17,59,17,59,14,49,83798,1,83798,1,0,0,0,0,17,59,17,59,14,49,83798,1,83798,1,0,0,0,0,17,59,17,59,14,49,83798,1,83798,1,0,0,0,0
246,0,1000,0,0,1000,0,1000,18,61,18,61,14,49,107218,100,0,0,80290,1,26928,99,18,61,18,61,14,49,107218,100,0,0,80290,1,26928,99,18,61,18,61,14,49,107218,100,0,0,80290,1,26928,99,18,61,18,61,14,49,107218,100,0,0,80290,1,26928,99,18,61,18,61,14,49,107218,100,0,0,80290,1,26928,99,18,61,18,61,14,49,107218,100,0,0,80290,1,26928,99
247,0,1000,0,0,1000,0,1000,18,61,18,61,14,49,0,0,0,0,0,0,0,0,18,61,18,61,14,49,0,0,0,0,0,0,0,0,18,61,18,61,14,49,0,0,0,0,0,0,0,0,18,61,18,61,14,49,0,0,0,0,0,0,0,0,18,61,18,61,14,49,0,0,0,0,0,0,0,0,18,61,18,61,14,49,0,0,0,0,0,0,0,0
248,0,1000,0,0,1000,0,1000,18,61,18,61,14,49,0,0,0,0,0,0,0,0,18,61,18,61,14,49,0,0,0,0,0,0,0,0,18,61,18,61,14,49,0,0,0,0,0,0,0,0,18,61,18,61,14,49,0,0,0,0,0,0,0,0,18,61,18,61,14,49,0,0,0,0,0,0,0,0,18,61,18,61,14,49,0,0,0,0,0,0,0,0
249,0,1000,0,0,1000,0,1000,18,61,18,61,14,49,0,0,0,0,0,0,0,0,18,61,18,61,14,49,0,0,0,0,0,0,0,0,18,61,18,61,14,49,0,0,0,0,0,0,0,0,18,61,18,61,14,49,0,0,0,0,0,0,0,0,18,61,18,61,14,49,0,0,0,0,0,0,0,0,18,61,18,61,14,49,0,0,0,0,0,0,0,0
250,0,1000,0,0,1000,0,1000,18,61,18,61,14,49,27200,100,0,0,0,0,27200,100,18,61,18,61,14,49,27200,100,0,0,0,0,27200,100,18,61,18,61,14,49,27200,100,0,0,0,0,27200,100,18,61,18,61,14,49,27200,100,0,0,0,0,27200,100,18,61,18,61,14,49,27200,100,0,0,0,0,27200,100,18,61,18,61,14,49,27200,100,0,0,0,0,27200,100
251,0,1000,0,0,1000,0,1000,18,61,18,61,14,49,0,0,0,0,0,0,0,0,18,61,18,61,14,49,0,0,0,0,0,0,0,0,18,61,18,61,14,49,0,0,0,0,0,0,0,0,18,61,18,61,14,49,0,0,0,0,0,0,0,0,18,61,18,61,14,49,0,0,0,0,0,0,0,0,18,61,18,61,14,49,0,0,0,0,0,0,0,0
252,0,1000,0,0,1000,0,1000,18,61,18,61,14,49,0,0,0,0,0,0,0,0,18,61,18,61,14,49,0,0,0,0,0,0,0,0,18,61,18,61,14,49,0,0,0,0,0,0,0,0,18,61,18,61,14,49,0,0,0,0,0,0,0,0,18,61,18,61,14,49,0,0,0,0,0,0,0,0,18,61,18,61,14,49,0,0,0,0,0,0,0,0
253,0,1000,0,0,1000,0,1000,18,61,18,61,14,49,83639,1,83639,1,0,0,0,0,18,61,18,61,14,49,83639,1,83639,1,0,0,0,0,18,61,18,61,14,49,83639,1,83639,1,0,0,0,0,18,61,18,61,14,49,83639,1,83639,1,0,0,0,0,18,61,18,61,14,49,83639,1,83639,1,0,0,0,0,18,61,18,61,14,49,83639,1,83639,1,0,0,0,0
254,0,1000,0,0,1000,0,1000,19,63,19,63,14,49,105043,92,0,0,80291,1,24752,91,19,63,19,63,14,49,105043,92,0,0,80291,1,24752,91,19,63,19,63,14,49,105043,92,0,0,80291,1,24752,91,19,63,19,63,14,49,105043,92,0,0,80291,1,24752,91,19,63,19,63,14,49,105043,92,0,0,80291,1,24752,91,19,63,19,63,14,49,105043,92,0,0,80291,1,24752,91
255,0,1000,0,0,1000,0,1000,19,63,19,63,14,49,0,0,0,0,0,0,0,0,19,63,19,63,14,49,0,0,0,0,0,0,0,0,19,63,19,63,14,49,0,0,0,0,0,0,0,0,19,63,19,63,14,49,0,0,0,0,0,0,0,0,19,63,19,63,14,49,0,0,0,0,0,0,0,0,19,63,19,63,14,49,0,0,0,0,0,0,0,0
256,0,1000,0,0,1000,0,1000,19,63,19,63,14,49,0,0,0,0,0,0,0,0,19,63,19,63,14,49,0,0,0,0,0,0,0,0,19,63,19,63,14,49,0,0,0,0,0,0,0,0,19,63,19,63,14,49,0,0,0,0,0,0,0,0,19,63,19,63,14,49,0,0,0,0,0,0,0,0,19,63,19,63,14,49,0,0,0,0,0,0,0,0
257,0,1000,0,0,1000,0,1000,19,63,19,63,14,49,0,0,0,0,0,0,0,0,19,63,19,63,14,49,0,0,0,0,0,0,0,0,19,63,19,63,14,49,0,0,0,0,0,0,0,0,19,63,19,63,14,49,0,0,0,0,0,0,0,0,19,63,19,63,14,49,0,0,0,0,0,0,0,0,19,63,19,63,14,49,0,0,0,0,0,0,0,0
258,0,1000,0,0,1000,0,1000,19,63,19,63,14,49,26656,98,0,0,0,0,26656,98,19,63,19,63,14,49,26656,98,0,0,0,0,26656,98,19,63,19,63,14,49,26656,98,0,0,0,0,26656,98,19,63,19,63,14,49,26656,98,0,0,0,0,26656,98,19,63,19,63,14,49,26656,98,0,0,0,0,26656,98,19,63,19,63,14,49,26656,98,0,0,0,0,26656,98
259,0,1000,0,0,1000,0,1000,19,63,19,63,15,54,0,0,0,0,0,0,0,0,19,63,19,63,15,54,0,0,0,0,0,0,0,0,19,63,19,63,15,54,0,0,0,0,0,0,0,0,19,63,19,63,15,54,0,0,0,0,0,0,0,0,19,63,19,63,15,54,0,0,0,0,0,0,0,0,19,63,19,63,15,54,0,0,0,0,0,0,0,0
260,0,1000,0,0,1000,0,1000,19,63,19,63,15,54,0,0,0,0,0,0,0,0,19,63,19,63,15,54,0,0,0,0,0,0,0,0,19,63,19,63,15,54,0,0,0,0,0,0,0,0,19,63,19,63,15,54,0,0,0,0,0,0,0,0,19,63,19,63,15,54,0,0,0,0,0,0,0,0,19,63,19,63,15,54,0,0,0,0,0,0,0,0
261,0,1000,0,0,1000,0,1000,19,63,19,63,15,54,0,0,0,0,0,0,0,0,19,63,19,63,15,54,0,0,0,0,0,0,0,0,19,63,19,63,15,54,0,0,0,0,0,0,0,0,19,63,19,63,15,54,0,0,0,0,0,0,0,0,19,63,19,63,15,54,0,0,0,0,0,0,0,0,19,63,19,63,15,54,0,0,0,0,0,0,0,0
262,0,1000,0,0,1000,0,1000,19,63,19,63,15,54,31008,114,0,0,0,0,31008,114,19,63,19,63,15,54,31008,114,0,0,0,0,31008,114,19,63,19,63,15,54,31008,114,0,0,0,0,31008,114,19,63,19,63,15,54,31008,114,0,0,0,0,31008,114,19,63,19,63,15,54,31008,114,0,0,0,0,31008,114,19,63,19,63,15,54,31008,114,0,0,0,0,31008,114
263,0,1000,0,0,1000,0,1000,19,63,19,63,15,54,0,0,0,0,0,0,0,0,19,63,19,63,15,54,0,0,0,0,0,0,0,0,19,63,19,63,15,54,0,0,0,0,0,0,0,0,19,63,19,63,15,54,0,0,0,0,0,0,0,0,19,63,19,63,15,54,0,0,0,0,0,0,0,0,19,63,19,63,15,54,0,0,0,0,0,0,0,0
264,0,1000,0,0,1000,0,1000,19,63,19,63,15,54,0,0,0,0,0,0,0,0,19,63,19,63,15,54,0,0,0,0,0,0,0,0,19,63,19,63,15,54,0,0,0,0,0,0,0,0,19,63,19,63,15,54,0,0,0,0,0,0,0,0,19,63,19,63,15,54,0,0,0,0,0,0,0,0,19,63,19,63,15,54,0,0,0,0,0,0,0,0
265,0,1000,0,0,1000,0,1000,19,63,19,63,15,54,168174,2,168174,2,0,0,0,0,19,63,19,63,15,54,168174,2,168174,2,0,0,0,0,19,63,19,63,15,54,168174,2,168174,2,0,0,0,0,19,63,19,63,15,54,168174,2,168174,2,0,0,0,0,19,63,19,63,15,54,168174,2,168174,2,0,0,0,0,19,63,19,63,15,54,168174,2,168174,2,0,0,0,0
266,0,1000,0,0,1000,0,1000,20,66,20,66,15,54,109123,107,0,0,80291,1,28832,106,20,66,20,66,15,54,109123,107,0,0,80291,1,28832,106,20,66,20,66,15,54,109123,107,0,0,80291,1,28832,106,20,66,20,66,15,54,109123,107,0,0,80291,1,28832,106,20,66,20,66,15,54,109123,107,0,0,80291,1,28832,106,20,66,20,66,15,54,109123,107,0,0,80291,1,28832,106
267,0,1000,0,0,1000,0,1000,20,66,20,66,15,54,0,0,0,0,0,0,0,0,20,66,20,66,15,54,0,0,0,0,0,0,0,0,20,66,20,66,15,54,0,0,0,0,0,0,0,0,20,66,20,66,15,54,0,0,0,0,0,0,0,0,20,66,20,66,15,54,0,0,0,0,0,0,0,0,20,66,20,66,15,54,0,0,0,0,0,0,0,0
268,0,1000,0,0,1000,0,1000,20,66,20,66,15,54,0,0,0,0,0,0,0,0,20,66,20,66,15,54,0,0,0,0,0,0,0,0,20,66,20,66,15,54,0,0,0,0,0,0,0,0,20,66,20,66,15,54,0,0,0,0,0,0,0,0,20,66,20,66,15,54,0,0,0,0,0,0,0,0,20,66,20,66,15,54,0,0,0,0,0,0,0,0
269,0,1000,0,0,1000,0,1000,20,66,20,66,15,54,83831,1,83831,1,0,0,0,0,20,66,20,66,15,54,83831,1,83831,1,0,0,0,0,20,66,20,66,15,54,83831,1,83831,1,0,0,0,0,20,66,20,66,15,54,83831,1,83831,1,0,0,0,0,20,66,20,66,15,54,83831,1,83831,1,0,0,0,0,20,66,20,66,15,54,83831,1,83831,1,0,0,0,0
270,0,1000,0,0,1000,0,1000,21,67,21,67,15,54,104227,89,0,0,80291,1,23936,88,21,67,21,67,15,54,104227,89,0,0,80291,1,23936,88,21,67,21,67,15,54,104227,89,0,0,80291,1,23936,88,21,67,21,67,15,54,104227,89,0,0,80291,1,23936,88,21,67,21,67,15,54,104227,89,0,0,80291,1,23936,88,21,67,21,67,15,54,104227,89,0,0,80291,1,23936,88
271,0,1000,0,0,1000,0,1000,21,67,21,67,15,54,0,0,0,0,0,0,0,0,21,67,21,67,15,54,0,0,0,0,0,0,0,0,21,67,21,67,15,54,0,0,0,0,0,0,0,0,21,67,21,67,15,54,0,0,0,0,0,0,0,0,21,67,21,67,15,54,0,0,0,0,0,0,0,0,21,67,21,67,15,54,0,0,0,0,0,0,0,0
272,0,1000,0,0,1000,0,1000,21,67,21,67,15,54,0,0,0,0,0,0,0,0,21,67,21,67,15,54,0,0,0,0,0,0,0,0,21,67,21,67,15,54,0,0,0,0,0,0,0,0,21,67,21,67,15,54,0,0,0,0,0,0,0,0,21,67,21,67,15,54,0,0,0,0,0,0,0,0,21,67,21,67,15,54,0,0,0,0,0,0,0,0
273,0,1000,0,0,1000,0,1000,21,67,21,67,15,54,83255,1,83255,1,0,0,0,0,21,67,21,67,15,54,83255,1,83255,1,0,0,0,0,21,67,21,67,15,54,83255,1,83255,1,0,0,0,0,21,67,21,67,15,54,83255,1,83255,1,0,0,0,0,21,67,21,67,15,54,83255,1,83255,1,0,0,0,0,21,67,21,67,15,54,83255,1,83255,1,0,0,0,0
274,0,1000,0,0,1000,0,1000,22,68,22,68,15,54,106675,98,0,0,80291,1,26384,97,22,68,22,68,15,54,106675,98,0,0,80291,1,26384,97,22,68,22,68,15,54,106675,98,0,0,80291,1,26384,97,22,68,22,68,15,54,106675,98,0,0,80291,1,26384,97,22,68,22,68,15,54,106675,98,0,0,80291,1,26384,97,22,68,22,68,15,54,106675,98,0,0,80291,1,26384,97
275,0,1000,0,0,1000,0,1000,22,68,22,68,16,58,0,0,0,0,0,0,0,0,22,68,22,68,16,58,0,0,0,0,0,0,0,0,22,68,22,68,16,58,0,0,0,0,0,0,0,0,22,68,22,68,16,58,0,0,0,0,0,0,0,0,22,68,22,68,16,58,0,0,0,0,0,0,0,0,22,68,22,68,16,58,0,0,0,0,0,0,0,0
276,0,1000,0,0,1000,0,1000,22,68,22,68,16,58,0,0,0,0,0,0,0,0,22,68,22,68,16,58,0,0,0,0,0,0,0,0,22,68,22,68,16,58,0,0,0,0,0,0,0,0,22,68,22,68,16,58,0,0,0,0,0,0,0,0,22,68,22,68,16,58,0,0,0,0,0,0,0,0,22,68,22,68,16,58,0,0,0,0,0,0,0,0
277,0,1000,0,0,1000,0,1000,22,68,22,68,16,58,0,0,0,0,0,0,0,0,22,68,22,68,16,58,0,0,0,0,0,0,0,0,22,68,22,68,16,58,0,0,0,0,0,0,0,0,22,68,22,68,16,58,0,0,0,0,0,0,0,0,22,68,22,68,16,58,0,0,0,0,0,0,0,0,22,68,22,68,16,58,0,0,0,0,0,0,0,0
278,0,1000,0,0,1000,0,1000,22,68,22,68,16,58,35632,131,0,0,0,0,35632,131,22,68,22,68,16,58,35632,131,0,0,0,0,35632,131,22,68,22,68,16,58,35632,131,0,0,0,0,35632,131,22,68,22,68,16,58,35632,131,0,0,0,0,35632,131,22,68,22,68,16,58,35632,131,0,0,0,0,35632,131,22,68,22,68,16,58,35632,131,0,0,0,0,35632,131
279,0,1000,0,0,1000,0,1000,22,68,22,68,17,59,0,0,0,0,0,0,0,0,22,68,22,68,17,59,0,0,0,0,0,0,0,0,22,68,22,68,17,59,0,0,0,0,0,0,0,0,22,68,22,68,17,59,0,0,0,0,0,0,0,0,22,68,22,68,17,59,0,0,0,0,0,0,0,0,22,68,22,68,17,59,0,0,0,0,0,0,0,0
280,0,1000,0,0,1000,0,1000,22,68,22,68,17,59,0,0,0,0,0,0,0,0,22,68,22,68,17,59,0,0,0,0,0,0,0,0,22,68,22,68,17,59,0,0,0,0,0,0,0,0,22,68,22,68,17,59,0,0,0,0,0,0,0,0,22,68,22,68,17,59,0,0,0,0,0,0,0,0,22,68,22,68,17,59,0,0,0,0,0,0,0,0
281,0,1000,0,0,1000,0,1000,22,68,22,68,17,59,0,0,0,0,0,0,0,0,22,68,22,68,17,59,0,0,0,0,0,0,0,0,22,68,22,68,17,59,0,0,0,0,0,0,0,0,22,68,22,68,17,59,0,0,0,0,0,0,0,0,22,68,22,68,17,59,0,0,0,0,0,0,0,0,22,68,22,68,17,59,0,0,0,0,0,0,0,0
282,0,1000,0,0,1000,0,1000,22,68,22,68,17,59,29104,107,0,0,0,0,29104,107,22,68,22,68,17,59,29104,107,0,0,0,0,29104,107,22,68,22,68,17,59,29104,107,0,0,0,0,29104,107,22,68,22,68,17,59,29104,107,0,0,0,0,29104,107,22,68,22,68,17,59,29104,107,0,0,0,0,29104,107,22,68,22,68,17,59,29104,107,0,0,0,0,29104,107
283,0,1000,0,0,1000,0,1000,22,68,22,68,17,59,0,0,0,0,0,0,0,0,22,68,22,68,17,59,0,0,0,0,0,0,0,0,22,68,22,68,17,59,0,0,0,0,0,0,0,0,22,68,22,68,17,59,0,0,0,0,0,0,0,0,22,68,22,68,17,59,0,0,0,0,0,0,0,0,22,68,22,68,17,59,0,0,0,0,0,0,0,0
284,0,1000,0,0,1000,0,1000,22,68,22,68,17,59,0,0,0,0,0,0,0,0,22,68,22,68,17,59,0,0,0,0,0,0,0,0,22,68,22,68,17,59,0,0,0,0,0,0,0,0,22,68,22,68,17,59,0,0,0,0,0,0,0,0,22,68,22,68,17,59,0,0,0,0,0,0,0,0,22,68,22,68,17,59,0,0,0,0,0,0,0,0
285,0,1000,0,0,1000,0,1000,22,68,22,68,17,59,0,0,0,0,0,0,0,0,22,68,22,68,17,59,0,0,0,0,0,0,0,0,22,68,22,68,17,59,0,0,0,0,0,0,0,0,22,68,22,68,17,59,0,0,0,0,0,0,0,0,22,68,22,68,17,59,0,0,0,0,0,0,0,0,22,68,22,68,17,59,0,0,0,0,0,0,0,0
286,0,1000,0,0,1000,0,1000,22,68,22,68,17,59,25568,94,0,0,0,0,25568,94,22,68,22,68,17,59,25568,94,0,0,0,0,25568,94,22,68,22,68,17,59,25568,94,0,0,0,0,25568,94,22,68,22,68,17,59,25568,94,0,0,0,0,25568,94,22,68,22,68,17,59,25568,94,0,0,0,0,25568,94,22,68,22,68,17,59,25568,94,0,0,0,0,25568,94
287,0,1000,0,0,1000,0,1000,22,68,22,68,18,61,0,0,0,0,0,0,0,0,22,68,22,68,18,61,0,0,0,0,0,0,0,0,22,68,22,68,18,61,0,0,0,0,0,0,0,0,22,68,22,68,18,61,0,0,0,0,0,0,0,0,22,68,22,68,18,61,0,0,0,0,0,0,0,0,22,68,22,68,18,61,0,0,0,0,0,0,0,0
288,0,1000,0,0,1000,0,1000,22,68,22,68,18,61,0,0,0,0,0,0,0,0,22,68,22,68,18,61,0,0,0,0,0,0,0,0,22,68,22,68,18,61,0,0,0,0,0,0,0,0,22,68,22,68,18,61,0,0,0,0,0,0,0,0,22,68,22,68,18,61,0,0,0,0,0,0,0,0,22,68,22,68,18,61,0,0,0,0,0,0,0,0
289,0,1000,0,0,1000,0,1000,22,68,22,68,18,61,0,0,0,0,0,0,0,0,22,68,22,68,18,61,0,0,0,0,0,0,0,0,22,68,22,68,18,61,0,0,0,0,0,0,0,0,22,68,22,68,18,61,0,0,0,0,0,0,0,0,22,68,22,68,18,61,0,0,0,0,0,0,0,0,22,68,22,68,18,61,0,0,0,0,0,0,0,0
290,0,1000,0,0,1000,0,1000,22,68,22,68,18,61,29104,107,0,0,0,0,29104,107,22,68,22,68,18,61,29104,107,0,0,0,0,29104,107,22,68,22,68,18,61,29104,107,0,0,0,0,29104,107,22,68,22,68,18,61,29104,107,0,0,0,0,29104,107,22,68,22,68,18,61,29104,107,0,0,0,0,29104,107,22,68,22,68,18,61,29104,107,0,0,0,0,29104,107
291,0,1000,0,0,1000,0,1000,22,68,22,68,18,61,0,0,0,0,0,0,0,0,22,68,22,68,18,61,0,0,0,0,0,0,0,0,22,68,22,68,18,61,0,0,0,0,0,0,0,0,22,68,22,68,18,61,0,0,0,0,0,0,0,0,22,68,22,68,18,61,0,0,0,0,0,0,0,0,22,68,22,68,18,61,0,0,0,0,0,0,0,0
292,0,1000,0,0,1000,0,1000,22,68,22,68,18,61,0,0,0,0,0,0,0,0,22,68,22,68,18,61,0,0,0,0,0,0,0,0,22,68,22,68,18,61,0,0,0,0,0,0,0,0,22,68,22,68,18,61,0,0,0,0,0,0,0,0,22,68,22,68,18,61,0,0,0,0,0,0,0,0,22,68,22,68,18,61,0,0,0,0,0,0,0,0
293,0,1000,0,0,1000,0,1000,22,68,22,68,18,61,83861,1,83861,1,0,0,0,0,22,68,22,68,18,61,83861,1,83861,1,0,0,0,0,22,68,22,68,18,61,83861,1,83861,1,0,0,0,0,22,68,22,68,18,61,83861,1,83861,1,0,0,0,0,22,68,22,68,18,61,83861,1,83861,1,0,0,0,0,22,68,22,68,18,61,83861,1,83861,1,0,0,0,0
294,0,1000,0,0,1000,0,1000,23,73,23,73,18,61,107489,101,0,0,80289,1,27200,100,23,73,23,73,18,61,107489,101,0,0,80289,1,27200,100,23,73,23,73,18,61,107489,101,0,0,80289,1,27200,100,23,73,23,73,18,61,107489,101,0,0,80289,1,27200,100,23,73,23,73,18,61,107489,101,0,0,80289,1,27200,100,23,73,23,73,18,61,107489,101,0,0,80289,1,27200,100
295,0,1000,0,0,1000,0,1000,23,73,23,73,19,63,0,0,0,0,0,0,0,0,23,73,23,73,19,63,0,0,0,0,0,0,0,0,23,73,23,73,19,63,0,0,0,0,0,0,0,0,23,73,23,73,19,63,0,0,0,0,0,0,0,0,23,73,23,73,19,63,0,0,0,0,0,0,0,0,23,73,23,73,19,63,0,0,0,0,0,0,0,0
296,0,1000,0,0,1000,0,1000,23,73,23,73,19,63,0,0,0,0,0,0,0,0,23,73,23,73,19,63,0,0,0,0,0,0,0,0,23,73,23,73,19,63,0,0,0,0,0,0,0,0,23,73,23,73,19,63,0,0,0,0,0,0,0,0,23,73,23,73,19,63,0,0,0,0,0,0,0,0,23,73,23,73,19,63,0,0,0,0,0,0,0,0
297,0,1000,0,0,1000,0,1000,23,73,23,73,19,63,0,0,0,0,0,0,0,0,23,73,23,73,19,63,0,0,0,0,0,0,0,0,23,73,23,73,19,63,0,0,0,0,0,0,0,0,23,73,23,73,19,63,0,0,0,0,0,0,0,0,23,73,23,73,19,63,0,0,0,0,0,0,0,0,23,73,23,73,19,63,0,0,0,0,0,0,0,0
298,0,1000,0,0,1000,0,1000,23,73,23,73,19,63,27200,100,0,0,0,0,27200,100,23,73,23,73,19,63,27200,100,0,0,0,0,27200,100,23,73,23,73,19,63,27200,100,0,0,0,0,27200,100,23,73,23,73,19,63,27200,100,0,0,0,0,27200,100,23,73,23,73,19,63,27200,100,0,0,0,0,27200,100,23,73,23,73,19,63,27200,100,0,0,0,0,27200,100
299,0,1000,0,0,1000,0,1000,23,73,23,73,19,63,0,0,0,0,0,0,0,0,23,73,23,73,19,63,0,0,0,0,0,0,0,0,23,73,23,73,19,63,0,0,0,0,0,0,0,0,23,73,23,73,19,63,0,0,0,0,0,0,0,0,23,73,23,73,19,63,0,0,0,0,0,0,0,0,23,73,23,73,19,63,0,0,0,0,0,0,0,0
300,0,1000,0,0,1000,0,1000,23,73,23,73,19,63,0,0,0,0,0,0,0,0,23,73,23,73,19,63,0,0,0,0,0,0,0,0,23,73,23,73,19,63,0,0,0,0,0,0,0,0,23,73,23,73,19,63,0,0,0,0,0,0,0,0,23,73,23,73,19,63,0,0,0,0,0,0,0,0,23,73,23,73,19,63,0,0,0,0,0,0,0,0
301,0,1000,0,0,1000,0,1000,23,73,23,73,19,63,167277,2,167277,2,0,0,0,0,23,73,23,73,19,63,167277,2,167277,2,0,0,0,0,23,73,23,73,19,63,167277,2,167277,2,0,0,0,0,23,73,23,73,19,63,167277,2,167277,2,0,0,0,0,23,73,23,73,19,63,167277,2,167277,2,0,0,0,0,23,73,23,73,19,63,167277,2,167277,2,0,0,0,0
302,0,1000,0,0,1000,0,1000,24,75,24,75,19,63,108850,106,0,0,80290,1,28560,105,24,75,24,75,19,63,108850,106,0,0,80290,1,28560,105,24,75,24,75,19,63,108850,106,0,0,80290,1,28560,105,24,75,24,75,19,63,108850,106,0,0,80290,1,28560,105,24,75,24,75,19,63,108850,106,0,0,80290,1,28560,105,24,75,24,75,19,63,108850,106,0,0,80290,1,28560,105
303,0,1000,0,0,1000,0,1000,24,75,24,75,19,63,0,0,0,0,0,0,0,0,24,75,24,75,19,63,0,0,0,0,0,0,0,0,24,75,24,75,19,63,0,0,0,0,0,0,0,0,24,75,24,75,19,63,0,0,0,0,0,0,0,0,24,75,24,75,19,63,0,0,0,0,0,0,0,0,24,75,24,75,19,63,0,0,0,0,0,0,0,0

digraph G {
  rankdir=BT;
  style=filled;
  color=lightgrey;
  node [shape=box,style=filled,color=white];
  b_HJ52qfz5dRT [label="H(J52qfz5dRT)\nt=66 id=565"];
  b_HjAvOwcXI23 [label="H(jAvOwcXI23)\nt=12 id=590"];
  b_HKTn5y1SgWn [label="H(KTn5y1SgWn)\nt=33 id=211"];
  b_HwXzw63QkhA [label="H(wXzw63QkhA)\nt=11 id=972"];
  b_HmygjNUYlkN [label="H(mygjNUYlkN)\nt=73 id=2"];
  b_HtfjqBmd7q [label="H(tfjq+Bmd7q)\n"];
  b_HgNKSPAp8FS [label="H(gNKSPAp8FS)\nt=4 id=842"];
  b_HF6vpj5L4NE [label="H(F6vpj5L4NE)\nt=40 id=653"];
  b_HUzClzpj0JP [label="H(UzClzpj0JP)\nt=43 id=781"];
  b_Hp9fVGdYo8A [label="H(p9fVGdYo8A)\nt=48 id=406"];
  b_HZGdmPyqpm [label="H(ZGdmPyqp/m)\nt=54 id=613"];
  b_HoKMIxZ6Yv6 [label="H(oKMIxZ6Yv6)\nt=26 id=432"];
  b_Hm9gGauAED [label="H(m+9gGauAED)\nt=24 id=111"];
  b_HDJmiS57eN [label="H(DJmiS57+eN)\nt=63 id=210"];
  b_Hw5c80poXO9 [label="H(w5c80poXO9)\nt=58 id=413"];
  b_HH3oWYh5dzM [label="H(H3oWYh5dzM)\nt=32 id=357"];
  b_H429pdq1Qd [label="H(4+29pdq1Qd)\nt=68 id=715"];
  b_HMO84hoEISn [label="H(MO84hoEISn)\nt=67 id=967"];
  b_HKMacmq2Rly [label="H(KMacmq2Rly)\nt=59 id=532"];
  b_HIpo4umab24 [label="H(Ipo4umab24)\nt=75 id=39"];
  b_H44MqJxstM [label="H(44MqJxs/tM)\nt=39 id=250"];
  b_Ha0y4ykJe7Z [label="H(a0y4ykJe7Z)\nt=35 id=765"];
  b_HUve8jMIq [label="H(U/ve8j+MIq)\nt=49 id=99"];
  b_HlfHIt6mZfV [label="H(lfHIt6mZfV)\nt=61 id=32"];
  b_HB3o4DAqY0N [label="H(B3o4DAqY0N)\nt=20 id=596"];
  b_HJ52qfz5dRT -> b_HDJmiS57eN;
  b_HjAvOwcXI23 -> b_HwXzw63QkhA;
  b_HKTn5y1SgWn -> b_HH3oWYh5dzM;
  b_HwXzw63QkhA -> b_HgNKSPAp8FS;
  b_HmygjNUYlkN -> b_H429pdq1Qd;
  b_HgNKSPAp8FS -> b_HtfjqBmd7q;
  b_HF6vpj5L4NE -> b_H44MqJxstM;
  b_HUzClzpj0JP -> b_HF6vpj5L4NE;
  b_Hp9fVGdYo8A -> b_HUzClzpj0JP;
  b_HZGdmPyqpm -> b_HUve8jMIq;
  b_HoKMIxZ6Yv6 -> b_Hm9gGauAED;
  b_Hm9gGauAED -> b_HB3o4DAqY0N;
  b_HDJmiS57eN -> b_HlfHIt6mZfV;
  b_Hw5c80poXO9 -> b_HZGdmPyqpm;
  b_HH3oWYh5dzM -> b_HoKMIxZ6Yv6;
  b_H429pdq1Qd -> b_HMO84hoEISn;
  b_HMO84hoEISn -> b_HJ52qfz5dRT;
  b_HKMacmq2Rly -> b_Hw5c80poXO9;
  b_HIpo4umab24 -> b_HmygjNUYlkN;
  b_H44MqJxstM -> b_Ha0y4ykJe7Z;
  b_Ha0y4ykJe7Z -> b_HKTn5y1SgWn;
  b_HUve8jMIq -> b_Hp9fVGdYo8A;
  b_HlfHIt6mZfV -> b_HKMacmq2Rly;
  b_HB3o4DAqY0N -> b_HjAvOwcXI23;
  v_HeJp32oIUmy [label="id=549 t=75"];
  v_HeJp32oIUmy -> b_HIpo4umab24;
  v_HdQYo5sw0Za [label="id=110 t=75"];
  v_HdQYo5sw0Za -> b_HIpo4umab24;
  v_HdHhCiV9x8E [label="id=936 t=75"];
  v_HdHhCiV9x8E -> b_HIpo4umab24;
  v_HJmTk16blr6 [label="id=457 t=75"];
  v_HJmTk16blr6 -> b_HIpo4umab24;
  v_HGtCUijTn [label="id=950 t=75"];
  v_HGtCUijTn -> b_HIpo4umab24;
  v_HJrNqIcS5P [label="id=71 t=75"];
  v_HJrNqIcS5P -> b_HIpo4umab24;
  v_H4d2cmlAlov [label="id=431 t=75"];
  v_H4d2cmlAlov -> b_HIpo4umab24;
  v_HS7BcHcNa56 [label="id=418 t=75"];
  v_HS7BcHcNa56 -> b_HIpo4umab24;
  v_HetJGLaBhV [label="id=301 t=75"];
  v_HetJGLaBhV -> b_HIpo4umab24;
  v_HvrqQs1AsU [label="id=447 t=75"];
  v_HvrqQs1AsU -> b_HIpo4umab24;
  v_HvnbL5u2H6x [label="id=452 t=75"];
  v_HvnbL5u2H6x -> b_HIpo4umab24;
  v_HD1GGkBjlqR [label="id=455 t=75"];
  v_HD1GGkBjlqR -> b_HIpo4umab24;
  v_HxZ9XFm1YEM [label="id=461 t=75"];
  v_HxZ9XFm1YEM -> b_HIpo4umab24;
  v_HVA7GCRLvO [label="id=612 t=75"];
  v_HVA7GCRLvO -> b_HIpo4umab24;
  v_HweYJwgkLp [label="id=287 t=75"];
  v_HweYJwgkLp -> b_HIpo4umab24;
  v_HHq83vu0VG [label="id=493 t=75"];
  v_HHq83vu0VG -> b_HIpo4umab24;
  v_HQfJ8B5iqT [label="id=962 t=75"];
  v_HQfJ8B5iqT -> b_HIpo4umab24;
  v_HLvdqKQm6G8 [label="id=981 t=75"];
  v_HLvdqKQm6G8 -> b_HIpo4umab24;
  v_HsPhoD72Vm7 [label="id=800 t=75"];
  v_HsPhoD72Vm7 -> b_HIpo4umab24;
  v_HNtCOwFBOTS [label="id=40 t=75"];
  v_HNtCOwFBOTS -> b_HIpo4umab24;
  v_HLEMEK3kvSd [label="id=206 t=75"];
  v_HLEMEK3kvSd -> b_HIpo4umab24;
  v_HJrZRTcskUi [label="id=513 t=75"];
  v_HJrZRTcskUi -> b_HIpo4umab24;
  v_HmPMvPMFJA [label="id=926 t=75"];
  v_HmPMvPMFJA -> b_HIpo4umab24;
  v_HQSaMMhxjV4 [label="id=477 t=75"];
  v_HQSaMMhxjV4 -> b_HIpo4umab24;
  v_HmssoruD1QD [label="id=632 t=75"];
  v_HmssoruD1QD -> b_HIpo4umab24;
  v_HEtuIUbZwip [label="id=687 t=75"];
  v_HEtuIUbZwip -> b_HIpo4umab24;
  v_Hu4ly0O9gw [label="id=679 t=75"];
  v_Hu4ly0O9gw -> b_HIpo4umab24;
  v_H1dEGQPvz6 [label="id=250 t=75"];
  v_H1dEGQPvz6 -> b_HIpo4umab24;
  v_HhrJAW4IFmN [label="id=862 t=75"];
  v_HhrJAW4IFmN -> b_HIpo4umab24;
  v_HWxJQGmFTkn [label="id=559 t=75"];
  v_HWxJQGmFTkn -> b_HIpo4umab24;
  v_HhIRrRCDZfg [label="id=80 t=75"];
  v_HhIRrRCDZfg -> b_HIpo4umab24;
  v_HC9JKq2EBGP [label="id=841 t=75"];
  v_HC9JKq2EBGP -> b_HIpo4umab24;
  v_HspXnjKzAC3 [label="id=898 t=75"];
  v_HspXnjKzAC3 -> b_HIpo4umab24;
  v_HwVjZUENyAK [label="id=801 t=75"];
  v_HwVjZUENyAK -> b_HIpo4umab24;
  v_He1ftDJ7rr0 [label="id=741 t=75"];
  v_He1ftDJ7rr0 -> b_HIpo4umab24;
  v_HRDogzBFfd [label="id=325 t=75"];
  v_HRDogzBFfd -> b_HIpo4umab24;
  v_HmNrbiYBz2I [label="id=675 t=75"];
  v_HmNrbiYBz2I -> b_HIpo4umab24;
  v_HAdziZyocip [label="id=141 t=75"];
  v_HAdziZyocip -> b_HIpo4umab24;
  v_HGZF3MZ6eer [label="id=704 t=75"];
  v_HGZF3MZ6eer -> b_HIpo4umab24;
  v_HcWUdjsisNK [label="id=988 t=75"];
  v_HcWUdjsisNK -> b_HIpo4umab24;
  v_HqkxGmEztVM [label="id=412 t=75"];
  v_HqkxGmEztVM -> b_HIpo4umab24;
  v_HH2UaEIvjgM [label="id=617 t=75"];
  v_HH2UaEIvjgM -> b_HIpo4umab24;
  v_HR2zWfGIv03 [label="id=831 t=75"];
  v_HR2zWfGIv03 -> b_HIpo4umab24;
  v_HSiSSVEyDs [label="id=802 t=75"];
  v_HSiSSVEyDs -> b_HIpo4umab24;
  v_H8xFwqBUZn6 [label="id=147 t=75"];
  v_H8xFwqBUZn6 -> b_HIpo4umab24;
  v_HGoWMgfZsV7 [label="id=867 t=75"];
  v_HGoWMgfZsV7 -> b_HIpo4umab24;
  v_HMvDzlbmcJx [label="id=916 t=75"];
  v_HMvDzlbmcJx -> b_HIpo4umab24;
  v_H7eRbsqn4ak [label="id=870 t=75"];
  v_H7eRbsqn4ak -> b_HIpo4umab24;
  v_HqX51gziBoT [label="id=276 t=75"];
  v_HqX51gziBoT -> b_HIpo4umab24;
  v_HmwlQhA79Op [label="id=937 t=75"];
  v_HmwlQhA79Op -> b_HIpo4umab24;
  v_HtzKfOLQbk [label="id=197 t=75"];
  v_HtzKfOLQbk -> b_HIpo4umab24;
  v_HkwI5PBlfKD [label="id=856 t=75"];
  v_HkwI5PBlfKD -> b_HIpo4umab24;
  v_HvM0njo189 [label="id=435 t=75"];
  v_HvM0njo189 -> b_HIpo4umab24;
  v_HjrH4i0lDI [label="id=223 t=75"];
  v_HjrH4i0lDI -> b_HIpo4umab24;
  v_HGhPK4KyCP9 [label="id=181 t=75"];
  v_HGhPK4KyCP9 -> b_HIpo4umab24;
  v_H7JIerlXAC [label="id=895 t=75"];
  v_H7JIerlXAC -> b_HIpo4umab24;
  v_HU3DOau1DHZ [label="id=94 t=75"];
  v_HU3DOau1DHZ -> b_HIpo4umab24;
  v_H8k4AGFUIk [label="id=731 t=75"];
  v_H8k4AGFUIk -> b_HIpo4umab24;
  v_Hl3z4tOzG [label="id=969 t=75"];
  v_Hl3z4tOzG -> b_HIpo4umab24;
  v_HCqoePsyZ6 [label="id=776 t=75"];
  v_HCqoePsyZ6 -> b_HIpo4umab24;
  v_H5uQz0jm02 [label="id=96 t=75"];
  v_H5uQz0jm02 -> b_HIpo4umab24;
  v_H28GOxV4aQC [label="id=987 t=75"];
  v_H28GOxV4aQC -> b_HIpo4umab24;
  v_HAFaEgjIiM [label="id=30 t=75"];
  v_HAFaEgjIiM -> b_HIpo4umab24;
  v_HDdUNtxHkk1 [label="id=805 t=75"];
  v_HDdUNtxHkk1 -> b_HIpo4umab24;
  v_HEUtN8U7qUC [label="id=294 t=75"];
  v_HEUtN8U7qUC -> b_HIpo4umab24;
  v_HcTVcSawAhs [label="id=87 t=75"];
  v_HcTVcSawAhs -> b_HIpo4umab24;
  v_H2hbFvx7efm [label="id=913 t=75"];
  v_H2hbFvx7efm -> b_HIpo4umab24;
  v_HAGuAT5PAP [label="id=539 t=75"];
  v_HAGuAT5PAP -> b_HIpo4umab24;
  v_HjzWF00tiYI [label="id=367 t=75"];
  v_HjzWF00tiYI -> b_HIpo4umab24;
  v_HaG300C5hxE [label="id=396 t=75"];
  v_HaG300C5hxE -> b_HIpo4umab24;
  v_HQLDLcWwU [label="id=790 t=75"];
  v_HQLDLcWwU -> b_HIpo4umab24;
  v_Hi2sunoIR1Q [label="id=711 t=75"];
  v_Hi2sunoIR1Q -> b_HIpo4umab24;
  v_HIaqW6jwfTB [label="id=23 t=75"];
  v_HIaqW6jwfTB -> b_HIpo4umab24;
  v_HVDYLTH5wE3 [label="id=422 t=75"];
  v_HVDYLTH5wE3 -> b_HIpo4umab24;
  v_HqUvXNMm5p7 [label="id=377 t=75"];
  v_HqUvXNMm5p7 -> b_HIpo4umab24;
  v_HLhB3lysxfd [label="id=974 t=75"];
  v_HLhB3lysxfd -> b_HIpo4umab24;
  v_Hrgjvhjgb9W [label="id=291 t=75"];
  v_Hrgjvhjgb9W -> b_HIpo4umab24;
  v_HBf5ezJzV9 [label="id=817 t=75"];
  v_HBf5ezJzV9 -> b_HIpo4umab24;
  v_HuY4T49m6Ar [label="id=816 t=75"];
  v_HuY4T49m6Ar -> b_HIpo4umab24;
  v_HMe5G4GBUpv [label="id=759 t=75"];
  v_HMe5G4GBUpv -> b_HIpo4umab24;
  v_H12p82FHewh [label="id=651 t=75"];
  v_H12p82FHewh -> b_HIpo4umab24;
  v_HKkRMXcf5Nu [label="id=603 t=75"];
  v_HKkRMXcf5Nu -> b_HIpo4umab24;
  v_HfV7UPPdS6 [label="id=600 t=75"];
  v_HfV7UPPdS6 -> b_HIpo4umab24;
  v_HXROflPRP [label="id=902 t=75"];
  v_HXROflPRP -> b_HIpo4umab24;
  v_H9xRBsfMDu [label="id=710 t=75"];
  v_H9xRBsfMDu -> b_HIpo4umab24;
  v_HSKoGVWVRZf [label="id=371 t=75"];
  v_HSKoGVWVRZf -> b_HIpo4umab24;
  v_HzWu1yIs9U [label="id=232 t=75"];
  v_HzWu1yIs9U -> b_HIpo4umab24;
  v_HrRnCqLfZF [label="id=738 t=75"];
  v_HrRnCqLfZF -> b_HIpo4umab24;
  v_HVehROJ6N0O [label="id=825 t=75"];
  v_HVehROJ6N0O -> b_HIpo4umab24;
  v_HF3srLOHy9j [label="id=302 t=75"];
  v_HF3srLOHy9j -> b_HIpo4umab24;
  v_HcVre7hBzQ [label="id=213 t=75"];
  v_HcVre7hBzQ -> b_HIpo4umab24;
  v_HV1fil3ZC1w [label="id=848 t=75"];
  v_HV1fil3ZC1w -> b_HIpo4umab24;
  v_HMRFDd46daI [label="id=783 t=75"];
  v_HMRFDd46daI -> b_HIpo4umab24;
  v_HsqXPmkehLp [label="id=454 t=75"];
  v_HsqXPmkehLp -> b_HIpo4umab24;
  v_HFR4pp0lT6I [label="id=788 t=75"];
  v_HFR4pp0lT6I -> b_HIpo4umab24;
  v_HXqFOcrbI [label="id=886 t=75"];
  v_HXqFOcrbI -> b_HIpo4umab24;
  v_HzlFVrpdCi [label="id=863 t=75"];
  v_HzlFVrpdCi -> b_HIpo4umab24;
  v_HuwACMegy6 [label="id=201 t=75"];
  v_HuwACMegy6 -> b_HIpo4umab24;
  v_HaTCof4Hgov [label="id=458 t=75"];
  v_HaTCof4Hgov -> b_HIpo4umab24;
  v_HmmQ1uZFcWU [label="id=982 t=75"];
  v_HmmQ1uZFcWU -> b_HIpo4umab24;
  v_HQpqj5aj1N9 [label="id=101 t=75"];
  v_HQpqj5aj1N9 -> b_HIpo4umab24;
  v_HUXERWvd763 [label="id=554 t=75"];
  v_HUXERWvd763 -> b_HIpo4umab24;
  v_HaXeozxsa2Z [label="id=145 t=75"];
  v_HaXeozxsa2Z -> b_HIpo4umab24;
  v_H8QrMIJUEq [label="id=205 t=75"];
  v_H8QrMIJUEq -> b_HIpo4umab24;
  v_Hhg6vhcwGy [label="id=855 t=75"];
  v_Hhg6vhcwGy -> b_HIpo4umab24;
}


ALWAYS AWAKE final ledgers: 24 75 24 75 19 63
ALWAYS AWAKE total communication: 6405575 7596
ALWAYS AWAKE blocks communication: 1926978 24
ALWAYS AWAKE votes communication: 2051696 7543
ALWAYS AWAKE proposals communication: 2426901 29
