r,n_asleep,n_awake,n_honest_asleep,n_honest_dreamy,n_honest_awake,n_adversary,n_all,party0_ledger_best_length,party0_ledger_best_age,party0_ledger_fast_length,party0_ledger_fast_age,party0_ledger_slow_length,party0_ledger_slow_age,party0_comms_all_size,party0_comms_all_count,party0_comms_proposal_size,party0_comms_proposal_count,party0_comms_piece_block_size,party0_comms_piece_block_count,party0_comms_piece_vote_size,party0_comms_piece_vote_count,party1_ledger_best_length,party1_ledger_best_age,party1_ledger_fast_length,party1_ledger_fast_age,party1_ledger_slow_length,party1_ledger_slow_age,party1_comms_all_size,party1_comms_all_count,party1_comms_proposal_size,party1_comms_proposal_count,party1_comms_piece_block_size,party1_comms_piece_block_count,party1_comms_piece_vote_size,party1_comms_piece_vote_count,party2_ledger_best_length,party2_ledger_best_age,party2_ledger_fast_length,party2_ledger_fast_age,party2_ledger_slow_length,party2_ledger_slow_age,party2_comms_all_size,party2_comms_all_count,party2_comms_proposal_size,party2_comms_proposal_count,party2_comms_piece_block_size,party2_comms_piece_block_count,party2_comms_piece_vote_size,party2_comms_piece_vote_count,party3_ledger_best_length,party3_ledger_best_age,party3_ledger_fast_length,party3_ledger_fast_age,party3_ledger_slow_length,party3_ledger_slow_age,party3_comms_all_size,party3_comms_all_count,party3_comms_proposal_size,party3_comms_proposal_count,party3_comms_piece_block_size,party3_comms_piece_block_count,party3_comms_piece_vote_size,party3_comms_piece_vote_count,party4_ledger_best_length,party4_ledger_best_age,party4_ledger_fast_length,party4_ledger_fast_age,party4_ledger_slow_length,party4_ledger_slow_age,party4_comms_all_size,party4_comms_all_count,party4_comms_proposal_size,party4_comms_proposal_count,party4_comms_piece_block_size,party4_comms_piece_block_count,party4_comms_piece_vote_size,party4_comms_piece_vote_count,partyALWAYSAWAKE_ledger_best_length,partyALWAYSAWAKE_ledger_best_age,partyALWAYSAWAKE_ledger_fast_length,partyALWAYSAWAKE_ledger_fast_age,partyALWAYSAWAKE_ledger_slow_length,partyALWAYSAWAKE_ledger_slow_age,partyALWAYSAWAKE_comms_all_size,partyALWAYSAWAKE_comms_all_count,partyALWAYSAWAKE_comms_proposal_size,partyALWAYSAWAKE_comms_proposal_count,partyALWAYSAWAKE_comms_piece_block_size,partyALWAYSAWAKE_comms_piece_block_count,partyALWAYSAWAKE_comms_piece_vote_size,partyALWAYSAWAKE_comms_piece_vote_count
4,0,100,0,0,100,0,100,0,0,0,0,0,0,0,0,0,0,0,0,0,0,0,0,0,0,0,0,0,0,0,0,0,0,0,0,0,0,0,0,0,0,0,0,0,0,0,0,0,0,0,0,0,0,0,0,0,0,0,0,0,0,0,0,0,0,0,0,0,0,0,0,0,0,0,0,0,0,0,0,0,0,0,0,0,0,0,0,0,0,0,0
5,0,100,0,0,100,0,100,0,0,0,0,0,0,0,0,0,0,0,0,0,0,0,0,0,0,0,0,0,0,0,0,0,0,0,0,0,0,0,0,0,0,0,0,0,0,0,0,0,0,0,0,0,0,0,0,0,0,0,0,0,0,0,0,0,0,0,0,0,0,0,0,0,0,0,0,0,0,0,0,0,0,0,0,0,0,0,0,0,0,0,0
6,0,100,0,0,100,0,100,0,0,0,0,0,0,2448,9,0,0,0,0,2448,9,0,0,0,0,0,0,2448,9,0,0,0,0,2448,9,0,0,0,0,0,0,2448,9,0,0,0,0,2448,9,0,0,0,0,0,0,2448,9,0,0,0,0,2448,9,0,0,0,0,0,0,2448,9,0,0,0,0,2448,9,0,0,0,0,0,0,2448,9,0,0,0,0,2448,9
7,0,100,0,0,100,0,100,0,0,0,0,0,0,0,0,0,0,0,0,0,0,0,0,0,0,0,0,0,0,0,0,0,0,0,0,0,0,0,0,0,0,0,0,0,0,0,0,0,0,0,0,0,0,0,0,0,0,0,0,0,0,0,0,0,0,0,0,0,0,0,0,0,0,0,0,0,0,0,0,0,0,0,0,0,0,0,0,0,0,0,0
8,0,100,0,0,100,0,100,0,0,0,0,0,0,0,0,0,0,0,0,0,0,0,0,0,0,0,0,0,0,0,0,0,0,0,0,0,0,0,0,0,0,0,0,0,0,0,0,0,0,0,0,0,0,0,0,0,0,0,0,0,0,0,0,0,0,0,0,0,0,0,0,0,0,0,0,0,0,0,0,0,0,0,0,0,0,0,0,0,0,0,0
9,0,100,0,0,100,0,100,0,0,0,0,0,0,0,0,0,0,0,0,0,0,0,0,0,0,0,0,0,0,0,0,0,0,0,0,0,0,0,0,0,0,0,0,0,0,0,0,0,0,0,0,0,0,0,0,0,0,0,0,0,0,0,0,0,0,0,0,0,0,0,0,0,0,0,0,0,0,0,0,0,0,0,0,0,0,0,0,0,0,0,0
10,0,100,0,0,100,0,100,0,0,0,0,0,0,4624,17,0,0,0,0,4624,17,0,0,0,0,0,0,4624,17,0,0,0,0,4624,17,0,0,0,0,0,0,4624,17,0,0,0,0,4624,17,0,0,0,0,0,0,4624,17,0,0,0,0,4624,17,0,0,0,0,0,0,4624,17,0,0,0,0,4624,17,0,0,0,0,0,0,4624,17,0,0,0,0,4624,17
11,0,100,0,0,100,0,100,0,0,0,0,0,0,0,0,0,0,0,0,0,0,0,0,0,0,0,0,0,0,0,0,0,0,0,0,0,0,0,0,0,0,0,0,0,0,0,0,0,0,0,0,0,0,0,0,0,0,0,0,0,0,0,0,0,0,0,0,0,0,0,0,0,0,0,0,0,0,0,0,0,0,0,0,0,0,0,0,0,0,0,0
12,0,100,0,0,100,0,100,0,0,0,0,0,0,0,0,0,0,0,0,0,0,0,0,0,0,0,0,0,0,0,0,0,0,0,0,0,0,0,0,0,0,0,0,0,0,0,0,0,0,0,0,0,0,0,0,0,0,0,0,0,0,0,0,0,0,0,0,0,0,0,0,0,0,0,0,0,0,0,0,0,0,0,0,0,0,0,0,0,0,0,0
13,0,100,0,0,100,0,100,0,0,0,0,0,0,0,0,0,0,0,0,0,0,0,0,0,0,0,0,0,0,0,0,0,0,0,0,0,0,0,0,0,0,0,0,0,0,0,0,0,0,0,0,0,0,0,0,0,0,0,0,0,0,0,0,0,0,0,0,0,0,0,0,0,0,0,0,0,0,0,0,0,0,0,0,0,0,0,0,0,0,0,0
14,0,100,0,0,100,0,100,0,0,0,0,0,0,3536,13,0,0,0,0,3536,13,0,0,0,0,0,0,3536,13,0,0,0,0,3536,13,0,0,0,0,0,0,3536,13,0,0,0,0,3536,13,0,0,0,0,0,0,3536,13,0,0,0,0,3536,13,0,0,0,0,0,0,3536,13,0,0,0,0,3536,13,0,0,0,0,0,0,3536,13,0,0,0,0,3536,13
15,0,100,0,0,100,0,100,0,0,0,0,0,0,0,0,0,0,0,0,0,0,0,0,0,0,0,0,0,0,0,0,0,0,0,0,0,0,0,0,0,0,0,0,0,0,0,0,0,0,0,0,0,0,0,0,0,0,0,0,0,0,0,0,0,0,0,0,0,0,0,0,0,0,0,0,0,0,0,0,0,0,0,0,0,0,0,0,0,0,0,0
16,0,100,0,0,100,0,100,0,0,0,0,0,0,0,0,0,0,0,0,0,0,0,0,0,0,0,0,0,0,0,0,0,0,0,0,0,0,0,0,0,0,0,0,0,0,0,0,0,0,0,0,0,0,0,0,0,0,0,0,0,0,0,0,0,0,0,0,0,0,0,0,0,0,0,0,0,0,0,0,0,0,0,0,0,0,0,0,0,0,0,0
17,0,100,0,0,100,0,100,0,0,0,0,0,0,0,0,0,0,0,0,0,0,0,0,0,0,0,0,0,0,0,0,0,0,0,0,0,0,0,0,0,0,0,0,0,0,0,0,0,0,0,0,0,0,0,0,0,0,0,0,0,0,0,0,0,0,0,0,0,0,0,0,0,0,0,0,0,0,0,0,0,0,0,0,0,0,0,0,0,0,0,0
18,0,100,0,0,100,0,100,0,0,0,0,0,0,3536,13,0,0,0,0,3536,13,0,0,0,0,0,0,3536,13,0,0,0,0,3536,13,0,0,0,0,0,0,3536,13,0,0,0,0,3536,13,0,0,0,0,0,0,3536,13,0,0,0,0,3536,13,0,0,0,0,0,0,3536,13,0,0,0,0,3536,13,0,0,0,0,0,0,3536,13,0,0,0,0,3536,13
19,0,100,0,0,100,0,100,0,0,0,0,0,0,0,0,0,0,0,0,0,0,0,0,0,0,0,0,0,0,0,0,0,0,0,0,0,0,0,0,0,0,0,0,0,0,0,0,0,0,0,0,0,0,0,0,0,0,0,0,0,0,0,0,0,0,0,0,0,0,0,0,0,0,0,0,0,0,0,0,0,0,0,0,0,0,0,0,0,0,0,0
20,0,100,0,0,100,0,100,0,0,0,0,0,0,0,0,0,0,0,0,0,0,0,0,0,0,0,0,0,0,0,0,0,0,0,0,0,0,0,0,0,0,0,0,0,0,0,0,0,0,0,0,0,0,0,0,0,0,0,0,0,0,0,0,0,0,0,0,0,0,0,0,0,0,0,0,0,0,0,0,0,0,0,0,0,0,0,0,0,0,0,0
21,0,100,0,0,100,0,100,0,0,0,0,0,0,0,0,0,0,0,0,0,0,0,0,0,0,0,0,0,0,0,0,0,0,0,0,0,0,0,0,0,0,0,0,0,0,0,0,0,0,0,0,0,0,0,0,0,0,0,0,0,0,0,0,0,0,0,0,0,0,0,0,0,0,0,0,0,0,0,0,0,0,0,0,0,0,0,0,0,0,0,0
22,0,100,0,0,100,0,100,0,0,0,0,0,0,816,3,0,0,0,0,816,3,0,0,0,0,0,0,816,3,0,0,0,0,816,3,0,0,0,0,0,0,816,3,0,0,0,0,816,3,0,0,0,0,0,0,816,3,0,0,0,0,816,3,0,0,0,0,0,0,816,3,0,0,0,0,816,3,0,0,0,0,0,0,816,3,0,0,0,0,816,3
23,0,100,0,0,100,0,100,0,0,0,0,0,0,0,0,0,0,0,0,0,0,0,0,0,0,0,0,0,0,0,0,0,0,0,0,0,0,0,0,0,0,0,0,0,0,0,0,0,0,0,0,0,0,0,0,0,0,0,0,0,0,0,0,0,0,0,0,0,0,0,0,0,0,0,0,0,0,0,0,0,0,0,0,0,0,0,0,0,0,0,0
24,50,50,50,0,50,0,100,0,0,0,0,0,0,0,0,0,0,0,0,0,0,0,0,0,0,0,0,0,0,0,0,0,0,0,0,0,0,0,0,0,0,0,0,0,0,0,0,0,0,0,0,0,0,0,0,0,0,0,0,0,0,0,0,0,0,0,0,0,0,0,0,0,0,0,0,0,0,0,0,0,0,0,0,0,0,0,0,0,0,0,0
25,49,51,49,1,50,0,100,0,0,0,0,0,0,0,0,0,0,0,0,0,0,0,0,0,0,0,0,0,0,0,0,0,0,0,0,0,0,0,0,0,0,0,0,0,0,0,0,0,0,0,0,0,0,0,0,0,0,0,0,0,0,0,0,0,0,0,0,0,0,0,0,0,0,0,0,0,0,0,0,0,0,0,0,0,0,0,0,0,0,0,0
26,48,52,48,2,50,0,100,0,0,0,0,0,0,1632,6,0,0,0,0,1632,6,0,0,0,0,0,0,1632,6,0,0,0,0,1632,6,0,0,0,0,0,0,1632,6,0,0,0,0,1632,6,0,0,0,0,0,0,1632,6,0,0,0,0,1632,6,0,0,0,0,0,0,1632,6,0,0,0,0,1632,6,0,0,0,0,0,0,1632,6,0,0,0,0,1632,6
27,47,53,47,0,53,0,100,0,0,0,0,0,0,0,0,0,0,0,0,0,0,0,0,0,0,0,0,0,0,0,0,0,0,0,0,0,0,0,0,0,0,0,0,0,0,0,0,0,0,0,0,0,0,0,0,0,0,0,0,0,0,0,0,0,0,0,0,0,0,0,0,0,0,0,0,0,0,0,0,0,0,0,0,0,0,0,0,0,0,0,0
28,46,54,46,1,53,0,100,0,0,0,0,0,0,0,0,0,0,0,0,0,0,0,0,0,0,0,0,0,0,0,0,0,0,0,0,0,0,0,0,0,0,0,0,0,0,0,0,0,0,0,0,0,0,0,0,0,0,0,0,0,0,0,0,0,0,0,0,0,0,0,0,0,0,0,0,0,0,0,0,0,0,0,0,0,0,0,0,0,0,0,0
29,45,55,45,2,53,0,100,0,0,0,0,0,0,0,0,0,0,0,0,0,0,0,0,0,0,0,0,0,0,0,0,0,0,0,0,0,0,0,0,0,0,0,0,0,0,0,0,0,0,0,0,0,0,0,0,0,0,0,0,0,0,0,0,0,0,0,0,0,0,0,0,0,0,0,0,0,0,0,0,0,0,0,0,0,0,0,0,0,0,0,0
30,44,56,44,3,53,0,100,0,0,0,0,0,0,816,3,0,0,0,0,816,3,0,0,0,0,0,0,816,3,0,0,0,0,816,3,0,0,0,0,0,0,816,3,0,0,0,0,816,3,0,0,0,0,0,0,816,3,0,0,0,0,816,3,0,0,0,0,0,0,816,3,0,0,0,0,816,3,0,0,0,0,0,0,816,3,0,0,0,0,816,3
31,45,55,45,0,55,0,100,0,0,0,0,0,0,0,0,0,0,0,0,0,0,0,0,0,0,0,0,0,0,0,0,0,0,0,0,0,0,0,0,0,0,0,0,0,0,0,0,0,0,0,0,0,0,0,0,0,0,0,0,0,0,0,0,0,0,0,0,0,0,0,0,0,0,0,0,0,0,0,0,0,0,0,0,0,0,0,0,0,0,0,0
32,46,54,46,0,54,0,100,0,0,0,0,0,0,0,0,0,0,0,0,0,0,0,0,0,0,0,0,0,0,0,0,0,0,0,0,0,0,0,0,0,0,0,0,0,0,0,0,0,0,0,0,0,0,0,0,0,0,0,0,0,0,0,0,0,0,0,0,0,0,0,0,0,0,0,0,0,0,0,0,0,0,0,0,0,0,0,0,0,0,0,0
33,45,55,45,1,54,0,100,0,0,0,0,0,0,0,0,0,0,0,0,0,0,0,0,0,0,0,0,0,0,0,0,0,0,0,0,0,0,0,0,0,0,0,0,0,0,0,0,0,0,0,0,0,0,0,0,0,0,0,0,0,0,0,0,0,0,0,0,0,0,0,0,0,0,0,0,0,0,0,0,0,0,0,0,0,0,0,0,0,0,0,0
34,46,54,46,1,53,0,100,0,0,0,0,0,0,1904,7,0,0,0,0,1904,7,0,0,0,0,0,0,1904,7,0,0,0,0,1904,7,0,0,0,0,0,0,1904,7,0,0,0,0,1904,7,0,0,0,0,0,0,1904,7,0,0,0,0,1904,7,0,0,0,0,0,0,1904,7,0,0,0,0,1904,7,0,0,0,0,0,0,1904,7,0,0,0,0,1904,7
35,45,55,45,0,55,0,100,0,0,0,0,0,0,0,0,0,0,0,0,0,0,0,0,0,0,0,0,0,0,0,0,0,0,0,0,0,0,0,0,0,0,0,0,0,0,0,0,0,0,0,0,0,0,0,0,0,0,0,0,0,0,0,0,0,0,0,0,0,0,0,0,0,0,0,0,0,0,0,0,0,0,0,0,0,0,0,0,0,0,0,0
36,44,56,44,1,55,0,100,0,0,0,0,0,0,0,0,0,0,0,0,0,0,0,0,0,0,0,0,0,0,0,0,0,0,0,0,0,0,0,0,0,0,0,0,0,0,0,0,0,0,0,0,0,0,0,0,0,0,0,0,0,0,0,0,0,0,0,0,0,0,0,0,0,0,0,0,0,0,0,0,0,0,0,0,0,0,0,0,0,0,0,0
37,45,55,45,1,54,0,100,0,0,0,0,0,0,80661,1,80661,1,0,0,0,0,0,0,0,0,0,0,80661,1,80661,1,0,0,0,0,0,0,0,0,0,0,80661,1,80661,1,0,0,0,0,0,0,0,0,0,0,80661,1,80661,1,0,0,0,0,0,0,0,0,0,0,80661,1,80661,1,0,0,0,0,0,0,0,0,0,0,80661,1,80661,1,0,0,0,0
38,46,54,46,1,53,0,100,0,0,0,0,0,0,81649,6,0,0,80289,1,1360,5,0,0,0,0,0,0,81649,6,0,0,80289,1,1360,5,0,0,0,0,0,0,81649,6,0,0,80289,1,1360,5,0,0,0,0,0,0,81649,6,0,0,80289,1,1360,5,0,0,0,0,0,0,81649,6,0,0,80289,1,1360,5,0,0,0,0,0,0,81649,6,0,0,80289,1,1360,5
39,45,55,45,0,55,0,100,0,0,0,0,0,0,0,0,0,0,0,0,0,0,0,0,0,0,0,0,0,0,0,0,0,0,0,0,0,0,0,0,0,0,0,0,0,0,0,0,0,0,0,0,0,0,0,0,0,0,0,0,0,0,0,0,0,0,0,0,0,0,0,0,0,0,0,0,0,0,0,0,0,0,0,0,0,0,0,0,0,0,0,0
40,44,56,44,1,55,0,100,0,0,0,0,0,0,0,0,0,0,0,0,0,0,0,0,0,0,0,0,0,0,0,0,0,0,0,0,0,0,0,0,0,0,0,0,0,0,0,0,0,0,0,0,0,0,0,0,0,0,0,0,0,0,0,0,0,0,0,0,0,0,0,0,0,0,0,0,0,0,0,0,0,0,0,0,0,0,0,0,0,0,0,0
41,43,57,43,2,55,0,100,0,0,0,0,0,0,0,0,0,0,0,0,0,0,0,0,0,0,0,0,0,0,0,0,0,0,0,0,0,0,0,0,0,0,0,0,0,0,0,0,0,0,0,0,0,0,0,0,0,0,0,0,0,0,0,0,0,0,0,0,0,0,0,0,0,0,0,0,0,0,0,0,0,0,0,0,0,0,0,0,0,0,0,0
42,42,58,42,3,55,0,100,0,0,0,0,0,0,1632,6,0,0,0,0,1632,6,0,0,0,0,0,0,1632,6,0,0,0,0,1632,6,0,0,0,0,0,0,1632,6,0,0,0,0,1632,6,0,0,0,0,0,0,1632,6,0,0,0,0,1632,6,0,0,0,0,0,0,1632,6,0,0,0,0,1632,6,0,0,0,0,0,0,1632,6,0,0,0,0,1632,6
43,41,59,41,0,59,0,100,0,0,0,0,0,0,0,0,0,0,0,0,0,0,0,0,0,0,0,0,0,0,0,0,0,0,0,0,0,0,0,0,0,0,0,0,0,0,0,0,0,0,0,0,0,0,0,0,0,0,0,0,0,0,0,0,0,0,0,0,0,0,0,0,0,0,0,0,0,0,0,0,0,0,0,0,0,0,0,0,0,0,0,0
44,40,60,40,1,59,0,100,0,0,0,0,0,0,0,0,0,0,0,0,0,0,0,0,0,0,0,0,0,0,0,0,0,0,0,0,0,0,0,0,0,0,0,0,0,0,0,0,0,0,0,0,0,0,0,0,0,0,0,0,0,0,0,0,0,0,0,0,0,0,0,0,0,0,0,0,0,0,0,0,0,0,0,0,0,0,0,0,0,0,0,0
45,41,59,41,1,58,0,100,0,0,0,0,0,0,0,0,0,0,0,0,0,0,0,0,0,0,0,0,0,0,0,0,0,0,0,0,0,0,0,0,0,0,0,0,0,0,0,0,0,0,0,0,0,0,0,0,0,0,0,0,0,0,0,0,0,0,0,0,0,0,0,0,0,0,0,0,0,0,0,0,0,0,0,0,0,0,0,0,0,0,0,0
46,42,58,42,1,57,0,100,0,0,0,0,0,0,2176,8,0,0,0,0,2176,8,1,9,1,9,0,0,2176,8,0,0,0,0,2176,8,0,0,0,0,0,0,2176,8,0,0,0,0,2176,8,1,9,1,9,0,0,2176,8,0,0,0,0,2176,8,1,9,1,9,0,0,2176,8,0,0,0,0,2176,8,1,9,1,9,0,0,2176,8,0,0,0,0,2176,8
47,41,59,41,0,59,0,100,0,0,0,0,0,0,0,0,0,0,0,0,0,0,1,9,1,9,0,0,0,0,0,0,0,0,0,0,0,0,0,0,0,0,0,0,0,0,0,0,0,0,1,9,1,9,0,0,0,0,0,0,0,0,0,0,1,9,1,9,0,0,0,0,0,0,0,0,0,0,1,9,1,9,0,0,0,0,0,0,0,0,0,0
48,42,58,42,0,58,0,100,0,0,0,0,0,0,0,0,0,0,0,0,0,0,1,9,1,9,0,0,0,0,0,0,0,0,0,0,0,0,0,0,0,0,0,0,0,0,0,0,0,0,1,9,1,9,0,0,0,0,0,0,0,0,0,0,1,9,1,9,0,0,0,0,0,0,0,0,0,0,1,9,1,9,0,0,0,0,0,0,0,0,0,0
49,41,59,41,1,58,0,100,0,0,0,0,0,0,0,0,0,0,0,0,0,0,1,9,1,9,0,0,0,0,0,0,0,0,0,0,0,0,0,0,0,0,0,0,0,0,0,0,0,0,1,9,1,9,0,0,0,0,0,0,0,0,0,0,1,9,1,9,0,0,0,0,0,0,0,0,0,0,1,9,1,9,0,0,0,0,0,0,0,0,0,0
50,42,58,42,1,57,0,100,0,0,0,0,0,0,1360,5,0,0,0,0,1360,5,1,9,1,9,0,0,1360,5,0,0,0,0,1360,5,0,0,0,0,0,0,1360,5,0,0,0,0,1360,5,1,9,1,9,0,0,1360,5,0,0,0,0,1360,5,1,9,1,9,0,0,1360,5,0,0,0,0,1360,5,1,9,1,9,0,0,1360,5,0,0,0,0,1360,5
51,41,59,41,0,59,0,100,0,0,0,0,0,0,0,0,0,0,0,0,0,0,1,9,1,9,0,0,0,0,0,0,0,0,0,0,0,0,0,0,0,0,0,0,0,0,0,0,0,0,1,9,1,9,0,0,0,0,0,0,0,0,0,0,1,9,1,9,0,0,0,0,0,0,0,0,0,0,1,9,1,9,0,0,0,0,0,0,0,0,0,0
52,42,58,42,0,58,0,100,0,0,0,0,0,0,0,0,0,0,0,0,0,0,1,9,1,9,0,0,0,0,0,0,0,0,0,0,0,0,0,0,0,0,0,0,0,0,0,0,0,0,1,9,1,9,0,0,0,0,0,0,0,0,0,0,1,9,1,9,0,0,0,0,0,0,0,0,0,0,1,9,1,9,0,0,0,0,0,0,0,0,0,0
53,41,59,41,1,58,0,100,0,0,0,0,0,0,0,0,0,0,0,0,0,0,1,9,1,9,0,0,0,0,0,0,0,0,0,0,0,0,0,0,0,0,0,0,0,0,0,0,0,0,1,9,1,9,0,0,0,0,0,0,0,0,0,0,1,9,1,9,0,0,0,0,0,0,0,0,0,0,1,9,1,9,0,0,0,0,0,0,0,0,0,0
54,40,60,40,2,58,0,100,0,0,0,0,0,0,1904,7,0,0,0,0,1904,7,1,9,1,9,0,0,1904,7,0,0,0,0,1904,7,0,0,0,0,0,0,1904,7,0,0,0,0,1904,7,1,9,1,9,0,0,1904,7,0,0,0,0,1904,7,1,9,1,9,0,0,1904,7,0,0,0,0,1904,7,1,9,1,9,0,0,1904,7,0,0,0,0,1904,7
55,39,61,39,0,61,0,100,0,0,0,0,0,0,0,0,0,0,0,0,0,0,1,9,1,9,0,0,0,0,0,0,0,0,0,0,0,0,0,0,0,0,0,0,0,0,0,0,0,0,1,9,1,9,0,0,0,0,0,0,0,0,0,0,1,9,1,9,0,0,0,0,0,0,0,0,0,0,1,9,1,9,0,0,0,0,0,0,0,0,0,0
56,38,62,38,1,61,0,100,0,0,0,0,0,0,0,0,0,0,0,0,0,0,1,9,1,9,0,0,0,0,0,0,0,0,0,0,0,0,0,0,0,0,0,0,0,0,0,0,0,0,1,9,1,9,0,0,0,0,0,0,0,0,0,0,1,9,1,9,0,0,0,0,0,0,0,0,0,0,1,9,1,9,0,0,0,0,0,0,0,0,0,0
57,39,61,39,1,60,0,100,0,0,0,0,0,0,0,0,0,0,0,0,0,0,1,9,1,9,0,0,0,0,0,0,0,0,0,0,0,0,0,0,0,0,0,0,0,0,0,0,0,0,1,9,1,9,0,0,0,0,0,0,0,0,0,0,1,9,1,9,0,0,0,0,0,0,0,0,0,0,1,9,1,9,0,0,0,0,0,0,0,0,0,0
58,40,60,40,1,59,0,100,0,0,0,0,0,0,2176,8,0,0,0,0,2176,8,1,9,1,9,0,0,2176,8,0,0,0,0,2176,8,1,9,1,9,0,0,2176,8,0,0,0,0,2176,8,1,9,1,9,0,0,2176,8,0,0,0,0,2176,8,1,9,1,9,0,0,2176,8,0,0,0,0,2176,8,1,9,1,9,0,0,2176,8,0,0,0,0,2176,8
59,39,61,39,0,61,0,100,0,0,0,0,0,0,0,0,0,0,0,0,0,0,1,9,1,9,0,0,0,0,0,0,0,0,0,0,1,9,1,9,0,0,0,0,0,0,0,0,0,0,1,9,1,9,0,0,0,0,0,0,0,0,0,0,1,9,1,9,0,0,0,0,0,0,0,0,0,0,1,9,1,9,0,0,0,0,0,0,0,0,0,0
60,40,60,40,0,60,0,100,0,0,0,0,0,0,0,0,0,0,0,0,0,0,1,9,1,9,0,0,0,0,0,0,0,0,0,0,1,9,1,9,0,0,0,0,0,0,0,0,0,0,1,9,1,9,0,0,0,0,0,0,0,0,0,0,1,9,1,9,0,0,0,0,0,0,0,0,0,0,1,9,1,9,0,0,0,0,0,0,0,0,0,0
61,41,59,41,0,59,0,100,0,0,0,0,0,0,0,0,0,0,0,0,0,0,1,9,1,9,0,0,0,0,0,0,0,0,0,0,1,9,1,9,0,0,0,0,0,0,0,0,0,0,1,9,1,9,0,0,0,0,0,0,0,0,0,0,1,9,1,9,0,0,0,0,0,0,0,0,0,0,1,9,1,9,0,0,0,0,0,0,0,0,0,0
62,40,60,40,1,59,0,100,0,0,0,0,0,0,1904,7,0,0,0,0,1904,7,1,9,1,9,0,0,1904,7,0,0,0,0,1904,7,1,9,1,9,0,0,1904,7,0,0,0,0,1904,7,1,9,1,9,0,0,1904,7,0,0,0,0,1904,7,1,9,1,9,0,0,1904,7,0,0,0,0,1904,7,1,9,1,9,0,0,1904,7,0,0,0,0,1904,7
63,41,59,41,0,59,0,100,0,0,0,0,0,0,0,0,0,0,0,0,0,0,1,9,1,9,0,0,0,0,0,0,0,0,0,0,1,9,1,9,0,0,0,0,0,0,0,0,0,0,1,9,1,9,0,0,0,0,0,0,0,0,0,0,1,9,1,9,0,0,0,0,0,0,0,0,0,0,1,9,1,9,0,0,0,0,0,0,0,0,0,0
64,42,58,42,0,58,0,100,0,0,0,0,0,0,0,0,0,0,0,0,0,0,1,9,1,9,0,0,0,0,0,0,0,0,0,0,1,9,1,9,0,0,0,0,0,0,0,0,0,0,1,9,1,9,0,0,0,0,0,0,0,0,0,0,1,9,1,9,0,0,0,0,0,0,0,0,0,0,1,9,1,9,0,0,0,0,0,0,0,0,0,0
65,38,62,38,4,58,0,100,0,0,0,0,0,0,0,0,0,0,0,0,0,0,1,9,1,9,0,0,0,0,0,0,0,0,0,0,1,9,1,9,0,0,0,0,0,0,0,0,0,0,1,9,1,9,0,0,0,0,0,0,0,0,0,0,1,9,1,9,0,0,0,0,0,0,0,0,0,0,1,9,1,9,0,0,0,0,0,0,0,0,0,0
66,11,89,11,31,58,0,100,0,0,0,0,0,0,1632,6,0,0,0,0,1632,6,1,9,1,9,0,0,1632,6,0,0,0,0,1632,6,1,9,1,9,0,0,1632,6,0,0,0,0,1632,6,1,9,1,9,0,0,1632,6,0,0,0,0,1632,6,1,9,1,9,0,0,1632,6,0,0,0,0,1632,6,1,9,1,9,0,0,1632,6,0,0,0,0,1632,6
67,14,86,14,0,86,0,100,0,0,0,0,0,0,0,0,0,0,0,0,0,0,1,9,1,9,0,0,0,0,0,0,0,0,0,0,1,9,1,9,0,0,0,0,0,0,0,0,0,0,1,9,1,9,0,0,0,0,0,0,0,0,0,0,1,9,1,9,0,0,0,0,0,0,0,0,0,0,1,9,1,9,0,0,0,0,0,0,0,0,0,0
68,71,29,71,0,29,0,100,0,0,0,0,0,0,0,0,0,0,0,0,0,0,1,9,1,9,0,0,0,0,0,0,0,0,0,0,1,9,1,9,0,0,0,0,0,0,0,0,0,0,1,9,1,9,0,0,0,0,0,0,0,0,0,0,1,9,1,9,0,0,0,0,0,0,0,0,0,0,1,9,1,9,0,0,0,0,0,0,0,0,0,0
69,50,50,50,21,29,0,100,0,0,0,0,0,0,0,0,0,0,0,0,0,0,1,9,1,9,0,0,0,0,0,0,0,0,0,0,1,9,1,9,0,0,0,0,0,0,0,0,0,0,1,9,1,9,0,0,0,0,0,0,0,0,0,0,1,9,1,9,0,0,0,0,0,0,0,0,0,0,1,9,1,9,0,0,0,0,0,0,0,0,0,0
70,45,55,45,26,29,0,100,0,0,0,0,0,0,1360,5,0,0,0,0,1360,5,1,9,1,9,0,0,1360,5,0,0,0,0,1360,5,1,9,1,9,0,0,1360,5,0,0,0,0,1360,5,1,9,1,9,0,0,1360,5,0,0,0,0,1360,5,1,9,1,9,0,0,1360,5,0,0,0,0,1360,5,1,9,1,9,0,0,1360,5,0,0,0,0,1360,5
71,34,66,34,0,66,0,100,0,0,0,0,0,0,0,0,0,0,0,0,0,0,1,9,1,9,0,0,0,0,0,0,0,0,0,0,1,9,1,9,0,0,0,0,0,0,0,0,0,0,1,9,1,9,0,0,0,0,0,0,0,0,0,0,1,9,1,9,0,0,0,0,0,0,0,0,0,0,1,9,1,9,0,0,0,0,0,0,0,0,0,0
72,85,15,85,0,15,0,100,0,0,0,0,0,0,0,0,0,0,0,0,0,0,1,9,1,9,0,0,0,0,0,0,0,0,0,0,1,9,1,9,0,0,0,0,0,0,0,0,0,0,1,9,1,9,0,0,0,0,0,0,0,0,0,0,1,9,1,9,0,0,0,0,0,0,0,0,0,0,1,9,1,9,0,0,0,0,0,0,0,0,0,0
73,56,44,56,29,15,0,100,0,0,0,0,0,0,0,0,0,0,0,0,0,0,1,9,1,9,0,0,0,0,0,0,0,0,0,0,1,9,1,9,0,0,0,0,0,0,0,0,0,0,1,9,1,9,0,0,0,0,0,0,0,0,0,0,1,9,1,9,0,0,0,0,0,0,0,0,0,0,1,9,1,9,0,0,0,0,0,0,0,0,0,0
74,13,87,13,72,15,0,100,0,0,0,0,0,0,816,3,0,0,0,0,816,3,1,9,1,9,0,0,816,3,0,0,0,0,816,3,1,9,1,9,0,0,816,3,0,0,0,0,816,3,1,9,1,9,0,0,816,3,0,0,0,0,816,3,1,9,1,9,0,0,816,3,0,0,0,0,816,3,1,9,1,9,0,0,816,3,0,0,0,0,816,3
75,36,64,36,0,64,0,100,0,0,0,0,0,0,0,0,0,0,0,0,0,0,1,9,1,9,0,0,0,0,0,0,0,0,0,0,1,9,1,9,0,0,0,0,0,0,0,0,0,0,1,9,1,9,0,0,0,0,0,0,0,0,0,0,1,9,1,9,0,0,0,0,0,0,0,0,0,0,1,9,1,9,0,0,0,0,0,0,0,0,0,0
76,54,46,54,0,46,0,100,0,0,0,0,0,0,0,0,0,0,0,0,0,0,1,9,1,9,0,0,0,0,0,0,0,0,0,0,1,9,1,9,0,0,0,0,0,0,0,0,0,0,1,9,1,9,0,0,0,0,0,0,0,0,0,0,1,9,1,9,0,0,0,0,0,0,0,0,0,0,1,9,1,9,0,0,0,0,0,0,0,0,0,0
77,64,36,64,0,36,0,100,0,0,0,0,0,0,0,0,0,0,0,0,0,0,1,9,1,9,0,0,0,0,0,0,0,0,0,0,1,9,1,9,0,0,0,0,0,0,0,0,0,0,1,9,1,9,0,0,0,0,0,0,0,0,0,0,1,9,1,9,0,0,0,0,0,0,0,0,0,0,1,9,1,9,0,0,0,0,0,0,0,0,0,0
78,45,55,45,19,36,0,100,0,0,0,0,0,0,1360,5,0,0,0,0,1360,5,1,9,1,9,0,0,1360,5,0,0,0,0,1360,5,1,9,1,9,0,0,1360,5,0,0,0,0,1360,5,1,9,1,9,0,0,1360,5,0,0,0,0,1360,5,1,9,1,9,0,0,1360,5,0,0,0,0,1360,5,1,9,1,9,0,0,1360,5,0,0,0,0,1360,5
79,14,86,14,0,86,0,100,1,9,0,0,1,9,0,0,0,0,0,0,0,0,1,9,1,9,1,9,0,0,0,0,0,0,0,0,1,9,1,9,0,0,0,0,0,0,0,0,0,0,1,9,1,9,1,9,0,0,0,0,0,0,0,0,1,9,1,9,1,9,0,0,0,0,0,0,0,0,1,9,1,9,1,9,0,0,0,0,0,0,0,0
80,48,52,48,0,52,0,100,1,9,0,0,1,9,0,0,0,0,0,0,0,0,1,9,1,9,1,9,0,0,0,0,0,0,0,0,1,9,1,9,0,0,0,0,0,0,0,0,0,0,1,9,1,9,1,9,0,0,0,0,0,0,0,0,1,9,1,9,1,9,0,0,0,0,0,0,0,0,1,9,1,9,1,9,0,0,0,0,0,0,0,0
81,64,36,64,0,36,0,100,1,9,0,0,1,9,0,0,0,0,0,0,0,0,1,9,1,9,1,9,0,0,0,0,0,0,0,0,1,9,1,9,0,0,0,0,0,0,0,0,0,0,1,9,1,9,1,9,0,0,0,0,0,0,0,0,1,9,1,9,1,9,0,0,0,0,0,0,0,0,1,9,1,9,1,9,0,0,0,0,0,0,0,0
82,67,33,67,0,33,0,100,1,9,0,0,1,9,1088,4,0,0,0,0,1088,4,1,9,1,9,1,9,1088,4,0,0,0,0,1088,4,1,9,1,9,0,0,1088,4,0,0,0,0,1088,4,1,9,1,9,1,9,1088,4,0,0,0,0,1088,4,1,9,1,9,1,9,1088,4,0,0,0,0,1088,4,1,9,1,9,1,9,1088,4,0,0,0,0,1088,4
83,22,78,22,0,78,0,100,1,9,0,0,1,9,0,0,0,0,0,0,0,0,1,9,1,9,1,9,0,0,0,0,0,0,0,0,1,9,1,9,1,9,0,0,0,0,0,0,0,0,1,9,1,9,1,9,0,0,0,0,0,0,0,0,1,9,1,9,1,9,0,0,0,0,0,0,0,0,1,9,1,9,1,9,0,0,0,0,0,0,0,0
84,26,74,26,0,74,0,100,1,9,0,0,1,9,0,0,0,0,0,0,0,0,1,9,1,9,1,9,0,0,0,0,0,0,0,0,1,9,1,9,1,9,0,0,0,0,0,0,0,0,1,9,1,9,1,9,0,0,0,0,0,0,0,0,1,9,1,9,1,9,0,0,0,0,0,0,0,0,1,9,1,9,1,9,0,0,0,0,0,0,0,0
85,60,40,60,0,40,0,100,1,9,0,0,1,9,0,0,0,0,0,0,0,0,1,9,1,9,1,9,0,0,0,0,0,0,0,0,1,9,1,9,1,9,0,0,0,0,0,0,0,0,1,9,1,9,1,9,0,0,0,0,0,0,0,0,1,9,1,9,1,9,0,0,0,0,0,0,0,0,1,9,1,9,1,9,0,0,0,0,0,0,0,0
86,53,47,53,7,40,0,100,1,9,0,0,1,9,1360,5,0,0,0,0,1360,5,1,9,1,9,1,9,1360,5,0,0,0,0,1360,5,1,9,1,9,1,9,1360,5,0,0,0,0,1360,5,1,9,1,9,1,9,1360,5,0,0,0,0,1360,5,1,9,1,9,1,9,1360,5,0,0,0,0,1360,5,1,9,1,9,1,9,1360,5,0,0,0,0,1360,5
87,76,24,76,0,24,0,100,1,9,0,0,1,9,0,0,0,0,0,0,0,0,1,9,1,9,1,9,0,0,0,0,0,0,0,0,1,9,1,9,1,9,0,0,0,0,0,0,0,0,1,9,1,9,1,9,0,0,0,0,0,0,0,0,1,9,1,9,1,9,0,0,0,0,0,0,0,0,1,9,1,9,1,9,0,0,0,0,0,0,0,0
88,17,83,17,59,24,0,100,1,9,0,0,1,9,0,0,0,0,0,0,0,0,1,9,1,9,1,9,0,0,0,0,0,0,0,0,1,9,1,9,1,9,0,0,0,0,0,0,0,0,1,9,1,9,1,9,0,0,0,0,0,0,0,0,1,9,1,9,1,9,0,0,0,0,0,0,0,0,1,9,1,9,1,9,0,0,0,0,0,0,0,0
89,49,51,49,38,13,0,100,1,9,0,0,1,9,0,0,0,0,0,0,0,0,1,9,1,9,1,9,0,0,0,0,0,0,0,0,1,9,1,9,1,9,0,0,0,0,0,0,0,0,1,9,1,9,1,9,0,0,0,0,0,0,0,0,1,9,1,9,1,9,0,0,0,0,0,0,0,0,1,9,1,9,1,9,0,0,0,0,0,0,0,0
90,78,22,78,17,5,0,100,1,9,0,0,1,9,272,1,0,0,0,0,272,1,1,9,1,9,1,9,272,1,0,0,0,0,272,1,1,9,1,9,1,9,272,1,0,0,0,0,272,1,1,9,1,9,1,9,272,1,0,0,0,0,272,1,1,9,1,9,1,9,272,1,0,0,0,0,272,1,1,9,1,9,1,9,272,1,0,0,0,0,272,1
91,46,54,46,0,54,0,100,1,9,0,0,1,9,0,0,0,0,0,0,0,0,1,9,1,9,1,9,0,0,0,0,0,0,0,0,1,9,1,9,1,9,0,0,0,0,0,0,0,0,1,9,1,9,1,9,0,0,0,0,0,0,0,0,1,9,1,9,1,9,0,0,0,0,0,0,0,0,1,9,1,9,1,9,0,0,0,0,0,0,0,0
92,21,79,21,25,54,0,100,1,9,0,0,1,9,0,0,0,0,0,0,0,0,1,9,1,9,1,9,0,0,0,0,0,0,0,0,1,9,1,9,1,9,0,0,0,0,0,0,0,0,1,9,1,9,1,9,0,0,0,0,0,0,0,0,1,9,1,9,1,9,0,0,0,0,0,0,0,0,1,9,1,9,1,9,0,0,0,0,0,0,0,0
93,14,86,14,32,54,0,100,1,9,0,0,1,9,0,0,0,0,0,0,0,0,1,9,1,9,1,9,0,0,0,0,0,0,0,0,1,9,1,9,1,9,0,0,0,0,0,0,0,0,1,9,1,9,1,9,0,0,0,0,0,0,0,0,1,9,1,9,1,9,0,0,0,0,0,0,0,0,1,9,1,9,1,9,0,0,0,0,0,0,0,0
94,47,53,47,19,34,0,100,1,9,0,0,1,9,1904,7,0,0,0,0,1904,7,1,9,1,9,1,9,1904,7,0,0,0,0,1904,7,1,9,1,9,1,9,1904,7,0,0,0,0,1904,7,1,9,1,9,1,9,1904,7,0,0,0,0,1904,7,1,9,1,9,1,9,1904,7,0,0,0,0,1904,7,1,9,1,9,1,9,1904,7,0,0,0,0,1904,7
95,26,74,26,0,74,0,100,1,9,0,0,1,9,0,0,0,0,0,0,0,0,1,9,1,9,1,9,0,0,0,0,0,0,0,0,1,9,1,9,1,9,0,0,0,0,0,0,0,0,1,9,1,9,1,9,0,0,0,0,0,0,0,0,1,9,1,9,1,9,0,0,0,0,0,0,0,0,1,9,1,9,1,9,0,0,0,0,0,0,0,0
96,54,46,54,0,46,0,100,1,9,0,0,1,9,0,0,0,0,0,0,0,0,1,9,1,9,1,9,0,0,0,0,0,0,0,0,1,9,1,9,1,9,0,0,0,0,0,0,0,0,1,9,1,9,1,9,0,0,0,0,0,0,0,0,1,9,1,9,1,9,0,0,0,0,0,0,0,0,1,9,1,9,1,9,0,0,0,0,0,0,0,0
97,37,63,37,17,46,0,100,1,9,0,0,1,9,0,0,0,0,0,0,0,0,1,9,1,9,1,9,0,0,0,0,0,0,0,0,1,9,1,9,1,9,0,0,0,0,0,0,0,0,1,9,1,9,1,9,0,0,0,0,0,0,0,0,1,9,1,9,1,9,0,0,0,0,0,0,0,0,1,9,1,9,1,9,0,0,0,0,0,0,0,0
98,89,11,89,3,8,0,100,1,9,0,0,1,9,816,3,0,0,0,0,816,3,1,9,1,9,1,9,816,3,0,0,0,0,816,3,1,9,1,9,1,9,816,3,0,0,0,0,816,3,1,9,1,9,1,9,816,3,0,0,0,0,816,3,1,9,1,9,1,9,816,3,0,0,0,0,816,3,1,9,1,9,1,9,816,3,0,0,0,0,816,3
99,87,13,87,0,13,0,100,1,9,0,0,1,9,0,0,0,0,0,0,0,0,1,9,1,9,1,9,0,0,0,0,0,0,0,0,1,9,1,9,1,9,0,0,0,0,0,0,0,0,1,9,1,9,1,9,0,0,0,0,0,0,0,0,1,9,1,9,1,9,0,0,0,0,0,0,0,0,1,9,1,9,1,9,0,0,0,0,0,0,0,0
100,84,16,84,3,13,0,100,1,9,0,0,1,9,0,0,0,0,0,0,0,0,1,9,1,9,1,9,0,0,0,0,0,0,0,0,1,9,1,9,1,9,0,0,0,0,0,0,0,0,1,9,1,9,1,9,0,0,0,0,0,0,0,0,1,9,1,9,1,9,0,0,0,0,0,0,0,0,1,9,1,9,1,9,0,0,0,0,0,0,0,0
101,26,74,26,61,13,0,100,1,9,0,0,1,9,0,0,0,0,0,0,0,0,1,9,1,9,1,9,0,0,0,0,0,0,0,0,1,9,1,9,1,9,0,0,0,0,0,0,0,0,1,9,1,9,1,9,0,0,0,0,0,0,0,0,1,9,1,9,1,9,0,0,0,0,0,0,0,0,1,9,1,9,1,9,0,0,0,0,0,0,0,0
102,69,31,69,26,5,0,100,1,9,0,0,1,9,272,1,0,0,0,0,272,1,1,9,1,9,1,9,272,1,0,0,0,0,272,1,1,9,1,9,1,9,272,1,0,0,0,0,272,1,1,9,1,9,1,9,272,1,0,0,0,0,272,1,1,9,1,9,1,9,272,1,0,0,0,0,272,1,1,9,1,9,1,9,272,1,0,0,0,0,272,1
103,86,14,86,0,14,0,100,1,9,0,0,1,9,0,0,0,0,0,0,0,0,1,9,1,9,1,9,0,0,0,0,0,0,0,0,1,9,1,9,1,9,0,0,0,0,0,0,0,0,1,9,1,9,1,9,0,0,0,0,0,0,0,0,1,9,1,9,1,9,0,0,0,0,0,0,0,0,1,9,1,9,1,9,0,0,0,0,0,0,0,0
104,20,80,20,66,14,0,100,1,9,0,0,1,9,0,0,0,0,0,0,0,0,1,9,1,9,1,9,0,0,0,0,0,0,0,0,1,9,1,9,1,9,0,0,0,0,0,0,0,0,1,9,1,9,1,9,0,0,0,0,0,0,0,0,1,9,1,9,1,9,0,0,0,0,0,0,0,0,1,9,1,9,1,9,0,0,0,0,0,0,0,0
105,19,81,19,67,14,0,100,1,9,0,0,1,9,0,0,0,0,0,0,0,0,1,9,1,9,1,9,0,0,0,0,0,0,0,0,1,9,1,9,1,9,0,0,0,0,0,0,0,0,1,9,1,9,1,9,0,0,0,0,0,0,0,0,1,9,1,9,1,9,0,0,0,0,0,0,0,0,1,9,1,9,1,9,0,0,0,0,0,0,0,0
106,20,80,20,66,14,0,100,1,9,0,0,1,9,816,3,0,0,0,0,816,3,1,9,1,9,1,9,816,3,0,0,0,0,816,3,1,9,1,9,1,9,816,3,0,0,0,0,816,3,1,9,1,9,1,9,816,3,0,0,0,0,816,3,1,9,1,9,1,9,816,3,0,0,0,0,816,3,1,9,1,9,1,9,816,3,0,0,0,0,816,3
107,19,81,19,0,81,0,100,1,9,0,0,1,9,0,0,0,0,0,0,0,0,1,9,1,9,1,9,0,0,0,0,0,0,0,0,1,9,1,9,1,9,0,0,0,0,0,0,0,0,1,9,1,9,1,9,0,0,0,0,0,0,0,0,1,9,1,9,1,9,0,0,0,0,0,0,0,0,1,9,1,9,1,9,0,0,0,0,0,0,0,0
108,20,80,20,0,80,0,100,1,9,0,0,1,9,0,0,0,0,0,0,0,0,1,9,1,9,1,9,0,0,0,0,0,0,0,0,1,9,1,9,1,9,0,0,0,0,0,0,0,0,1,9,1,9,1,9,0,0,0,0,0,0,0,0,1,9,1,9,1,9,0,0,0,0,0,0,0,0,1,9,1,9,1,9,0,0,0,0,0,0,0,0
109,19,81,19,1,80,0,100,1,9,0,0,1,9,0,0,0,0,0,0,0,0,1,9,1,9,1,9,0,0,0,0,0,0,0,0,1,9,1,9,1,9,0,0,0,0,0,0,0,0,1,9,1,9,1,9,0,0,0,0,0,0,0,0,1,9,1,9,1,9,0,0,0,0,0,0,0,0,1,9,1,9,1,9,0,0,0,0,0,0,0,0
110,18,82,18,2,80,0,100,1,9,1,9,1,9,2176,8,0,0,0,0,2176,8,1,9,1,9,1,9,2176,8,0,0,0,0,2176,8,1,9,1,9,1,9,2176,8,0,0,0,0,2176,8,1,9,1,9,1,9,2176,8,0,0,0,0,2176,8,1,9,1,9,1,9,2176,8,0,0,0,0,2176,8,1,9,1,9,1,9,2176,8,0,0,0,0,2176,8
111,19,81,19,0,81,0,100,1,9,1,9,1,9,0,0,0,0,0,0,0,0,1,9,1,9,1,9,0,0,0,0,0,0,0,0,1,9,1,9,1,9,0,0,0,0,0,0,0,0,1,9,1,9,1,9,0,0,0,0,0,0,0,0,1,9,1,9,1,9,0,0,0,0,0,0,0,0,1,9,1,9,1,9,0,0,0,0,0,0,0,0
112,18,82,18,1,81,0,100,1,9,1,9,1,9,0,0,0,0,0,0,0,0,1,9,1,9,1,9,0,0,0,0,0,0,0,0,1,9,1,9,1,9,0,0,0,0,0,0,0,0,1,9,1,9,1,9,0,0,0,0,0,0,0,0,1,9,1,9,1,9,0,0,0,0,0,0,0,0,1,9,1,9,1,9,0,0,0,0,0,0,0,0
113,17,83,17,2,81,0,100,1,9,1,9,1,9,0,0,0,0,0,0,0,0,1,9,1,9,1,9,0,0,0,0,0,0,0,0,1,9,1,9,1,9,0,0,0,0,0,0,0,0,1,9,1,9,1,9,0,0,0,0,0,0,0,0,1,9,1,9,1,9,0,0,0,0,0,0,0,0,1,9,1,9,1,9,0,0,0,0,0,0,0,0
114,18,82,18,2,80,0,100,1,9,1,9,1,9,2720,10,0,0,0,0,2720,10,1,9,1,9,1,9,2720,10,0,0,0,0,2720,10,1,9,1,9,1,9,2720,10,0,0,0,0,2720,10,1,9,1,9,1,9,2720,10,0,0,0,0,2720,10,1,9,1,9,1,9,2720,10,0,0,0,0,2720,10,1,9,1,9,1,9,2720,10,0,0,0,0,2720,10
115,19,81,19,0,81,0,100,1,9,1,9,1,9,0,0,0,0,0,0,0,0,1,9,1,9,1,9,0,0,0,0,0,0,0,0,1,9,1,9,1,9,0,0,0,0,0,0,0,0,1,9,1,9,1,9,0,0,0,0,0,0,0,0,1,9,1,9,1,9,0,0,0,0,0,0,0,0,1,9,1,9,1,9,0,0,0,0,0,0,0,0
116,20,80,20,0,80,0,100,1,9,1,9,1,9,0,0,0,0,0,0,0,0,1,9,1,9,1,9,0,0,0,0,0,0,0,0,1,9,1,9,1,9,0,0,0,0,0,0,0,0,1,9,1,9,1,9,0,0,0,0,0,0,0,0,1,9,1,9,1,9,0,0,0,0,0,0,0,0,1,9,1,9,1,9,0,0,0,0,0,0,0,0
117,21,79,21,0,79,0,100,1,9,1,9,1,9,0,0,0,0,0,0,0,0,1,9,1,9,1,9,0,0,0,0,0,0,0,0,1,9,1,9,1,9,0,0,0,0,0,0,0,0,1,9,1,9,1,9,0,0,0,0,0,0,0,0,1,9,1,9,1,9,0,0,0,0,0,0,0,0,1,9,1,9,1,9,0,0,0,0,0,0,0,0
118,22,78,22,0,78,0,100,1,9,1,9,1,9,1904,7,0,0,0,0,1904,7,1,9,1,9,1,9,1904,7,0,0,0,0,1904,7,1,9,1,9,1,9,1904,7,0,0,0,0,1904,7,1,9,1,9,1,9,1904,7,0,0,0,0,1904,7,1,9,1,9,1,9,1904,7,0,0,0,0,1904,7,1,9,1,9,1,9,1904,7,0,0,0,0,1904,7
119,21,79,21,0,79,0,100,1,9,1,9,1,9,0,0,0,0,0,0,0,0,1,9,1,9,1,9,0,0,0,0,0,0,0,0,1,9,1,9,1,9,0,0,0,0,0,0,0,0,1,9,1,9,1,9,0,0,0,0,0,0,0,0,1,9,1,9,1,9,0,0,0,0,0,0,0,0,1,9,1,9,1,9,0,0,0,0,0,0,0,0
120,20,80,20,1,79,0,100,1,9,1,9,1,9,0,0,0,0,0,0,0,0,1,9,1,9,1,9,0,0,0,0,0,0,0,0,1,9,1,9,1,9,0,0,0,0,0,0,0,0,1,9,1,9,1,9,0,0,0,0,0,0,0,0,1,9,1,9,1,9,0,0,0,0,0,0,0,0,1,9,1,9,1,9,0,0,0,0,0,0,0,0
121,21,79,21,1,78,0,100,1,9,1,9,1,9,80662,1,80662,1,0,0,0,0,1,9,1,9,1,9,80662,1,80662,1,0,0,0,0,1,9,1,9,1,9,80662,1,80662,1,0,0,0,0,1,9,1,9,1,9,80662,1,80662,1,0,0,0,0,1,9,1,9,1,9,80662,1,80662,1,0,0,0,0,1,9,1,9,1,9,80662,1,80662,1,0,0,0,0
122,20,80,20,2,78,0,100,1,9,1,9,1,9,80834,3,0,0,80290,1,544,2,1,9,1,9,1,9,80834,3,0,0,80290,1,544,2,1,9,1,9,1,9,80834,3,0,0,80290,1,544,2,1,9,1,9,1,9,80834,3,0,0,80290,1,544,2,1,9,1,9,1,9,80834,3,0,0,80290,1,544,2,1,9,1,9,1,9,80834,3,0,0,80290,1,544,2
123,19,81,19,0,81,0,100,1,9,1,9,1,9,0,0,0,0,0,0,0,0,1,9,1,9,1,9,0,0,0,0,0,0,0,0,1,9,1,9,1,9,0,0,0,0,0,0,0,0,1,9,1,9,1,9,0,0,0,0,0,0,0,0,1,9,1,9,1,9,0,0,0,0,0,0,0,0,1,9,1,9,1,9,0,0,0,0,0,0,0,0
124,18,82,18,1,81,0,100,1,9,1,9,1,9,0,0,0,0,0,0,0,0,1,9,1,9,1,9,0,0,0,0,0,0,0,0,1,9,1,9,1,9,0,0,0,0,0,0,0,0,1,9,1,9,1,9,0,0,0,0,0,0,0,0,1,9,1,9,1,9,0,0,0,0,0,0,0,0,1,9,1,9,1,9,0,0,0,0,0,0,0,0
125,17,83,17,2,81,0,100,1,9,1,9,1,9,80502,1,80502,1,0,0,0,0,1,9,1,9,1,9,80502,1,80502,1,0,0,0,0,1,9,1,9,1,9,80502,1,80502,1,0,0,0,0,1,9,1,9,1,9,80502,1,80502,1,0,0,0,0,1,9,1,9,1,9,80502,1,80502,1,0,0,0,0,1,9,1,9,1,9,80502,1,80502,1,0,0,0,0
126,16,84,16,3,81,0,100,3,31,3,31,1,9,82738,10,0,0,80290,1,2448,9,1,9,1,9,1,9,82738,10,0,0,80290,1,2448,9,3,31,3,31,1,9,82738,10,0,0,80290,1,2448,9,3,31,3,31,1,9,82738,10,0,0,80290,1,2448,9,3,31,3,31,1,9,82738,10,0,0,80290,1,2448,9,3,31,3,31,1,9,82738,10,0,0,80290,1,2448,9
127,15,85,15,0,85,0,100,3,31,3,31,1,9,0,0,0,0,0,0,0,0,1,9,1,9,1,9,0,0,0,0,0,0,0,0,3,31,3,31,1,9,0,0,0,0,0,0,0,0,3,31,3,31,1,9,0,0,0,0,0,0,0,0,3,31,3,31,1,9,0,0,0,0,0,0,0,0,3,31,3,31,1,9,0,0,0,0,0,0,0,0
128,14,86,14,1,85,0,100,3,31,3,31,1,9,0,0,0,0,0,0,0,0,1,9,1,9,1,9,0,0,0,0,0,0,0,0,3,31,3,31,1,9,0,0,0,0,0,0,0,0,3,31,3,31,1,9,0,0,0,0,0,0,0,0,3,31,3,31,1,9,0,0,0,0,0,0,0,0,3,31,3,31,1,9,0,0,0,0,0,0,0,0
129,15,85,15,1,84,0,100,3,31,3,31,1,9,0,0,0,0,0,0,0,0,1,9,1,9,1,9,0,0,0,0,0,0,0,0,3,31,3,31,1,9,0,0,0,0,0,0,0,0,3,31,3,31,1,9,0,0,0,0,0,0,0,0,3,31,3,31,1,9,0,0,0,0,0,0,0,0,3,31,3,31,1,9,0,0,0,0,0,0,0,0
130,16,84,16,1,83,0,100,3,31,3,31,1,9,3264,12,0,0,0,0,3264,12,3,31,3,31,1,9,3264,12,0,0,0,0,3264,12,3,31,3,31,1,9,3264,12,0,0,0,0,3264,12,3,31,3,31,1,9,3264,12,0,0,0,0,3264,12,3,31,3,31,1,9,3264,12,0,0,0,0,3264,12,3,31,3,31,1,9,3264,12,0,0,0,0,3264,12
131,17,83,17,0,83,0,100,3,31,3,31,1,9,0,0,0,0,0,0,0,0,3,31,3,31,1,9,0,0,0,0,0,0,0,0,3,31,3,31,1,9,0,0,0,0,0,0,0,0,3,31,3,31,1,9,0,0,0,0,0,0,0,0,3,31,3,31,1,9,0,0,0,0,0,0,0,0,3,31,3,31,1,9,0,0,0,0,0,0,0,0
132,16,84,16,1,83,0,100,3,31,3,31,1,9,0,0,0,0,0,0,0,0,3,31,3,31,1,9,0,0,0,0,0,0,0,0,3,31,3,31,1,9,0,0,0,0,0,0,0,0,3,31,3,31,1,9,0,0,0,0,0,0,0,0,3,31,3,31,1,9,0,0,0,0,0,0,0,0,3,31,3,31,1,9,0,0,0,0,0,0,0,0
133,15,85,15,2,83,0,100,3,31,3,31,1,9,80822,1,80822,1,0,0,0,0,3,31,3,31,1,9,80822,1,80822,1,0,0,0,0,3,31,3,31,1,9,80822,1,80822,1,0,0,0,0,3,31,3,31,1,9,80822,1,80822,1,0,0,0,0,3,31,3,31,1,9,80822,1,80822,1,0,0,0,0,3,31,3,31,1,9,80822,1,80822,1,0,0,0,0
134,16,84,16,2,82,0,100,4,33,4,33,1,9,83282,12,0,0,80290,1,2992,11,4,33,4,33,1,9,83282,12,0,0,80290,1,2992,11,4,33,4,33,1,9,83282,12,0,0,80290,1,2992,11,4,33,4,33,1,9,83282,12,0,0,80290,1,2992,11,4,33,4,33,1,9,83282,12,0,0,80290,1,2992,11,4,33,4,33,1,9,83282,12,0,0,80290,1,2992,11
135,15,85,15,0,85,0,100,4,33,4,33,1,9,0,0,0,0,0,0,0,0,4,33,4,33,1,9,0,0,0,0,0,0,0,0,4,33,4,33,1,9,0,0,0,0,0,0,0,0,4,33,4,33,1,9,0,0,0,0,0,0,0,0,4,33,4,33,1,9,0,0,0,0,0,0,0,0,4,33,4,33,1,9,0,0,0,0,0,0,0,0
136,14,86,14,1,85,0,100,4,33,4,33,1,9,0,0,0,0,0,0,0,0,4,33,4,33,1,9,0,0,0,0,0,0,0,0,4,33,4,33,1,9,0,0,0,0,0,0,0,0,4,33,4,33,1,9,0,0,0,0,0,0,0,0,4,33,4,33,1,9,0,0,0,0,0,0,0,0,4,33,4,33,1,9,0,0,0,0,0,0,0,0
137,13,87,13,2,85,0,100,4,33,4,33,1,9,0,0,0,0,0,0,0,0,4,33,4,33,1,9,0,0,0,0,0,0,0,0,4,33,4,33,1,9,0,0,0,0,0,0,0,0,4,33,4,33,1,9,0,0,0,0,0,0,0,0,4,33,4,33,1,9,0,0,0,0,0,0,0,0,4,33,4,33,1,9,0,0,0,0,0,0,0,0
138,12,88,12,3,85,0,100,4,33,4,33,1,9,1904,7,0,0,0,0,1904,7,4,33,4,33,1,9,1904,7,0,0,0,0,1904,7,4,33,4,33,1,9,1904,7,0,0,0,0,1904,7,4,33,4,33,1,9,1904,7,0,0,0,0,1904,7,4,33,4,33,1,9,1904,7,0,0,0,0,1904,7,4,33,4,33,1,9,1904,7,0,0,0,0,1904,7
139,11,89,11,0,89,0,100,4,33,4,33,1,9,0,0,0,0,0,0,0,0,4,33,4,33,1,9,0,0,0,0,0,0,0,0,4,33,4,33,1,9,0,0,0,0,0,0,0,0,4,33,4,33,1,9,0,0,0,0,0,0,0,0,4,33,4,33,1,9,0,0,0,0,0,0,0,0,4,33,4,33,1,9,0,0,0,0,0,0,0,0
140,10,90,10,1,89,0,100,4,33,4,33,1,9,0,0,0,0,0,0,0,0,4,33,4,33,1,9,0,0,0,0,0,0,0,0,4,33,4,33,1,9,0,0,0,0,0,0,0,0,4,33,4,33,1,9,0,0,0,0,0,0,0,0,4,33,4,33,1,9,0,0,0,0,0,0,0,0,4,33,4,33,1,9,0,0,0,0,0,0,0,0
141,10,90,10,1,89,0,100,4,33,4,33,1,9,0,0,0,0,0,0,0,0,4,33,4,33,1,9,0,0,0,0,0,0,0,0,4,33,4,33,1,9,0,0,0,0,0,0,0,0,4,33,4,33,1,9,0,0,0,0,0,0,0,0,4,33,4,33,1,9,0,0,0,0,0,0,0,0,4,33,4,33,1,9,0,0,0,0,0,0,0,0
142,10,90,10,1,89,0,100,4,33,4,33,1,9,2176,8,0,0,0,0,2176,8,4,33,4,33,1,9,2176,8,0,0,0,0,2176,8,4,33,4,33,1,9,2176,8,0,0,0,0,2176,8,4,33,4,33,1,9,2176,8,0,0,0,0,2176,8,4,33,4,33,1,9,2176,8,0,0,0,0,2176,8,4,33,4,33,1,9,2176,8,0,0,0,0,2176,8
143,10,90,10,0,90,0,100,4,33,4,33,1,9,0,0,0,0,0,0,0,0,4,33,4,33,1,9,0,0,0,0,0,0,0,0,4,33,4,33,1,9,0,0,0,0,0,0,0,0,4,33,4,33,1,9,0,0,0,0,0,0,0,0,4,33,4,33,1,9,0,0,0,0,0,0,0,0,4,33,4,33,1,9,0,0,0,0,0,0,0,0
144,10,90,10,0,90,0,100,4,33,4,33,1,9,0,0,0,0,0,0,0,0,4,33,4,33,1,9,0,0,0,0,0,0,0,0,4,33,4,33,1,9,0,0,0,0,0,0,0,0,4,33,4,33,1,9,0,0,0,0,0,0,0,0,4,33,4,33,1,9,0,0,0,0,0,0,0,0,4,33,4,33,1,9,0,0,0,0,0,0,0,0
145,80,20,80,0,20,0,100,4,33,4,33,1,9,80693,1,80693,1,0,0,0,0,4,33,4,33,1,9,80693,1,80693,1,0,0,0,0,4,33,4,33,1,9,80693,1,80693,1,0,0,0,0,4,33,4,33,1,9,80693,1,80693,1,0,0,0,0,4,33,4,33,1,9,80693,1,80693,1,0,0,0,0,4,33,4,33,1,9,80693,1,80693,1,0,0,0,0
146,79,21,79,1,20,0,100,4,33,4,33,1,9,80833,3,0,0,80289,1,544,2,4,33,4,33,1,9,80833,3,0,0,80289,1,544,2,4,33,4,33,1,9,80833,3,0,0,80289,1,544,2,4,33,4,33,1,9,80833,3,0,0,80289,1,544,2,4,33,4,33,1,9,80833,3,0,0,80289,1,544,2,4,33,4,33,1,9,80833,3,0,0,80289,1,544,2
147,78,22,78,0,22,0,100,4,33,4,33,1,9,0,0,0,0,0,0,0,0,4,33,4,33,1,9,0,0,0,0,0,0,0,0,4,33,4,33,1,9,0,0,0,0,0,0,0,0,4,33,4,33,1,9,0,0,0,0,0,0,0,0,4,33,4,33,1,9,0,0,0,0,0,0,0,0,4,33,4,33,1,9,0,0,0,0,0,0,0,0
148,77,23,77,1,22,0,100,4,33,4,33,1,9,0,0,0,0,0,0,0,0,4,33,4,33,1,9,0,0,0,0,0,0,0,0,4,33,4,33,1,9,0,0,0,0,0,0,0,0,4,33,4,33,1,9,0,0,0,0,0,0,0,0,4,33,4,33,1,9,0,0,0,0,0,0,0,0,4,33,4,33,1,9,0,0,0,0,0,0,0,0
149,76,24,76,2,22,0,100,4,33,4,33,1,9,0,0,0,0,0,0,0,0,4,33,4,33,1,9,0,0,0,0,0,0,0,0,4,33,4,33,1,9,0,0,0,0,0,0,0,0,4,33,4,33,1,9,0,0,0,0,0,0,0,0,4,33,4,33,1,9,0,0,0,0,0,0,0,0,4,33,4,33,1,9,0,0,0,0,0,0,0,0
150,77,23,77,2,21,0,100,4,33,4,33,1,9,816,3,0,0,0,0,816,3,4,33,4,33,1,9,816,3,0,0,0,0,816,3,4,33,4,33,1,9,816,3,0,0,0,0,816,3,4,33,4,33,1,9,816,3,0,0,0,0,816,3,4,33,4,33,1,9,816,3,0,0,0,0,816,3,4,33,4,33,1,9,816,3,0,0,0,0,816,3
151,78,22,78,0,22,0,100,4,33,4,33,1,9,0,0,0,0,0,0,0,0,4,33,4,33,1,9,0,0,0,0,0,0,0,0,4,33,4,33,1,9,0,0,0,0,0,0,0,0,4,33,4,33,1,9,0,0,0,0,0,0,0,0,4,33,4,33,1,9,0,0,0,0,0,0,0,0,4,33,4,33,1,9,0,0,0,0,0,0,0,0
152,77,23,77,1,22,0,100,4,33,4,33,1,9,0,0,0,0,0,0,0,0,4,33,4,33,1,9,0,0,0,0,0,0,0,0,4,33,4,33,1,9,0,0,0,0,0,0,0,0,4,33,4,33,1,9,0,0,0,0,0,0,0,0,4,33,4,33,1,9,0,0,0,0,0,0,0,0,4,33,4,33,1,9,0,0,0,0,0,0,0,0
153,78,22,78,1,21,0,100,4,33,4,33,1,9,0,0,0,0,0,0,0,0,4,33,4,33,1,9,0,0,0,0,0,0,0,0,4,33,4,33,1,9,0,0,0,0,0,0,0,0,4,33,4,33,1,9,0,0,0,0,0,0,0,0,4,33,4,33,1,9,0,0,0,0,0,0,0,0,4,33,4,33,1,9,0,0,0,0,0,0,0,0
154,77,23,77,2,21,0,100,4,33,4,33,1,9,544,2,0,0,0,0,544,2,4,33,4,33,1,9,544,2,0,0,0,0,544,2,4,33,4,33,1,9,544,2,0,0,0,0,544,2,4,33,4,33,1,9,544,2,0,0,0,0,544,2,4,33,4,33,1,9,544,2,0,0,0,0,544,2,4,33,4,33,1,9,544,2,0,0,0,0,544,2
155,78,22,78,0,22,0,100,4,33,4,33,1,9,0,0,0,0,0,0,0,0,4,33,4,33,1,9,0,0,0,0,0,0,0,0,4,33,4,33,1,9,0,0,0,0,0,0,0,0,4,33,4,33,1,9,0,0,0,0,0,0,0,0,4,33,4,33,1,9,0,0,0,0,0,0,0,0,4,33,4,33,1,9,0,0,0,0,0,0,0,0
156,79,21,79,0,21,0,100,4,33,4,33,1,9,0,0,0,0,0,0,0,0,4,33,4,33,1,9,0,0,0,0,0,0,0,0,4,33,4,33,1,9,0,0,0,0,0,0,0,0,4,33,4,33,1,9,0,0,0,0,0,0,0,0,4,33,4,33,1,9,0,0,0,0,0,0,0,0,4,33,4,33,1,9,0,0,0,0,0,0,0,0
157,80,20,80,0,20,0,100,4,33,4,33,1,9,0,0,0,0,0,0,0,0,4,33,4,33,1,9,0,0,0,0,0,0,0,0,4,33,4,33,1,9,0,0,0,0,0,0,0,0,4,33,4,33,1,9,0,0,0,0,0,0,0,0,4,33,4,33,1,9,0,0,0,0,0,0,0,0,4,33,4,33,1,9,0,0,0,0,0,0,0,0
158,81,19,81,0,19,0,100,4,33,4,33,1,9,544,2,0,0,0,0,544,2,4,33,4,33,1,9,544,2,0,0,0,0,544,2,4,33,4,33,1,9,544,2,0,0,0,0,544,2,4,33,4,33,1,9,544,2,0,0,0,0,544,2,4,33,4,33,1,9,544,2,0,0,0,0,544,2,4,33,4,33,1,9,544,2,0,0,0,0,544,2
159,82,18,82,0,18,0,100,4,33,4,33,1,9,0,0,0,0,0,0,0,0,4,33,4,33,1,9,0,0,0,0,0,0,0,0,4,33,4,33,1,9,0,0,0,0,0,0,0,0,4,33,4,33,1,9,0,0,0,0,0,0,0,0,4,33,4,33,1,9,0,0,0,0,0,0,0,0,4,33,4,33,1,9,0,0,0,0,0,0,0,0
160,81,19,81,1,18,0,100,4,33,4,33,1,9,0,0,0,0,0,0,0,0,4,33,4,33,1,9,0,0,0,0,0,0,0,0,4,33,4,33,1,9,0,0,0,0,0,0,0,0,4,33,4,33,1,9,0,0,0,0,0,0,0,0,4,33,4,33,1,9,0,0,0,0,0,0,0,0,4,33,4,33,1,9,0,0,0,0,0,0,0,0
161,82,18,82,1,17,0,100,4,33,4,33,1,9,0,0,0,0,0,0,0,0,4,33,4,33,1,9,0,0,0,0,0,0,0,0,4,33,4,33,1,9,0,0,0,0,0,0,0,0,4,33,4,33,1,9,0,0,0,0,0,0,0,0,4,33,4,33,1,9,0,0,0,0,0,0,0,0,4,33,4,33,1,9,0,0,0,0,0,0,0,0
162,83,17,83,1,16,0,100,4,33,4,33,1,9,544,2,0,0,0,0,544,2,4,33,4,33,1,9,544,2,0,0,0,0,544,2,4,33,4,33,1,9,544,2,0,0,0,0,544,2,4,33,4,33,1,9,544,2,0,0,0,0,544,2,4,33,4,33,1,9,544,2,0,0,0,0,544,2,4,33,4,33,1,9,544,2,0,0,0,0,544,2
163,82,18,82,0,18,0,100,4,33,4,33,1,9,0,0,0,0,0,0,0,0,4,33,4,33,1,9,0,0,0,0,0,0,0,0,4,33,4,33,1,9,0,0,0,0,0,0,0,0,4,33,4,33,1,9,0,0,0,0,0,0,0,0,4,33,4,33,1,9,0,0,0,0,0,0,0,0,4,33,4,33,2,30,0,0,0,0,0,0,0,0
164,81,19,81,1,18,0,100,4,33,4,33,1,9,0,0,0,0,0,0,0,0,4,33,4,33,1,9,0,0,0,0,0,0,0,0,4,33,4,33,1,9,0,0,0,0,0,0,0,0,4,33,4,33,1,9,0,0,0,0,0,0,0,0,4,33,4,33,1,9,0,0,0,0,0,0,0,0,4,33,4,33,2,30,0,0,0,0,0,0,0,0
165,82,18,82,1,17,0,100,4,33,4,33,1,9,0,0,0,0,0,0,0,0,4,33,4,33,1,9,0,0,0,0,0,0,0,0,4,33,4,33,1,9,0,0,0,0,0,0,0,0,4,33,4,33,1,9,0,0,0,0,0,0,0,0,4,33,4,33,1,9,0,0,0,0,0,0,0,0,4,33,4,33,2,30,0,0,0,0,0,0,0,0
166,81,19,81,2,17,0,100,4,33,4,33,1,9,1088,4,0,0,0,0,1088,4,4,33,4,33,1,9,1088,4,0,0,0,0,1088,4,4,33,4,33,1,9,1088,4,0,0,0,0,1088,4,4,33,4,33,1,9,1088,4,0,0,0,0,1088,4,4,33,4,33,1,9,1088,4,0,0,0,0,1088,4,4,33,4,33,2,30,1088,4,0,0,0,0,1088,4
167,82,18,82,0,18,0,100,4,33,4,33,1,9,0,0,0,0,0,0,0,0,4,33,4,33,1,9,0,0,0,0,0,0,0,0,4,33,4,33,1,9,0,0,0,0,0,0,0,0,4,33,4,33,1,9,0,0,0,0,0,0,0,0,4,33,4,33,1,9,0,0,0,0,0,0,0,0,4,33,4,33,3,31,0,0,0,0,0,0,0,0
168,83,17,83,0,17,0,100,4,33,4,33,1,9,0,0,0,0,0,0,0,0,4,33,4,33,1,9,0,0,0,0,0,0,0,0,4,33,4,33,1,9,0,0,0,0,0,0,0,0,4,33,4,33,1,9,0,0,0,0,0,0,0,0,4,33,4,33,1,9,0,0,0,0,0,0,0,0,4,33,4,33,3,31,0,0,0,0,0,0,0,0
169,84,16,84,0,16,0,100,4,33,4,33,1,9,0,0,0,0,0,0,0,0,4,33,4,33,1,9,0,0,0,0,0,0,0,0,4,33,4,33,1,9,0,0,0,0,0,0,0,0,4,33,4,33,1,9,0,0,0,0,0,0,0,0,4,33,4,33,1,9,0,0,0,0,0,0,0,0,4,33,4,33,3,31,0,0,0,0,0,0,0,0
170,85,15,85,0,15,0,100,4,33,4,33,1,9,272,1,0,0,0,0,272,1,4,33,4,33,1,9,272,1,0,0,0,0,272,1,4,33,4,33,1,9,272,1,0,0,0,0,272,1,4,33,4,33,1,9,272,1,0,0,0,0,272,1,4,33,4,33,1,9,272,1,0,0,0,0,272,1,4,33,4,33,3,31,272,1,0,0,0,0,272,1
171,84,16,84,0,16,0,100,4,33,4,33,1,9,0,0,0,0,0,0,0,0,4,33,4,33,1,9,0,0,0,0,0,0,0,0,4,33,4,33,1,9,0,0,0,0,0,0,0,0,4,33,4,33,1,9,0,0,0,0,0,0,0,0,4,33,4,33,1,9,0,0,0,0,0,0,0,0,4,33,4,33,3,31,0,0,0,0,0,0,0,0
172,85,15,85,0,15,0,100,4,33,4,33,1,9,0,0,0,0,0,0,0,0,4,33,4,33,1,9,0,0,0,0,0,0,0,0,4,33,4,33,1,9,0,0,0,0,0,0,0,0,4,33,4,33,1,9,0,0,0,0,0,0,0,0,4,33,4,33,1,9,0,0,0,0,0,0,0,0,4,33,4,33,3,31,0,0,0,0,0,0,0,0
173,86,14,86,0,14,0,100,4,33,4,33,1,9,0,0,0,0,0,0,0,0,4,33,4,33,1,9,0,0,0,0,0,0,0,0,4,33,4,33,1,9,0,0,0,0,0,0,0,0,4,33,4,33,1,9,0,0,0,0,0,0,0,0,4,33,4,33,1,9,0,0,0,0,0,0,0,0,4,33,4,33,3,31,0,0,0,0,0,0,0,0
174,87,13,87,0,13,0,100,4,33,4,33,1,9,816,3,0,0,0,0,816,3,4,33,4,33,1,9,816,3,0,0,0,0,816,3,4,33,4,33,1,9,816,3,0,0,0,0,816,3,4,33,4,33,1,9,816,3,0,0,0,0,816,3,4,33,4,33,1,9,816,3,0,0,0,0,816,3,4,33,4,33,3,31,816,3,0,0,0,0,816,3
175,88,12,88,0,12,0,100,4,33,4,33,1,9,0,0,0,0,0,0,0,0,4,33,4,33,1,9,0,0,0,0,0,0,0,0,4,33,4,33,1,9,0,0,0,0,0,0,0,0,4,33,4,33,1,9,0,0,0,0,0,0,0,0,4,33,4,33,1,9,0,0,0,0,0,0,0,0,4,33,4,33,4,33,0,0,0,0,0,0,0,0
176,87,13,87,1,12,0,100,4,33,4,33,1,9,0,0,0,0,0,0,0,0,4,33,4,33,1,9,0,0,0,0,0,0,0,0,4,33,4,33,1,9,0,0,0,0,0,0,0,0,4,33,4,33,1,9,0,0,0,0,0,0,0,0,4,33,4,33,1,9,0,0,0,0,0,0,0,0,4,33,4,33,4,33,0,0,0,0,0,0,0,0
177,88,12,88,1,11,0,100,4,33,4,33,1,9,0,0,0,0,0,0,0,0,4,33,4,33,1,9,0,0,0,0,0,0,0,0,4,33,4,33,1,9,0,0,0,0,0,0,0,0,4,33,4,33,1,9,0,0,0,0,0,0,0,0,4,33,4,33,1,9,0,0,0,0,0,0,0,0,4,33,4,33,4,33,0,0,0,0,0,0,0,0
178,89,11,89,0,11,0,100,4,33,4,33,1,9,272,1,0,0,0,0,272,1,4,33,4,33,1,9,272,1,0,0,0,0,272,1,4,33,4,33,1,9,272,1,0,0,0,0,272,1,4,33,4,33,1,9,272,1,0,0,0,0,272,1,4,33,4,33,1,9,272,1,0,0,0,0,272,1,4,33,4,33,4,33,272,1,0,0,0,0,272,1
179,90,10,90,0,10,0,100,4,33,4,33,1,9,0,0,0,0,0,0,0,0,4,33,4,33,1,9,0,0,0,0,0,0,0,0,4,33,4,33,1,9,0,0,0,0,0,0,0,0,4,33,4,33,1,9,0,0,0,0,0,0,0,0,4,33,4,33,1,9,0,0,0,0,0,0,0,0,4,33,4,33,4,33,0,0,0,0,0,0,0,0
180,89,11,89,1,10,0,100,4,33,4,33,1,9,0,0,0,0,0,0,0,0,4,33,4,33,1,9,0,0,0,0,0,0,0,0,4,33,4,33,1,9,0,0,0,0,0,0,0,0,4,33,4,33,1,9,0,0,0,0,0,0,0,0,4,33,4,33,1,9,0,0,0,0,0,0,0,0,4,33,4,33,4,33,0,0,0,0,0,0,0,0
181,88,12,88,2,10,0,100,4,33,4,33,1,9,0,0,0,0,0,0,0,0,4,33,4,33,1,9,0,0,0,0,0,0,0,0,4,33,4,33,1,9,0,0,0,0,0,0,0,0,4,33,4,33,1,9,0,0,0,0,0,0,0,0,4,33,4,33,1,9,0,0,0,0,0,0,0,0,4,33,4,33,4,33,0,0,0,0,0,0,0,0
182,89,11,89,2,9,0,100,4,33,4,33,1,9,272,1,0,0,0,0,272,1,4,33,4,33,1,9,272,1,0,0,0,0,272,1,4,33,4,33,1,9,272,1,0,0,0,0,272,1,4,33,4,33,1,9,272,1,0,0,0,0,272,1,4,33,4,33,1,9,272,1,0,0,0,0,272,1,4,33,4,33,4,33,272,1,0,0,0,0,272,1
183,90,10,90,0,10,0,100,4,33,4,33,1,9,0,0,0,0,0,0,0,0,4,33,4,33,1,9,0,0,0,0,0,0,0,0,4,33,4,33,1,9,0,0,0,0,0,0,0,0,4,33,4,33,1,9,0,0,0,0,0,0,0,0,4,33,4,33,1,9,0,0,0,0,0,0,0,0,4,33,4,33,4,33,0,0,0,0,0,0,0,0
184,90,10,90,0,10,0,100,4,33,4,33,1,9,0,0,0,0,0,0,0,0,4,33,4,33,1,9,0,0,0,0,0,0,0,0,4,33,4,33,1,9,0,0,0,0,0,0,0,0,4,33,4,33,1,9,0,0,0,0,0,0,0,0,4,33,4,33,1,9,0,0,0,0,0,0,0,0,4,33,4,33,4,33,0,0,0,0,0,0,0,0
185,0,100,0,90,10,0,100,4,33,4,33,1,9,0,0,0,0,0,0,0,0,4,33,4,33,1,9,0,0,0,0,0,0,0,0,4,33,4,33,1,9,0,0,0,0,0,0,0,0,4,33,4,33,1,9,0,0,0,0,0,0,0,0,4,33,4,33,1,9,0,0,0,0,0,0,0,0,4,33,4,33,4,33,0,0,0,0,0,0,0,0
186,0,100,0,90,10,0,100,4,33,4,33,1,9,816,3,0,0,0,0,816,3,4,33,4,33,1,9,816,3,0,0,0,0,816,3,4,33,4,33,1,9,816,3,0,0,0,0,816,3,4,33,4,33,1,9,816,3,0,0,0,0,816,3,4,33,4,33,1,9,816,3,0,0,0,0,816,3,4,33,4,33,4,33,816,3,0,0,0,0,816,3
187,0,100,0,0,100,0,100,5,36,4,33,5,36,0,0,0,0,0,0,0,0,5,36,4,33,5,36,0,0,0,0,0,0,0,0,5,36,4,33,5,36,0,0,0,0,0,0,0,0,5,36,4,33,5,36,0,0,0,0,0,0,0,0,5,36,4,33,5,36,0,0,0,0,0,0,0,0,5,36,4,33,5,36,0,0,0,0,0,0,0,0
188,0,100,0,0,100,0,100,5,36,4,33,5,36,0,0,0,0,0,0,0,0,5,36,4,33,5,36,0,0,0,0,0,0,0,0,5,36,4,33,5,36,0,0,0,0,0,0,0,0,5,36,4,33,5,36,0,0,0,0,0,0,0,0,5,36,4,33,5,36,0,0,0,0,0,0,0,0,5,36,4,33,5,36,0,0,0,0,0,0,0,0
189,0,100,0,0,100,0,100,5,36,4,33,5,36,0,0,0,0,0,0,0,0,5,36,4,33,5,36,0,0,0,0,0,0,0,0,5,36,4,33,5,36,0,0,0,0,0,0,0,0,5,36,4,33,5,36,0,0,0,0,0,0,0,0,5,36,4,33,5,36,0,0,0,0,0,0,0,0,5,36,4,33,5,36,0,0,0,0,0,0,0,0
190,0,100,0,0,100,0,100,5,36,5,36,5,36,2176,8,0,0,0,0,2176,8,5,36,5,36,5,36,2176,8,0,0,0,0,2176,8,5,36,5,36,5,36,2176,8,0,0,0,0,2176,8,5,36,5,36,5,36,2176,8,0,0,0,0,2176,8,5,36,5,36,5,36,2176,8,0,0,0,0,2176,8,5,36,5,36,5,36,2176,8,0,0,0,0,2176,8
191,0,100,0,0,100,0,100,5,36,5,36,5,36,0,0,0,0,0,0,0,0,5,36,5,36,5,36,0,0,0,0,0,0,0,0,5,36,5,36,5,36,0,0,0,0,0,0,0,0,5,36,5,36,5,36,0,0,0,0,0,0,0,0,5,36,5,36,5,36,0,0,0,0,0,0,0,0,5,36,5,36,5,36,0,0,0,0,0,0,0,0
192,0,100,0,0,100,0,100,5,36,5,36,5,36,0,0,0,0,0,0,0,0,5,36,5,36,5,36,0,0,0,0,0,0,0,0,5,36,5,36,5,36,0,0,0,0,0,0,0,0,5,36,5,36,5,36,0,0,0,0,0,0,0,0,5,36,5,36,5,36,0,0,0,0,0,0,0,0,5,36,5,36,5,36,0,0,0,0,0,0,0,0
193,0,100,0,0,100,0,100,5,36,5,36,5,36,0,0,0,0,0,0,0,0,5,36,5,36,5,36,0,0,0,0,0,0,0,0,5,36,5,36,5,36,0,0,0,0,0,0,0,0,5,36,5,36,5,36,0,0,0,0,0,0,0,0,5,36,5,36,5,36,0,0,0,0,0,0,0,0,5,36,5,36,5,36,0,0,0,0,0,0,0,0
194,0,100,0,0,100,0,100,5,36,5,36,5,36,2720,10,0,0,0,0,2720,10,5,36,5,36,5,36,2720,10,0,0,0,0,2720,10,5,36,5,36,5,36,2720,10,0,0,0,0,2720,10,5,36,5,36,5,36,2720,10,0,0,0,0,2720,10,5,36,5,36,5,36,2720,10,0,0,0,0,2720,10,5,36,5,36,5,36,2720,10,0,0,0,0,2720,10
195,0,100,0,0,100,0,100,5,36,5,36,5,36,0,0,0,0,0,0,0,0,5,36,5,36,5,36,0,0,0,0,0,0,0,0,5,36,5,36,5,36,0,0,0,0,0,0,0,0,5,36,5,36,5,36,0,0,0,0,0,0,0,0,5,36,5,36,5,36,0,0,0,0,0,0,0,0,5,36,5,36,5,36,0,0,0,0,0,0,0,0
196,0,100,0,0,100,0,100,5,36,5,36,5,36,0,0,0,0,0,0,0,0,5,36,5,36,5,36,0,0,0,0,0,0,0,0,5,36,5,36,5,36,0,0,0,0,0,0,0,0,5,36,5,36,5,36,0,0,0,0,0,0,0,0,5,36,5,36,5,36,0,0,0,0,0,0,0,0,5,36,5,36,5,36,0,0,0,0,0,0,0,0
197,0,100,0,0,100,0,100,5,36,5,36,5,36,80758,1,80758,1,0,0,0,0,5,36,5,36,5,36,80758,1,80758,1,0,0,0,0,5,36,5,36,5,36,80758,1,80758,1,0,0,0,0,5,36,5,36,5,36,80758,1,80758,1,0,0,0,0,5,36,5,36,5,36,80758,1,80758,1,0,0,0,0,5,36,5,36,5,36,80758,1,80758,1,0,0,0,0
198,0,100,0,0,100,0,100,5,36,5,36,5,36,81650,6,0,0,80290,1,1360,5,5,36,5,36,5,36,81650,6,0,0,80290,1,1360,5,5,36,5,36,5,36,81650,6,0,0,80290,1,1360,5,5,36,5,36,5,36,81650,6,0,0,80290,1,1360,5,5,36,5,36,5,36,81650,6,0,0,80290,1,1360,5,5,36,5,36,5,36,81650,6,0,0,80290,1,1360,5
199,0,100,0,0,100,0,100,5,36,5,36,5,36,0,0,0,0,0,0,0,0,5,36,5,36,5,36,0,0,0,0,0,0,0,0,5,36,5,36,5,36,0,0,0,0,0,0,0,0,5,36,5,36,5,36,0,0,0,0,0,0,0,0,5,36,5,36,5,36,0,0,0,0,0,0,0,0,5,36,5,36,5,36,0,0,0,0,0,0,0,0
200,0,100,0,0,100,0,100,5,36,5,36,5,36,0,0,0,0,0,0,0,0,5,36,5,36,5,36,0,0,0,0,0,0,0,0,5,36,5,36,5,36,0,0,0,0,0,0,0,0,5,36,5,36,5,36,0,0,0,0,0,0,0,0,5,36,5,36,5,36,0,0,0,0,0,0,0,0,5,36,5,36,5,36,0,0,0,0,0,0,0,0
201,0,100,0,0,100,0,100,5,36,5,36,5,36,0,0,0,0,0,0,0,0,5,36,5,36,5,36,0,0,0,0,0,0,0,0,5,36,5,36,5,36,0,0,0,0,0,0,0,0,5,36,5,36,5,36,0,0,0,0,0,0,0,0,5,36,5,36,5,36,0,0,0,0,0,0,0,0,5,36,5,36,5,36,0,0,0,0,0,0,0,0
202,0,100,0,0,100,0,100,6,49,6,49,5,36,2720,10,0,0,0,0,2720,10,6,49,6,49,5,36,2720,10,0,0,0,0,2720,10,6,49,6,49,5,36,2720,10,0,0,0,0,2720,10,6,49,6,49,5,36,2720,10,0,0,0,0,2720,10,6,49,6,49,5,36,2720,10,0,0,0,0,2720,10,6,49,6,49,5,36,2720,10,0,0,0,0,2720,10
203,0,100,0,0,100,0,100,6,49,6,49,5,36,0,0,0,0,0,0,0,0,6,49,6,49,5,36,0,0,0,0,0,0,0,0,6,49,6,49,5,36,0,0,0,0,0,0,0,0,6,49,6,49,5,36,0,0,0,0,0,0,0,0,6,49,6,49,5,36,0,0,0,0,0,0,0,0,6,49,6,49,5,36,0,0,0,0,0,0,0,0

digraph G {
  rankdir=BT;
  style=filled;
  color=lightgrey;
  node [shape=box,style=filled,color=white];
  b_HSU8lirooXn [label="H(SU8lirooXn)\nt=31 id=38"];
  b_HBektc8Lrm [label="H(Bektc8+Lrm)\nt=49 id=42"];
  b_H8JOFxcUG6 [label="H(8J/OFxcUG6)\nt=30 id=33"];
  b_H4tQgJTgzx [label="H(4tQgJTgz+x)\nt=33 id=39"];
  b_HVCrfhP9qw [label="H(VCr+fhP9qw)\nt=36 id=6"];
  b_HtfjqBmd7q [label="H(tfjq+Bmd7q)\n"];
  b_Hr9QsKItX2u [label="H(r9QsKItX2u)\nt=9 id=34"];
  b_HSU8lirooXn -> b_H8JOFxcUG6;
  b_HBektc8Lrm -> b_HVCrfhP9qw;
  b_H8JOFxcUG6 -> b_Hr9QsKItX2u;
  b_H4tQgJTgzx -> b_HSU8lirooXn;
  b_HVCrfhP9qw -> b_H4tQgJTgzx;
  b_Hr9QsKItX2u -> b_HtfjqBmd7q;
  v_HlC8xSEHzVt [label="id=16 t=50"];
  v_HlC8xSEHzVt -> b_HBektc8Lrm;
  v_HbgunFYem1k [label="id=15 t=50"];
  v_HbgunFYem1k -> b_HBektc8Lrm;
  v_HhnuAzi8Ybf [label="id=80 t=50"];
  v_HhnuAzi8Ybf -> b_HBektc8Lrm;
  v_HGe0dn5saj [label="id=70 t=50"];
  v_HGe0dn5saj -> b_HBektc8Lrm;
  v_HHcEI6sw89l [label="id=37 t=50"];
  v_HHcEI6sw89l -> b_HBektc8Lrm;
  v_Hqspd7fxSo3 [label="id=21 t=50"];
  v_Hqspd7fxSo3 -> b_HBektc8Lrm;
  v_HgYL8zPPqc [label="id=8 t=50"];
  v_HgYL8zPPqc -> b_HBektc8Lrm;
  v_HJHlInvde1 [label="id=32 t=50"];
  v_HJHlInvde1 -> b_HBektc8Lrm;
  v_H224AVR38t3 [label="id=5 t=50"];
  v_H224AVR38t3 -> b_HBektc8Lrm;
  v_Hts5qKpgus [label="id=89 t=50"];
  v_Hts5qKpgus -> b_HBektc8Lrm;
}


ALWAYS AWAKE final ledgers: 6 49 6 49 5 36
ALWAYS AWAKE total communication: 1044988 303
ALWAYS AWAKE blocks communication: 481738 6
ALWAYS AWAKE votes communication: 79152 291
ALWAYS AWAKE proposals communication: 484098 6
