r,n_asleep,n_awake,n_honest_asleep,n_honest_dreamy,n_honest_awake,n_adversary,n_all,party0_ledger_best_length,party0_ledger_best_age,party0_ledger_fast_length,party0_ledger_fast_age,party0_ledger_slow_length,party0_ledger_slow_age,party0_comms_all_size,party0_comms_all_count,party0_comms_proposal_size,party0_comms_proposal_count,party0_comms_piece_block_size,party0_comms_piece_block_count,party0_comms_piece_vote_size,party0_comms_piece_vote_count,party1_ledger_best_length,party1_ledger_best_age,party1_ledger_fast_length,party1_ledger_fast_age,party1_ledger_slow_length,party1_ledger_slow_age,party1_comms_all_size,party1_comms_all_count,party1_comms_proposal_size,party1_comms_proposal_count,party1_comms_piece_block_size,party1_comms_piece_block_count,party1_comms_piece_vote_size,party1_comms_piece_vote_count,party2_ledger_best_length,party2_ledger_best_age,party2_ledger_fast_length,party2_ledger_fast_age,party2_ledger_slow_length,party2_ledger_slow_age,party2_comms_all_size,party2_comms_all_count,party2_comms_proposal_size,party2_comms_proposal_count,party2_comms_piece_block_size,party2_comms_piece_block_count,party2_comms_piece_vote_size,party2_comms_piece_vote_count,party3_ledger_best_length,party3_ledger_best_age,party3_ledger_fast_length,party3_ledger_fast_age,party3_ledger_slow_length,party3_ledger_slow_age,party3_comms_all_size,party3_comms_all_count,party3_comms_proposal_size,party3_comms_proposal_count,party3_comms_piece_block_size,party3_comms_piece_block_count,party3_comms_piece_vote_size,party3_comms_piece_vote_count,party4_ledger_best_length,party4_ledger_best_age,party4_ledger_fast_length,party4_ledger_fast_age,party4_ledger_slow_length,party4_ledger_slow_age,party4_comms_all_size,party4_comms_all_count,party4_comms_proposal_size,party4_comms_proposal_count,party4_comms_piece_block_size,party4_comms_piece_block_count,party4_comms_piece_vote_size,party4_comms_piece_vote_count,partyALWAYSAWAKE_ledger_best_length,partyALWAYSAWAKE_ledger_best_age,partyALWAYSAWAKE_ledger_fast_length,partyALWAYSAWAKE_ledger_fast_age,partyALWAYSAWAKE_ledger_slow_length,partyALWAYSAWAKE_ledger_slow_age,partyALWAYSAWAKE_comms_all_size,partyALWAYSAWAKE_comms_all_count,partyALWAYSAWAKE_comms_proposal_size,partyALWAYSAWAKE_comms_proposal_count,partyALWAYSAWAKE_comms_piece_block_size,partyALWAYSAWAKE_comms_piece_block_count,partyALWAYSAWAKE_comms_piece_vote_size,partyALWAYSAWAKE_comms_piece_vote_count
4,0,1000,0,0,1000,0,1000,0,0,0,0,0,0,0,0,0,0,0,0,0,0,0,0,0,0,0,0,0,0,0,0,0,0,0,0,0,0,0,0,0,0,0,0,0,0,0,0,0,0,0,0,0,0,0,0,0,0,0,0,0,0,0,0,0,0,0,0,0,0,0,0,0,0,0,0,0,0,0,0,0,0,0,0,0,0,0,0,0,0,0,0
5,0,1000,0,0,1000,0,1000,0,0,0,0,0,0,723940,9,723940,9,0,0,0,0,0,0,0,0,0,0,723940,9,723940,9,0,0,0,0,0,0,0,0,0,0,723940,9,723940,9,0,0,0,0,0,0,0,0,0,0,723940,9,723940,9,0,0,0,0,0,0,0,0,0,0,723940,9,723940,9,0,0,0,0,0,0,0,0,0,0,723940,9,723940,9,0,0,0,0
6,0,1000,0,0,1000,0,1000,1,1,1,1,0,0,105858,95,0,0,80290,1,25568,94,1,1,1,1,0,0,105858,95,0,0,80290,1,25568,94,1,1,1,1,0,0,105858,95,0,0,80290,1,25568,94,1,1,1,1,0,0,105858,95,0,0,80290,1,25568,94,1,1,1,1,0,0,105858,95,0,0,80290,1,25568,94,1,1,1,1,0,0,105858,95,0,0,80290,1,25568,94
7,0,1000,0,0,1000,0,1000,1,1,1,1,0,0,0,0,0,0,0,0,0,0,1,1,1,1,0,0,0,0,0,0,0,0,0,0,1,1,1,1,0,0,0,0,0,0,0,0,0,0,1,1,1,1,0,0,0,0,0,0,0,0,0,0,1,1,1,1,0,0,0,0,0,0,0,0,0,0,1,1,1,1,0,0,0,0,0,0,0,0,0,0
8,0,1000,0,0,1000,0,1000,1,1,1,1,0,0,0,0,0,0,0,0,0,0,1,1,1,1,0,0,0,0,0,0,0,0,0,0,1,1,1,1,0,0,0,0,0,0,0,0,0,0,1,1,1,1,0,0,0,0,0,0,0,0,0,0,1,1,1,1,0,0,0,0,0,0,0,0,0,0,1,1,1,1,0,0,0,0,0,0,0,0,0,0
9,0,1000,0,0,1000,0,1000,1,1,1,1,0,0,1335134,16,1335134,16,0,0,0,0,1,1,1,1,0,0,1335134,16,1335134,16,0,0,0,0,1,1,1,1,0,0,1335134,16,1335134,16,0,0,0,0,1,1,1,1,0,0,1335134,16,1335134,16,0,0,0,0,1,1,1,1,0,0,1335134,16,1335134,16,0,0,0,0,1,1,1,1,0,0,1335134,16,1335134,16,0,0,0,0
10,0,1000,0,0,1000,0,1000,2,2,2,2,0,0,103682,87,0,0,80290,1,23392,86,2,2,2,2,0,0,103682,87,0,0,80290,1,23392,86,2,2,2,2,0,0,103682,87,0,0,80290,1,23392,86,2,2,2,2,0,0,103682,87,0,0,80290,1,23392,86,2,2,2,2,0,0,103682,87,0,0,80290,1,23392,86,2,2,2,2,0,0,103682,87,0,0,80290,1,23392,86
11,0,1000,0,0,1000,0,1000,2,2,2,2,0,0,0,0,0,0,0,0,0,0,2,2,2,2,0,0,0,0,0,0,0,0,0,0,2,2,2,2,0,0,0,0,0,0,0,0,0,0,2,2,2,2,0,0,0,0,0,0,0,0,0,0,2,2,2,2,0,0,0,0,0,0,0,0,0,0,2,2,2,2,0,0,0,0,0,0,0,0,0,0
12,0,1000,0,0,1000,0,1000,2,2,2,2,0,0,0,0,0,0,0,0,0,0,2,2,2,2,0,0,0,0,0,0,0,0,0,0,2,2,2,2,0,0,0,0,0,0,0,0,0,0,2,2,2,2,0,0,0,0,0,0,0,0,0,0,2,2,2,2,0,0,0,0,0,0,0,0,0,0,2,2,2,2,0,0,0,0,0,0,0,0,0,0
13,0,1000,0,0,1000,0,1000,2,2,2,2,0,0,1081467,13,1081467,13,0,0,0,0,2,2,2,2,0,0,1081467,13,1081467,13,0,0,0,0,2,2,2,2,0,0,1081467,13,1081467,13,0,0,0,0,2,2,2,2,0,0,1081467,13,1081467,13,0,0,0,0,2,2,2,2,0,0,1081467,13,1081467,13,0,0,0,0,2,2,2,2,0,0,1081467,13,1081467,13,0,0,0,0
14,0,1000,0,0,1000,0,1000,3,3,3,3,0,0,106674,98,0,0,80290,1,26384,97,3,3,3,3,0,0,106674,98,0,0,80290,1,26384,97,3,3,3,3,0,0,106674,98,0,0,80290,1,26384,97,3,3,3,3,0,0,106674,98,0,0,80290,1,26384,97,3,3,3,3,0,0,106674,98,0,0,80290,1,26384,97,3,3,3,3,0,0,106674,98,0,0,80290,1,26384,97
15,0,1000,0,0,1000,0,1000,3,3,3,3,0,0,0,0,0,0,0,0,0,0,3,3,3,3,0,0,0,0,0,0,0,0,0,0,3,3,3,3,0,0,0,0,0,0,0,0,0,0,3,3,3,3,0,0,0,0,0,0,0,0,0,0,3,3,3,3,0,0,0,0,0,0,0,0,0,0,3,3,3,3,0,0,0,0,0,0,0,0,0,0
16,0,1000,0,0,1000,0,1000,3,3,3,3,0,0,0,0,0,0,0,0,0,0,3,3,3,3,0,0,0,0,0,0,0,0,0,0,3,3,3,3,0,0,0,0,0,0,0,0,0,0,3,3,3,3,0,0,0,0,0,0,0,0,0,0,3,3,3,3,0,0,0,0,0,0,0,0,0,0,3,3,3,3,0,0,0,0,0,0,0,0,0,0
17,0,1000,0,0,1000,0,1000,3,3,3,3,0,0,1002504,12,1002504,12,0,0,0,0,3,3,3,3,0,0,1002504,12,1002504,12,0,0,0,0,3,3,3,3,0,0,1002504,12,1002504,12,0,0,0,0,3,3,3,3,0,0,1002504,12,1002504,12,0,0,0,0,3,3,3,3,0,0,1002504,12,1002504,12,0,0,0,0,3,3,3,3,0,0,1002504,12,1002504,12,0,0,0,0
18,0,1000,0,0,1000,0,1000,4,4,4,4,0,0,101234,78,0,0,80290,1,20944,77,4,4,4,4,0,0,101234,78,0,0,80290,1,20944,77,4,4,4,4,0,0,101234,78,0,0,80290,1,20944,77,4,4,4,4,0,0,101234,78,0,0,80290,1,20944,77,4,4,4,4,0,0,101234,78,0,0,80290,1,20944,77,4,4,4,4,0,0,101234,78,0,0,80290,1,20944,77
19,0,1000,0,0,1000,0,1000,4,4,4,4,0,0,0,0,0,0,0,0,0,0,4,4,4,4,0,0,0,0,0,0,0,0,0,0,4,4,4,4,0,0,0,0,0,0,0,0,0,0,4,4,4,4,0,0,0,0,0,0,0,0,0,0,4,4,4,4,0,0,0,0,0,0,0,0,0,0,4,4,4,4,0,0,0,0,0,0,0,0,0,0
20,0,1000,0,0,1000,0,1000,4,4,4,4,0,0,0,0,0,0,0,0,0,0,4,4,4,4,0,0,0,0,0,0,0,0,0,0,4,4,4,4,0,0,0,0,0,0,0,0,0,0,4,4,4,4,0,0,0,0,0,0,0,0,0,0,4,4,4,4,0,0,0,0,0,0,0,0,0,0,4,4,4,4,0,0,0,0,0,0,0,0,0,0
21,0,1000,0,0,1000,0,1000,4,4,4,4,0,0,497412,6,497412,6,0,0,0,0,4,4,4,4,0,0,497412,6,497412,6,0,0,0,0,4,4,4,4,0,0,497412,6,497412,6,0,0,0,0,4,4,4,4,0,0,497412,6,497412,6,0,0,0,0,4,4,4,4,0,0,497412,6,497412,6,0,0,0,0,4,4,4,4,0,0,497412,6,497412,6,0,0,0,0
22,0,1000,0,0,1000,0,1000,5,5,5,5,0,0,102594,83,0,0,80290,1,22304,82,5,5,5,5,0,0,102594,83,0,0,80290,1,22304,82,5,5,5,5,0,0,102594,83,0,0,80290,1,22304,82,5,5,5,5,0,0,102594,83,0,0,80290,1,22304,82,5,5,5,5,0,0,102594,83,0,0,80290,1,22304,82,5,5,5,5,0,0,102594,83,0,0,80290,1,22304,82
23,0,1000,0,0,1000,0,1000,5,5,5,5,0,0,0,0,0,0,0,0,0,0,5,5,5,5,0,0,0,0,0,0,0,0,0,0,5,5,5,5,0,0,0,0,0,0,0,0,0,0,5,5,5,5,0,0,0,0,0,0,0,0,0,0,5,5,5,5,0,0,0,0,0,0,0,0,0,0,5,5,5,5,0,0,0,0,0,0,0,0,0,0
24,0,1000,0,0,1000,0,1000,5,5,5,5,0,0,0,0,0,0,0,0,0,0,5,5,5,5,0,0,0,0,0,0,0,0,0,0,5,5,5,5,0,0,0,0,0,0,0,0,0,0,5,5,5,5,0,0,0,0,0,0,0,0,0,0,5,5,5,5,0,0,0,0,0,0,0,0,0,0,5,5,5,5,0,0,0,0,0,0,0,0,0,0
25,0,1000,0,0,1000,0,1000,5,5,5,5,0,0,1079805,13,1079805,13,0,0,0,0,5,5,5,5,0,0,1079805,13,1079805,13,0,0,0,0,5,5,5,5,0,0,1079805,13,1079805,13,0,0,0,0,5,5,5,5,0,0,1079805,13,1079805,13,0,0,0,0,5,5,5,5,0,0,1079805,13,1079805,13,0,0,0,0,5,5,5,5,0,0,1079805,13,1079805,13,0,0,0,0
26,0,1000,0,0,1000,0,1000,6,6,6,6,0,0,104226,89,0,0,80290,1,23936,88,6,6,6,6,0,0,104226,89,0,0,80290,1,23936,88,6,6,6,6,0,0,104226,89,0,0,80290,1,23936,88,6,6,6,6,0,0,104226,89,0,0,80290,1,23936,88,6,6,6,6,0,0,104226,89,0,0,80290,1,23936,88,6,6,6,6,0,0,104226,89,0,0,80290,1,23936,88
27,0,1000,0,0,1000,0,1000,6,6,6,6,0,0,0,0,0,0,0,0,0,0,6,6,6,6,0,0,0,0,0,0,0,0,0,0,6,6,6,6,0,0,0,0,0,0,0,0,0,0,6,6,6,6,0,0,0,0,0,0,0,0,0,0,6,6,6,6,0,0,0,0,0,0,0,0,0,0,6,6,6,6,0,0,0,0,0,0,0,0,0,0
28,0,1000,0,0,1000,0,1000,6,6,6,6,0,0,0,0,0,0,0,0,0,0,6,6,6,6,0,0,0,0,0,0,0,0,0,0,6,6,6,6,0,0,0,0,0,0,0,0,0,0,6,6,6,6,0,0,0,0,0,0,0,0,0,0,6,6,6,6,0,0,0,0,0,0,0,0,0,0,6,6,6,6,0,0,0,0,0,0,0,0,0,0
29,0,1000,0,0,1000,0,1000,6,6,6,6,0,0,749285,9,749285,9,0,0,0,0,6,6,6,6,0,0,749285,9,749285,9,0,0,0,0,6,6,6,6,0,0,749285,9,749285,9,0,0,0,0,6,6,6,6,0,0,749285,9,749285,9,0,0,0,0,6,6,6,6,0,0,749285,9,749285,9,0,0,0,0,6,6,6,6,0,0,749285,9,749285,9,0,0,0,0
30,0,1000,0,0,1000,0,1000,7,7,7,7,0,0,108034,103,0,0,80290,1,27744,102,7,7,7,7,0,0,108034,103,0,0,80290,1,27744,102,7,7,7,7,0,0,108034,103,0,0,80290,1,27744,102,7,7,7,7,0,0,108034,103,0,0,80290,1,27744,102,7,7,7,7,0,0,108034,103,0,0,80290,1,27744,102,7,7,7,7,0,0,108034,103,0,0,80290,1,27744,102
31,0,1000,0,0,1000,0,1000,7,7,7,7,0,0,0,0,0,0,0,0,0,0,7,7,7,7,0,0,0,0,0,0,0,0,0,0,7,7,7,7,0,0,0,0,0,0,0,0,0,0,7,7,7,7,0,0,0,0,0,0,0,0,0,0,7,7,7,7,0,0,0,0,0,0,0,0,0,0,7,7,7,7,0,0,0,0,0,0,0,0,0,0
32,0,1000,0,0,1000,0,1000,7,7,7,7,0,0,0,0,0,0,0,0,0,0,7,7,7,7,0,0,0,0,0,0,0,0,0,0,7,7,7,7,0,0,0,0,0,0,0,0,0,0,7,7,7,7,0,0,0,0,0,0,0,0,0,0,7,7,7,7,0,0,0,0,0,0,0,0,0,0,7,7,7,7,0,0,0,0,0,0,0,0,0,0
33,0,1000,0,0,1000,0,1000,7,7,7,7,0,0,1171825,14,1171825,14,0,0,0,0,7,7,7,7,0,0,1171825,14,1171825,14,0,0,0,0,7,7,7,7,0,0,1171825,14,1171825,14,0,0,0,0,7,7,7,7,0,0,1171825,14,1171825,14,0,0,0,0,7,7,7,7,0,0,1171825,14,1171825,14,0,0,0,0,7,7,7,7,0,0,1171825,14,1171825,14,0,0,0,0
34,0,1000,0,0,1000,0,1000,8,8,8,8,0,0,111298,115,0,0,80290,1,31008,114,8,8,8,8,0,0,111298,115,0,0,80290,1,31008,114,8,8,8,8,0,0,111298,115,0,0,80290,1,31008,114,8,8,8,8,0,0,111298,115,0,0,80290,1,31008,114,8,8,8,8,0,0,111298,115,0,0,80290,1,31008,114,8,8,8,8,0,0,111298,115,0,0,80290,1,31008,114
35,0,1000,0,0,1000,0,1000,8,8,8,8,0,0,0,0,0,0,0,0,0,0,8,8,8,8,0,0,0,0,0,0,0,0,0,0,8,8,8,8,0,0,0,0,0,0,0,0,0,0,8,8,8,8,0,0,0,0,0,0,0,0,0,0,8,8,8,8,0,0,0,0,0,0,0,0,0,0,8,8,8,8,0,0,0,0,0,0,0,0,0,0
36,0,1000,0,0,1000,0,1000,8,8,8,8,0,0,0,0,0,0,0,0,0,0,8,8,8,8,0,0,0,0,0,0,0,0,0,0,8,8,8,8,0,0,0,0,0,0,0,0,0,0,8,8,8,8,0,0,0,0,0,0,0,0,0,0,8,8,8,8,0,0,0,0,0,0,0,0,0,0,8,8,8,8,0,0,0,0,0,0,0,0,0,0
37,0,1000,0,0,1000,0,1000,8,8,8,8,0,0,1009030,12,1009030,12,0,0,0,0,8,8,8,8,0,0,1009030,12,1009030,12,0,0,0,0,8,8,8,8,0,0,1009030,12,1009030,12,0,0,0,0,8,8,8,8,0,0,1009030,12,1009030,12,0,0,0,0,8,8,8,8,0,0,1009030,12,1009030,12,0,0,0,0,8,8,8,8,0,0,1009030,12,1009030,12,0,0,0,0
38,0,1000,0,0,1000,0,1000,9,9,9,9,0,0,107490,101,0,0,80290,1,27200,100,9,9,9,9,0,0,107490,101,0,0,80290,1,27200,100,9,9,9,9,0,0,107490,101,0,0,80290,1,27200,100,9,9,9,9,0,0,107490,101,0,0,80290,1,27200,100,9,9,9,9,0,0,107490,101,0,0,80290,1,27200,100,9,9,9,9,0,0,107490,101,0,0,80290,1,27200,100
39,0,1000,0,0,1000,0,1000,9,9,9,9,0,0,0,0,0,0,0,0,0,0,9,9,9,9,0,0,0,0,0,0,0,0,0,0,9,9,9,9,0,0,0,0,0,0,0,0,0,0,9,9,9,9,0,0,0,0,0,0,0,0,0,0,9,9,9,9,0,0,0,0,0,0,0,0,0,0,9,9,9,9,0,0,0,0,0,0,0,0,0,0
40,0,1000,0,0,1000,0,1000,9,9,9,9,0,0,0,0,0,0,0,0,0,0,9,9,9,9,0,0,0,0,0,0,0,0,0,0,9,9,9,9,0,0,0,0,0,0,0,0,0,0,9,9,9,9,0,0,0,0,0,0,0,0,0,0,9,9,9,9,0,0,0,0,0,0,0,0,0,0,9,9,9,9,0,0,0,0,0,0,0,0,0,0
41,0,1000,0,0,1000,0,1000,9,9,9,9,0,0,1505499,18,1505499,18,0,0,0,0,9,9,9,9,0,0,1505499,18,1505499,18,0,0,0,0,9,9,9,9,0,0,1505499,18,1505499,18,0,0,0,0,9,9,9,9,0,0,1505499,18,1505499,18,0,0,0,0,9,9,9,9,0,0,1505499,18,1505499,18,0,0,0,0,9,9,9,9,0,0,1505499,18,1505499,18,0,0,0,0
42,0,1000,0,0,1000,0,1000,10,10,10,10,0,0,104771,91,0,0,80291,1,24480,90,10,10,10,10,0,0,104771,91,0,0,80291,1,24480,90,10,10,10,10,0,0,104771,91,0,0,80291,1,24480,90,10,10,10,10,0,0,104771,91,0,0,80291,1,24480,90,10,10,10,10,0,0,104771,91,0,0,80291,1,24480,90,10,10,10,10,0,0,104771,91,0,0,80291,1,24480,90
43,0,1000,0,0,1000,0,1000,10,10,10,10,0,0,0,0,0,0,0,0,0,0,10,10,10,10,0,0,0,0,0,0,0,0,0,0,10,10,10,10,0,0,0,0,0,0,0,0,0,0,10,10,10,10,0,0,0,0,0,0,0,0,0,0,10,10,10,10,0,0,0,0,0,0,0,0,0,0,10,10,10,10,0,0,0,0,0,0,0,0,0,0
44,0,1000,0,0,1000,0,1000,10,10,10,10,0,0,0,0,0,0,0,0,0,0,10,10,10,10,0,0,0,0,0,0,0,0,0,0,10,10,10,10,0,0,0,0,0,0,0,0,0,0,10,10,10,10,0,0,0,0,0,0,0,0,0,0,10,10,10,10,0,0,0,0,0,0,0,0,0,0,10,10,10,10,0,0,0,0,0,0,0,0,0,0
45,0,1000,0,0,1000,0,1000,10,10,10,10,0,0,1249781,15,1249781,15,0,0,0,0,10,10,10,10,0,0,1249781,15,1249781,15,0,0,0,0,10,10,10,10,0,0,1249781,15,1249781,15,0,0,0,0,10,10,10,10,0,0,1249781,15,1249781,15,0,0,0,0,10,10,10,10,0,0,1249781,15,1249781,15,0,0,0,0,10,10,10,10,0,0,1249781,15,1249781,15,0,0,0,0
46,0,1000,0,0,1000,0,1000,11,11,11,11,0,0,104771,91,0,0,80291,1,24480,90,11,11,11,11,0,0,104771,91,0,0,80291,1,24480,90,11,11,11,11,0,0,104771,91,0,0,80291,1,24480,90,11,11,11,11,0,0,104771,91,0,0,80291,1,24480,90,11,11,11,11,0,0,104771,91,0,0,80291,1,24480,90,11,11,11,11,0,0,104771,91,0,0,80291,1,24480,90
47,0,1000,0,0,1000,0,1000,11,11,11,11,1,1,0,0,0,0,0,0,0,0,11,11,11,11,1,1,0,0,0,0,0,0,0,0,11,11,11,11,1,1,0,0,0,0,0,0,0,0,11,11,11,11,1,1,0,0,0,0,0,0,0,0,11,11,11,11,1,1,0,0,0,0,0,0,0,0,11,11,11,11,1,1,0,0,0,0,0,0,0,0
48,0,1000,0,0,1000,0,1000,11,11,11,11,1,1,0,0,0,0,0,0,0,0,11,11,11,11,1,1,0,0,0,0,0,0,0,0,11,11,11,11,1,1,0,0,0,0,0,0,0,0,11,11,11,11,1,1,0,0,0,0,0,0,0,0,11,11,11,11,1,1,0,0,0,0,0,0,0,0,11,11,11,11,1,1,0,0,0,0,0,0,0,0
49,0,1000,0,0,1000,0,1000,11,11,11,11,1,1,999827,12,999827,12,0,0,0,0,11,11,11,11,1,1,999827,12,999827,12,0,0,0,0,11,11,11,11,1,1,999827,12,999827,12,0,0,0,0,11,11,11,11,1,1,999827,12,999827,12,0,0,0,0,11,11,11,11,1,1,999827,12,999827,12,0,0,0,0,11,11,11,11,1,1,999827,12,999827,12,0,0,0,0
50,0,1000,0,0,1000,0,1000,12,12,12,12,1,1,106130,96,0,0,80290,1,25840,95,12,12,12,12,1,1,106130,96,0,0,80290,1,25840,95,12,12,12,12,1,1,106130,96,0,0,80290,1,25840,95,12,12,12,12,1,1,106130,96,0,0,80290,1,25840,95,12,12,12,12,1,1,106130,96,0,0,80290,1,25840,95,12,12,12,12,1,1,106130,96,0,0,80290,1,25840,95
51,0,1000,0,0,1000,0,1000,12,12,12,12,2,2,0,0,0,0,0,0,0,0,12,12,12,12,2,2,0,0,0,0,0,0,0,0,12,12,12,12,2,2,0,0,0,0,0,0,0,0,12,12,12,12,2,2,0,0,0,0,0,0,0,0,12,12,12,12,2,2,0,0,0,0,0,0,0,0,12,12,12,12,2,2,0,0,0,0,0,0,0,0
52,0,1000,0,0,1000,0,1000,12,12,12,12,2,2,0,0,0,0,0,0,0,0,12,12,12,12,2,2,0,0,0,0,0,0,0,0,12,12,12,12,2,2,0,0,0,0,0,0,0,0,12,12,12,12,2,2,0,0,0,0,0,0,0,0,12,12,12,12,2,2,0,0,0,0,0,0,0,0,12,12,12,12,2,2,0,0,0,0,0,0,0,0
53,0,1000,0,0,1000,0,1000,12,12,12,12,2,2,166957,2,166957,2,0,0,0,0,12,12,12,12,2,2,166957,2,166957,2,0,0,0,0,12,12,12,12,2,2,166957,2,166957,2,0,0,0,0,12,12,12,12,2,2,166957,2,166957,2,0,0,0,0,12,12,12,12,2,2,166957,2,166957,2,0,0,0,0,12,12,12,12,2,2,166957,2,166957,2,0,0,0,0
54,0,1000,0,0,1000,0,1000,13,13,13,13,2,2,107763,102,0,0,80291,1,27472,101,13,13,13,13,2,2,107763,102,0,0,80291,1,27472,101,13,13,13,13,2,2,107763,102,0,0,80291,1,27472,101,13,13,13,13,2,2,107763,102,0,0,80291,1,27472,101,13,13,13,13,2,2,107763,102,0,0,80291,1,27472,101,13,13,13,13,2,2,107763,102,0,0,80291,1,27472,101
55,0,1000,0,0,1000,0,1000,13,13,13,13,3,3,0,0,0,0,0,0,0,0,13,13,13,13,3,3,0,0,0,0,0,0,0,0,13,13,13,13,3,3,0,0,0,0,0,0,0,0,13,13,13,13,3,3,0,0,0,0,0,0,0,0,13,13,13,13,3,3,0,0,0,0,0,0,0,0,13,13,13,13,3,3,0,0,0,0,0,0,0,0
56,0,1000,0,0,1000,0,1000,13,13,13,13,3,3,0,0,0,0,0,0,0,0,13,13,13,13,3,3,0,0,0,0,0,0,0,0,13,13,13,13,3,3,0,0,0,0,0,0,0,0,13,13,13,13,3,3,0,0,0,0,0,0,0,0,13,13,13,13,3,3,0,0,0,0,0,0,0,0,13,13,13,13,3,3,0,0,0,0,0,0,0,0
57,0,1000,0,0,1000,0,1000,13,13,13,13,3,3,585697,7,585697,7,0,0,0,0,13,13,13,13,3,3,585697,7,585697,7,0,0,0,0,13,13,13,13,3,3,585697,7,585697,7,0,0,0,0,13,13,13,13,3,3,585697,7,585697,7,0,0,0,0,13,13,13,13,3,3,585697,7,585697,7,0,0,0,0,13,13,13,13,3,3,585697,7,585697,7,0,0,0,0
58,0,1000,0,0,1000,0,1000,14,14,14,14,3,3,109667,109,0,0,80291,1,29376,108,14,14,14,14,3,3,109667,109,0,0,80291,1,29376,108,14,14,14,14,3,3,109667,109,0,0,80291,1,29376,108,14,14,14,14,3,3,109667,109,0,0,80291,1,29376,108,14,14,14,14,3,3,109667,109,0,0,80291,1,29376,108,14,14,14,14,3,3,109667,109,0,0,80291,1,29376,108
59,0,1000,0,0,1000,0,1000,14,14,14,14,4,4,0,0,0,0,0,0,0,0,14,14,14,14,4,4,0,0,0,0,0,0,0,0,14,14,14,14,4,4,0,0,0,0,0,0,0,0,14,14,14,14,4,4,0,0,0,0,0,0,0,0,14,14,14,14,4,4,0,0,0,0,0,0,0,0,14,14,14,14,4,4,0,0,0,0,0,0,0,0
60,0,1000,0,0,1000,0,1000,14,14,14,14,4,4,0,0,0,0,0,0,0,0,14,14,14,14,4,4,0,0,0,0,0,0,0,0,14,14,14,14,4,4,0,0,0,0,0,0,0,0,14,14,14,14,4,4,0,0,0,0,0,0,0,0,14,14,14,14,4,4,0,0,0,0,0,0,0,0,14,14,14,14,4,4,0,0,0,0,0,0,0,0
61,0,1000,0,0,1000,0,1000,14,14,14,14,4,4,1006739,12,1006739,12,0,0,0,0,14,14,14,14,4,4,1006739,12,1006739,12,0,0,0,0,14,14,14,14,4,4,1006739,12,1006739,12,0,0,0,0,14,14,14,14,4,4,1006739,12,1006739,12,0,0,0,0,14,14,14,14,4,4,1006739,12,1006739,12,0,0,0,0,14,14,14,14,4,4,1006739,12,1006739,12,0,0,0,0
62,0,1000,0,0,1000,0,1000,15,15,15,15,4,4,104499,90,0,0,80291,1,24208,89,15,15,15,15,4,4,104499,90,0,0,80291,1,24208,89,15,15,15,15,4,4,104499,90,0,0,80291,1,24208,89,15,15,15,15,4,4,104499,90,0,0,80291,1,24208,89,15,15,15,15,4,4,104499,90,0,0,80291,1,24208,89,15,15,15,15,4,4,104499,90,0,0,80291,1,24208,89
63,0,1000,0,0,1000,0,1000,15,15,15,15,5,5,0,0,0,0,0,0,0,0,15,15,15,15,5,5,0,0,0,0,0,0,0,0,15,15,15,15,5,5,0,0,0,0,0,0,0,0,15,15,15,15,5,5,0,0,0,0,0,0,0,0,15,15,15,15,5,5,0,0,0,0,0,0,0,0,15,15,15,15,5,5,0,0,0,0,0,0,0,0
64,0,1000,0,0,1000,0,1000,15,15,15,15,5,5,0,0,0,0,0,0,0,0,15,15,15,15,5,5,0,0,0,0,0,0,0,0,15,15,15,15,5,5,0,0,0,0,0,0,0,0,15,15,15,15,5,5,0,0,0,0,0,0,0,0,15,15,15,15,5,5,0,0,0,0,0,0,0,0,15,15,15,15,5,5,0,0,0,0,0,0,0,0
65,800,200,800,0,200,0,1000,15,15,15,15,5,5,1166016,14,1166016,14,0,0,0,0,15,15,15,15,5,5,1166016,14,1166016,14,0,0,0,0,15,15,15,15,5,5,1166016,14,1166016,14,0,0,0,0,15,15,15,15,5,5,1166016,14,1166016,14,0,0,0,0,15,15,15,15,5,5,1166016,14,1166016,14,0,0,0,0,15,15,15,15,5,5,1166016,14,1166016,14,0,0,0,0
66,800,200,800,0,200,0,1000,15,15,15,15,5,5,86818,25,0,0,80290,1,6528,24,15,15,15,15,5,5,86818,25,0,0,80290,1,6528,24,15,15,15,15,5,5,86818,25,0,0,80290,1,6528,24,15,15,15,15,5,5,86818,25,0,0,80290,1,6528,24,15,15,15,15,5,5,86818,25,0,0,80290,1,6528,24,15,15,15,15,5,5,86818,25,0,0,80290,1,6528,24
67,800,200,800,0,200,0,1000,15,15,15,15,5,5,0,0,0,0,0,0,0,0,15,15,15,15,6,6,0,0,0,0,0,0,0,0,15,15,15,15,5,5,0,0,0,0,0,0,0,0,15,15,15,15,5,5,0,0,0,0,0,0,0,0,15,15,15,15,5,5,0,0,0,0,0,0,0,0,15,15,15,15,6,6,0,0,0,0,0,0,0,0
68,800,200,800,0,200,0,1000,15,15,15,15,5,5,0,0,0,0,0,0,0,0,15,15,15,15,6,6,0,0,0,0,0,0,0,0,15,15,15,15,5,5,0,0,0,0,0,0,0,0,15,15,15,15,5,5,0,0,0,0,0,0,0,0,15,15,15,15,5,5,0,0,0,0,0,0,0,0,15,15,15,15,6,6,0,0,0,0,0,0,0,0
69,800,200,800,0,200,0,1000,15,15,15,15,5,5,81207,1,81207,1,0,0,0,0,15,15,15,15,6,6,81207,1,81207,1,0,0,0,0,15,15,15,15,5,5,81207,1,81207,1,0,0,0,0,15,15,15,15,5,5,81207,1,81207,1,0,0,0,0,15,15,15,15,5,5,81207,1,81207,1,0,0,0,0,15,15,15,15,6,6,81207,1,81207,1,0,0,0,0
70,800,200,800,0,200,0,1000,15,15,15,15,5,5,85459,20,0,0,80291,1,5168,19,15,15,15,15,6,6,85459,20,0,0,80291,1,5168,19,15,15,15,15,5,5,85459,20,0,0,80291,1,5168,19,15,15,15,15,5,5,85459,20,0,0,80291,1,5168,19,15,15,15,15,5,5,85459,20,0,0,80291,1,5168,19,15,15,15,15,6,6,85459,20,0,0,80291,1,5168,19
71,800,200,800,0,200,0,1000,15,15,15,15,5,5,0,0,0,0,0,0,0,0,15,15,15,15,7,7,0,0,0,0,0,0,0,0,15,15,15,15,5,5,0,0,0,0,0,0,0,0,15,15,15,15,5,5,0,0,0,0,0,0,0,0,15,15,15,15,5,5,0,0,0,0,0,0,0,0,15,15,15,15,7,7,0,0,0,0,0,0,0,0
72,800,200,800,0,200,0,1000,15,15,15,15,5,5,0,0,0,0,0,0,0,0,15,15,15,15,7,7,0,0,0,0,0,0,0,0,15,15,15,15,5,5,0,0,0,0,0,0,0,0,15,15,15,15,5,5,0,0,0,0,0,0,0,0,15,15,15,15,5,5,0,0,0,0,0,0,0,0,15,15,15,15,7,7,0,0,0,0,0,0,0,0
73,800,200,800,0,200,0,1000,15,15,15,15,5,5,81047,1,81047,1,0,0,0,0,15,15,15,15,7,7,81047,1,81047,1,0,0,0,0,15,15,15,15,5,5,81047,1,81047,1,0,0,0,0,15,15,15,15,5,5,81047,1,81047,1,0,0,0,0,15,15,15,15,5,5,81047,1,81047,1,0,0,0,0,15,15,15,15,7,7,81047,1,81047,1,0,0,0,0
74,800,200,800,0,200,0,1000,15,15,15,15,5,5,86275,23,0,0,80291,1,5984,22,15,15,15,15,7,7,86275,23,0,0,80291,1,5984,22,15,15,15,15,5,5,86275,23,0,0,80291,1,5984,22,15,15,15,15,5,5,86275,23,0,0,80291,1,5984,22,15,15,15,15,5,5,86275,23,0,0,80291,1,5984,22,15,15,15,15,7,7,86275,23,0,0,80291,1,5984,22
75,800,200,800,0,200,0,1000,15,15,15,15,5,5,0,0,0,0,0,0,0,0,15,15,15,15,8,8,0,0,0,0,0,0,0,0,15,15,15,15,5,5,0,0,0,0,0,0,0,0,15,15,15,15,5,5,0,0,0,0,0,0,0,0,15,15,15,15,5,5,0,0,0,0,0,0,0,0,15,15,15,15,8,8,0,0,0,0,0,0,0,0
76,800,200,800,0,200,0,1000,15,15,15,15,5,5,0,0,0,0,0,0,0,0,15,15,15,15,8,8,0,0,0,0,0,0,0,0,15,15,15,15,5,5,0,0,0,0,0,0,0,0,15,15,15,15,5,5,0,0,0,0,0,0,0,0,15,15,15,15,5,5,0,0,0,0,0,0,0,0,15,15,15,15,8,8,0,0,0,0,0,0,0,0
77,800,200,800,0,200,0,1000,15,15,15,15,5,5,81143,1,81143,1,0,0,0,0,15,15,15,15,8,8,81143,1,81143,1,0,0,0,0,15,15,15,15,5,5,81143,1,81143,1,0,0,0,0,15,15,15,15,5,5,81143,1,81143,1,0,0,0,0,15,15,15,15,5,5,81143,1,81143,1,0,0,0,0,15,15,15,15,8,8,81143,1,81143,1,0,0,0,0
78,800,200,800,0,200,0,1000,15,15,15,15,5,5,84371,16,0,0,80291,1,4080,15,15,15,15,15,8,8,84371,16,0,0,80291,1,4080,15,15,15,15,15,5,5,84371,16,0,0,80291,1,4080,15,15,15,15,15,5,5,84371,16,0,0,80291,1,4080,15,15,15,15,15,5,5,84371,16,0,0,80291,1,4080,15,15,15,15,15,8,8,84371,16,0,0,80291,1,4080,15
79,800,200,800,0,200,0,1000,15,15,15,15,5,5,0,0,0,0,0,0,0,0,15,15,15,15,9,9,0,0,0,0,0,0,0,0,15,15,15,15,5,5,0,0,0,0,0,0,0,0,15,15,15,15,5,5,0,0,0,0,0,0,0,0,15,15,15,15,5,5,0,0,0,0,0,0,0,0,15,15,15,15,9,9,0,0,0,0,0,0,0,0
80,800,200,800,0,200,0,1000,15,15,15,15,5,5,0,0,0,0,0,0,0,0,15,15,15,15,9,9,0,0,0,0,0,0,0,0,15,15,15,15,5,5,0,0,0,0,0,0,0,0,15,15,15,15,5,5,0,0,0,0,0,0,0,0,15,15,15,15,5,5,0,0,0,0,0,0,0,0,15,15,15,15,9,9,0,0,0,0,0,0,0,0
81,800,200,800,0,200,0,1000,15,15,15,15,5,5,242756,3,242756,3,0,0,0,0,15,15,15,15,9,9,242756,3,242756,3,0,0,0,0,15,15,15,15,5,5,242756,3,242756,3,0,0,0,0,15,15,15,15,5,5,242756,3,242756,3,0,0,0,0,15,15,15,15,5,5,242756,3,242756,3,0,0,0,0,15,15,15,15,9,9,242756,3,242756,3,0,0,0,0
82,800,200,800,0,200,0,1000,15,15,15,15,5,5,85731,21,0,0,80291,1,5440,20,15,15,15,15,9,9,85731,21,0,0,80291,1,5440,20,15,15,15,15,5,5,85731,21,0,0,80291,1,5440,20,15,15,15,15,5,5,85731,21,0,0,80291,1,5440,20,15,15,15,15,5,5,85731,21,0,0,80291,1,5440,20,15,15,15,15,9,9,85731,21,0,0,80291,1,5440,20
83,800,200,800,0,200,0,1000,15,15,15,15,5,5,0,0,0,0,0,0,0,0,15,15,15,15,10,10,0,0,0,0,0,0,0,0,15,15,15,15,5,5,0,0,0,0,0,0,0,0,15,15,15,15,5,5,0,0,0,0,0,0,0,0,15,15,15,15,5,5,0,0,0,0,0,0,0,0,15,15,15,15,10,10,0,0,0,0,0,0,0,0
84,800,200,800,0,200,0,1000,15,15,15,15,5,5,0,0,0,0,0,0,0,0,15,15,15,15,10,10,0,0,0,0,0,0,0,0,15,15,15,15,5,5,0,0,0,0,0,0,0,0,15,15,15,15,5,5,0,0,0,0,0,0,0,0,15,15,15,15,5,5,0,0,0,0,0,0,0,0,15,15,15,15,10,10,0,0,0,0,0,0,0,0
85,800,200,800,0,200,0,1000,15,15,15,15,5,5,324316,4,324316,4,0,0,0,0,15,15,15,15,10,10,324316,4,324316,4,0,0,0,0,15,15,15,15,5,5,324316,4,324316,4,0,0,0,0,15,15,15,15,5,5,324316,4,324316,4,0,0,0,0,15,15,15,15,5,5,324316,4,324316,4,0,0,0,0,15,15,15,15,10,10,324316,4,324316,4,0,0,0,0
86,800,200,800,0,200,0,1000,15,15,15,15,5,5,86547,24,0,0,80291,1,6256,23,15,15,15,15,10,10,86547,24,0,0,80291,1,6256,23,15,15,15,15,5,5,86547,24,0,0,80291,1,6256,23,15,15,15,15,5,5,86547,24,0,0,80291,1,6256,23,15,15,15,15,5,5,86547,24,0,0,80291,1,6256,23,15,15,15,15,10,10,86547,24,0,0,80291,1,6256,23
87,800,200,800,0,200,0,1000,15,15,15,15,5,5,0,0,0,0,0,0,0,0,15,15,15,15,11,11,0,0,0,0,0,0,0,0,15,15,15,15,5,5,0,0,0,0,0,0,0,0,15,15,15,15,5,5,0,0,0,0,0,0,0,0,15,15,15,15,5,5,0,0,0,0,0,0,0,0,15,15,15,15,11,11,0,0,0,0,0,0,0,0
88,800,200,800,0,200,0,1000,15,15,15,15,5,5,0,0,0,0,0,0,0,0,15,15,15,15,11,11,0,0,0,0,0,0,0,0,15,15,15,15,5,5,0,0,0,0,0,0,0,0,15,15,15,15,5,5,0,0,0,0,0,0,0,0,15,15,15,15,5,5,0,0,0,0,0,0,0,0,15,15,15,15,11,11,0,0,0,0,0,0,0,0
89,800,200,800,0,200,0,1000,15,15,15,15,5,5,243525,3,243525,3,0,0,0,0,15,15,15,15,11,11,243525,3,243525,3,0,0,0,0,15,15,15,15,5,5,243525,3,243525,3,0,0,0,0,15,15,15,15,5,5,243525,3,243525,3,0,0,0,0,15,15,15,15,5,5,243525,3,243525,3,0,0,0,0,15,15,15,15,11,11,243525,3,243525,3,0,0,0,0
90,800,200,800,0,200,0,1000,15,15,15,15,5,5,83555,13,0,0,80291,1,3264,12,15,15,15,15,11,11,83555,13,0,0,80291,1,3264,12,15,15,15,15,5,5,83555,13,0,0,80291,1,3264,12,15,15,15,15,5,5,83555,13,0,0,80291,1,3264,12,15,15,15,15,5,5,83555,13,0,0,80291,1,3264,12,15,15,15,15,11,11,83555,13,0,0,80291,1,3264,12
91,800,200,800,0,200,0,1000,15,15,15,15,5,5,0,0,0,0,0,0,0,0,15,15,15,15,12,12,0,0,0,0,0,0,0,0,15,15,15,15,5,5,0,0,0,0,0,0,0,0,15,15,15,15,5,5,0,0,0,0,0,0,0,0,15,15,15,15,5,5,0,0,0,0,0,0,0,0,15,15,15,15,12,12,0,0,0,0,0,0,0,0
92,800,200,800,0,200,0,1000,15,15,15,15,5,5,0,0,0,0,0,0,0,0,15,15,15,15,12,12,0,0,0,0,0,0,0,0,15,15,15,15,5,5,0,0,0,0,0,0,0,0,15,15,15,15,5,5,0,0,0,0,0,0,0,0,15,15,15,15,5,5,0,0,0,0,0,0,0,0,15,15,15,15,12,12,0,0,0,0,0,0,0,0
93,800,200,800,0,200,0,1000,15,15,15,15,5,5,80822,1,80822,1,0,0,0,0,15,15,15,15,12,12,80822,1,80822,1,0,0,0,0,15,15,15,15,5,5,80822,1,80822,1,0,0,0,0,15,15,15,15,5,5,80822,1,80822,1,0,0,0,0,15,15,15,15,5,5,80822,1,80822,1,0,0,0,0,15,15,15,15,12,12,80822,1,80822,1,0,0,0,0
94,800,200,800,0,200,0,1000,15,15,15,15,5,5,85458,20,0,0,80290,1,5168,19,15,15,15,15,12,12,85458,20,0,0,80290,1,5168,19,15,15,15,15,5,5,85458,20,0,0,80290,1,5168,19,15,15,15,15,5,5,85458,20,0,0,80290,1,5168,19,15,15,15,15,5,5,85458,20,0,0,80290,1,5168,19,15,15,15,15,12,12,85458,20,0,0,80290,1,5168,19
95,800,200,800,0,200,0,1000,15,15,15,15,5,5,0,0,0,0,0,0,0,0,15,15,15,15,13,13,0,0,0,0,0,0,0,0,15,15,15,15,5,5,0,0,0,0,0,0,0,0,15,15,15,15,5,5,0,0,0,0,0,0,0,0,15,15,15,15,5,5,0,0,0,0,0,0,0,0,15,15,15,15,13,13,0,0,0,0,0,0,0,0
96,800,200,800,0,200,0,1000,15,15,15,15,5,5,0,0,0,0,0,0,0,0,15,15,15,15,13,13,0,0,0,0,0,0,0,0,15,15,15,15,5,5,0,0,0,0,0,0,0,0,15,15,15,15,5,5,0,0,0,0,0,0,0,0,15,15,15,15,5,5,0,0,0,0,0,0,0,0,15,15,15,15,13,13,0,0,0,0,0,0,0,0
97,800,200,800,0,200,0,1000,15,15,15,15,5,5,243141,3,243141,3,0,0,0,0,15,15,15,15,13,13,243141,3,243141,3,0,0,0,0,15,15,15,15,5,5,243141,3,243141,3,0,0,0,0,15,15,15,15,5,5,243141,3,243141,3,0,0,0,0,15,15,15,15,5,5,243141,3,243141,3,0,0,0,0,15,15,15,15,13,13,243141,3,243141,3,0,0,0,0
98,800,200,800,0,200,0,1000,15,15,15,15,5,5,87363,27,0,0,80291,1,7072,26,15,15,15,15,13,13,87363,27,0,0,80291,1,7072,26,15,15,15,15,5,5,87363,27,0,0,80291,1,7072,26,15,15,15,15,5,5,87363,27,0,0,80291,1,7072,26,15,15,15,15,5,5,87363,27,0,0,80291,1,7072,26,15,15,15,15,13,13,87363,27,0,0,80291,1,7072,26
99,800,200,800,0,200,0,1000,15,15,15,15,5,5,0,0,0,0,0,0,0,0,15,15,15,15,14,14,0,0,0,0,0,0,0,0,15,15,15,15,5,5,0,0,0,0,0,0,0,0,15,15,15,15,5,5,0,0,0,0,0,0,0,0,15,15,15,15,5,5,0,0,0,0,0,0,0,0,15,15,15,15,14,14,0,0,0,0,0,0,0,0
100,800,200,800,0,200,0,1000,15,15,15,15,5,5,0,0,0,0,0,0,0,0,15,15,15,15,14,14,0,0,0,0,0,0,0,0,15,15,15,15,5,5,0,0,0,0,0,0,0,0,15,15,15,15,5,5,0,0,0,0,0,0,0,0,15,15,15,15,5,5,0,0,0,0,0,0,0,0,15,15,15,15,14,14,0,0,0,0,0,0,0,0
101,800,200,800,0,200,0,1000,15,15,15,15,5,5,325084,4,325084,4,0,0,0,0,15,15,15,15,14,14,325084,4,325084,4,0,0,0,0,15,15,15,15,5,5,325084,4,325084,4,0,0,0,0,15,15,15,15,5,5,325084,4,325084,4,0,0,0,0,15,15,15,15,5,5,325084,4,325084,4,0,0,0,0,15,15,15,15,14,14,325084,4,325084,4,0,0,0,0
102,800,200,800,0,200,0,1000,15,15,15,15,5,5,86547,24,0,0,80291,1,6256,23,15,15,15,15,14,14,86547,24,0,0,80291,1,6256,23,15,15,15,15,5,5,86547,24,0,0,80291,1,6256,23,15,15,15,15,5,5,86547,24,0,0,80291,1,6256,23,15,15,15,15,5,5,86547,24,0,0,80291,1,6256,23,15,15,15,15,14,14,86547,24,0,0,80291,1,6256,23
103,800,200,800,0,200,0,1000,15,15,15,15,5,5,0,0,0,0,0,0,0,0,15,15,15,15,15,15,0,0,0,0,0,0,0,0,15,15,15,15,5,5,0,0,0,0,0,0,0,0,15,15,15,15,5,5,0,0,0,0,0,0,0,0,15,15,15,15,5,5,0,0,0,0,0,0,0,0,15,15,15,15,15,15,0,0,0,0,0,0,0,0
104,800,200,800,0,200,0,1000,15,15,15,15,5,5,0,0,0,0,0,0,0,0,15,15,15,15,15,15,0,0,0,0,0,0,0,0,15,15,15,15,5,5,0,0,0,0,0,0,0,0,15,15,15,15,5,5,0,0,0,0,0,0,0,0,15,15,15,15,5,5,0,0,0,0,0,0,0,0,15,15,15,15,15,15,0,0,0,0,0,0,0,0
105,800,200,800,0,200,0,1000,15,15,15,15,5,5,81175,1,81175,1,0,0,0,0,15,15,15,15,15,15,81175,1,81175,1,0,0,0,0,15,15,15,15,5,5,81175,1,81175,1,0,0,0,0,15,15,15,15,5,5,81175,1,81175,1,0,0,0,0,15,15,15,15,5,5,81175,1,81175,1,0,0,0,0,15,15,15,15,15,15,81175,1,81175,1,0,0,0,0
106,800,200,800,0,200,0,1000,15,15,15,15,5,5,85187,19,0,0,80291,1,4896,18,15,15,15,15,15,15,85187,19,0,0,80291,1,4896,18,15,15,15,15,5,5,85187,19,0,0,80291,1,4896,18,15,15,15,15,5,5,85187,19,0,0,80291,1,4896,18,15,15,15,15,5,5,85187,19,0,0,80291,1,4896,18,15,15,15,15,15,15,85187,19,0,0,80291,1,4896,18
107,800,200,800,0,200,0,1000,15,15,15,15,5,5,0,0,0,0,0,0,0,0,16,16,15,15,16,16,0,0,0,0,0,0,0,0,15,15,15,15,5,5,0,0,0,0,0,0,0,0,15,15,15,15,5,5,0,0,0,0,0,0,0,0,15,15,15,15,5,5,0,0,0,0,0,0,0,0,16,16,15,15,16,16,0,0,0,0,0,0,0,0
108,800,200,800,0,200,0,1000,15,15,15,15,5,5,0,0,0,0,0,0,0,0,16,16,15,15,16,16,0,0,0,0,0,0,0,0,15,15,15,15,5,5,0,0,0,0,0,0,0,0,15,15,15,15,5,5,0,0,0,0,0,0,0,0,15,15,15,15,5,5,0,0,0,0,0,0,0,0,16,16,15,15,16,16,0,0,0,0,0,0,0,0
109,800,200,800,0,200,0,1000,15,15,15,15,5,5,81015,1,81015,1,0,0,0,0,16,16,15,15,16,16,81015,1,81015,1,0,0,0,0,15,15,15,15,5,5,81015,1,81015,1,0,0,0,0,15,15,15,15,5,5,81015,1,81015,1,0,0,0,0,15,15,15,15,5,5,81015,1,81015,1,0,0,0,0,16,16,15,15,16,16,81015,1,81015,1,0,0,0,0
110,800,200,800,0,200,0,1000,15,15,15,15,5,5,84643,17,0,0,80291,1,4352,16,16,16,15,15,16,16,84643,17,0,0,80291,1,4352,16,15,15,15,15,5,5,84643,17,0,0,80291,1,4352,16,15,15,15,15,5,5,84643,17,0,0,80291,1,4352,16,15,15,15,15,5,5,84643,17,0,0,80291,1,4352,16,16,16,15,15,16,16,84643,17,0,0,80291,1,4352,16
111,800,200,800,0,200,0,1000,15,15,15,15,5,5,0,0,0,0,0,0,0,0,17,17,15,15,17,17,0,0,0,0,0,0,0,0,15,15,15,15,5,5,0,0,0,0,0,0,0,0,15,15,15,15,5,5,0,0,0,0,0,0,0,0,15,15,15,15,5,5,0,0,0,0,0,0,0,0,17,17,15,15,17,17,0,0,0,0,0,0,0,0
112,800,200,800,0,200,0,1000,15,15,15,15,5,5,0,0,0,0,0,0,0,0,17,17,15,15,17,17,0,0,0,0,0,0,0,0,15,15,15,15,5,5,0,0,0,0,0,0,0,0,15,15,15,15,5,5,0,0,0,0,0,0,0,0,15,15,15,15,5,5,0,0,0,0,0,0,0,0,17,17,15,15,17,17,0,0,0,0,0,0,0,0
113,800,200,800,0,200,0,1000,15,15,15,15,5,5,242853,3,242853,3,0,0,0,0,17,17,15,15,17,17,242853,3,242853,3,0,0,0,0,15,15,15,15,5,5,242853,3,242853,3,0,0,0,0,15,15,15,15,5,5,242853,3,242853,3,0,0,0,0,15,15,15,15,5,5,242853,3,242853,3,0,0,0,0,17,17,15,15,17,17,242853,3,242853,3,0,0,0,0
114,800,200,800,0,200,0,1000,15,15,15,15,5,5,86547,24,0,0,80291,1,6256,23,17,17,15,15,17,17,86547,24,0,0,80291,1,6256,23,15,15,15,15,5,5,86547,24,0,0,80291,1,6256,23,15,15,15,15,5,5,86547,24,0,0,80291,1,6256,23,15,15,15,15,5,5,86547,24,0,0,80291,1,6256,23,17,17,15,15,17,17,86547,24,0,0,80291,1,6256,23
115,800,200,800,0,200,0,1000,15,15,15,15,5,5,0,0,0,0,0,0,0,0,18,18,15,15,18,18,0,0,0,0,0,0,0,0,15,15,15,15,5,5,0,0,0,0,0,0,0,0,15,15,15,15,5,5,0,0,0,0,0,0,0,0,15,15,15,15,5,5,0,0,0,0,0,0,0,0,18,18,15,15,18,18,0,0,0,0,0,0,0,0
116,800,200,800,0,200,0,1000,15,15,15,15,5,5,0,0,0,0,0,0,0,0,18,18,15,15,18,18,0,0,0,0,0,0,0,0,15,15,15,15,5,5,0,0,0,0,0,0,0,0,15,15,15,15,5,5,0,0,0,0,0,0,0,0,15,15,15,15,5,5,0,0,0,0,0,0,0,0,18,18,15,15,18,18,0,0,0,0,0,0,0,0
117,800,200,800,0,200,0,1000,15,15,15,15,5,5,324700,4,324700,4,0,0,0,0,18,18,15,15,18,18,324700,4,324700,4,0,0,0,0,15,15,15,15,5,5,324700,4,324700,4,0,0,0,0,15,15,15,15,5,5,324700,4,324700,4,0,0,0,0,15,15,15,15,5,5,324700,4,324700,4,0,0,0,0,18,18,15,15,18,18,324700,4,324700,4,0,0,0,0
118,800,200,800,0,200,0,1000,15,15,15,15,5,5,84915,18,0,0,80291,1,4624,17,18,18,15,15,18,18,84915,18,0,0,80291,1,4624,17,15,15,15,15,5,5,84915,18,0,0,80291,1,4624,17,15,15,15,15,5,5,84915,18,0,0,80291,1,4624,17,15,15,15,15,5,5,84915,18,0,0,80291,1,4624,17,18,18,15,15,18,18,84915,18,0,0,80291,1,4624,17
119,800,200,800,0,200,0,1000,15,15,15,15,5,5,0,0,0,0,0,0,0,0,19,19,15,15,19,19,0,0,0,0,0,0,0,0,15,15,15,15,5,5,0,0,0,0,0,0,0,0,15,15,15,15,5,5,0,0,0,0,0,0,0,0,15,15,15,15,5,5,0,0,0,0,0,0,0,0,19,19,15,15,19,19,0,0,0,0,0,0,0,0
120,800,200,800,0,200,0,1000,15,15,15,15,5,5,0,0,0,0,0,0,0,0,19,19,15,15,19,19,0,0,0,0,0,0,0,0,15,15,15,15,5,5,0,0,0,0,0,0,0,0,15,15,15,15,5,5,0,0,0,0,0,0,0,0,15,15,15,15,5,5,0,0,0,0,0,0,0,0,19,19,15,15,19,19,0,0,0,0,0,0,0,0
121,800,200,800,0,200,0,1000,15,15,15,15,5,5,161966,2,161966,2,0,0,0,0,19,19,15,15,19,19,161966,2,161966,2,0,0,0,0,15,15,15,15,5,5,161966,2,161966,2,0,0,0,0,15,15,15,15,5,5,161966,2,161966,2,0,0,0,0,15,15,15,15,5,5,161966,2,161966,2,0,0,0,0,19,19,15,15,19,19,161966,2,161966,2,0,0,0,0
122,800,200,800,0,200,0,1000,15,15,15,15,5,5,86003,22,0,0,80291,1,5712,21,19,19,15,15,19,19,86003,22,0,0,80291,1,5712,21,15,15,15,15,5,5,86003,22,0,0,80291,1,5712,21,15,15,15,15,5,5,86003,22,0,0,80291,1,5712,21,15,15,15,15,5,5,86003,22,0,0,80291,1,5712,21,19,19,15,15,19,19,86003,22,0,0,80291,1,5712,21
123,800,200,800,0,200,0,1000,15,15,15,15,5,5,0,0,0,0,0,0,0,0,20,20,15,15,20,20,0,0,0,0,0,0,0,0,15,15,15,15,5,5,0,0,0,0,0,0,0,0,15,15,15,15,5,5,0,0,0,0,0,0,0,0,15,15,15,15,5,5,0,0,0,0,0,0,0,0,20,20,15,15,20,20,0,0,0,0,0,0,0,0
124,800,200,800,0,200,0,1000,15,15,15,15,5,5,0,0,0,0,0,0,0,0,20,20,15,15,20,20,0,0,0,0,0,0,0,0,15,15,15,15,5,5,0,0,0,0,0,0,0,0,15,15,15,15,5,5,0,0,0,0,0,0,0,0,15,15,15,15,5,5,0,0,0,0,0,0,0,0,20,20,15,15,20,20,0,0,0,0,0,0,0,0
125,800,200,800,0,200,0,1000,15,15,15,15,5,5,243333,3,243333,3,0,0,0,0,20,20,15,15,20,20,243333,3,243333,3,0,0,0,0,15,15,15,15,5,5,243333,3,243333,3,0,0,0,0,15,15,15,15,5,5,243333,3,243333,3,0,0,0,0,15,15,15,15,5,5,243333,3,243333,3,0,0,0,0,20,20,15,15,20,20,243333,3,243333,3,0,0,0,0
126,0,1000,0,800,200,0,1000,15,15,15,15,5,5,84643,17,0,0,80291,1,4352,16,20,20,15,15,20,20,84643,17,0,0,80291,1,4352,16,15,15,15,15,5,5,84643,17,0,0,80291,1,4352,16,15,15,15,15,5,5,84643,17,0,0,80291,1,4352,16,15,15,15,15,5,5,84643,17,0,0,80291,1,4352,16,20,20,15,15,20,20,84643,17,0,0,80291,1,4352,16
127,0,1000,0,0,1000,0,1000,21,21,15,15,21,21,0,0,0,0,0,0,0,0,21,21,15,15,21,21,0,0,0,0,0,0,0,0,21,21,15,15,21,21,0,0,0,0,0,0,0,0,21,21,15,15,21,21,0,0,0,0,0,0,0,0,21,21,15,15,21,21,0,0,0,0,0,0,0,0,21,21,15,15,21,21,0,0,0,0,0,0,0,0
128,0,1000,0,0,1000,0,1000,21,21,15,15,21,21,0,0,0,0,0,0,0,0,21,21,15,15,21,21,0,0,0,0,0,0,0,0,21,21,15,15,21,21,0,0,0,0,0,0,0,0,21,21,15,15,21,21,0,0,0,0,0,0,0,0,21,21,15,15,21,21,0,0,0,0,0,0,0,0,21,21,15,15,21,21,0,0,0,0,0,0,0,0
129,0,1000,0,0,1000,0,1000,21,21,15,15,21,21,1457113,18,1457113,18,0,0,0,0,21,21,15,15,21,21,1457113,18,1457113,18,0,0,0,0,21,21,15,15,21,21,1457113,18,1457113,18,0,0,0,0,21,21,15,15,21,21,1457113,18,1457113,18,0,0,0,0,21,21,15,15,21,21,1457113,18,1457113,18,0,0,0,0,21,21,15,15,21,21,1457113,18,1457113,18,0,0,0,0
130,0,1000,0,0,1000,0,1000,32,32,32,32,21,21,109939,110,0,0,80291,1,29648,109,32,32,32,32,21,21,109939,110,0,0,80291,1,29648,109,32,32,32,32,21,21,109939,110,0,0,80291,1,29648,109,32,32,32,32,21,21,109939,110,0,0,80291,1,29648,109,32,32,32,32,21,21,109939,110,0,0,80291,1,29648,109,32,32,32,32,21,21,109939,110,0,0,80291,1,29648,109
131,0,1000,0,0,1000,0,1000,32,32,32,32,22,22,0,0,0,0,0,0,0,0,32,32,32,32,22,22,0,0,0,0,0,0,0,0,32,32,32,32,22,22,0,0,0,0,0,0,0,0,32,32,32,32,22,22,0,0,0,0,0,0,0,0,32,32,32,32,22,22,0,0,0,0,0,0,0,0,32,32,32,32,22,22,0,0,0,0,0,0,0,0
132,0,1000,0,0,1000,0,1000,32,32,32,32,22,22,0,0,0,0,0,0,0,0,32,32,32,32,22,22,0,0,0,0,0,0,0,0,32,32,32,32,22,22,0,0,0,0,0,0,0,0,32,32,32,32,22,22,0,0,0,0,0,0,0,0,32,32,32,32,22,22,0,0,0,0,0,0,0,0,32,32,32,32,22,22,0,0,0,0,0,0,0,0
133,0,1000,0,0,1000,0,1000,32,32,32,32,22,22,839267,10,839267,10,0,0,0,0,32,32,32,32,22,22,839267,10,839267,10,0,0,0,0,32,32,32,32,22,22,839267,10,839267,10,0,0,0,0,32,32,32,32,22,22,839267,10,839267,10,0,0,0,0,32,32,32,32,22,22,839267,10,839267,10,0,0,0,0,32,32,32,32,22,22,839267,10,839267,10,0,0,0,0
134,0,1000,0,0,1000,0,1000,33,33,33,33,22,22,109395,108,0,0,80291,1,29104,107,33,33,33,33,22,22,109395,108,0,0,80291,1,29104,107,33,33,33,33,22,22,109395,108,0,0,80291,1,29104,107,33,33,33,33,22,22,109395,108,0,0,80291,1,29104,107,33,33,33,33,22,22,109395,108,0,0,80291,1,29104,107,33,33,33,33,22,22,109395,108,0,0,80291,1,29104,107
135,0,1000,0,0,1000,0,1000,33,33,33,33,23,23,0,0,0,0,0,0,0,0,33,33,33,33,23,23,0,0,0,0,0,0,0,0,33,33,33,33,23,23,0,0,0,0,0,0,0,0,33,33,33,33,23,23,0,0,0,0,0,0,0,0,33,33,33,33,23,23,0,0,0,0,0,0,0,0,33,33,33,33,23,23,0,0,0,0,0,0,0,0
136,0,1000,0,0,1000,0,1000,33,33,33,33,23,23,0,0,0,0,0,0,0,0,33,33,33,33,23,23,0,0,0,0,0,0,0,0,33,33,33,33,23,23,0,0,0,0,0,0,0,0,33,33,33,33,23,23,0,0,0,0,0,0,0,0,33,33,33,33,23,23,0,0,0,0,0,0,0,0,33,33,33,33,23,23,0,0,0,0,0,0,0,0
137,0,1000,0,0,1000,0,1000,33,33,33,33,23,23,754766,9,754766,9,0,0,0,0,33,33,33,33,23,23,754766,9,754766,9,0,0,0,0,33,33,33,33,23,23,754766,9,754766,9,0,0,0,0,33,33,33,33,23,23,754766,9,754766,9,0,0,0,0,33,33,33,33,23,23,754766,9,754766,9,0,0,0,0,33,33,33,33,23,23,754766,9,754766,9,0,0,0,0
138,0,1000,0,0,1000,0,1000,34,34,34,34,23,23,107219,100,0,0,80291,1,26928,99,34,34,34,34,23,23,107219,100,0,0,80291,1,26928,99,34,34,34,34,23,23,107219,100,0,0,80291,1,26928,99,34,34,34,34,23,23,107219,100,0,0,80291,1,26928,99,34,34,34,34,23,23,107219,100,0,0,80291,1,26928,99,34,34,34,34,23,23,107219,100,0,0,80291,1,26928,99
139,0,1000,0,0,1000,0,1000,34,34,34,34,24,24,0,0,0,0,0,0,0,0,34,34,34,34,24,24,0,0,0,0,0,0,0,0,34,34,34,34,24,24,0,0,0,0,0,0,0,0,34,34,34,34,24,24,0,0,0,0,0,0,0,0,34,34,34,34,24,24,0,0,0,0,0,0,0,0,34,34,34,34,24,24,0,0,0,0,0,0,0,0
140,0,1000,0,0,1000,0,1000,34,34,34,34,24,24,0,0,0,0,0,0,0,0,34,34,34,34,24,24,0,0,0,0,0,0,0,0,34,34,34,34,24,24,0,0,0,0,0,0,0,0,34,34,34,34,24,24,0,0,0,0,0,0,0,0,34,34,34,34,24,24,0,0,0,0,0,0,0,0,34,34,34,34,24,24,0,0,0,0,0,0,0,0
141,0,1000,0,0,1000,0,1000,34,34,34,34,24,24,919675,11,919675,11,0,0,0,0,34,34,34,34,24,24,919675,11,919675,11,0,0,0,0,34,34,34,34,24,24,919675,11,919675,11,0,0,0,0,34,34,34,34,24,24,919675,11,919675,11,0,0,0,0,34,34,34,34,24,24,919675,11,919675,11,0,0,0,0,34,34,34,34,24,24,919675,11,919675,11,0,0,0,0
142,0,1000,0,0,1000,0,1000,35,35,35,35,24,24,105859,95,0,0,80291,1,25568,94,35,35,35,35,24,24,105859,95,0,0,80291,1,25568,94,35,35,35,35,24,24,105859,95,0,0,80291,1,25568,94,35,35,35,35,24,24,105859,95,0,0,80291,1,25568,94,35,35,35,35,24,24,105859,95,0,0,80291,1,25568,94,35,35,35,35,24,24,105859,95,0,0,80291,1,25568,94
143,0,1000,0,0,1000,0,1000,35,35,35,35,25,25,0,0,0,0,0,0,0,0,35,35,35,35,25,25,0,0,0,0,0,0,0,0,35,35,35,35,25,25,0,0,0,0,0,0,0,0,35,35,35,35,25,25,0,0,0,0,0,0,0,0,35,35,35,35,25,25,0,0,0,0,0,0,0,0,35,35,35,35,25,25,0,0,0,0,0,0,0,0
144,0,1000,0,0,1000,0,1000,35,35,35,35,25,25,0,0,0,0,0,0,0,0,35,35,35,35,25,25,0,0,0,0,0,0,0,0,35,35,35,35,25,25,0,0,0,0,0,0,0,0,35,35,35,35,25,25,0,0,0,0,0,0,0,0,35,35,35,35,25,25,0,0,0,0,0,0,0,0,35,35,35,35,25,25,0,0,0,0,0,0,0,0
145,0,1000,0,0,1000,0,1000,35,35,35,35,25,25,500682,6,500682,6,0,0,0,0,35,35,35,35,25,25,500682,6,500682,6,0,0,0,0,35,35,35,35,25,25,500682,6,500682,6,0,0,0,0,35,35,35,35,25,25,500682,6,500682,6,0,0,0,0,35,35,35,35,25,25,500682,6,500682,6,0,0,0,0,35,35,35,35,25,25,500682,6,500682,6,0,0,0,0
146,0,1000,0,0,1000,0,1000,36,36,36,36,25,25,107491,101,0,0,80291,1,27200,100,36,36,36,36,25,25,107491,101,0,0,80291,1,27200,100,36,36,36,36,25,25,107491,101,0,0,80291,1,27200,100,36,36,36,36,25,25,107491,101,0,0,80291,1,27200,100,36,36,36,36,25,25,107491,101,0,0,80291,1,27200,100,36,36,36,36,25,25,107491,101,0,0,80291,1,27200,100
147,0,1000,0,0,1000,0,1000,36,36,36,36,26,26,0,0,0,0,0,0,0,0,36,36,36,36,26,26,0,0,0,0,0,0,0,0,36,36,36,36,26,26,0,0,0,0,0,0,0,0,36,36,36,36,26,26,0,0,0,0,0,0,0,0,36,36,36,36,26,26,0,0,0,0,0,0,0,0,36,36,36,36,26,26,0,0,0,0,0,0,0,0
148,0,1000,0,0,1000,0,1000,36,36,36,36,26,26,0,0,0,0,0,0,0,0,36,36,36,36,26,26,0,0,0,0,0,0,0,0,36,36,36,36,26,26,0,0,0,0,0,0,0,0,36,36,36,36,26,26,0,0,0,0,0,0,0,0,36,36,36,36,26,26,0,0,0,0,0,0,0,0,36,36,36,36,26,26,0,0,0,0,0,0,0,0
149,0,1000,0,0,1000,0,1000,36,36,36,36,26,26,1170946,14,1170946,14,0,0,0,0,36,36,36,36,26,26,1170946,14,1170946,14,0,0,0,0,36,36,36,36,26,26,1170946,14,1170946,14,0,0,0,0,36,36,36,36,26,26,1170946,14,1170946,14,0,0,0,0,36,36,36,36,26,26,1170946,14,1170946,14,0,0,0,0,36,36,36,36,26,26,1170946,14,1170946,14,0,0,0,0
150,0,1000,0,0,1000,0,1000,37,37,37,37,26,26,111571,116,0,0,80291,1,31280,115,37,37,37,37,26,26,111571,116,0,0,80291,1,31280,115,37,37,37,37,26,26,111571,116,0,0,80291,1,31280,115,37,37,37,37,26,26,111571,116,0,0,80291,1,31280,115,37,37,37,37,26,26,111571,116,0,0,80291,1,31280,115,37,37,37,37,26,26,111571,116,0,0,80291,1,31280,115
151,0,1000,0,0,1000,0,1000,37,37,37,37,27,27,0,0,0,0,0,0,0,0,37,37,37,37,27,27,0,0,0,0,0,0,0,0,37,37,37,37,27,27,0,0,0,0,0,0,0,0,37,37,37,37,27,27,0,0,0,0,0,0,0,0,37,37,37,37,27,27,0,0,0,0,0,0,0,0,37,37,37,37,27,27,0,0,0,0,0,0,0,0
152,0,1000,0,0,1000,0,1000,37,37,37,37,27,27,0,0,0,0,0,0,0,0,37,37,37,37,27,27,0,0,0,0,0,0,0,0,37,37,37,37,27,27,0,0,0,0,0,0,0,0,37,37,37,37,27,27,0,0,0,0,0,0,0,0,37,37,37,37,27,27,0,0,0,0,0,0,0,0,37,37,37,37,27,27,0,0,0,0,0,0,0,0
153,0,1000,0,0,1000,0,1000,37,37,37,37,27,27,841188,10,841188,10,0,0,0,0,37,37,37,37,27,27,841188,10,841188,10,0,0,0,0,37,37,37,37,27,27,841188,10,841188,10,0,0,0,0,37,37,37,37,27,27,841188,10,841188,10,0,0,0,0,37,37,37,37,27,27,841188,10,841188,10,0,0,0,0,37,37,37,37,27,27,841188,10,841188,10,0,0,0,0
154,0,1000,0,0,1000,0,1000,38,38,38,38,27,27,111299,115,0,0,80291,1,31008,114,38,38,38,38,27,27,111299,115,0,0,80291,1,31008,114,38,38,38,38,27,27,111299,115,0,0,80291,1,31008,114,38,38,38,38,27,27,111299,115,0,0,80291,1,31008,114,38,38,38,38,27,27,111299,115,0,0,80291,1,31008,114,38,38,38,38,27,27,111299,115,0,0,80291,1,31008,114
155,0,1000,0,0,1000,0,1000,38,38,38,38,28,28,0,0,0,0,0,0,0,0,38,38,38,38,28,28,0,0,0,0,0,0,0,0,38,38,38,38,28,28,0,0,0,0,0,0,0,0,38,38,38,38,28,28,0,0,0,0,0,0,0,0,38,38,38,38,28,28,0,0,0,0,0,0,0,0,38,38,38,38,28,28,0,0,0,0,0,0,0,0
156,0,1000,0,0,1000,0,1000,38,38,38,38,28,28,0,0,0,0,0,0,0,0,38,38,38,38,28,28,0,0,0,0,0,0,0,0,38,38,38,38,28,28,0,0,0,0,0,0,0,0,38,38,38,38,28,28,0,0,0,0,0,0,0,0,38,38,38,38,28,28,0,0,0,0,0,0,0,0,38,38,38,38,28,28,0,0,0,0,0,0,0,0
157,0,1000,0,0,1000,0,1000,38,38,38,38,28,28,588608,7,588608,7,0,0,0,0,38,38,38,38,28,28,588608,7,588608,7,0,0,0,0,38,38,38,38,28,28,588608,7,588608,7,0,0,0,0,38,38,38,38,28,28,588608,7,588608,7,0,0,0,0,38,38,38,38,28,28,588608,7,588608,7,0,0,0,0,38,38,38,38,28,28,588608,7,588608,7,0,0,0,0
158,0,1000,0,0,1000,0,1000,39,39,39,39,28,28,110755,113,0,0,80291,1,30464,112,39,39,39,39,28,28,110755,113,0,0,80291,1,30464,112,39,39,39,39,28,28,110755,113,0,0,80291,1,30464,112,39,39,39,39,28,28,110755,113,0,0,80291,1,30464,112,39,39,39,39,28,28,110755,113,0,0,80291,1,30464,112,39,39,39,39,28,28,110755,113,0,0,80291,1,30464,112
159,0,1000,0,0,1000,0,1000,39,39,39,39,29,29,0,0,0,0,0,0,0,0,39,39,39,39,29,29,0,0,0,0,0,0,0,0,39,39,39,39,29,29,0,0,0,0,0,0,0,0,39,39,39,39,29,29,0,0,0,0,0,0,0,0,39,39,39,39,29,29,0,0,0,0,0,0,0,0,39,39,39,39,29,29,0,0,0,0,0,0,0,0
160,0,1000,0,0,1000,0,1000,39,39,39,39,29,29,0,0,0,0,0,0,0,0,39,39,39,39,29,29,0,0,0,0,0,0,0,0,39,39,39,39,29,29,0,0,0,0,0,0,0,0,39,39,39,39,29,29,0,0,0,0,0,0,0,0,39,39,39,39,29,29,0,0,0,0,0,0,0,0,39,39,39,39,29,29,0,0,0,0,0,0,0,0
161,0,1000,0,0,1000,0,1000,39,39,39,39,29,29,756206,9,756206,9,0,0,0,0,39,39,39,39,29,29,756206,9,756206,9,0,0,0,0,39,39,39,39,29,29,756206,9,756206,9,0,0,0,0,39,39,39,39,29,29,756206,9,756206,9,0,0,0,0,39,39,39,39,29,29,756206,9,756206,9,0,0,0,0,39,39,39,39,29,29,756206,9,756206,9,0,0,0,0
162,0,1000,0,0,1000,0,1000,40,40,40,40,29,29,108851,106,0,0,80291,1,28560,105,40,40,40,40,29,29,108851,106,0,0,80291,1,28560,105,40,40,40,40,29,29,108851,106,0,0,80291,1,28560,105,40,40,40,40,29,29,108851,106,0,0,80291,1,28560,105,40,40,40,40,29,29,108851,106,0,0,80291,1,28560,105,40,40,40,40,29,29,108851,106,0,0,80291,1,28560,105
163,0,1000,0,0,1000,0,1000,40,40,40,40,30,30,0,0,0,0,0,0,0,0,40,40,40,40,30,30,0,0,0,0,0,0,0,0,40,40,40,40,30,30,0,0,0,0,0,0,0,0,40,40,40,40,30,30,0,0,0,0,0,0,0,0,40,40,40,40,30,30,0,0,0,0,0,0,0,0,40,40,40,40,30,30,0,0,0,0,0,0,0,0
164,0,1000,0,0,1000,0,1000,40,40,40,40,30,30,0,0,0,0,0,0,0,0,40,40,40,40,30,30,0,0,0,0,0,0,0,0,40,40,40,40,30,30,0,0,0,0,0,0,0,0,40,40,40,40,30,30,0,0,0,0,0,0,0,0,40,40,40,40,30,30,0,0,0,0,0,0,0,0,40,40,40,40,30,30,0,0,0,0,0,0,0,0
165,0,1000,0,0,1000,0,1000,40,40,40,40,30,30,1005586,12,1005586,12,0,0,0,0,40,40,40,40,30,30,1005586,12,1005586,12,0,0,0,0,40,40,40,40,30,30,1005586,12,1005586,12,0,0,0,0,40,40,40,40,30,30,1005586,12,1005586,12,0,0,0,0,40,40,40,40,30,30,1005586,12,1005586,12,0,0,0,0,40,40,40,40,30,30,1005586,12,1005586,12,0,0,0,0
166,0,1000,0,0,1000,0,1000,41,41,41,41,30,30,103682,87,0,0,80290,1,23392,86,41,41,41,41,30,30,103682,87,0,0,80290,1,23392,86,41,41,41,41,30,30,103682,87,0,0,80290,1,23392,86,41,41,41,41,30,30,103682,87,0,0,80290,1,23392,86,41,41,41,41,30,30,103682,87,0,0,80290,1,23392,86,41,41,41,41,30,30,103682,87,0,0,80290,1,23392,86
167,0,1000,0,0,1000,0,1000,41,41,41,41,31,31,0,0,0,0,0,0,0,0,41,41,41,41,31,31,0,0,0,0,0,0,0,0,41,41,41,41,31,31,0,0,0,0,0,0,0,0,41,41,41,41,31,31,0,0,0,0,0,0,0,0,41,41,41,41,31,31,0,0,0,0,0,0,0,0,41,41,41,41,31,31,0,0,0,0,0,0,0,0
168,0,1000,0,0,1000,0,1000,41,41,41,41,31,31,0,0,0,0,0,0,0,0,41,41,41,41,31,31,0,0,0,0,0,0,0,0,41,41,41,41,31,31,0,0,0,0,0,0,0,0,41,41,41,41,31,31,0,0,0,0,0,0,0,0,41,41,41,41,31,31,0,0,0,0,0,0,0,0,41,41,41,41,31,31,0,0,0,0,0,0,0,0
169,0,1000,0,0,1000,0,1000,41,41,41,41,31,31,998292,12,998292,12,0,0,0,0,41,41,41,41,31,31,998292,12,998292,12,0,0,0,0,41,41,41,41,31,31,998292,12,998292,12,0,0,0,0,41,41,41,41,31,31,998292,12,998292,12,0,0,0,0,41,41,41,41,31,31,998292,12,998292,12,0,0,0,0,41,41,41,41,31,31,998292,12,998292,12,0,0,0,0
170,0,1000,0,0,1000,0,1000,42,42,42,42,31,31,112387,119,0,0,80291,1,32096,118,42,42,42,42,31,31,112387,119,0,0,80291,1,32096,118,42,42,42,42,31,31,112387,119,0,0,80291,1,32096,118,42,42,42,42,31,31,112387,119,0,0,80291,1,32096,118,42,42,42,42,31,31,112387,119,0,0,80291,1,32096,118,42,42,42,42,31,31,112387,119,0,0,80291,1,32096,118
171,0,1000,0,0,1000,0,1000,42,42,42,42,32,32,0,0,0,0,0,0,0,0,42,42,42,42,32,32,0,0,0,0,0,0,0,0,42,42,42,42,32,32,0,0,0,0,0,0,0,0,42,42,42,42,32,32,0,0,0,0,0,0,0,0,42,42,42,42,32,32,0,0,0,0,0,0,0,0,42,42,42,42,32,32,0,0,0,0,0,0,0,0
172,0,1000,0,0,1000,0,1000,42,42,42,42,32,32,0,0,0,0,0,0,0,0,42,42,42,42,32,32,0,0,0,0,0,0,0,0,42,42,42,42,32,32,0,0,0,0,0,0,0,0,42,42,42,42,32,32,0,0,0,0,0,0,0,0,42,42,42,42,32,32,0,0,0,0,0,0,0,0,42,42,42,42,32,32,0,0,0,0,0,0,0,0
173,0,1000,0,0,1000,0,1000,42,42,42,42,32,32,589504,7,589504,7,0,0,0,0,42,42,42,42,32,32,589504,7,589504,7,0,0,0,0,42,42,42,42,32,32,589504,7,589504,7,0,0,0,0,42,42,42,42,32,32,589504,7,589504,7,0,0,0,0,42,42,42,42,32,32,589504,7,589504,7,0,0,0,0,42,42,42,42,32,32,589504,7,589504,7,0,0,0,0
174,0,1000,0,0,1000,0,1000,43,43,43,43,32,32,106675,98,0,0,80291,1,26384,97,43,43,43,43,32,32,106675,98,0,0,80291,1,26384,97,43,43,43,43,32,32,106675,98,0,0,80291,1,26384,97,43,43,43,43,32,32,106675,98,0,0,80291,1,26384,97,43,43,43,43,32,32,106675,98,0,0,80291,1,26384,97,43,43,43,43,32,32,106675,98,0,0,80291,1,26384,97
175,0,1000,0,0,1000,0,1000,43,43,43,43,33,33,0,0,0,0,0,0,0,0,43,43,43,43,33,33,0,0,0,0,0,0,0,0,43,43,43,43,33,33,0,0,0,0,0,0,0,0,43,43,43,43,33,33,0,0,0,0,0,0,0,0,43,43,43,43,33,33,0,0,0,0,0,0,0,0,43,43,43,43,33,33,0,0,0,0,0,0,0,0
176,0,1000,0,0,1000,0,1000,43,43,43,43,33,33,0,0,0,0,0,0,0,0,43,43,43,43,33,33,0,0,0,0,0,0,0,0,43,43,43,43,33,33,0,0,0,0,0,0,0,0,43,43,43,43,33,33,0,0,0,0,0,0,0,0,43,43,43,43,33,33,0,0,0,0,0,0,0,0,43,43,43,43,33,33,0,0,0,0,0,0,0,0
177,0,1000,0,0,1000,0,1000,43,43,43,43,33,33,1002515,12,1002515,12,0,0,0,0,43,43,43,43,33,33,1002515,12,1002515,12,0,0,0,0,43,43,43,43,33,33,1002515,12,1002515,12,0,0,0,0,43,43,43,43,33,33,1002515,12,1002515,12,0,0,0,0,43,43,43,43,33,33,1002515,12,1002515,12,0,0,0,0,43,43,43,43,33,33,1002515,12,1002515,12,0,0,0,0
178,0,1000,0,0,1000,0,1000,44,44,44,44,33,33,107762,102,0,0,80290,1,27472,101,44,44,44,44,33,33,107762,102,0,0,80290,1,27472,101,44,44,44,44,33,33,107762,102,0,0,80290,1,27472,101,44,44,44,44,33,33,107762,102,0,0,80290,1,27472,101,44,44,44,44,33,33,107762,102,0,0,80290,1,27472,101,44,44,44,44,33,33,107762,102,0,0,80290,1,27472,101
179,0,1000,0,0,1000,0,1000,44,44,44,44,34,34,0,0,0,0,0,0,0,0,44,44,44,44,34,34,0,0,0,0,0,0,0,0,44,44,44,44,34,34,0,0,0,0,0,0,0,0,44,44,44,44,34,34,0,0,0,0,0,0,0,0,44,44,44,44,34,34,0,0,0,0,0,0,0,0,44,44,44,44,34,34,0,0,0,0,0,0,0,0
180,0,1000,0,0,1000,0,1000,44,44,44,44,34,34,0,0,0,0,0,0,0,0,44,44,44,44,34,34,0,0,0,0,0,0,0,0,44,44,44,44,34,34,0,0,0,0,0,0,0,0,44,44,44,44,34,34,0,0,0,0,0,0,0,0,44,44,44,44,34,34,0,0,0,0,0,0,0,0,44,44,44,44,34,34,0,0,0,0,0,0,0,0
181,0,1000,0,0,1000,0,1000,44,44,44,44,34,34,753039,9,753039,9,0,0,0,0,44,44,44,44,34,34,753039,9,753039,9,0,0,0,0,44,44,44,44,34,34,753039,9,753039,9,0,0,0,0,44,44,44,44,34,34,753039,9,753039,9,0,0,0,0,44,44,44,44,34,34,753039,9,753039,9,0,0,0,0,44,44,44,44,34,34,753039,9,753039,9,0,0,0,0
182,0,1000,0,0,1000,0,1000,45,45,45,45,34,34,115923,132,0,0,80291,1,35632,131,45,45,45,45,34,34,115923,132,0,0,80291,1,35632,131,45,45,45,45,34,34,115923,132,0,0,80291,1,35632,131,45,45,45,45,34,34,115923,132,0,0,80291,1,35632,131,45,45,45,45,34,34,115923,132,0,0,80291,1,35632,131,45,45,45,45,34,34,115923,132,0,0,80291,1,35632,131
183,0,1000,0,0,1000,0,1000,45,45,45,45,35,35,0,0,0,0,0,0,0,0,45,45,45,45,35,35,0,0,0,0,0,0,0,0,45,45,45,45,35,35,0,0,0,0,0,0,0,0,45,45,45,45,35,35,0,0,0,0,0,0,0,0,45,45,45,45,35,35,0,0,0,0,0,0,0,0,45,45,45,45,35,35,0,0,0,0,0,0,0,0
184,0,1000,0,0,1000,0,1000,45,45,45,45,35,35,0,0,0,0,0,0,0,0,45,45,45,45,35,35,0,0,0,0,0,0,0,0,45,45,45,45,35,35,0,0,0,0,0,0,0,0,45,45,45,45,35,35,0,0,0,0,0,0,0,0,45,45,45,45,35,35,0,0,0,0,0,0,0,0,45,45,45,45,35,35,0,0,0,0,0,0,0,0
185,0,1000,0,0,1000,0,1000,45,45,45,45,35,35,507785,6,507785,6,0,0,0,0,45,45,45,45,35,35,507785,6,507785,6,0,0,0,0,45,45,45,45,35,35,507785,6,507785,6,0,0,0,0,45,45,45,45,35,35,507785,6,507785,6,0,0,0,0,45,45,45,45,35,35,507785,6,507785,6,0,0,0,0,45,45,45,45,35,35,507785,6,507785,6,0,0,0,0
186,0,1000,0,0,1000,0,1000,46,46,46,46,35,35,107763,102,0,0,80291,1,27472,101,46,46,46,46,35,35,107763,102,0,0,80291,1,27472,101,46,46,46,46,35,35,107763,102,0,0,80291,1,27472,101,46,46,46,46,35,35,107763,102,0,0,80291,1,27472,101,46,46,46,46,35,35,107763,102,0,0,80291,1,27472,101,46,46,46,46,35,35,107763,102,0,0,80291,1,27472,101
187,800,200,800,0,200,0,1000,46,46,46,46,35,35,0,0,0,0,0,0,0,0,46,46,46,46,36,36,0,0,0,0,0,0,0,0,46,46,46,46,35,35,0,0,0,0,0,0,0,0,46,46,46,46,35,35,0,0,0,0,0,0,0,0,46,46,46,46,35,35,0,0,0,0,0,0,0,0,46,46,46,46,36,36,0,0,0,0,0,0,0,0
188,800,200,800,0,200,0,1000,46,46,46,46,35,35,0,0,0,0,0,0,0,0,46,46,46,46,36,36,0,0,0,0,0,0,0,0,46,46,46,46,35,35,0,0,0,0,0,0,0,0,46,46,46,46,35,35,0,0,0,0,0,0,0,0,46,46,46,46,35,35,0,0,0,0,0,0,0,0,46,46,46,46,36,36,0,0,0,0,0,0,0,0
189,800,200,800,0,200,0,1000,46,46,46,46,35,35,83671,1,83671,1,0,0,0,0,46,46,46,46,36,36,83671,1,83671,1,0,0,0,0,46,46,46,46,35,35,83671,1,83671,1,0,0,0,0,46,46,46,46,35,35,83671,1,83671,1,0,0,0,0,46,46,46,46,35,35,83671,1,83671,1,0,0,0,0,46,46,46,46,36,36,83671,1,83671,1,0,0,0,0
190,800,200,800,0,200,0,1000,46,46,46,46,35,35,89811,36,0,0,80291,1,9520,35,46,46,46,46,36,36,89811,36,0,0,80291,1,9520,35,46,46,46,46,35,35,89811,36,0,0,80291,1,9520,35,46,46,46,46,35,35,89811,36,0,0,80291,1,9520,35,46,46,46,46,35,35,89811,36,0,0,80291,1,9520,35,46,46,46,46,36,36,89811,36,0,0,80291,1,9520,35
191,800,200,800,0,200,0,1000,46,46,46,46,35,35,0,0,0,0,0,0,0,0,46,46,46,46,37,37,0,0,0,0,0,0,0,0,46,46,46,46,35,35,0,0,0,0,0,0,0,0,46,46,46,46,35,35,0,0,0,0,0,0,0,0,46,46,46,46,35,35,0,0,0,0,0,0,0,0,46,46,46,46,37,37,0,0,0,0,0,0,0,0
192,800,200,800,0,200,0,1000,46,46,46,46,35,35,0,0,0,0,0,0,0,0,46,46,46,46,37,37,0,0,0,0,0,0,0,0,46,46,46,46,35,35,0,0,0,0,0,0,0,0,46,46,46,46,35,35,0,0,0,0,0,0,0,0,46,46,46,46,35,35,0,0,0,0,0,0,0,0,46,46,46,46,37,37,0,0,0,0,0,0,0,0
193,800,200,800,0,200,0,1000,46,46,46,46,35,35,326233,4,326233,4,0,0,0,0,46,46,46,46,37,37,326233,4,326233,4,0,0,0,0,46,46,46,46,35,35,326233,4,326233,4,0,0,0,0,46,46,46,46,35,35,326233,4,326233,4,0,0,0,0,46,46,46,46,35,35,326233,4,326233,4,0,0,0,0,46,46,46,46,37,37,326233,4,326233,4,0,0,0,0
194,800,200,800,0,200,0,1000,46,46,46,46,35,35,84915,18,0,0,80291,1,4624,17,46,46,46,46,37,37,84915,18,0,0,80291,1,4624,17,46,46,46,46,35,35,84915,18,0,0,80291,1,4624,17,46,46,46,46,35,35,84915,18,0,0,80291,1,4624,17,46,46,46,46,35,35,84915,18,0,0,80291,1,4624,17,46,46,46,46,37,37,84915,18,0,0,80291,1,4624,17
195,800,200,800,0,200,0,1000,46,46,46,46,35,35,0,0,0,0,0,0,0,0,46,46,46,46,38,38,0,0,0,0,0,0,0,0,46,46,46,46,35,35,0,0,0,0,0,0,0,0,46,46,46,46,35,35,0,0,0,0,0,0,0,0,46,46,46,46,35,35,0,0,0,0,0,0,0,0,46,46,46,46,38,38,0,0,0,0,0,0,0,0
196,800,200,800,0,200,0,1000,46,46,46,46,35,35,0,0,0,0,0,0,0,0,46,46,46,46,38,38,0,0,0,0,0,0,0,0,46,46,46,46,35,35,0,0,0,0,0,0,0,0,46,46,46,46,35,35,0,0,0,0,0,0,0,0,46,46,46,46,35,35,0,0,0,0,0,0,0,0,46,46,46,46,38,38,0,0,0,0,0,0,0,0
197,800,200,800,0,200,0,1000,46,46,46,46,35,35,161966,2,161966,2,0,0,0,0,46,46,46,46,38,38,161966,2,161966,2,0,0,0,0,46,46,46,46,35,35,161966,2,161966,2,0,0,0,0,46,46,46,46,35,35,161966,2,161966,2,0,0,0,0,46,46,46,46,35,35,161966,2,161966,2,0,0,0,0,46,46,46,46,38,38,161966,2,161966,2,0,0,0,0
198,800,200,800,0,200,0,1000,46,46,46,46,35,35,85187,19,0,0,80291,1,4896,18,46,46,46,46,38,38,85187,19,0,0,80291,1,4896,18,46,46,46,46,35,35,85187,19,0,0,80291,1,4896,18,46,46,46,46,35,35,85187,19,0,0,80291,1,4896,18,46,46,46,46,35,35,85187,19,0,0,80291,1,4896,18,46,46,46,46,38,38,85187,19,0,0,80291,1,4896,18
199,800,200,800,0,200,0,1000,46,46,46,46,35,35,0,0,0,0,0,0,0,0,46,46,46,46,39,39,0,0,0,0,0,0,0,0,46,46,46,46,35,35,0,0,0,0,0,0,0,0,46,46,46,46,35,35,0,0,0,0,0,0,0,0,46,46,46,46,35,35,0,0,0,0,0,0,0,0,46,46,46,46,39,39,0,0,0,0,0,0,0,0
200,800,200,800,0,200,0,1000,46,46,46,46,35,35,0,0,0,0,0,0,0,0,46,46,46,46,39,39,0,0,0,0,0,0,0,0,46,46,46,46,35,35,0,0,0,0,0,0,0,0,46,46,46,46,35,35,0,0,0,0,0,0,0,0,46,46,46,46,35,35,0,0,0,0,0,0,0,0,46,46,46,46,39,39,0,0,0,0,0,0,0,0
201,800,200,800,0,200,0,1000,46,46,46,46,35,35,81014,1,81014,1,0,0,0,0,46,46,46,46,39,39,81014,1,81014,1,0,0,0,0,46,46,46,46,35,35,81014,1,81014,1,0,0,0,0,46,46,46,46,35,35,81014,1,81014,1,0,0,0,0,46,46,46,46,35,35,81014,1,81014,1,0,0,0,0,46,46,46,46,39,39,81014,1,81014,1,0,0,0,0
202,800,200,800,0,200,0,1000,46,46,46,46,35,35,87090,26,0,0,80290,1,6800,25,46,46,46,46,39,39,87090,26,0,0,80290,1,6800,25,46,46,46,46,35,35,87090,26,0,0,80290,1,6800,25,46,46,46,46,35,35,87090,26,0,0,80290,1,6800,25,46,46,46,46,35,35,87090,26,0,0,80290,1,6800,25,46,46,46,46,39,39,87090,26,0,0,80290,1,6800,25
203,800,200,800,0,200,0,1000,46,46,46,46,35,35,0,0,0,0,0,0,0,0,46,46,46,46,40,40,0,0,0,0,0,0,0,0,46,46,46,46,35,35,0,0,0,0,0,0,0,0,46,46,46,46,35,35,0,0,0,0,0,0,0,0,46,46,46,46,35,35,0,0,0,0,0,0,0,0,46,46,46,46,40,40,0,0,0,0,0,0,0,0
204,800,200,800,0,200,0,1000,46,46,46,46,35,35,0,0,0,0,0,0,0,0,46,46,46,46,40,40,0,0,0,0,0,0,0,0,46,46,46,46,35,35,0,0,0,0,0,0,0,0,46,46,46,46,35,35,0,0,0,0,0,0,0,0,46,46,46,46,35,35,0,0,0,0,0,0,0,0,46,46,46,46,40,40,0,0,0,0,0,0,0,0
205,800,200,800,0,200,0,1000,46,46,46,46,35,35,81239,1,81239,1,0,0,0,0,46,46,46,46,40,40,81239,1,81239,1,0,0,0,0,46,46,46,46,35,35,81239,1,81239,1,0,0,0,0,46,46,46,46,35,35,81239,1,81239,1,0,0,0,0,46,46,46,46,35,35,81239,1,81239,1,0,0,0,0,46,46,46,46,40,40,81239,1,81239,1,0,0,0,0
206,800,200,800,0,200,0,1000,46,46,46,46,35,35,87363,27,0,0,80291,1,7072,26,46,46,46,46,40,40,87363,27,0,0,80291,1,7072,26,46,46,46,46,35,35,87363,27,0,0,80291,1,7072,26,46,46,46,46,35,35,87363,27,0,0,80291,1,7072,26,46,46,46,46,35,35,87363,27,0,0,80291,1,7072,26,46,46,46,46,40,40,87363,27,0,0,80291,1,7072,26
207,800,200,800,0,200,0,1000,46,46,46,46,35,35,0,0,0,0,0,0,0,0,46,46,46,46,41,41,0,0,0,0,0,0,0,0,46,46,46,46,35,35,0,0,0,0,0,0,0,0,46,46,46,46,35,35,0,0,0,0,0,0,0,0,46,46,46,46,35,35,0,0,0,0,0,0,0,0,46,46,46,46,41,41,0,0,0,0,0,0,0,0
208,800,200,800,0,200,0,1000,46,46,46,46,35,35,0,0,0,0,0,0,0,0,46,46,46,46,41,41,0,0,0,0,0,0,0,0,46,46,46,46,35,35,0,0,0,0,0,0,0,0,46,46,46,46,35,35,0,0,0,0,0,0,0,0,46,46,46,46,35,35,0,0,0,0,0,0,0,0,46,46,46,46,41,41,0,0,0,0,0,0,0,0
209,800,200,800,0,200,0,1000,46,46,46,46,35,35,0,0,0,0,0,0,0,0,46,46,46,46,41,41,0,0,0,0,0,0,0,0,46,46,46,46,35,35,0,0,0,0,0,0,0,0,46,46,46,46,35,35,0,0,0,0,0,0,0,0,46,46,46,46,35,35,0,0,0,0,0,0,0,0,46,46,46,46,41,41,0,0,0,0,0,0,0,0
210,800,200,800,0,200,0,1000,46,46,46,46,35,35,6528,24,0,0,0,0,6528,24,46,46,46,46,41,41,6528,24,0,0,0,0,6528,24,46,46,46,46,35,35,6528,24,0,0,0,0,6528,24,46,46,46,46,35,35,6528,24,0,0,0,0,6528,24,46,46,46,46,35,35,6528,24,0,0,0,0,6528,24,46,46,46,46,41,41,6528,24,0,0,0,0,6528,24
211,800,200,800,0,200,0,1000,46,46,46,46,35,35,0,0,0,0,0,0,0,0,46,46,46,46,42,42,0,0,0,0,0,0,0,0,46,46,46,46,35,35,0,0,0,0,0,0,0,0,46,46,46,46,35,35,0,0,0,0,0,0,0,0,46,46,46,46,35,35,0,0,0,0,0,0,0,0,46,46,46,46,42,42,0,0,0,0,0,0,0,0
212,800,200,800,0,200,0,1000,46,46,46,46,35,35,0,0,0,0,0,0,0,0,46,46,46,46,42,42,0,0,0,0,0,0,0,0,46,46,46,46,35,35,0,0,0,0,0,0,0,0,46,46,46,46,35,35,0,0,0,0,0,0,0,0,46,46,46,46,35,35,0,0,0,0,0,0,0,0,46,46,46,46,42,42,0,0,0,0,0,0,0,0
213,800,200,800,0,200,0,1000,46,46,46,46,35,35,162413,2,162413,2,0,0,0,0,46,46,46,46,42,42,162413,2,162413,2,0,0,0,0,46,46,46,46,35,35,162413,2,162413,2,0,0,0,0,46,46,46,46,35,35,162413,2,162413,2,0,0,0,0,46,46,46,46,35,35,162413,2,162413,2,0,0,0,0,46,46,46,46,42,42,162413,2,162413,2,0,0,0,0
214,800,200,800,0,200,0,1000,46,46,46,46,35,35,86003,22,0,0,80291,1,5712,21,46,46,46,46,42,42,86003,22,0,0,80291,1,5712,21,46,46,46,46,35,35,86003,22,0,0,80291,1,5712,21,46,46,46,46,35,35,86003,22,0,0,80291,1,5712,21,46,46,46,46,35,35,86003,22,0,0,80291,1,5712,21,46,46,46,46,42,42,86003,22,0,0,80291,1,5712,21
215,800,200,800,0,200,0,1000,46,46,46,46,35,35,0,0,0,0,0,0,0,0,46,46,46,46,43,43,0,0,0,0,0,0,0,0,46,46,46,46,35,35,0,0,0,0,0,0,0,0,46,46,46,46,35,35,0,0,0,0,0,0,0,0,46,46,46,46,35,35,0,0,0,0,0,0,0,0,46,46,46,46,43,43,0,0,0,0,0,0,0,0
216,800,200,800,0,200,0,1000,46,46,46,46,35,35,0,0,0,0,0,0,0,0,46,46,46,46,43,43,0,0,0,0,0,0,0,0,46,46,46,46,35,35,0,0,0,0,0,0,0,0,46,46,46,46,35,35,0,0,0,0,0,0,0,0,46,46,46,46,35,35,0,0,0,0,0,0,0,0,46,46,46,46,43,43,0,0,0,0,0,0,0,0
217,800,200,800,0,200,0,1000,46,46,46,46,35,35,0,0,0,0,0,0,0,0,46,46,46,46,43,43,0,0,0,0,0,0,0,0,46,46,46,46,35,35,0,0,0,0,0,0,0,0,46,46,46,46,35,35,0,0,0,0,0,0,0,0,46,46,46,46,35,35,0,0,0,0,0,0,0,0,46,46,46,46,43,43,0,0,0,0,0,0,0,0
218,800,200,800,0,200,0,1000,46,46,46,46,35,35,5712,21,0,0,0,0,5712,21,46,46,46,46,43,43,5712,21,0,0,0,0,5712,21,46,46,46,46,35,35,5712,21,0,0,0,0,5712,21,46,46,46,46,35,35,5712,21,0,0,0,0,5712,21,46,46,46,46,35,35,5712,21,0,0,0,0,5712,21,46,46,46,46,43,43,5712,21,0,0,0,0,5712,21
219,800,200,800,0,200,0,1000,46,46,46,46,35,35,0,0,0,0,0,0,0,0,46,46,46,46,44,44,0,0,0,0,0,0,0,0,46,46,46,46,35,35,0,0,0,0,0,0,0,0,46,46,46,46,35,35,0,0,0,0,0,0,0,0,46,46,46,46,35,35,0,0,0,0,0,0,0,0,46,46,46,46,44,44,0,0,0,0,0,0,0,0
220,800,200,800,0,200,0,1000,46,46,46,46,35,35,0,0,0,0,0,0,0,0,46,46,46,46,44,44,0,0,0,0,0,0,0,0,46,46,46,46,35,35,0,0,0,0,0,0,0,0,46,46,46,46,35,35,0,0,0,0,0,0,0,0,46,46,46,46,35,35,0,0,0,0,0,0,0,0,46,46,46,46,44,44,0,0,0,0,0,0,0,0
221,800,200,800,0,200,0,1000,46,46,46,46,35,35,243333,3,243333,3,0,0,0,0,46,46,46,46,44,44,243333,3,243333,3,0,0,0,0,46,46,46,46,35,35,243333,3,243333,3,0,0,0,0,46,46,46,46,35,35,243333,3,243333,3,0,0,0,0,46,46,46,46,35,35,243333,3,243333,3,0,0,0,0,46,46,46,46,44,44,243333,3,243333,3,0,0,0,0
222,800,200,800,0,200,0,1000,46,46,46,46,35,35,87091,26,0,0,80291,1,6800,25,46,46,46,46,44,44,87091,26,0,0,80291,1,6800,25,46,46,46,46,35,35,87091,26,0,0,80291,1,6800,25,46,46,46,46,35,35,87091,26,0,0,80291,1,6800,25,46,46,46,46,35,35,87091,26,0,0,80291,1,6800,25,46,46,46,46,44,44,87091,26,0,0,80291,1,6800,25
223,800,200,800,0,200,0,1000,46,46,46,46,35,35,0,0,0,0,0,0,0,0,46,46,46,46,45,45,0,0,0,0,0,0,0,0,46,46,46,46,35,35,0,0,0,0,0,0,0,0,46,46,46,46,35,35,0,0,0,0,0,0,0,0,46,46,46,46,35,35,0,0,0,0,0,0,0,0,46,46,46,46,45,45,0,0,0,0,0,0,0,0
224,800,200,800,0,200,0,1000,46,46,46,46,35,35,0,0,0,0,0,0,0,0,46,46,46,46,45,45,0,0,0,0,0,0,0,0,46,46,46,46,35,35,0,0,0,0,0,0,0,0,46,46,46,46,35,35,0,0,0,0,0,0,0,0,46,46,46,46,35,35,0,0,0,0,0,0,0,0,46,46,46,46,45,45,0,0,0,0,0,0,0,0
225,800,200,800,0,200,0,1000,46,46,46,46,35,35,0,0,0,0,0,0,0,0,46,46,46,46,45,45,0,0,0,0,0,0,0,0,46,46,46,46,35,35,0,0,0,0,0,0,0,0,46,46,46,46,35,35,0,0,0,0,0,0,0,0,46,46,46,46,35,35,0,0,0,0,0,0,0,0,46,46,46,46,45,45,0,0,0,0,0,0,0,0
226,800,200,800,0,200,0,1000,46,46,46,46,35,35,5440,20,0,0,0,0,5440,20,46,46,46,46,45,45,5440,20,0,0,0,0,5440,20,46,46,46,46,35,35,5440,20,0,0,0,0,5440,20,46,46,46,46,35,35,5440,20,0,0,0,0,5440,20,46,46,46,46,35,35,5440,20,0,0,0,0,5440,20,46,46,46,46,45,45,5440,20,0,0,0,0,5440,20
227,800,200,800,0,200,0,1000,46,46,46,46,35,35,0,0,0,0,0,0,0,0,46,46,46,46,46,46,0,0,0,0,0,0,0,0,46,46,46,46,35,35,0,0,0,0,0,0,0,0,46,46,46,46,35,35,0,0,0,0,0,0,0,0,46,46,46,46,35,35,0,0,0,0,0,0,0,0,46,46,46,46,46,46,0,0,0,0,0,0,0,0
228,800,200,800,0,200,0,1000,46,46,46,46,35,35,0,0,0,0,0,0,0,0,46,46,46,46,46,46,0,0,0,0,0,0,0,0,46,46,46,46,35,35,0,0,0,0,0,0,0,0,46,46,46,46,35,35,0,0,0,0,0,0,0,0,46,46,46,46,35,35,0,0,0,0,0,0,0,0,46,46,46,46,46,46,0,0,0,0,0,0,0,0
229,800,200,800,0,200,0,1000,46,46,46,46,35,35,162158,2,162158,2,0,0,0,0,46,46,46,46,46,46,162158,2,162158,2,0,0,0,0,46,46,46,46,35,35,162158,2,162158,2,0,0,0,0,46,46,46,46,35,35,162158,2,162158,2,0,0,0,0,46,46,46,46,35,35,162158,2,162158,2,0,0,0,0,46,46,46,46,46,46,162158,2,162158,2,0,0,0,0
230,800,200,800,0,200,0,1000,46,46,46,46,35,35,86547,24,0,0,80291,1,6256,23,46,46,46,46,46,46,86547,24,0,0,80291,1,6256,23,46,46,46,46,35,35,86547,24,0,0,80291,1,6256,23,46,46,46,46,35,35,86547,24,0,0,80291,1,6256,23,46,46,46,46,35,35,86547,24,0,0,80291,1,6256,23,46,46,46,46,46,46,86547,24,0,0,80291,1,6256,23
231,800,200,800,0,200,0,1000,46,46,46,46,35,35,0,0,0,0,0,0,0,0,47,47,46,46,47,47,0,0,0,0,0,0,0,0,46,46,46,46,35,35,0,0,0,0,0,0,0,0,46,46,46,46,35,35,0,0,0,0,0,0,0,0,46,46,46,46,35,35,0,0,0,0,0,0,0,0,47,47,46,46,47,47,0,0,0,0,0,0,0,0
232,800,200,800,0,200,0,1000,46,46,46,46,35,35,0,0,0,0,0,0,0,0,47,47,46,46,47,47,0,0,0,0,0,0,0,0,46,46,46,46,35,35,0,0,0,0,0,0,0,0,46,46,46,46,35,35,0,0,0,0,0,0,0,0,46,46,46,46,35,35,0,0,0,0,0,0,0,0,47,47,46,46,47,47,0,0,0,0,0,0,0,0
233,800,200,800,0,200,0,1000,46,46,46,46,35,35,81175,1,81175,1,0,0,0,0,47,47,46,46,47,47,81175,1,81175,1,0,0,0,0,46,46,46,46,35,35,81175,1,81175,1,0,0,0,0,46,46,46,46,35,35,81175,1,81175,1,0,0,0,0,46,46,46,46,35,35,81175,1,81175,1,0,0,0,0,47,47,46,46,47,47,81175,1,81175,1,0,0,0,0
234,800,200,800,0,200,0,1000,46,46,46,46,35,35,86003,22,0,0,80291,1,5712,21,47,47,46,46,47,47,86003,22,0,0,80291,1,5712,21,46,46,46,46,35,35,86003,22,0,0,80291,1,5712,21,46,46,46,46,35,35,86003,22,0,0,80291,1,5712,21,46,46,46,46,35,35,86003,22,0,0,80291,1,5712,21,47,47,46,46,47,47,86003,22,0,0,80291,1,5712,21
235,800,200,800,0,200,0,1000,46,46,46,46,35,35,0,0,0,0,0,0,0,0,48,48,46,46,48,48,0,0,0,0,0,0,0,0,46,46,46,46,35,35,0,0,0,0,0,0,0,0,46,46,46,46,35,35,0,0,0,0,0,0,0,0,46,46,46,46,35,35,0,0,0,0,0,0,0,0,48,48,46,46,48,48,0,0,0,0,0,0,0,0
236,800,200,800,0,200,0,1000,46,46,46,46,35,35,0,0,0,0,0,0,0,0,48,48,46,46,48,48,0,0,0,0,0,0,0,0,46,46,46,46,35,35,0,0,0,0,0,0,0,0,46,46,46,46,35,35,0,0,0,0,0,0,0,0,46,46,46,46,35,35,0,0,0,0,0,0,0,0,48,48,46,46,48,48,0,0,0,0,0,0,0,0
237,800,200,800,0,200,0,1000,46,46,46,46,35,35,324444,4,324444,4,0,0,0,0,48,48,46,46,48,48,324444,4,324444,4,0,0,0,0,46,46,46,46,35,35,324444,4,324444,4,0,0,0,0,46,46,46,46,35,35,324444,4,324444,4,0,0,0,0,46,46,46,46,35,35,324444,4,324444,4,0,0,0,0,48,48,46,46,48,48,324444,4,324444,4,0,0,0,0
238,800,200,800,0,200,0,1000,46,46,46,46,35,35,85731,21,0,0,80291,1,5440,20,48,48,46,46,48,48,85731,21,0,0,80291,1,5440,20,46,46,46,46,35,35,85731,21,0,0,80291,1,5440,20,46,46,46,46,35,35,85731,21,0,0,80291,1,5440,20,46,46,46,46,35,35,85731,21,0,0,80291,1,5440,20,48,48,46,46,48,48,85731,21,0,0,80291,1,5440,20
239,800,200,800,0,200,0,1000,46,46,46,46,35,35,0,0,0,0,0,0,0,0,49,49,46,46,49,49,0,0,0,0,0,0,0,0,46,46,46,46,35,35,0,0,0,0,0,0,0,0,46,46,46,46,35,35,0,0,0,0,0,0,0,0,46,46,46,46,35,35,0,0,0,0,0,0,0,0,49,49,46,46,49,49,0,0,0,0,0,0,0,0
240,800,200,800,0,200,0,1000,46,46,46,46,35,35,0,0,0,0,0,0,0,0,49,49,46,46,49,49,0,0,0,0,0,0,0,0,46,46,46,46,35,35,0,0,0,0,0,0,0,0,46,46,46,46,35,35,0,0,0,0,0,0,0,0,46,46,46,46,35,35,0,0,0,0,0,0,0,0,49,49,46,46,49,49,0,0,0,0,0,0,0,0
241,800,200,800,0,200,0,1000,46,46,46,46,35,35,162158,2,162158,2,0,0,0,0,49,49,46,46,49,49,162158,2,162158,2,0,0,0,0,46,46,46,46,35,35,162158,2,162158,2,0,0,0,0,46,46,46,46,35,35,162158,2,162158,2,0,0,0,0,46,46,46,46,35,35,162158,2,162158,2,0,0,0,0,49,49,46,46,49,49,162158,2,162158,2,0,0,0,0
242,800,200,800,0,200,0,1000,46,46,46,46,35,35,86819,25,0,0,80291,1,6528,24,49,49,46,46,49,49,86819,25,0,0,80291,1,6528,24,46,46,46,46,35,35,86819,25,0,0,80291,1,6528,24,46,46,46,46,35,35,86819,25,0,0,80291,1,6528,24,46,46,46,46,35,35,86819,25,0,0,80291,1,6528,24,49,49,46,46,49,49,86819,25,0,0,80291,1,6528,24
243,800,200,800,0,200,0,1000,46,46,46,46,35,35,0,0,0,0,0,0,0,0,50,50,46,46,50,50,0,0,0,0,0,0,0,0,46,46,46,46,35,35,0,0,0,0,0,0,0,0,46,46,46,46,35,35,0,0,0,0,0,0,0,0,46,46,46,46,35,35,0,0,0,0,0,0,0,0,50,50,46,46,50,50,0,0,0,0,0,0,0,0
244,800,200,800,0,200,0,1000,46,46,46,46,35,35,0,0,0,0,0,0,0,0,50,50,46,46,50,50,0,0,0,0,0,0,0,0,46,46,46,46,35,35,0,0,0,0,0,0,0,0,46,46,46,46,35,35,0,0,0,0,0,0,0,0,46,46,46,46,35,35,0,0,0,0,0,0,0,0,50,50,46,46,50,50,0,0,0,0,0,0,0,0
245,800,200,800,0,200,0,1000,46,46,46,46,35,35,406035,5,406035,5,0,0,0,0,50,50,46,46,50,50,406035,5,406035,5,0,0,0,0,46,46,46,46,35,35,406035,5,406035,5,0,0,0,0,46,46,46,46,35,35,406035,5,406035,5,0,0,0,0,46,46,46,46,35,35,406035,5,406035,5,0,0,0,0,50,50,46,46,50,50,406035,5,406035,5,0,0,0,0
246,800,200,800,0,200,0,1000,46,46,46,46,35,35,84099,15,0,0,80291,1,3808,14,50,50,46,46,50,50,84099,15,0,0,80291,1,3808,14,46,46,46,46,35,35,84099,15,0,0,80291,1,3808,14,46,46,46,46,35,35,84099,15,0,0,80291,1,3808,14,46,46,46,46,35,35,84099,15,0,0,80291,1,3808,14,50,50,46,46,50,50,84099,15,0,0,80291,1,3808,14
247,800,200,800,0,200,0,1000,46,46,46,46,35,35,0,0,0,0,0,0,0,0,51,51,46,46,51,51,0,0,0,0,0,0,0,0,46,46,46,46,35,35,0,0,0,0,0,0,0,0,46,46,46,46,35,35,0,0,0,0,0,0,0,0,46,46,46,46,35,35,0,0,0,0,0,0,0,0,51,51,46,46,51,51,0,0,0,0,0,0,0,0
248,0,1000,0,800,200,0,1000,46,46,46,46,35,35,0,0,0,0,0,0,0,0,51,51,46,46,51,51,0,0,0,0,0,0,0,0,46,46,46,46,35,35,0,0,0,0,0,0,0,0,46,46,46,46,35,35,0,0,0,0,0,0,0,0,46,46,46,46,35,35,0,0,0,0,0,0,0,0,51,51,46,46,51,51,0,0,0,0,0,0,0,0
249,0,1000,0,800,200,0,1000,46,46,46,46,35,35,80887,1,80887,1,0,0,0,0,51,51,46,46,51,51,80887,1,80887,1,0,0,0,0,46,46,46,46,35,35,80887,1,80887,1,0,0,0,0,46,46,46,46,35,35,80887,1,80887,1,0,0,0,0,46,46,46,46,35,35,80887,1,80887,1,0,0,0,0,51,51,46,46,51,51,80887,1,80887,1,0,0,0,0
250,0,1000,0,800,200,0,1000,46,46,46,46,35,35,85187,19,0,0,80291,1,4896,18,51,51,46,46,51,51,85187,19,0,0,80291,1,4896,18,46,46,46,46,35,35,85187,19,0,0,80291,1,4896,18,46,46,46,46,35,35,85187,19,0,0,80291,1,4896,18,46,46,46,46,35,35,85187,19,0,0,80291,1,4896,18,51,51,46,46,51,51,85187,19,0,0,80291,1,4896,18
251,0,1000,0,0,1000,0,1000,51,51,46,46,51,51,0,0,0,0,0,0,0,0,51,51,46,46,51,51,0,0,0,0,0,0,0,0,51,51,46,46,51,51,0,0,0,0,0,0,0,0,51,51,46,46,51,51,0,0,0,0,0,0,0,0,51,51,46,46,51,51,0,0,0,0,0,0,0,0,51,51,46,46,51,51,0,0,0,0,0,0,0,0
252,0,1000,0,0,1000,0,1000,51,51,46,46,51,51,0,0,0,0,0,0,0,0,51,51,46,46,51,51,0,0,0,0,0,0,0,0,51,51,46,46,51,51,0,0,0,0,0,0,0,0,51,51,46,46,51,51,0,0,0,0,0,0,0,0,51,51,46,46,51,51,0,0,0,0,0,0,0,0,51,51,46,46,51,51,0,0,0,0,0,0,0,0
253,0,1000,0,0,1000,0,1000,51,51,46,46,51,51,1296238,16,1296238,16,0,0,0,0,51,51,46,46,51,51,1296238,16,1296238,16,0,0,0,0,51,51,46,46,51,51,1296238,16,1296238,16,0,0,0,0,51,51,46,46,51,51,1296238,16,1296238,16,0,0,0,0,51,51,46,46,51,51,1296238,16,1296238,16,0,0,0,0,51,51,46,46,51,51,1296238,16,1296238,16,0,0,0,0
254,0,1000,0,0,1000,0,1000,60,63,60,63,51,51,106947,99,0,0,80291,1,26656,98,60,63,60,63,51,51,106947,99,0,0,80291,1,26656,98,60,63,60,63,51,51,106947,99,0,0,80291,1,26656,98,60,63,60,63,51,51,106947,99,0,0,80291,1,26656,98,60,63,60,63,51,51,106947,99,0,0,80291,1,26656,98,60,63,60,63,51,51,106947,99,0,0,80291,1,26656,98
255,0,1000,0,0,1000,0,1000,60,63,60,63,52,53,0,0,0,0,0,0,0,0,60,63,60,63,52,53,0,0,0,0,0,0,0,0,60,63,60,63,52,53,0,0,0,0,0,0,0,0,60,63,60,63,52,53,0,0,0,0,0,0,0,0,60,63,60,63,52,53,0,0,0,0,0,0,0,0,60,63,60,63,52,53,0,0,0,0,0,0,0,0
256,0,1000,0,0,1000,0,1000,60,63,60,63,52,53,0,0,0,0,0,0,0,0,60,63,60,63,52,53,0,0,0,0,0,0,0,0,60,63,60,63,52,53,0,0,0,0,0,0,0,0,60,63,60,63,52,53,0,0,0,0,0,0,0,0,60,63,60,63,52,53,0,0,0,0,0,0,0,0,60,63,60,63,52,53,0,0,0,0,0,0,0,0
257,0,1000,0,0,1000,0,1000,60,63,60,63,52,53,668600,8,668600,8,0,0,0,0,60,63,60,63,52,53,668600,8,668600,8,0,0,0,0,60,63,60,63,52,53,668600,8,668600,8,0,0,0,0,60,63,60,63,52,53,668600,8,668600,8,0,0,0,0,60,63,60,63,52,53,668600,8,668600,8,0,0,0,0,60,63,60,63,52,53,668600,8,668600,8,0,0,0,0
258,0,1000,0,0,1000,0,1000,61,64,61,64,52,53,106131,96,0,0,80291,1,25840,95,61,64,61,64,52,53,106131,96,0,0,80291,1,25840,95,61,64,61,64,52,53,106131,96,0,0,80291,1,25840,95,61,64,61,64,52,53,106131,96,0,0,80291,1,25840,95,61,64,61,64,52,53,106131,96,0,0,80291,1,25840,95,61,64,61,64,52,53,106131,96,0,0,80291,1,25840,95
259,0,1000,0,0,1000,0,1000,61,64,61,64,52,53,0,0,0,0,0,0,0,0,61,64,61,64,52,53,0,0,0,0,0,0,0,0,61,64,61,64,52,53,0,0,0,0,0,0,0,0,61,64,61,64,52,53,0,0,0,0,0,0,0,0,61,64,61,64,52,53,0,0,0,0,0,0,0,0,61,64,61,64,52,53,0,0,0,0,0,0,0,0
260,0,1000,0,0,1000,0,1000,61,64,61,64,52,53,0,0,0,0,0,0,0,0,61,64,61,64,52,53,0,0,0,0,0,0,0,0,61,64,61,64,52,53,0,0,0,0,0,0,0,0,61,64,61,64,52,53,0,0,0,0,0,0,0,0,61,64,61,64,52,53,0,0,0,0,0,0,0,0,61,64,61,64,52,53,0,0,0,0,0,0,0,0
261,0,1000,0,0,1000,0,1000,61,64,61,64,52,53,751311,9,751311,9,0,0,0,0,61,64,61,64,52,53,751311,9,751311,9,0,0,0,0,61,64,61,64,52,53,751311,9,751311,9,0,0,0,0,61,64,61,64,52,53,751311,9,751311,9,0,0,0,0,61,64,61,64,52,53,751311,9,751311,9,0,0,0,0,61,64,61,64,52,53,751311,9,751311,9,0,0,0,0
262,0,1000,0,0,1000,0,1000,62,65,62,65,52,53,104771,91,0,0,80291,1,24480,90,62,65,62,65,52,53,104771,91,0,0,80291,1,24480,90,62,65,62,65,52,53,104771,91,0,0,80291,1,24480,90,62,65,62,65,52,53,104771,91,0,0,80291,1,24480,90,62,65,62,65,52,53,104771,91,0,0,80291,1,24480,90,62,65,62,65,52,53,104771,91,0,0,80291,1,24480,90
263,0,1000,0,0,1000,0,1000,62,65,62,65,53,55,0,0,0,0,0,0,0,0,62,65,62,65,53,55,0,0,0,0,0,0,0,0,62,65,62,65,53,55,0,0,0,0,0,0,0,0,62,65,62,65,53,55,0,0,0,0,0,0,0,0,62,65,62,65,53,55,0,0,0,0,0,0,0,0,62,65,62,65,53,55,0,0,0,0,0,0,0,0
264,0,1000,0,0,1000,0,1000,62,65,62,65,53,55,0,0,0,0,0,0,0,0,62,65,62,65,53,55,0,0,0,0,0,0,0,0,62,65,62,65,53,55,0,0,0,0,0,0,0,0,62,65,62,65,53,55,0,0,0,0,0,0,0,0,62,65,62,65,53,55,0,0,0,0,0,0,0,0,62,65,62,65,53,55,0,0,0,0,0,0,0,0
265,0,1000,0,0,1000,0,1000,62,65,62,65,53,55,416594,5,416594,5,0,0,0,0,62,65,62,65,53,55,416594,5,416594,5,0,0,0,0,62,65,62,65,53,55,416594,5,416594,5,0,0,0,0,62,65,62,65,53,55,416594,5,416594,5,0,0,0,0,62,65,62,65,53,55,416594,5,416594,5,0,0,0,0,62,65,62,65,53,55,416594,5,416594,5,0,0,0,0
266,0,1000,0,0,1000,0,1000,63,66,63,66,53,55,105587,94,0,0,80291,1,25296,93,63,66,63,66,53,55,105587,94,0,0,80291,1,25296,93,63,66,63,66,53,55,105587,94,0,0,80291,1,25296,93,63,66,63,66,53,55,105587,94,0,0,80291,1,25296,93,63,66,63,66,53,55,105587,94,0,0,80291,1,25296,93,63,66,63,66,53,55,105587,94,0,0,80291,1,25296,93
267,0,1000,0,0,1000,0,1000,63,66,63,66,53,55,0,0,0,0,0,0,0,0,63,66,63,66,53,55,0,0,0,0,0,0,0,0,63,66,63,66,53,55,0,0,0,0,0,0,0,0,63,66,63,66,53,55,0,0,0,0,0,0,0,0,63,66,63,66,53,55,0,0,0,0,0,0,0,0,63,66,63,66,53,55,0,0,0,0,0,0,0,0
268,0,1000,0,0,1000,0,1000,63,66,63,66,53,55,0,0,0,0,0,0,0,0,63,66,63,66,53,55,0,0,0,0,0,0,0,0,63,66,63,66,53,55,0,0,0,0,0,0,0,0,63,66,63,66,53,55,0,0,0,0,0,0,0,0,63,66,63,66,53,55,0,0,0,0,0,0,0,0,63,66,63,66,53,55,0,0,0,0,0,0,0,0
269,0,1000,0,0,1000,0,1000,63,66,63,66,53,55,1501469,18,1501469,18,0,0,0,0,63,66,63,66,53,55,1501469,18,1501469,18,0,0,0,0,63,66,63,66,53,55,1501469,18,1501469,18,0,0,0,0,63,66,63,66,53,55,1501469,18,1501469,18,0,0,0,0,63,66,63,66,53,55,1501469,18,1501469,18,0,0,0,0,63,66,63,66,53,55,1501469,18,1501469,18,0,0,0,0
270,0,1000,0,0,1000,0,1000,64,67,64,67,53,55,113747,124,0,0,80291,1,33456,123,64,67,64,67,53,55,113747,124,0,0,80291,1,33456,123,64,67,64,67,53,55,113747,124,0,0,80291,1,33456,123,64,67,64,67,53,55,113747,124,0,0,80291,1,33456,123,64,67,64,67,53,55,113747,124,0,0,80291,1,33456,123,64,67,64,67,53,55,113747,124,0,0,80291,1,33456,123
271,0,1000,0,0,1000,0,1000,64,67,64,67,54,57,0,0,0,0,0,0,0,0,64,67,64,67,54,57,0,0,0,0,0,0,0,0,64,67,64,67,54,57,0,0,0,0,0,0,0,0,64,67,64,67,54,57,0,0,0,0,0,0,0,0,64,67,64,67,54,57,0,0,0,0,0,0,0,0,64,67,64,67,54,57,0,0,0,0,0,0,0,0
272,0,1000,0,0,1000,0,1000,64,67,64,67,54,57,0,0,0,0,0,0,0,0,64,67,64,67,54,57,0,0,0,0,0,0,0,0,64,67,64,67,54,57,0,0,0,0,0,0,0,0,64,67,64,67,54,57,0,0,0,0,0,0,0,0,64,67,64,67,54,57,0,0,0,0,0,0,0,0,64,67,64,67,54,57,0,0,0,0,0,0,0,0
273,0,1000,0,0,1000,0,1000,64,67,64,67,54,57,1012499,12,1012499,12,0,0,0,0,64,67,64,67,54,57,1012499,12,1012499,12,0,0,0,0,64,67,64,67,54,57,1012499,12,1012499,12,0,0,0,0,64,67,64,67,54,57,1012499,12,1012499,12,0,0,0,0,64,67,64,67,54,57,1012499,12,1012499,12,0,0,0,0,64,67,64,67,54,57,1012499,12,1012499,12,0,0,0,0
274,0,1000,0,0,1000,0,1000,65,68,65,68,54,57,105859,95,0,0,80291,1,25568,94,65,68,65,68,54,57,105859,95,0,0,80291,1,25568,94,65,68,65,68,54,57,105859,95,0,0,80291,1,25568,94,65,68,65,68,54,57,105859,95,0,0,80291,1,25568,94,65,68,65,68,54,57,105859,95,0,0,80291,1,25568,94,65,68,65,68,54,57,105859,95,0,0,80291,1,25568,94
275,0,1000,0,0,1000,0,1000,65,68,65,68,55,58,0,0,0,0,0,0,0,0,65,68,65,68,55,58,0,0,0,0,0,0,0,0,65,68,65,68,55,58,0,0,0,0,0,0,0,0,65,68,65,68,55,58,0,0,0,0,0,0,0,0,65,68,65,68,55,58,0,0,0,0,0,0,0,0,65,68,65,68,55,58,0,0,0,0,0,0,0,0
276,0,1000,0,0,1000,0,1000,65,68,65,68,55,58,0,0,0,0,0,0,0,0,65,68,65,68,55,58,0,0,0,0,0,0,0,0,65,68,65,68,55,58,0,0,0,0,0,0,0,0,65,68,65,68,55,58,0,0,0,0,0,0,0,0,65,68,65,68,55,58,0,0,0,0,0,0,0,0,65,68,65,68,55,58,0,0,0,0,0,0,0,0
277,0,1000,0,0,1000,0,1000,65,68,65,68,55,58,667574,8,667574,8,0,0,0,0,65,68,65,68,55,58,667574,8,667574,8,0,0,0,0,65,68,65,68,55,58,667574,8,667574,8,0,0,0,0,65,68,65,68,55,58,667574,8,667574,8,0,0,0,0,65,68,65,68,55,58,667574,8,667574,8,0,0,0,0,65,68,65,68,55,58,667574,8,667574,8,0,0,0,0
278,0,1000,0,0,1000,0,1000,66,69,66,69,55,58,108035,103,0,0,80291,1,27744,102,66,69,66,69,55,58,108035,103,0,0,80291,1,27744,102,66,69,66,69,55,58,108035,103,0,0,80291,1,27744,102,66,69,66,69,55,58,108035,103,0,0,80291,1,27744,102,66,69,66,69,55,58,108035,103,0,0,80291,1,27744,102,66,69,66,69,55,58,108035,103,0,0,80291,1,27744,102
279,0,1000,0,0,1000,0,1000,66,69,66,69,56,59,0,0,0,0,0,0,0,0,66,69,66,69,56,59,0,0,0,0,0,0,0,0,66,69,66,69,56,59,0,0,0,0,0,0,0,0,66,69,66,69,56,59,0,0,0,0,0,0,0,0,66,69,66,69,56,59,0,0,0,0,0,0,0,0,66,69,66,69,56,59,0,0,0,0,0,0,0,0
280,0,1000,0,0,1000,0,1000,66,69,66,69,56,59,0,0,0,0,0,0,0,0,66,69,66,69,56,59,0,0,0,0,0,0,0,0,66,69,66,69,56,59,0,0,0,0,0,0,0,0,66,69,66,69,56,59,0,0,0,0,0,0,0,0,66,69,66,69,56,59,0,0,0,0,0,0,0,0,66,69,66,69,56,59,0,0,0,0,0,0,0,0
281,0,1000,0,0,1000,0,1000,66,69,66,69,56,59,753327,9,753327,9,0,0,0,0,66,69,66,69,56,59,753327,9,753327,9,0,0,0,0,66,69,66,69,56,59,753327,9,753327,9,0,0,0,0,66,69,66,69,56,59,753327,9,753327,9,0,0,0,0,66,69,66,69,56,59,753327,9,753327,9,0,0,0,0,66,69,66,69,56,59,753327,9,753327,9,0,0,0,0
282,0,1000,0,0,1000,0,1000,67,70,67,70,56,59,108307,104,0,0,80291,1,28016,103,67,70,67,70,56,59,108307,104,0,0,80291,1,28016,103,67,70,67,70,56,59,108307,104,0,0,80291,1,28016,103,67,70,67,70,56,59,108307,104,0,0,80291,1,28016,103,67,70,67,70,56,59,108307,104,0,0,80291,1,28016,103,67,70,67,70,56,59,108307,104,0,0,80291,1,28016,103
283,0,1000,0,0,1000,0,1000,67,70,67,70,57,60,0,0,0,0,0,0,0,0,67,70,67,70,57,60,0,0,0,0,0,0,0,0,67,70,67,70,57,60,0,0,0,0,0,0,0,0,67,70,67,70,57,60,0,0,0,0,0,0,0,0,67,70,67,70,57,60,0,0,0,0,0,0,0,0,67,70,67,70,57,60,0,0,0,0,0,0,0,0
284,0,1000,0,0,1000,0,1000,67,70,67,70,57,60,0,0,0,0,0,0,0,0,67,70,67,70,57,60,0,0,0,0,0,0,0,0,67,70,67,70,57,60,0,0,0,0,0,0,0,0,67,70,67,70,57,60,0,0,0,0,0,0,0,0,67,70,67,70,57,60,0,0,0,0,0,0,0,0,67,70,67,70,57,60,0,0,0,0,0,0,0,0
285,0,1000,0,0,1000,0,1000,67,70,67,70,57,60,1004820,12,1004820,12,0,0,0,0,67,70,67,70,57,60,1004820,12,1004820,12,0,0,0,0,67,70,67,70,57,60,1004820,12,1004820,12,0,0,0,0,67,70,67,70,57,60,1004820,12,1004820,12,0,0,0,0,67,70,67,70,57,60,1004820,12,1004820,12,0,0,0,0,67,70,67,70,57,60,1004820,12,1004820,12,0,0,0,0
286,0,1000,0,0,1000,0,1000,68,71,68,71,57,60,106403,97,0,0,80291,1,26112,96,68,71,68,71,57,60,106403,97,0,0,80291,1,26112,96,68,71,68,71,57,60,106403,97,0,0,80291,1,26112,96,68,71,68,71,57,60,106403,97,0,0,80291,1,26112,96,68,71,68,71,57,60,106403,97,0,0,80291,1,26112,96,68,71,68,71,57,60,106403,97,0,0,80291,1,26112,96
287,0,1000,0,0,1000,0,1000,68,71,68,71,58,61,0,0,0,0,0,0,0,0,68,71,68,71,58,61,0,0,0,0,0,0,0,0,68,71,68,71,58,61,0,0,0,0,0,0,0,0,68,71,68,71,58,61,0,0,0,0,0,0,0,0,68,71,68,71,58,61,0,0,0,0,0,0,0,0,68,71,68,71,58,61,0,0,0,0,0,0,0,0
288,0,1000,0,0,1000,0,1000,68,71,68,71,58,61,0,0,0,0,0,0,0,0,68,71,68,71,58,61,0,0,0,0,0,0,0,0,68,71,68,71,58,61,0,0,0,0,0,0,0,0,68,71,68,71,58,61,0,0,0,0,0,0,0,0,68,71,68,71,58,61,0,0,0,0,0,0,0,0,68,71,68,71,58,61,0,0,0,0,0,0,0,0
289,0,1000,0,0,1000,0,1000,68,71,68,71,58,61,1252664,15,1252664,15,0,0,0,0,68,71,68,71,58,61,1252664,15,1252664,15,0,0,0,0,68,71,68,71,58,61,1252664,15,1252664,15,0,0,0,0,68,71,68,71,58,61,1252664,15,1252664,15,0,0,0,0,68,71,68,71,58,61,1252664,15,1252664,15,0,0,0,0,68,71,68,71,58,61,1252664,15,1252664,15,0,0,0,0
290,0,1000,0,0,1000,0,1000,69,72,69,72,58,61,106675,98,0,0,80291,1,26384,97,69,72,69,72,58,61,106675,98,0,0,80291,1,26384,97,69,72,69,72,58,61,106675,98,0,0,80291,1,26384,97,69,72,69,72,58,61,106675,98,0,0,80291,1,26384,97,69,72,69,72,58,61,106675,98,0,0,80291,1,26384,97,69,72,69,72,58,61,106675,98,0,0,80291,1,26384,97
291,0,1000,0,0,1000,0,1000,69,72,69,72,59,62,0,0,0,0,0,0,0,0,69,72,69,72,59,62,0,0,0,0,0,0,0,0,69,72,69,72,59,62,0,0,0,0,0,0,0,0,69,72,69,72,59,62,0,0,0,0,0,0,0,0,69,72,69,72,59,62,0,0,0,0,0,0,0,0,69,72,69,72,59,62,0,0,0,0,0,0,0,0
292,0,1000,0,0,1000,0,1000,69,72,69,72,59,62,0,0,0,0,0,0,0,0,69,72,69,72,59,62,0,0,0,0,0,0,0,0,69,72,69,72,59,62,0,0,0,0,0,0,0,0,69,72,69,72,59,62,0,0,0,0,0,0,0,0,69,72,69,72,59,62,0,0,0,0,0,0,0,0,69,72,69,72,59,62,0,0,0,0,0,0,0,0
293,0,1000,0,0,1000,0,1000,69,72,69,72,59,62,835430,10,835430,10,0,0,0,0,69,72,69,72,59,62,835430,10,835430,10,0,0,0,0,69,72,69,72,59,62,835430,10,835430,10,0,0,0,0,69,72,69,72,59,62,835430,10,835430,10,0,0,0,0,69,72,69,72,59,62,835430,10,835430,10,0,0,0,0,69,72,69,72,59,62,835430,10,835430,10,0,0,0,0
294,0,1000,0,0,1000,0,1000,70,73,70,73,59,62,108579,105,0,0,80291,1,28288,104,70,73,70,73,59,62,108579,105,0,0,80291,1,28288,104,70,73,70,73,59,62,108579,105,0,0,80291,1,28288,104,70,73,70,73,59,62,108579,105,0,0,80291,1,28288,104,70,73,70,73,59,62,108579,105,0,0,80291,1,28288,104,70,73,70,73,59,62,108579,105,0,0,80291,1,28288,104
295,0,1000,0,0,1000,0,1000,70,73,70,73,60,63,0,0,0,0,0,0,0,0,70,73,70,73,60,63,0,0,0,0,0,0,0,0,70,73,70,73,60,63,0,0,0,0,0,0,0,0,70,73,70,73,60,63,0,0,0,0,0,0,0,0,70,73,70,73,60,63,0,0,0,0,0,0,0,0,70,73,70,73,60,63,0,0,0,0,0,0,0,0
296,0,1000,0,0,1000,0,1000,70,73,70,73,60,63,0,0,0,0,0,0,0,0,70,73,70,73,60,63,0,0,0,0,0,0,0,0,70,73,70,73,60,63,0,0,0,0,0,0,0,0,70,73,70,73,60,63,0,0,0,0,0,0,0,0,70,73,70,73,60,63,0,0,0,0,0,0,0,0,70,73,70,73,60,63,0,0,0,0,0,0,0,0
297,0,1000,0,0,1000,0,1000,70,73,70,73,60,63,921437,11,921437,11,0,0,0,0,70,73,70,73,60,63,921437,11,921437,11,0,0,0,0,70,73,70,73,60,63,921437,11,921437,11,0,0,0,0,70,73,70,73,60,63,921437,11,921437,11,0,0,0,0,70,73,70,73,60,63,921437,11,921437,11,0,0,0,0,70,73,70,73,60,63,921437,11,921437,11,0,0,0,0
298,0,1000,0,0,1000,0,1000,71,74,71,74,60,63,103411,86,0,0,80291,1,23120,85,71,74,71,74,60,63,103411,86,0,0,80291,1,23120,85,71,74,71,74,60,63,103411,86,0,0,80291,1,23120,85,71,74,71,74,60,63,103411,86,0,0,80291,1,23120,85,71,74,71,74,60,63,103411,86,0,0,80291,1,23120,85,71,74,71,74,60,63,103411,86,0,0,80291,1,23120,85
299,0,1000,0,0,1000,0,1000,71,74,71,74,61,64,0,0,0,0,0,0,0,0,71,74,71,74,61,64,0,0,0,0,0,0,0,0,71,74,71,74,61,64,0,0,0,0,0,0,0,0,71,74,71,74,61,64,0,0,0,0,0,0,0,0,71,74,71,74,61,64,0,0,0,0,0,0,0,0,71,74,71,74,61,64,0,0,0,0,0,0,0,0
300,0,1000,0,0,1000,0,1000,71,74,71,74,61,64,0,0,0,0,0,0,0,0,71,74,71,74,61,64,0,0,0,0,0,0,0,0,71,74,71,74,61,64,0,0,0,0,0,0,0,0,71,74,71,74,61,64,0,0,0,0,0,0,0,0,71,74,71,74,61,64,0,0,0,0,0,0,0,0,71,74,71,74,61,64,0,0,0,0,0,0,0,0
301,0,1000,0,0,1000,0,1000,71,74,71,74,61,64,1164226,14,1164226,14,0,0,0,0,71,74,71,74,61,64,1164226,14,1164226,14,0,0,0,0,71,74,71,74,61,64,1164226,14,1164226,14,0,0,0,0,71,74,71,74,61,64,1164226,14,1164226,14,0,0,0,0,71,74,71,74,61,64,1164226,14,1164226,14,0,0,0,0,71,74,71,74,61,64,1164226,14,1164226,14,0,0,0,0
302,0,1000,0,0,1000,0,1000,72,75,72,75,61,64,109667,109,0,0,80291,1,29376,108,72,75,72,75,61,64,109667,109,0,0,80291,1,29376,108,72,75,72,75,61,64,109667,109,0,0,80291,1,29376,108,72,75,72,75,61,64,109667,109,0,0,80291,1,29376,108,72,75,72,75,61,64,109667,109,0,0,80291,1,29376,108,72,75,72,75,61,64,109667,109,0,0,80291,1,29376,108
303,0,1000,0,0,1000,0,1000,72,75,72,75,62,65,0,0,0,0,0,0,0,0,72,75,72,75,62,65,0,0,0,0,0,0,0,0,72,75,72,75,62,65,0,0,0,0,0,0,0,0,72,75,72,75,62,65,0,0,0,0,0,0,0,0,72,75,72,75,62,65,0,0,0,0,0,0,0,0,72,75,72,75,62,65,0,0,0,0,0,0,0,0

digraph G {
  rankdir=BT;
  style=filled;
  color=lightgrey;
  node [shape=box,style=filled,color=white];
  b_H2K5HFm9zQe [label="H(2K5HFm9zQe)\nt=5 id=941"];
  b_HCkDcJSgPnZ [label="H(CkDcJSgPnZ)\nt=58 id=172"];
  b_HWmYwNFTtf1 [label="H(WmYwNFTtf1)\nt=67 id=850"];
  b_HVM1OcuSBGz [label="H(VM1OcuSBGz)\nt=19 id=420"];
  b_HDdI5HEaSOR [label="H(DdI5HEaSOR)\nt=18 id=250"];
  b_Hz4fSzRs2DQ [label="H(z4fSzRs2DQ)\nt=73 id=477"];
  b_Hpqar233sSx [label="H(pqar233sSx)\nt=39 id=207"];
  b_HOrbAinDe [label="H(O/r+bAinDe)\nt=71 id=594"];
  b_HBJZOq5ywK5 [label="H(BJZOq5ywK5)\nt=45 id=776"];
  b_HNRlSnatrDX [label="H(NRlSnatrDX)\nt=33 id=357"];
  b_HLLlVqK9LIu [label="H(LLlVqK9LIu)\nt=50 id=28"];
  b_H2KCgV2zcso [label="H(2KCgV2zcso)\nt=66 id=923"];
  b_HN5dT4N6Ox [label="H(N+5dT4N6Ox)\nt=15 id=959"];
  b_H2l4y71a8d [label="H(2l4y7+1a8d)\nt=70 id=759"];
  b_HisyDh24fXD [label="H(isyDh24fXD)\nt=74 id=292"];
  b_HJekoxMUaOY [label="H(JekoxMUaOY)\nt=26 id=842"];
  b_HRWP61b55Gg [label="H(RWP61b55Gg)\nt=40 id=578"];
  b_HGqoBszNmBl [label="H(GqoBszNmBl)\nt=28 id=174"];
  b_HziyGoNahxA [label="H(ziyGoNahxA)\nt=29 id=695"];
  b_HO6mTJSPyFI [label="H(O6mTJSPyFI)\nt=65 id=479"];
  b_HAUA1UPq6U [label="H(A/UA1UPq6U)\nt=7 id=788"];
  b_HEimlHTa1A8 [label="H(EimlHTa1A8)\nt=68 id=672"];
  b_HdomrTRXTxK [label="H(domrTRXTxK)\nt=23 id=47"];
  b_HA4CNzvbYEF [label="H(A4CNzvbYEF)\nt=69 id=269"];
  b_HEm9WxUjYS9 [label="H(Em9WxUjYS9)\nt=10 id=724"];
  b_Hz8JkVbkLDT [label="H(z8JkVbkLDT)\nt=37 id=123"];
  b_HaxTWV3ekP [label="H(axTWV3+ekP)\nt=61 id=586"];
  b_HqY15MC4OYL [label="H(qY15MC4OYL)\nt=64 id=376"];
  b_HFbVs1cnKZL [label="H(FbVs1cnKZL)\nt=57 id=688"];
  b_Hb2mX61OWcE [label="H(b2mX61OWcE)\nt=11 id=401"];
  b_HYGQMU2nt6L [label="H(YGQMU2nt6L)\nt=4 id=811"];
  b_HtfjqBmd7q [label="H(tfjq+Bmd7q)\n"];
  b_HBmjJCSmEgt [label="H(BmjJCSmEgt)\nt=47 id=172"];
  b_HxIYOjpIZ9w [label="H(xIYOjpIZ9w)\nt=43 id=384"];
  b_HYHDkcWUYG [label="H(YHDkcW/UYG)\nt=51 id=940"];
  b_HhqSReFdhkQ [label="H(hqSReFdhkQ)\nt=21 id=748"];
  b_HxzeoFVaPAm [label="H(xzeoFVaPAm)\nt=6 id=902"];
  b_HbomfMqT7W4 [label="H(bomfMqT7W4)\nt=30 id=575"];
  b_H4IGloyyN2f [label="H(4IGloyyN2f)\nt=13 id=322"];
  b_HAJQpB8kyp [label="H(AJ/QpB8kyp)\nt=31 id=710"];
  b_HamjmPVZBB6 [label="H(amjmPVZBB6)\nt=49 id=108"];
  b_H4FeCC5ZyYL [label="H(4FeCC5ZyYL)\nt=14 id=806"];
  b_HI4fEaGJEt [label="H(I4fEaGJE/t)\nt=16 id=68"];
  b_H91jm9gv5oi [label="H(91jm9gv5oi)\nt=25 id=465"];
  b_HrUmJzV32NY [label="H(rUmJzV32NY)\nt=48 id=673"];
  b_H2f4lXqODS [label="H(2f4lXqOD+S)\nt=2 id=970"];
  b_HE5TD9cgCt1 [label="H(E5TD9cgCt1)\nt=20 id=822"];
  b_HHpFsNboSbB [label="H(HpFsNboSbB)\nt=72 id=524"];
  b_HBTXC6Z5Vcb [label="H(BTXC6Z5Vcb)\nt=60 id=688"];
  b_H15GRF4hiOL [label="H(15GRF4hiOL)\nt=1 id=722"];
  b_HeBKgMuCs8A [label="H(eBKgMuCs8A)\nt=17 id=710"];
  b_H87YXlAvGt [label="H(+87YXlAvGt)\nt=32 id=953"];
  b_H5yNP2HlZTP [label="H(5yNP2HlZTP)\nt=36 id=941"];
  b_HBTvt5Ivkgg [label="H(BTvt5Ivkgg)\nt=9 id=238"];
  b_H0Ddn2vJV [label="H(0Ddn2vJ+V/)\nt=53 id=742"];
  b_HEnpmMKk0gr [label="H(EnpmMKk0gr)\nt=3 id=107"];
  b_HoHwqAersV [label="H(oH+wqAersV)\nt=62 id=557"];
  b_HE9AqWnlQ6b [label="H(E9AqWnlQ6b)\nt=42 id=304"];
  b_HwijEb3wn8l [label="H(wijEb3wn8l)\nt=35 id=170"];
  b_HbvxNgzBEp [label="H(/bvxNgzBEp)\nt=41 id=60"];
  b_HkQMMUT80Yq [label="H(kQMMUT80Yq)\nt=12 id=78"];
  b_HgpItxScHUX [label="H(gpItxScHUX)\nt=38 id=951"];
  b_H2b2QwcaSsg [label="H(2b2QwcaSsg)\nt=55 id=164"];
  b_HvvaLi6iH7M [label="H(vvaLi6iH7M)\nt=59 id=698"];
  b_HBH1j08mtlI [label="H(BH1j08mtlI)\nt=8 id=354"];
  b_Hd26kVSZLT [label="H(d26kVS/ZLT)\nt=44 id=16"];
  b_H0f4f3AZE [label="H(+0f+4f3AZE)\nt=75 id=370"];
  b_HOHNo69UYDv [label="H(OHNo69UYDv)\nt=24 id=971"];
  b_HKLnKUs0E8 [label="H(KLn/KUs0E8)\nt=22 id=250"];
  b_HlPY9ouPHoI [label="H(lPY9ouPHoI)\nt=27 id=883"];
  b_HMc1vwKrK [label="H(Mc1vwK/rK+)\nt=34 id=193"];
  b_HoiUlIyy1lg [label="H(oiUlIyy1lg)\nt=46 id=989"];
  b_Hhdz7FyMUI [label="H(hdz+7FyMUI)\nt=63 id=317"];
  b_H2K5HFm9zQe -> b_HYGQMU2nt6L;
  b_HCkDcJSgPnZ -> b_HFbVs1cnKZL;
  b_HWmYwNFTtf1 -> b_H2KCgV2zcso;
  b_HVM1OcuSBGz -> b_HDdI5HEaSOR;
  b_HDdI5HEaSOR -> b_HeBKgMuCs8A;
  b_Hz4fSzRs2DQ -> b_HHpFsNboSbB;
  b_Hpqar233sSx -> b_HgpItxScHUX;
  b_HOrbAinDe -> b_H2l4y71a8d;
  b_HBJZOq5ywK5 -> b_Hd26kVSZLT;
  b_HNRlSnatrDX -> b_H87YXlAvGt;
  b_HLLlVqK9LIu -> b_HamjmPVZBB6;
  b_H2KCgV2zcso -> b_HO6mTJSPyFI;
  b_HN5dT4N6Ox -> b_H4FeCC5ZyYL;
  b_H2l4y71a8d -> b_HA4CNzvbYEF;
  b_HisyDh24fXD -> b_Hz4fSzRs2DQ;
  b_HJekoxMUaOY -> b_H91jm9gv5oi;
  b_HRWP61b55Gg -> b_Hpqar233sSx;
  b_HGqoBszNmBl -> b_HlPY9ouPHoI;
  b_HziyGoNahxA -> b_HGqoBszNmBl;
  b_HO6mTJSPyFI -> b_HqY15MC4OYL;
  b_HAUA1UPq6U -> b_HxzeoFVaPAm;
  b_HEimlHTa1A8 -> b_HWmYwNFTtf1;
  b_HdomrTRXTxK -> b_HKLnKUs0E8;
  b_HA4CNzvbYEF -> b_HEimlHTa1A8;
  b_HEm9WxUjYS9 -> b_HBTvt5Ivkgg;
  b_Hz8JkVbkLDT -> b_H5yNP2HlZTP;
  b_HaxTWV3ekP -> b_HBTXC6Z5Vcb;
  b_HqY15MC4OYL -> b_Hhdz7FyMUI;
  b_HFbVs1cnKZL -> b_H2b2QwcaSsg;
  b_Hb2mX61OWcE -> b_HEm9WxUjYS9;
  b_HYGQMU2nt6L -> b_HEnpmMKk0gr;
  b_HBmjJCSmEgt -> b_HoiUlIyy1lg;
  b_HxIYOjpIZ9w -> b_HE9AqWnlQ6b;
  b_HYHDkcWUYG -> b_HLLlVqK9LIu;
  b_HhqSReFdhkQ -> b_HE5TD9cgCt1;
  b_HxzeoFVaPAm -> b_H2K5HFm9zQe;
  b_HbomfMqT7W4 -> b_HziyGoNahxA;
  b_H4IGloyyN2f -> b_HkQMMUT80Yq;
  b_HAJQpB8kyp -> b_HbomfMqT7W4;
  b_HamjmPVZBB6 -> b_HrUmJzV32NY;
  b_H4FeCC5ZyYL -> b_H4IGloyyN2f;
  b_HI4fEaGJEt -> b_HN5dT4N6Ox;
  b_H91jm9gv5oi -> b_HOHNo69UYDv;
  b_HrUmJzV32NY -> b_HBmjJCSmEgt;
  b_H2f4lXqODS -> b_H15GRF4hiOL;
  b_HE5TD9cgCt1 -> b_HVM1OcuSBGz;
  b_HHpFsNboSbB -> b_HOrbAinDe;
  b_HBTXC6Z5Vcb -> b_HvvaLi6iH7M;
  b_H15GRF4hiOL -> b_HtfjqBmd7q;
  b_HeBKgMuCs8A -> b_HI4fEaGJEt;
  b_H87YXlAvGt -> b_HAJQpB8kyp;
  b_H5yNP2HlZTP -> b_HwijEb3wn8l;
  b_HBTvt5Ivkgg -> b_HBH1j08mtlI;
  b_H0Ddn2vJV -> b_HYHDkcWUYG;
  b_HEnpmMKk0gr -> b_H2f4lXqODS;
  b_HoHwqAersV -> b_HaxTWV3ekP;
  b_HE9AqWnlQ6b -> b_HbvxNgzBEp;
  b_HwijEb3wn8l -> b_HMc1vwKrK;
  b_HbvxNgzBEp -> b_HRWP61b55Gg;
  b_HkQMMUT80Yq -> b_Hb2mX61OWcE;
  b_HgpItxScHUX -> b_Hz8JkVbkLDT;
  b_H2b2QwcaSsg -> b_H0Ddn2vJV;
  b_HvvaLi6iH7M -> b_HCkDcJSgPnZ;
  b_HBH1j08mtlI -> b_HAUA1UPq6U;
  b_Hd26kVSZLT -> b_HxIYOjpIZ9w;
  b_H0f4f3AZE -> b_HisyDh24fXD;
  b_HOHNo69UYDv -> b_HdomrTRXTxK;
  b_HKLnKUs0E8 -> b_HhqSReFdhkQ;
  b_HlPY9ouPHoI -> b_HJekoxMUaOY;
  b_HMc1vwKrK -> b_HNRlSnatrDX;
  b_HoiUlIyy1lg -> b_HBJZOq5ywK5;
  b_Hhdz7FyMUI -> b_HoHwqAersV;
  v_HuQvNyUXelS [label="id=255 t=75"];
  v_HuQvNyUXelS -> b_H0f4f3AZE;
  v_H4GkfTRyRsD [label="id=594 t=75"];
  v_H4GkfTRyRsD -> b_H0f4f3AZE;
  v_HVkiGc2siY1 [label="id=209 t=75"];
  v_HVkiGc2siY1 -> b_H0f4f3AZE;
  v_HvQGy3Zpr2w [label="id=83 t=75"];
  v_HvQGy3Zpr2w -> b_H0f4f3AZE;
  v_Hn4PtiU3iZ4 [label="id=120 t=75"];
  v_Hn4PtiU3iZ4 -> b_H0f4f3AZE;
  v_Hn2XlSBFhxc [label="id=480 t=75"];
  v_Hn2XlSBFhxc -> b_H0f4f3AZE;
  v_HHYOE0ZOlLC [label="id=41 t=75"];
  v_HHYOE0ZOlLC -> b_H0f4f3AZE;
  v_H8byz1Y8ukP [label="id=366 t=75"];
  v_H8byz1Y8ukP -> b_H0f4f3AZE;
  v_HWoHrrL4m7s [label="id=473 t=75"];
  v_HWoHrrL4m7s -> b_H0f4f3AZE;
  v_H4Pr01Q0NPL [label="id=55 t=75"];
  v_H4Pr01Q0NPL -> b_H0f4f3AZE;
  v_HwNCmJp9i7C [label="id=774 t=75"];
  v_HwNCmJp9i7C -> b_H0f4f3AZE;
  v_Hgfu0u7Z5A [label="id=789 t=75"];
  v_Hgfu0u7Z5A -> b_H0f4f3AZE;
  v_H8eaw7PM0hg [label="id=971 t=75"];
  v_H8eaw7PM0hg -> b_H0f4f3AZE;
  v_HMalFTh1p5y [label="id=691 t=75"];
  v_HMalFTh1p5y -> b_H0f4f3AZE;
  v_HBh6oBR1Noa [label="id=149 t=75"];
  v_HBh6oBR1Noa -> b_H0f4f3AZE;
  v_HK5XPX2gvy [label="id=263 t=75"];
  v_HK5XPX2gvy -> b_H0f4f3AZE;
  v_HtwVxLOwFs3 [label="id=753 t=75"];
  v_HtwVxLOwFs3 -> b_H0f4f3AZE;
  v_Hzot5dZ5cB [label="id=128 t=75"];
  v_Hzot5dZ5cB -> b_H0f4f3AZE;
  v_HJV1xAV58 [label="id=301 t=75"];
  v_HJV1xAV58 -> b_H0f4f3AZE;
  v_HsHVv1yIcog [label="id=95 t=75"];
  v_HsHVv1yIcog -> b_H0f4f3AZE;
  v_HbWLkygGC75 [label="id=74 t=75"];
  v_HbWLkygGC75 -> b_H0f4f3AZE;
  v_HK4pkAiC5qm [label="id=631 t=75"];
  v_HK4pkAiC5qm -> b_H0f4f3AZE;
  v_HYg3fytGjSD [label="id=446 t=75"];
  v_HYg3fytGjSD -> b_H0f4f3AZE;
  v_HI7mIPlGLkl [label="id=382 t=75"];
  v_HI7mIPlGLkl -> b_H0f4f3AZE;
  v_HX8yLL589Nd [label="id=961 t=75"];
  v_HX8yLL589Nd -> b_H0f4f3AZE;
  v_HMEKBycTqa3 [label="id=490 t=75"];
  v_HMEKBycTqa3 -> b_H0f4f3AZE;
  v_HlYJfebQSb [label="id=629 t=75"];
  v_HlYJfebQSb -> b_H0f4f3AZE;
  v_HKlP1TOVPW5 [label="id=710 t=75"];
  v_HKlP1TOVPW5 -> b_H0f4f3AZE;
  v_HRGKMPaDcNK [label="id=311 t=75"];
  v_HRGKMPaDcNK -> b_H0f4f3AZE;
  v_HlvDjyNBrr3 [label="id=229 t=75"];
  v_HlvDjyNBrr3 -> b_H0f4f3AZE;
  v_HM64QvUZjA [label="id=344 t=75"];
  v_HM64QvUZjA -> b_H0f4f3AZE;
  v_HEvAMsHR2m [label="id=815 t=75"];
  v_HEvAMsHR2m -> b_H0f4f3AZE;
  v_HNzoTbbf8mq [label="id=898 t=75"];
  v_HNzoTbbf8mq -> b_H0f4f3AZE;
  v_HcWMsepMjO [label="id=745 t=75"];
  v_HcWMsepMjO -> b_H0f4f3AZE;
  v_HGcBkOwZjLF [label="id=145 t=75"];
  v_HGcBkOwZjLF -> b_H0f4f3AZE;
  v_HAgYBIeCt6p [label="id=408 t=75"];
  v_HAgYBIeCt6p -> b_H0f4f3AZE;
  v_HZCzA74v3MS [label="id=49 t=75"];
  v_HZCzA74v3MS -> b_H0f4f3AZE;
  v_HkITivWWukf [label="id=669 t=75"];
  v_HkITivWWukf -> b_H0f4f3AZE;
  v_Hyob5OC1gry [label="id=628 t=75"];
  v_Hyob5OC1gry -> b_H0f4f3AZE;
  v_HtIT8b5SXlC [label="id=670 t=75"];
  v_HtIT8b5SXlC -> b_H0f4f3AZE;
  v_HNE6P3yk49B [label="id=28 t=75"];
  v_HNE6P3yk49B -> b_H0f4f3AZE;
  v_HxxGxgrw6rF [label="id=247 t=75"];
  v_HxxGxgrw6rF -> b_H0f4f3AZE;
  v_HnZ1Hgulv4J [label="id=790 t=75"];
  v_HnZ1Hgulv4J -> b_H0f4f3AZE;
  v_HON85cp8WD [label="id=208 t=75"];
  v_HON85cp8WD -> b_H0f4f3AZE;
  v_HCADDxLVykH [label="id=319 t=75"];
  v_HCADDxLVykH -> b_H0f4f3AZE;
  v_H8TKfqqXTj [label="id=220 t=75"];
  v_H8TKfqqXTj -> b_H0f4f3AZE;
  v_HPz27bHozTs [label="id=293 t=75"];
  v_HPz27bHozTs -> b_H0f4f3AZE;
  v_HguHpyD1Qmg [label="id=647 t=75"];
  v_HguHpyD1Qmg -> b_H0f4f3AZE;
  v_HFRUjTCnS4a [label="id=905 t=75"];
  v_HFRUjTCnS4a -> b_H0f4f3AZE;
  v_Hc5lmx9KOGY [label="id=612 t=75"];
  v_Hc5lmx9KOGY -> b_H0f4f3AZE;
  v_He05QcLEWHv [label="id=15 t=75"];
  v_He05QcLEWHv -> b_H0f4f3AZE;
  v_HioC8hqhym3 [label="id=274 t=75"];
  v_HioC8hqhym3 -> b_H0f4f3AZE;
  v_HS4kxTudZfo [label="id=977 t=75"];
  v_HS4kxTudZfo -> b_H0f4f3AZE;
  v_HV0t7ujhGZe [label="id=868 t=75"];
  v_HV0t7ujhGZe -> b_H0f4f3AZE;
  v_HitrS5uJo0L [label="id=586 t=75"];
  v_HitrS5uJo0L -> b_H0f4f3AZE;
  v_HtyzDFV3vjG [label="id=616 t=75"];
  v_HtyzDFV3vjG -> b_H0f4f3AZE;
  v_HeJeusJ8hd [label="id=503 t=75"];
  v_HeJeusJ8hd -> b_H0f4f3AZE;
  v_HoDo1bm0OIU [label="id=50 t=75"];
  v_HoDo1bm0OIU -> b_H0f4f3AZE;
  v_HWk8XHXyFO4 [label="id=164 t=75"];
  v_HWk8XHXyFO4 -> b_H0f4f3AZE;
  v_HIv7hXzJl8 [label="id=554 t=75"];
  v_HIv7hXzJl8 -> b_H0f4f3AZE;
  v_H1GZXnJIXH [label="id=193 t=75"];
  v_H1GZXnJIXH -> b_H0f4f3AZE;
  v_HYg3kBsDZMa [label="id=196 t=75"];
  v_HYg3kBsDZMa -> b_H0f4f3AZE;
  v_HYWjiFaOKM [label="id=768 t=75"];
  v_HYWjiFaOKM -> b_H0f4f3AZE;
  v_HtCpoo8mjvy [label="id=926 t=75"];
  v_HtCpoo8mjvy -> b_H0f4f3AZE;
  v_Hc3VtDJjizw [label="id=292 t=75"];
  v_Hc3VtDJjizw -> b_H0f4f3AZE;
  v_HJQMJGTg8EG [label="id=70 t=75"];
  v_HJQMJGTg8EG -> b_H0f4f3AZE;
  v_HbowrfjqqL9 [label="id=429 t=75"];
  v_HbowrfjqqL9 -> b_H0f4f3AZE;
  v_HdICl8Z8bkg [label="id=914 t=75"];
  v_HdICl8Z8bkg -> b_H0f4f3AZE;
  v_HFFjmDCHMm [label="id=109 t=75"];
  v_HFFjmDCHMm -> b_H0f4f3AZE;
  v_HKOzy0rqifd [label="id=112 t=75"];
  v_HKOzy0rqifd -> b_H0f4f3AZE;
  v_HLzsZ0uTYvE [label="id=576 t=75"];
  v_HLzsZ0uTYvE -> b_H0f4f3AZE;
  v_H7K5kpHZr5Q [label="id=424 t=75"];
  v_H7K5kpHZr5Q -> b_H0f4f3AZE;
  v_HluGKqWCDB [label="id=929 t=75"];
  v_HluGKqWCDB -> b_H0f4f3AZE;
  v_HD77WiQydHj [label="id=754 t=75"];
  v_HD77WiQydHj -> b_H0f4f3AZE;
  v_HqEcUhL15Op [label="id=385 t=75"];
  v_HqEcUhL15Op -> b_H0f4f3AZE;
  v_HqBUW4Jeke [label="id=24 t=75"];
  v_HqBUW4Jeke -> b_H0f4f3AZE;
  v_HyquOnvzcLz [label="id=843 t=75"];
  v_HyquOnvzcLz -> b_H0f4f3AZE;
  v_HfyfeO9kbA2 [label="id=176 t=75"];
  v_HfyfeO9kbA2 -> b_H0f4f3AZE;
  v_HK8jkyc2frM [label="id=108 t=75"];
  v_HK8jkyc2frM -> b_H0f4f3AZE;
  v_Hjzpvf10J7d [label="id=609 t=75"];
  v_Hjzpvf10J7d -> b_H0f4f3AZE;
  v_HMZiz96yQYH [label="id=590 t=75"];
  v_HMZiz96yQYH -> b_H0f4f3AZE;
  v_HPRUYvtIqj [label="id=190 t=75"];
  v_HPRUYvtIqj -> b_H0f4f3AZE;
  v_HgH3iYjVfE [label="id=125 t=75"];
  v_HgH3iYjVfE -> b_H0f4f3AZE;
  v_H2UaoeKavV [label="id=760 t=75"];
  v_H2UaoeKavV -> b_H0f4f3AZE;
  v_HM81PN8FMV2 [label="id=51 t=75"];
  v_HM81PN8FMV2 -> b_H0f4f3AZE;
  v_HoxCF7PzfBT [label="id=403 t=75"];
  v_HoxCF7PzfBT -> b_H0f4f3AZE;
  v_HK81puBeJix [label="id=648 t=75"];
  v_HK81puBeJix -> b_H0f4f3AZE;
  v_HpJ7gOupPF [label="id=641 t=75"];
  v_HpJ7gOupPF -> b_H0f4f3AZE;
  v_HnvVYDXIjeQ [label="id=718 t=75"];
  v_HnvVYDXIjeQ -> b_H0f4f3AZE;
  v_HB1kQKCh7F1 [label="id=585 t=75"];
  v_HB1kQKCh7F1 -> b_H0f4f3AZE;
  v_HGGCQYPPtea [label="id=862 t=75"];
  v_HGGCQYPPtea -> b_H0f4f3AZE;
  v_Hk2aZZTWpc [label="id=582 t=75"];
  v_Hk2aZZTWpc -> b_H0f4f3AZE;
  v_HF4LbL0ylm [label="id=472 t=75"];
  v_HF4LbL0ylm -> b_H0f4f3AZE;
  v_HWAojET5QvR [label="id=340 t=75"];
  v_HWAojET5QvR -> b_H0f4f3AZE;
  v_HOOwuy0ZYjL [label="id=953 t=75"];
  v_HOOwuy0ZYjL -> b_H0f4f3AZE;
  v_HdHRtVvsOCK [label="id=749 t=75"];
  v_HdHRtVvsOCK -> b_H0f4f3AZE;
  v_HufGPaYPxfr [label="id=791 t=75"];
  v_HufGPaYPxfr -> b_H0f4f3AZE;
  v_HKv4czmz [label="id=359 t=75"];
  v_HKv4czmz -> b_H0f4f3AZE;
  v_Hu5PZ69YeF9 [label="id=400 t=75"];
  v_Hu5PZ69YeF9 -> b_H0f4f3AZE;
  v_HjXzcWnN8s3 [label="id=450 t=75"];
  v_HjXzcWnN8s3 -> b_H0f4f3AZE;
  v_HONDYl9baF [label="id=755 t=75"];
  v_HONDYl9baF -> b_H0f4f3AZE;
  v_HDOe6I0USo [label="id=716 t=75"];
  v_HDOe6I0USo -> b_H0f4f3AZE;
  v_HM6XDytAtq0 [label="id=940 t=75"];
  v_HM6XDytAtq0 -> b_H0f4f3AZE;
  v_HizvSxgBDhv [label="id=883 t=75"];
  v_HizvSxgBDhv -> b_H0f4f3AZE;
  v_HCWOSSontJD [label="id=702 t=75"];
  v_HCWOSSontJD -> b_H0f4f3AZE;
  v_HPWI8mW5Axw [label="id=448 t=75"];
  v_HPWI8mW5Axw -> b_H0f4f3AZE;
  v_HrDWjG4HQB8 [label="id=858 t=75"];
  v_HrDWjG4HQB8 -> b_H0f4f3AZE;
  v_H8Z6FSw3jGl [label="id=758 t=75"];
  v_H8Z6FSw3jGl -> b_H0f4f3AZE;
}


ALWAYS AWAKE final ledgers: 72 75 72 75 62 65
ALWAYS AWAKE total communication: 52586057 5575
ALWAYS AWAKE blocks communication: 5780937 72
ALWAYS AWAKE votes communication: 1348032 4956
ALWAYS AWAKE proposals communication: 45457088 547
