r,n_asleep,n_awake,n_honest_asleep,n_honest_dreamy,n_honest_awake,n_adversary,n_all,party0_ledger_best_length,party0_ledger_best_age,party0_ledger_fast_length,party0_ledger_fast_age,party0_ledger_slow_length,party0_ledger_slow_age,party0_comms_all_size,party0_comms_all_count,party0_comms_proposal_size,party0_comms_proposal_count,party0_comms_piece_block_size,party0_comms_piece_block_count,party0_comms_piece_vote_size,party0_comms_piece_vote_count,party1_ledger_best_length,party1_ledger_best_age,party1_ledger_fast_length,party1_ledger_fast_age,party1_ledger_slow_length,party1_ledger_slow_age,party1_comms_all_size,party1_comms_all_count,party1_comms_proposal_size,party1_comms_proposal_count,party1_comms_piece_block_size,party1_comms_piece_block_count,party1_comms_piece_vote_size,party1_comms_piece_vote_count,party2_ledger_best_length,party2_ledger_best_age,party2_ledger_fast_length,party2_ledger_fast_age,party2_ledger_slow_length,party2_ledger_slow_age,party2_comms_all_size,party2_comms_all_count,party2_comms_proposal_size,party2_comms_proposal_count,party2_comms_piece_block_size,party2_comms_piece_block_count,party2_comms_piece_vote_size,party2_comms_piece_vote_count,party3_ledger_best_length,party3_ledger_best_age,party3_ledger_fast_length,party3_ledger_fast_age,party3_ledger_slow_length,party3_ledger_slow_age,party3_comms_all_size,party3_comms_all_count,party3_comms_proposal_size,party3_comms_proposal_count,party3_comms_piece_block_size,party3_comms_piece_block_count,party3_comms_piece_vote_size,party3_comms_piece_vote_count,party4_ledger_best_length,party4_ledger_best_age,party4_ledger_fast_length,party4_ledger_fast_age,party4_ledger_slow_length,party4_ledger_slow_age,party4_comms_all_size,party4_comms_all_count,party4_comms_proposal_size,party4_comms_proposal_count,party4_comms_piece_block_size,party4_comms_piece_block_count,party4_comms_piece_vote_size,party4_comms_piece_vote_count,partyALWAYSAWAKE_ledger_best_length,partyALWAYSAWAKE_ledger_best_age,partyALWAYSAWAKE_ledger_fast_length,partyALWAYSAWAKE_ledger_fast_age,partyALWAYSAWAKE_ledger_slow_length,partyALWAYSAWAKE_ledger_slow_age,partyALWAYSAWAKE_comms_all_size,partyALWAYSAWAKE_comms_all_count,partyALWAYSAWAKE_comms_proposal_size,partyALWAYSAWAKE_comms_proposal_count,partyALWAYSAWAKE_comms_piece_block_size,partyALWAYSAWAKE_comms_piece_block_count,partyALWAYSAWAKE_comms_piece_vote_size,partyALWAYSAWAKE_comms_piece_vote_count
4,0,1000,0,0,1000,0,1000,0,0,0,0,0,0,0,0,0,0,0,0,0,0,0,0,0,0,0,0,0,0,0,0,0,0,0,0,0,0,0,0,0,0,0,0,0,0,0,0,0,0,0,0,0,0,0,0,0,0,0,0,0,0,0,0,0,0,0,0,0,0,0,0,0,0,0,0,0,0,0,0,0,0,0,0,0,0,0,0,0,0,0,0
5,0,1000,0,0,1000,0,1000,0,0,0,0,0,0,0,0,0,0,0,0,0,0,0,0,0,0,0,0,0,0,0,0,0,0,0,0,0,0,0,0,0,0,0,0,0,0,0,0,0,0,0,0,0,0,0,0,0,0,0,0,0,0,0,0,0,0,0,0,0,0,0,0,0,0,0,0,0,0,0,0,0,0,0,0,0,0,0,0,0,0,0,0
6,0,1000,0,0,1000,0,1000,0,0,0,0,0,0,29376,108,0,0,0,0,29376,108,0,0,0,0,0,0,29376,108,0,0,0,0,29376,108,0,0,0,0,0,0,29376,108,0,0,0,0,29376,108,0,0,0,0,0,0,29376,108,0,0,0,0,29376,108,0,0,0,0,0,0,29376,108,0,0,0,0,29376,108,0,0,0,0,0,0,29376,108,0,0,0,0,29376,108
7,0,1000,0,0,1000,0,1000,0,0,0,0,0,0,0,0,0,0,0,0,0,0,0,0,0,0,0,0,0,0,0,0,0,0,0,0,0,0,0,0,0,0,0,0,0,0,0,0,0,0,0,0,0,0,0,0,0,0,0,0,0,0,0,0,0,0,0,0,0,0,0,0,0,0,0,0,0,0,0,0,0,0,0,0,0,0,0,0,0,0,0,0
8,0,1000,0,0,1000,0,1000,0,0,0,0,0,0,0,0,0,0,0,0,0,0,0,0,0,0,0,0,0,0,0,0,0,0,0,0,0,0,0,0,0,0,0,0,0,0,0,0,0,0,0,0,0,0,0,0,0,0,0,0,0,0,0,0,0,0,0,0,0,0,0,0,0,0,0,0,0,0,0,0,0,0,0,0,0,0,0,0,0,0,0,0
9,0,1000,0,0,1000,0,1000,0,0,0,0,0,0,0,0,0,0,0,0,0,0,0,0,0,0,0,0,0,0,0,0,0,0,0,0,0,0,0,0,0,0,0,0,0,0,0,0,0,0,0,0,0,0,0,0,0,0,0,0,0,0,0,0,0,0,0,0,0,0,0,0,0,0,0,0,0,0,0,0,0,0,0,0,0,0,0,0,0,0,0,0
10,0,1000,0,0,1000,0,1000,0,0,0,0,0,0,25024,92,0,0,0,0,25024,92,0,0,0,0,0,0,25024,92,0,0,0,0,25024,92,0,0,0,0,0,0,25024,92,0,0,0,0,25024,92,0,0,0,0,0,0,25024,92,0,0,0,0,25024,92,0,0,0,0,0,0,25024,92,0,0,0,0,25024,92,0,0,0,0,0,0,25024,92,0,0,0,0,25024,92
11,0,1000,0,0,1000,0,1000,0,0,0,0,0,0,0,0,0,0,0,0,0,0,0,0,0,0,0,0,0,0,0,0,0,0,0,0,0,0,0,0,0,0,0,0,0,0,0,0,0,0,0,0,0,0,0,0,0,0,0,0,0,0,0,0,0,0,0,0,0,0,0,0,0,0,0,0,0,0,0,0,0,0,0,0,0,0,0,0,0,0,0,0
12,0,1000,0,0,1000,0,1000,0,0,0,0,0,0,0,0,0,0,0,0,0,0,0,0,0,0,0,0,0,0,0,0,0,0,0,0,0,0,0,0,0,0,0,0,0,0,0,0,0,0,0,0,0,0,0,0,0,0,0,0,0,0,0,0,0,0,0,0,0,0,0,0,0,0,0,0,0,0,0,0,0,0,0,0,0,0,0,0,0,0,0,0
13,0,1000,0,0,1000,0,1000,0,0,0,0,0,0,0,0,0,0,0,0,0,0,0,0,0,0,0,0,0,0,0,0,0,0,0,0,0,0,0,0,0,0,0,0,0,0,0,0,0,0,0,0,0,0,0,0,0,0,0,0,0,0,0,0,0,0,0,0,0,0,0,0,0,0,0,0,0,0,0,0,0,0,0,0,0,0,0,0,0,0,0,0
14,0,1000,0,0,1000,0,1000,0,0,0,0,0,0,23664,87,0,0,0,0,23664,87,0,0,0,0,0,0,23664,87,0,0,0,0,23664,87,0,0,0,0,0,0,23664,87,0,0,0,0,23664,87,0,0,0,0,0,0,23664,87,0,0,0,0,23664,87,0,0,0,0,0,0,23664,87,0,0,0,0,23664,87,0,0,0,0,0,0,23664,87,0,0,0,0,23664,87
15,0,1000,0,0,1000,0,1000,0,0,0,0,0,0,0,0,0,0,0,0,0,0,0,0,0,0,0,0,0,0,0,0,0,0,0,0,0,0,0,0,0,0,0,0,0,0,0,0,0,0,0,0,0,0,0,0,0,0,0,0,0,0,0,0,0,0,0,0,0,0,0,0,0,0,0,0,0,0,0,0,0,0,0,0,0,0,0,0,0,0,0,0
16,0,1000,0,0,1000,0,1000,0,0,0,0,0,0,0,0,0,0,0,0,0,0,0,0,0,0,0,0,0,0,0,0,0,0,0,0,0,0,0,0,0,0,0,0,0,0,0,0,0,0,0,0,0,0,0,0,0,0,0,0,0,0,0,0,0,0,0,0,0,0,0,0,0,0,0,0,0,0,0,0,0,0,0,0,0,0,0,0,0,0,0,0
17,0,1000,0,0,1000,0,1000,0,0,0,0,0,0,0,0,0,0,0,0,0,0,0,0,0,0,0,0,0,0,0,0,0,0,0,0,0,0,0,0,0,0,0,0,0,0,0,0,0,0,0,0,0,0,0,0,0,0,0,0,0,0,0,0,0,0,0,0,0,0,0,0,0,0,0,0,0,0,0,0,0,0,0,0,0,0,0,0,0,0,0,0
18,0,1000,0,0,1000,0,1000,0,0,0,0,0,0,27744,102,0,0,0,0,27744,102,0,0,0,0,0,0,27744,102,0,0,0,0,27744,102,0,0,0,0,0,0,27744,102,0,0,0,0,27744,102,0,0,0,0,0,0,27744,102,0,0,0,0,27744,102,0,0,0,0,0,0,27744,102,0,0,0,0,27744,102,0,0,0,0,0,0,27744,102,0,0,0,0,27744,102
19,0,1000,0,0,1000,0,1000,0,0,0,0,0,0,0,0,0,0,0,0,0,0,0,0,0,0,0,0,0,0,0,0,0,0,0,0,0,0,0,0,0,0,0,0,0,0,0,0,0,0,0,0,0,0,0,0,0,0,0,0,0,0,0,0,0,0,0,0,0,0,0,0,0,0,0,0,0,0,0,0,0,0,0,0,0,0,0,0,0,0,0,0
20,0,1000,0,0,1000,0,1000,0,0,0,0,0,0,0,0,0,0,0,0,0,0,0,0,0,0,0,0,0,0,0,0,0,0,0,0,0,0,0,0,0,0,0,0,0,0,0,0,0,0,0,0,0,0,0,0,0,0,0,0,0,0,0,0,0,0,0,0,0,0,0,0,0,0,0,0,0,0,0,0,0,0,0,0,0,0,0,0,0,0,0,0
21,0,1000,0,0,1000,0,1000,0,0,0,0,0,0,0,0,0,0,0,0,0,0,0,0,0,0,0,0,0,0,0,0,0,0,0,0,0,0,0,0,0,0,0,0,0,0,0,0,0,0,0,0,0,0,0,0,0,0,0,0,0,0,0,0,0,0,0,0,0,0,0,0,0,0,0,0,0,0,0,0,0,0,0,0,0,0,0,0,0,0,0,0
22,0,1000,0,0,1000,0,1000,0,0,0,0,0,0,28560,105,0,0,0,0,28560,105,0,0,0,0,0,0,28560,105,0,0,0,0,28560,105,0,0,0,0,0,0,28560,105,0,0,0,0,28560,105,0,0,0,0,0,0,28560,105,0,0,0,0,28560,105,0,0,0,0,0,0,28560,105,0,0,0,0,28560,105,0,0,0,0,0,0,28560,105,0,0,0,0,28560,105
23,0,1000,0,0,1000,0,1000,0,0,0,0,0,0,0,0,0,0,0,0,0,0,0,0,0,0,0,0,0,0,0,0,0,0,0,0,0,0,0,0,0,0,0,0,0,0,0,0,0,0,0,0,0,0,0,0,0,0,0,0,0,0,0,0,0,0,0,0,0,0,0,0,0,0,0,0,0,0,0,0,0,0,0,0,0,0,0,0,0,0,0,0
24,0,1000,0,0,1000,0,1000,0,0,0,0,0,0,0,0,0,0,0,0,0,0,0,0,0,0,0,0,0,0,0,0,0,0,0,0,0,0,0,0,0,0,0,0,0,0,0,0,0,0,0,0,0,0,0,0,0,0,0,0,0,0,0,0,0,0,0,0,0,0,0,0,0,0,0,0,0,0,0,0,0,0,0,0,0,0,0,0,0,0,0,0
25,0,1000,0,0,1000,0,1000,0,0,0,0,0,0,0,0,0,0,0,0,0,0,0,0,0,0,0,0,0,0,0,0,0,0,0,0,0,0,0,0,0,0,0,0,0,0,0,0,0,0,0,0,0,0,0,0,0,0,0,0,0,0,0,0,0,0,0,0,0,0,0,0,0,0,0,0,0,0,0,0,0,0,0,0,0,0,0,0,0,0,0,0
26,0,1000,0,0,1000,0,1000,0,0,0,0,0,0,22576,83,0,0,0,0,22576,83,0,0,0,0,0,0,22576,83,0,0,0,0,22576,83,0,0,0,0,0,0,22576,83,0,0,0,0,22576,83,0,0,0,0,0,0,22576,83,0,0,0,0,22576,83,0,0,0,0,0,0,22576,83,0,0,0,0,22576,83,0,0,0,0,0,0,22576,83,0,0,0,0,22576,83
27,0,1000,0,0,1000,0,1000,0,0,0,0,0,0,0,0,0,0,0,0,0,0,0,0,0,0,0,0,0,0,0,0,0,0,0,0,0,0,0,0,0,0,0,0,0,0,0,0,0,0,0,0,0,0,0,0,0,0,0,0,0,0,0,0,0,0,0,0,0,0,0,0,0,0,0,0,0,0,0,0,0,0,0,0,0,0,0,0,0,0,0,0
28,0,1000,0,0,1000,0,1000,0,0,0,0,0,0,0,0,0,0,0,0,0,0,0,0,0,0,0,0,0,0,0,0,0,0,0,0,0,0,0,0,0,0,0,0,0,0,0,0,0,0,0,0,0,0,0,0,0,0,0,0,0,0,0,0,0,0,0,0,0,0,0,0,0,0,0,0,0,0,0,0,0,0,0,0,0,0,0,0,0,0,0,0
29,0,1000,0,0,1000,0,1000,0,0,0,0,0,0,0,0,0,0,0,0,0,0,0,0,0,0,0,0,0,0,0,0,0,0,0,0,0,0,0,0,0,0,0,0,0,0,0,0,0,0,0,0,0,0,0,0,0,0,0,0,0,0,0,0,0,0,0,0,0,0,0,0,0,0,0,0,0,0,0,0,0,0,0,0,0,0,0,0,0,0,0,0
30,0,1000,0,0,1000,0,1000,0,0,0,0,0,0,25840,95,0,0,0,0,25840,95,0,0,0,0,0,0,25840,95,0,0,0,0,25840,95,0,0,0,0,0,0,25840,95,0,0,0,0,25840,95,0,0,0,0,0,0,25840,95,0,0,0,0,25840,95,0,0,0,0,0,0,25840,95,0,0,0,0,25840,95,0,0,0,0,0,0,25840,95,0,0,0,0,25840,95
31,0,1000,0,0,1000,0,1000,0,0,0,0,0,0,0,0,0,0,0,0,0,0,0,0,0,0,0,0,0,0,0,0,0,0,0,0,0,0,0,0,0,0,0,0,0,0,0,0,0,0,0,0,0,0,0,0,0,0,0,0,0,0,0,0,0,0,0,0,0,0,0,0,0,0,0,0,0,0,0,0,0,0,0,0,0,0,0,0,0,0,0,0
32,0,1000,0,0,1000,0,1000,0,0,0,0,0,0,0,0,0,0,0,0,0,0,0,0,0,0,0,0,0,0,0,0,0,0,0,0,0,0,0,0,0,0,0,0,0,0,0,0,0,0,0,0,0,0,0,0,0,0,0,0,0,0,0,0,0,0,0,0,0,0,0,0,0,0,0,0,0,0,0,0,0,0,0,0,0,0,0,0,0,0,0,0
33,0,1000,0,0,1000,0,1000,0,0,0,0,0,0,0,0,0,0,0,0,0,0,0,0,0,0,0,0,0,0,0,0,0,0,0,0,0,0,0,0,0,0,0,0,0,0,0,0,0,0,0,0,0,0,0,0,0,0,0,0,0,0,0,0,0,0,0,0,0,0,0,0,0,0,0,0,0,0,0,0,0,0,0,0,0,0,0,0,0,0,0,0
34,0,1000,0,0,1000,0,1000,0,0,0,0,0,0,25024,92,0,0,0,0,25024,92,0,0,0,0,0,0,25024,92,0,0,0,0,25024,92,0,0,0,0,0,0,25024,92,0,0,0,0,25024,92,0,0,0,0,0,0,25024,92,0,0,0,0,25024,92,0,0,0,0,0,0,25024,92,0,0,0,0,25024,92,0,0,0,0,0,0,25024,92,0,0,0,0,25024,92
35,0,1000,0,0,1000,0,1000,0,0,0,0,0,0,0,0,0,0,0,0,0,0,0,0,0,0,0,0,0,0,0,0,0,0,0,0,0,0,0,0,0,0,0,0,0,0,0,0,0,0,0,0,0,0,0,0,0,0,0,0,0,0,0,0,0,0,0,0,0,0,0,0,0,0,0,0,0,0,0,0,0,0,0,0,0,0,0,0,0,0,0,0
36,0,1000,0,0,1000,0,1000,0,0,0,0,0,0,0,0,0,0,0,0,0,0,0,0,0,0,0,0,0,0,0,0,0,0,0,0,0,0,0,0,0,0,0,0,0,0,0,0,0,0,0,0,0,0,0,0,0,0,0,0,0,0,0,0,0,0,0,0,0,0,0,0,0,0,0,0,0,0,0,0,0,0,0,0,0,0,0,0,0,0,0,0
37,0,1000,0,0,1000,0,1000,0,0,0,0,0,0,0,0,0,0,0,0,0,0,0,0,0,0,0,0,0,0,0,0,0,0,0,0,0,0,0,0,0,0,0,0,0,0,0,0,0,0,0,0,0,0,0,0,0,0,0,0,0,0,0,0,0,0,0,0,0,0,0,0,0,0,0,0,0,0,0,0,0,0,0,0,0,0,0,0,0,0,0,0
38,0,1000,0,0,1000,0,1000,0,0,0,0,0,0,27472,101,0,0,0,0,27472,101,0,0,0,0,0,0,27472,101,0,0,0,0,27472,101,0,0,0,0,0,0,27472,101,0,0,0,0,27472,101,0,0,0,0,0,0,27472,101,0,0,0,0,27472,101,0,0,0,0,0,0,27472,101,0,0,0,0,27472,101,0,0,0,0,0,0,27472,101,0,0,0,0,27472,101
39,0,1000,0,0,1000,0,1000,0,0,0,0,0,0,0,0,0,0,0,0,0,0,0,0,0,0,0,0,0,0,0,0,0,0,0,0,0,0,0,0,0,0,0,0,0,0,0,0,0,0,0,0,0,0,0,0,0,0,0,0,0,0,0,0,0,0,0,0,0,0,0,0,0,0,0,0,0,0,0,0,0,0,0,0,0,0,0,0,0,0,0,0
40,0,1000,0,0,1000,0,1000,0,0,0,0,0,0,0,0,0,0,0,0,0,0,0,0,0,0,0,0,0,0,0,0,0,0,0,0,0,0,0,0,0,0,0,0,0,0,0,0,0,0,0,0,0,0,0,0,0,0,0,0,0,0,0,0,0,0,0,0,0,0,0,0,0,0,0,0,0,0,0,0,0,0,0,0,0,0,0,0,0,0,0,0
41,0,1000,0,0,1000,0,1000,0,0,0,0,0,0,0,0,0,0,0,0,0,0,0,0,0,0,0,0,0,0,0,0,0,0,0,0,0,0,0,0,0,0,0,0,0,0,0,0,0,0,0,0,0,0,0,0,0,0,0,0,0,0,0,0,0,0,0,0,0,0,0,0,0,0,0,0,0,0,0,0,0,0,0,0,0,0,0,0,0,0,0,0
42,0,1000,0,0,1000,0,1000,0,0,0,0,0,0,27744,102,0,0,0,0,27744,102,0,0,0,0,0,0,27744,102,0,0,0,0,27744,102,0,0,0,0,0,0,27744,102,0,0,0,0,27744,102,0,0,0,0,0,0,27744,102,0,0,0,0,27744,102,0,0,0,0,0,0,27744,102,0,0,0,0,27744,102,0,0,0,0,0,0,27744,102,0,0,0,0,27744,102
43,0,1000,0,0,1000,0,1000,0,0,0,0,0,0,0,0,0,0,0,0,0,0,0,0,0,0,0,0,0,0,0,0,0,0,0,0,0,0,0,0,0,0,0,0,0,0,0,0,0,0,0,0,0,0,0,0,0,0,0,0,0,0,0,0,0,0,0,0,0,0,0,0,0,0,0,0,0,0,0,0,0,0,0,0,0,0,0,0,0,0,0,0
44,0,1000,0,0,1000,0,1000,0,0,0,0,0,0,0,0,0,0,0,0,0,0,0,0,0,0,0,0,0,0,0,0,0,0,0,0,0,0,0,0,0,0,0,0,0,0,0,0,0,0,0,0,0,0,0,0,0,0,0,0,0,0,0,0,0,0,0,0,0,0,0,0,0,0,0,0,0,0,0,0,0,0,0,0,0,0,0,0,0,0,0,0
45,0,1000,0,0,1000,0,1000,0,0,0,0,0,0,0,0,0,0,0,0,0,0,0,0,0,0,0,0,0,0,0,0,0,0,0,0,0,0,0,0,0,0,0,0,0,0,0,0,0,0,0,0,0,0,0,0,0,0,0,0,0,0,0,0,0,0,0,0,0,0,0,0,0,0,0,0,0,0,0,0,0,0,0,0,0,0,0,0,0,0,0,0
46,0,1000,0,0,1000,0,1000,0,0,0,0,0,0,31008,114,0,0,0,0,31008,114,0,0,0,0,0,0,31008,114,0,0,0,0,31008,114,0,0,0,0,0,0,31008,114,0,0,0,0,31008,114,0,0,0,0,0,0,31008,114,0,0,0,0,31008,114,0,0,0,0,0,0,31008,114,0,0,0,0,31008,114,0,0,0,0,0,0,31008,114,0,0,0,0,31008,114
47,0,1000,0,0,1000,0,1000,0,0,0,0,0,0,0,0,0,0,0,0,0,0,0,0,0,0,0,0,0,0,0,0,0,0,0,0,0,0,0,0,0,0,0,0,0,0,0,0,0,0,0,0,0,0,0,0,0,0,0,0,0,0,0,0,0,0,0,0,0,0,0,0,0,0,0,0,0,0,0,0,0,0,0,0,0,0,0,0,0,0,0,0
48,0,1000,0,0,1000,0,1000,0,0,0,0,0,0,0,0,0,0,0,0,0,0,0,0,0,0,0,0,0,0,0,0,0,0,0,0,0,0,0,0,0,0,0,0,0,0,0,0,0,0,0,0,0,0,0,0,0,0,0,0,0,0,0,0,0,0,0,0,0,0,0,0,0,0,0,0,0,0,0,0,0,0,0,0,0,0,0,0,0,0,0,0
49,0,1000,0,0,1000,0,1000,0,0,0,0,0,0,0,0,0,0,0,0,0,0,0,0,0,0,0,0,0,0,0,0,0,0,0,0,0,0,0,0,0,0,0,0,0,0,0,0,0,0,0,0,0,0,0,0,0,0,0,0,0,0,0,0,0,0,0,0,0,0,0,0,0,0,0,0,0,0,0,0,0,0,0,0,0,0,0,0,0,0,0,0
50,0,1000,0,0,1000,0,1000,0,0,0,0,0,0,32640,120,0,0,0,0,32640,120,0,0,0,0,0,0,32640,120,0,0,0,0,32640,120,0,0,0,0,0,0,32640,120,0,0,0,0,32640,120,0,0,0,0,0,0,32640,120,0,0,0,0,32640,120,0,0,0,0,0,0,32640,120,0,0,0,0,32640,120,0,0,0,0,0,0,32640,120,0,0,0,0,32640,120
51,0,1000,0,0,1000,0,1000,0,0,0,0,0,0,0,0,0,0,0,0,0,0,0,0,0,0,0,0,0,0,0,0,0,0,0,0,0,0,0,0,0,0,0,0,0,0,0,0,0,0,0,0,0,0,0,0,0,0,0,0,0,0,0,0,0,0,0,0,0,0,0,0,0,0,0,0,0,0,0,0,0,0,0,0,0,0,0,0,0,0,0,0
52,0,1000,0,0,1000,0,1000,0,0,0,0,0,0,0,0,0,0,0,0,0,0,0,0,0,0,0,0,0,0,0,0,0,0,0,0,0,0,0,0,0,0,0,0,0,0,0,0,0,0,0,0,0,0,0,0,0,0,0,0,0,0,0,0,0,0,0,0,0,0,0,0,0,0,0,0,0,0,0,0,0,0,0,0,0,0,0,0,0,0,0,0
53,0,1000,0,0,1000,0,1000,0,0,0,0,0,0,0,0,0,0,0,0,0,0,0,0,0,0,0,0,0,0,0,0,0,0,0,0,0,0,0,0,0,0,0,0,0,0,0,0,0,0,0,0,0,0,0,0,0,0,0,0,0,0,0,0,0,0,0,0,0,0,0,0,0,0,0,0,0,0,0,0,0,0,0,0,0,0,0,0,0,0,0,0
54,0,1000,0,0,1000,0,1000,0,0,0,0,0,0,30736,113,0,0,0,0,30736,113,0,0,0,0,0,0,30736,113,0,0,0,0,30736,113,0,0,0,0,0,0,30736,113,0,0,0,0,30736,113,0,0,0,0,0,0,30736,113,0,0,0,0,30736,113,0,0,0,0,0,0,30736,113,0,0,0,0,30736,113,0,0,0,0,0,0,30736,113,0,0,0,0,30736,113
55,0,1000,0,0,1000,0,1000,0,0,0,0,0,0,0,0,0,0,0,0,0,0,0,0,0,0,0,0,0,0,0,0,0,0,0,0,0,0,0,0,0,0,0,0,0,0,0,0,0,0,0,0,0,0,0,0,0,0,0,0,0,0,0,0,0,0,0,0,0,0,0,0,0,0,0,0,0,0,0,0,0,0,0,0,0,0,0,0,0,0,0,0
56,0,1000,0,0,1000,0,1000,0,0,0,0,0,0,0,0,0,0,0,0,0,0,0,0,0,0,0,0,0,0,0,0,0,0,0,0,0,0,0,0,0,0,0,0,0,0,0,0,0,0,0,0,0,0,0,0,0,0,0,0,0,0,0,0,0,0,0,0,0,0,0,0,0,0,0,0,0,0,0,0,0,0,0,0,0,0,0,0,0,0,0,0
57,0,1000,0,0,1000,0,1000,0,0,0,0,0,0,0,0,0,0,0,0,0,0,0,0,0,0,0,0,0,0,0,0,0,0,0,0,0,0,0,0,0,0,0,0,0,0,0,0,0,0,0,0,0,0,0,0,0,0,0,0,0,0,0,0,0,0,0,0,0,0,0,0,0,0,0,0,0,0,0,0,0,0,0,0,0,0,0,0,0,0,0,0
58,0,1000,0,0,1000,0,1000,0,0,0,0,0,0,24208,89,0,0,0,0,24208,89,0,0,0,0,0,0,24208,89,0,0,0,0,24208,89,0,0,0,0,0,0,24208,89,0,0,0,0,24208,89,0,0,0,0,0,0,24208,89,0,0,0,0,24208,89,0,0,0,0,0,0,24208,89,0,0,0,0,24208,89,0,0,0,0,0,0,24208,89,0,0,0,0,24208,89
59,0,1000,0,0,1000,0,1000,0,0,0,0,0,0,0,0,0,0,0,0,0,0,0,0,0,0,0,0,0,0,0,0,0,0,0,0,0,0,0,0,0,0,0,0,0,0,0,0,0,0,0,0,0,0,0,0,0,0,0,0,0,0,0,0,0,0,0,0,0,0,0,0,0,0,0,0,0,0,0,0,0,0,0,0,0,0,0,0,0,0,0,0
60,0,1000,0,0,1000,0,1000,0,0,0,0,0,0,0,0,0,0,0,0,0,0,0,0,0,0,0,0,0,0,0,0,0,0,0,0,0,0,0,0,0,0,0,0,0,0,0,0,0,0,0,0,0,0,0,0,0,0,0,0,0,0,0,0,0,0,0,0,0,0,0,0,0,0,0,0,0,0,0,0,0,0,0,0,0,0,0,0,0,0,0,0
61,0,1000,0,0,1000,0,1000,0,0,0,0,0,0,0,0,0,0,0,0,0,0,0,0,0,0,0,0,0,0,0,0,0,0,0,0,0,0,0,0,0,0,0,0,0,0,0,0,0,0,0,0,0,0,0,0,0,0,0,0,0,0,0,0,0,0,0,0,0,0,0,0,0,0,0,0,0,0,0,0,0,0,0,0,0,0,0,0,0,0,0,0
62,0,1000,0,0,1000,0,1000,0,0,0,0,0,0,20400,75,0,0,0,0,20400,75,0,0,0,0,0,0,20400,75,0,0,0,0,20400,75,0,0,0,0,0,0,20400,75,0,0,0,0,20400,75,0,0,0,0,0,0,20400,75,0,0,0,0,20400,75,0,0,0,0,0,0,20400,75,0,0,0,0,20400,75,0,0,0,0,0,0,20400,75,0,0,0,0,20400,75
63,0,1000,0,0,1000,0,1000,0,0,0,0,0,0,0,0,0,0,0,0,0,0,0,0,0,0,0,0,0,0,0,0,0,0,0,0,0,0,0,0,0,0,0,0,0,0,0,0,0,0,0,0,0,0,0,0,0,0,0,0,0,0,0,0,0,0,0,0,0,0,0,0,0,0,0,0,0,0,0,0,0,0,0,0,0,0,0,0,0,0,0,0
64,0,1000,0,0,1000,0,1000,0,0,0,0,0,0,0,0,0,0,0,0,0,0,0,0,0,0,0,0,0,0,0,0,0,0,0,0,0,0,0,0,0,0,0,0,0,0,0,0,0,0,0,0,0,0,0,0,0,0,0,0,0,0,0,0,0,0,0,0,0,0,0,0,0,0,0,0,0,0,0,0,0,0,0,0,0,0,0,0,0,0,0,0
65,0,1000,0,0,1000,0,1000,0,0,0,0,0,0,0,0,0,0,0,0,0,0,0,0,0,0,0,0,0,0,0,0,0,0,0,0,0,0,0,0,0,0,0,0,0,0,0,0,0,0,0,0,0,0,0,0,0,0,0,0,0,0,0,0,0,0,0,0,0,0,0,0,0,0,0,0,0,0,0,0,0,0,0,0,0,0,0,0,0,0,0,0
66,0,1000,0,0,1000,0,1000,0,0,0,0,0,0,26384,97,0,0,0,0,26384,97,0,0,0,0,0,0,26384,97,0,0,0,0,26384,97,0,0,0,0,0,0,26384,97,0,0,0,0,26384,97,0,0,0,0,0,0,26384,97,0,0,0,0,26384,97,0,0,0,0,0,0,26384,97,0,0,0,0,26384,97,0,0,0,0,0,0,26384,97,0,0,0,0,26384,97
67,0,1000,0,0,1000,0,1000,0,0,0,0,0,0,0,0,0,0,0,0,0,0,0,0,0,0,0,0,0,0,0,0,0,0,0,0,0,0,0,0,0,0,0,0,0,0,0,0,0,0,0,0,0,0,0,0,0,0,0,0,0,0,0,0,0,0,0,0,0,0,0,0,0,0,0,0,0,0,0,0,0,0,0,0,0,0,0,0,0,0,0,0
68,0,1000,0,0,1000,0,1000,0,0,0,0,0,0,0,0,0,0,0,0,0,0,0,0,0,0,0,0,0,0,0,0,0,0,0,0,0,0,0,0,0,0,0,0,0,0,0,0,0,0,0,0,0,0,0,0,0,0,0,0,0,0,0,0,0,0,0,0,0,0,0,0,0,0,0,0,0,0,0,0,0,0,0,0,0,0,0,0,0,0,0,0
69,0,1000,0,0,1000,0,1000,0,0,0,0,0,0,0,0,0,0,0,0,0,0,0,0,0,0,0,0,0,0,0,0,0,0,0,0,0,0,0,0,0,0,0,0,0,0,0,0,0,0,0,0,0,0,0,0,0,0,0,0,0,0,0,0,0,0,0,0,0,0,0,0,0,0,0,0,0,0,0,0,0,0,0,0,0,0,0,0,0,0,0,0
70,0,1000,0,0,1000,0,1000,0,0,0,0,0,0,27200,100,0,0,0,0,27200,100,0,0,0,0,0,0,27200,100,0,0,0,0,27200,100,0,0,0,0,0,0,27200,100,0,0,0,0,27200,100,0,0,0,0,0,0,27200,100,0,0,0,0,27200,100,0,0,0,0,0,0,27200,100,0,0,0,0,27200,100,0,0,0,0,0,0,27200,100,0,0,0,0,27200,100
71,0,1000,0,0,1000,0,1000,0,0,0,0,0,0,0,0,0,0,0,0,0,0,0,0,0,0,0,0,0,0,0,0,0,0,0,0,0,0,0,0,0,0,0,0,0,0,0,0,0,0,0,0,0,0,0,0,0,0,0,0,0,0,0,0,0,0,0,0,0,0,0,0,0,0,0,0,0,0,0,0,0,0,0,0,0,0,0,0,0,0,0,0
72,0,1000,0,0,1000,0,1000,0,0,0,0,0,0,0,0,0,0,0,0,0,0,0,0,0,0,0,0,0,0,0,0,0,0,0,0,0,0,0,0,0,0,0,0,0,0,0,0,0,0,0,0,0,0,0,0,0,0,0,0,0,0,0,0,0,0,0,0,0,0,0,0,0,0,0,0,0,0,0,0,0,0,0,0,0,0,0,0,0,0,0,0
73,0,1000,0,0,1000,0,1000,0,0,0,0,0,0,0,0,0,0,0,0,0,0,0,0,0,0,0,0,0,0,0,0,0,0,0,0,0,0,0,0,0,0,0,0,0,0,0,0,0,0,0,0,0,0,0,0,0,0,0,0,0,0,0,0,0,0,0,0,0,0,0,0,0,0,0,0,0,0,0,0,0,0,0,0,0,0,0,0,0,0,0,0
74,0,1000,0,0,1000,0,1000,0,0,0,0,0,0,28288,104,0,0,0,0,28288,104,0,0,0,0,0,0,28288,104,0,0,0,0,28288,104,0,0,0,0,0,0,28288,104,0,0,0,0,28288,104,0,0,0,0,0,0,28288,104,0,0,0,0,28288,104,0,0,0,0,0,0,28288,104,0,0,0,0,28288,104,0,0,0,0,0,0,28288,104,0,0,0,0,28288,104
75,0,1000,0,0,1000,0,1000,0,0,0,0,0,0,0,0,0,0,0,0,0,0,0,0,0,0,0,0,0,0,0,0,0,0,0,0,0,0,0,0,0,0,0,0,0,0,0,0,0,0,0,0,0,0,0,0,0,0,0,0,0,0,0,0,0,0,0,0,0,0,0,0,0,0,0,0,0,0,0,0,0,0,0,0,0,0,0,0,0,0,0,0
76,0,1000,0,0,1000,0,1000,0,0,0,0,0,0,0,0,0,0,0,0,0,0,0,0,0,0,0,0,0,0,0,0,0,0,0,0,0,0,0,0,0,0,0,0,0,0,0,0,0,0,0,0,0,0,0,0,0,0,0,0,0,0,0,0,0,0,0,0,0,0,0,0,0,0,0,0,0,0,0,0,0,0,0,0,0,0,0,0,0,0,0,0
77,0,1000,0,0,1000,0,1000,0,0,0,0,0,0,167534,2,167534,2,0,0,0,0,0,0,0,0,0,0,167534,2,167534,2,0,0,0,0,0,0,0,0,0,0,167534,2,167534,2,0,0,0,0,0,0,0,0,0,0,167534,2,167534,2,0,0,0,0,0,0,0,0,0,0,167534,2,167534,2,0,0,0,0,0,0,0,0,0,0,167534,2,167534,2,0,0,0,0
78,0,1000,0,0,1000,0,1000,1,19,1,19,0,0,106947,99,0,0,80291,1,26656,98,1,19,1,19,0,0,106947,99,0,0,80291,1,26656,98,1,19,1,19,0,0,106947,99,0,0,80291,1,26656,98,1,19,1,19,0,0,106947,99,0,0,80291,1,26656,98,1,19,1,19,0,0,106947,99,0,0,80291,1,26656,98,1,19,1,19,0,0,106947,99,0,0,80291,1,26656,98
79,0,1000,0,0,1000,0,1000,1,19,1,19,0,0,0,0,0,0,0,0,0,0,1,19,1,19,0,0,0,0,0,0,0,0,0,0,1,19,1,19,0,0,0,0,0,0,0,0,0,0,1,19,1,19,0,0,0,0,0,0,0,0,0,0,1,19,1,19,0,0,0,0,0,0,0,0,0,0,1,19,1,19,0,0,0,0,0,0,0,0,0,0
80,0,1000,0,0,1000,0,1000,1,19,1,19,0,0,0,0,0,0,0,0,0,0,1,19,1,19,0,0,0,0,0,0,0,0,0,0,1,19,1,19,0,0,0,0,0,0,0,0,0,0,1,19,1,19,0,0,0,0,0,0,0,0,0,0,1,19,1,19,0,0,0,0,0,0,0,0,0,0,1,19,1,19,0,0,0,0,0,0,0,0,0,0
81,0,1000,0,0,1000,0,1000,1,19,1,19,0,0,0,0,0,0,0,0,0,0,1,19,1,19,0,0,0,0,0,0,0,0,0,0,1,19,1,19,0,0,0,0,0,0,0,0,0,0,1,19,1,19,0,0,0,0,0,0,0,0,0,0,1,19,1,19,0,0,0,0,0,0,0,0,0,0,1,19,1,19,0,0,0,0,0,0,0,0,0,0
82,0,1000,0,0,1000,0,1000,1,19,1,19,0,0,28016,103,0,0,0,0,28016,103,1,19,1,19,0,0,28016,103,0,0,0,0,28016,103,1,19,1,19,0,0,28016,103,0,0,0,0,28016,103,1,19,1,19,0,0,28016,103,0,0,0,0,28016,103,1,19,1,19,0,0,28016,103,0,0,0,0,28016,103,1,19,1,19,0,0,28016,103,0,0,0,0,28016,103
83,0,1000,0,0,1000,0,1000,1,19,1,19,0,0,0,0,0,0,0,0,0,0,1,19,1,19,0,0,0,0,0,0,0,0,0,0,1,19,1,19,0,0,0,0,0,0,0,0,0,0,1,19,1,19,0,0,0,0,0,0,0,0,0,0,1,19,1,19,0,0,0,0,0,0,0,0,0,0,1,19,1,19,0,0,0,0,0,0,0,0,0,0
84,0,1000,0,0,1000,0,1000,1,19,1,19,0,0,0,0,0,0,0,0,0,0,1,19,1,19,0,0,0,0,0,0,0,0,0,0,1,19,1,19,0,0,0,0,0,0,0,0,0,0,1,19,1,19,0,0,0,0,0,0,0,0,0,0,1,19,1,19,0,0,0,0,0,0,0,0,0,0,1,19,1,19,0,0,0,0,0,0,0,0,0,0
85,0,1000,0,0,1000,0,1000,1,19,1,19,0,0,0,0,0,0,0,0,0,0,1,19,1,19,0,0,0,0,0,0,0,0,0,0,1,19,1,19,0,0,0,0,0,0,0,0,0,0,1,19,1,19,0,0,0,0,0,0,0,0,0,0,1,19,1,19,0,0,0,0,0,0,0,0,0,0,1,19,1,19,0,0,0,0,0,0,0,0,0,0
86,0,1000,0,0,1000,0,1000,1,19,1,19,0,0,26656,98,0,0,0,0,26656,98,1,19,1,19,0,0,26656,98,0,0,0,0,26656,98,1,19,1,19,0,0,26656,98,0,0,0,0,26656,98,1,19,1,19,0,0,26656,98,0,0,0,0,26656,98,1,19,1,19,0,0,26656,98,0,0,0,0,26656,98,1,19,1,19,0,0,26656,98,0,0,0,0,26656,98
87,0,1000,0,0,1000,0,1000,1,19,1,19,0,0,0,0,0,0,0,0,0,0,1,19,1,19,0,0,0,0,0,0,0,0,0,0,1,19,1,19,0,0,0,0,0,0,0,0,0,0,1,19,1,19,0,0,0,0,0,0,0,0,0,0,1,19,1,19,0,0,0,0,0,0,0,0,0,0,1,19,1,19,0,0,0,0,0,0,0,0,0,0
88,0,1000,0,0,1000,0,1000,1,19,1,19,0,0,0,0,0,0,0,0,0,0,1,19,1,19,0,0,0,0,0,0,0,0,0,0,1,19,1,19,0,0,0,0,0,0,0,0,0,0,1,19,1,19,0,0,0,0,0,0,0,0,0,0,1,19,1,19,0,0,0,0,0,0,0,0,0,0,1,19,1,19,0,0,0,0,0,0,0,0,0,0
89,0,1000,0,0,1000,0,1000,1,19,1,19,0,0,0,0,0,0,0,0,0,0,1,19,1,19,0,0,0,0,0,0,0,0,0,0,1,19,1,19,0,0,0,0,0,0,0,0,0,0,1,19,1,19,0,0,0,0,0,0,0,0,0,0,1,19,1,19,0,0,0,0,0,0,0,0,0,0,1,19,1,19,0,0,0,0,0,0,0,0,0,0
90,0,1000,0,0,1000,0,1000,1,19,1,19,0,0,27472,101,0,0,0,0,27472,101,1,19,1,19,0,0,27472,101,0,0,0,0,27472,101,1,19,1,19,0,0,27472,101,0,0,0,0,27472,101,1,19,1,19,0,0,27472,101,0,0,0,0,27472,101,1,19,1,19,0,0,27472,101,0,0,0,0,27472,101,1,19,1,19,0,0,27472,101,0,0,0,0,27472,101
91,0,1000,0,0,1000,0,1000,1,19,1,19,0,0,0,0,0,0,0,0,0,0,1,19,1,19,0,0,0,0,0,0,0,0,0,0,1,19,1,19,0,0,0,0,0,0,0,0,0,0,1,19,1,19,0,0,0,0,0,0,0,0,0,0,1,19,1,19,0,0,0,0,0,0,0,0,0,0,1,19,1,19,0,0,0,0,0,0,0,0,0,0
92,0,1000,0,0,1000,0,1000,1,19,1,19,0,0,0,0,0,0,0,0,0,0,1,19,1,19,0,0,0,0,0,0,0,0,0,0,1,19,1,19,0,0,0,0,0,0,0,0,0,0,1,19,1,19,0,0,0,0,0,0,0,0,0,0,1,19,1,19,0,0,0,0,0,0,0,0,0,0,1,19,1,19,0,0,0,0,0,0,0,0,0,0
93,0,1000,0,0,1000,0,1000,1,19,1,19,0,0,0,0,0,0,0,0,0,0,1,19,1,19,0,0,0,0,0,0,0,0,0,0,1,19,1,19,0,0,0,0,0,0,0,0,0,0,1,19,1,19,0,0,0,0,0,0,0,0,0,0,1,19,1,19,0,0,0,0,0,0,0,0,0,0,1,19,1,19,0,0,0,0,0,0,0,0,0,0
94,0,1000,0,0,1000,0,1000,1,19,1,19,0,0,26928,99,0,0,0,0,26928,99,1,19,1,19,0,0,26928,99,0,0,0,0,26928,99,1,19,1,19,0,0,26928,99,0,0,0,0,26928,99,1,19,1,19,0,0,26928,99,0,0,0,0,26928,99,1,19,1,19,0,0,26928,99,0,0,0,0,26928,99,1,19,1,19,0,0,26928,99,0,0,0,0,26928,99
95,0,1000,0,0,1000,0,1000,1,19,1,19,0,0,0,0,0,0,0,0,0,0,1,19,1,19,0,0,0,0,0,0,0,0,0,0,1,19,1,19,0,0,0,0,0,0,0,0,0,0,1,19,1,19,0,0,0,0,0,0,0,0,0,0,1,19,1,19,0,0,0,0,0,0,0,0,0,0,1,19,1,19,0,0,0,0,0,0,0,0,0,0
96,0,1000,0,0,1000,0,1000,1,19,1,19,0,0,0,0,0,0,0,0,0,0,1,19,1,19,0,0,0,0,0,0,0,0,0,0,1,19,1,19,0,0,0,0,0,0,0,0,0,0,1,19,1,19,0,0,0,0,0,0,0,0,0,0,1,19,1,19,0,0,0,0,0,0,0,0,0,0,1,19,1,19,0,0,0,0,0,0,0,0,0,0
97,0,1000,0,0,1000,0,1000,1,19,1,19,0,0,0,0,0,0,0,0,0,0,1,19,1,19,0,0,0,0,0,0,0,0,0,0,1,19,1,19,0,0,0,0,0,0,0,0,0,0,1,19,1,19,0,0,0,0,0,0,0,0,0,0,1,19,1,19,0,0,0,0,0,0,0,0,0,0,1,19,1,19,0,0,0,0,0,0,0,0,0,0
98,0,1000,0,0,1000,0,1000,1,19,1,19,0,0,25840,95,0,0,0,0,25840,95,1,19,1,19,0,0,25840,95,0,0,0,0,25840,95,1,19,1,19,0,0,25840,95,0,0,0,0,25840,95,1,19,1,19,0,0,25840,95,0,0,0,0,25840,95,1,19,1,19,0,0,25840,95,0,0,0,0,25840,95,1,19,1,19,0,0,25840,95,0,0,0,0,25840,95
99,0,1000,0,0,1000,0,1000,1,19,1,19,0,0,0,0,0,0,0,0,0,0,1,19,1,19,0,0,0,0,0,0,0,0,0,0,1,19,1,19,0,0,0,0,0,0,0,0,0,0,1,19,1,19,0,0,0,0,0,0,0,0,0,0,1,19,1,19,0,0,0,0,0,0,0,0,0,0,1,19,1,19,0,0,0,0,0,0,0,0,0,0
100,0,1000,0,0,1000,0,1000,1,19,1,19,0,0,0,0,0,0,0,0,0,0,1,19,1,19,0,0,0,0,0,0,0,0,0,0,1,19,1,19,0,0,0,0,0,0,0,0,0,0,1,19,1,19,0,0,0,0,0,0,0,0,0,0,1,19,1,19,0,0,0,0,0,0,0,0,0,0,1,19,1,19,0,0,0,0,0,0,0,0,0,0
101,0,1000,0,0,1000,0,1000,1,19,1,19,0,0,0,0,0,0,0,0,0,0,1,19,1,19,0,0,0,0,0,0,0,0,0,0,1,19,1,19,0,0,0,0,0,0,0,0,0,0,1,19,1,19,0,0,0,0,0,0,0,0,0,0,1,19,1,19,0,0,0,0,0,0,0,0,0,0,1,19,1,19,0,0,0,0,0,0,0,0,0,0
102,0,1000,0,0,1000,0,1000,1,19,1,19,0,0,26384,97,0,0,0,0,26384,97,1,19,1,19,0,0,26384,97,0,0,0,0,26384,97,1,19,1,19,0,0,26384,97,0,0,0,0,26384,97,1,19,1,19,0,0,26384,97,0,0,0,0,26384,97,1,19,1,19,0,0,26384,97,0,0,0,0,26384,97,1,19,1,19,0,0,26384,97,0,0,0,0,26384,97
103,0,1000,0,0,1000,0,1000,1,19,1,19,0,0,0,0,0,0,0,0,0,0,1,19,1,19,0,0,0,0,0,0,0,0,0,0,1,19,1,19,0,0,0,0,0,0,0,0,0,0,1,19,1,19,0,0,0,0,0,0,0,0,0,0,1,19,1,19,0,0,0,0,0,0,0,0,0,0,1,19,1,19,0,0,0,0,0,0,0,0,0,0
104,0,1000,0,0,1000,0,1000,1,19,1,19,0,0,0,0,0,0,0,0,0,0,1,19,1,19,0,0,0,0,0,0,0,0,0,0,1,19,1,19,0,0,0,0,0,0,0,0,0,0,1,19,1,19,0,0,0,0,0,0,0,0,0,0,1,19,1,19,0,0,0,0,0,0,0,0,0,0,1,19,1,19,0,0,0,0,0,0,0,0,0,0
105,0,1000,0,0,1000,0,1000,1,19,1,19,0,0,0,0,0,0,0,0,0,0,1,19,1,19,0,0,0,0,0,0,0,0,0,0,1,19,1,19,0,0,0,0,0,0,0,0,0,0,1,19,1,19,0,0,0,0,0,0,0,0,0,0,1,19,1,19,0,0,0,0,0,0,0,0,0,0,1,19,1,19,0,0,0,0,0,0,0,0,0,0
106,0,1000,0,0,1000,0,1000,1,19,1,19,0,0,29376,108,0,0,0,0,29376,108,1,19,1,19,0,0,29376,108,0,0,0,0,29376,108,1,19,1,19,0,0,29376,108,0,0,0,0,29376,108,1,19,1,19,0,0,29376,108,0,0,0,0,29376,108,1,19,1,19,0,0,29376,108,0,0,0,0,29376,108,1,19,1,19,0,0,29376,108,0,0,0,0,29376,108
107,0,1000,0,0,1000,0,1000,1,19,1,19,0,0,0,0,0,0,0,0,0,0,1,19,1,19,0,0,0,0,0,0,0,0,0,0,1,19,1,19,0,0,0,0,0,0,0,0,0,0,1,19,1,19,0,0,0,0,0,0,0,0,0,0,1,19,1,19,0,0,0,0,0,0,0,0,0,0,1,19,1,19,0,0,0,0,0,0,0,0,0,0
108,0,1000,0,0,1000,0,1000,1,19,1,19,0,0,0,0,0,0,0,0,0,0,1,19,1,19,0,0,0,0,0,0,0,0,0,0,1,19,1,19,0,0,0,0,0,0,0,0,0,0,1,19,1,19,0,0,0,0,0,0,0,0,0,0,1,19,1,19,0,0,0,0,0,0,0,0,0,0,1,19,1,19,0,0,0,0,0,0,0,0,0,0
109,0,1000,0,0,1000,0,1000,1,19,1,19,0,0,0,0,0,0,0,0,0,0,1,19,1,19,0,0,0,0,0,0,0,0,0,0,1,19,1,19,0,0,0,0,0,0,0,0,0,0,1,19,1,19,0,0,0,0,0,0,0,0,0,0,1,19,1,19,0,0,0,0,0,0,0,0,0,0,1,19,1,19,0,0,0,0,0,0,0,0,0,0
110,0,1000,0,0,1000,0,1000,1,19,1,19,0,0,31008,114,0,0,0,0,31008,114,1,19,1,19,0,0,31008,114,0,0,0,0,31008,114,1,19,1,19,0,0,31008,114,0,0,0,0,31008,114,1,19,1,19,0,0,31008,114,0,0,0,0,31008,114,1,19,1,19,0,0,31008,114,0,0,0,0,31008,114,1,19,1,19,0,0,31008,114,0,0,0,0,31008,114
111,0,1000,0,0,1000,0,1000,1,19,1,19,0,0,0,0,0,0,0,0,0,0,1,19,1,19,0,0,0,0,0,0,0,0,0,0,1,19,1,19,0,0,0,0,0,0,0,0,0,0,1,19,1,19,0,0,0,0,0,0,0,0,0,0,1,19,1,19,0,0,0,0,0,0,0,0,0,0,1,19,1,19,0,0,0,0,0,0,0,0,0,0
112,0,1000,0,0,1000,0,1000,1,19,1,19,0,0,0,0,0,0,0,0,0,0,1,19,1,19,0,0,0,0,0,0,0,0,0,0,1,19,1,19,0,0,0,0,0,0,0,0,0,0,1,19,1,19,0,0,0,0,0,0,0,0,0,0,1,19,1,19,0,0,0,0,0,0,0,0,0,0,1,19,1,19,0,0,0,0,0,0,0,0,0,0
113,0,1000,0,0,1000,0,1000,1,19,1,19,0,0,0,0,0,0,0,0,0,0,1,19,1,19,0,0,0,0,0,0,0,0,0,0,1,19,1,19,0,0,0,0,0,0,0,0,0,0,1,19,1,19,0,0,0,0,0,0,0,0,0,0,1,19,1,19,0,0,0,0,0,0,0,0,0,0,1,19,1,19,0,0,0,0,0,0,0,0,0,0
114,0,1000,0,0,1000,0,1000,1,19,1,19,0,0,27200,100,0,0,0,0,27200,100,1,19,1,19,0,0,27200,100,0,0,0,0,27200,100,1,19,1,19,0,0,27200,100,0,0,0,0,27200,100,1,19,1,19,0,0,27200,100,0,0,0,0,27200,100,1,19,1,19,0,0,27200,100,0,0,0,0,27200,100,1,19,1,19,0,0,27200,100,0,0,0,0,27200,100
115,0,1000,0,0,1000,0,1000,1,19,1,19,0,0,0,0,0,0,0,0,0,0,1,19,1,19,0,0,0,0,0,0,0,0,0,0,1,19,1,19,0,0,0,0,0,0,0,0,0,0,1,19,1,19,0,0,0,0,0,0,0,0,0,0,1,19,1,19,0,0,0,0,0,0,0,0,0,0,1,19,1,19,0,0,0,0,0,0,0,0,0,0
116,0,1000,0,0,1000,0,1000,1,19,1,19,0,0,0,0,0,0,0,0,0,0,1,19,1,19,0,0,0,0,0,0,0,0,0,0,1,19,1,19,0,0,0,0,0,0,0,0,0,0,1,19,1,19,0,0,0,0,0,0,0,0,0,0,1,19,1,19,0,0,0,0,0,0,0,0,0,0,1,19,1,19,0,0,0,0,0,0,0,0,0,0
117,0,1000,0,0,1000,0,1000,1,19,1,19,0,0,0,0,0,0,0,0,0,0,1,19,1,19,0,0,0,0,0,0,0,0,0,0,1,19,1,19,0,0,0,0,0,0,0,0,0,0,1,19,1,19,0,0,0,0,0,0,0,0,0,0,1,19,1,19,0,0,0,0,0,0,0,0,0,0,1,19,1,19,0,0,0,0,0,0,0,0,0,0
118,0,1000,0,0,1000,0,1000,1,19,1,19,0,0,25840,95,0,0,0,0,25840,95,1,19,1,19,0,0,25840,95,0,0,0,0,25840,95,1,19,1,19,0,0,25840,95,0,0,0,0,25840,95,1,19,1,19,0,0,25840,95,0,0,0,0,25840,95,1,19,1,19,0,0,25840,95,0,0,0,0,25840,95,1,19,1,19,0,0,25840,95,0,0,0,0,25840,95
119,0,1000,0,0,1000,0,1000,1,19,1,19,1,19,0,0,0,0,0,0,0,0,1,19,1,19,1,19,0,0,0,0,0,0,0,0,1,19,1,19,1,19,0,0,0,0,0,0,0,0,1,19,1,19,1,19,0,0,0,0,0,0,0,0,1,19,1,19,1,19,0,0,0,0,0,0,0,0,1,19,1,19,1,19,0,0,0,0,0,0,0,0
120,0,1000,0,0,1000,0,1000,1,19,1,19,1,19,0,0,0,0,0,0,0,0,1,19,1,19,1,19,0,0,0,0,0,0,0,0,1,19,1,19,1,19,0,0,0,0,0,0,0,0,1,19,1,19,1,19,0,0,0,0,0,0,0,0,1,19,1,19,1,19,0,0,0,0,0,0,0,0,1,19,1,19,1,19,0,0,0,0,0,0,0,0
121,0,1000,0,0,1000,0,1000,1,19,1,19,1,19,0,0,0,0,0,0,0,0,1,19,1,19,1,19,0,0,0,0,0,0,0,0,1,19,1,19,1,19,0,0,0,0,0,0,0,0,1,19,1,19,1,19,0,0,0,0,0,0,0,0,1,19,1,19,1,19,0,0,0,0,0,0,0,0,1,19,1,19,1,19,0,0,0,0,0,0,0,0
122,0,1000,0,0,1000,0,1000,1,19,1,19,1,19,25840,95,0,0,0,0,25840,95,1,19,1,19,1,19,25840,95,0,0,0,0,25840,95,1,19,1,19,1,19,25840,95,0,0,0,0,25840,95,1,19,1,19,1,19,25840,95,0,0,0,0,25840,95,1,19,1,19,1,19,25840,95,0,0,0,0,25840,95,1,19,1,19,1,19,25840,95,0,0,0,0,25840,95
123,0,1000,0,0,1000,0,1000,1,19,1,19,1,19,0,0,0,0,0,0,0,0,1,19,1,19,1,19,0,0,0,0,0,0,0,0,1,19,1,19,1,19,0,0,0,0,0,0,0,0,1,19,1,19,1,19,0,0,0,0,0,0,0,0,1,19,1,19,1,19,0,0,0,0,0,0,0,0,1,19,1,19,1,19,0,0,0,0,0,0,0,0
124,0,1000,0,0,1000,0,1000,1,19,1,19,1,19,0,0,0,0,0,0,0,0,1,19,1,19,1,19,0,0,0,0,0,0,0,0,1,19,1,19,1,19,0,0,0,0,0,0,0,0,1,19,1,19,1,19,0,0,0,0,0,0,0,0,1,19,1,19,1,19,0,0,0,0,0,0,0,0,1,19,1,19,1,19,0,0,0,0,0,0,0,0
125,0,1000,0,0,1000,0,1000,1,19,1,19,1,19,0,0,0,0,0,0,0,0,1,19,1,19,1,19,0,0,0,0,0,0,0,0,1,19,1,19,1,19,0,0,0,0,0,0,0,0,1,19,1,19,1,19,0,0,0,0,0,0,0,0,1,19,1,19,1,19,0,0,0,0,0,0,0,0,1,19,1,19,1,19,0,0,0,0,0,0,0,0
126,0,1000,0,0,1000,0,1000,1,19,1,19,1,19,25568,94,0,0,0,0,25568,94,1,19,1,19,1,19,25568,94,0,0,0,0,25568,94,1,19,1,19,1,19,25568,94,0,0,0,0,25568,94,1,19,1,19,1,19,25568,94,0,0,0,0,25568,94,1,19,1,19,1,19,25568,94,0,0,0,0,25568,94,1,19,1,19,1,19,25568,94,0,0,0,0,25568,94
127,0,1000,0,0,1000,0,1000,1,19,1,19,1,19,0,0,0,0,0,0,0,0,1,19,1,19,1,19,0,0,0,0,0,0,0,0,1,19,1,19,1,19,0,0,0,0,0,0,0,0,1,19,1,19,1,19,0,0,0,0,0,0,0,0,1,19,1,19,1,19,0,0,0,0,0,0,0,0,1,19,1,19,1,19,0,0,0,0,0,0,0,0
128,0,1000,0,0,1000,0,1000,1,19,1,19,1,19,0,0,0,0,0,0,0,0,1,19,1,19,1,19,0,0,0,0,0,0,0,0,1,19,1,19,1,19,0,0,0,0,0,0,0,0,1,19,1,19,1,19,0,0,0,0,0,0,0,0,1,19,1,19,1,19,0,0,0,0,0,0,0,0,1,19,1,19,1,19,0,0,0,0,0,0,0,0
129,0,1000,0,0,1000,0,1000,1,19,1,19,1,19,0,0,0,0,0,0,0,0,1,19,1,19,1,19,0,0,0,0,0,0,0,0,1,19,1,19,1,19,0,0,0,0,0,0,0,0,1,19,1,19,1,19,0,0,0,0,0,0,0,0,1,19,1,19,1,19,0,0,0,0,0,0,0,0,1,19,1,19,1,19,0,0,0,0,0,0,0,0
130,0,1000,0,0,1000,0,1000,1,19,1,19,1,19,29920,110,0,0,0,0,29920,110,1,19,1,19,1,19,29920,110,0,0,0,0,29920,110,1,19,1,19,1,19,29920,110,0,0,0,0,29920,110,1,19,1,19,1,19,29920,110,0,0,0,0,29920,110,1,19,1,19,1,19,29920,110,0,0,0,0,29920,110,1,19,1,19,1,19,29920,110,0,0,0,0,29920,110
131,0,1000,0,0,1000,0,1000,1,19,1,19,1,19,0,0,0,0,0,0,0,0,1,19,1,19,1,19,0,0,0,0,0,0,0,0,1,19,1,19,1,19,0,0,0,0,0,0,0,0,1,19,1,19,1,19,0,0,0,0,0,0,0,0,1,19,1,19,1,19,0,0,0,0,0,0,0,0,1,19,1,19,1,19,0,0,0,0,0,0,0,0
132,0,1000,0,0,1000,0,1000,1,19,1,19,1,19,0,0,0,0,0,0,0,0,1,19,1,19,1,19,0,0,0,0,0,0,0,0,1,19,1,19,1,19,0,0,0,0,0,0,0,0,1,19,1,19,1,19,0,0,0,0,0,0,0,0,1,19,1,19,1,19,0,0,0,0,0,0,0,0,1,19,1,19,1,19,0,0,0,0,0,0,0,0
133,0,1000,0,0,1000,0,1000,1,19,1,19,1,19,0,0,0,0,0,0,0,0,1,19,1,19,1,19,0,0,0,0,0,0,0,0,1,19,1,19,1,19,0,0,0,0,0,0,0,0,1,19,1,19,1,19,0,0,0,0,0,0,0,0,1,19,1,19,1,19,0,0,0,0,0,0,0,0,1,19,1,19,1,19,0,0,0,0,0,0,0,0
134,0,1000,0,0,1000,0,1000,1,19,1,19,1,19,29648,109,0,0,0,0,29648,109,1,19,1,19,1,19,29648,109,0,0,0,0,29648,109,1,19,1,19,1,19,29648,109,0,0,0,0,29648,109,1,19,1,19,1,19,29648,109,0,0,0,0,29648,109,1,19,1,19,1,19,29648,109,0,0,0,0,29648,109,1,19,1,19,1,19,29648,109,0,0,0,0,29648,109
135,0,1000,0,0,1000,0,1000,1,19,1,19,1,19,0,0,0,0,0,0,0,0,1,19,1,19,1,19,0,0,0,0,0,0,0,0,1,19,1,19,1,19,0,0,0,0,0,0,0,0,1,19,1,19,1,19,0,0,0,0,0,0,0,0,1,19,1,19,1,19,0,0,0,0,0,0,0,0,1,19,1,19,1,19,0,0,0,0,0,0,0,0
136,0,1000,0,0,1000,0,1000,1,19,1,19,1,19,0,0,0,0,0,0,0,0,1,19,1,19,1,19,0,0,0,0,0,0,0,0,1,19,1,19,1,19,0,0,0,0,0,0,0,0,1,19,1,19,1,19,0,0,0,0,0,0,0,0,1,19,1,19,1,19,0,0,0,0,0,0,0,0,1,19,1,19,1,19,0,0,0,0,0,0,0,0
137,0,1000,0,0,1000,0,1000,1,19,1,19,1,19,0,0,0,0,0,0,0,0,1,19,1,19,1,19,0,0,0,0,0,0,0,0,1,19,1,19,1,19,0,0,0,0,0,0,0,0,1,19,1,19,1,19,0,0,0,0,0,0,0,0,1,19,1,19,1,19,0,0,0,0,0,0,0,0,1,19,1,19,1,19,0,0,0,0,0,0,0,0
138,0,1000,0,0,1000,0,1000,1,19,1,19,1,19,26112,96,0,0,0,0,26112,96,1,19,1,19,1,19,26112,96,0,0,0,0,26112,96,1,19,1,19,1,19,26112,96,0,0,0,0,26112,96,1,19,1,19,1,19,26112,96,0,0,0,0,26112,96,1,19,1,19,1,19,26112,96,0,0,0,0,26112,96,1,19,1,19,1,19,26112,96,0,0,0,0,26112,96
139,0,1000,0,0,1000,0,1000,1,19,1,19,1,19,0,0,0,0,0,0,0,0,1,19,1,19,1,19,0,0,0,0,0,0,0,0,1,19,1,19,1,19,0,0,0,0,0,0,0,0,1,19,1,19,1,19,0,0,0,0,0,0,0,0,1,19,1,19,1,19,0,0,0,0,0,0,0,0,1,19,1,19,1,19,0,0,0,0,0,0,0,0
140,0,1000,0,0,1000,0,1000,1,19,1,19,1,19,0,0,0,0,0,0,0,0,1,19,1,19,1,19,0,0,0,0,0,0,0,0,1,19,1,19,1,19,0,0,0,0,0,0,0,0,1,19,1,19,1,19,0,0,0,0,0,0,0,0,1,19,1,19,1,19,0,0,0,0,0,0,0,0,1,19,1,19,1,19,0,0,0,0,0,0,0,0
141,0,1000,0,0,1000,0,1000,1,19,1,19,1,19,0,0,0,0,0,0,0,0,1,19,1,19,1,19,0,0,0,0,0,0,0,0,1,19,1,19,1,19,0,0,0,0,0,0,0,0,1,19,1,19,1,19,0,0,0,0,0,0,0,0,1,19,1,19,1,19,0,0,0,0,0,0,0,0,1,19,1,19,1,19,0,0,0,0,0,0,0,0
142,0,1000,0,0,1000,0,1000,1,19,1,19,1,19,28288,104,0,0,0,0,28288,104,1,19,1,19,1,19,28288,104,0,0,0,0,28288,104,1,19,1,19,1,19,28288,104,0,0,0,0,28288,104,1,19,1,19,1,19,28288,104,0,0,0,0,28288,104,1,19,1,19,1,19,28288,104,0,0,0,0,28288,104,1,19,1,19,1,19,28288,104,0,0,0,0,28288,104
143,0,1000,0,0,1000,0,1000,1,19,1,19,1,19,0,0,0,0,0,0,0,0,1,19,1,19,1,19,0,0,0,0,0,0,0,0,1,19,1,19,1,19,0,0,0,0,0,0,0,0,1,19,1,19,1,19,0,0,0,0,0,0,0,0,1,19,1,19,1,19,0,0,0,0,0,0,0,0,1,19,1,19,1,19,0,0,0,0,0,0,0,0
144,0,1000,0,0,1000,0,1000,1,19,1,19,1,19,0,0,0,0,0,0,0,0,1,19,1,19,1,19,0,0,0,0,0,0,0,0,1,19,1,19,1,19,0,0,0,0,0,0,0,0,1,19,1,19,1,19,0,0,0,0,0,0,0,0,1,19,1,19,1,19,0,0,0,0,0,0,0,0,1,19,1,19,1,19,0,0,0,0,0,0,0,0
145,0,1000,0,0,1000,0,1000,1,19,1,19,1,19,0,0,0,0,0,0,0,0,1,19,1,19,1,19,0,0,0,0,0,0,0,0,1,19,1,19,1,19,0,0,0,0,0,0,0,0,1,19,1,19,1,19,0,0,0,0,0,0,0,0,1,19,1,19,1,19,0,0,0,0,0,0,0,0,1,19,1,19,1,19,0,0,0,0,0,0,0,0
146,0,1000,0,0,1000,0,1000,1,19,1,19,1,19,26656,98,0,0,0,0,26656,98,1,19,1,19,1,19,26656,98,0,0,0,0,26656,98,1,19,1,19,1,19,26656,98,0,0,0,0,26656,98,1,19,1,19,1,19,26656,98,0,0,0,0,26656,98,1,19,1,19,1,19,26656,98,0,0,0,0,26656,98,1,19,1,19,1,19,26656,98,0,0,0,0,26656,98
147,0,1000,0,0,1000,0,1000,1,19,1,19,1,19,0,0,0,0,0,0,0,0,1,19,1,19,1,19,0,0,0,0,0,0,0,0,1,19,1,19,1,19,0,0,0,0,0,0,0,0,1,19,1,19,1,19,0,0,0,0,0,0,0,0,1,19,1,19,1,19,0,0,0,0,0,0,0,0,1,19,1,19,1,19,0,0,0,0,0,0,0,0
148,0,1000,0,0,1000,0,1000,1,19,1,19,1,19,0,0,0,0,0,0,0,0,1,19,1,19,1,19,0,0,0,0,0,0,0,0,1,19,1,19,1,19,0,0,0,0,0,0,0,0,1,19,1,19,1,19,0,0,0,0,0,0,0,0,1,19,1,19,1,19,0,0,0,0,0,0,0,0,1,19,1,19,1,19,0,0,0,0,0,0,0,0
149,0,1000,0,0,1000,0,1000,1,19,1,19,1,19,0,0,0,0,0,0,0,0,1,19,1,19,1,19,0,0,0,0,0,0,0,0,1,19,1,19,1,19,0,0,0,0,0,0,0,0,1,19,1,19,1,19,0,0,0,0,0,0,0,0,1,19,1,19,1,19,0,0,0,0,0,0,0,0,1,19,1,19,1,19,0,0,0,0,0,0,0,0
150,0,1000,0,0,1000,0,1000,1,19,1,19,1,19,25024,92,0,0,0,0,25024,92,1,19,1,19,1,19,25024,92,0,0,0,0,25024,92,1,19,1,19,1,19,25024,92,0,0,0,0,25024,92,1,19,1,19,1,19,25024,92,0,0,0,0,25024,92,1,19,1,19,1,19,25024,92,0,0,0,0,25024,92,1,19,1,19,1,19,25024,92,0,0,0,0,25024,92
151,0,1000,0,0,1000,0,1000,1,19,1,19,1,19,0,0,0,0,0,0,0,0,1,19,1,19,1,19,0,0,0,0,0,0,0,0,1,19,1,19,1,19,0,0,0,0,0,0,0,0,1,19,1,19,1,19,0,0,0,0,0,0,0,0,1,19,1,19,1,19,0,0,0,0,0,0,0,0,1,19,1,19,1,19,0,0,0,0,0,0,0,0
152,0,1000,0,0,1000,0,1000,1,19,1,19,1,19,0,0,0,0,0,0,0,0,1,19,1,19,1,19,0,0,0,0,0,0,0,0,1,19,1,19,1,19,0,0,0,0,0,0,0,0,1,19,1,19,1,19,0,0,0,0,0,0,0,0,1,19,1,19,1,19,0,0,0,0,0,0,0,0,1,19,1,19,1,19,0,0,0,0,0,0,0,0
153,0,1000,0,0,1000,0,1000,1,19,1,19,1,19,83383,1,83383,1,0,0,0,0,1,19,1,19,1,19,83383,1,83383,1,0,0,0,0,1,19,1,19,1,19,83383,1,83383,1,0,0,0,0,1,19,1,19,1,19,83383,1,83383,1,0,0,0,0,1,19,1,19,1,19,83383,1,83383,1,0,0,0,0,1,19,1,19,1,19,83383,1,83383,1,0,0,0,0
154,0,1000,0,0,1000,0,1000,2,38,2,38,1,19,109395,108,0,0,80291,1,29104,107,2,38,2,38,1,19,109395,108,0,0,80291,1,29104,107,2,38,2,38,1,19,109395,108,0,0,80291,1,29104,107,2,38,2,38,1,19,109395,108,0,0,80291,1,29104,107,2,38,2,38,1,19,109395,108,0,0,80291,1,29104,107,2,38,2,38,1,19,109395,108,0,0,80291,1,29104,107
155,0,1000,0,0,1000,0,1000,2,38,2,38,1,19,0,0,0,0,0,0,0,0,2,38,2,38,1,19,0,0,0,0,0,0,0,0,2,38,2,38,1,19,0,0,0,0,0,0,0,0,2,38,2,38,1,19,0,0,0,0,0,0,0,0,2,38,2,38,1,19,0,0,0,0,0,0,0,0,2,38,2,38,1,19,0,0,0,0,0,0,0,0
156,0,1000,0,0,1000,0,1000,2,38,2,38,1,19,0,0,0,0,0,0,0,0,2,38,2,38,1,19,0,0,0,0,0,0,0,0,2,38,2,38,1,19,0,0,0,0,0,0,0,0,2,38,2,38,1,19,0,0,0,0,0,0,0,0,2,38,2,38,1,19,0,0,0,0,0,0,0,0,2,38,2,38,1,19,0,0,0,0,0,0,0,0
157,0,1000,0,0,1000,0,1000,2,38,2,38,1,19,0,0,0,0,0,0,0,0,2,38,2,38,1,19,0,0,0,0,0,0,0,0,2,38,2,38,1,19,0,0,0,0,0,0,0,0,2,38,2,38,1,19,0,0,0,0,0,0,0,0,2,38,2,38,1,19,0,0,0,0,0,0,0,0,2,38,2,38,1,19,0,0,0,0,0,0,0,0
158,0,1000,0,0,1000,0,1000,2,38,2,38,1,19,24480,90,0,0,0,0,24480,90,2,38,2,38,1,19,24480,90,0,0,0,0,24480,90,2,38,2,38,1,19,24480,90,0,0,0,0,24480,90,2,38,2,38,1,19,24480,90,0,0,0,0,24480,90,2,38,2,38,1,19,24480,90,0,0,0,0,24480,90,2,38,2,38,1,19,24480,90,0,0,0,0,24480,90
159,0,1000,0,0,1000,0,1000,2,38,2,38,1,19,0,0,0,0,0,0,0,0,2,38,2,38,1,19,0,0,0,0,0,0,0,0,2,38,2,38,1,19,0,0,0,0,0,0,0,0,2,38,2,38,1,19,0,0,0,0,0,0,0,0,2,38,2,38,1,19,0,0,0,0,0,0,0,0,2,38,2,38,1,19,0,0,0,0,0,0,0,0
160,0,1000,0,0,1000,0,1000,2,38,2,38,1,19,0,0,0,0,0,0,0,0,2,38,2,38,1,19,0,0,0,0,0,0,0,0,2,38,2,38,1,19,0,0,0,0,0,0,0,0,2,38,2,38,1,19,0,0,0,0,0,0,0,0,2,38,2,38,1,19,0,0,0,0,0,0,0,0,2,38,2,38,1,19,0,0,0,0,0,0,0,0
161,0,1000,0,0,1000,0,1000,2,38,2,38,1,19,0,0,0,0,0,0,0,0,2,38,2,38,1,19,0,0,0,0,0,0,0,0,2,38,2,38,1,19,0,0,0,0,0,0,0,0,2,38,2,38,1,19,0,0,0,0,0,0,0,0,2,38,2,38,1,19,0,0,0,0,0,0,0,0,2,38,2,38,1,19,0,0,0,0,0,0,0,0
162,0,1000,0,0,1000,0,1000,2,38,2,38,1,19,29920,110,0,0,0,0,29920,110,2,38,2,38,1,19,29920,110,0,0,0,0,29920,110,2,38,2,38,1,19,29920,110,0,0,0,0,29920,110,2,38,2,38,1,19,29920,110,0,0,0,0,29920,110,2,38,2,38,1,19,29920,110,0,0,0,0,29920,110,2,38,2,38,1,19,29920,110,0,0,0,0,29920,110
163,0,1000,0,0,1000,0,1000,2,38,2,38,1,19,0,0,0,0,0,0,0,0,2,38,2,38,1,19,0,0,0,0,0,0,0,0,2,38,2,38,1,19,0,0,0,0,0,0,0,0,2,38,2,38,1,19,0,0,0,0,0,0,0,0,2,38,2,38,1,19,0,0,0,0,0,0,0,0,2,38,2,38,1,19,0,0,0,0,0,0,0,0
164,0,1000,0,0,1000,0,1000,2,38,2,38,1,19,0,0,0,0,0,0,0,0,2,38,2,38,1,19,0,0,0,0,0,0,0,0,2,38,2,38,1,19,0,0,0,0,0,0,0,0,2,38,2,38,1,19,0,0,0,0,0,0,0,0,2,38,2,38,1,19,0,0,0,0,0,0,0,0,2,38,2,38,1,19,0,0,0,0,0,0,0,0
165,0,1000,0,0,1000,0,1000,2,38,2,38,1,19,251877,3,251877,3,0,0,0,0,2,38,2,38,1,19,251877,3,251877,3,0,0,0,0,2,38,2,38,1,19,251877,3,251877,3,0,0,0,0,2,38,2,38,1,19,251877,3,251877,3,0,0,0,0,2,38,2,38,1,19,251877,3,251877,3,0,0,0,0,2,38,2,38,1,19,251877,3,251877,3,0,0,0,0
166,0,1000,0,0,1000,0,1000,3,41,3,41,1,19,105587,94,0,0,80291,1,25296,93,3,41,3,41,1,19,105587,94,0,0,80291,1,25296,93,3,41,3,41,1,19,105587,94,0,0,80291,1,25296,93,3,41,3,41,1,19,105587,94,0,0,80291,1,25296,93,3,41,3,41,1,19,105587,94,0,0,80291,1,25296,93,3,41,3,41,1,19,105587,94,0,0,80291,1,25296,93
167,0,1000,0,0,1000,0,1000,3,41,3,41,1,19,0,0,0,0,0,0,0,0,3,41,3,41,1,19,0,0,0,0,0,0,0,0,3,41,3,41,1,19,0,0,0,0,0,0,0,0,3,41,3,41,1,19,0,0,0,0,0,0,0,0,3,41,3,41,1,19,0,0,0,0,0,0,0,0,3,41,3,41,1,19,0,0,0,0,0,0,0,0
168,0,1000,0,0,1000,0,1000,3,41,3,41,1,19,0,0,0,0,0,0,0,0,3,41,3,41,1,19,0,0,0,0,0,0,0,0,3,41,3,41,1,19,0,0,0,0,0,0,0,0,3,41,3,41,1,19,0,0,0,0,0,0,0,0,3,41,3,41,1,19,0,0,0,0,0,0,0,0,3,41,3,41,1,19,0,0,0,0,0,0,0,0
169,0,1000,0,0,1000,0,1000,3,41,3,41,1,19,0,0,0,0,0,0,0,0,3,41,3,41,1,19,0,0,0,0,0,0,0,0,3,41,3,41,1,19,0,0,0,0,0,0,0,0,3,41,3,41,1,19,0,0,0,0,0,0,0,0,3,41,3,41,1,19,0,0,0,0,0,0,0,0,3,41,3,41,1,19,0,0,0,0,0,0,0,0
170,0,1000,0,0,1000,0,1000,3,41,3,41,1,19,28016,103,0,0,0,0,28016,103,3,41,3,41,1,19,28016,103,0,0,0,0,28016,103,3,41,3,41,1,19,28016,103,0,0,0,0,28016,103,3,41,3,41,1,19,28016,103,0,0,0,0,28016,103,3,41,3,41,1,19,28016,103,0,0,0,0,28016,103,3,41,3,41,1,19,28016,103,0,0,0,0,28016,103
171,0,1000,0,0,1000,0,1000,3,41,3,41,1,19,0,0,0,0,0,0,0,0,3,41,3,41,1,19,0,0,0,0,0,0,0,0,3,41,3,41,1,19,0,0,0,0,0,0,0,0,3,41,3,41,1,19,0,0,0,0,0,0,0,0,3,41,3,41,1,19,0,0,0,0,0,0,0,0,3,41,3,41,1,19,0,0,0,0,0,0,0,0
172,0,1000,0,0,1000,0,1000,3,41,3,41,1,19,0,0,0,0,0,0,0,0,3,41,3,41,1,19,0,0,0,0,0,0,0,0,3,41,3,41,1,19,0,0,0,0,0,0,0,0,3,41,3,41,1,19,0,0,0,0,0,0,0,0,3,41,3,41,1,19,0,0,0,0,0,0,0,0,3,41,3,41,1,19,0,0,0,0,0,0,0,0
173,0,1000,0,0,1000,0,1000,3,41,3,41,1,19,0,0,0,0,0,0,0,0,3,41,3,41,1,19,0,0,0,0,0,0,0,0,3,41,3,41,1,19,0,0,0,0,0,0,0,0,3,41,3,41,1,19,0,0,0,0,0,0,0,0,3,41,3,41,1,19,0,0,0,0,0,0,0,0,3,41,3,41,1,19,0,0,0,0,0,0,0,0
174,0,1000,0,0,1000,0,1000,3,41,3,41,1,19,29376,108,0,0,0,0,29376,108,3,41,3,41,1,19,29376,108,0,0,0,0,29376,108,3,41,3,41,1,19,29376,108,0,0,0,0,29376,108,3,41,3,41,1,19,29376,108,0,0,0,0,29376,108,3,41,3,41,1,19,29376,108,0,0,0,0,29376,108,3,41,3,41,1,19,29376,108,0,0,0,0,29376,108
175,0,1000,0,0,1000,0,1000,3,41,3,41,1,19,0,0,0,0,0,0,0,0,3,41,3,41,1,19,0,0,0,0,0,0,0,0,3,41,3,41,1,19,0,0,0,0,0,0,0,0,3,41,3,41,1,19,0,0,0,0,0,0,0,0,3,41,3,41,1,19,0,0,0,0,0,0,0,0,3,41,3,41,1,19,0,0,0,0,0,0,0,0
176,0,1000,0,0,1000,0,1000,3,41,3,41,1,19,0,0,0,0,0,0,0,0,3,41,3,41,1,19,0,0,0,0,0,0,0,0,3,41,3,41,1,19,0,0,0,0,0,0,0,0,3,41,3,41,1,19,0,0,0,0,0,0,0,0,3,41,3,41,1,19,0,0,0,0,0,0,0,0,3,41,3,41,1,19,0,0,0,0,0,0,0,0
177,0,1000,0,0,1000,0,1000,3,41,3,41,1,19,0,0,0,0,0,0,0,0,3,41,3,41,1,19,0,0,0,0,0,0,0,0,3,41,3,41,1,19,0,0,0,0,0,0,0,0,3,41,3,41,1,19,0,0,0,0,0,0,0,0,3,41,3,41,1,19,0,0,0,0,0,0,0,0,3,41,3,41,1,19,0,0,0,0,0,0,0,0
178,0,1000,0,0,1000,0,1000,3,41,3,41,1,19,25296,93,0,0,0,0,25296,93,3,41,3,41,1,19,25296,93,0,0,0,0,25296,93,3,41,3,41,1,19,25296,93,0,0,0,0,25296,93,3,41,3,41,1,19,25296,93,0,0,0,0,25296,93,3,41,3,41,1,19,25296,93,0,0,0,0,25296,93,3,41,3,41,1,19,25296,93,0,0,0,0,25296,93
179,0,1000,0,0,1000,0,1000,3,41,3,41,1,19,0,0,0,0,0,0,0,0,3,41,3,41,1,19,0,0,0,0,0,0,0,0,3,41,3,41,1,19,0,0,0,0,0,0,0,0,3,41,3,41,1,19,0,0,0,0,0,0,0,0,3,41,3,41,1,19,0,0,0,0,0,0,0,0,3,41,3,41,1,19,0,0,0,0,0,0,0,0
180,0,1000,0,0,1000,0,1000,3,41,3,41,1,19,0,0,0,0,0,0,0,0,3,41,3,41,1,19,0,0,0,0,0,0,0,0,3,41,3,41,1,19,0,0,0,0,0,0,0,0,3,41,3,41,1,19,0,0,0,0,0,0,0,0,3,41,3,41,1,19,0,0,0,0,0,0,0,0,3,41,3,41,1,19,0,0,0,0,0,0,0,0
181,0,1000,0,0,1000,0,1000,3,41,3,41,1,19,83415,1,83415,1,0,0,0,0,3,41,3,41,1,19,83415,1,83415,1,0,0,0,0,3,41,3,41,1,19,83415,1,83415,1,0,0,0,0,3,41,3,41,1,19,83415,1,83415,1,0,0,0,0,3,41,3,41,1,19,83415,1,83415,1,0,0,0,0,3,41,3,41,1,19,83415,1,83415,1,0,0,0,0
182,0,1000,0,0,1000,0,1000,4,45,4,45,1,19,110211,111,0,0,80291,1,29920,110,4,45,4,45,1,19,110211,111,0,0,80291,1,29920,110,4,45,4,45,1,19,110211,111,0,0,80291,1,29920,110,4,45,4,45,1,19,110211,111,0,0,80291,1,29920,110,4,45,4,45,1,19,110211,111,0,0,80291,1,29920,110,4,45,4,45,1,19,110211,111,0,0,80291,1,29920,110
183,0,1000,0,0,1000,0,1000,4,45,4,45,1,19,0,0,0,0,0,0,0,0,4,45,4,45,1,19,0,0,0,0,0,0,0,0,4,45,4,45,1,19,0,0,0,0,0,0,0,0,4,45,4,45,1,19,0,0,0,0,0,0,0,0,4,45,4,45,1,19,0,0,0,0,0,0,0,0,4,45,4,45,1,19,0,0,0,0,0,0,0,0
184,0,1000,0,0,1000,0,1000,4,45,4,45,1,19,0,0,0,0,0,0,0,0,4,45,4,45,1,19,0,0,0,0,0,0,0,0,4,45,4,45,1,19,0,0,0,0,0,0,0,0,4,45,4,45,1,19,0,0,0,0,0,0,0,0,4,45,4,45,1,19,0,0,0,0,0,0,0,0,4,45,4,45,1,19,0,0,0,0,0,0,0,0
185,0,1000,0,0,1000,0,1000,4,45,4,45,1,19,83959,1,83959,1,0,0,0,0,4,45,4,45,1,19,83959,1,83959,1,0,0,0,0,4,45,4,45,1,19,83959,1,83959,1,0,0,0,0,4,45,4,45,1,19,83959,1,83959,1,0,0,0,0,4,45,4,45,1,19,83959,1,83959,1,0,0,0,0,4,45,4,45,1,19,83959,1,83959,1,0,0,0,0
186,0,1000,0,0,1000,0,1000,5,46,5,46,1,19,106947,99,0,0,80291,1,26656,98,5,46,5,46,1,19,106947,99,0,0,80291,1,26656,98,5,46,5,46,1,19,106947,99,0,0,80291,1,26656,98,5,46,5,46,1,19,106947,99,0,0,80291,1,26656,98,5,46,5,46,1,19,106947,99,0,0,80291,1,26656,98,5,46,5,46,1,19,106947,99,0,0,80291,1,26656,98
187,0,1000,0,0,1000,0,1000,5,46,5,46,1,19,0,0,0,0,0,0,0,0,5,46,5,46,1,19,0,0,0,0,0,0,0,0,5,46,5,46,1,19,0,0,0,0,0,0,0,0,5,46,5,46,1,19,0,0,0,0,0,0,0,0,5,46,5,46,1,19,0,0,0,0,0,0,0,0,5,46,5,46,1,19,0,0,0,0,0,0,0,0
188,0,1000,0,0,1000,0,1000,5,46,5,46,1,19,0,0,0,0,0,0,0,0,5,46,5,46,1,19,0,0,0,0,0,0,0,0,5,46,5,46,1,19,0,0,0,0,0,0,0,0,5,46,5,46,1,19,0,0,0,0,0,0,0,0,5,46,5,46,1,19,0,0,0,0,0,0,0,0,5,46,5,46,1,19,0,0,0,0,0,0,0,0
189,0,1000,0,0,1000,0,1000,5,46,5,46,1,19,0,0,0,0,0,0,0,0,5,46,5,46,1,19,0,0,0,0,0,0,0,0,5,46,5,46,1,19,0,0,0,0,0,0,0,0,5,46,5,46,1,19,0,0,0,0,0,0,0,0,5,46,5,46,1,19,0,0,0,0,0,0,0,0,5,46,5,46,1,19,0,0,0,0,0,0,0,0
190,0,1000,0,0,1000,0,1000,5,46,5,46,1,19,25296,93,0,0,0,0,25296,93,5,46,5,46,1,19,25296,93,0,0,0,0,25296,93,5,46,5,46,1,19,25296,93,0,0,0,0,25296,93,5,46,5,46,1,19,25296,93,0,0,0,0,25296,93,5,46,5,46,1,19,25296,93,0,0,0,0,25296,93,5,46,5,46,1,19,25296,93,0,0,0,0,25296,93
191,0,1000,0,0,1000,0,1000,5,46,5,46,1,19,0,0,0,0,0,0,0,0,5,46,5,46,1,19,0,0,0,0,0,0,0,0,5,46,5,46,1,19,0,0,0,0,0,0,0,0,5,46,5,46,1,19,0,0,0,0,0,0,0,0,5,46,5,46,1,19,0,0,0,0,0,0,0,0,5,46,5,46,1,19,0,0,0,0,0,0,0,0
192,0,1000,0,0,1000,0,1000,5,46,5,46,1,19,0,0,0,0,0,0,0,0,5,46,5,46,1,19,0,0,0,0,0,0,0,0,5,46,5,46,1,19,0,0,0,0,0,0,0,0,5,46,5,46,1,19,0,0,0,0,0,0,0,0,5,46,5,46,1,19,0,0,0,0,0,0,0,0,5,46,5,46,1,19,0,0,0,0,0,0,0,0
193,0,1000,0,0,1000,0,1000,5,46,5,46,1,19,0,0,0,0,0,0,0,0,5,46,5,46,1,19,0,0,0,0,0,0,0,0,5,46,5,46,1,19,0,0,0,0,0,0,0,0,5,46,5,46,1,19,0,0,0,0,0,0,0,0,5,46,5,46,1,19,0,0,0,0,0,0,0,0,5,46,5,46,1,19,0,0,0,0,0,0,0,0
194,0,1000,0,0,1000,0,1000,5,46,5,46,1,19,26928,99,0,0,0,0,26928,99,5,46,5,46,1,19,26928,99,0,0,0,0,26928,99,5,46,5,46,1,19,26928,99,0,0,0,0,26928,99,5,46,5,46,1,19,26928,99,0,0,0,0,26928,99,5,46,5,46,1,19,26928,99,0,0,0,0,26928,99,5,46,5,46,1,19,26928,99,0,0,0,0,26928,99
195,0,1000,0,0,1000,0,1000,5,46,5,46,2,38,0,0,0,0,0,0,0,0,5,46,5,46,2,38,0,0,0,0,0,0,0,0,5,46,5,46,2,38,0,0,0,0,0,0,0,0,5,46,5,46,2,38,0,0,0,0,0,0,0,0,5,46,5,46,2,38,0,0,0,0,0,0,0,0,5,46,5,46,2,38,0,0,0,0,0,0,0,0
196,0,1000,0,0,1000,0,1000,5,46,5,46,2,38,0,0,0,0,0,0,0,0,5,46,5,46,2,38,0,0,0,0,0,0,0,0,5,46,5,46,2,38,0,0,0,0,0,0,0,0,5,46,5,46,2,38,0,0,0,0,0,0,0,0,5,46,5,46,2,38,0,0,0,0,0,0,0,0,5,46,5,46,2,38,0,0,0,0,0,0,0,0
197,0,1000,0,0,1000,0,1000,5,46,5,46,2,38,83607,1,83607,1,0,0,0,0,5,46,5,46,2,38,83607,1,83607,1,0,0,0,0,5,46,5,46,2,38,83607,1,83607,1,0,0,0,0,5,46,5,46,2,38,83607,1,83607,1,0,0,0,0,5,46,5,46,2,38,83607,1,83607,1,0,0,0,0,5,46,5,46,2,38,83607,1,83607,1,0,0,0,0
198,0,1000,0,0,1000,0,1000,6,49,6,49,2,38,104499,90,0,0,80291,1,24208,89,6,49,6,49,2,38,104499,90,0,0,80291,1,24208,89,6,49,6,49,2,38,104499,90,0,0,80291,1,24208,89,6,49,6,49,2,38,104499,90,0,0,80291,1,24208,89,6,49,6,49,2,38,104499,90,0,0,80291,1,24208,89,6,49,6,49,2,38,104499,90,0,0,80291,1,24208,89
199,0,1000,0,0,1000,0,1000,6,49,6,49,2,38,0,0,0,0,0,0,0,0,6,49,6,49,2,38,0,0,0,0,0,0,0,0,6,49,6,49,2,38,0,0,0,0,0,0,0,0,6,49,6,49,2,38,0,0,0,0,0,0,0,0,6,49,6,49,2,38,0,0,0,0,0,0,0,0,6,49,6,49,2,38,0,0,0,0,0,0,0,0
200,0,1000,0,0,1000,0,1000,6,49,6,49,2,38,0,0,0,0,0,0,0,0,6,49,6,49,2,38,0,0,0,0,0,0,0,0,6,49,6,49,2,38,0,0,0,0,0,0,0,0,6,49,6,49,2,38,0,0,0,0,0,0,0,0,6,49,6,49,2,38,0,0,0,0,0,0,0,0,6,49,6,49,2,38,0,0,0,0,0,0,0,0
201,0,1000,0,0,1000,0,1000,6,49,6,49,2,38,83287,1,83287,1,0,0,0,0,6,49,6,49,2,38,83287,1,83287,1,0,0,0,0,6,49,6,49,2,38,83287,1,83287,1,0,0,0,0,6,49,6,49,2,38,83287,1,83287,1,0,0,0,0,6,49,6,49,2,38,83287,1,83287,1,0,0,0,0,6,49,6,49,2,38,83287,1,83287,1,0,0,0,0
202,0,1000,0,0,1000,0,1000,7,50,7,50,2,38,103139,85,0,0,80291,1,22848,84,7,50,7,50,2,38,103139,85,0,0,80291,1,22848,84,7,50,7,50,2,38,103139,85,0,0,80291,1,22848,84,7,50,7,50,2,38,103139,85,0,0,80291,1,22848,84,7,50,7,50,2,38,103139,85,0,0,80291,1,22848,84,7,50,7,50,2,38,103139,85,0,0,80291,1,22848,84
203,0,1000,0,0,1000,0,1000,7,50,7,50,2,38,0,0,0,0,0,0,0,0,7,50,7,50,2,38,0,0,0,0,0,0,0,0,7,50,7,50,2,38,0,0,0,0,0,0,0,0,7,50,7,50,2,38,0,0,0,0,0,0,0,0,7,50,7,50,2,38,0,0,0,0,0,0,0,0,7,50,7,50,2,38,0,0,0,0,0,0,0,0
204,0,1000,0,0,1000,0,1000,7,50,7,50,2,38,0,0,0,0,0,0,0,0,7,50,7,50,2,38,0,0,0,0,0,0,0,0,7,50,7,50,2,38,0,0,0,0,0,0,0,0,7,50,7,50,2,38,0,0,0,0,0,0,0,0,7,50,7,50,2,38,0,0,0,0,0,0,0,0,7,50,7,50,2,38,0,0,0,0,0,0,0,0
205,0,1000,0,0,1000,0,1000,7,50,7,50,2,38,0,0,0,0,0,0,0,0,7,50,7,50,2,38,0,0,0,0,0,0,0,0,7,50,7,50,2,38,0,0,0,0,0,0,0,0,7,50,7,50,2,38,0,0,0,0,0,0,0,0,7,50,7,50,2,38,0,0,0,0,0,0,0,0,7,50,7,50,2,38,0,0,0,0,0,0,0,0
206,0,1000,0,0,1000,0,1000,7,50,7,50,2,38,29376,108,0,0,0,0,29376,108,7,50,7,50,2,38,29376,108,0,0,0,0,29376,108,7,50,7,50,2,38,29376,108,0,0,0,0,29376,108,7,50,7,50,2,38,29376,108,0,0,0,0,29376,108,7,50,7,50,2,38,29376,108,0,0,0,0,29376,108,7,50,7,50,2,38,29376,108,0,0,0,0,29376,108
207,0,1000,0,0,1000,0,1000,7,50,7,50,3,41,0,0,0,0,0,0,0,0,7,50,7,50,3,41,0,0,0,0,0,0,0,0,7,50,7,50,3,41,0,0,0,0,0,0,0,0,7,50,7,50,3,41,0,0,0,0,0,0,0,0,7,50,7,50,3,41,0,0,0,0,0,0,0,0,7,50,7,50,3,41,0,0,0,0,0,0,0,0
208,0,1000,0,0,1000,0,1000,7,50,7,50,3,41,0,0,0,0,0,0,0,0,7,50,7,50,3,41,0,0,0,0,0,0,0,0,7,50,7,50,3,41,0,0,0,0,0,0,0,0,7,50,7,50,3,41,0,0,0,0,0,0,0,0,7,50,7,50,3,41,0,0,0,0,0,0,0,0,7,50,7,50,3,41,0,0,0,0,0,0,0,0
209,0,1000,0,0,1000,0,1000,7,50,7,50,3,41,0,0,0,0,0,0,0,0,7,50,7,50,3,41,0,0,0,0,0,0,0,0,7,50,7,50,3,41,0,0,0,0,0,0,0,0,7,50,7,50,3,41,0,0,0,0,0,0,0,0,7,50,7,50,3,41,0,0,0,0,0,0,0,0,7,50,7,50,3,41,0,0,0,0,0,0,0,0
210,0,1000,0,0,1000,0,1000,7,50,7,50,3,41,24752,91,0,0,0,0,24752,91,7,50,7,50,3,41,24752,91,0,0,0,0,24752,91,7,50,7,50,3,41,24752,91,0,0,0,0,24752,91,7,50,7,50,3,41,24752,91,0,0,0,0,24752,91,7,50,7,50,3,41,24752,91,0,0,0,0,24752,91,7,50,7,50,3,41,24752,91,0,0,0,0,24752,91
211,0,1000,0,0,1000,0,1000,7,50,7,50,3,41,0,0,0,0,0,0,0,0,7,50,7,50,3,41,0,0,0,0,0,0,0,0,7,50,7,50,3,41,0,0,0,0,0,0,0,0,7,50,7,50,3,41,0,0,0,0,0,0,0,0,7,50,7,50,3,41,0,0,0,0,0,0,0,0,7,50,7,50,3,41,0,0,0,0,0,0,0,0
212,0,1000,0,0,1000,0,1000,7,50,7,50,3,41,0,0,0,0,0,0,0,0,7,50,7,50,3,41,0,0,0,0,0,0,0,0,7,50,7,50,3,41,0,0,0,0,0,0,0,0,7,50,7,50,3,41,0,0,0,0,0,0,0,0,7,50,7,50,3,41,0,0,0,0,0,0,0,0,7,50,7,50,3,41,0,0,0,0,0,0,0,0
213,0,1000,0,0,1000,0,1000,7,50,7,50,3,41,83351,1,83351,1,0,0,0,0,7,50,7,50,3,41,83351,1,83351,1,0,0,0,0,7,50,7,50,3,41,83351,1,83351,1,0,0,0,0,7,50,7,50,3,41,83351,1,83351,1,0,0,0,0,7,50,7,50,3,41,83351,1,83351,1,0,0,0,0,7,50,7,50,3,41,83351,1,83351,1,0,0,0,0
214,0,1000,0,0,1000,0,1000,8,53,8,53,3,41,106675,98,0,0,80291,1,26384,97,8,53,8,53,3,41,106675,98,0,0,80291,1,26384,97,8,53,8,53,3,41,106675,98,0,0,80291,1,26384,97,8,53,8,53,3,41,106675,98,0,0,80291,1,26384,97,8,53,8,53,3,41,106675,98,0,0,80291,1,26384,97,8,53,8,53,3,41,106675,98,0,0,80291,1,26384,97
215,0,1000,0,0,1000,0,1000,8,53,8,53,3,41,0,0,0,0,0,0,0,0,8,53,8,53,3,41,0,0,0,0,0,0,0,0,8,53,8,53,3,41,0,0,0,0,0,0,0,0,8,53,8,53,3,41,0,0,0,0,0,0,0,0,8,53,8,53,3,41,0,0,0,0,0,0,0,0,8,53,8,53,3,41,0,0,0,0,0,0,0,0
216,0,1000,0,0,1000,0,1000,8,53,8,53,3,41,0,0,0,0,0,0,0,0,8,53,8,53,3,41,0,0,0,0,0,0,0,0,8,53,8,53,3,41,0,0,0,0,0,0,0,0,8,53,8,53,3,41,0,0,0,0,0,0,0,0,8,53,8,53,3,41,0,0,0,0,0,0,0,0,8,53,8,53,3,41,0,0,0,0,0,0,0,0
217,0,1000,0,0,1000,0,1000,8,53,8,53,3,41,0,0,0,0,0,0,0,0,8,53,8,53,3,41,0,0,0,0,0,0,0,0,8,53,8,53,3,41,0,0,0,0,0,0,0,0,8,53,8,53,3,41,0,0,0,0,0,0,0,0,8,53,8,53,3,41,0,0,0,0,0,0,0,0,8,53,8,53,3,41,0,0,0,0,0,0,0,0
218,0,1000,0,0,1000,0,1000,8,53,8,53,3,41,30736,113,0,0,0,0,30736,113,8,53,8,53,3,41,30736,113,0,0,0,0,30736,113,8,53,8,53,3,41,30736,113,0,0,0,0,30736,113,8,53,8,53,3,41,30736,113,0,0,0,0,30736,113,8,53,8,53,3,41,30736,113,0,0,0,0,30736,113,8,53,8,53,3,41,30736,113,0,0,0,0,30736,113
219,0,1000,0,0,1000,0,1000,8,53,8,53,3,41,0,0,0,0,0,0,0,0,8,53,8,53,3,41,0,0,0,0,0,0,0,0,8,53,8,53,3,41,0,0,0,0,0,0,0,0,8,53,8,53,3,41,0,0,0,0,0,0,0,0,8,53,8,53,3,41,0,0,0,0,0,0,0,0,8,53,8,53,3,41,0,0,0,0,0,0,0,0
220,0,1000,0,0,1000,0,1000,8,53,8,53,3,41,0,0,0,0,0,0,0,0,8,53,8,53,3,41,0,0,0,0,0,0,0,0,8,53,8,53,3,41,0,0,0,0,0,0,0,0,8,53,8,53,3,41,0,0,0,0,0,0,0,0,8,53,8,53,3,41,0,0,0,0,0,0,0,0,8,53,8,53,3,41,0,0,0,0,0,0,0,0
221,0,1000,0,0,1000,0,1000,8,53,8,53,3,41,0,0,0,0,0,0,0,0,8,53,8,53,3,41,0,0,0,0,0,0,0,0,8,53,8,53,3,41,0,0,0,0,0,0,0,0,8,53,8,53,3,41,0,0,0,0,0,0,0,0,8,53,8,53,3,41,0,0,0,0,0,0,0,0,8,53,8,53,3,41,0,0,0,0,0,0,0,0
222,0,1000,0,0,1000,0,1000,8,53,8,53,3,41,25024,92,0,0,0,0,25024,92,8,53,8,53,3,41,25024,92,0,0,0,0,25024,92,8,53,8,53,3,41,25024,92,0,0,0,0,25024,92,8,53,8,53,3,41,25024,92,0,0,0,0,25024,92,8,53,8,53,3,41,25024,92,0,0,0,0,25024,92,8,53,8,53,3,41,25024,92,0,0,0,0,25024,92
223,0,1000,0,0,1000,0,1000,8,53,8,53,4,45,0,0,0,0,0,0,0,0,8,53,8,53,4,45,0,0,0,0,0,0,0,0,8,53,8,53,4,45,0,0,0,0,0,0,0,0,8,53,8,53,4,45,0,0,0,0,0,0,0,0,8,53,8,53,4,45,0,0,0,0,0,0,0,0,8,53,8,53,4,45,0,0,0,0,0,0,0,0
224,0,1000,0,0,1000,0,1000,8,53,8,53,4,45,0,0,0,0,0,0,0,0,8,53,8,53,4,45,0,0,0,0,0,0,0,0,8,53,8,53,4,45,0,0,0,0,0,0,0,0,8,53,8,53,4,45,0,0,0,0,0,0,0,0,8,53,8,53,4,45,0,0,0,0,0,0,0,0,8,53,8,53,4,45,0,0,0,0,0,0,0,0
225,0,1000,0,0,1000,0,1000,8,53,8,53,4,45,0,0,0,0,0,0,0,0,8,53,8,53,4,45,0,0,0,0,0,0,0,0,8,53,8,53,4,45,0,0,0,0,0,0,0,0,8,53,8,53,4,45,0,0,0,0,0,0,0,0,8,53,8,53,4,45,0,0,0,0,0,0,0,0,8,53,8,53,4,45,0,0,0,0,0,0,0,0
226,0,1000,0,0,1000,0,1000,8,53,8,53,4,45,27472,101,0,0,0,0,27472,101,8,53,8,53,4,45,27472,101,0,0,0,0,27472,101,8,53,8,53,4,45,27472,101,0,0,0,0,27472,101,8,53,8,53,4,45,27472,101,0,0,0,0,27472,101,8,53,8,53,4,45,27472,101,0,0,0,0,27472,101,8,53,8,53,4,45,27472,101,0,0,0,0,27472,101
227,0,1000,0,0,1000,0,1000,8,53,8,53,5,46,0,0,0,0,0,0,0,0,8,53,8,53,5,46,0,0,0,0,0,0,0,0,8,53,8,53,5,46,0,0,0,0,0,0,0,0,8,53,8,53,5,46,0,0,0,0,0,0,0,0,8,53,8,53,5,46,0,0,0,0,0,0,0,0,8,53,8,53,5,46,0,0,0,0,0,0,0,0
228,0,1000,0,0,1000,0,1000,8,53,8,53,5,46,0,0,0,0,0,0,0,0,8,53,8,53,5,46,0,0,0,0,0,0,0,0,8,53,8,53,5,46,0,0,0,0,0,0,0,0,8,53,8,53,5,46,0,0,0,0,0,0,0,0,8,53,8,53,5,46,0,0,0,0,0,0,0,0,8,53,8,53,5,46,0,0,0,0,0,0,0,0
229,0,1000,0,0,1000,0,1000,8,53,8,53,5,46,0,0,0,0,0,0,0,0,8,53,8,53,5,46,0,0,0,0,0,0,0,0,8,53,8,53,5,46,0,0,0,0,0,0,0,0,8,53,8,53,5,46,0,0,0,0,0,0,0,0,8,53,8,53,5,46,0,0,0,0,0,0,0,0,8,53,8,53,5,46,0,0,0,0,0,0,0,0
230,0,1000,0,0,1000,0,1000,8,53,8,53,5,46,30736,113,0,0,0,0,30736,113,8,53,8,53,5,46,30736,113,0,0,0,0,30736,113,8,53,8,53,5,46,30736,113,0,0,0,0,30736,113,8,53,8,53,5,46,30736,113,0,0,0,0,30736,113,8,53,8,53,5,46,30736,113,0,0,0,0,30736,113,8,53,8,53,5,46,30736,113,0,0,0,0,30736,113
231,0,1000,0,0,1000,0,1000,8,53,8,53,5,46,0,0,0,0,0,0,0,0,8,53,8,53,5,46,0,0,0,0,0,0,0,0,8,53,8,53,5,46,0,0,0,0,0,0,0,0,8,53,8,53,5,46,0,0,0,0,0,0,0,0,8,53,8,53,5,46,0,0,0,0,0,0,0,0,8,53,8,53,5,46,0,0,0,0,0,0,0,0
232,0,1000,0,0,1000,0,1000,8,53,8,53,5,46,0,0,0,0,0,0,0,0,8,53,8,53,5,46,0,0,0,0,0,0,0,0,8,53,8,53,5,46,0,0,0,0,0,0,0,0,8,53,8,53,5,46,0,0,0,0,0,0,0,0,8,53,8,53,5,46,0,0,0,0,0,0,0,0,8,53,8,53,5,46,0,0,0,0,0,0,0,0
233,0,1000,0,0,1000,0,1000,8,53,8,53,5,46,168109,2,168109,2,0,0,0,0,8,53,8,53,5,46,168109,2,168109,2,0,0,0,0,8,53,8,53,5,46,168109,2,168109,2,0,0,0,0,8,53,8,53,5,46,168109,2,168109,2,0,0,0,0,8,53,8,53,5,46,168109,2,168109,2,0,0,0,0,8,53,8,53,5,46,168109,2,168109,2,0,0,0,0
234,0,1000,0,0,1000,0,1000,9,58,9,58,5,46,104770,91,0,0,80290,1,24480,90,9,58,9,58,5,46,104770,91,0,0,80290,1,24480,90,9,58,9,58,5,46,104770,91,0,0,80290,1,24480,90,9,58,9,58,5,46,104770,91,0,0,80290,1,24480,90,9,58,9,58,5,46,104770,91,0,0,80290,1,24480,90,9,58,9,58,5,46,104770,91,0,0,80290,1,24480,90
235,0,1000,0,0,1000,0,1000,9,58,9,58,5,46,0,0,0,0,0,0,0,0,9,58,9,58,5,46,0,0,0,0,0,0,0,0,9,58,9,58,5,46,0,0,0,0,0,0,0,0,9,58,9,58,5,46,0,0,0,0,0,0,0,0,9,58,9,58,5,46,0,0,0,0,0,0,0,0,9,58,9,58,5,46,0,0,0,0,0,0,0,0
236,0,1000,0,0,1000,0,1000,9,58,9,58,5,46,0,0,0,0,0,0,0,0,9,58,9,58,5,46,0,0,0,0,0,0,0,0,9,58,9,58,5,46,0,0,0,0,0,0,0,0,9,58,9,58,5,46,0,0,0,0,0,0,0,0,9,58,9,58,5,46,0,0,0,0,0,0,0,0,9,58,9,58,5,46,0,0,0,0,0,0,0,0
237,0,1000,0,0,1000,0,1000,9,58,9,58,5,46,0,0,0,0,0,0,0,0,9,58,9,58,5,46,0,0,0,0,0,0,0,0,9,58,9,58,5,46,0,0,0,0,0,0,0,0,9,58,9,58,5,46,0,0,0,0,0,0,0,0,9,58,9,58,5,46,0,0,0,0,0,0,0,0,9,58,9,58,5,46,0,0,0,0,0,0,0,0
238,0,1000,0,0,1000,0,1000,9,58,9,58,5,46,23664,87,0,0,0,0,23664,87,9,58,9,58,5,46,23664,87,0,0,0,0,23664,87,9,58,9,58,5,46,23664,87,0,0,0,0,23664,87,9,58,9,58,5,46,23664,87,0,0,0,0,23664,87,9,58,9,58,5,46,23664,87,0,0,0,0,23664,87,9,58,9,58,5,46,23664,87,0,0,0,0,23664,87
239,0,1000,0,0,1000,0,1000,9,58,9,58,6,49,0,0,0,0,0,0,0,0,9,58,9,58,6,49,0,0,0,0,0,0,0,0,9,58,9,58,6,49,0,0,0,0,0,0,0,0,9,58,9,58,6,49,0,0,0,0,0,0,0,0,9,58,9,58,6,49,0,0,0,0,0,0,0,0,9,58,9,58,6,49,0,0,0,0,0,0,0,0
240,0,1000,0,0,1000,0,1000,9,58,9,58,6,49,0,0,0,0,0,0,0,0,9,58,9,58,6,49,0,0,0,0,0,0,0,0,9,58,9,58,6,49,0,0,0,0,0,0,0,0,9,58,9,58,6,49,0,0,0,0,0,0,0,0,9,58,9,58,6,49,0,0,0,0,0,0,0,0,9,58,9,58,6,49,0,0,0,0,0,0,0,0
241,0,1000,0,0,1000,0,1000,9,58,9,58,6,49,0,0,0,0,0,0,0,0,9,58,9,58,6,49,0,0,0,0,0,0,0,0,9,58,9,58,6,49,0,0,0,0,0,0,0,0,9,58,9,58,6,49,0,0,0,0,0,0,0,0,9,58,9,58,6,49,0,0,0,0,0,0,0,0,9,58,9,58,6,49,0,0,0,0,0,0,0,0
242,0,1000,0,0,1000,0,1000,9,58,9,58,6,49,26928,99,0,0,0,0,26928,99,9,58,9,58,6,49,26928,99,0,0,0,0,26928,99,9,58,9,58,6,49,26928,99,0,0,0,0,26928,99,9,58,9,58,6,49,26928,99,0,0,0,0,26928,99,9,58,9,58,6,49,26928,99,0,0,0,0,26928,99,9,58,9,58,6,49,26928,99,0,0,0,0,26928,99
243,0,1000,0,0,1000,0,1000,9,58,9,58,7,50,0,0,0,0,0,0,0,0,9,58,9,58,7,50,0,0,0,0,0,0,0,0,9,58,9,58,7,50,0,0,0,0,0,0,0,0,9,58,9,58,7,50,0,0,0,0,0,0,0,0,9,58,9,58,7,50,0,0,0,0,0,0,0,0,9,58,9,58,7,50,0,0,0,0,0,0,0,0
244,0,1000,0,0,1000,0,1000,9,58,9,58,7,50,0,0,0,0,0,0,0,0,9,58,9,58,7,50,0,0,0,0,0,0,0,0,9,58,9,58,7,50,0,0,0,0,0,0,0,0,9,58,9,58,7,50,0,0,0,0,0,0,0,0,9,58,9,58,7,50,0,0,0,0,0,0,0,0,9,58,9,58,7,50,0,0,0,0,0,0,0,0
245,0,1000,0,0,1000,0,1000,9,58,9,58,7,50,0,0,0,0,0,0,0,0,9,58,9,58,7,50,0,0,0,0,0,0,0,0,9,58,9,58,7,50,0,0,0,0,0,0,0,0,9,58,9,58,7,50,0,0,0,0,0,0,0,0,9,58,9,58,7,50,0,0,0,0,0,0,0,0,9,58,9,58,7,50,0,0,0,0,0,0,0,0
246,0,1000,0,0,1000,0,1000,9,58,9,58,7,50,26928,99,0,0,0,0,26928,99,9,58,9,58,7,50,26928,99,0,0,0,0,26928,99,9,58,9,58,7,50,26928,99,0,0,0,0,26928,99,9,58,9,58,7,50,26928,99,0,0,0,0,26928,99,9,58,9,58,7,50,26928,99,0,0,0,0,26928,99,9,58,9,58,7,50,26928,99,0,0,0,0,26928,99
247,0,1000,0,0,1000,0,1000,9,58,9,58,7,50,0,0,0,0,0,0,0,0,9,58,9,58,7,50,0,0,0,0,0,0,0,0,9,58,9,58,7,50,0,0,0,0,0,0,0,0,9,58,9,58,7,50,0,0,0,0,0,0,0,0,9,58,9,58,7,50,0,0,0,0,0,0,0,0,9,58,9,58,7,50,0,0,0,0,0,0,0,0
248,0,1000,0,0,1000,0,1000,9,58,9,58,7,50,0,0,0,0,0,0,0,0,9,58,9,58,7,50,0,0,0,0,0,0,0,0,9,58,9,58,7,50,0,0,0,0,0,0,0,0,9,58,9,58,7,50,0,0,0,0,0,0,0,0,9,58,9,58,7,50,0,0,0,0,0,0,0,0,9,58,9,58,7,50,0,0,0,0,0,0,0,0
249,0,1000,0,0,1000,0,1000,9,58,9,58,7,50,0,0,0,0,0,0,0,0,9,58,9,58,7,50,0,0,0,0,0,0,0,0,9,58,9,58,7,50,0,0,0,0,0,0,0,0,9,58,9,58,7,50,0,0,0,0,0,0,0,0,9,58,9,58,7,50,0,0,0,0,0,0,0,0,9,58,9,58,7,50,0,0,0,0,0,0,0,0
250,0,1000,0,0,1000,0,1000,9,58,9,58,7,50,20944,77,0,0,0,0,20944,77,9,58,9,58,7,50,20944,77,0,0,0,0,20944,77,9,58,9,58,7,50,20944,77,0,0,0,0,20944,77,9,58,9,58,7,50,20944,77,0,0,0,0,20944,77,9,58,9,58,7,50,20944,77,0,0,0,0,20944,77,9,58,9,58,7,50,20944,77,0,0,0,0,20944,77
251,0,1000,0,0,1000,0,1000,9,58,9,58,7,50,0,0,0,0,0,0,0,0,9,58,9,58,7,50,0,0,0,0,0,0,0,0,9,58,9,58,7,50,0,0,0,0,0,0,0,0,9,58,9,58,7,50,0,0,0,0,0,0,0,0,9,58,9,58,7,50,0,0,0,0,0,0,0,0,9,58,9,58,7,50,0,0,0,0,0,0,0,0
252,0,1000,0,0,1000,0,1000,9,58,9,58,7,50,0,0,0,0,0,0,0,0,9,58,9,58,7,50,0,0,0,0,0,0,0,0,9,58,9,58,7,50,0,0,0,0,0,0,0,0,9,58,9,58,7,50,0,0,0,0,0,0,0,0,9,58,9,58,7,50,0,0,0,0,0,0,0,0,9,58,9,58,7,50,0,0,0,0,0,0,0,0
253,0,1000,0,0,1000,0,1000,9,58,9,58,7,50,0,0,0,0,0,0,0,0,9,58,9,58,7,50,0,0,0,0,0,0,0,0,9,58,9,58,7,50,0,0,0,0,0,0,0,0,9,58,9,58,7,50,0,0,0,0,0,0,0,0,9,58,9,58,7,50,0,0,0,0,0,0,0,0,9,58,9,58,7,50,0,0,0,0,0,0,0,0
254,0,1000,0,0,1000,0,1000,9,58,9,58,7,50,28560,105,0,0,0,0,28560,105,9,58,9,58,7,50,28560,105,0,0,0,0,28560,105,9,58,9,58,7,50,28560,105,0,0,0,0,28560,105,9,58,9,58,7,50,28560,105,0,0,0,0,28560,105,9,58,9,58,7,50,28560,105,0,0,0,0,28560,105,9,58,9,58,7,50,28560,105,0,0,0,0,28560,105
255,0,1000,0,0,1000,0,1000,9,58,9,58,8,53,0,0,0,0,0,0,0,0,9,58,9,58,8,53,0,0,0,0,0,0,0,0,9,58,9,58,8,53,0,0,0,0,0,0,0,0,9,58,9,58,8,53,0,0,0,0,0,0,0,0,9,58,9,58,8,53,0,0,0,0,0,0,0,0,9,58,9,58,8,53,0,0,0,0,0,0,0,0
256,0,1000,0,0,1000,0,1000,9,58,9,58,8,53,0,0,0,0,0,0,0,0,9,58,9,58,8,53,0,0,0,0,0,0,0,0,9,58,9,58,8,53,0,0,0,0,0,0,0,0,9,58,9,58,8,53,0,0,0,0,0,0,0,0,9,58,9,58,8,53,0,0,0,0,0,0,0,0,9,58,9,58,8,53,0,0,0,0,0,0,0,0
257,0,1000,0,0,1000,0,1000,9,58,9,58,8,53,0,0,0,0,0,0,0,0,9,58,9,58,8,53,0,0,0,0,0,0,0,0,9,58,9,58,8,53,0,0,0,0,0,0,0,0,9,58,9,58,8,53,0,0,0,0,0,0,0,0,9,58,9,58,8,53,0,0,0,0,0,0,0,0,9,58,9,58,8,53,0,0,0,0,0,0,0,0
258,0,1000,0,0,1000,0,1000,9,58,9,58,8,53,23664,87,0,0,0,0,23664,87,9,58,9,58,8,53,23664,87,0,0,0,0,23664,87,9,58,9,58,8,53,23664,87,0,0,0,0,23664,87,9,58,9,58,8,53,23664,87,0,0,0,0,23664,87,9,58,9,58,8,53,23664,87,0,0,0,0,23664,87,9,58,9,58,8,53,23664,87,0,0,0,0,23664,87
259,0,1000,0,0,1000,0,1000,9,58,9,58,8,53,0,0,0,0,0,0,0,0,9,58,9,58,8,53,0,0,0,0,0,0,0,0,9,58,9,58,8,53,0,0,0,0,0,0,0,0,9,58,9,58,8,53,0,0,0,0,0,0,0,0,9,58,9,58,8,53,0,0,0,0,0,0,0,0,9,58,9,58,8,53,0,0,0,0,0,0,0,0
260,0,1000,0,0,1000,0,1000,9,58,9,58,8,53,0,0,0,0,0,0,0,0,9,58,9,58,8,53,0,0,0,0,0,0,0,0,9,58,9,58,8,53,0,0,0,0,0,0,0,0,9,58,9,58,8,53,0,0,0,0,0,0,0,0,9,58,9,58,8,53,0,0,0,0,0,0,0,0,9,58,9,58,8,53,0,0,0,0,0,0,0,0
261,0,1000,0,0,1000,0,1000,9,58,9,58,8,53,0,0,0,0,0,0,0,0,9,58,9,58,8,53,0,0,0,0,0,0,0,0,9,58,9,58,8,53,0,0,0,0,0,0,0,0,9,58,9,58,8,53,0,0,0,0,0,0,0,0,9,58,9,58,8,53,0,0,0,0,0,0,0,0,9,58,9,58,8,53,0,0,0,0,0,0,0,0
262,0,1000,0,0,1000,0,1000,9,58,9,58,8,53,27744,102,0,0,0,0,27744,102,9,58,9,58,8,53,27744,102,0,0,0,0,27744,102,9,58,9,58,8,53,27744,102,0,0,0,0,27744,102,9,58,9,58,8,53,27744,102,0,0,0,0,27744,102,9,58,9,58,8,53,27744,102,0,0,0,0,27744,102,9,58,9,58,8,53,27744,102,0,0,0,0,27744,102
263,0,1000,0,0,1000,0,1000,9,58,9,58,8,53,0,0,0,0,0,0,0,0,9,58,9,58,8,53,0,0,0,0,0,0,0,0,9,58,9,58,8,53,0,0,0,0,0,0,0,0,9,58,9,58,8,53,0,0,0,0,0,0,0,0,9,58,9,58,8,53,0,0,0,0,0,0,0,0,9,58,9,58,8,53,0,0,0,0,0,0,0,0
264,0,1000,0,0,1000,0,1000,9,58,9,58,8,53,0,0,0,0,0,0,0,0,9,58,9,58,8,53,0,0,0,0,0,0,0,0,9,58,9,58,8,53,0,0,0,0,0,0,0,0,9,58,9,58,8,53,0,0,0,0,0,0,0,0,9,58,9,58,8,53,0,0,0,0,0,0,0,0,9,58,9,58,8,53,0,0,0,0,0,0,0,0
265,0,1000,0,0,1000,0,1000,9,58,9,58,8,53,83703,1,83703,1,0,0,0,0,9,58,9,58,8,53,83703,1,83703,1,0,0,0,0,9,58,9,58,8,53,83703,1,83703,1,0,0,0,0,9,58,9,58,8,53,83703,1,83703,1,0,0,0,0,9,58,9,58,8,53,83703,1,83703,1,0,0,0,0,9,58,9,58,8,53,83703,1,83703,1,0,0,0,0
266,0,1000,0,0,1000,0,1000,10,66,10,66,8,53,105043,92,0,0,80291,1,24752,91,10,66,10,66,8,53,105043,92,0,0,80291,1,24752,91,10,66,10,66,8,53,105043,92,0,0,80291,1,24752,91,10,66,10,66,8,53,105043,92,0,0,80291,1,24752,91,10,66,10,66,8,53,105043,92,0,0,80291,1,24752,91,10,66,10,66,8,53,105043,92,0,0,80291,1,24752,91
267,0,1000,0,0,1000,0,1000,10,66,10,66,8,53,0,0,0,0,0,0,0,0,10,66,10,66,8,53,0,0,0,0,0,0,0,0,10,66,10,66,8,53,0,0,0,0,0,0,0,0,10,66,10,66,8,53,0,0,0,0,0,0,0,0,10,66,10,66,8,53,0,0,0,0,0,0,0,0,10,66,10,66,8,53,0,0,0,0,0,0,0,0
268,0,1000,0,0,1000,0,1000,10,66,10,66,8,53,0,0,0,0,0,0,0,0,10,66,10,66,8,53,0,0,0,0,0,0,0,0,10,66,10,66,8,53,0,0,0,0,0,0,0,0,10,66,10,66,8,53,0,0,0,0,0,0,0,0,10,66,10,66,8,53,0,0,0,0,0,0,0,0,10,66,10,66,8,53,0,0,0,0,0,0,0,0
269,0,1000,0,0,1000,0,1000,10,66,10,66,8,53,0,0,0,0,0,0,0,0,10,66,10,66,8,53,0,0,0,0,0,0,0,0,10,66,10,66,8,53,0,0,0,0,0,0,0,0,10,66,10,66,8,53,0,0,0,0,0,0,0,0,10,66,10,66,8,53,0,0,0,0,0,0,0,0,10,66,10,66,8,53,0,0,0,0,0,0,0,0
270,0,1000,0,0,1000,0,1000,10,66,10,66,8,53,27472,101,0,0,0,0,27472,101,10,66,10,66,8,53,27472,101,0,0,0,0,27472,101,10,66,10,66,8,53,27472,101,0,0,0,0,27472,101,10,66,10,66,8,53,27472,101,0,0,0,0,27472,101,10,66,10,66,8,53,27472,101,0,0,0,0,27472,101,10,66,10,66,8,53,27472,101,0,0,0,0,27472,101
271,0,1000,0,0,1000,0,1000,10,66,10,66,8,53,0,0,0,0,0,0,0,0,10,66,10,66,8,53,0,0,0,0,0,0,0,0,10,66,10,66,8,53,0,0,0,0,0,0,0,0,10,66,10,66,8,53,0,0,0,0,0,0,0,0,10,66,10,66,8,53,0,0,0,0,0,0,0,0,10,66,10,66,8,53,0,0,0,0,0,0,0,0
272,0,1000,0,0,1000,0,1000,10,66,10,66,8,53,0,0,0,0,0,0,0,0,10,66,10,66,8,53,0,0,0,0,0,0,0,0,10,66,10,66,8,53,0,0,0,0,0,0,0,0,10,66,10,66,8,53,0,0,0,0,0,0,0,0,10,66,10,66,8,53,0,0,0,0,0,0,0,0,10,66,10,66,8,53,0,0,0,0,0,0,0,0
273,0,1000,0,0,1000,0,1000,10,66,10,66,8,53,83671,1,83671,1,0,0,0,0,10,66,10,66,8,53,83671,1,83671,1,0,0,0,0,10,66,10,66,8,53,83671,1,83671,1,0,0,0,0,10,66,10,66,8,53,83671,1,83671,1,0,0,0,0,10,66,10,66,8,53,83671,1,83671,1,0,0,0,0,10,66,10,66,8,53,83671,1,83671,1,0,0,0,0
274,0,1000,0,0,1000,0,1000,11,68,11,68,8,53,109667,109,0,0,80291,1,29376,108,11,68,11,68,8,53,109667,109,0,0,80291,1,29376,108,11,68,11,68,8,53,109667,109,0,0,80291,1,29376,108,11,68,11,68,8,53,109667,109,0,0,80291,1,29376,108,11,68,11,68,8,53,109667,109,0,0,80291,1,29376,108,11,68,11,68,8,53,109667,109,0,0,80291,1,29376,108
275,0,1000,0,0,1000,0,1000,11,68,11,68,9,58,0,0,0,0,0,0,0,0,11,68,11,68,9,58,0,0,0,0,0,0,0,0,11,68,11,68,9,58,0,0,0,0,0,0,0,0,11,68,11,68,9,58,0,0,0,0,0,0,0,0,11,68,11,68,9,58,0,0,0,0,0,0,0,0,11,68,11,68,9,58,0,0,0,0,0,0,0,0
276,0,1000,0,0,1000,0,1000,11,68,11,68,9,58,0,0,0,0,0,0,0,0,11,68,11,68,9,58,0,0,0,0,0,0,0,0,11,68,11,68,9,58,0,0,0,0,0,0,0,0,11,68,11,68,9,58,0,0,0,0,0,0,0,0,11,68,11,68,9,58,0,0,0,0,0,0,0,0,11,68,11,68,9,58,0,0,0,0,0,0,0,0
277,0,1000,0,0,1000,0,1000,11,68,11,68,9,58,0,0,0,0,0,0,0,0,11,68,11,68,9,58,0,0,0,0,0,0,0,0,11,68,11,68,9,58,0,0,0,0,0,0,0,0,11,68,11,68,9,58,0,0,0,0,0,0,0,0,11,68,11,68,9,58,0,0,0,0,0,0,0,0,11,68,11,68,9,58,0,0,0,0,0,0,0,0
278,0,1000,0,0,1000,0,1000,11,68,11,68,9,58,28016,103,0,0,0,0,28016,103,11,68,11,68,9,58,28016,103,0,0,0,0,28016,103,11,68,11,68,9,58,28016,103,0,0,0,0,28016,103,11,68,11,68,9,58,28016,103,0,0,0,0,28016,103,11,68,11,68,9,58,28016,103,0,0,0,0,28016,103,11,68,11,68,9,58,28016,103,0,0,0,0,28016,103
279,0,1000,0,0,1000,0,1000,11,68,11,68,9,58,0,0,0,0,0,0,0,0,11,68,11,68,9,58,0,0,0,0,0,0,0,0,11,68,11,68,9,58,0,0,0,0,0,0,0,0,11,68,11,68,9,58,0,0,0,0,0,0,0,0,11,68,11,68,9,58,0,0,0,0,0,0,0,0,11,68,11,68,9,58,0,0,0,0,0,0,0,0
280,0,1000,0,0,1000,0,1000,11,68,11,68,9,58,0,0,0,0,0,0,0,0,11,68,11,68,9,58,0,0,0,0,0,0,0,0,11,68,11,68,9,58,0,0,0,0,0,0,0,0,11,68,11,68,9,58,0,0,0,0,0,0,0,0,11,68,11,68,9,58,0,0,0,0,0,0,0,0,11,68,11,68,9,58,0,0,0,0,0,0,0,0
281,0,1000,0,0,1000,0,1000,11,68,11,68,9,58,0,0,0,0,0,0,0,0,11,68,11,68,9,58,0,0,0,0,0,0,0,0,11,68,11,68,9,58,0,0,0,0,0,0,0,0,11,68,11,68,9,58,0,0,0,0,0,0,0,0,11,68,11,68,9,58,0,0,0,0,0,0,0,0,11,68,11,68,9,58,0,0,0,0,0,0,0,0
282,0,1000,0,0,1000,0,1000,11,68,11,68,9,58,28560,105,0,0,0,0,28560,105,11,68,11,68,9,58,28560,105,0,0,0,0,28560,105,11,68,11,68,9,58,28560,105,0,0,0,0,28560,105,11,68,11,68,9,58,28560,105,0,0,0,0,28560,105,11,68,11,68,9,58,28560,105,0,0,0,0,28560,105,11,68,11,68,9,58,28560,105,0,0,0,0,28560,105
283,0,1000,0,0,1000,0,1000,11,68,11,68,9,58,0,0,0,0,0,0,0,0,11,68,11,68,9,58,0,0,0,0,0,0,0,0,11,68,11,68,9,58,0,0,0,0,0,0,0,0,11,68,11,68,9,58,0,0,0,0,0,0,0,0,11,68,11,68,9,58,0,0,0,0,0,0,0,0,11,68,11,68,9,58,0,0,0,0,0,0,0,0
284,0,1000,0,0,1000,0,1000,11,68,11,68,9,58,0,0,0,0,0,0,0,0,11,68,11,68,9,58,0,0,0,0,0,0,0,0,11,68,11,68,9,58,0,0,0,0,0,0,0,0,11,68,11,68,9,58,0,0,0,0,0,0,0,0,11,68,11,68,9,58,0,0,0,0,0,0,0,0,11,68,11,68,9,58,0,0,0,0,0,0,0,0
285,0,1000,0,0,1000,0,1000,11,68,11,68,9,58,0,0,0,0,0,0,0,0,11,68,11,68,9,58,0,0,0,0,0,0,0,0,11,68,11,68,9,58,0,0,0,0,0,0,0,0,11,68,11,68,9,58,0,0,0,0,0,0,0,0,11,68,11,68,9,58,0,0,0,0,0,0,0,0,11,68,11,68,9,58,0,0,0,0,0,0,0,0
286,0,1000,0,0,1000,0,1000,11,68,11,68,9,58,28288,104,0,0,0,0,28288,104,11,68,11,68,9,58,28288,104,0,0,0,0,28288,104,11,68,11,68,9,58,28288,104,0,0,0,0,28288,104,11,68,11,68,9,58,28288,104,0,0,0,0,28288,104,11,68,11,68,9,58,28288,104,0,0,0,0,28288,104,11,68,11,68,9,58,28288,104,0,0,0,0,28288,104
287,0,1000,0,0,1000,0,1000,11,68,11,68,9,58,0,0,0,0,0,0,0,0,11,68,11,68,9,58,0,0,0,0,0,0,0,0,11,68,11,68,9,58,0,0,0,0,0,0,0,0,11,68,11,68,9,58,0,0,0,0,0,0,0,0,11,68,11,68,9,58,0,0,0,0,0,0,0,0,11,68,11,68,9,58,0,0,0,0,0,0,0,0
288,0,1000,0,0,1000,0,1000,11,68,11,68,9,58,0,0,0,0,0,0,0,0,11,68,11,68,9,58,0,0,0,0,0,0,0,0,11,68,11,68,9,58,0,0,0,0,0,0,0,0,11,68,11,68,9,58,0,0,0,0,0,0,0,0,11,68,11,68,9,58,0,0,0,0,0,0,0,0,11,68,11,68,9,58,0,0,0,0,0,0,0,0
289,0,1000,0,0,1000,0,1000,11,68,11,68,9,58,0,0,0,0,0,0,0,0,11,68,11,68,9,58,0,0,0,0,0,0,0,0,11,68,11,68,9,58,0,0,0,0,0,0,0,0,11,68,11,68,9,58,0,0,0,0,0,0,0,0,11,68,11,68,9,58,0,0,0,0,0,0,0,0,11,68,11,68,9,58,0,0,0,0,0,0,0,0
290,0,1000,0,0,1000,0,1000,11,68,11,68,9,58,26656,98,0,0,0,0,26656,98,11,68,11,68,9,58,26656,98,0,0,0,0,26656,98,11,68,11,68,9,58,26656,98,0,0,0,0,26656,98,11,68,11,68,9,58,26656,98,0,0,0,0,26656,98,11,68,11,68,9,58,26656,98,0,0,0,0,26656,98,11,68,11,68,9,58,26656,98,0,0,0,0,26656,98
291,0,1000,0,0,1000,0,1000,11,68,11,68,9,58,0,0,0,0,0,0,0,0,11,68,11,68,9,58,0,0,0,0,0,0,0,0,11,68,11,68,9,58,0,0,0,0,0,0,0,0,11,68,11,68,9,58,0,0,0,0,0,0,0,0,11,68,11,68,9,58,0,0,0,0,0,0,0,0,11,68,11,68,9,58,0,0,0,0,0,0,0,0
292,0,1000,0,0,1000,0,1000,11,68,11,68,9,58,0,0,0,0,0,0,0,0,11,68,11,68,9,58,0,0,0,0,0,0,0,0,11,68,11,68,9,58,0,0,0,0,0,0,0,0,11,68,11,68,9,58,0,0,0,0,0,0,0,0,11,68,11,68,9,58,0,0,0,0,0,0,0,0,11,68,11,68,9,58,0,0,0,0,0,0,0,0
293,0,1000,0,0,1000,0,1000,11,68,11,68,9,58,0,0,0,0,0,0,0,0,11,68,11,68,9,58,0,0,0,0,0,0,0,0,11,68,11,68,9,58,0,0,0,0,0,0,0,0,11,68,11,68,9,58,0,0,0,0,0,0,0,0,11,68,11,68,9,58,0,0,0,0,0,0,0,0,11,68,11,68,9,58,0,0,0,0,0,0,0,0
294,0,1000,0,0,1000,0,1000,11,68,11,68,9,58,26928,99,0,0,0,0,26928,99,11,68,11,68,9,58,26928,99,0,0,0,0,26928,99,11,68,11,68,9,58,26928,99,0,0,0,0,26928,99,11,68,11,68,9,58,26928,99,0,0,0,0,26928,99,11,68,11,68,9,58,26928,99,0,0,0,0,26928,99,11,68,11,68,9,58,26928,99,0,0,0,0,26928,99
295,0,1000,0,0,1000,0,1000,11,68,11,68,9,58,0,0,0,0,0,0,0,0,11,68,11,68,9,58,0,0,0,0,0,0,0,0,11,68,11,68,9,58,0,0,0,0,0,0,0,0,11,68,11,68,9,58,0,0,0,0,0,0,0,0,11,68,11,68,9,58,0,0,0,0,0,0,0,0,11,68,11,68,9,58,0,0,0,0,0,0,0,0
296,0,1000,0,0,1000,0,1000,11,68,11,68,9,58,0,0,0,0,0,0,0,0,11,68,11,68,9,58,0,0,0,0,0,0,0,0,11,68,11,68,9,58,0,0,0,0,0,0,0,0,11,68,11,68,9,58,0,0,0,0,0,0,0,0,11,68,11,68,9,58,0,0,0,0,0,0,0,0,11,68,11,68,9,58,0,0,0,0,0,0,0,0
297,0,1000,0,0,1000,0,1000,11,68,11,68,9,58,0,0,0,0,0,0,0,0,11,68,11,68,9,58,0,0,0,0,0,0,0,0,11,68,11,68,9,58,0,0,0,0,0,0,0,0,11,68,11,68,9,58,0,0,0,0,0,0,0,0,11,68,11,68,9,58,0,0,0,0,0,0,0,0,11,68,11,68,9,58,0,0,0,0,0,0,0,0
298,0,1000,0,0,1000,0,1000,11,68,11,68,9,58,32640,120,0,0,0,0,32640,120,11,68,11,68,9,58,32640,120,0,0,0,0,32640,120,11,68,11,68,9,58,32640,120,0,0,0,0,32640,120,11,68,11,68,9,58,32640,120,0,0,0,0,32640,120,11,68,11,68,9,58,32640,120,0,0,0,0,32640,120,11,68,11,68,9,58,32640,120,0,0,0,0,32640,120
299,0,1000,0,0,1000,0,1000,11,68,11,68,9,58,0,0,0,0,0,0,0,0,11,68,11,68,9,58,0,0,0,0,0,0,0,0,11,68,11,68,9,58,0,0,0,0,0,0,0,0,11,68,11,68,9,58,0,0,0,0,0,0,0,0,11,68,11,68,9,58,0,0,0,0,0,0,0,0,11,68,11,68,9,58,0,0,0,0,0,0,0,0
300,0,1000,0,0,1000,0,1000,11,68,11,68,9,58,0,0,0,0,0,0,0,0,11,68,11,68,9,58,0,0,0,0,0,0,0,0,11,68,11,68,9,58,0,0,0,0,0,0,0,0,11,68,11,68,9,58,0,0,0,0,0,0,0,0,11,68,11,68,9,58,0,0,0,0,0,0,0,0,11,68,11,68,9,58,0,0,0,0,0,0,0,0
301,0,1000,0,0,1000,0,1000,11,68,11,68,9,58,84279,1,84279,1,0,0,0,0,11,68,11,68,9,58,84279,1,84279,1,0,0,0,0,11,68,11,68,9,58,84279,1,84279,1,0,0,0,0,11,68,11,68,9,58,84279,1,84279,1,0,0,0,0,11,68,11,68,9,58,84279,1,84279,1,0,0,0,0,11,68,11,68,9,58,84279,1,84279,1,0,0,0,0
302,0,1000,0,0,1000,0,1000,12,75,12,75,9,58,109123,107,0,0,80291,1,28832,106,12,75,12,75,9,58,109123,107,0,0,80291,1,28832,106,12,75,12,75,9,58,109123,107,0,0,80291,1,28832,106,12,75,12,75,9,58,109123,107,0,0,80291,1,28832,106,12,75,12,75,9,58,109123,107,0,0,80291,1,28832,106,12,75,12,75,9,58,109123,107,0,0,80291,1,28832,106
303,0,1000,0,0,1000,0,1000,12,75,12,75,9,58,0,0,0,0,0,0,0,0,12,75,12,75,9,58,0,0,0,0,0,0,0,0,12,75,12,75,9,58,0,0,0,0,0,0,0,0,12,75,12,75,9,58,0,0,0,0,0,0,0,0,12,75,12,75,9,58,0,0,0,0,0,0,0,0,12,75,12,75,9,58,0,0,0,0,0,0,0,0

digraph G {
  rankdir=BT;
  style=filled;
  color=lightgrey;
  node [shape=box,style=filled,color=white];
  b_HbtFcO2ucDD [label="H(btFcO2ucDD)\nt=49 id=170"];
  b_HJJqas6yJWG [label="H(JJqas6yJWG)\nt=53 id=689"];
  b_HQTFojovlKH [label="H(QTFojovlKH)\nt=50 id=446"];
  b_HEjdApNkDTB [label="H(EjdApNkDTB)\nt=75 id=623"];
  b_HtfjqBmd7q [label="H(tfjq+Bmd7q)\n"];
  b_HMt1G2ClNo3 [label="H(Mt1G2ClNo3)\nt=41 id=278"];
  b_HqGljUKtsnK [label="H(qGljUKtsnK)\nt=66 id=192"];
  b_HabUB0F2as6 [label="H(abUB0F2as6)\nt=45 id=160"];
  b_Hi6ZJW4GRfP [label="H(i6ZJW4GRfP)\nt=68 id=150"];
  b_Huy8r4top5 [label="H(uy8r4t/op5)\nt=58 id=67"];
  b_HWqMqg9eeao [label="H(WqMqg9eeao)\nt=19 id=597"];
  b_HZdXgY1ogAp [label="H(ZdXgY1ogAp)\nt=38 id=808"];
  b_HvUfIDcrbAS [label="H(vUfIDcrbAS)\nt=46 id=727"];
  b_HbtFcO2ucDD -> b_HvUfIDcrbAS;
  b_HJJqas6yJWG -> b_HQTFojovlKH;
  b_HQTFojovlKH -> b_HbtFcO2ucDD;
  b_HEjdApNkDTB -> b_Hi6ZJW4GRfP;
  b_HMt1G2ClNo3 -> b_HZdXgY1ogAp;
  b_HqGljUKtsnK -> b_Huy8r4top5;
  b_HabUB0F2as6 -> b_HMt1G2ClNo3;
  b_Hi6ZJW4GRfP -> b_HqGljUKtsnK;
  b_Huy8r4top5 -> b_HJJqas6yJWG;
  b_HWqMqg9eeao -> b_HtfjqBmd7q;
  b_HZdXgY1ogAp -> b_HWqMqg9eeao;
  b_HvUfIDcrbAS -> b_HabUB0F2as6;
  v_HnPrrLLS6u [label="id=296 t=75"];
  v_HnPrrLLS6u -> b_HEjdApNkDTB;
  v_HWidojTzhM [label="id=272 t=75"];
  v_HWidojTzhM -> b_HEjdApNkDTB;
  v_HEYU8ggZUI [label="id=695 t=75"];
  v_HEYU8ggZUI -> b_HEjdApNkDTB;
  v_HXhc2ZA1hS6 [label="id=885 t=75"];
  v_HXhc2ZA1hS6 -> b_HEjdApNkDTB;
  v_HolcNTtnv5m [label="id=879 t=75"];
  v_HolcNTtnv5m -> b_HEjdApNkDTB;
  v_HBjdJ93uWfh [label="id=854 t=75"];
  v_HBjdJ93uWfh -> b_HEjdApNkDTB;
  v_Hv1dNORrLgx [label="id=947 t=75"];
  v_Hv1dNORrLgx -> b_HEjdApNkDTB;
  v_HYiwpEptTqf [label="id=289 t=75"];
  v_HYiwpEptTqf -> b_HEjdApNkDTB;
  v_HScg8DPHn5 [label="id=227 t=75"];
  v_HScg8DPHn5 -> b_HEjdApNkDTB;
  v_HoU2qIVb3h5 [label="id=684 t=75"];
  v_HoU2qIVb3h5 -> b_HEjdApNkDTB;
  v_H6ozsAsqOlG [label="id=699 t=75"];
  v_H6ozsAsqOlG -> b_HEjdApNkDTB;
  v_HnDcnS8jiA [label="id=735 t=75"];
  v_HnDcnS8jiA -> b_HEjdApNkDTB;
  v_HY3tbskl2iE [label="id=702 t=75"];
  v_HY3tbskl2iE -> b_HEjdApNkDTB;
  v_HOMMt3ZRy [label="id=443 t=75"];
  v_HOMMt3ZRy -> b_HEjdApNkDTB;
  v_H4f1xxXcNTe [label="id=8 t=75"];
  v_H4f1xxXcNTe -> b_HEjdApNkDTB;
  v_HGMjLGF2jwp [label="id=785 t=75"];
  v_HGMjLGF2jwp -> b_HEjdApNkDTB;
  v_HzYdz8e6wiu [label="id=492 t=75"];
  v_HzYdz8e6wiu -> b_HEjdApNkDTB;
  v_HaE225m0Hyk [label="id=780 t=75"];
  v_HaE225m0Hyk -> b_HEjdApNkDTB;
  v_HifCHyYIV9Q [label="id=263 t=75"];
  v_HifCHyYIV9Q -> b_HEjdApNkDTB;
  v_HKwb4WPKUG [label="id=939 t=75"];
  v_HKwb4WPKUG -> b_HEjdApNkDTB;
  v_HK0UNZmQqD [label="id=864 t=75"];
  v_HK0UNZmQqD -> b_HEjdApNkDTB;
  v_Ha73P5HfG [label="id=183 t=75"];
  v_Ha73P5HfG -> b_HEjdApNkDTB;
  v_Hehal68K06E [label="id=101 t=75"];
  v_Hehal68K06E -> b_HEjdApNkDTB;
  v_HmJJUNaubbv [label="id=88 t=75"];
  v_HmJJUNaubbv -> b_HEjdApNkDTB;
  v_HSA2G6YbtN9 [label="id=138 t=75"];
  v_HSA2G6YbtN9 -> b_HEjdApNkDTB;
  v_HCXFDg4OFil [label="id=71 t=75"];
  v_HCXFDg4OFil -> b_HEjdApNkDTB;
  v_H50TuyxcY9X [label="id=381 t=75"];
  v_H50TuyxcY9X -> b_HEjdApNkDTB;
  v_HPk5hgYqb [label="id=621 t=75"];
  v_HPk5hgYqb -> b_HEjdApNkDTB;
  v_HQUwZZymMr [label="id=108 t=75"];
  v_HQUwZZymMr -> b_HEjdApNkDTB;
  v_H3zn25XTYt0 [label="id=877 t=75"];
  v_H3zn25XTYt0 -> b_HEjdApNkDTB;
  v_HETGMxuzUFp [label="id=824 t=75"];
  v_HETGMxuzUFp -> b_HEjdApNkDTB;
  v_HcuzPHa4n2 [label="id=858 t=75"];
  v_HcuzPHa4n2 -> b_HEjdApNkDTB;
  v_HeDVfRbSGjf [label="id=308 t=75"];
  v_HeDVfRbSGjf -> b_HEjdApNkDTB;
  v_HLuvXFscQI [label="id=528 t=75"];
  v_HLuvXFscQI -> b_HEjdApNkDTB;
  v_Hshp1RWgx53 [label="id=312 t=75"];
  v_Hshp1RWgx53 -> b_HEjdApNkDTB;
  v_HyT0W1y8C [label="id=466 t=75"];
  v_HyT0W1y8C -> b_HEjdApNkDTB;
  v_H9ZGlEw5jA0 [label="id=73 t=75"];
  v_H9ZGlEw5jA0 -> b_HEjdApNkDTB;
  v_He4qhsDq1qo [label="id=615 t=75"];
  v_He4qhsDq1qo -> b_HEjdApNkDTB;
  v_HFKF2MtLH0o [label="id=488 t=75"];
  v_HFKF2MtLH0o -> b_HEjdApNkDTB;
  v_HobjVPyfE [label="id=703 t=75"];
  v_HobjVPyfE -> b_HEjdApNkDTB;
  v_HxaiFypurK [label="id=495 t=75"];
  v_HxaiFypurK -> b_HEjdApNkDTB;
  v_HiFBOlEUOA [label="id=766 t=75"];
  v_HiFBOlEUOA -> b_HEjdApNkDTB;
  v_HhAGggTjfVP [label="id=905 t=75"];
  v_HhAGggTjfVP -> b_HEjdApNkDTB;
  v_HaMjw4ZNVOA [label="id=863 t=75"];
  v_HaMjw4ZNVOA -> b_HEjdApNkDTB;
  v_HZ3mq0khYg9 [label="id=483 t=75"];
  v_HZ3mq0khYg9 -> b_HEjdApNkDTB;
  v_HQ51Vcv9pH [label="id=98 t=75"];
  v_HQ51Vcv9pH -> b_HEjdApNkDTB;
  v_Heez0bPan1D [label="id=477 t=75"];
  v_Heez0bPan1D -> b_HEjdApNkDTB;
  v_HuAkb2LRrLB [label="id=654 t=75"];
  v_HuAkb2LRrLB -> b_HEjdApNkDTB;
  v_Hh5YMLUsVS [label="id=426 t=75"];
  v_Hh5YMLUsVS -> b_HEjdApNkDTB;
  v_Hwa4EQ8QsaX [label="id=64 t=75"];
  v_Hwa4EQ8QsaX -> b_HEjdApNkDTB;
  v_HLDHiGBhOzO [label="id=77 t=75"];
  v_HLDHiGBhOzO -> b_HEjdApNkDTB;
  v_Hb2dcnK6a2 [label="id=825 t=75"];
  v_Hb2dcnK6a2 -> b_HEjdApNkDTB;
  v_H1IQLq75Lvs [label="id=245 t=75"];
  v_H1IQLq75Lvs -> b_HEjdApNkDTB;
  v_Hp3l9aegIVt [label="id=565 t=75"];
  v_Hp3l9aegIVt -> b_HEjdApNkDTB;
  v_HrdXhVaiozo [label="id=502 t=75"];
  v_HrdXhVaiozo -> b_HEjdApNkDTB;
  v_Hw53k2PQq [label="id=648 t=75"];
  v_Hw53k2PQq -> b_HEjdApNkDTB;
  v_HBFZixcDsF3 [label="id=132 t=75"];
  v_HBFZixcDsF3 -> b_HEjdApNkDTB;
  v_HYhtRzTAUi0 [label="id=575 t=75"];
  v_HYhtRzTAUi0 -> b_HEjdApNkDTB;
  v_HOt0fL29aAW [label="id=81 t=75"];
  v_HOt0fL29aAW -> b_HEjdApNkDTB;
  v_HGbEQFC9u6U [label="id=214 t=75"];
  v_HGbEQFC9u6U -> b_HEjdApNkDTB;
  v_H9ci8Z4FK9V [label="id=847 t=75"];
  v_H9ci8Z4FK9V -> b_HEjdApNkDTB;
  v_H8Ed5IOwpk [label="id=589 t=75"];
  v_H8Ed5IOwpk -> b_HEjdApNkDTB;
  v_H75bnO4ljgm [label="id=470 t=75"];
  v_H75bnO4ljgm -> b_HEjdApNkDTB;
  v_HPNNVgShI [label="id=135 t=75"];
  v_HPNNVgShI -> b_HEjdApNkDTB;
  v_HHRc1AJWwNP [label="id=147 t=75"];
  v_HHRc1AJWwNP -> b_HEjdApNkDTB;
  v_H7qbDsz0axU [label="id=900 t=75"];
  v_H7qbDsz0axU -> b_HEjdApNkDTB;
  v_HtKkJmYgFt4 [label="id=361 t=75"];
  v_HtKkJmYgFt4 -> b_HEjdApNkDTB;
  v_Hxj1yUzLUdi [label="id=344 t=75"];
  v_Hxj1yUzLUdi -> b_HEjdApNkDTB;
  v_HRze22ACNt [label="id=223 t=75"];
  v_HRze22ACNt -> b_HEjdApNkDTB;
  v_H7pN94LC73x [label="id=907 t=75"];
  v_H7pN94LC73x -> b_HEjdApNkDTB;
  v_Ht1Fnb1TPfY [label="id=202 t=75"];
  v_Ht1Fnb1TPfY -> b_HEjdApNkDTB;
  v_HaqDpDJE10F [label="id=500 t=75"];
  v_HaqDpDJE10F -> b_HEjdApNkDTB;
  v_HLMsUGsDFk [label="id=553 t=75"];
  v_HLMsUGsDFk -> b_HEjdApNkDTB;
  v_HZBVCrqw [label="id=367 t=75"];
  v_HZBVCrqw -> b_HEjdApNkDTB;
  v_H4iLHwPPAgM [label="id=423 t=75"];
  v_H4iLHwPPAgM -> b_HEjdApNkDTB;
  v_HFe6dj0sBTH [label="id=656 t=75"];
  v_HFe6dj0sBTH -> b_HEjdApNkDTB;
  v_HU7ooMqn4 [label="id=340 t=75"];
  v_HU7ooMqn4 -> b_HEjdApNkDTB;
  v_Hh5VeiMLwY [label="id=330 t=75"];
  v_Hh5VeiMLwY -> b_HEjdApNkDTB;
  v_H1Q0AvyRkCW [label="id=45 t=75"];
  v_H1Q0AvyRkCW -> b_HEjdApNkDTB;
  v_Hl6hZRiZKPz [label="id=390 t=75"];
  v_Hl6hZRiZKPz -> b_HEjdApNkDTB;
  v_H06hVqwPZyp [label="id=739 t=75"];
  v_H06hVqwPZyp -> b_HEjdApNkDTB;
  v_HvmyQvwiSU [label="id=698 t=75"];
  v_HvmyQvwiSU -> b_HEjdApNkDTB;
  v_HzGcF9Zrnfu [label="id=307 t=75"];
  v_HzGcF9Zrnfu -> b_HEjdApNkDTB;
  v_HjFHFMEYAko [label="id=24 t=75"];
  v_HjFHFMEYAko -> b_HEjdApNkDTB;
  v_H34VHGeNQWp [label="id=102 t=75"];
  v_H34VHGeNQWp -> b_HEjdApNkDTB;
  v_HXeyCTYz986 [label="id=479 t=75"];
  v_HXeyCTYz986 -> b_HEjdApNkDTB;
  v_HL9fNykCn8n [label="id=471 t=75"];
  v_HL9fNykCn8n -> b_HEjdApNkDTB;
  v_HQUC9qrsGxG [label="id=597 t=75"];
  v_HQUC9qrsGxG -> b_HEjdApNkDTB;
  v_HneqlurKU9 [label="id=271 t=75"];
  v_HneqlurKU9 -> b_HEjdApNkDTB;
  v_HixVrlK4hG [label="id=399 t=75"];
  v_HixVrlK4hG -> b_HEjdApNkDTB;
  v_HIzCZVNk5qZ [label="id=996 t=75"];
  v_HIzCZVNk5qZ -> b_HEjdApNkDTB;
  v_HEl19AUNiU2 [label="id=60 t=75"];
  v_HEl19AUNiU2 -> b_HEjdApNkDTB;
  v_H0gsB81NOvd [label="id=645 t=75"];
  v_H0gsB81NOvd -> b_HEjdApNkDTB;
  v_H2ib4Ct9K0n [label="id=449 t=75"];
  v_H2ib4Ct9K0n -> b_HEjdApNkDTB;
  v_Hn9c8U1q68V [label="id=503 t=75"];
  v_Hn9c8U1q68V -> b_HEjdApNkDTB;
  v_HvCAFc2WC3W [label="id=197 t=75"];
  v_HvCAFc2WC3W -> b_HEjdApNkDTB;
  v_HWXpd1XCACo [label="id=814 t=75"];
  v_HWXpd1XCACo -> b_HEjdApNkDTB;
  v_HSQTdHQOAXz [label="id=775 t=75"];
  v_HSQTdHQOAXz -> b_HEjdApNkDTB;
  v_HWEkS5sE [label="id=715 t=75"];
  v_HWEkS5sE -> b_HEjdApNkDTB;
  v_HoWFfFbA3N [label="id=630 t=75"];
  v_HoWFfFbA3N -> b_HEjdApNkDTB;
  v_HAg9WyaFAPV [label="id=281 t=75"];
  v_HAg9WyaFAPV -> b_HEjdApNkDTB;
  v_Hjp9FtsE7G [label="id=724 t=75"];
  v_Hjp9FtsE7G -> b_HEjdApNkDTB;
  v_H5vBg5ppk2h [label="id=286 t=75"];
  v_H5vBg5ppk2h -> b_HEjdApNkDTB;
  v_HMPwEbtqttT [label="id=989 t=75"];
  v_HMPwEbtqttT -> b_HEjdApNkDTB;
  v_HilVcOZ4SGt [label="id=682 t=75"];
  v_HilVcOZ4SGt -> b_HEjdApNkDTB;
  v_HgQud5sxIHE [label="id=94 t=75"];
  v_HgQud5sxIHE -> b_HEjdApNkDTB;
}


ALWAYS AWAKE final ledgers: 12 75 12 75 9 58
ALWAYS AWAKE total communication: 4332242 7486
ALWAYS AWAKE blocks communication: 963491 12
ALWAYS AWAKE votes communication: 2028576 7458
ALWAYS AWAKE proposals communication: 1340175 16
