r,n_asleep,n_awake,n_honest_asleep,n_honest_dreamy,n_honest_awake,n_adversary,n_all,party0_ledger_best_length,party0_ledger_best_age,party0_ledger_fast_length,party0_ledger_fast_age,party0_ledger_slow_length,party0_ledger_slow_age,party0_comms_all_size,party0_comms_all_count,party0_comms_proposal_size,party0_comms_proposal_count,party0_comms_piece_block_size,party0_comms_piece_block_count,party0_comms_piece_vote_size,party0_comms_piece_vote_count,party1_ledger_best_length,party1_ledger_best_age,party1_ledger_fast_length,party1_ledger_fast_age,party1_ledger_slow_length,party1_ledger_slow_age,party1_comms_all_size,party1_comms_all_count,party1_comms_proposal_size,party1_comms_proposal_count,party1_comms_piece_block_size,party1_comms_piece_block_count,party1_comms_piece_vote_size,party1_comms_piece_vote_count,party2_ledger_best_length,party2_ledger_best_age,party2_ledger_fast_length,party2_ledger_fast_age,party2_ledger_slow_length,party2_ledger_slow_age,party2_comms_all_size,party2_comms_all_count,party2_comms_proposal_size,party2_comms_proposal_count,party2_comms_piece_block_size,party2_comms_piece_block_count,party2_comms_piece_vote_size,party2_comms_piece_vote_count,party3_ledger_best_length,party3_ledger_best_age,party3_ledger_fast_length,party3_ledger_fast_age,party3_ledger_slow_length,party3_ledger_slow_age,party3_comms_all_size,party3_comms_all_count,party3_comms_proposal_size,party3_comms_proposal_count,party3_comms_piece_block_size,party3_comms_piece_block_count,party3_comms_piece_vote_size,party3_comms_piece_vote_count,party4_ledger_best_length,party4_ledger_best_age,party4_ledger_fast_length,party4_ledger_fast_age,party4_ledger_slow_length,party4_ledger_slow_age,party4_comms_all_size,party4_comms_all_count,party4_comms_proposal_size,party4_comms_proposal_count,party4_comms_piece_block_size,party4_comms_piece_block_count,party4_comms_piece_vote_size,party4_comms_piece_vote_count,partyALWAYSAWAKE_ledger_best_length,partyALWAYSAWAKE_ledger_best_age,partyALWAYSAWAKE_ledger_fast_length,partyALWAYSAWAKE_ledger_fast_age,partyALWAYSAWAKE_ledger_slow_length,partyALWAYSAWAKE_ledger_slow_age,partyALWAYSAWAKE_comms_all_size,partyALWAYSAWAKE_comms_all_count,partyALWAYSAWAKE_comms_proposal_size,partyALWAYSAWAKE_comms_proposal_count,partyALWAYSAWAKE_comms_piece_block_size,partyALWAYSAWAKE_comms_piece_block_count,partyALWAYSAWAKE_comms_piece_vote_size,partyALWAYSAWAKE_comms_piece_vote_count
4,0,1000,0,0,1000,0,1000,0,0,0,0,0,0,0,0,0,0,0,0,0,0,0,0,0,0,0,0,0,0,0,0,0,0,0,0,0,0,0,0,0,0,0,0,0,0,0,0,0,0,0,0,0,0,0,0,0,0,0,0,0,0,0,0,0,0,0,0,0,0,0,0,0,0,0,0,0,0,0,0,0,0,0,0,0,0,0,0,0,0,0,0
5,0,1000,0,0,1000,0,1000,0,0,0,0,0,0,402190,5,402190,5,0,0,0,0,0,0,0,0,0,0,402190,5,402190,5,0,0,0,0,0,0,0,0,0,0,402190,5,402190,5,0,0,0,0,0,0,0,0,0,0,402190,5,402190,5,0,0,0,0,0,0,0,0,0,0,402190,5,402190,5,0,0,0,0,0,0,0,0,0,0,402190,5,402190,5,0,0,0,0
6,0,1000,0,0,1000,0,1000,1,1,1,1,0,0,109938,110,0,0,80290,1,29648,109,1,1,1,1,0,0,109938,110,0,0,80290,1,29648,109,1,1,1,1,0,0,109938,110,0,0,80290,1,29648,109,1,1,1,1,0,0,109938,110,0,0,80290,1,29648,109,1,1,1,1,0,0,109938,110,0,0,80290,1,29648,109,1,1,1,1,0,0,109938,110,0,0,80290,1,29648,109
7,0,1000,0,0,1000,0,1000,1,1,1,1,0,0,0,0,0,0,0,0,0,0,1,1,1,1,0,0,0,0,0,0,0,0,0,0,1,1,1,1,0,0,0,0,0,0,0,0,0,0,1,1,1,1,0,0,0,0,0,0,0,0,0,0,1,1,1,1,0,0,0,0,0,0,0,0,0,0,1,1,1,1,0,0,0,0,0,0,0,0,0,0
8,0,1000,0,0,1000,0,1000,1,1,1,1,0,0,0,0,0,0,0,0,0,0,1,1,1,1,0,0,0,0,0,0,0,0,0,0,1,1,1,1,0,0,0,0,0,0,0,0,0,0,1,1,1,1,0,0,0,0,0,0,0,0,0,0,1,1,1,1,0,0,0,0,0,0,0,0,0,0,1,1,1,1,0,0,0,0,0,0,0,0,0,0
9,0,1000,0,0,1000,0,1000,1,1,1,1,0,0,587481,7,587481,7,0,0,0,0,1,1,1,1,0,0,587481,7,587481,7,0,0,0,0,1,1,1,1,0,0,587481,7,587481,7,0,0,0,0,1,1,1,1,0,0,587481,7,587481,7,0,0,0,0,1,1,1,1,0,0,587481,7,587481,7,0,0,0,0,1,1,1,1,0,0,587481,7,587481,7,0,0,0,0
10,0,1000,0,0,1000,0,1000,2,2,2,2,0,0,105858,95,0,0,80290,1,25568,94,2,2,2,2,0,0,105858,95,0,0,80290,1,25568,94,2,2,2,2,0,0,105858,95,0,0,80290,1,25568,94,2,2,2,2,0,0,105858,95,0,0,80290,1,25568,94,2,2,2,2,0,0,105858,95,0,0,80290,1,25568,94,2,2,2,2,0,0,105858,95,0,0,80290,1,25568,94
11,0,1000,0,0,1000,0,1000,2,2,2,2,0,0,0,0,0,0,0,0,0,0,2,2,2,2,0,0,0,0,0,0,0,0,0,0,2,2,2,2,0,0,0,0,0,0,0,0,0,0,2,2,2,2,0,0,0,0,0,0,0,0,0,0,2,2,2,2,0,0,0,0,0,0,0,0,0,0,2,2,2,2,0,0,0,0,0,0,0,0,0,0
12,0,1000,0,0,1000,0,1000,2,2,2,2,0,0,0,0,0,0,0,0,0,0,2,2,2,2,0,0,0,0,0,0,0,0,0,0,2,2,2,2,0,0,0,0,0,0,0,0,0,0,2,2,2,2,0,0,0,0,0,0,0,0,0,0,2,2,2,2,0,0,0,0,0,0,0,0,0,0,2,2,2,2,0,0,0,0,0,0,0,0,0,0
13,0,1000,0,0,1000,0,1000,2,2,2,2,0,0,500676,6,500676,6,0,0,0,0,2,2,2,2,0,0,500676,6,500676,6,0,0,0,0,2,2,2,2,0,0,500676,6,500676,6,0,0,0,0,2,2,2,2,0,0,500676,6,500676,6,0,0,0,0,2,2,2,2,0,0,500676,6,500676,6,0,0,0,0,2,2,2,2,0,0,500676,6,500676,6,0,0,0,0
14,0,1000,0,0,1000,0,1000,3,3,3,3,0,0,109394,108,0,0,80290,1,29104,107,3,3,3,3,0,0,109394,108,0,0,80290,1,29104,107,3,3,3,3,0,0,109394,108,0,0,80290,1,29104,107,3,3,3,3,0,0,109394,108,0,0,80290,1,29104,107,3,3,3,3,0,0,109394,108,0,0,80290,1,29104,107,3,3,3,3,0,0,109394,108,0,0,80290,1,29104,107
15,0,1000,0,0,1000,0,1000,3,3,3,3,0,0,0,0,0,0,0,0,0,0,3,3,3,3,0,0,0,0,0,0,0,0,0,0,3,3,3,3,0,0,0,0,0,0,0,0,0,0,3,3,3,3,0,0,0,0,0,0,0,0,0,0,3,3,3,3,0,0,0,0,0,0,0,0,0,0,3,3,3,3,0,0,0,0,0,0,0,0,0,0
16,0,1000,0,0,1000,0,1000,3,3,3,3,0,0,0,0,0,0,0,0,0,0,3,3,3,3,0,0,0,0,0,0,0,0,0,0,3,3,3,3,0,0,0,0,0,0,0,0,0,0,3,3,3,3,0,0,0,0,0,0,0,0,0,0,3,3,3,3,0,0,0,0,0,0,0,0,0,0,3,3,3,3,0,0,0,0,0,0,0,0,0,0
17,0,1000,0,0,1000,0,1000,3,3,3,3,0,0,503171,6,503171,6,0,0,0,0,3,3,3,3,0,0,503171,6,503171,6,0,0,0,0,3,3,3,3,0,0,503171,6,503171,6,0,0,0,0,3,3,3,3,0,0,503171,6,503171,6,0,0,0,0,3,3,3,3,0,0,503171,6,503171,6,0,0,0,0,3,3,3,3,0,0,503171,6,503171,6,0,0,0,0
18,0,1000,0,0,1000,0,1000,4,4,4,4,0,0,104770,91,0,0,80290,1,24480,90,4,4,4,4,0,0,104770,91,0,0,80290,1,24480,90,4,4,4,4,0,0,104770,91,0,0,80290,1,24480,90,4,4,4,4,0,0,104770,91,0,0,80290,1,24480,90,4,4,4,4,0,0,104770,91,0,0,80290,1,24480,90,4,4,4,4,0,0,104770,91,0,0,80290,1,24480,90
19,0,1000,0,0,1000,0,1000,4,4,4,4,0,0,0,0,0,0,0,0,0,0,4,4,4,4,0,0,0,0,0,0,0,0,0,0,4,4,4,4,0,0,0,0,0,0,0,0,0,0,4,4,4,4,0,0,0,0,0,0,0,0,0,0,4,4,4,4,0,0,0,0,0,0,0,0,0,0,4,4,4,4,0,0,0,0,0,0,0,0,0,0
20,0,1000,0,0,1000,0,1000,4,4,4,4,0,0,0,0,0,0,0,0,0,0,4,4,4,4,0,0,0,0,0,0,0,0,0,0,4,4,4,4,0,0,0,0,0,0,0,0,0,0,4,4,4,4,0,0,0,0,0,0,0,0,0,0,4,4,4,4,0,0,0,0,0,0,0,0,0,0,4,4,4,4,0,0,0,0,0,0,0,0,0,0
21,0,1000,0,0,1000,0,1000,4,4,4,4,0,0,249953,3,249953,3,0,0,0,0,4,4,4,4,0,0,249953,3,249953,3,0,0,0,0,4,4,4,4,0,0,249953,3,249953,3,0,0,0,0,4,4,4,4,0,0,249953,3,249953,3,0,0,0,0,4,4,4,4,0,0,249953,3,249953,3,0,0,0,0,4,4,4,4,0,0,249953,3,249953,3,0,0,0,0
22,0,1000,0,0,1000,0,1000,5,5,5,5,0,0,109938,110,0,0,80290,1,29648,109,5,5,5,5,0,0,109938,110,0,0,80290,1,29648,109,5,5,5,5,0,0,109938,110,0,0,80290,1,29648,109,5,5,5,5,0,0,109938,110,0,0,80290,1,29648,109,5,5,5,5,0,0,109938,110,0,0,80290,1,29648,109,5,5,5,5,0,0,109938,110,0,0,80290,1,29648,109
23,0,1000,0,0,1000,0,1000,5,5,5,5,0,0,0,0,0,0,0,0,0,0,5,5,5,5,0,0,0,0,0,0,0,0,0,0,5,5,5,5,0,0,0,0,0,0,0,0,0,0,5,5,5,5,0,0,0,0,0,0,0,0,0,0,5,5,5,5,0,0,0,0,0,0,0,0,0,0,5,5,5,5,0,0,0,0,0,0,0,0,0,0
24,0,1000,0,0,1000,0,1000,5,5,5,5,0,0,0,0,0,0,0,0,0,0,5,5,5,5,0,0,0,0,0,0,0,0,0,0,5,5,5,5,0,0,0,0,0,0,0,0,0,0,5,5,5,5,0,0,0,0,0,0,0,0,0,0,5,5,5,5,0,0,0,0,0,0,0,0,0,0,5,5,5,5,0,0,0,0,0,0,0,0,0,0
25,0,1000,0,0,1000,0,1000,5,5,5,5,0,0,671408,8,671408,8,0,0,0,0,5,5,5,5,0,0,671408,8,671408,8,0,0,0,0,5,5,5,5,0,0,671408,8,671408,8,0,0,0,0,5,5,5,5,0,0,671408,8,671408,8,0,0,0,0,5,5,5,5,0,0,671408,8,671408,8,0,0,0,0,5,5,5,5,0,0,671408,8,671408,8,0,0,0,0
26,0,1000,0,0,1000,0,1000,6,6,6,6,0,0,109938,110,0,0,80290,1,29648,109,6,6,6,6,0,0,109938,110,0,0,80290,1,29648,109,6,6,6,6,0,0,109938,110,0,0,80290,1,29648,109,6,6,6,6,0,0,109938,110,0,0,80290,1,29648,109,6,6,6,6,0,0,109938,110,0,0,80290,1,29648,109,6,6,6,6,0,0,109938,110,0,0,80290,1,29648,109
27,0,1000,0,0,1000,0,1000,6,6,6,6,0,0,0,0,0,0,0,0,0,0,6,6,6,6,0,0,0,0,0,0,0,0,0,0,6,6,6,6,0,0,0,0,0,0,0,0,0,0,6,6,6,6,0,0,0,0,0,0,0,0,0,0,6,6,6,6,0,0,0,0,0,0,0,0,0,0,6,6,6,6,0,0,0,0,0,0,0,0,0,0
28,0,1000,0,0,1000,0,1000,6,6,6,6,0,0,0,0,0,0,0,0,0,0,6,6,6,6,0,0,0,0,0,0,0,0,0,0,6,6,6,6,0,0,0,0,0,0,0,0,0,0,6,6,6,6,0,0,0,0,0,0,0,0,0,0,6,6,6,6,0,0,0,0,0,0,0,0,0,0,6,6,6,6,0,0,0,0,0,0,0,0,0,0
29,0,1000,0,0,1000,0,1000,6,6,6,6,0,0,83926,1,83926,1,0,0,0,0,6,6,6,6,0,0,83926,1,83926,1,0,0,0,0,6,6,6,6,0,0,83926,1,83926,1,0,0,0,0,6,6,6,6,0,0,83926,1,83926,1,0,0,0,0,6,6,6,6,0,0,83926,1,83926,1,0,0,0,0,6,6,6,6,0,0,83926,1,83926,1,0,0,0,0
30,0,1000,0,0,1000,0,1000,7,7,7,7,0,0,109122,107,0,0,80290,1,28832,106,7,7,7,7,0,0,109122,107,0,0,80290,1,28832,106,7,7,7,7,0,0,109122,107,0,0,80290,1,28832,106,7,7,7,7,0,0,109122,107,0,0,80290,1,28832,106,7,7,7,7,0,0,109122,107,0,0,80290,1,28832,106,7,7,7,7,0,0,109122,107,0,0,80290,1,28832,106
31,0,1000,0,0,1000,0,1000,7,7,7,7,0,0,0,0,0,0,0,0,0,0,7,7,7,7,0,0,0,0,0,0,0,0,0,0,7,7,7,7,0,0,0,0,0,0,0,0,0,0,7,7,7,7,0,0,0,0,0,0,0,0,0,0,7,7,7,7,0,0,0,0,0,0,0,0,0,0,7,7,7,7,0,0,0,0,0,0,0,0,0,0
32,0,1000,0,0,1000,0,1000,7,7,7,7,0,0,0,0,0,0,0,0,0,0,7,7,7,7,0,0,0,0,0,0,0,0,0,0,7,7,7,7,0,0,0,0,0,0,0,0,0,0,7,7,7,7,0,0,0,0,0,0,0,0,0,0,7,7,7,7,0,0,0,0,0,0,0,0,0,0,7,7,7,7,0,0,0,0,0,0,0,0,0,0
33,0,1000,0,0,1000,0,1000,7,7,7,7,0,0,335320,4,335320,4,0,0,0,0,7,7,7,7,0,0,335320,4,335320,4,0,0,0,0,7,7,7,7,0,0,335320,4,335320,4,0,0,0,0,7,7,7,7,0,0,335320,4,335320,4,0,0,0,0,7,7,7,7,0,0,335320,4,335320,4,0,0,0,0,7,7,7,7,0,0,335320,4,335320,4,0,0,0,0
34,0,1000,0,0,1000,0,1000,8,8,8,8,0,0,106946,99,0,0,80290,1,26656,98,8,8,8,8,0,0,106946,99,0,0,80290,1,26656,98,8,8,8,8,0,0,106946,99,0,0,80290,1,26656,98,8,8,8,8,0,0,106946,99,0,0,80290,1,26656,98,8,8,8,8,0,0,106946,99,0,0,80290,1,26656,98,8,8,8,8,0,0,106946,99,0,0,80290,1,26656,98
35,0,1000,0,0,1000,0,1000,8,8,8,8,0,0,0,0,0,0,0,0,0,0,8,8,8,8,0,0,0,0,0,0,0,0,0,0,8,8,8,8,0,0,0,0,0,0,0,0,0,0,8,8,8,8,0,0,0,0,0,0,0,0,0,0,8,8,8,8,0,0,0,0,0,0,0,0,0,0,8,8,8,8,0,0,0,0,0,0,0,0,0,0
36,0,1000,0,0,1000,0,1000,8,8,8,8,0,0,0,0,0,0,0,0,0,0,8,8,8,8,0,0,0,0,0,0,0,0,0,0,8,8,8,8,0,0,0,0,0,0,0,0,0,0,8,8,8,8,0,0,0,0,0,0,0,0,0,0,8,8,8,8,0,0,0,0,0,0,0,0,0,0,8,8,8,8,0,0,0,0,0,0,0,0,0,0
37,0,1000,0,0,1000,0,1000,8,8,8,8,0,0,250722,3,250722,3,0,0,0,0,8,8,8,8,0,0,250722,3,250722,3,0,0,0,0,8,8,8,8,0,0,250722,3,250722,3,0,0,0,0,8,8,8,8,0,0,250722,3,250722,3,0,0,0,0,8,8,8,8,0,0,250722,3,250722,3,0,0,0,0,8,8,8,8,0,0,250722,3,250722,3,0,0,0,0
38,0,1000,0,0,1000,0,1000,9,9,9,9,0,0,109938,110,0,0,80290,1,29648,109,9,9,9,9,0,0,109938,110,0,0,80290,1,29648,109,9,9,9,9,0,0,109938,110,0,0,80290,1,29648,109,9,9,9,9,0,0,109938,110,0,0,80290,1,29648,109,9,9,9,9,0,0,109938,110,0,0,80290,1,29648,109,9,9,9,9,0,0,109938,110,0,0,80290,1,29648,109
39,0,1000,0,0,1000,0,1000,9,9,9,9,0,0,0,0,0,0,0,0,0,0,9,9,9,9,0,0,0,0,0,0,0,0,0,0,9,9,9,9,0,0,0,0,0,0,0,0,0,0,9,9,9,9,0,0,0,0,0,0,0,0,0,0,9,9,9,9,0,0,0,0,0,0,0,0,0,0,9,9,9,9,0,0,0,0,0,0,0,0,0,0
40,0,1000,0,0,1000,0,1000,9,9,9,9,0,0,0,0,0,0,0,0,0,0,9,9,9,9,0,0,0,0,0,0,0,0,0,0,9,9,9,9,0,0,0,0,0,0,0,0,0,0,9,9,9,9,0,0,0,0,0,0,0,0,0,0,9,9,9,9,0,0,0,0,0,0,0,0,0,0,9,9,9,9,0,0,0,0,0,0,0,0,0,0
41,0,1000,0,0,1000,0,1000,9,9,9,9,0,0,587487,7,587487,7,0,0,0,0,9,9,9,9,0,0,587487,7,587487,7,0,0,0,0,9,9,9,9,0,0,587487,7,587487,7,0,0,0,0,9,9,9,9,0,0,587487,7,587487,7,0,0,0,0,9,9,9,9,0,0,587487,7,587487,7,0,0,0,0,9,9,9,9,0,0,587487,7,587487,7,0,0,0,0
42,0,1000,0,0,1000,0,1000,10,10,10,10,0,0,106403,97,0,0,80291,1,26112,96,10,10,10,10,0,0,106403,97,0,0,80291,1,26112,96,10,10,10,10,0,0,106403,97,0,0,80291,1,26112,96,10,10,10,10,0,0,106403,97,0,0,80291,1,26112,96,10,10,10,10,0,0,106403,97,0,0,80291,1,26112,96,10,10,10,10,0,0,106403,97,0,0,80291,1,26112,96
43,0,1000,0,0,1000,0,1000,10,10,10,10,0,0,0,0,0,0,0,0,0,0,10,10,10,10,0,0,0,0,0,0,0,0,0,0,10,10,10,10,0,0,0,0,0,0,0,0,0,0,10,10,10,10,0,0,0,0,0,0,0,0,0,0,10,10,10,10,0,0,0,0,0,0,0,0,0,0,10,10,10,10,0,0,0,0,0,0,0,0,0,0
44,0,1000,0,0,1000,0,1000,10,10,10,10,0,0,0,0,0,0,0,0,0,0,10,10,10,10,0,0,0,0,0,0,0,0,0,0,10,10,10,10,0,0,0,0,0,0,0,0,0,0,10,10,10,10,0,0,0,0,0,0,0,0,0,0,10,10,10,10,0,0,0,0,0,0,0,0,0,0,10,10,10,10,0,0,0,0,0,0,0,0,0,0
45,0,1000,0,0,1000,0,1000,10,10,10,10,0,0,501065,6,501065,6,0,0,0,0,10,10,10,10,0,0,501065,6,501065,6,0,0,0,0,10,10,10,10,0,0,501065,6,501065,6,0,0,0,0,10,10,10,10,0,0,501065,6,501065,6,0,0,0,0,10,10,10,10,0,0,501065,6,501065,6,0,0,0,0,10,10,10,10,0,0,501065,6,501065,6,0,0,0,0
46,0,1000,0,0,1000,0,1000,11,11,11,11,0,0,109938,110,0,0,80290,1,29648,109,11,11,11,11,0,0,109938,110,0,0,80290,1,29648,109,11,11,11,11,0,0,109938,110,0,0,80290,1,29648,109,11,11,11,11,0,0,109938,110,0,0,80290,1,29648,109,11,11,11,11,0,0,109938,110,0,0,80290,1,29648,109,11,11,11,11,0,0,109938,110,0,0,80290,1,29648,109
47,0,1000,0,0,1000,0,1000,11,11,11,11,1,1,0,0,0,0,0,0,0,0,11,11,11,11,1,1,0,0,0,0,0,0,0,0,11,11,11,11,1,1,0,0,0,0,0,0,0,0,11,11,11,11,1,1,0,0,0,0,0,0,0,0,11,11,11,11,1,1,0,0,0,0,0,0,0,0,11,11,11,11,1,1,0,0,0,0,0,0,0,0
48,0,1000,0,0,1000,0,1000,11,11,11,11,1,1,0,0,0,0,0,0,0,0,11,11,11,11,1,1,0,0,0,0,0,0,0,0,11,11,11,11,1,1,0,0,0,0,0,0,0,0,11,11,11,11,1,1,0,0,0,0,0,0,0,0,11,11,11,11,1,1,0,0,0,0,0,0,0,0,11,11,11,11,1,1,0,0,0,0,0,0,0,0
49,0,1000,0,0,1000,0,1000,11,11,11,11,1,1,419635,5,419635,5,0,0,0,0,11,11,11,11,1,1,419635,5,419635,5,0,0,0,0,11,11,11,11,1,1,419635,5,419635,5,0,0,0,0,11,11,11,11,1,1,419635,5,419635,5,0,0,0,0,11,11,11,11,1,1,419635,5,419635,5,0,0,0,0,11,11,11,11,1,1,419635,5,419635,5,0,0,0,0
50,0,1000,0,0,1000,0,1000,12,12,12,12,1,1,111571,116,0,0,80291,1,31280,115,12,12,12,12,1,1,111571,116,0,0,80291,1,31280,115,12,12,12,12,1,1,111571,116,0,0,80291,1,31280,115,12,12,12,12,1,1,111571,116,0,0,80291,1,31280,115,12,12,12,12,1,1,111571,116,0,0,80291,1,31280,115,12,12,12,12,1,1,111571,116,0,0,80291,1,31280,115
51,0,1000,0,0,1000,0,1000,12,12,12,12,2,2,0,0,0,0,0,0,0,0,12,12,12,12,2,2,0,0,0,0,0,0,0,0,12,12,12,12,2,2,0,0,0,0,0,0,0,0,12,12,12,12,2,2,0,0,0,0,0,0,0,0,12,12,12,12,2,2,0,0,0,0,0,0,0,0,12,12,12,12,2,2,0,0,0,0,0,0,0,0
52,0,1000,0,0,1000,0,1000,12,12,12,12,2,2,0,0,0,0,0,0,0,0,12,12,12,12,2,2,0,0,0,0,0,0,0,0,12,12,12,12,2,2,0,0,0,0,0,0,0,0,12,12,12,12,2,2,0,0,0,0,0,0,0,0,12,12,12,12,2,2,0,0,0,0,0,0,0,0,12,12,12,12,2,2,0,0,0,0,0,0,0,0
53,0,1000,0,0,1000,0,1000,12,12,12,12,2,2,420594,5,420594,5,0,0,0,0,12,12,12,12,2,2,420594,5,420594,5,0,0,0,0,12,12,12,12,2,2,420594,5,420594,5,0,0,0,0,12,12,12,12,2,2,420594,5,420594,5,0,0,0,0,12,12,12,12,2,2,420594,5,420594,5,0,0,0,0,12,12,12,12,2,2,420594,5,420594,5,0,0,0,0
54,0,1000,0,0,1000,0,1000,13,13,13,13,2,2,103955,88,0,0,80291,1,23664,87,13,13,13,13,2,2,103955,88,0,0,80291,1,23664,87,13,13,13,13,2,2,103955,88,0,0,80291,1,23664,87,13,13,13,13,2,2,103955,88,0,0,80291,1,23664,87,13,13,13,13,2,2,103955,88,0,0,80291,1,23664,87,13,13,13,13,2,2,103955,88,0,0,80291,1,23664,87
55,0,1000,0,0,1000,0,1000,13,13,13,13,3,3,0,0,0,0,0,0,0,0,13,13,13,13,3,3,0,0,0,0,0,0,0,0,13,13,13,13,3,3,0,0,0,0,0,0,0,0,13,13,13,13,3,3,0,0,0,0,0,0,0,0,13,13,13,13,3,3,0,0,0,0,0,0,0,0,13,13,13,13,3,3,0,0,0,0,0,0,0,0
56,0,1000,0,0,1000,0,1000,13,13,13,13,3,3,0,0,0,0,0,0,0,0,13,13,13,13,3,3,0,0,0,0,0,0,0,0,13,13,13,13,3,3,0,0,0,0,0,0,0,0,13,13,13,13,3,3,0,0,0,0,0,0,0,0,13,13,13,13,3,3,0,0,0,0,0,0,0,0,13,13,13,13,3,3,0,0,0,0,0,0,0,0
57,0,1000,0,0,1000,0,1000,13,13,13,13,3,3,582561,7,582561,7,0,0,0,0,13,13,13,13,3,3,582561,7,582561,7,0,0,0,0,13,13,13,13,3,3,582561,7,582561,7,0,0,0,0,13,13,13,13,3,3,582561,7,582561,7,0,0,0,0,13,13,13,13,3,3,582561,7,582561,7,0,0,0,0,13,13,13,13,3,3,582561,7,582561,7,0,0,0,0
58,0,1000,0,0,1000,0,1000,14,14,14,14,3,3,109123,107,0,0,80291,1,28832,106,14,14,14,14,3,3,109123,107,0,0,80291,1,28832,106,14,14,14,14,3,3,109123,107,0,0,80291,1,28832,106,14,14,14,14,3,3,109123,107,0,0,80291,1,28832,106,14,14,14,14,3,3,109123,107,0,0,80291,1,28832,106,14,14,14,14,3,3,109123,107,0,0,80291,1,28832,106
59,0,1000,0,0,1000,0,1000,14,14,14,14,4,4,0,0,0,0,0,0,0,0,14,14,14,14,4,4,0,0,0,0,0,0,0,0,14,14,14,14,4,4,0,0,0,0,0,0,0,0,14,14,14,14,4,4,0,0,0,0,0,0,0,0,14,14,14,14,4,4,0,0,0,0,0,0,0,0,14,14,14,14,4,4,0,0,0,0,0,0,0,0
60,0,1000,0,0,1000,0,1000,14,14,14,14,4,4,0,0,0,0,0,0,0,0,14,14,14,14,4,4,0,0,0,0,0,0,0,0,14,14,14,14,4,4,0,0,0,0,0,0,0,0,14,14,14,14,4,4,0,0,0,0,0,0,0,0,14,14,14,14,4,4,0,0,0,0,0,0,0,0,14,14,14,14,4,4,0,0,0,0,0,0,0,0
61,0,1000,0,0,1000,0,1000,14,14,14,14,4,4,502986,6,502986,6,0,0,0,0,14,14,14,14,4,4,502986,6,502986,6,0,0,0,0,14,14,14,14,4,4,502986,6,502986,6,0,0,0,0,14,14,14,14,4,4,502986,6,502986,6,0,0,0,0,14,14,14,14,4,4,502986,6,502986,6,0,0,0,0,14,14,14,14,4,4,502986,6,502986,6,0,0,0,0
62,0,1000,0,0,1000,0,1000,15,15,15,15,4,4,104499,90,0,0,80291,1,24208,89,15,15,15,15,4,4,104499,90,0,0,80291,1,24208,89,15,15,15,15,4,4,104499,90,0,0,80291,1,24208,89,15,15,15,15,4,4,104499,90,0,0,80291,1,24208,89,15,15,15,15,4,4,104499,90,0,0,80291,1,24208,89,15,15,15,15,4,4,104499,90,0,0,80291,1,24208,89
63,0,1000,0,0,1000,0,1000,15,15,15,15,5,5,0,0,0,0,0,0,0,0,15,15,15,15,5,5,0,0,0,0,0,0,0,0,15,15,15,15,5,5,0,0,0,0,0,0,0,0,15,15,15,15,5,5,0,0,0,0,0,0,0,0,15,15,15,15,5,5,0,0,0,0,0,0,0,0,15,15,15,15,5,5,0,0,0,0,0,0,0,0
64,0,1000,0,0,1000,0,1000,15,15,15,15,5,5,0,0,0,0,0,0,0,0,15,15,15,15,5,5,0,0,0,0,0,0,0,0,15,15,15,15,5,5,0,0,0,0,0,0,0,0,15,15,15,15,5,5,0,0,0,0,0,0,0,0,15,15,15,15,5,5,0,0,0,0,0,0,0,0,15,15,15,15,5,5,0,0,0,0,0,0,0,0
65,800,200,800,0,200,0,1000,15,15,15,15,5,5,416435,5,416435,5,0,0,0,0,15,15,15,15,5,5,416435,5,416435,5,0,0,0,0,15,15,15,15,5,5,416435,5,416435,5,0,0,0,0,15,15,15,15,5,5,416435,5,416435,5,0,0,0,0,15,15,15,15,5,5,416435,5,416435,5,0,0,0,0,15,15,15,15,5,5,416435,5,416435,5,0,0,0,0
66,800,200,800,0,200,0,1000,15,15,15,15,5,5,86547,24,0,0,80291,1,6256,23,15,15,15,15,5,5,86547,24,0,0,80291,1,6256,23,15,15,15,15,5,5,86547,24,0,0,80291,1,6256,23,15,15,15,15,5,5,86547,24,0,0,80291,1,6256,23,15,15,15,15,5,5,86547,24,0,0,80291,1,6256,23,15,15,15,15,5,5,86547,24,0,0,80291,1,6256,23
67,800,200,800,0,200,0,1000,15,15,15,15,5,5,0,0,0,0,0,0,0,0,15,15,15,15,5,5,0,0,0,0,0,0,0,0,15,15,15,15,5,5,0,0,0,0,0,0,0,0,15,15,15,15,5,5,0,0,0,0,0,0,0,0,15,15,15,15,5,5,0,0,0,0,0,0,0,0,15,15,15,15,6,6,0,0,0,0,0,0,0,0
68,800,200,800,0,200,0,1000,15,15,15,15,5,5,0,0,0,0,0,0,0,0,15,15,15,15,5,5,0,0,0,0,0,0,0,0,15,15,15,15,5,5,0,0,0,0,0,0,0,0,15,15,15,15,5,5,0,0,0,0,0,0,0,0,15,15,15,15,5,5,0,0,0,0,0,0,0,0,15,15,15,15,6,6,0,0,0,0,0,0,0,0
69,800,200,800,0,200,0,1000,15,15,15,15,5,5,162350,2,162350,2,0,0,0,0,15,15,15,15,5,5,162350,2,162350,2,0,0,0,0,15,15,15,15,5,5,162350,2,162350,2,0,0,0,0,15,15,15,15,5,5,162350,2,162350,2,0,0,0,0,15,15,15,15,5,5,162350,2,162350,2,0,0,0,0,15,15,15,15,6,6,162350,2,162350,2,0,0,0,0
70,800,200,800,0,200,0,1000,15,15,15,15,5,5,87091,26,0,0,80291,1,6800,25,15,15,15,15,5,5,87091,26,0,0,80291,1,6800,25,15,15,15,15,5,5,87091,26,0,0,80291,1,6800,25,15,15,15,15,5,5,87091,26,0,0,80291,1,6800,25,15,15,15,15,5,5,87091,26,0,0,80291,1,6800,25,15,15,15,15,6,6,87091,26,0,0,80291,1,6800,25
71,800,200,800,0,200,0,1000,15,15,15,15,5,5,0,0,0,0,0,0,0,0,15,15,15,15,5,5,0,0,0,0,0,0,0,0,15,15,15,15,5,5,0,0,0,0,0,0,0,0,15,15,15,15,5,5,0,0,0,0,0,0,0,0,15,15,15,15,5,5,0,0,0,0,0,0,0,0,15,15,15,15,7,7,0,0,0,0,0,0,0,0
72,800,200,800,0,200,0,1000,15,15,15,15,5,5,0,0,0,0,0,0,0,0,15,15,15,15,5,5,0,0,0,0,0,0,0,0,15,15,15,15,5,5,0,0,0,0,0,0,0,0,15,15,15,15,5,5,0,0,0,0,0,0,0,0,15,15,15,15,5,5,0,0,0,0,0,0,0,0,15,15,15,15,7,7,0,0,0,0,0,0,0,0
73,800,200,800,0,200,0,1000,15,15,15,15,5,5,81238,1,81238,1,0,0,0,0,15,15,15,15,5,5,81238,1,81238,1,0,0,0,0,15,15,15,15,5,5,81238,1,81238,1,0,0,0,0,15,15,15,15,5,5,81238,1,81238,1,0,0,0,0,15,15,15,15,5,5,81238,1,81238,1,0,0,0,0,15,15,15,15,7,7,81238,1,81238,1,0,0,0,0
74,800,200,800,0,200,0,1000,15,15,15,15,5,5,84098,15,0,0,80290,1,3808,14,15,15,15,15,5,5,84098,15,0,0,80290,1,3808,14,15,15,15,15,5,5,84098,15,0,0,80290,1,3808,14,15,15,15,15,5,5,84098,15,0,0,80290,1,3808,14,15,15,15,15,5,5,84098,15,0,0,80290,1,3808,14,15,15,15,15,7,7,84098,15,0,0,80290,1,3808,14
75,800,200,800,0,200,0,1000,15,15,15,15,5,5,0,0,0,0,0,0,0,0,15,15,15,15,5,5,0,0,0,0,0,0,0,0,15,15,15,15,5,5,0,0,0,0,0,0,0,0,15,15,15,15,5,5,0,0,0,0,0,0,0,0,15,15,15,15,5,5,0,0,0,0,0,0,0,0,15,15,15,15,8,8,0,0,0,0,0,0,0,0
76,800,200,800,0,200,0,1000,15,15,15,15,5,5,0,0,0,0,0,0,0,0,15,15,15,15,5,5,0,0,0,0,0,0,0,0,15,15,15,15,5,5,0,0,0,0,0,0,0,0,15,15,15,15,5,5,0,0,0,0,0,0,0,0,15,15,15,15,5,5,0,0,0,0,0,0,0,0,15,15,15,15,8,8,0,0,0,0,0,0,0,0
77,800,200,800,0,200,0,1000,15,15,15,15,5,5,80887,1,80887,1,0,0,0,0,15,15,15,15,5,5,80887,1,80887,1,0,0,0,0,15,15,15,15,5,5,80887,1,80887,1,0,0,0,0,15,15,15,15,5,5,80887,1,80887,1,0,0,0,0,15,15,15,15,5,5,80887,1,80887,1,0,0,0,0,15,15,15,15,8,8,80887,1,80887,1,0,0,0,0
78,800,200,800,0,200,0,1000,15,15,15,15,5,5,85187,19,0,0,80291,1,4896,18,15,15,15,15,5,5,85187,19,0,0,80291,1,4896,18,15,15,15,15,5,5,85187,19,0,0,80291,1,4896,18,15,15,15,15,5,5,85187,19,0,0,80291,1,4896,18,15,15,15,15,5,5,85187,19,0,0,80291,1,4896,18,15,15,15,15,8,8,85187,19,0,0,80291,1,4896,18
79,800,200,800,0,200,0,1000,15,15,15,15,5,5,0,0,0,0,0,0,0,0,15,15,15,15,5,5,0,0,0,0,0,0,0,0,15,15,15,15,5,5,0,0,0,0,0,0,0,0,15,15,15,15,5,5,0,0,0,0,0,0,0,0,15,15,15,15,5,5,0,0,0,0,0,0,0,0,15,15,15,15,9,9,0,0,0,0,0,0,0,0
80,800,200,800,0,200,0,1000,15,15,15,15,5,5,0,0,0,0,0,0,0,0,15,15,15,15,5,5,0,0,0,0,0,0,0,0,15,15,15,15,5,5,0,0,0,0,0,0,0,0,15,15,15,15,5,5,0,0,0,0,0,0,0,0,15,15,15,15,5,5,0,0,0,0,0,0,0,0,15,15,15,15,9,9,0,0,0,0,0,0,0,0
81,800,200,800,0,200,0,1000,15,15,15,15,5,5,0,0,0,0,0,0,0,0,15,15,15,15,5,5,0,0,0,0,0,0,0,0,15,15,15,15,5,5,0,0,0,0,0,0,0,0,15,15,15,15,5,5,0,0,0,0,0,0,0,0,15,15,15,15,5,5,0,0,0,0,0,0,0,0,15,15,15,15,9,9,0,0,0,0,0,0,0,0
82,800,200,800,0,200,0,1000,15,15,15,15,5,5,4080,15,0,0,0,0,4080,15,15,15,15,15,5,5,4080,15,0,0,0,0,4080,15,15,15,15,15,5,5,4080,15,0,0,0,0,4080,15,15,15,15,15,5,5,4080,15,0,0,0,0,4080,15,15,15,15,15,5,5,4080,15,0,0,0,0,4080,15,15,15,15,15,9,9,4080,15,0,0,0,0,4080,15
83,800,200,800,0,200,0,1000,15,15,15,15,5,5,0,0,0,0,0,0,0,0,15,15,15,15,5,5,0,0,0,0,0,0,0,0,15,15,15,15,5,5,0,0,0,0,0,0,0,0,15,15,15,15,5,5,0,0,0,0,0,0,0,0,15,15,15,15,5,5,0,0,0,0,0,0,0,0,15,15,15,15,10,10,0,0,0,0,0,0,0,0
84,800,200,800,0,200,0,1000,15,15,15,15,5,5,0,0,0,0,0,0,0,0,15,15,15,15,5,5,0,0,0,0,0,0,0,0,15,15,15,15,5,5,0,0,0,0,0,0,0,0,15,15,15,15,5,5,0,0,0,0,0,0,0,0,15,15,15,15,5,5,0,0,0,0,0,0,0,0,15,15,15,15,10,10,0,0,0,0,0,0,0,0
85,800,200,800,0,200,0,1000,15,15,15,15,5,5,80918,1,80918,1,0,0,0,0,15,15,15,15,5,5,80918,1,80918,1,0,0,0,0,15,15,15,15,5,5,80918,1,80918,1,0,0,0,0,15,15,15,15,5,5,80918,1,80918,1,0,0,0,0,15,15,15,15,5,5,80918,1,80918,1,0,0,0,0,15,15,15,15,10,10,80918,1,80918,1,0,0,0,0
86,800,200,800,0,200,0,1000,15,15,15,15,5,5,86274,23,0,0,80290,1,5984,22,15,15,15,15,5,5,86274,23,0,0,80290,1,5984,22,15,15,15,15,5,5,86274,23,0,0,80290,1,5984,22,15,15,15,15,5,5,86274,23,0,0,80290,1,5984,22,15,15,15,15,5,5,86274,23,0,0,80290,1,5984,22,15,15,15,15,10,10,86274,23,0,0,80290,1,5984,22
87,800,200,800,0,200,0,1000,15,15,15,15,5,5,0,0,0,0,0,0,0,0,15,15,15,15,5,5,0,0,0,0,0,0,0,0,15,15,15,15,5,5,0,0,0,0,0,0,0,0,15,15,15,15,5,5,0,0,0,0,0,0,0,0,15,15,15,15,5,5,0,0,0,0,0,0,0,0,15,15,15,15,11,11,0,0,0,0,0,0,0,0
88,800,200,800,0,200,0,1000,15,15,15,15,5,5,0,0,0,0,0,0,0,0,15,15,15,15,5,5,0,0,0,0,0,0,0,0,15,15,15,15,5,5,0,0,0,0,0,0,0,0,15,15,15,15,5,5,0,0,0,0,0,0,0,0,15,15,15,15,5,5,0,0,0,0,0,0,0,0,15,15,15,15,11,11,0,0,0,0,0,0,0,0
89,800,200,800,0,200,0,1000,15,15,15,15,5,5,0,0,0,0,0,0,0,0,15,15,15,15,5,5,0,0,0,0,0,0,0,0,15,15,15,15,5,5,0,0,0,0,0,0,0,0,15,15,15,15,5,5,0,0,0,0,0,0,0,0,15,15,15,15,5,5,0,0,0,0,0,0,0,0,15,15,15,15,11,11,0,0,0,0,0,0,0,0
90,800,200,800,0,200,0,1000,15,15,15,15,5,5,4352,16,0,0,0,0,4352,16,15,15,15,15,5,5,4352,16,0,0,0,0,4352,16,15,15,15,15,5,5,4352,16,0,0,0,0,4352,16,15,15,15,15,5,5,4352,16,0,0,0,0,4352,16,15,15,15,15,5,5,4352,16,0,0,0,0,4352,16,15,15,15,15,11,11,4352,16,0,0,0,0,4352,16
91,800,200,800,0,200,0,1000,15,15,15,15,5,5,0,0,0,0,0,0,0,0,15,15,15,15,5,5,0,0,0,0,0,0,0,0,15,15,15,15,5,5,0,0,0,0,0,0,0,0,15,15,15,15,5,5,0,0,0,0,0,0,0,0,15,15,15,15,5,5,0,0,0,0,0,0,0,0,15,15,15,15,12,12,0,0,0,0,0,0,0,0
92,800,200,800,0,200,0,1000,15,15,15,15,5,5,0,0,0,0,0,0,0,0,15,15,15,15,5,5,0,0,0,0,0,0,0,0,15,15,15,15,5,5,0,0,0,0,0,0,0,0,15,15,15,15,5,5,0,0,0,0,0,0,0,0,15,15,15,15,5,5,0,0,0,0,0,0,0,0,15,15,15,15,12,12,0,0,0,0,0,0,0,0
93,800,200,800,0,200,0,1000,15,15,15,15,5,5,161902,2,161902,2,0,0,0,0,15,15,15,15,5,5,161902,2,161902,2,0,0,0,0,15,15,15,15,5,5,161902,2,161902,2,0,0,0,0,15,15,15,15,5,5,161902,2,161902,2,0,0,0,0,15,15,15,15,5,5,161902,2,161902,2,0,0,0,0,15,15,15,15,12,12,161902,2,161902,2,0,0,0,0
94,800,200,800,0,200,0,1000,15,15,15,15,5,5,84371,16,0,0,80291,1,4080,15,15,15,15,15,5,5,84371,16,0,0,80291,1,4080,15,15,15,15,15,5,5,84371,16,0,0,80291,1,4080,15,15,15,15,15,5,5,84371,16,0,0,80291,1,4080,15,15,15,15,15,5,5,84371,16,0,0,80291,1,4080,15,15,15,15,15,12,12,84371,16,0,0,80291,1,4080,15
95,800,200,800,0,200,0,1000,15,15,15,15,5,5,0,0,0,0,0,0,0,0,15,15,15,15,5,5,0,0,0,0,0,0,0,0,15,15,15,15,5,5,0,0,0,0,0,0,0,0,15,15,15,15,5,5,0,0,0,0,0,0,0,0,15,15,15,15,5,5,0,0,0,0,0,0,0,0,15,15,15,15,13,13,0,0,0,0,0,0,0,0
96,800,200,800,0,200,0,1000,15,15,15,15,5,5,0,0,0,0,0,0,0,0,15,15,15,15,5,5,0,0,0,0,0,0,0,0,15,15,15,15,5,5,0,0,0,0,0,0,0,0,15,15,15,15,5,5,0,0,0,0,0,0,0,0,15,15,15,15,5,5,0,0,0,0,0,0,0,0,15,15,15,15,13,13,0,0,0,0,0,0,0,0
97,800,200,800,0,200,0,1000,15,15,15,15,5,5,161838,2,161838,2,0,0,0,0,15,15,15,15,5,5,161838,2,161838,2,0,0,0,0,15,15,15,15,5,5,161838,2,161838,2,0,0,0,0,15,15,15,15,5,5,161838,2,161838,2,0,0,0,0,15,15,15,15,5,5,161838,2,161838,2,0,0,0,0,15,15,15,15,13,13,161838,2,161838,2,0,0,0,0
98,800,200,800,0,200,0,1000,15,15,15,15,5,5,86003,22,0,0,80291,1,5712,21,15,15,15,15,5,5,86003,22,0,0,80291,1,5712,21,15,15,15,15,5,5,86003,22,0,0,80291,1,5712,21,15,15,15,15,5,5,86003,22,0,0,80291,1,5712,21,15,15,15,15,5,5,86003,22,0,0,80291,1,5712,21,15,15,15,15,13,13,86003,22,0,0,80291,1,5712,21
99,800,200,800,0,200,0,1000,15,15,15,15,5,5,0,0,0,0,0,0,0,0,15,15,15,15,5,5,0,0,0,0,0,0,0,0,15,15,15,15,5,5,0,0,0,0,0,0,0,0,15,15,15,15,5,5,0,0,0,0,0,0,0,0,15,15,15,15,5,5,0,0,0,0,0,0,0,0,15,15,15,15,14,14,0,0,0,0,0,0,0,0
100,800,200,800,0,200,0,1000,15,15,15,15,5,5,0,0,0,0,0,0,0,0,15,15,15,15,5,5,0,0,0,0,0,0,0,0,15,15,15,15,5,5,0,0,0,0,0,0,0,0,15,15,15,15,5,5,0,0,0,0,0,0,0,0,15,15,15,15,5,5,0,0,0,0,0,0,0,0,15,15,15,15,14,14,0,0,0,0,0,0,0,0
101,800,200,800,0,200,0,1000,15,15,15,15,5,5,0,0,0,0,0,0,0,0,15,15,15,15,5,5,0,0,0,0,0,0,0,0,15,15,15,15,5,5,0,0,0,0,0,0,0,0,15,15,15,15,5,5,0,0,0,0,0,0,0,0,15,15,15,15,5,5,0,0,0,0,0,0,0,0,15,15,15,15,14,14,0,0,0,0,0,0,0,0
102,800,200,800,0,200,0,1000,15,15,15,15,5,5,6256,23,0,0,0,0,6256,23,15,15,15,15,5,5,6256,23,0,0,0,0,6256,23,15,15,15,15,5,5,6256,23,0,0,0,0,6256,23,15,15,15,15,5,5,6256,23,0,0,0,0,6256,23,15,15,15,15,5,5,6256,23,0,0,0,0,6256,23,15,15,15,15,14,14,6256,23,0,0,0,0,6256,23
103,800,200,800,0,200,0,1000,15,15,15,15,5,5,0,0,0,0,0,0,0,0,15,15,15,15,5,5,0,0,0,0,0,0,0,0,15,15,15,15,5,5,0,0,0,0,0,0,0,0,15,15,15,15,5,5,0,0,0,0,0,0,0,0,15,15,15,15,5,5,0,0,0,0,0,0,0,0,15,15,15,15,15,15,0,0,0,0,0,0,0,0
104,800,200,800,0,200,0,1000,15,15,15,15,5,5,0,0,0,0,0,0,0,0,15,15,15,15,5,5,0,0,0,0,0,0,0,0,15,15,15,15,5,5,0,0,0,0,0,0,0,0,15,15,15,15,5,5,0,0,0,0,0,0,0,0,15,15,15,15,5,5,0,0,0,0,0,0,0,0,15,15,15,15,15,15,0,0,0,0,0,0,0,0
105,800,200,800,0,200,0,1000,15,15,15,15,5,5,81174,1,81174,1,0,0,0,0,15,15,15,15,5,5,81174,1,81174,1,0,0,0,0,15,15,15,15,5,5,81174,1,81174,1,0,0,0,0,15,15,15,15,5,5,81174,1,81174,1,0,0,0,0,15,15,15,15,5,5,81174,1,81174,1,0,0,0,0,15,15,15,15,15,15,81174,1,81174,1,0,0,0,0
106,800,200,800,0,200,0,1000,15,15,15,15,5,5,86274,23,0,0,80290,1,5984,22,15,15,15,15,5,5,86274,23,0,0,80290,1,5984,22,15,15,15,15,5,5,86274,23,0,0,80290,1,5984,22,15,15,15,15,5,5,86274,23,0,0,80290,1,5984,22,15,15,15,15,5,5,86274,23,0,0,80290,1,5984,22,15,15,15,15,15,15,86274,23,0,0,80290,1,5984,22
107,800,200,800,0,200,0,1000,15,15,15,15,5,5,0,0,0,0,0,0,0,0,15,15,15,15,5,5,0,0,0,0,0,0,0,0,15,15,15,15,5,5,0,0,0,0,0,0,0,0,15,15,15,15,5,5,0,0,0,0,0,0,0,0,15,15,15,15,5,5,0,0,0,0,0,0,0,0,16,16,15,15,16,16,0,0,0,0,0,0,0,0
108,800,200,800,0,200,0,1000,15,15,15,15,5,5,0,0,0,0,0,0,0,0,15,15,15,15,5,5,0,0,0,0,0,0,0,0,15,15,15,15,5,5,0,0,0,0,0,0,0,0,15,15,15,15,5,5,0,0,0,0,0,0,0,0,15,15,15,15,5,5,0,0,0,0,0,0,0,0,16,16,15,15,16,16,0,0,0,0,0,0,0,0
109,800,200,800,0,200,0,1000,15,15,15,15,5,5,81142,1,81142,1,0,0,0,0,15,15,15,15,5,5,81142,1,81142,1,0,0,0,0,15,15,15,15,5,5,81142,1,81142,1,0,0,0,0,15,15,15,15,5,5,81142,1,81142,1,0,0,0,0,15,15,15,15,5,5,81142,1,81142,1,0,0,0,0,16,16,15,15,16,16,81142,1,81142,1,0,0,0,0
110,800,200,800,0,200,0,1000,15,15,15,15,5,5,83826,14,0,0,80290,1,3536,13,15,15,15,15,5,5,83826,14,0,0,80290,1,3536,13,15,15,15,15,5,5,83826,14,0,0,80290,1,3536,13,15,15,15,15,5,5,83826,14,0,0,80290,1,3536,13,15,15,15,15,5,5,83826,14,0,0,80290,1,3536,13,16,16,15,15,16,16,83826,14,0,0,80290,1,3536,13
111,800,200,800,0,200,0,1000,15,15,15,15,5,5,0,0,0,0,0,0,0,0,15,15,15,15,5,5,0,0,0,0,0,0,0,0,15,15,15,15,5,5,0,0,0,0,0,0,0,0,15,15,15,15,5,5,0,0,0,0,0,0,0,0,15,15,15,15,5,5,0,0,0,0,0,0,0,0,17,17,15,15,17,17,0,0,0,0,0,0,0,0
112,800,200,800,0,200,0,1000,15,15,15,15,5,5,0,0,0,0,0,0,0,0,15,15,15,15,5,5,0,0,0,0,0,0,0,0,15,15,15,15,5,5,0,0,0,0,0,0,0,0,15,15,15,15,5,5,0,0,0,0,0,0,0,0,15,15,15,15,5,5,0,0,0,0,0,0,0,0,17,17,15,15,17,17,0,0,0,0,0,0,0,0
113,800,200,800,0,200,0,1000,15,15,15,15,5,5,80855,1,80855,1,0,0,0,0,15,15,15,15,5,5,80855,1,80855,1,0,0,0,0,15,15,15,15,5,5,80855,1,80855,1,0,0,0,0,15,15,15,15,5,5,80855,1,80855,1,0,0,0,0,15,15,15,15,5,5,80855,1,80855,1,0,0,0,0,17,17,15,15,17,17,80855,1,80855,1,0,0,0,0
114,800,200,800,0,200,0,1000,15,15,15,15,5,5,87363,27,0,0,80291,1,7072,26,15,15,15,15,5,5,87363,27,0,0,80291,1,7072,26,15,15,15,15,5,5,87363,27,0,0,80291,1,7072,26,15,15,15,15,5,5,87363,27,0,0,80291,1,7072,26,15,15,15,15,5,5,87363,27,0,0,80291,1,7072,26,17,17,15,15,17,17,87363,27,0,0,80291,1,7072,26
115,800,200,800,0,200,0,1000,15,15,15,15,5,5,0,0,0,0,0,0,0,0,15,15,15,15,5,5,0,0,0,0,0,0,0,0,15,15,15,15,5,5,0,0,0,0,0,0,0,0,15,15,15,15,5,5,0,0,0,0,0,0,0,0,15,15,15,15,5,5,0,0,0,0,0,0,0,0,18,18,15,15,18,18,0,0,0,0,0,0,0,0
116,800,200,800,0,200,0,1000,15,15,15,15,5,5,0,0,0,0,0,0,0,0,15,15,15,15,5,5,0,0,0,0,0,0,0,0,15,15,15,15,5,5,0,0,0,0,0,0,0,0,15,15,15,15,5,5,0,0,0,0,0,0,0,0,15,15,15,15,5,5,0,0,0,0,0,0,0,0,18,18,15,15,18,18,0,0,0,0,0,0,0,0
117,800,200,800,0,200,0,1000,15,15,15,15,5,5,162541,2,162541,2,0,0,0,0,15,15,15,15,5,5,162541,2,162541,2,0,0,0,0,15,15,15,15,5,5,162541,2,162541,2,0,0,0,0,15,15,15,15,5,5,162541,2,162541,2,0,0,0,0,15,15,15,15,5,5,162541,2,162541,2,0,0,0,0,18,18,15,15,18,18,162541,2,162541,2,0,0,0,0
118,800,200,800,0,200,0,1000,15,15,15,15,5,5,85458,20,0,0,80290,1,5168,19,15,15,15,15,5,5,85458,20,0,0,80290,1,5168,19,15,15,15,15,5,5,85458,20,0,0,80290,1,5168,19,15,15,15,15,5,5,85458,20,0,0,80290,1,5168,19,15,15,15,15,5,5,85458,20,0,0,80290,1,5168,19,18,18,15,15,18,18,85458,20,0,0,80290,1,5168,19
119,800,200,800,0,200,0,1000,15,15,15,15,5,5,0,0,0,0,0,0,0,0,15,15,15,15,5,5,0,0,0,0,0,0,0,0,15,15,15,15,5,5,0,0,0,0,0,0,0,0,15,15,15,15,5,5,0,0,0,0,0,0,0,0,15,15,15,15,5,5,0,0,0,0,0,0,0,0,19,19,15,15,19,19,0,0,0,0,0,0,0,0
120,800,200,800,0,200,0,1000,15,15,15,15,5,5,0,0,0,0,0,0,0,0,15,15,15,15,5,5,0,0,0,0,0,0,0,0,15,15,15,15,5,5,0,0,0,0,0,0,0,0,15,15,15,15,5,5,0,0,0,0,0,0,0,0,15,15,15,15,5,5,0,0,0,0,0,0,0,0,19,19,15,15,19,19,0,0,0,0,0,0,0,0
121,800,200,800,0,200,0,1000,15,15,15,15,5,5,0,0,0,0,0,0,0,0,15,15,15,15,5,5,0,0,0,0,0,0,0,0,15,15,15,15,5,5,0,0,0,0,0,0,0,0,15,15,15,15,5,5,0,0,0,0,0,0,0,0,15,15,15,15,5,5,0,0,0,0,0,0,0,0,19,19,15,15,19,19,0,0,0,0,0,0,0,0
122,800,200,800,0,200,0,1000,15,15,15,15,5,5,4896,18,0,0,0,0,4896,18,15,15,15,15,5,5,4896,18,0,0,0,0,4896,18,15,15,15,15,5,5,4896,18,0,0,0,0,4896,18,15,15,15,15,5,5,4896,18,0,0,0,0,4896,18,15,15,15,15,5,5,4896,18,0,0,0,0,4896,18,19,19,15,15,19,19,4896,18,0,0,0,0,4896,18
123,800,200,800,0,200,0,1000,15,15,15,15,5,5,0,0,0,0,0,0,0,0,15,15,15,15,5,5,0,0,0,0,0,0,0,0,15,15,15,15,5,5,0,0,0,0,0,0,0,0,15,15,15,15,5,5,0,0,0,0,0,0,0,0,15,15,15,15,5,5,0,0,0,0,0,0,0,0,19,19,15,15,19,19,0,0,0,0,0,0,0,0
124,800,200,800,0,200,0,1000,15,15,15,15,5,5,0,0,0,0,0,0,0,0,15,15,15,15,5,5,0,0,0,0,0,0,0,0,15,15,15,15,5,5,0,0,0,0,0,0,0,0,15,15,15,15,5,5,0,0,0,0,0,0,0,0,15,15,15,15,5,5,0,0,0,0,0,0,0,0,19,19,15,15,19,19,0,0,0,0,0,0,0,0
125,800,200,800,0,200,0,1000,15,15,15,15,5,5,486087,6,486087,6,0,0,0,0,15,15,15,15,5,5,486087,6,486087,6,0,0,0,0,15,15,15,15,5,5,486087,6,486087,6,0,0,0,0,15,15,15,15,5,5,486087,6,486087,6,0,0,0,0,15,15,15,15,5,5,486087,6,486087,6,0,0,0,0,19,19,15,15,19,19,486087,6,486087,6,0,0,0,0
126,0,1000,0,800,200,0,1000,15,15,15,15,5,5,87907,29,0,0,80291,1,7616,28,15,15,15,15,5,5,87907,29,0,0,80291,1,7616,28,15,15,15,15,5,5,87907,29,0,0,80291,1,7616,28,15,15,15,15,5,5,87907,29,0,0,80291,1,7616,28,15,15,15,15,5,5,87907,29,0,0,80291,1,7616,28,19,19,15,15,19,19,87907,29,0,0,80291,1,7616,28
127,0,1000,0,0,1000,0,1000,20,21,15,15,20,21,0,0,0,0,0,0,0,0,20,21,15,15,20,21,0,0,0,0,0,0,0,0,20,21,15,15,20,21,0,0,0,0,0,0,0,0,20,21,15,15,20,21,0,0,0,0,0,0,0,0,20,21,15,15,20,21,0,0,0,0,0,0,0,0,20,21,15,15,20,21,0,0,0,0,0,0,0,0
128,0,1000,0,0,1000,0,1000,20,21,15,15,20,21,0,0,0,0,0,0,0,0,20,21,15,15,20,21,0,0,0,0,0,0,0,0,20,21,15,15,20,21,0,0,0,0,0,0,0,0,20,21,15,15,20,21,0,0,0,0,0,0,0,0,20,21,15,15,20,21,0,0,0,0,0,0,0,0,20,21,15,15,20,21,0,0,0,0,0,0,0,0
129,0,1000,0,0,1000,0,1000,20,21,15,15,20,21,488010,6,488010,6,0,0,0,0,20,21,15,15,20,21,488010,6,488010,6,0,0,0,0,20,21,15,15,20,21,488010,6,488010,6,0,0,0,0,20,21,15,15,20,21,488010,6,488010,6,0,0,0,0,20,21,15,15,20,21,488010,6,488010,6,0,0,0,0,20,21,15,15,20,21,488010,6,488010,6,0,0,0,0
130,0,1000,0,0,1000,0,1000,28,32,28,32,20,21,106403,97,0,0,80291,1,26112,96,28,32,28,32,20,21,106403,97,0,0,80291,1,26112,96,28,32,28,32,20,21,106403,97,0,0,80291,1,26112,96,28,32,28,32,20,21,106403,97,0,0,80291,1,26112,96,28,32,28,32,20,21,106403,97,0,0,80291,1,26112,96,28,32,28,32,20,21,106403,97,0,0,80291,1,26112,96
131,0,1000,0,0,1000,0,1000,28,32,28,32,20,21,0,0,0,0,0,0,0,0,28,32,28,32,20,21,0,0,0,0,0,0,0,0,28,32,28,32,20,21,0,0,0,0,0,0,0,0,28,32,28,32,20,21,0,0,0,0,0,0,0,0,28,32,28,32,20,21,0,0,0,0,0,0,0,0,28,32,28,32,20,21,0,0,0,0,0,0,0,0
132,0,1000,0,0,1000,0,1000,28,32,28,32,20,21,0,0,0,0,0,0,0,0,28,32,28,32,20,21,0,0,0,0,0,0,0,0,28,32,28,32,20,21,0,0,0,0,0,0,0,0,28,32,28,32,20,21,0,0,0,0,0,0,0,0,28,32,28,32,20,21,0,0,0,0,0,0,0,0,28,32,28,32,20,21,0,0,0,0,0,0,0,0
133,0,1000,0,0,1000,0,1000,28,32,28,32,20,21,250533,3,250533,3,0,0,0,0,28,32,28,32,20,21,250533,3,250533,3,0,0,0,0,28,32,28,32,20,21,250533,3,250533,3,0,0,0,0,28,32,28,32,20,21,250533,3,250533,3,0,0,0,0,28,32,28,32,20,21,250533,3,250533,3,0,0,0,0,28,32,28,32,20,21,250533,3,250533,3,0,0,0,0
134,0,1000,0,0,1000,0,1000,29,33,29,33,20,21,104771,91,0,0,80291,1,24480,90,29,33,29,33,20,21,104771,91,0,0,80291,1,24480,90,29,33,29,33,20,21,104771,91,0,0,80291,1,24480,90,29,33,29,33,20,21,104771,91,0,0,80291,1,24480,90,29,33,29,33,20,21,104771,91,0,0,80291,1,24480,90,29,33,29,33,20,21,104771,91,0,0,80291,1,24480,90
135,0,1000,0,0,1000,0,1000,29,33,29,33,21,23,0,0,0,0,0,0,0,0,29,33,29,33,21,23,0,0,0,0,0,0,0,0,29,33,29,33,21,23,0,0,0,0,0,0,0,0,29,33,29,33,21,23,0,0,0,0,0,0,0,0,29,33,29,33,21,23,0,0,0,0,0,0,0,0,29,33,29,33,21,23,0,0,0,0,0,0,0,0
136,0,1000,0,0,1000,0,1000,29,33,29,33,21,23,0,0,0,0,0,0,0,0,29,33,29,33,21,23,0,0,0,0,0,0,0,0,29,33,29,33,21,23,0,0,0,0,0,0,0,0,29,33,29,33,21,23,0,0,0,0,0,0,0,0,29,33,29,33,21,23,0,0,0,0,0,0,0,0,29,33,29,33,21,23,0,0,0,0,0,0,0,0
137,0,1000,0,0,1000,0,1000,29,33,29,33,21,23,499913,6,499913,6,0,0,0,0,29,33,29,33,21,23,499913,6,499913,6,0,0,0,0,29,33,29,33,21,23,499913,6,499913,6,0,0,0,0,29,33,29,33,21,23,499913,6,499913,6,0,0,0,0,29,33,29,33,21,23,499913,6,499913,6,0,0,0,0,29,33,29,33,21,23,499913,6,499913,6,0,0,0,0
138,0,1000,0,0,1000,0,1000,30,34,30,34,21,23,105859,95,0,0,80291,1,25568,94,30,34,30,34,21,23,105859,95,0,0,80291,1,25568,94,30,34,30,34,21,23,105859,95,0,0,80291,1,25568,94,30,34,30,34,21,23,105859,95,0,0,80291,1,25568,94,30,34,30,34,21,23,105859,95,0,0,80291,1,25568,94,30,34,30,34,21,23,105859,95,0,0,80291,1,25568,94
139,0,1000,0,0,1000,0,1000,30,34,30,34,22,24,0,0,0,0,0,0,0,0,30,34,30,34,22,24,0,0,0,0,0,0,0,0,30,34,30,34,22,24,0,0,0,0,0,0,0,0,30,34,30,34,22,24,0,0,0,0,0,0,0,0,30,34,30,34,22,24,0,0,0,0,0,0,0,0,30,34,30,34,22,24,0,0,0,0,0,0,0,0
140,0,1000,0,0,1000,0,1000,30,34,30,34,22,24,0,0,0,0,0,0,0,0,30,34,30,34,22,24,0,0,0,0,0,0,0,0,30,34,30,34,22,24,0,0,0,0,0,0,0,0,30,34,30,34,22,24,0,0,0,0,0,0,0,0,30,34,30,34,22,24,0,0,0,0,0,0,0,0,30,34,30,34,22,24,0,0,0,0,0,0,0,0
141,0,1000,0,0,1000,0,1000,30,34,30,34,22,24,500682,6,500682,6,0,0,0,0,30,34,30,34,22,24,500682,6,500682,6,0,0,0,0,30,34,30,34,22,24,500682,6,500682,6,0,0,0,0,30,34,30,34,22,24,500682,6,500682,6,0,0,0,0,30,34,30,34,22,24,500682,6,500682,6,0,0,0,0,30,34,30,34,22,24,500682,6,500682,6,0,0,0,0
142,0,1000,0,0,1000,0,1000,31,35,31,35,22,24,107219,100,0,0,80291,1,26928,99,31,35,31,35,22,24,107219,100,0,0,80291,1,26928,99,31,35,31,35,22,24,107219,100,0,0,80291,1,26928,99,31,35,31,35,22,24,107219,100,0,0,80291,1,26928,99,31,35,31,35,22,24,107219,100,0,0,80291,1,26928,99,31,35,31,35,22,24,107219,100,0,0,80291,1,26928,99
143,0,1000,0,0,1000,0,1000,31,35,31,35,22,24,0,0,0,0,0,0,0,0,31,35,31,35,22,24,0,0,0,0,0,0,0,0,31,35,31,35,22,24,0,0,0,0,0,0,0,0,31,35,31,35,22,24,0,0,0,0,0,0,0,0,31,35,31,35,22,24,0,0,0,0,0,0,0,0,31,35,31,35,22,24,0,0,0,0,0,0,0,0
144,0,1000,0,0,1000,0,1000,31,35,31,35,22,24,0,0,0,0,0,0,0,0,31,35,31,35,22,24,0,0,0,0,0,0,0,0,31,35,31,35,22,24,0,0,0,0,0,0,0,0,31,35,31,35,22,24,0,0,0,0,0,0,0,0,31,35,31,35,22,24,0,0,0,0,0,0,0,0,31,35,31,35,22,24,0,0,0,0,0,0,0,0
145,0,1000,0,0,1000,0,1000,31,35,31,35,22,24,167214,2,167214,2,0,0,0,0,31,35,31,35,22,24,167214,2,167214,2,0,0,0,0,31,35,31,35,22,24,167214,2,167214,2,0,0,0,0,31,35,31,35,22,24,167214,2,167214,2,0,0,0,0,31,35,31,35,22,24,167214,2,167214,2,0,0,0,0,31,35,31,35,22,24,167214,2,167214,2,0,0,0,0
146,0,1000,0,0,1000,0,1000,32,36,32,36,22,24,111843,117,0,0,80291,1,31552,116,32,36,32,36,22,24,111843,117,0,0,80291,1,31552,116,32,36,32,36,22,24,111843,117,0,0,80291,1,31552,116,32,36,32,36,22,24,111843,117,0,0,80291,1,31552,116,32,36,32,36,22,24,111843,117,0,0,80291,1,31552,116,32,36,32,36,22,24,111843,117,0,0,80291,1,31552,116
147,0,1000,0,0,1000,0,1000,32,36,32,36,23,26,0,0,0,0,0,0,0,0,32,36,32,36,23,26,0,0,0,0,0,0,0,0,32,36,32,36,23,26,0,0,0,0,0,0,0,0,32,36,32,36,23,26,0,0,0,0,0,0,0,0,32,36,32,36,23,26,0,0,0,0,0,0,0,0,32,36,32,36,23,26,0,0,0,0,0,0,0,0
148,0,1000,0,0,1000,0,1000,32,36,32,36,23,26,0,0,0,0,0,0,0,0,32,36,32,36,23,26,0,0,0,0,0,0,0,0,32,36,32,36,23,26,0,0,0,0,0,0,0,0,32,36,32,36,23,26,0,0,0,0,0,0,0,0,32,36,32,36,23,26,0,0,0,0,0,0,0,0,32,36,32,36,23,26,0,0,0,0,0,0,0,0
149,0,1000,0,0,1000,0,1000,32,36,32,36,23,26,504905,6,504905,6,0,0,0,0,32,36,32,36,23,26,504905,6,504905,6,0,0,0,0,32,36,32,36,23,26,504905,6,504905,6,0,0,0,0,32,36,32,36,23,26,504905,6,504905,6,0,0,0,0,32,36,32,36,23,26,504905,6,504905,6,0,0,0,0,32,36,32,36,23,26,504905,6,504905,6,0,0,0,0
150,0,1000,0,0,1000,0,1000,33,37,33,37,23,26,112115,118,0,0,80291,1,31824,117,33,37,33,37,23,26,112115,118,0,0,80291,1,31824,117,33,37,33,37,23,26,112115,118,0,0,80291,1,31824,117,33,37,33,37,23,26,112115,118,0,0,80291,1,31824,117,33,37,33,37,23,26,112115,118,0,0,80291,1,31824,117,33,37,33,37,23,26,112115,118,0,0,80291,1,31824,117
151,0,1000,0,0,1000,0,1000,33,37,33,37,24,27,0,0,0,0,0,0,0,0,33,37,33,37,24,27,0,0,0,0,0,0,0,0,33,37,33,37,24,27,0,0,0,0,0,0,0,0,33,37,33,37,24,27,0,0,0,0,0,0,0,0,33,37,33,37,24,27,0,0,0,0,0,0,0,0,33,37,33,37,24,27,0,0,0,0,0,0,0,0
152,0,1000,0,0,1000,0,1000,33,37,33,37,24,27,0,0,0,0,0,0,0,0,33,37,33,37,24,27,0,0,0,0,0,0,0,0,33,37,33,37,24,27,0,0,0,0,0,0,0,0,33,37,33,37,24,27,0,0,0,0,0,0,0,0,33,37,33,37,24,27,0,0,0,0,0,0,0,0,33,37,33,37,24,27,0,0,0,0,0,0,0,0
153,0,1000,0,0,1000,0,1000,33,37,33,37,24,27,1094377,13,1094377,13,0,0,0,0,33,37,33,37,24,27,1094377,13,1094377,13,0,0,0,0,33,37,33,37,24,27,1094377,13,1094377,13,0,0,0,0,33,37,33,37,24,27,1094377,13,1094377,13,0,0,0,0,33,37,33,37,24,27,1094377,13,1094377,13,0,0,0,0,33,37,33,37,24,27,1094377,13,1094377,13,0,0,0,0
154,0,1000,0,0,1000,0,1000,34,38,34,38,24,27,107218,100,0,0,80290,1,26928,99,34,38,34,38,24,27,107218,100,0,0,80290,1,26928,99,34,38,34,38,24,27,107218,100,0,0,80290,1,26928,99,34,38,34,38,24,27,107218,100,0,0,80290,1,26928,99,34,38,34,38,24,27,107218,100,0,0,80290,1,26928,99,34,38,34,38,24,27,107218,100,0,0,80290,1,26928,99
155,0,1000,0,0,1000,0,1000,34,38,34,38,25,28,0,0,0,0,0,0,0,0,34,38,34,38,25,28,0,0,0,0,0,0,0,0,34,38,34,38,25,28,0,0,0,0,0,0,0,0,34,38,34,38,25,28,0,0,0,0,0,0,0,0,34,38,34,38,25,28,0,0,0,0,0,0,0,0,34,38,34,38,25,28,0,0,0,0,0,0,0,0
156,0,1000,0,0,1000,0,1000,34,38,34,38,25,28,0,0,0,0,0,0,0,0,34,38,34,38,25,28,0,0,0,0,0,0,0,0,34,38,34,38,25,28,0,0,0,0,0,0,0,0,34,38,34,38,25,28,0,0,0,0,0,0,0,0,34,38,34,38,25,28,0,0,0,0,0,0,0,0,34,38,34,38,25,28,0,0,0,0,0,0,0,0
157,0,1000,0,0,1000,0,1000,34,38,34,38,25,28,585249,7,585249,7,0,0,0,0,34,38,34,38,25,28,585249,7,585249,7,0,0,0,0,34,38,34,38,25,28,585249,7,585249,7,0,0,0,0,34,38,34,38,25,28,585249,7,585249,7,0,0,0,0,34,38,34,38,25,28,585249,7,585249,7,0,0,0,0,34,38,34,38,25,28,585249,7,585249,7,0,0,0,0
158,0,1000,0,0,1000,0,1000,35,39,35,39,25,28,109667,109,0,0,80291,1,29376,108,35,39,35,39,25,28,109667,109,0,0,80291,1,29376,108,35,39,35,39,25,28,109667,109,0,0,80291,1,29376,108,35,39,35,39,25,28,109667,109,0,0,80291,1,29376,108,35,39,35,39,25,28,109667,109,0,0,80291,1,29376,108,35,39,35,39,25,28,109667,109,0,0,80291,1,29376,108
159,0,1000,0,0,1000,0,1000,35,39,35,39,26,29,0,0,0,0,0,0,0,0,35,39,35,39,26,29,0,0,0,0,0,0,0,0,35,39,35,39,26,29,0,0,0,0,0,0,0,0,35,39,35,39,26,29,0,0,0,0,0,0,0,0,35,39,35,39,26,29,0,0,0,0,0,0,0,0,35,39,35,39,26,29,0,0,0,0,0,0,0,0
160,0,1000,0,0,1000,0,1000,35,39,35,39,26,29,0,0,0,0,0,0,0,0,35,39,35,39,26,29,0,0,0,0,0,0,0,0,35,39,35,39,26,29,0,0,0,0,0,0,0,0,35,39,35,39,26,29,0,0,0,0,0,0,0,0,35,39,35,39,26,29,0,0,0,0,0,0,0,0,35,39,35,39,26,29,0,0,0,0,0,0,0,0
161,0,1000,0,0,1000,0,1000,35,39,35,39,26,29,251685,3,251685,3,0,0,0,0,35,39,35,39,26,29,251685,3,251685,3,0,0,0,0,35,39,35,39,26,29,251685,3,251685,3,0,0,0,0,35,39,35,39,26,29,251685,3,251685,3,0,0,0,0,35,39,35,39,26,29,251685,3,251685,3,0,0,0,0,35,39,35,39,26,29,251685,3,251685,3,0,0,0,0
162,0,1000,0,0,1000,0,1000,36,40,36,40,26,29,109939,110,0,0,80291,1,29648,109,36,40,36,40,26,29,109939,110,0,0,80291,1,29648,109,36,40,36,40,26,29,109939,110,0,0,80291,1,29648,109,36,40,36,40,26,29,109939,110,0,0,80291,1,29648,109,36,40,36,40,26,29,109939,110,0,0,80291,1,29648,109,36,40,36,40,26,29,109939,110,0,0,80291,1,29648,109
163,0,1000,0,0,1000,0,1000,36,40,36,40,26,29,0,0,0,0,0,0,0,0,36,40,36,40,26,29,0,0,0,0,0,0,0,0,36,40,36,40,26,29,0,0,0,0,0,0,0,0,36,40,36,40,26,29,0,0,0,0,0,0,0,0,36,40,36,40,26,29,0,0,0,0,0,0,0,0,36,40,36,40,26,29,0,0,0,0,0,0,0,0
164,0,1000,0,0,1000,0,1000,36,40,36,40,26,29,0,0,0,0,0,0,0,0,36,40,36,40,26,29,0,0,0,0,0,0,0,0,36,40,36,40,26,29,0,0,0,0,0,0,0,0,36,40,36,40,26,29,0,0,0,0,0,0,0,0,36,40,36,40,26,29,0,0,0,0,0,0,0,0,36,40,36,40,26,29,0,0,0,0,0,0,0,0
165,0,1000,0,0,1000,0,1000,36,40,36,40,26,29,503560,6,503560,6,0,0,0,0,36,40,36,40,26,29,503560,6,503560,6,0,0,0,0,36,40,36,40,26,29,503560,6,503560,6,0,0,0,0,36,40,36,40,26,29,503560,6,503560,6,0,0,0,0,36,40,36,40,26,29,503560,6,503560,6,0,0,0,0,36,40,36,40,26,29,503560,6,503560,6,0,0,0,0
166,0,1000,0,0,1000,0,1000,37,41,37,41,26,29,105859,95,0,0,80291,1,25568,94,37,41,37,41,26,29,105859,95,0,0,80291,1,25568,94,37,41,37,41,26,29,105859,95,0,0,80291,1,25568,94,37,41,37,41,26,29,105859,95,0,0,80291,1,25568,94,37,41,37,41,26,29,105859,95,0,0,80291,1,25568,94,37,41,37,41,26,29,105859,95,0,0,80291,1,25568,94
167,0,1000,0,0,1000,0,1000,37,41,37,41,27,31,0,0,0,0,0,0,0,0,37,41,37,41,27,31,0,0,0,0,0,0,0,0,37,41,37,41,27,31,0,0,0,0,0,0,0,0,37,41,37,41,27,31,0,0,0,0,0,0,0,0,37,41,37,41,27,31,0,0,0,0,0,0,0,0,37,41,37,41,27,31,0,0,0,0,0,0,0,0
168,0,1000,0,0,1000,0,1000,37,41,37,41,27,31,0,0,0,0,0,0,0,0,37,41,37,41,27,31,0,0,0,0,0,0,0,0,37,41,37,41,27,31,0,0,0,0,0,0,0,0,37,41,37,41,27,31,0,0,0,0,0,0,0,0,37,41,37,41,27,31,0,0,0,0,0,0,0,0,37,41,37,41,27,31,0,0,0,0,0,0,0,0
169,0,1000,0,0,1000,0,1000,37,41,37,41,27,31,500682,6,500682,6,0,0,0,0,37,41,37,41,27,31,500682,6,500682,6,0,0,0,0,37,41,37,41,27,31,500682,6,500682,6,0,0,0,0,37,41,37,41,27,31,500682,6,500682,6,0,0,0,0,37,41,37,41,27,31,500682,6,500682,6,0,0,0,0,37,41,37,41,27,31,500682,6,500682,6,0,0,0,0
170,0,1000,0,0,1000,0,1000,38,42,38,42,27,31,106131,96,0,0,80291,1,25840,95,38,42,38,42,27,31,106131,96,0,0,80291,1,25840,95,38,42,38,42,27,31,106131,96,0,0,80291,1,25840,95,38,42,38,42,27,31,106131,96,0,0,80291,1,25840,95,38,42,38,42,27,31,106131,96,0,0,80291,1,25840,95,38,42,38,42,27,31,106131,96,0,0,80291,1,25840,95
171,0,1000,0,0,1000,0,1000,38,42,38,42,28,32,0,0,0,0,0,0,0,0,38,42,38,42,28,32,0,0,0,0,0,0,0,0,38,42,38,42,28,32,0,0,0,0,0,0,0,0,38,42,38,42,28,32,0,0,0,0,0,0,0,0,38,42,38,42,28,32,0,0,0,0,0,0,0,0,38,42,38,42,28,32,0,0,0,0,0,0,0,0
172,0,1000,0,0,1000,0,1000,38,42,38,42,28,32,0,0,0,0,0,0,0,0,38,42,38,42,28,32,0,0,0,0,0,0,0,0,38,42,38,42,28,32,0,0,0,0,0,0,0,0,38,42,38,42,28,32,0,0,0,0,0,0,0,0,38,42,38,42,28,32,0,0,0,0,0,0,0,0,38,42,38,42,28,32,0,0,0,0,0,0,0,0
173,0,1000,0,0,1000,0,1000,38,42,38,42,28,32,667830,8,667830,8,0,0,0,0,38,42,38,42,28,32,667830,8,667830,8,0,0,0,0,38,42,38,42,28,32,667830,8,667830,8,0,0,0,0,38,42,38,42,28,32,667830,8,667830,8,0,0,0,0,38,42,38,42,28,32,667830,8,667830,8,0,0,0,0,38,42,38,42,28,32,667830,8,667830,8,0,0,0,0
174,0,1000,0,0,1000,0,1000,39,43,39,43,28,32,108035,103,0,0,80291,1,27744,102,39,43,39,43,28,32,108035,103,0,0,80291,1,27744,102,39,43,39,43,28,32,108035,103,0,0,80291,1,27744,102,39,43,39,43,28,32,108035,103,0,0,80291,1,27744,102,39,43,39,43,28,32,108035,103,0,0,80291,1,27744,102,39,43,39,43,28,32,108035,103,0,0,80291,1,27744,102
175,0,1000,0,0,1000,0,1000,39,43,39,43,29,33,0,0,0,0,0,0,0,0,39,43,39,43,29,33,0,0,0,0,0,0,0,0,39,43,39,43,29,33,0,0,0,0,0,0,0,0,39,43,39,43,29,33,0,0,0,0,0,0,0,0,39,43,39,43,29,33,0,0,0,0,0,0,0,0,39,43,39,43,29,33,0,0,0,0,0,0,0,0
176,0,1000,0,0,1000,0,1000,39,43,39,43,29,33,0,0,0,0,0,0,0,0,39,43,39,43,29,33,0,0,0,0,0,0,0,0,39,43,39,43,29,33,0,0,0,0,0,0,0,0,39,43,39,43,29,33,0,0,0,0,0,0,0,0,39,43,39,43,29,33,0,0,0,0,0,0,0,0,39,43,39,43,29,33,0,0,0,0,0,0,0,0
177,0,1000,0,0,1000,0,1000,39,43,39,43,29,33,502215,6,502215,6,0,0,0,0,39,43,39,43,29,33,502215,6,502215,6,0,0,0,0,39,43,39,43,29,33,502215,6,502215,6,0,0,0,0,39,43,39,43,29,33,502215,6,502215,6,0,0,0,0,39,43,39,43,29,33,502215,6,502215,6,0,0,0,0,39,43,39,43,29,33,502215,6,502215,6,0,0,0,0
178,0,1000,0,0,1000,0,1000,40,44,40,44,29,33,109939,110,0,0,80291,1,29648,109,40,44,40,44,29,33,109939,110,0,0,80291,1,29648,109,40,44,40,44,29,33,109939,110,0,0,80291,1,29648,109,40,44,40,44,29,33,109939,110,0,0,80291,1,29648,109,40,44,40,44,29,33,109939,110,0,0,80291,1,29648,109,40,44,40,44,29,33,109939,110,0,0,80291,1,29648,109
179,0,1000,0,0,1000,0,1000,40,44,40,44,30,34,0,0,0,0,0,0,0,0,40,44,40,44,30,34,0,0,0,0,0,0,0,0,40,44,40,44,30,34,0,0,0,0,0,0,0,0,40,44,40,44,30,34,0,0,0,0,0,0,0,0,40,44,40,44,30,34,0,0,0,0,0,0,0,0,40,44,40,44,30,34,0,0,0,0,0,0,0,0
180,0,1000,0,0,1000,0,1000,40,44,40,44,30,34,0,0,0,0,0,0,0,0,40,44,40,44,30,34,0,0,0,0,0,0,0,0,40,44,40,44,30,34,0,0,0,0,0,0,0,0,40,44,40,44,30,34,0,0,0,0,0,0,0,0,40,44,40,44,30,34,0,0,0,0,0,0,0,0,40,44,40,44,30,34,0,0,0,0,0,0,0,0
181,0,1000,0,0,1000,0,1000,40,44,40,44,30,34,419635,5,419635,5,0,0,0,0,40,44,40,44,30,34,419635,5,419635,5,0,0,0,0,40,44,40,44,30,34,419635,5,419635,5,0,0,0,0,40,44,40,44,30,34,419635,5,419635,5,0,0,0,0,40,44,40,44,30,34,419635,5,419635,5,0,0,0,0,40,44,40,44,30,34,419635,5,419635,5,0,0,0,0
182,0,1000,0,0,1000,0,1000,41,45,41,45,30,34,107219,100,0,0,80291,1,26928,99,41,45,41,45,30,34,107219,100,0,0,80291,1,26928,99,41,45,41,45,30,34,107219,100,0,0,80291,1,26928,99,41,45,41,45,30,34,107219,100,0,0,80291,1,26928,99,41,45,41,45,30,34,107219,100,0,0,80291,1,26928,99,41,45,41,45,30,34,107219,100,0,0,80291,1,26928,99
183,0,1000,0,0,1000,0,1000,41,45,41,45,31,35,0,0,0,0,0,0,0,0,41,45,41,45,31,35,0,0,0,0,0,0,0,0,41,45,41,45,31,35,0,0,0,0,0,0,0,0,41,45,41,45,31,35,0,0,0,0,0,0,0,0,41,45,41,45,31,35,0,0,0,0,0,0,0,0,41,45,41,45,31,35,0,0,0,0,0,0,0,0
184,0,1000,0,0,1000,0,1000,41,45,41,45,31,35,0,0,0,0,0,0,0,0,41,45,41,45,31,35,0,0,0,0,0,0,0,0,41,45,41,45,31,35,0,0,0,0,0,0,0,0,41,45,41,45,31,35,0,0,0,0,0,0,0,0,41,45,41,45,31,35,0,0,0,0,0,0,0,0,41,45,41,45,31,35,0,0,0,0,0,0,0,0
185,0,1000,0,0,1000,0,1000,41,45,41,45,31,35,334428,4,334428,4,0,0,0,0,41,45,41,45,31,35,334428,4,334428,4,0,0,0,0,41,45,41,45,31,35,334428,4,334428,4,0,0,0,0,41,45,41,45,31,35,334428,4,334428,4,0,0,0,0,41,45,41,45,31,35,334428,4,334428,4,0,0,0,0,41,45,41,45,31,35,334428,4,334428,4,0,0,0,0
186,0,1000,0,0,1000,0,1000,42,46,42,46,31,35,110483,112,0,0,80291,1,30192,111,42,46,42,46,31,35,110483,112,0,0,80291,1,30192,111,42,46,42,46,31,35,110483,112,0,0,80291,1,30192,111,42,46,42,46,31,35,110483,112,0,0,80291,1,30192,111,42,46,42,46,31,35,110483,112,0,0,80291,1,30192,111,42,46,42,46,31,35,110483,112,0,0,80291,1,30192,111
187,800,200,800,0,200,0,1000,42,46,42,46,31,35,0,0,0,0,0,0,0,0,42,46,42,46,31,35,0,0,0,0,0,0,0,0,42,46,42,46,31,35,0,0,0,0,0,0,0,0,42,46,42,46,31,35,0,0,0,0,0,0,0,0,42,46,42,46,31,35,0,0,0,0,0,0,0,0,42,46,42,46,32,36,0,0,0,0,0,0,0,0
188,800,200,800,0,200,0,1000,42,46,42,46,31,35,0,0,0,0,0,0,0,0,42,46,42,46,31,35,0,0,0,0,0,0,0,0,42,46,42,46,31,35,0,0,0,0,0,0,0,0,42,46,42,46,31,35,0,0,0,0,0,0,0,0,42,46,42,46,31,35,0,0,0,0,0,0,0,0,42,46,42,46,32,36,0,0,0,0,0,0,0,0
189,800,200,800,0,200,0,1000,42,46,42,46,31,35,83991,1,83991,1,0,0,0,0,42,46,42,46,31,35,83991,1,83991,1,0,0,0,0,42,46,42,46,31,35,83991,1,83991,1,0,0,0,0,42,46,42,46,31,35,83991,1,83991,1,0,0,0,0,42,46,42,46,31,35,83991,1,83991,1,0,0,0,0,42,46,42,46,32,36,83991,1,83991,1,0,0,0,0
190,800,200,800,0,200,0,1000,42,46,42,46,31,35,84915,18,0,0,80291,1,4624,17,42,46,42,46,31,35,84915,18,0,0,80291,1,4624,17,42,46,42,46,31,35,84915,18,0,0,80291,1,4624,17,42,46,42,46,31,35,84915,18,0,0,80291,1,4624,17,42,46,42,46,31,35,84915,18,0,0,80291,1,4624,17,42,46,42,46,32,36,84915,18,0,0,80291,1,4624,17
191,800,200,800,0,200,0,1000,42,46,42,46,31,35,0,0,0,0,0,0,0,0,42,46,42,46,31,35,0,0,0,0,0,0,0,0,42,46,42,46,31,35,0,0,0,0,0,0,0,0,42,46,42,46,31,35,0,0,0,0,0,0,0,0,42,46,42,46,31,35,0,0,0,0,0,0,0,0,42,46,42,46,33,37,0,0,0,0,0,0,0,0
192,800,200,800,0,200,0,1000,42,46,42,46,31,35,0,0,0,0,0,0,0,0,42,46,42,46,31,35,0,0,0,0,0,0,0,0,42,46,42,46,31,35,0,0,0,0,0,0,0,0,42,46,42,46,31,35,0,0,0,0,0,0,0,0,42,46,42,46,31,35,0,0,0,0,0,0,0,0,42,46,42,46,33,37,0,0,0,0,0,0,0,0
193,800,200,800,0,200,0,1000,42,46,42,46,31,35,242949,3,242949,3,0,0,0,0,42,46,42,46,31,35,242949,3,242949,3,0,0,0,0,42,46,42,46,31,35,242949,3,242949,3,0,0,0,0,42,46,42,46,31,35,242949,3,242949,3,0,0,0,0,42,46,42,46,31,35,242949,3,242949,3,0,0,0,0,42,46,42,46,33,37,242949,3,242949,3,0,0,0,0
194,800,200,800,0,200,0,1000,42,46,42,46,31,35,86003,22,0,0,80291,1,5712,21,42,46,42,46,31,35,86003,22,0,0,80291,1,5712,21,42,46,42,46,31,35,86003,22,0,0,80291,1,5712,21,42,46,42,46,31,35,86003,22,0,0,80291,1,5712,21,42,46,42,46,31,35,86003,22,0,0,80291,1,5712,21,42,46,42,46,33,37,86003,22,0,0,80291,1,5712,21
195,800,200,800,0,200,0,1000,42,46,42,46,31,35,0,0,0,0,0,0,0,0,42,46,42,46,31,35,0,0,0,0,0,0,0,0,42,46,42,46,31,35,0,0,0,0,0,0,0,0,42,46,42,46,31,35,0,0,0,0,0,0,0,0,42,46,42,46,31,35,0,0,0,0,0,0,0,0,42,46,42,46,34,38,0,0,0,0,0,0,0,0
196,800,200,800,0,200,0,1000,42,46,42,46,31,35,0,0,0,0,0,0,0,0,42,46,42,46,31,35,0,0,0,0,0,0,0,0,42,46,42,46,31,35,0,0,0,0,0,0,0,0,42,46,42,46,31,35,0,0,0,0,0,0,0,0,42,46,42,46,31,35,0,0,0,0,0,0,0,0,42,46,42,46,34,38,0,0,0,0,0,0,0,0
197,800,200,800,0,200,0,1000,42,46,42,46,31,35,81111,1,81111,1,0,0,0,0,42,46,42,46,31,35,81111,1,81111,1,0,0,0,0,42,46,42,46,31,35,81111,1,81111,1,0,0,0,0,42,46,42,46,31,35,81111,1,81111,1,0,0,0,0,42,46,42,46,31,35,81111,1,81111,1,0,0,0,0,42,46,42,46,34,38,81111,1,81111,1,0,0,0,0
198,800,200,800,0,200,0,1000,42,46,42,46,31,35,85731,21,0,0,80291,1,5440,20,42,46,42,46,31,35,85731,21,0,0,80291,1,5440,20,42,46,42,46,31,35,85731,21,0,0,80291,1,5440,20,42,46,42,46,31,35,85731,21,0,0,80291,1,5440,20,42,46,42,46,31,35,85731,21,0,0,80291,1,5440,20,42,46,42,46,34,38,85731,21,0,0,80291,1,5440,20
199,800,200,800,0,200,0,1000,42,46,42,46,31,35,0,0,0,0,0,0,0,0,42,46,42,46,31,35,0,0,0,0,0,0,0,0,42,46,42,46,31,35,0,0,0,0,0,0,0,0,42,46,42,46,31,35,0,0,0,0,0,0,0,0,42,46,42,46,31,35,0,0,0,0,0,0,0,0,42,46,42,46,35,39,0,0,0,0,0,0,0,0
200,800,200,800,0,200,0,1000,42,46,42,46,31,35,0,0,0,0,0,0,0,0,42,46,42,46,31,35,0,0,0,0,0,0,0,0,42,46,42,46,31,35,0,0,0,0,0,0,0,0,42,46,42,46,31,35,0,0,0,0,0,0,0,0,42,46,42,46,31,35,0,0,0,0,0,0,0,0,42,46,42,46,35,39,0,0,0,0,0,0,0,0
201,800,200,800,0,200,0,1000,42,46,42,46,31,35,0,0,0,0,0,0,0,0,42,46,42,46,31,35,0,0,0,0,0,0,0,0,42,46,42,46,31,35,0,0,0,0,0,0,0,0,42,46,42,46,31,35,0,0,0,0,0,0,0,0,42,46,42,46,31,35,0,0,0,0,0,0,0,0,42,46,42,46,35,39,0,0,0,0,0,0,0,0
202,800,200,800,0,200,0,1000,42,46,42,46,31,35,5440,20,0,0,0,0,5440,20,42,46,42,46,31,35,5440,20,0,0,0,0,5440,20,42,46,42,46,31,35,5440,20,0,0,0,0,5440,20,42,46,42,46,31,35,5440,20,0,0,0,0,5440,20,42,46,42,46,31,35,5440,20,0,0,0,0,5440,20,42,46,42,46,35,39,5440,20,0,0,0,0,5440,20
203,800,200,800,0,200,0,1000,42,46,42,46,31,35,0,0,0,0,0,0,0,0,42,46,42,46,31,35,0,0,0,0,0,0,0,0,42,46,42,46,31,35,0,0,0,0,0,0,0,0,42,46,42,46,31,35,0,0,0,0,0,0,0,0,42,46,42,46,31,35,0,0,0,0,0,0,0,0,42,46,42,46,36,40,0,0,0,0,0,0,0,0
204,800,200,800,0,200,0,1000,42,46,42,46,31,35,0,0,0,0,0,0,0,0,42,46,42,46,31,35,0,0,0,0,0,0,0,0,42,46,42,46,31,35,0,0,0,0,0,0,0,0,42,46,42,46,31,35,0,0,0,0,0,0,0,0,42,46,42,46,31,35,0,0,0,0,0,0,0,0,42,46,42,46,36,40,0,0,0,0,0,0,0,0
205,800,200,800,0,200,0,1000,42,46,42,46,31,35,0,0,0,0,0,0,0,0,42,46,42,46,31,35,0,0,0,0,0,0,0,0,42,46,42,46,31,35,0,0,0,0,0,0,0,0,42,46,42,46,31,35,0,0,0,0,0,0,0,0,42,46,42,46,31,35,0,0,0,0,0,0,0,0,42,46,42,46,36,40,0,0,0,0,0,0,0,0
206,800,200,800,0,200,0,1000,42,46,42,46,31,35,5168,19,0,0,0,0,5168,19,42,46,42,46,31,35,5168,19,0,0,0,0,5168,19,42,46,42,46,31,35,5168,19,0,0,0,0,5168,19,42,46,42,46,31,35,5168,19,0,0,0,0,5168,19,42,46,42,46,31,35,5168,19,0,0,0,0,5168,19,42,46,42,46,36,40,5168,19,0,0,0,0,5168,19
207,800,200,800,0,200,0,1000,42,46,42,46,31,35,0,0,0,0,0,0,0,0,42,46,42,46,31,35,0,0,0,0,0,0,0,0,42,46,42,46,31,35,0,0,0,0,0,0,0,0,42,46,42,46,31,35,0,0,0,0,0,0,0,0,42,46,42,46,31,35,0,0,0,0,0,0,0,0,42,46,42,46,37,41,0,0,0,0,0,0,0,0
208,800,200,800,0,200,0,1000,42,46,42,46,31,35,0,0,0,0,0,0,0,0,42,46,42,46,31,35,0,0,0,0,0,0,0,0,42,46,42,46,31,35,0,0,0,0,0,0,0,0,42,46,42,46,31,35,0,0,0,0,0,0,0,0,42,46,42,46,31,35,0,0,0,0,0,0,0,0,42,46,42,46,37,41,0,0,0,0,0,0,0,0
209,800,200,800,0,200,0,1000,42,46,42,46,31,35,0,0,0,0,0,0,0,0,42,46,42,46,31,35,0,0,0,0,0,0,0,0,42,46,42,46,31,35,0,0,0,0,0,0,0,0,42,46,42,46,31,35,0,0,0,0,0,0,0,0,42,46,42,46,31,35,0,0,0,0,0,0,0,0,42,46,42,46,37,41,0,0,0,0,0,0,0,0
210,800,200,800,0,200,0,1000,42,46,42,46,31,35,7888,29,0,0,0,0,7888,29,42,46,42,46,31,35,7888,29,0,0,0,0,7888,29,42,46,42,46,31,35,7888,29,0,0,0,0,7888,29,42,46,42,46,31,35,7888,29,0,0,0,0,7888,29,42,46,42,46,31,35,7888,29,0,0,0,0,7888,29,42,46,42,46,37,41,7888,29,0,0,0,0,7888,29
211,800,200,800,0,200,0,1000,42,46,42,46,31,35,0,0,0,0,0,0,0,0,42,46,42,46,31,35,0,0,0,0,0,0,0,0,42,46,42,46,31,35,0,0,0,0,0,0,0,0,42,46,42,46,31,35,0,0,0,0,0,0,0,0,42,46,42,46,31,35,0,0,0,0,0,0,0,0,42,46,42,46,38,42,0,0,0,0,0,0,0,0
212,800,200,800,0,200,0,1000,42,46,42,46,31,35,0,0,0,0,0,0,0,0,42,46,42,46,31,35,0,0,0,0,0,0,0,0,42,46,42,46,31,35,0,0,0,0,0,0,0,0,42,46,42,46,31,35,0,0,0,0,0,0,0,0,42,46,42,46,31,35,0,0,0,0,0,0,0,0,42,46,42,46,38,42,0,0,0,0,0,0,0,0
213,800,200,800,0,200,0,1000,42,46,42,46,31,35,162734,2,162734,2,0,0,0,0,42,46,42,46,31,35,162734,2,162734,2,0,0,0,0,42,46,42,46,31,35,162734,2,162734,2,0,0,0,0,42,46,42,46,31,35,162734,2,162734,2,0,0,0,0,42,46,42,46,31,35,162734,2,162734,2,0,0,0,0,42,46,42,46,38,42,162734,2,162734,2,0,0,0,0
214,800,200,800,0,200,0,1000,42,46,42,46,31,35,84915,18,0,0,80291,1,4624,17,42,46,42,46,31,35,84915,18,0,0,80291,1,4624,17,42,46,42,46,31,35,84915,18,0,0,80291,1,4624,17,42,46,42,46,31,35,84915,18,0,0,80291,1,4624,17,42,46,42,46,31,35,84915,18,0,0,80291,1,4624,17,42,46,42,46,38,42,84915,18,0,0,80291,1,4624,17
215,800,200,800,0,200,0,1000,42,46,42,46,31,35,0,0,0,0,0,0,0,0,42,46,42,46,31,35,0,0,0,0,0,0,0,0,42,46,42,46,31,35,0,0,0,0,0,0,0,0,42,46,42,46,31,35,0,0,0,0,0,0,0,0,42,46,42,46,31,35,0,0,0,0,0,0,0,0,42,46,42,46,39,43,0,0,0,0,0,0,0,0
216,800,200,800,0,200,0,1000,42,46,42,46,31,35,0,0,0,0,0,0,0,0,42,46,42,46,31,35,0,0,0,0,0,0,0,0,42,46,42,46,31,35,0,0,0,0,0,0,0,0,42,46,42,46,31,35,0,0,0,0,0,0,0,0,42,46,42,46,31,35,0,0,0,0,0,0,0,0,42,46,42,46,39,43,0,0,0,0,0,0,0,0
217,800,200,800,0,200,0,1000,42,46,42,46,31,35,80983,1,80983,1,0,0,0,0,42,46,42,46,31,35,80983,1,80983,1,0,0,0,0,42,46,42,46,31,35,80983,1,80983,1,0,0,0,0,42,46,42,46,31,35,80983,1,80983,1,0,0,0,0,42,46,42,46,31,35,80983,1,80983,1,0,0,0,0,42,46,42,46,39,43,80983,1,80983,1,0,0,0,0
218,800,200,800,0,200,0,1000,42,46,42,46,31,35,85187,19,0,0,80291,1,4896,18,42,46,42,46,31,35,85187,19,0,0,80291,1,4896,18,42,46,42,46,31,35,85187,19,0,0,80291,1,4896,18,42,46,42,46,31,35,85187,19,0,0,80291,1,4896,18,42,46,42,46,31,35,85187,19,0,0,80291,1,4896,18,42,46,42,46,39,43,85187,19,0,0,80291,1,4896,18
219,800,200,800,0,200,0,1000,42,46,42,46,31,35,0,0,0,0,0,0,0,0,42,46,42,46,31,35,0,0,0,0,0,0,0,0,42,46,42,46,31,35,0,0,0,0,0,0,0,0,42,46,42,46,31,35,0,0,0,0,0,0,0,0,42,46,42,46,31,35,0,0,0,0,0,0,0,0,42,46,42,46,40,44,0,0,0,0,0,0,0,0
220,800,200,800,0,200,0,1000,42,46,42,46,31,35,0,0,0,0,0,0,0,0,42,46,42,46,31,35,0,0,0,0,0,0,0,0,42,46,42,46,31,35,0,0,0,0,0,0,0,0,42,46,42,46,31,35,0,0,0,0,0,0,0,0,42,46,42,46,31,35,0,0,0,0,0,0,0,0,42,46,42,46,40,44,0,0,0,0,0,0,0,0
221,800,200,800,0,200,0,1000,42,46,42,46,31,35,81015,1,81015,1,0,0,0,0,42,46,42,46,31,35,81015,1,81015,1,0,0,0,0,42,46,42,46,31,35,81015,1,81015,1,0,0,0,0,42,46,42,46,31,35,81015,1,81015,1,0,0,0,0,42,46,42,46,31,35,81015,1,81015,1,0,0,0,0,42,46,42,46,40,44,81015,1,81015,1,0,0,0,0
222,800,200,800,0,200,0,1000,42,46,42,46,31,35,86003,22,0,0,80291,1,5712,21,42,46,42,46,31,35,86003,22,0,0,80291,1,5712,21,42,46,42,46,31,35,86003,22,0,0,80291,1,5712,21,42,46,42,46,31,35,86003,22,0,0,80291,1,5712,21,42,46,42,46,31,35,86003,22,0,0,80291,1,5712,21,42,46,42,46,40,44,86003,22,0,0,80291,1,5712,21
223,800,200,800,0,200,0,1000,42,46,42,46,31,35,0,0,0,0,0,0,0,0,42,46,42,46,31,35,0,0,0,0,0,0,0,0,42,46,42,46,31,35,0,0,0,0,0,0,0,0,42,46,42,46,31,35,0,0,0,0,0,0,0,0,42,46,42,46,31,35,0,0,0,0,0,0,0,0,42,46,42,46,41,45,0,0,0,0,0,0,0,0
224,800,200,800,0,200,0,1000,42,46,42,46,31,35,0,0,0,0,0,0,0,0,42,46,42,46,31,35,0,0,0,0,0,0,0,0,42,46,42,46,31,35,0,0,0,0,0,0,0,0,42,46,42,46,31,35,0,0,0,0,0,0,0,0,42,46,42,46,31,35,0,0,0,0,0,0,0,0,42,46,42,46,41,45,0,0,0,0,0,0,0,0
225,800,200,800,0,200,0,1000,42,46,42,46,31,35,0,0,0,0,0,0,0,0,42,46,42,46,31,35,0,0,0,0,0,0,0,0,42,46,42,46,31,35,0,0,0,0,0,0,0,0,42,46,42,46,31,35,0,0,0,0,0,0,0,0,42,46,42,46,31,35,0,0,0,0,0,0,0,0,42,46,42,46,41,45,0,0,0,0,0,0,0,0
226,800,200,800,0,200,0,1000,42,46,42,46,31,35,5440,20,0,0,0,0,5440,20,42,46,42,46,31,35,5440,20,0,0,0,0,5440,20,42,46,42,46,31,35,5440,20,0,0,0,0,5440,20,42,46,42,46,31,35,5440,20,0,0,0,0,5440,20,42,46,42,46,31,35,5440,20,0,0,0,0,5440,20,42,46,42,46,41,45,5440,20,0,0,0,0,5440,20
227,800,200,800,0,200,0,1000,42,46,42,46,31,35,0,0,0,0,0,0,0,0,42,46,42,46,31,35,0,0,0,0,0,0,0,0,42,46,42,46,31,35,0,0,0,0,0,0,0,0,42,46,42,46,31,35,0,0,0,0,0,0,0,0,42,46,42,46,31,35,0,0,0,0,0,0,0,0,42,46,42,46,42,46,0,0,0,0,0,0,0,0
228,800,200,800,0,200,0,1000,42,46,42,46,31,35,0,0,0,0,0,0,0,0,42,46,42,46,31,35,0,0,0,0,0,0,0,0,42,46,42,46,31,35,0,0,0,0,0,0,0,0,42,46,42,46,31,35,0,0,0,0,0,0,0,0,42,46,42,46,31,35,0,0,0,0,0,0,0,0,42,46,42,46,42,46,0,0,0,0,0,0,0,0
229,800,200,800,0,200,0,1000,42,46,42,46,31,35,81079,1,81079,1,0,0,0,0,42,46,42,46,31,35,81079,1,81079,1,0,0,0,0,42,46,42,46,31,35,81079,1,81079,1,0,0,0,0,42,46,42,46,31,35,81079,1,81079,1,0,0,0,0,42,46,42,46,31,35,81079,1,81079,1,0,0,0,0,42,46,42,46,42,46,81079,1,81079,1,0,0,0,0
230,800,200,800,0,200,0,1000,42,46,42,46,31,35,85459,20,0,0,80291,1,5168,19,42,46,42,46,31,35,85459,20,0,0,80291,1,5168,19,42,46,42,46,31,35,85459,20,0,0,80291,1,5168,19,42,46,42,46,31,35,85459,20,0,0,80291,1,5168,19,42,46,42,46,31,35,85459,20,0,0,80291,1,5168,19,42,46,42,46,42,46,85459,20,0,0,80291,1,5168,19
231,800,200,800,0,200,0,1000,42,46,42,46,31,35,0,0,0,0,0,0,0,0,42,46,42,46,31,35,0,0,0,0,0,0,0,0,42,46,42,46,31,35,0,0,0,0,0,0,0,0,42,46,42,46,31,35,0,0,0,0,0,0,0,0,42,46,42,46,31,35,0,0,0,0,0,0,0,0,43,47,42,46,43,47,0,0,0,0,0,0,0,0
232,800,200,800,0,200,0,1000,42,46,42,46,31,35,0,0,0,0,0,0,0,0,42,46,42,46,31,35,0,0,0,0,0,0,0,0,42,46,42,46,31,35,0,0,0,0,0,0,0,0,42,46,42,46,31,35,0,0,0,0,0,0,0,0,42,46,42,46,31,35,0,0,0,0,0,0,0,0,43,47,42,46,43,47,0,0,0,0,0,0,0,0
233,800,200,800,0,200,0,1000,42,46,42,46,31,35,0,0,0,0,0,0,0,0,42,46,42,46,31,35,0,0,0,0,0,0,0,0,42,46,42,46,31,35,0,0,0,0,0,0,0,0,42,46,42,46,31,35,0,0,0,0,0,0,0,0,42,46,42,46,31,35,0,0,0,0,0,0,0,0,43,47,42,46,43,47,0,0,0,0,0,0,0,0
234,800,200,800,0,200,0,1000,42,46,42,46,31,35,4624,17,0,0,0,0,4624,17,42,46,42,46,31,35,4624,17,0,0,0,0,4624,17,42,46,42,46,31,35,4624,17,0,0,0,0,4624,17,42,46,42,46,31,35,4624,17,0,0,0,0,4624,17,42,46,42,46,31,35,4624,17,0,0,0,0,4624,17,43,47,42,46,43,47,4624,17,0,0,0,0,4624,17
235,800,200,800,0,200,0,1000,42,46,42,46,31,35,0,0,0,0,0,0,0,0,42,46,42,46,31,35,0,0,0,0,0,0,0,0,42,46,42,46,31,35,0,0,0,0,0,0,0,0,42,46,42,46,31,35,0,0,0,0,0,0,0,0,42,46,42,46,31,35,0,0,0,0,0,0,0,0,44,48,42,46,44,48,0,0,0,0,0,0,0,0
236,800,200,800,0,200,0,1000,42,46,42,46,31,35,0,0,0,0,0,0,0,0,42,46,42,46,31,35,0,0,0,0,0,0,0,0,42,46,42,46,31,35,0,0,0,0,0,0,0,0,42,46,42,46,31,35,0,0,0,0,0,0,0,0,42,46,42,46,31,35,0,0,0,0,0,0,0,0,44,48,42,46,44,48,0,0,0,0,0,0,0,0
237,800,200,800,0,200,0,1000,42,46,42,46,31,35,161966,2,161966,2,0,0,0,0,42,46,42,46,31,35,161966,2,161966,2,0,0,0,0,42,46,42,46,31,35,161966,2,161966,2,0,0,0,0,42,46,42,46,31,35,161966,2,161966,2,0,0,0,0,42,46,42,46,31,35,161966,2,161966,2,0,0,0,0,44,48,42,46,44,48,161966,2,161966,2,0,0,0,0
238,800,200,800,0,200,0,1000,42,46,42,46,31,35,85187,19,0,0,80291,1,4896,18,42,46,42,46,31,35,85187,19,0,0,80291,1,4896,18,42,46,42,46,31,35,85187,19,0,0,80291,1,4896,18,42,46,42,46,31,35,85187,19,0,0,80291,1,4896,18,42,46,42,46,31,35,85187,19,0,0,80291,1,4896,18,44,48,42,46,44,48,85187,19,0,0,80291,1,4896,18
239,800,200,800,0,200,0,1000,42,46,42,46,31,35,0,0,0,0,0,0,0,0,42,46,42,46,31,35,0,0,0,0,0,0,0,0,42,46,42,46,31,35,0,0,0,0,0,0,0,0,42,46,42,46,31,35,0,0,0,0,0,0,0,0,42,46,42,46,31,35,0,0,0,0,0,0,0,0,45,49,42,46,45,49,0,0,0,0,0,0,0,0
240,800,200,800,0,200,0,1000,42,46,42,46,31,35,0,0,0,0,0,0,0,0,42,46,42,46,31,35,0,0,0,0,0,0,0,0,42,46,42,46,31,35,0,0,0,0,0,0,0,0,42,46,42,46,31,35,0,0,0,0,0,0,0,0,42,46,42,46,31,35,0,0,0,0,0,0,0,0,45,49,42,46,45,49,0,0,0,0,0,0,0,0
241,800,200,800,0,200,0,1000,42,46,42,46,31,35,81015,1,81015,1,0,0,0,0,42,46,42,46,31,35,81015,1,81015,1,0,0,0,0,42,46,42,46,31,35,81015,1,81015,1,0,0,0,0,42,46,42,46,31,35,81015,1,81015,1,0,0,0,0,42,46,42,46,31,35,81015,1,81015,1,0,0,0,0,45,49,42,46,45,49,81015,1,81015,1,0,0,0,0
242,800,200,800,0,200,0,1000,42,46,42,46,31,35,85187,19,0,0,80291,1,4896,18,42,46,42,46,31,35,85187,19,0,0,80291,1,4896,18,42,46,42,46,31,35,85187,19,0,0,80291,1,4896,18,42,46,42,46,31,35,85187,19,0,0,80291,1,4896,18,42,46,42,46,31,35,85187,19,0,0,80291,1,4896,18,45,49,42,46,45,49,85187,19,0,0,80291,1,4896,18
243,800,200,800,0,200,0,1000,42,46,42,46,31,35,0,0,0,0,0,0,0,0,42,46,42,46,31,35,0,0,0,0,0,0,0,0,42,46,42,46,31,35,0,0,0,0,0,0,0,0,42,46,42,46,31,35,0,0,0,0,0,0,0,0,42,46,42,46,31,35,0,0,0,0,0,0,0,0,45,49,42,46,45,49,0,0,0,0,0,0,0,0
244,800,200,800,0,200,0,1000,42,46,42,46,31,35,0,0,0,0,0,0,0,0,42,46,42,46,31,35,0,0,0,0,0,0,0,0,42,46,42,46,31,35,0,0,0,0,0,0,0,0,42,46,42,46,31,35,0,0,0,0,0,0,0,0,42,46,42,46,31,35,0,0,0,0,0,0,0,0,45,49,42,46,45,49,0,0,0,0,0,0,0,0
245,800,200,800,0,200,0,1000,42,46,42,46,31,35,162030,2,162030,2,0,0,0,0,42,46,42,46,31,35,162030,2,162030,2,0,0,0,0,42,46,42,46,31,35,162030,2,162030,2,0,0,0,0,42,46,42,46,31,35,162030,2,162030,2,0,0,0,0,42,46,42,46,31,35,162030,2,162030,2,0,0,0,0,45,49,42,46,45,49,162030,2,162030,2,0,0,0,0
246,800,200,800,0,200,0,1000,42,46,42,46,31,35,85187,19,0,0,80291,1,4896,18,42,46,42,46,31,35,85187,19,0,0,80291,1,4896,18,42,46,42,46,31,35,85187,19,0,0,80291,1,4896,18,42,46,42,46,31,35,85187,19,0,0,80291,1,4896,18,42,46,42,46,31,35,85187,19,0,0,80291,1,4896,18,45,49,42,46,45,49,85187,19,0,0,80291,1,4896,18
247,800,200,800,0,200,0,1000,42,46,42,46,31,35,0,0,0,0,0,0,0,0,42,46,42,46,31,35,0,0,0,0,0,0,0,0,42,46,42,46,31,35,0,0,0,0,0,0,0,0,42,46,42,46,31,35,0,0,0,0,0,0,0,0,42,46,42,46,31,35,0,0,0,0,0,0,0,0,45,49,42,46,45,49,0,0,0,0,0,0,0,0
248,0,1000,0,800,200,0,1000,42,46,42,46,31,35,0,0,0,0,0,0,0,0,42,46,42,46,31,35,0,0,0,0,0,0,0,0,42,46,42,46,31,35,0,0,0,0,0,0,0,0,42,46,42,46,31,35,0,0,0,0,0,0,0,0,42,46,42,46,31,35,0,0,0,0,0,0,0,0,45,49,42,46,45,49,0,0,0,0,0,0,0,0
249,0,1000,0,800,200,0,1000,42,46,42,46,31,35,81015,1,81015,1,0,0,0,0,42,46,42,46,31,35,81015,1,81015,1,0,0,0,0,42,46,42,46,31,35,81015,1,81015,1,0,0,0,0,42,46,42,46,31,35,81015,1,81015,1,0,0,0,0,42,46,42,46,31,35,81015,1,81015,1,0,0,0,0,45,49,42,46,45,49,81015,1,81015,1,0,0,0,0
250,0,1000,0,800,200,0,1000,42,46,42,46,31,35,84371,16,0,0,80291,1,4080,15,42,46,42,46,31,35,84371,16,0,0,80291,1,4080,15,42,46,42,46,31,35,84371,16,0,0,80291,1,4080,15,42,46,42,46,31,35,84371,16,0,0,80291,1,4080,15,42,46,42,46,31,35,84371,16,0,0,80291,1,4080,15,45,49,42,46,45,49,84371,16,0,0,80291,1,4080,15
251,0,1000,0,0,1000,0,1000,45,49,42,46,45,49,0,0,0,0,0,0,0,0,45,49,42,46,45,49,0,0,0,0,0,0,0,0,45,49,42,46,45,49,0,0,0,0,0,0,0,0,45,49,42,46,45,49,0,0,0,0,0,0,0,0,45,49,42,46,45,49,0,0,0,0,0,0,0,0,45,49,42,46,45,49,0,0,0,0,0,0,0,0
252,0,1000,0,0,1000,0,1000,45,49,42,46,45,49,0,0,0,0,0,0,0,0,45,49,42,46,45,49,0,0,0,0,0,0,0,0,45,49,42,46,45,49,0,0,0,0,0,0,0,0,45,49,42,46,45,49,0,0,0,0,0,0,0,0,45,49,42,46,45,49,0,0,0,0,0,0,0,0,45,49,42,46,45,49,0,0,0,0,0,0,0,0
253,0,1000,0,0,1000,0,1000,45,49,42,46,45,49,485514,6,485514,6,0,0,0,0,45,49,42,46,45,49,485514,6,485514,6,0,0,0,0,45,49,42,46,45,49,485514,6,485514,6,0,0,0,0,45,49,42,46,45,49,485514,6,485514,6,0,0,0,0,45,49,42,46,45,49,485514,6,485514,6,0,0,0,0,45,49,42,46,45,49,485514,6,485514,6,0,0,0,0
254,0,1000,0,0,1000,0,1000,54,63,54,63,45,49,101779,80,0,0,80291,1,21488,79,54,63,54,63,45,49,101779,80,0,0,80291,1,21488,79,54,63,54,63,45,49,101779,80,0,0,80291,1,21488,79,54,63,54,63,45,49,101779,80,0,0,80291,1,21488,79,54,63,54,63,45,49,101779,80,0,0,80291,1,21488,79,54,63,54,63,45,49,101779,80,0,0,80291,1,21488,79
255,0,1000,0,0,1000,0,1000,54,63,54,63,46,53,0,0,0,0,0,0,0,0,54,63,54,63,46,53,0,0,0,0,0,0,0,0,54,63,54,63,46,53,0,0,0,0,0,0,0,0,54,63,54,63,46,53,0,0,0,0,0,0,0,0,54,63,54,63,46,53,0,0,0,0,0,0,0,0,54,63,54,63,46,53,0,0,0,0,0,0,0,0
256,0,1000,0,0,1000,0,1000,54,63,54,63,46,53,0,0,0,0,0,0,0,0,54,63,54,63,46,53,0,0,0,0,0,0,0,0,54,63,54,63,46,53,0,0,0,0,0,0,0,0,54,63,54,63,46,53,0,0,0,0,0,0,0,0,54,63,54,63,46,53,0,0,0,0,0,0,0,0,54,63,54,63,46,53,0,0,0,0,0,0,0,0
257,0,1000,0,0,1000,0,1000,54,63,54,63,46,53,248901,3,248901,3,0,0,0,0,54,63,54,63,46,53,248901,3,248901,3,0,0,0,0,54,63,54,63,46,53,248901,3,248901,3,0,0,0,0,54,63,54,63,46,53,248901,3,248901,3,0,0,0,0,54,63,54,63,46,53,248901,3,248901,3,0,0,0,0,54,63,54,63,46,53,248901,3,248901,3,0,0,0,0
258,0,1000,0,0,1000,0,1000,55,64,55,64,46,53,108307,104,0,0,80291,1,28016,103,55,64,55,64,46,53,108307,104,0,0,80291,1,28016,103,55,64,55,64,46,53,108307,104,0,0,80291,1,28016,103,55,64,55,64,46,53,108307,104,0,0,80291,1,28016,103,55,64,55,64,46,53,108307,104,0,0,80291,1,28016,103,55,64,55,64,46,53,108307,104,0,0,80291,1,28016,103
259,0,1000,0,0,1000,0,1000,55,64,55,64,47,54,0,0,0,0,0,0,0,0,55,64,55,64,47,54,0,0,0,0,0,0,0,0,55,64,55,64,47,54,0,0,0,0,0,0,0,0,55,64,55,64,47,54,0,0,0,0,0,0,0,0,55,64,55,64,47,54,0,0,0,0,0,0,0,0,55,64,55,64,47,54,0,0,0,0,0,0,0,0
260,0,1000,0,0,1000,0,1000,55,64,55,64,47,54,0,0,0,0,0,0,0,0,55,64,55,64,47,54,0,0,0,0,0,0,0,0,55,64,55,64,47,54,0,0,0,0,0,0,0,0,55,64,55,64,47,54,0,0,0,0,0,0,0,0,55,64,55,64,47,54,0,0,0,0,0,0,0,0,55,64,55,64,47,54,0,0,0,0,0,0,0,0
261,0,1000,0,0,1000,0,1000,55,64,55,64,47,54,418674,5,418674,5,0,0,0,0,55,64,55,64,47,54,418674,5,418674,5,0,0,0,0,55,64,55,64,47,54,418674,5,418674,5,0,0,0,0,55,64,55,64,47,54,418674,5,418674,5,0,0,0,0,55,64,55,64,47,54,418674,5,418674,5,0,0,0,0,55,64,55,64,47,54,418674,5,418674,5,0,0,0,0
262,0,1000,0,0,1000,0,1000,56,65,56,65,47,54,108307,104,0,0,80291,1,28016,103,56,65,56,65,47,54,108307,104,0,0,80291,1,28016,103,56,65,56,65,47,54,108307,104,0,0,80291,1,28016,103,56,65,56,65,47,54,108307,104,0,0,80291,1,28016,103,56,65,56,65,47,54,108307,104,0,0,80291,1,28016,103,56,65,56,65,47,54,108307,104,0,0,80291,1,28016,103
263,0,1000,0,0,1000,0,1000,56,65,56,65,48,55,0,0,0,0,0,0,0,0,56,65,56,65,48,55,0,0,0,0,0,0,0,0,56,65,56,65,48,55,0,0,0,0,0,0,0,0,56,65,56,65,48,55,0,0,0,0,0,0,0,0,56,65,56,65,48,55,0,0,0,0,0,0,0,0,56,65,56,65,48,55,0,0,0,0,0,0,0,0
264,0,1000,0,0,1000,0,1000,56,65,56,65,48,55,0,0,0,0,0,0,0,0,56,65,56,65,48,55,0,0,0,0,0,0,0,0,56,65,56,65,48,55,0,0,0,0,0,0,0,0,56,65,56,65,48,55,0,0,0,0,0,0,0,0,56,65,56,65,48,55,0,0,0,0,0,0,0,0,56,65,56,65,48,55,0,0,0,0,0,0,0,0
265,0,1000,0,0,1000,0,1000,56,65,56,65,48,55,334939,4,334939,4,0,0,0,0,56,65,56,65,48,55,334939,4,334939,4,0,0,0,0,56,65,56,65,48,55,334939,4,334939,4,0,0,0,0,56,65,56,65,48,55,334939,4,334939,4,0,0,0,0,56,65,56,65,48,55,334939,4,334939,4,0,0,0,0,56,65,56,65,48,55,334939,4,334939,4,0,0,0,0
266,0,1000,0,0,1000,0,1000,57,66,57,66,48,55,111571,116,0,0,80291,1,31280,115,57,66,57,66,48,55,111571,116,0,0,80291,1,31280,115,57,66,57,66,48,55,111571,116,0,0,80291,1,31280,115,57,66,57,66,48,55,111571,116,0,0,80291,1,31280,115,57,66,57,66,48,55,111571,116,0,0,80291,1,31280,115,57,66,57,66,48,55,111571,116,0,0,80291,1,31280,115
267,0,1000,0,0,1000,0,1000,57,66,57,66,48,55,0,0,0,0,0,0,0,0,57,66,57,66,48,55,0,0,0,0,0,0,0,0,57,66,57,66,48,55,0,0,0,0,0,0,0,0,57,66,57,66,48,55,0,0,0,0,0,0,0,0,57,66,57,66,48,55,0,0,0,0,0,0,0,0,57,66,57,66,48,55,0,0,0,0,0,0,0,0
268,0,1000,0,0,1000,0,1000,57,66,57,66,48,55,0,0,0,0,0,0,0,0,57,66,57,66,48,55,0,0,0,0,0,0,0,0,57,66,57,66,48,55,0,0,0,0,0,0,0,0,57,66,57,66,48,55,0,0,0,0,0,0,0,0,57,66,57,66,48,55,0,0,0,0,0,0,0,0,57,66,57,66,48,55,0,0,0,0,0,0,0,0
269,0,1000,0,0,1000,0,1000,57,66,57,66,48,55,420595,5,420595,5,0,0,0,0,57,66,57,66,48,55,420595,5,420595,5,0,0,0,0,57,66,57,66,48,55,420595,5,420595,5,0,0,0,0,57,66,57,66,48,55,420595,5,420595,5,0,0,0,0,57,66,57,66,48,55,420595,5,420595,5,0,0,0,0,57,66,57,66,48,55,420595,5,420595,5,0,0,0,0
270,0,1000,0,0,1000,0,1000,58,67,58,67,48,55,110483,112,0,0,80291,1,30192,111,58,67,58,67,48,55,110483,112,0,0,80291,1,30192,111,58,67,58,67,48,55,110483,112,0,0,80291,1,30192,111,58,67,58,67,48,55,110483,112,0,0,80291,1,30192,111,58,67,58,67,48,55,110483,112,0,0,80291,1,30192,111,58,67,58,67,48,55,110483,112,0,0,80291,1,30192,111
271,0,1000,0,0,1000,0,1000,58,67,58,67,49,57,0,0,0,0,0,0,0,0,58,67,58,67,49,57,0,0,0,0,0,0,0,0,58,67,58,67,49,57,0,0,0,0,0,0,0,0,58,67,58,67,49,57,0,0,0,0,0,0,0,0,58,67,58,67,49,57,0,0,0,0,0,0,0,0,58,67,58,67,49,57,0,0,0,0,0,0,0,0
272,0,1000,0,0,1000,0,1000,58,67,58,67,49,57,0,0,0,0,0,0,0,0,58,67,58,67,49,57,0,0,0,0,0,0,0,0,58,67,58,67,49,57,0,0,0,0,0,0,0,0,58,67,58,67,49,57,0,0,0,0,0,0,0,0,58,67,58,67,49,57,0,0,0,0,0,0,0,0,58,67,58,67,49,57,0,0,0,0,0,0,0,0
273,0,1000,0,0,1000,0,1000,58,67,58,67,49,57,335963,4,335963,4,0,0,0,0,58,67,58,67,49,57,335963,4,335963,4,0,0,0,0,58,67,58,67,49,57,335963,4,335963,4,0,0,0,0,58,67,58,67,49,57,335963,4,335963,4,0,0,0,0,58,67,58,67,49,57,335963,4,335963,4,0,0,0,0,58,67,58,67,49,57,335963,4,335963,4,0,0,0,0
274,0,1000,0,0,1000,0,1000,59,68,59,68,49,57,109122,107,0,0,80290,1,28832,106,59,68,59,68,49,57,109122,107,0,0,80290,1,28832,106,59,68,59,68,49,57,109122,107,0,0,80290,1,28832,106,59,68,59,68,49,57,109122,107,0,0,80290,1,28832,106,59,68,59,68,49,57,109122,107,0,0,80290,1,28832,106,59,68,59,68,49,57,109122,107,0,0,80290,1,28832,106
275,0,1000,0,0,1000,0,1000,59,68,59,68,49,57,0,0,0,0,0,0,0,0,59,68,59,68,49,57,0,0,0,0,0,0,0,0,59,68,59,68,49,57,0,0,0,0,0,0,0,0,59,68,59,68,49,57,0,0,0,0,0,0,0,0,59,68,59,68,49,57,0,0,0,0,0,0,0,0,59,68,59,68,49,57,0,0,0,0,0,0,0,0
276,0,1000,0,0,1000,0,1000,59,68,59,68,49,57,0,0,0,0,0,0,0,0,59,68,59,68,49,57,0,0,0,0,0,0,0,0,59,68,59,68,49,57,0,0,0,0,0,0,0,0,59,68,59,68,49,57,0,0,0,0,0,0,0,0,59,68,59,68,49,57,0,0,0,0,0,0,0,0,59,68,59,68,49,57,0,0,0,0,0,0,0,0
277,0,1000,0,0,1000,0,1000,59,68,59,68,49,57,335324,4,335324,4,0,0,0,0,59,68,59,68,49,57,335324,4,335324,4,0,0,0,0,59,68,59,68,49,57,335324,4,335324,4,0,0,0,0,59,68,59,68,49,57,335324,4,335324,4,0,0,0,0,59,68,59,68,49,57,335324,4,335324,4,0,0,0,0,59,68,59,68,49,57,335324,4,335324,4,0,0,0,0
278,0,1000,0,0,1000,0,1000,60,69,60,69,49,57,108579,105,0,0,80291,1,28288,104,60,69,60,69,49,57,108579,105,0,0,80291,1,28288,104,60,69,60,69,49,57,108579,105,0,0,80291,1,28288,104,60,69,60,69,49,57,108579,105,0,0,80291,1,28288,104,60,69,60,69,49,57,108579,105,0,0,80291,1,28288,104,60,69,60,69,49,57,108579,105,0,0,80291,1,28288,104
279,0,1000,0,0,1000,0,1000,60,69,60,69,50,59,0,0,0,0,0,0,0,0,60,69,60,69,50,59,0,0,0,0,0,0,0,0,60,69,60,69,50,59,0,0,0,0,0,0,0,0,60,69,60,69,50,59,0,0,0,0,0,0,0,0,60,69,60,69,50,59,0,0,0,0,0,0,0,0,60,69,60,69,50,59,0,0,0,0,0,0,0,0
280,0,1000,0,0,1000,0,1000,60,69,60,69,50,59,0,0,0,0,0,0,0,0,60,69,60,69,50,59,0,0,0,0,0,0,0,0,60,69,60,69,50,59,0,0,0,0,0,0,0,0,60,69,60,69,50,59,0,0,0,0,0,0,0,0,60,69,60,69,50,59,0,0,0,0,0,0,0,0,60,69,60,69,50,59,0,0,0,0,0,0,0,0
281,0,1000,0,0,1000,0,1000,60,69,60,69,50,59,921437,11,921437,11,0,0,0,0,60,69,60,69,50,59,921437,11,921437,11,0,0,0,0,60,69,60,69,50,59,921437,11,921437,11,0,0,0,0,60,69,60,69,50,59,921437,11,921437,11,0,0,0,0,60,69,60,69,50,59,921437,11,921437,11,0,0,0,0,60,69,60,69,50,59,921437,11,921437,11,0,0,0,0
282,0,1000,0,0,1000,0,1000,61,70,61,70,50,59,101779,80,0,0,80291,1,21488,79,61,70,61,70,50,59,101779,80,0,0,80291,1,21488,79,61,70,61,70,50,59,101779,80,0,0,80291,1,21488,79,61,70,61,70,50,59,101779,80,0,0,80291,1,21488,79,61,70,61,70,50,59,101779,80,0,0,80291,1,21488,79,61,70,61,70,50,59,101779,80,0,0,80291,1,21488,79
283,0,1000,0,0,1000,0,1000,61,70,61,70,51,60,0,0,0,0,0,0,0,0,61,70,61,70,51,60,0,0,0,0,0,0,0,0,61,70,61,70,51,60,0,0,0,0,0,0,0,0,61,70,61,70,51,60,0,0,0,0,0,0,0,0,61,70,61,70,51,60,0,0,0,0,0,0,0,0,61,70,61,70,51,60,0,0,0,0,0,0,0,0
284,0,1000,0,0,1000,0,1000,61,70,61,70,51,60,0,0,0,0,0,0,0,0,61,70,61,70,51,60,0,0,0,0,0,0,0,0,61,70,61,70,51,60,0,0,0,0,0,0,0,0,61,70,61,70,51,60,0,0,0,0,0,0,0,0,61,70,61,70,51,60,0,0,0,0,0,0,0,0,61,70,61,70,51,60,0,0,0,0,0,0,0,0
285,0,1000,0,0,1000,0,1000,61,70,61,70,51,60,248901,3,248901,3,0,0,0,0,61,70,61,70,51,60,248901,3,248901,3,0,0,0,0,61,70,61,70,51,60,248901,3,248901,3,0,0,0,0,61,70,61,70,51,60,248901,3,248901,3,0,0,0,0,61,70,61,70,51,60,248901,3,248901,3,0,0,0,0,61,70,61,70,51,60,248901,3,248901,3,0,0,0,0
286,0,1000,0,0,1000,0,1000,62,71,62,71,51,60,107763,102,0,0,80291,1,27472,101,62,71,62,71,51,60,107763,102,0,0,80291,1,27472,101,62,71,62,71,51,60,107763,102,0,0,80291,1,27472,101,62,71,62,71,51,60,107763,102,0,0,80291,1,27472,101,62,71,62,71,51,60,107763,102,0,0,80291,1,27472,101,62,71,62,71,51,60,107763,102,0,0,80291,1,27472,101
287,0,1000,0,0,1000,0,1000,62,71,62,71,52,61,0,0,0,0,0,0,0,0,62,71,62,71,52,61,0,0,0,0,0,0,0,0,62,71,62,71,52,61,0,0,0,0,0,0,0,0,62,71,62,71,52,61,0,0,0,0,0,0,0,0,62,71,62,71,52,61,0,0,0,0,0,0,0,0,62,71,62,71,52,61,0,0,0,0,0,0,0,0
288,0,1000,0,0,1000,0,1000,62,71,62,71,52,61,0,0,0,0,0,0,0,0,62,71,62,71,52,61,0,0,0,0,0,0,0,0,62,71,62,71,52,61,0,0,0,0,0,0,0,0,62,71,62,71,52,61,0,0,0,0,0,0,0,0,62,71,62,71,52,61,0,0,0,0,0,0,0,0,62,71,62,71,52,61,0,0,0,0,0,0,0,0
289,0,1000,0,0,1000,0,1000,62,71,62,71,52,61,167342,2,167342,2,0,0,0,0,62,71,62,71,52,61,167342,2,167342,2,0,0,0,0,62,71,62,71,52,61,167342,2,167342,2,0,0,0,0,62,71,62,71,52,61,167342,2,167342,2,0,0,0,0,62,71,62,71,52,61,167342,2,167342,2,0,0,0,0,62,71,62,71,52,61,167342,2,167342,2,0,0,0,0
290,0,1000,0,0,1000,0,1000,63,72,63,72,52,61,109123,107,0,0,80291,1,28832,106,63,72,63,72,52,61,109123,107,0,0,80291,1,28832,106,63,72,63,72,52,61,109123,107,0,0,80291,1,28832,106,63,72,63,72,52,61,109123,107,0,0,80291,1,28832,106,63,72,63,72,52,61,109123,107,0,0,80291,1,28832,106,63,72,63,72,52,61,109123,107,0,0,80291,1,28832,106
291,0,1000,0,0,1000,0,1000,63,72,63,72,53,62,0,0,0,0,0,0,0,0,63,72,63,72,53,62,0,0,0,0,0,0,0,0,63,72,63,72,53,62,0,0,0,0,0,0,0,0,63,72,63,72,53,62,0,0,0,0,0,0,0,0,63,72,63,72,53,62,0,0,0,0,0,0,0,0,63,72,63,72,53,62,0,0,0,0,0,0,0,0
292,0,1000,0,0,1000,0,1000,63,72,63,72,53,62,0,0,0,0,0,0,0,0,63,72,63,72,53,62,0,0,0,0,0,0,0,0,63,72,63,72,53,62,0,0,0,0,0,0,0,0,63,72,63,72,53,62,0,0,0,0,0,0,0,0,63,72,63,72,53,62,0,0,0,0,0,0,0,0,63,72,63,72,53,62,0,0,0,0,0,0,0,0
293,0,1000,0,0,1000,0,1000,63,72,63,72,53,62,419154,5,419154,5,0,0,0,0,63,72,63,72,53,62,419154,5,419154,5,0,0,0,0,63,72,63,72,53,62,419154,5,419154,5,0,0,0,0,63,72,63,72,53,62,419154,5,419154,5,0,0,0,0,63,72,63,72,53,62,419154,5,419154,5,0,0,0,0,63,72,63,72,53,62,419154,5,419154,5,0,0,0,0
294,0,1000,0,0,1000,0,1000,64,73,64,73,53,62,103955,88,0,0,80291,1,23664,87,64,73,64,73,53,62,103955,88,0,0,80291,1,23664,87,64,73,64,73,53,62,103955,88,0,0,80291,1,23664,87,64,73,64,73,53,62,103955,88,0,0,80291,1,23664,87,64,73,64,73,53,62,103955,88,0,0,80291,1,23664,87,64,73,64,73,53,62,103955,88,0,0,80291,1,23664,87
295,0,1000,0,0,1000,0,1000,64,73,64,73,54,63,0,0,0,0,0,0,0,0,64,73,64,73,54,63,0,0,0,0,0,0,0,0,64,73,64,73,54,63,0,0,0,0,0,0,0,0,64,73,64,73,54,63,0,0,0,0,0,0,0,0,64,73,64,73,54,63,0,0,0,0,0,0,0,0,64,73,64,73,54,63,0,0,0,0,0,0,0,0
296,0,1000,0,0,1000,0,1000,64,73,64,73,54,63,0,0,0,0,0,0,0,0,64,73,64,73,54,63,0,0,0,0,0,0,0,0,64,73,64,73,54,63,0,0,0,0,0,0,0,0,64,73,64,73,54,63,0,0,0,0,0,0,0,0,64,73,64,73,54,63,0,0,0,0,0,0,0,0,64,73,64,73,54,63,0,0,0,0,0,0,0,0
297,0,1000,0,0,1000,0,1000,64,73,64,73,54,63,332892,4,332892,4,0,0,0,0,64,73,64,73,54,63,332892,4,332892,4,0,0,0,0,64,73,64,73,54,63,332892,4,332892,4,0,0,0,0,64,73,64,73,54,63,332892,4,332892,4,0,0,0,0,64,73,64,73,54,63,332892,4,332892,4,0,0,0,0,64,73,64,73,54,63,332892,4,332892,4,0,0,0,0
298,0,1000,0,0,1000,0,1000,65,74,65,74,54,63,108579,105,0,0,80291,1,28288,104,65,74,65,74,54,63,108579,105,0,0,80291,1,28288,104,65,74,65,74,54,63,108579,105,0,0,80291,1,28288,104,65,74,65,74,54,63,108579,105,0,0,80291,1,28288,104,65,74,65,74,54,63,108579,105,0,0,80291,1,28288,104,65,74,65,74,54,63,108579,105,0,0,80291,1,28288,104
299,0,1000,0,0,1000,0,1000,65,74,65,74,55,64,0,0,0,0,0,0,0,0,65,74,65,74,55,64,0,0,0,0,0,0,0,0,65,74,65,74,55,64,0,0,0,0,0,0,0,0,65,74,65,74,55,64,0,0,0,0,0,0,0,0,65,74,65,74,55,64,0,0,0,0,0,0,0,0,65,74,65,74,55,64,0,0,0,0,0,0,0,0
300,0,1000,0,0,1000,0,1000,65,74,65,74,55,64,0,0,0,0,0,0,0,0,65,74,65,74,55,64,0,0,0,0,0,0,0,0,65,74,65,74,55,64,0,0,0,0,0,0,0,0,65,74,65,74,55,64,0,0,0,0,0,0,0,0,65,74,65,74,55,64,0,0,0,0,0,0,0,0,65,74,65,74,55,64,0,0,0,0,0,0,0,0
301,0,1000,0,0,1000,0,1000,65,74,65,74,55,64,586368,7,586368,7,0,0,0,0,65,74,65,74,55,64,586368,7,586368,7,0,0,0,0,65,74,65,74,55,64,586368,7,586368,7,0,0,0,0,65,74,65,74,55,64,586368,7,586368,7,0,0,0,0,65,74,65,74,55,64,586368,7,586368,7,0,0,0,0,65,74,65,74,55,64,586368,7,586368,7,0,0,0,0
302,0,1000,0,0,1000,0,1000,66,75,66,75,55,64,104227,89,0,0,80291,1,23936,88,66,75,66,75,55,64,104227,89,0,0,80291,1,23936,88,66,75,66,75,55,64,104227,89,0,0,80291,1,23936,88,66,75,66,75,55,64,104227,89,0,0,80291,1,23936,88,66,75,66,75,55,64,104227,89,0,0,80291,1,23936,88,66,75,66,75,55,64,104227,89,0,0,80291,1,23936,88
303,0,1000,0,0,1000,0,1000,66,75,66,75,56,65,0,0,0,0,0,0,0,0,66,75,66,75,56,65,0,0,0,0,0,0,0,0,66,75,66,75,56,65,0,0,0,0,0,0,0,0,66,75,66,75,56,65,0,0,0,0,0,0,0,0,66,75,66,75,56,65,0,0,0,0,0,0,0,0,66,75,66,75,56,65,0,0,0,0,0,0,0,0

digraph G {
  rankdir=BT;
  style=filled;
  color=lightgrey;
  node [shape=box,style=filled,color=white];
  b_HiCDcjtvLeK [label="H(iCDcjtvLeK)\nt=32 id=618"];
  b_HSGHGhPnh72 [label="H(SGHGhPnh72)\nt=64 id=322"];
  b_H9mPcGaKYp7 [label="H(9mPcGaKYp7)\nt=6 id=733"];
  b_HWxLqSTM2b [label="H(WxL+qSTM2b)\nt=38 id=84"];
  b_HEix5BSMtmp [label="H(Eix5BSMtmp)\nt=39 id=385"];
  b_HUe0FZ31pT [label="H(Ue0FZ31pT+)\nt=62 id=117"];
  b_HQ6dripjkUY [label="H(Q6dripjkUY)\nt=2 id=131"];
  b_HFxCeIxBFsQ [label="H(FxCeIxBFsQ)\nt=71 id=419"];
  b_HyGm4TLWHcB [label="H(yGm4TLWHcB)\nt=44 id=371"];
  b_HVShJuxV77 [label="H(VShJuxV7/7)\nt=23 id=639"];
  b_HBAzhV8xSV [label="H(/BAzhV8xSV)\nt=1 id=518"];
  b_H2otIFM4y9i [label="H(2otIFM4y9i)\nt=54 id=737"];
  b_Hl2yvNR5rGB [label="H(l2yvNR5rGB)\nt=37 id=995"];
  b_HW9HEiD6l7k [label="H(W9HEiD6l7k)\nt=3 id=660"];
  b_HrxjQEXZw1 [label="H(+rxjQEXZw1)\nt=49 id=298"];
  b_HgjDM8TVvUC [label="H(gjDM8TVvUC)\nt=12 id=480"];
  b_HMQxNKqlIDU [label="H(MQxNKqlIDU)\nt=41 id=485"];
  b_HxpqvNfyrvr [label="H(xpqvNfyrvr)\nt=59 id=793"];
  b_HAJVABnKZj [label="H(AJVA/BnKZj)\nt=40 id=146"];
  b_Hkoy5AAEHD [label="H(koy5AAEHD+)\nt=47 id=313"];
  b_HzGvspJg5kQ [label="H(zGvspJg5kQ)\nt=60 id=272"];
  b_HZ8vwGaqH9P [label="H(Z8vwGaqH9P)\nt=18 id=76"];
  b_HtUBnisJR7c [label="H(tUBnisJR7c)\nt=46 id=213"];
  b_HDv1CMyXh1W [label="H(Dv1CMyXh1W)\nt=16 id=847"];
  b_HrZHjdBTIU [label="H(rZHjdBTIU/)\nt=74 id=858"];
  b_HAyVMzxnAI [label="H(AyVMzxn+AI)\nt=4 id=149"];
  b_HXOkxkiFsAV [label="H(XOkxkiFsAV)\nt=26 id=74"];
  b_HpSR3pE2AQ [label="H(pSR3pE+2AQ)\nt=43 id=398"];
  b_HG3rh37Gf [label="H(G3r+h+37Gf)\nt=8 id=970"];
  b_H9tydnxxvAf [label="H(9tydnxxvAf)\nt=19 id=686"];
  b_HHDsRgvarOR [label="H(HDsRgvarOR)\nt=73 id=559"];
  b_HIauOdxzsi [label="H(IauOd/xzsi)\nt=57 id=708"];
  b_HFso4BdqL9x [label="H(Fso4BdqL9x)\nt=24 id=240"];
  b_HZ52tcKHgPd [label="H(Z52tcKHgPd)\nt=9 id=749"];
  b_HnXXT7zlNAe [label="H(nXXT7zlNAe)\nt=70 id=299"];
  b_HGjTh9U2kEF [label="H(GjTh9U2kEF)\nt=36 id=780"];
  b_H2BaOcy0P2I [label="H(2BaOcy0P2I)\nt=61 id=949"];
  b_HHbXyMc93FV [label="H(HbXyMc93FV)\nt=28 id=567"];
  b_HRCvzWELhn [label="H(RC+vzWELhn)\nt=34 id=713"];
  b_HVM6ghhsXl [label="H(VM6g+hhsXl)\nt=53 id=477"];
  b_HpytybjcyMB [label="H(pytybjcyMB)\nt=68 id=12"];
  b_H17BaSd80kd [label="H(17BaSd80kd)\nt=14 id=707"];
  b_HK7N1pzQq3s [label="H(K7N1pzQq3s)\nt=5 id=495"];
  b_H55Uomqi3AI [label="H(55Uomqi3AI)\nt=7 id=381"];
  b_Hnv1Laa8jB3 [label="H(nv1Laa8jB3)\nt=69 id=322"];
  b_HB54gZvaxKd [label="H(B54gZvaxKd)\nt=27 id=26"];
  b_Hugnaki4jcQ [label="H(ugnaki4jcQ)\nt=72 id=378"];
  b_HVkIryXKIfB [label="H(VkIryXKIfB)\nt=11 id=53"];
  b_H3GnUL6hd [label="H(3GnUL++6hd)\nt=13 id=379"];
  b_Hc0EPhBtWvl [label="H(c0EPhBtWvl)\nt=17 id=336"];
  b_HtfjqBmd7q [label="H(tfjq+Bmd7q)\n"];
  b_HMprwfshc04 [label="H(Mprwfshc04)\nt=21 id=63"];
  b_H6V99walgn [label="H(+6V99walgn)\nt=33 id=134"];
  b_HsTw0mFET9 [label="H(sTw0mFE/T9)\nt=55 id=653"];
  b_HvXUvlIgJpZ [label="H(vXUvlIgJpZ)\nt=63 id=117"];
  b_H4oLMQOgx9 [label="H(+4oLMQOgx9)\nt=67 id=292"];
  b_HcXHLfZo3TG [label="H(cXHLfZo3TG)\nt=35 id=456"];
  b_HyClQsaM9ul [label="H(yClQsaM9ul)\nt=48 id=445"];
  b_HWMPONcbAz2 [label="H(WMPONcbAz2)\nt=45 id=822"];
  b_Hg5zjfCNppG [label="H(g5zjfCNppG)\nt=42 id=820"];
  b_H4PClvBxw1x [label="H(4PClvBxw1x)\nt=65 id=578"];
  b_HJZFQWU8xyf [label="H(JZFQWU8xyf)\nt=75 id=114"];
  b_Hzt9wlPp16X [label="H(zt9wlPp16X)\nt=15 id=880"];
  b_HrqOFySZCAL [label="H(rqOFySZCAL)\nt=31 id=149"];
  b_HCbaSlc4SIA [label="H(CbaSlc4SIA)\nt=66 id=801"];
  b_HaJBvqdu09H [label="H(aJBvqdu09H)\nt=29 id=74"];
  b_HoG8oIEJLCS [label="H(oG8oIEJLCS)\nt=10 id=262"];
  b_HiCDcjtvLeK -> b_HrqOFySZCAL;
  b_HSGHGhPnh72 -> b_HvXUvlIgJpZ;
  b_H9mPcGaKYp7 -> b_HK7N1pzQq3s;
  b_HWxLqSTM2b -> b_Hl2yvNR5rGB;
  b_HEix5BSMtmp -> b_HWxLqSTM2b;
  b_HUe0FZ31pT -> b_H2BaOcy0P2I;
  b_HQ6dripjkUY -> b_HBAzhV8xSV;
  b_HFxCeIxBFsQ -> b_HnXXT7zlNAe;
  b_HyGm4TLWHcB -> b_HpSR3pE2AQ;
  b_HVShJuxV77 -> b_HMprwfshc04;
  b_HBAzhV8xSV -> b_HtfjqBmd7q;
  b_H2otIFM4y9i -> b_HVM6ghhsXl;
  b_Hl2yvNR5rGB -> b_HGjTh9U2kEF;
  b_HW9HEiD6l7k -> b_HQ6dripjkUY;
  b_HrxjQEXZw1 -> b_HyClQsaM9ul;
  b_HgjDM8TVvUC -> b_HVkIryXKIfB;
  b_HMQxNKqlIDU -> b_HAJVABnKZj;
  b_HxpqvNfyrvr -> b_HIauOdxzsi;
  b_HAJVABnKZj -> b_HEix5BSMtmp;
  b_Hkoy5AAEHD -> b_HtUBnisJR7c;
  b_HzGvspJg5kQ -> b_HxpqvNfyrvr;
  b_HZ8vwGaqH9P -> b_Hc0EPhBtWvl;
  b_HtUBnisJR7c -> b_HWMPONcbAz2;
  b_HDv1CMyXh1W -> b_Hzt9wlPp16X;
  b_HrZHjdBTIU -> b_HHDsRgvarOR;
  b_HAyVMzxnAI -> b_HW9HEiD6l7k;
  b_HXOkxkiFsAV -> b_HFso4BdqL9x;
  b_HpSR3pE2AQ -> b_Hg5zjfCNppG;
  b_HG3rh37Gf -> b_H55Uomqi3AI;
  b_H9tydnxxvAf -> b_HZ8vwGaqH9P;
  b_HHDsRgvarOR -> b_Hugnaki4jcQ;
  b_HIauOdxzsi -> b_HsTw0mFET9;
  b_HFso4BdqL9x -> b_HVShJuxV77;
  b_HZ52tcKHgPd -> b_HG3rh37Gf;
  b_HnXXT7zlNAe -> b_Hnv1Laa8jB3;
  b_HGjTh9U2kEF -> b_HcXHLfZo3TG;
  b_H2BaOcy0P2I -> b_HzGvspJg5kQ;
  b_HHbXyMc93FV -> b_HB54gZvaxKd;
  b_HRCvzWELhn -> b_H6V99walgn;
  b_HVM6ghhsXl -> b_HrxjQEXZw1;
  b_HpytybjcyMB -> b_H4oLMQOgx9;
  b_H17BaSd80kd -> b_H3GnUL6hd;
  b_HK7N1pzQq3s -> b_HAyVMzxnAI;
  b_H55Uomqi3AI -> b_H9mPcGaKYp7;
  b_Hnv1Laa8jB3 -> b_HpytybjcyMB;
  b_HB54gZvaxKd -> b_HXOkxkiFsAV;
  b_Hugnaki4jcQ -> b_HFxCeIxBFsQ;
  b_HVkIryXKIfB -> b_HoG8oIEJLCS;
  b_H3GnUL6hd -> b_HgjDM8TVvUC;
  b_Hc0EPhBtWvl -> b_HDv1CMyXh1W;
  b_HMprwfshc04 -> b_H9tydnxxvAf;
  b_H6V99walgn -> b_HiCDcjtvLeK;
  b_HsTw0mFET9 -> b_H2otIFM4y9i;
  b_HvXUvlIgJpZ -> b_HUe0FZ31pT;
  b_H4oLMQOgx9 -> b_HCbaSlc4SIA;
  b_HcXHLfZo3TG -> b_HRCvzWELhn;
  b_HyClQsaM9ul -> b_Hkoy5AAEHD;
  b_HWMPONcbAz2 -> b_HyGm4TLWHcB;
  b_Hg5zjfCNppG -> b_HMQxNKqlIDU;
  b_H4PClvBxw1x -> b_HSGHGhPnh72;
  b_HJZFQWU8xyf -> b_HrZHjdBTIU;
  b_Hzt9wlPp16X -> b_H17BaSd80kd;
  b_HrqOFySZCAL -> b_HaJBvqdu09H;
  b_HCbaSlc4SIA -> b_H4PClvBxw1x;
  b_HaJBvqdu09H -> b_HHbXyMc93FV;
  b_HoG8oIEJLCS -> b_HZ52tcKHgPd;
  v_HBevLc5VVuK [label="id=730 t=75"];
  v_HBevLc5VVuK -> b_HJZFQWU8xyf;
  v_HgBaP5oPdHw [label="id=191 t=75"];
  v_HgBaP5oPdHw -> b_HJZFQWU8xyf;
  v_HtuyIlYSr7O [label="id=554 t=75"];
  v_HtuyIlYSr7O -> b_HJZFQWU8xyf;
  v_HSE7mBVrP1t [label="id=112 t=75"];
  v_HSE7mBVrP1t -> b_HJZFQWU8xyf;
  v_HG94Yus6tCl [label="id=739 t=75"];
  v_HG94Yus6tCl -> b_HJZFQWU8xyf;
  v_H6UXvbdRcPe [label="id=396 t=75"];
  v_H6UXvbdRcPe -> b_HJZFQWU8xyf;
  v_HLkciL1w6Gh [label="id=421 t=75"];
  v_HLkciL1w6Gh -> b_HJZFQWU8xyf;
  v_HwWxoxihymy [label="id=97 t=75"];
  v_HwWxoxihymy -> b_HJZFQWU8xyf;
  v_HA9tiIu11Pu [label="id=630 t=75"];
  v_HA9tiIu11Pu -> b_HJZFQWU8xyf;
  v_H6sixY4pb7N [label="id=866 t=75"];
  v_H6sixY4pb7N -> b_HJZFQWU8xyf;
  v_HqkMSGVzjZ [label="id=550 t=75"];
  v_HqkMSGVzjZ -> b_HJZFQWU8xyf;
  v_HGqxvCs1srT [label="id=800 t=75"];
  v_HGqxvCs1srT -> b_HJZFQWU8xyf;
  v_HQ52nbHSTIN [label="id=215 t=75"];
  v_HQ52nbHSTIN -> b_HJZFQWU8xyf;
  v_HGwERIueTu5 [label="id=837 t=75"];
  v_HGwERIueTu5 -> b_HJZFQWU8xyf;
  v_HSRTFSTYSnK [label="id=171 t=75"];
  v_HSRTFSTYSnK -> b_HJZFQWU8xyf;
  v_HmOxaaFbv7c [label="id=152 t=75"];
  v_HmOxaaFbv7c -> b_HJZFQWU8xyf;
  v_HptQQ56y9P [label="id=750 t=75"];
  v_HptQQ56y9P -> b_HJZFQWU8xyf;
  v_H8VB8f15oNL [label="id=881 t=75"];
  v_H8VB8f15oNL -> b_HJZFQWU8xyf;
  v_HlTHCOHQMO [label="id=402 t=75"];
  v_HlTHCOHQMO -> b_HJZFQWU8xyf;
  v_H6bwURj1mh [label="id=871 t=75"];
  v_H6bwURj1mh -> b_HJZFQWU8xyf;
  v_Hq5keDuKlq [label="id=959 t=75"];
  v_Hq5keDuKlq -> b_HJZFQWU8xyf;
  v_HT3jccepe1J [label="id=204 t=75"];
  v_HT3jccepe1J -> b_HJZFQWU8xyf;
  v_HsUHNqs [label="id=471 t=75"];
  v_HsUHNqs -> b_HJZFQWU8xyf;
  v_HUCFfexmXe7 [label="id=423 t=75"];
  v_HUCFfexmXe7 -> b_HJZFQWU8xyf;
  v_HtXP6x8ih4o [label="id=1 t=75"];
  v_HtXP6x8ih4o -> b_HJZFQWU8xyf;
  v_HW0iIhoHhF3 [label="id=584 t=75"];
  v_HW0iIhoHhF3 -> b_HJZFQWU8xyf;
  v_H9xlhyfTugQ [label="id=67 t=75"];
  v_H9xlhyfTugQ -> b_HJZFQWU8xyf;
  v_H2li3v24AeA [label="id=292 t=75"];
  v_H2li3v24AeA -> b_HJZFQWU8xyf;
  v_HyxVVTkDOxV [label="id=163 t=75"];
  v_HyxVVTkDOxV -> b_HJZFQWU8xyf;
  v_HPILLhuUe0s [label="id=623 t=75"];
  v_HPILLhuUe0s -> b_HJZFQWU8xyf;
  v_HvJnXPk3jU [label="id=491 t=75"];
  v_HvJnXPk3jU -> b_HJZFQWU8xyf;
  v_HY4nmDWTi74 [label="id=780 t=75"];
  v_HY4nmDWTi74 -> b_HJZFQWU8xyf;
  v_H3iwjhmDu3 [label="id=439 t=75"];
  v_H3iwjhmDu3 -> b_HJZFQWU8xyf;
  v_HPzvf88H5Gi [label="id=104 t=75"];
  v_HPzvf88H5Gi -> b_HJZFQWU8xyf;
  v_HliLCuDV4pe [label="id=817 t=75"];
  v_HliLCuDV4pe -> b_HJZFQWU8xyf;
  v_HdU7C28VZtX [label="id=638 t=75"];
  v_HdU7C28VZtX -> b_HJZFQWU8xyf;
  v_H6HJ30AN0eC [label="id=416 t=75"];
  v_H6HJ30AN0eC -> b_HJZFQWU8xyf;
  v_H7AMAIbvHm1 [label="id=760 t=75"];
  v_H7AMAIbvHm1 -> b_HJZFQWU8xyf;
  v_HvhLcIp7yp [label="id=786 t=75"];
  v_HvhLcIp7yp -> b_HJZFQWU8xyf;
  v_HAuTVSTKJ8 [label="id=346 t=75"];
  v_HAuTVSTKJ8 -> b_HJZFQWU8xyf;
  v_HZDcduh0XvI [label="id=511 t=75"];
  v_HZDcduh0XvI -> b_HJZFQWU8xyf;
  v_H21bSpCmsq [label="id=921 t=75"];
  v_H21bSpCmsq -> b_HJZFQWU8xyf;
  v_Hlv9tAZJpY [label="id=122 t=75"];
  v_Hlv9tAZJpY -> b_HJZFQWU8xyf;
  v_HXEmCNnYOgG [label="id=783 t=75"];
  v_HXEmCNnYOgG -> b_HJZFQWU8xyf;
  v_HcRszaISnw5 [label="id=712 t=75"];
  v_HcRszaISnw5 -> b_HJZFQWU8xyf;
  v_Ha3KEpFSNny [label="id=901 t=75"];
  v_Ha3KEpFSNny -> b_HJZFQWU8xyf;
  v_H8Q09oD916 [label="id=394 t=75"];
  v_H8Q09oD916 -> b_HJZFQWU8xyf;
  v_HNoaTXaElg [label="id=476 t=75"];
  v_HNoaTXaElg -> b_HJZFQWU8xyf;
  v_H5mQAXCW62B [label="id=936 t=75"];
  v_H5mQAXCW62B -> b_HJZFQWU8xyf;
  v_H7AchN8dmg1 [label="id=289 t=75"];
  v_H7AchN8dmg1 -> b_HJZFQWU8xyf;
  v_HhP8ZwOvFA [label="id=236 t=75"];
  v_HhP8ZwOvFA -> b_HJZFQWU8xyf;
  v_H5LwzDhkC9e [label="id=529 t=75"];
  v_H5LwzDhkC9e -> b_HJZFQWU8xyf;
  v_HbsIFVnHEJ [label="id=611 t=75"];
  v_HbsIFVnHEJ -> b_HJZFQWU8xyf;
  v_H5MEkl7maJv [label="id=467 t=75"];
  v_H5MEkl7maJv -> b_HJZFQWU8xyf;
  v_HcmW7YCmXT2 [label="id=579 t=75"];
  v_HcmW7YCmXT2 -> b_HJZFQWU8xyf;
  v_Hhk6Vc8UjML [label="id=906 t=75"];
  v_Hhk6Vc8UjML -> b_HJZFQWU8xyf;
  v_HFvvy6XAOT2 [label="id=978 t=75"];
  v_HFvvy6XAOT2 -> b_HJZFQWU8xyf;
  v_HtKtLXlR1jA [label="id=944 t=75"];
  v_HtKtLXlR1jA -> b_HJZFQWU8xyf;
  v_HfPVYxAHc6U [label="id=736 t=75"];
  v_HfPVYxAHc6U -> b_HJZFQWU8xyf;
  v_H9p9VC9QfV7 [label="id=580 t=75"];
  v_H9p9VC9QfV7 -> b_HJZFQWU8xyf;
  v_HSTd3IirP6A [label="id=654 t=75"];
  v_HSTd3IirP6A -> b_HJZFQWU8xyf;
  v_Htqo38OFOo [label="id=119 t=75"];
  v_Htqo38OFOo -> b_HJZFQWU8xyf;
  v_H7bk9e0NgUP [label="id=794 t=75"];
  v_H7bk9e0NgUP -> b_HJZFQWU8xyf;
  v_H5NmSp64ijC [label="id=994 t=75"];
  v_H5NmSp64ijC -> b_HJZFQWU8xyf;
  v_HFXGSZqZqhZ [label="id=448 t=75"];
  v_HFXGSZqZqhZ -> b_HJZFQWU8xyf;
  v_HOGyzRq1vf3 [label="id=312 t=75"];
  v_HOGyzRq1vf3 -> b_HJZFQWU8xyf;
  v_HXresZbOV [label="id=892 t=75"];
  v_HXresZbOV -> b_HJZFQWU8xyf;
  v_HClj1veTh [label="id=241 t=75"];
  v_HClj1veTh -> b_HJZFQWU8xyf;
  v_HD3iuC3ukz [label="id=895 t=75"];
  v_HD3iuC3ukz -> b_HJZFQWU8xyf;
  v_Hq8lx6FM3MO [label="id=490 t=75"];
  v_Hq8lx6FM3MO -> b_HJZFQWU8xyf;
  v_H0TTma9MK67 [label="id=393 t=75"];
  v_H0TTma9MK67 -> b_HJZFQWU8xyf;
  v_HGZIeGUTRXl [label="id=114 t=75"];
  v_HGZIeGUTRXl -> b_HJZFQWU8xyf;
  v_HLSN7zpReT [label="id=981 t=75"];
  v_HLSN7zpReT -> b_HJZFQWU8xyf;
  v_HSnhq6Y63vV [label="id=815 t=75"];
  v_HSnhq6Y63vV -> b_HJZFQWU8xyf;
  v_Hst44cWKM3 [label="id=277 t=75"];
  v_Hst44cWKM3 -> b_HJZFQWU8xyf;
  v_H1vh1yz58Nu [label="id=547 t=75"];
  v_H1vh1yz58Nu -> b_HJZFQWU8xyf;
  v_H4YFqMeMNZX [label="id=732 t=75"];
  v_H4YFqMeMNZX -> b_HJZFQWU8xyf;
  v_HffggwZ5zN [label="id=484 t=75"];
  v_HffggwZ5zN -> b_HJZFQWU8xyf;
  v_H4hVh7wQiCT [label="id=334 t=75"];
  v_H4hVh7wQiCT -> b_HJZFQWU8xyf;
  v_HprevaJulB [label="id=879 t=75"];
  v_HprevaJulB -> b_HJZFQWU8xyf;
  v_HVxLZvd6nkx [label="id=933 t=75"];
  v_HVxLZvd6nkx -> b_HJZFQWU8xyf;
  v_HRvtkRoazsG [label="id=843 t=75"];
  v_HRvtkRoazsG -> b_HJZFQWU8xyf;
  v_HmYNzKLntk6 [label="id=708 t=75"];
  v_HmYNzKLntk6 -> b_HJZFQWU8xyf;
  v_H0i9DFoEqCU [label="id=465 t=75"];
  v_H0i9DFoEqCU -> b_HJZFQWU8xyf;
  v_HG8rwwoZ923 [label="id=168 t=75"];
  v_HG8rwwoZ923 -> b_HJZFQWU8xyf;
  v_HNg1T3fljxO [label="id=100 t=75"];
  v_HNg1T3fljxO -> b_HJZFQWU8xyf;
  v_HzDAty50LWM [label="id=820 t=75"];
  v_HzDAty50LWM -> b_HJZFQWU8xyf;
  v_HV0ABMVwuF [label="id=972 t=75"];
  v_HV0ABMVwuF -> b_HJZFQWU8xyf;
}


ALWAYS AWAKE final ledgers: 66 75 66 75 56 65
ALWAYS AWAKE total communication: 29117645 5318
ALWAYS AWAKE blocks communication: 5299189 66
ALWAYS AWAKE votes communication: 1355104 4982
ALWAYS AWAKE proposals communication: 22463352 270
