r,n_asleep,n_awake,n_honest_asleep,n_honest_dreamy,n_honest_awake,n_adversary,n_all,party0_ledger_best_length,party0_ledger_best_age,party0_ledger_fast_length,party0_ledger_fast_age,party0_ledger_slow_length,party0_ledger_slow_age,party0_comms_all_size,party0_comms_all_count,party0_comms_proposal_size,party0_comms_proposal_count,party0_comms_piece_block_size,party0_comms_piece_block_count,party0_comms_piece_vote_size,party0_comms_piece_vote_count,party1_ledger_best_length,party1_ledger_best_age,party1_ledger_fast_length,party1_ledger_fast_age,party1_ledger_slow_length,party1_ledger_slow_age,party1_comms_all_size,party1_comms_all_count,party1_comms_proposal_size,party1_comms_proposal_count,party1_comms_piece_block_size,party1_comms_piece_block_count,party1_comms_piece_vote_size,party1_comms_piece_vote_count,party2_ledger_best_length,party2_ledger_best_age,party2_ledger_fast_length,party2_ledger_fast_age,party2_ledger_slow_length,party2_ledger_slow_age,party2_comms_all_size,party2_comms_all_count,party2_comms_proposal_size,party2_comms_proposal_count,party2_comms_piece_block_size,party2_comms_piece_block_count,party2_comms_piece_vote_size,party2_comms_piece_vote_count,party3_ledger_best_length,party3_ledger_best_age,party3_ledger_fast_length,party3_ledger_fast_age,party3_ledger_slow_length,party3_ledger_slow_age,party3_comms_all_size,party3_comms_all_count,party3_comms_proposal_size,party3_comms_proposal_count,party3_comms_piece_block_size,party3_comms_piece_block_count,party3_comms_piece_vote_size,party3_comms_piece_vote_count,party4_ledger_best_length,party4_ledger_best_age,party4_ledger_fast_length,party4_ledger_fast_age,party4_ledger_slow_length,party4_ledger_slow_age,party4_comms_all_size,party4_comms_all_count,party4_comms_proposal_size,party4_comms_proposal_count,party4_comms_piece_block_size,party4_comms_piece_block_count,party4_comms_piece_vote_size,party4_comms_piece_vote_count,partyALWAYSAWAKE_ledger_best_length,partyALWAYSAWAKE_ledger_best_age,partyALWAYSAWAKE_ledger_fast_length,partyALWAYSAWAKE_ledger_fast_age,partyALWAYSAWAKE_ledger_slow_length,partyALWAYSAWAKE_ledger_slow_age,partyALWAYSAWAKE_comms_all_size,partyALWAYSAWAKE_comms_all_count,partyALWAYSAWAKE_comms_proposal_size,partyALWAYSAWAKE_comms_proposal_count,partyALWAYSAWAKE_comms_piece_block_size,partyALWAYSAWAKE_comms_piece_block_count,partyALWAYSAWAKE_comms_piece_vote_size,partyALWAYSAWAKE_comms_piece_vote_count
4,0,100,0,0,100,0,100,0,0,0,0,0,0,0,0,0,0,0,0,0,0,0,0,0,0,0,0,0,0,0,0,0,0,0,0,0,0,0,0,0,0,0,0,0,0,0,0,0,0,0,0,0,0,0,0,0,0,0,0,0,0,0,0,0,0,0,0,0,0,0,0,0,0,0,0,0,0,0,0,0,0,0,0,0,0,0,0,0,0,0,0
5,0,100,0,0,100,0,100,0,0,0,0,0,0,0,0,0,0,0,0,0,0,0,0,0,0,0,0,0,0,0,0,0,0,0,0,0,0,0,0,0,0,0,0,0,0,0,0,0,0,0,0,0,0,0,0,0,0,0,0,0,0,0,0,0,0,0,0,0,0,0,0,0,0,0,0,0,0,0,0,0,0,0,0,0,0,0,0,0,0,0,0
6,0,100,0,0,100,0,100,0,0,0,0,0,0,3264,12,0,0,0,0,3264,12,0,0,0,0,0,0,3264,12,0,0,0,0,3264,12,0,0,0,0,0,0,3264,12,0,0,0,0,3264,12,0,0,0,0,0,0,3264,12,0,0,0,0,3264,12,0,0,0,0,0,0,3264,12,0,0,0,0,3264,12,0,0,0,0,0,0,3264,12,0,0,0,0,3264,12
7,0,100,0,0,100,0,100,0,0,0,0,0,0,0,0,0,0,0,0,0,0,0,0,0,0,0,0,0,0,0,0,0,0,0,0,0,0,0,0,0,0,0,0,0,0,0,0,0,0,0,0,0,0,0,0,0,0,0,0,0,0,0,0,0,0,0,0,0,0,0,0,0,0,0,0,0,0,0,0,0,0,0,0,0,0,0,0,0,0,0,0
8,0,100,0,0,100,0,100,0,0,0,0,0,0,0,0,0,0,0,0,0,0,0,0,0,0,0,0,0,0,0,0,0,0,0,0,0,0,0,0,0,0,0,0,0,0,0,0,0,0,0,0,0,0,0,0,0,0,0,0,0,0,0,0,0,0,0,0,0,0,0,0,0,0,0,0,0,0,0,0,0,0,0,0,0,0,0,0,0,0,0,0
9,0,100,0,0,100,0,100,0,0,0,0,0,0,0,0,0,0,0,0,0,0,0,0,0,0,0,0,0,0,0,0,0,0,0,0,0,0,0,0,0,0,0,0,0,0,0,0,0,0,0,0,0,0,0,0,0,0,0,0,0,0,0,0,0,0,0,0,0,0,0,0,0,0,0,0,0,0,0,0,0,0,0,0,0,0,0,0,0,0,0,0
10,0,100,0,0,100,0,100,0,0,0,0,0,0,3264,12,0,0,0,0,3264,12,0,0,0,0,0,0,3264,12,0,0,0,0,3264,12,0,0,0,0,0,0,3264,12,0,0,0,0,3264,12,0,0,0,0,0,0,3264,12,0,0,0,0,3264,12,0,0,0,0,0,0,3264,12,0,0,0,0,3264,12,0,0,0,0,0,0,3264,12,0,0,0,0,3264,12
11,0,100,0,0,100,0,100,0,0,0,0,0,0,0,0,0,0,0,0,0,0,0,0,0,0,0,0,0,0,0,0,0,0,0,0,0,0,0,0,0,0,0,0,0,0,0,0,0,0,0,0,0,0,0,0,0,0,0,0,0,0,0,0,0,0,0,0,0,0,0,0,0,0,0,0,0,0,0,0,0,0,0,0,0,0,0,0,0,0,0,0
12,0,100,0,0,100,0,100,0,0,0,0,0,0,0,0,0,0,0,0,0,0,0,0,0,0,0,0,0,0,0,0,0,0,0,0,0,0,0,0,0,0,0,0,0,0,0,0,0,0,0,0,0,0,0,0,0,0,0,0,0,0,0,0,0,0,0,0,0,0,0,0,0,0,0,0,0,0,0,0,0,0,0,0,0,0,0,0,0,0,0,0
13,0,100,0,0,100,0,100,0,0,0,0,0,0,80821,1,80821,1,0,0,0,0,0,0,0,0,0,0,80821,1,80821,1,0,0,0,0,0,0,0,0,0,0,80821,1,80821,1,0,0,0,0,0,0,0,0,0,0,80821,1,80821,1,0,0,0,0,0,0,0,0,0,0,80821,1,80821,1,0,0,0,0,0,0,0,0,0,0,80821,1,80821,1,0,0,0,0
14,0,100,0,0,100,0,100,0,0,0,0,0,0,81649,6,0,0,80289,1,1360,5,0,0,0,0,0,0,81649,6,0,0,80289,1,1360,5,0,0,0,0,0,0,81649,6,0,0,80289,1,1360,5,0,0,0,0,0,0,81649,6,0,0,80289,1,1360,5,0,0,0,0,0,0,81649,6,0,0,80289,1,1360,5,0,0,0,0,0,0,81649,6,0,0,80289,1,1360,5
15,0,100,0,0,100,0,100,0,0,0,0,0,0,0,0,0,0,0,0,0,0,0,0,0,0,0,0,0,0,0,0,0,0,0,0,0,0,0,0,0,0,0,0,0,0,0,0,0,0,0,0,0,0,0,0,0,0,0,0,0,0,0,0,0,0,0,0,0,0,0,0,0,0,0,0,0,0,0,0,0,0,0,0,0,0,0,0,0,0,0,0
16,0,100,0,0,100,0,100,0,0,0,0,0,0,0,0,0,0,0,0,0,0,0,0,0,0,0,0,0,0,0,0,0,0,0,0,0,0,0,0,0,0,0,0,0,0,0,0,0,0,0,0,0,0,0,0,0,0,0,0,0,0,0,0,0,0,0,0,0,0,0,0,0,0,0,0,0,0,0,0,0,0,0,0,0,0,0,0,0,0,0,0
17,0,100,0,0,100,0,100,0,0,0,0,0,0,0,0,0,0,0,0,0,0,0,0,0,0,0,0,0,0,0,0,0,0,0,0,0,0,0,0,0,0,0,0,0,0,0,0,0,0,0,0,0,0,0,0,0,0,0,0,0,0,0,0,0,0,0,0,0,0,0,0,0,0,0,0,0,0,0,0,0,0,0,0,0,0,0,0,0,0,0,0
18,0,100,0,0,100,0,100,1,3,1,3,0,0,2448,9,0,0,0,0,2448,9,1,3,1,3,0,0,2448,9,0,0,0,0,2448,9,1,3,1,3,0,0,2448,9,0,0,0,0,2448,9,1,3,1,3,0,0,2448,9,0,0,0,0,2448,9,1,3,1,3,0,0,2448,9,0,0,0,0,2448,9,1,3,1,3,0,0,2448,9,0,0,0,0,2448,9
19,0,100,0,0,100,0,100,1,3,1,3,0,0,0,0,0,0,0,0,0,0,1,3,1,3,0,0,0,0,0,0,0,0,0,0,1,3,1,3,0,0,0,0,0,0,0,0,0,0,1,3,1,3,0,0,0,0,0,0,0,0,0,0,1,3,1,3,0,0,0,0,0,0,0,0,0,0,1,3,1,3,0,0,0,0,0,0,0,0,0,0
20,0,100,0,0,100,0,100,1,3,1,3,0,0,0,0,0,0,0,0,0,0,1,3,1,3,0,0,0,0,0,0,0,0,0,0,1,3,1,3,0,0,0,0,0,0,0,0,0,0,1,3,1,3,0,0,0,0,0,0,0,0,0,0,1,3,1,3,0,0,0,0,0,0,0,0,0,0,1,3,1,3,0,0,0,0,0,0,0,0,0,0
21,0,100,0,0,100,0,100,1,3,1,3,0,0,0,0,0,0,0,0,0,0,1,3,1,3,0,0,0,0,0,0,0,0,0,0,1,3,1,3,0,0,0,0,0,0,0,0,0,0,1,3,1,3,0,0,0,0,0,0,0,0,0,0,1,3,1,3,0,0,0,0,0,0,0,0,0,0,1,3,1,3,0,0,0,0,0,0,0,0,0,0
22,0,100,0,0,100,0,100,1,3,1,3,0,0,2176,8,0,0,0,0,2176,8,1,3,1,3,0,0,2176,8,0,0,0,0,2176,8,1,3,1,3,0,0,2176,8,0,0,0,0,2176,8,1,3,1,3,0,0,2176,8,0,0,0,0,2176,8,1,3,1,3,0,0,2176,8,0,0,0,0,2176,8,1,3,1,3,0,0,2176,8,0,0,0,0,2176,8
23,0,100,0,0,100,0,100,1,3,1,3,0,0,0,0,0,0,0,0,0,0,1,3,1,3,0,0,0,0,0,0,0,0,0,0,1,3,1,3,0,0,0,0,0,0,0,0,0,0,1,3,1,3,0,0,0,0,0,0,0,0,0,0,1,3,1,3,0,0,0,0,0,0,0,0,0,0,1,3,1,3,0,0,0,0,0,0,0,0,0,0
24,0,100,0,0,100,0,100,1,3,1,3,0,0,0,0,0,0,0,0,0,0,1,3,1,3,0,0,0,0,0,0,0,0,0,0,1,3,1,3,0,0,0,0,0,0,0,0,0,0,1,3,1,3,0,0,0,0,0,0,0,0,0,0,1,3,1,3,0,0,0,0,0,0,0,0,0,0,1,3,1,3,0,0,0,0,0,0,0,0,0,0
25,0,100,0,0,100,0,100,1,3,1,3,0,0,0,0,0,0,0,0,0,0,1,3,1,3,0,0,0,0,0,0,0,0,0,0,1,3,1,3,0,0,0,0,0,0,0,0,0,0,1,3,1,3,0,0,0,0,0,0,0,0,0,0,1,3,1,3,0,0,0,0,0,0,0,0,0,0,1,3,1,3,0,0,0,0,0,0,0,0,0,0
26,0,100,0,0,100,0,100,1,3,1,3,0,0,1904,7,0,0,0,0,1904,7,1,3,1,3,0,0,1904,7,0,0,0,0,1904,7,1,3,1,3,0,0,1904,7,0,0,0,0,1904,7,1,3,1,3,0,0,1904,7,0,0,0,0,1904,7,1,3,1,3,0,0,1904,7,0,0,0,0,1904,7,1,3,1,3,0,0,1904,7,0,0,0,0,1904,7
27,0,100,0,0,100,0,100,1,3,1,3,0,0,0,0,0,0,0,0,0,0,1,3,1,3,0,0,0,0,0,0,0,0,0,0,1,3,1,3,0,0,0,0,0,0,0,0,0,0,1,3,1,3,0,0,0,0,0,0,0,0,0,0,1,3,1,3,0,0,0,0,0,0,0,0,0,0,1,3,1,3,0,0,0,0,0,0,0,0,0,0
28,0,100,0,0,100,0,100,1,3,1,3,0,0,0,0,0,0,0,0,0,0,1,3,1,3,0,0,0,0,0,0,0,0,0,0,1,3,1,3,0,0,0,0,0,0,0,0,0,0,1,3,1,3,0,0,0,0,0,0,0,0,0,0,1,3,1,3,0,0,0,0,0,0,0,0,0,0,1,3,1,3,0,0,0,0,0,0,0,0,0,0
29,0,100,0,0,100,0,100,1,3,1,3,0,0,0,0,0,0,0,0,0,0,1,3,1,3,0,0,0,0,0,0,0,0,0,0,1,3,1,3,0,0,0,0,0,0,0,0,0,0,1,3,1,3,0,0,0,0,0,0,0,0,0,0,1,3,1,3,0,0,0,0,0,0,0,0,0,0,1,3,1,3,0,0,0,0,0,0,0,0,0,0
30,0,100,0,0,100,0,100,1,3,1,3,0,0,2720,10,0,0,0,0,2720,10,1,3,1,3,0,0,2720,10,0,0,0,0,2720,10,1,3,1,3,0,0,2720,10,0,0,0,0,2720,10,1,3,1,3,0,0,2720,10,0,0,0,0,2720,10,1,3,1,3,0,0,2720,10,0,0,0,0,2720,10,1,3,1,3,0,0,2720,10,0,0,0,0,2720,10
31,0,100,0,0,100,0,100,1,3,1,3,0,0,0,0,0,0,0,0,0,0,1,3,1,3,0,0,0,0,0,0,0,0,0,0,1,3,1,3,0,0,0,0,0,0,0,0,0,0,1,3,1,3,0,0,0,0,0,0,0,0,0,0,1,3,1,3,0,0,0,0,0,0,0,0,0,0,1,3,1,3,0,0,0,0,0,0,0,0,0,0
32,0,100,0,0,100,0,100,1,3,1,3,0,0,0,0,0,0,0,0,0,0,1,3,1,3,0,0,0,0,0,0,0,0,0,0,1,3,1,3,0,0,0,0,0,0,0,0,0,0,1,3,1,3,0,0,0,0,0,0,0,0,0,0,1,3,1,3,0,0,0,0,0,0,0,0,0,0,1,3,1,3,0,0,0,0,0,0,0,0,0,0
33,0,100,0,0,100,0,100,1,3,1,3,0,0,0,0,0,0,0,0,0,0,1,3,1,3,0,0,0,0,0,0,0,0,0,0,1,3,1,3,0,0,0,0,0,0,0,0,0,0,1,3,1,3,0,0,0,0,0,0,0,0,0,0,1,3,1,3,0,0,0,0,0,0,0,0,0,0,1,3,1,3,0,0,0,0,0,0,0,0,0,0
34,0,100,0,0,100,0,100,1,3,1,3,0,0,2448,9,0,0,0,0,2448,9,1,3,1,3,0,0,2448,9,0,0,0,0,2448,9,1,3,1,3,0,0,2448,9,0,0,0,0,2448,9,1,3,1,3,0,0,2448,9,0,0,0,0,2448,9,1,3,1,3,0,0,2448,9,0,0,0,0,2448,9,1,3,1,3,0,0,2448,9,0,0,0,0,2448,9
35,0,100,0,0,100,0,100,1,3,1,3,0,0,0,0,0,0,0,0,0,0,1,3,1,3,0,0,0,0,0,0,0,0,0,0,1,3,1,3,0,0,0,0,0,0,0,0,0,0,1,3,1,3,0,0,0,0,0,0,0,0,0,0,1,3,1,3,0,0,0,0,0,0,0,0,0,0,1,3,1,3,0,0,0,0,0,0,0,0,0,0
36,0,100,0,0,100,0,100,1,3,1,3,0,0,0,0,0,0,0,0,0,0,1,3,1,3,0,0,0,0,0,0,0,0,0,0,1,3,1,3,0,0,0,0,0,0,0,0,0,0,1,3,1,3,0,0,0,0,0,0,0,0,0,0,1,3,1,3,0,0,0,0,0,0,0,0,0,0,1,3,1,3,0,0,0,0,0,0,0,0,0,0
37,0,100,0,0,100,0,100,1,3,1,3,0,0,80725,1,80725,1,0,0,0,0,1,3,1,3,0,0,80725,1,80725,1,0,0,0,0,1,3,1,3,0,0,80725,1,80725,1,0,0,0,0,1,3,1,3,0,0,80725,1,80725,1,0,0,0,0,1,3,1,3,0,0,80725,1,80725,1,0,0,0,0,1,3,1,3,0,0,80725,1,80725,1,0,0,0,0
38,0,100,0,0,100,0,100,2,9,2,9,0,0,83553,13,0,0,80289,1,3264,12,2,9,2,9,0,0,83553,13,0,0,80289,1,3264,12,2,9,2,9,0,0,83553,13,0,0,80289,1,3264,12,2,9,2,9,0,0,83553,13,0,0,80289,1,3264,12,2,9,2,9,0,0,83553,13,0,0,80289,1,3264,12,2,9,2,9,0,0,83553,13,0,0,80289,1,3264,12
39,0,100,0,0,100,0,100,2,9,2,9,0,0,0,0,0,0,0,0,0,0,2,9,2,9,0,0,0,0,0,0,0,0,0,0,2,9,2,9,0,0,0,0,0,0,0,0,0,0,2,9,2,9,0,0,0,0,0,0,0,0,0,0,2,9,2,9,0,0,0,0,0,0,0,0,0,0,2,9,2,9,0,0,0,0,0,0,0,0,0,0
40,0,100,0,0,100,0,100,2,9,2,9,0,0,0,0,0,0,0,0,0,0,2,9,2,9,0,0,0,0,0,0,0,0,0,0,2,9,2,9,0,0,0,0,0,0,0,0,0,0,2,9,2,9,0,0,0,0,0,0,0,0,0,0,2,9,2,9,0,0,0,0,0,0,0,0,0,0,2,9,2,9,0,0,0,0,0,0,0,0,0,0
41,0,100,0,0,100,0,100,2,9,2,9,0,0,0,0,0,0,0,0,0,0,2,9,2,9,0,0,0,0,0,0,0,0,0,0,2,9,2,9,0,0,0,0,0,0,0,0,0,0,2,9,2,9,0,0,0,0,0,0,0,0,0,0,2,9,2,9,0,0,0,0,0,0,0,0,0,0,2,9,2,9,0,0,0,0,0,0,0,0,0,0
42,0,100,0,0,100,0,100,2,9,2,9,0,0,3536,13,0,0,0,0,3536,13,2,9,2,9,0,0,3536,13,0,0,0,0,3536,13,2,9,2,9,0,0,3536,13,0,0,0,0,3536,13,2,9,2,9,0,0,3536,13,0,0,0,0,3536,13,2,9,2,9,0,0,3536,13,0,0,0,0,3536,13,2,9,2,9,0,0,3536,13,0,0,0,0,3536,13
43,0,100,0,0,100,0,100,2,9,2,9,0,0,0,0,0,0,0,0,0,0,2,9,2,9,0,0,0,0,0,0,0,0,0,0,2,9,2,9,0,0,0,0,0,0,0,0,0,0,2,9,2,9,0,0,0,0,0,0,0,0,0,0,2,9,2,9,0,0,0,0,0,0,0,0,0,0,2,9,2,9,0,0,0,0,0,0,0,0,0,0
44,0,100,0,0,100,0,100,2,9,2,9,0,0,0,0,0,0,0,0,0,0,2,9,2,9,0,0,0,0,0,0,0,0,0,0,2,9,2,9,0,0,0,0,0,0,0,0,0,0,2,9,2,9,0,0,0,0,0,0,0,0,0,0,2,9,2,9,0,0,0,0,0,0,0,0,0,0,2,9,2,9,0,0,0,0,0,0,0,0,0,0
45,0,100,0,0,100,0,100,2,9,2,9,0,0,0,0,0,0,0,0,0,0,2,9,2,9,0,0,0,0,0,0,0,0,0,0,2,9,2,9,0,0,0,0,0,0,0,0,0,0,2,9,2,9,0,0,0,0,0,0,0,0,0,0,2,9,2,9,0,0,0,0,0,0,0,0,0,0,2,9,2,9,0,0,0,0,0,0,0,0,0,0
46,0,100,0,0,100,0,100,2,9,2,9,0,0,3808,14,0,0,0,0,3808,14,2,9,2,9,0,0,3808,14,0,0,0,0,3808,14,2,9,2,9,0,0,3808,14,0,0,0,0,3808,14,2,9,2,9,0,0,3808,14,0,0,0,0,3808,14,2,9,2,9,0,0,3808,14,0,0,0,0,3808,14,2,9,2,9,0,0,3808,14,0,0,0,0,3808,14
47,0,100,0,0,100,0,100,2,9,2,9,0,0,0,0,0,0,0,0,0,0,2,9,2,9,0,0,0,0,0,0,0,0,0,0,2,9,2,9,0,0,0,0,0,0,0,0,0,0,2,9,2,9,0,0,0,0,0,0,0,0,0,0,2,9,2,9,0,0,0,0,0,0,0,0,0,0,2,9,2,9,0,0,0,0,0,0,0,0,0,0
48,0,100,0,0,100,0,100,2,9,2,9,0,0,0,0,0,0,0,0,0,0,2,9,2,9,0,0,0,0,0,0,0,0,0,0,2,9,2,9,0,0,0,0,0,0,0,0,0,0,2,9,2,9,0,0,0,0,0,0,0,0,0,0,2,9,2,9,0,0,0,0,0,0,0,0,0,0,2,9,2,9,0,0,0,0,0,0,0,0,0,0
49,0,100,0,0,100,0,100,2,9,2,9,0,0,80885,1,80885,1,0,0,0,0,2,9,2,9,0,0,80885,1,80885,1,0,0,0,0,2,9,2,9,0,0,80885,1,80885,1,0,0,0,0,2,9,2,9,0,0,80885,1,80885,1,0,0,0,0,2,9,2,9,0,0,80885,1,80885,1,0,0,0,0,2,9,2,9,0,0,80885,1,80885,1,0,0,0,0
50,0,100,0,0,100,0,100,3,12,3,12,0,0,84913,18,0,0,80289,1,4624,17,3,12,3,12,0,0,84913,18,0,0,80289,1,4624,17,3,12,3,12,0,0,84913,18,0,0,80289,1,4624,17,3,12,3,12,0,0,84913,18,0,0,80289,1,4624,17,3,12,3,12,0,0,84913,18,0,0,80289,1,4624,17,3,12,3,12,0,0,84913,18,0,0,80289,1,4624,17
51,0,100,0,0,100,0,100,3,12,3,12,0,0,0,0,0,0,0,0,0,0,3,12,3,12,0,0,0,0,0,0,0,0,0,0,3,12,3,12,0,0,0,0,0,0,0,0,0,0,3,12,3,12,0,0,0,0,0,0,0,0,0,0,3,12,3,12,0,0,0,0,0,0,0,0,0,0,3,12,3,12,0,0,0,0,0,0,0,0,0,0
52,0,100,0,0,100,0,100,3,12,3,12,0,0,0,0,0,0,0,0,0,0,3,12,3,12,0,0,0,0,0,0,0,0,0,0,3,12,3,12,0,0,0,0,0,0,0,0,0,0,3,12,3,12,0,0,0,0,0,0,0,0,0,0,3,12,3,12,0,0,0,0,0,0,0,0,0,0,3,12,3,12,0,0,0,0,0,0,0,0,0,0
53,0,100,0,0,100,0,100,3,12,3,12,0,0,161964,2,161964,2,0,0,0,0,3,12,3,12,0,0,161964,2,161964,2,0,0,0,0,3,12,3,12,0,0,161964,2,161964,2,0,0,0,0,3,12,3,12,0,0,161964,2,161964,2,0,0,0,0,3,12,3,12,0,0,161964,2,161964,2,0,0,0,0,3,12,3,12,0,0,161964,2,161964,2,0,0,0,0
54,0,100,0,0,100,0,100,4,13,4,13,0,0,82466,9,0,0,80290,1,2176,8,4,13,4,13,0,0,82466,9,0,0,80290,1,2176,8,4,13,4,13,0,0,82466,9,0,0,80290,1,2176,8,4,13,4,13,0,0,82466,9,0,0,80290,1,2176,8,4,13,4,13,0,0,82466,9,0,0,80290,1,2176,8,4,13,4,13,0,0,82466,9,0,0,80290,1,2176,8
55,0,100,0,0,100,0,100,4,13,4,13,1,3,0,0,0,0,0,0,0,0,4,13,4,13,1,3,0,0,0,0,0,0,0,0,4,13,4,13,1,3,0,0,0,0,0,0,0,0,4,13,4,13,1,3,0,0,0,0,0,0,0,0,4,13,4,13,1,3,0,0,0,0,0,0,0,0,4,13,4,13,1,3,0,0,0,0,0,0,0,0
56,0,100,0,0,100,0,100,4,13,4,13,1,3,0,0,0,0,0,0,0,0,4,13,4,13,1,3,0,0,0,0,0,0,0,0,4,13,4,13,1,3,0,0,0,0,0,0,0,0,4,13,4,13,1,3,0,0,0,0,0,0,0,0,4,13,4,13,1,3,0,0,0,0,0,0,0,0,4,13,4,13,1,3,0,0,0,0,0,0,0,0
57,0,100,0,0,100,0,100,4,13,4,13,1,3,0,0,0,0,0,0,0,0,4,13,4,13,1,3,0,0,0,0,0,0,0,0,4,13,4,13,1,3,0,0,0,0,0,0,0,0,4,13,4,13,1,3,0,0,0,0,0,0,0,0,4,13,4,13,1,3,0,0,0,0,0,0,0,0,4,13,4,13,1,3,0,0,0,0,0,0,0,0
58,0,100,0,0,100,0,100,4,13,4,13,1,3,2176,8,0,0,0,0,2176,8,4,13,4,13,1,3,2176,8,0,0,0,0,2176,8,4,13,4,13,1,3,2176,8,0,0,0,0,2176,8,4,13,4,13,1,3,2176,8,0,0,0,0,2176,8,4,13,4,13,1,3,2176,8,0,0,0,0,2176,8,4,13,4,13,1,3,2176,8,0,0,0,0,2176,8
59,0,100,0,0,100,0,100,4,13,4,13,1,3,0,0,0,0,0,0,0,0,4,13,4,13,1,3,0,0,0,0,0,0,0,0,4,13,4,13,1,3,0,0,0,0,0,0,0,0,4,13,4,13,1,3,0,0,0,0,0,0,0,0,4,13,4,13,1,3,0,0,0,0,0,0,0,0,4,13,4,13,1,3,0,0,0,0,0,0,0,0
60,0,100,0,0,100,0,100,4,13,4,13,1,3,0,0,0,0,0,0,0,0,4,13,4,13,1,3,0,0,0,0,0,0,0,0,4,13,4,13,1,3,0,0,0,0,0,0,0,0,4,13,4,13,1,3,0,0,0,0,0,0,0,0,4,13,4,13,1,3,0,0,0,0,0,0,0,0,4,13,4,13,1,3,0,0,0,0,0,0,0,0
61,0,100,0,0,100,0,100,4,13,4,13,1,3,0,0,0,0,0,0,0,0,4,13,4,13,1,3,0,0,0,0,0,0,0,0,4,13,4,13,1,3,0,0,0,0,0,0,0,0,4,13,4,13,1,3,0,0,0,0,0,0,0,0,4,13,4,13,1,3,0,0,0,0,0,0,0,0,4,13,4,13,1,3,0,0,0,0,0,0,0,0
62,0,100,0,0,100,0,100,4,13,4,13,1,3,1088,4,0,0,0,0,1088,4,4,13,4,13,1,3,1088,4,0,0,0,0,1088,4,4,13,4,13,1,3,1088,4,0,0,0,0,1088,4,4,13,4,13,1,3,1088,4,0,0,0,0,1088,4,4,13,4,13,1,3,1088,4,0,0,0,0,1088,4,4,13,4,13,1,3,1088,4,0,0,0,0,1088,4
63,0,100,0,0,100,0,100,4,13,4,13,1,3,0,0,0,0,0,0,0,0,4,13,4,13,1,3,0,0,0,0,0,0,0,0,4,13,4,13,1,3,0,0,0,0,0,0,0,0,4,13,4,13,1,3,0,0,0,0,0,0,0,0,4,13,4,13,1,3,0,0,0,0,0,0,0,0,4,13,4,13,1,3,0,0,0,0,0,0,0,0
64,0,100,0,0,100,0,100,4,13,4,13,1,3,0,0,0,0,0,0,0,0,4,13,4,13,1,3,0,0,0,0,0,0,0,0,4,13,4,13,1,3,0,0,0,0,0,0,0,0,4,13,4,13,1,3,0,0,0,0,0,0,0,0,4,13,4,13,1,3,0,0,0,0,0,0,0,0,4,13,4,13,1,3,0,0,0,0,0,0,0,0
65,0,100,0,0,100,0,100,4,13,4,13,1,3,0,0,0,0,0,0,0,0,4,13,4,13,1,3,0,0,0,0,0,0,0,0,4,13,4,13,1,3,0,0,0,0,0,0,0,0,4,13,4,13,1,3,0,0,0,0,0,0,0,0,4,13,4,13,1,3,0,0,0,0,0,0,0,0,4,13,4,13,1,3,0,0,0,0,0,0,0,0
66,0,100,0,0,100,0,100,4,13,4,13,1,3,2448,9,0,0,0,0,2448,9,4,13,4,13,1,3,2448,9,0,0,0,0,2448,9,4,13,4,13,1,3,2448,9,0,0,0,0,2448,9,4,13,4,13,1,3,2448,9,0,0,0,0,2448,9,4,13,4,13,1,3,2448,9,0,0,0,0,2448,9,4,13,4,13,1,3,2448,9,0,0,0,0,2448,9
67,0,100,0,0,100,0,100,4,13,4,13,1,3,0,0,0,0,0,0,0,0,4,13,4,13,1,3,0,0,0,0,0,0,0,0,4,13,4,13,1,3,0,0,0,0,0,0,0,0,4,13,4,13,1,3,0,0,0,0,0,0,0,0,4,13,4,13,1,3,0,0,0,0,0,0,0,0,4,13,4,13,1,3,0,0,0,0,0,0,0,0
68,0,100,0,0,100,0,100,4,13,4,13,1,3,0,0,0,0,0,0,0,0,4,13,4,13,1,3,0,0,0,0,0,0,0,0,4,13,4,13,1,3,0,0,0,0,0,0,0,0,4,13,4,13,1,3,0,0,0,0,0,0,0,0,4,13,4,13,1,3,0,0,0,0,0,0,0,0,4,13,4,13,1,3,0,0,0,0,0,0,0,0
69,0,100,0,0,100,0,100,4,13,4,13,1,3,80725,1,80725,1,0,0,0,0,4,13,4,13,1,3,80725,1,80725,1,0,0,0,0,4,13,4,13,1,3,80725,1,80725,1,0,0,0,0,4,13,4,13,1,3,80725,1,80725,1,0,0,0,0,4,13,4,13,1,3,80725,1,80725,1,0,0,0,0,4,13,4,13,1,3,80725,1,80725,1,0,0,0,0
70,0,100,0,0,100,0,100,5,17,5,17,1,3,84097,15,0,0,80289,1,3808,14,5,17,5,17,1,3,84097,15,0,0,80289,1,3808,14,5,17,5,17,1,3,84097,15,0,0,80289,1,3808,14,5,17,5,17,1,3,84097,15,0,0,80289,1,3808,14,5,17,5,17,1,3,84097,15,0,0,80289,1,3808,14,5,17,5,17,1,3,84097,15,0,0,80289,1,3808,14
71,0,100,0,0,100,0,100,5,17,5,17,1,3,0,0,0,0,0,0,0,0,5,17,5,17,1,3,0,0,0,0,0,0,0,0,5,17,5,17,1,3,0,0,0,0,0,0,0,0,5,17,5,17,1,3,0,0,0,0,0,0,0,0,5,17,5,17,1,3,0,0,0,0,0,0,0,0,5,17,5,17,1,3,0,0,0,0,0,0,0,0
72,0,100,0,0,100,0,100,5,17,5,17,1,3,0,0,0,0,0,0,0,0,5,17,5,17,1,3,0,0,0,0,0,0,0,0,5,17,5,17,1,3,0,0,0,0,0,0,0,0,5,17,5,17,1,3,0,0,0,0,0,0,0,0,5,17,5,17,1,3,0,0,0,0,0,0,0,0,5,17,5,17,1,3,0,0,0,0,0,0,0,0
73,0,100,0,0,100,0,100,5,17,5,17,1,3,0,0,0,0,0,0,0,0,5,17,5,17,1,3,0,0,0,0,0,0,0,0,5,17,5,17,1,3,0,0,0,0,0,0,0,0,5,17,5,17,1,3,0,0,0,0,0,0,0,0,5,17,5,17,1,3,0,0,0,0,0,0,0,0,5,17,5,17,1,3,0,0,0,0,0,0,0,0
74,0,100,0,0,100,0,100,5,17,5,17,1,3,1632,6,0,0,0,0,1632,6,5,17,5,17,1,3,1632,6,0,0,0,0,1632,6,5,17,5,17,1,3,1632,6,0,0,0,0,1632,6,5,17,5,17,1,3,1632,6,0,0,0,0,1632,6,5,17,5,17,1,3,1632,6,0,0,0,0,1632,6,5,17,5,17,1,3,1632,6,0,0,0,0,1632,6
75,0,100,0,0,100,0,100,5,17,5,17,1,3,0,0,0,0,0,0,0,0,5,17,5,17,1,3,0,0,0,0,0,0,0,0,5,17,5,17,1,3,0,0,0,0,0,0,0,0,5,17,5,17,1,3,0,0,0,0,0,0,0,0,5,17,5,17,1,3,0,0,0,0,0,0,0,0,5,17,5,17,1,3,0,0,0,0,0,0,0,0
76,0,100,0,0,100,0,100,5,17,5,17,1,3,0,0,0,0,0,0,0,0,5,17,5,17,1,3,0,0,0,0,0,0,0,0,5,17,5,17,1,3,0,0,0,0,0,0,0,0,5,17,5,17,1,3,0,0,0,0,0,0,0,0,5,17,5,17,1,3,0,0,0,0,0,0,0,0,5,17,5,17,1,3,0,0,0,0,0,0,0,0
77,0,100,0,0,100,0,100,5,17,5,17,1,3,80630,1,80630,1,0,0,0,0,5,17,5,17,1,3,80630,1,80630,1,0,0,0,0,5,17,5,17,1,3,80630,1,80630,1,0,0,0,0,5,17,5,17,1,3,80630,1,80630,1,0,0,0,0,5,17,5,17,1,3,80630,1,80630,1,0,0,0,0,5,17,5,17,1,3,80630,1,80630,1,0,0,0,0
78,0,100,0,0,100,0,100,6,19,6,19,1,3,82738,10,0,0,80290,1,2448,9,6,19,6,19,1,3,82738,10,0,0,80290,1,2448,9,6,19,6,19,1,3,82738,10,0,0,80290,1,2448,9,6,19,6,19,1,3,82738,10,0,0,80290,1,2448,9,6,19,6,19,1,3,82738,10,0,0,80290,1,2448,9,6,19,6,19,1,3,82738,10,0,0,80290,1,2448,9
79,0,100,0,0,100,0,100,6,19,6,19,2,9,0,0,0,0,0,0,0,0,6,19,6,19,2,9,0,0,0,0,0,0,0,0,6,19,6,19,2,9,0,0,0,0,0,0,0,0,6,19,6,19,2,9,0,0,0,0,0,0,0,0,6,19,6,19,2,9,0,0,0,0,0,0,0,0,6,19,6,19,2,9,0,0,0,0,0,0,0,0
80,0,100,0,0,100,0,100,6,19,6,19,2,9,0,0,0,0,0,0,0,0,6,19,6,19,2,9,0,0,0,0,0,0,0,0,6,19,6,19,2,9,0,0,0,0,0,0,0,0,6,19,6,19,2,9,0,0,0,0,0,0,0,0,6,19,6,19,2,9,0,0,0,0,0,0,0,0,6,19,6,19,2,9,0,0,0,0,0,0,0,0
81,0,100,0,0,100,0,100,6,19,6,19,2,9,0,0,0,0,0,0,0,0,6,19,6,19,2,9,0,0,0,0,0,0,0,0,6,19,6,19,2,9,0,0,0,0,0,0,0,0,6,19,6,19,2,9,0,0,0,0,0,0,0,0,6,19,6,19,2,9,0,0,0,0,0,0,0,0,6,19,6,19,2,9,0,0,0,0,0,0,0,0
82,0,100,0,0,100,0,100,6,19,6,19,2,9,3264,12,0,0,0,0,3264,12,6,19,6,19,2,9,3264,12,0,0,0,0,3264,12,6,19,6,19,2,9,3264,12,0,0,0,0,3264,12,6,19,6,19,2,9,3264,12,0,0,0,0,3264,12,6,19,6,19,2,9,3264,12,0,0,0,0,3264,12,6,19,6,19,2,9,3264,12,0,0,0,0,3264,12
83,0,100,0,0,100,0,100,6,19,6,19,2,9,0,0,0,0,0,0,0,0,6,19,6,19,2,9,0,0,0,0,0,0,0,0,6,19,6,19,2,9,0,0,0,0,0,0,0,0,6,19,6,19,2,9,0,0,0,0,0,0,0,0,6,19,6,19,2,9,0,0,0,0,0,0,0,0,6,19,6,19,2,9,0,0,0,0,0,0,0,0
84,0,100,0,0,100,0,100,6,19,6,19,2,9,0,0,0,0,0,0,0,0,6,19,6,19,2,9,0,0,0,0,0,0,0,0,6,19,6,19,2,9,0,0,0,0,0,0,0,0,6,19,6,19,2,9,0,0,0,0,0,0,0,0,6,19,6,19,2,9,0,0,0,0,0,0,0,0,6,19,6,19,2,9,0,0,0,0,0,0,0,0
85,0,100,0,0,100,0,100,6,19,6,19,2,9,0,0,0,0,0,0,0,0,6,19,6,19,2,9,0,0,0,0,0,0,0,0,6,19,6,19,2,9,0,0,0,0,0,0,0,0,6,19,6,19,2,9,0,0,0,0,0,0,0,0,6,19,6,19,2,9,0,0,0,0,0,0,0,0,6,19,6,19,2,9,0,0,0,0,0,0,0,0
86,0,100,0,0,100,0,100,6,19,6,19,2,9,2720,10,0,0,0,0,2720,10,6,19,6,19,2,9,2720,10,0,0,0,0,2720,10,6,19,6,19,2,9,2720,10,0,0,0,0,2720,10,6,19,6,19,2,9,2720,10,0,0,0,0,2720,10,6,19,6,19,2,9,2720,10,0,0,0,0,2720,10,6,19,6,19,2,9,2720,10,0,0,0,0,2720,10
87,0,100,0,0,100,0,100,6,19,6,19,2,9,0,0,0,0,0,0,0,0,6,19,6,19,2,9,0,0,0,0,0,0,0,0,6,19,6,19,2,9,0,0,0,0,0,0,0,0,6,19,6,19,2,9,0,0,0,0,0,0,0,0,6,19,6,19,2,9,0,0,0,0,0,0,0,0,6,19,6,19,2,9,0,0,0,0,0,0,0,0
88,0,100,0,0,100,0,100,6,19,6,19,2,9,0,0,0,0,0,0,0,0,6,19,6,19,2,9,0,0,0,0,0,0,0,0,6,19,6,19,2,9,0,0,0,0,0,0,0,0,6,19,6,19,2,9,0,0,0,0,0,0,0,0,6,19,6,19,2,9,0,0,0,0,0,0,0,0,6,19,6,19,2,9,0,0,0,0,0,0,0,0
89,0,100,0,0,100,0,100,6,19,6,19,2,9,0,0,0,0,0,0,0,0,6,19,6,19,2,9,0,0,0,0,0,0,0,0,6,19,6,19,2,9,0,0,0,0,0,0,0,0,6,19,6,19,2,9,0,0,0,0,0,0,0,0,6,19,6,19,2,9,0,0,0,0,0,0,0,0,6,19,6,19,2,9,0,0,0,0,0,0,0,0
90,0,100,0,0,100,0,100,6,19,6,19,2,9,3264,12,0,0,0,0,3264,12,6,19,6,19,2,9,3264,12,0,0,0,0,3264,12,6,19,6,19,2,9,3264,12,0,0,0,0,3264,12,6,19,6,19,2,9,3264,12,0,0,0,0,3264,12,6,19,6,19,2,9,3264,12,0,0,0,0,3264,12,6,19,6,19,2,9,3264,12,0,0,0,0,3264,12
91,0,100,0,0,100,0,100,6,19,6,19,3,12,0,0,0,0,0,0,0,0,6,19,6,19,3,12,0,0,0,0,0,0,0,0,6,19,6,19,3,12,0,0,0,0,0,0,0,0,6,19,6,19,3,12,0,0,0,0,0,0,0,0,6,19,6,19,3,12,0,0,0,0,0,0,0,0,6,19,6,19,3,12,0,0,0,0,0,0,0,0
92,0,100,0,0,100,0,100,6,19,6,19,3,12,0,0,0,0,0,0,0,0,6,19,6,19,3,12,0,0,0,0,0,0,0,0,6,19,6,19,3,12,0,0,0,0,0,0,0,0,6,19,6,19,3,12,0,0,0,0,0,0,0,0,6,19,6,19,3,12,0,0,0,0,0,0,0,0,6,19,6,19,3,12,0,0,0,0,0,0,0,0
93,0,100,0,0,100,0,100,6,19,6,19,3,12,0,0,0,0,0,0,0,0,6,19,6,19,3,12,0,0,0,0,0,0,0,0,6,19,6,19,3,12,0,0,0,0,0,0,0,0,6,19,6,19,3,12,0,0,0,0,0,0,0,0,6,19,6,19,3,12,0,0,0,0,0,0,0,0,6,19,6,19,3,12,0,0,0,0,0,0,0,0
94,0,100,0,0,100,0,100,6,19,6,19,3,12,2992,11,0,0,0,0,2992,11,6,19,6,19,3,12,2992,11,0,0,0,0,2992,11,6,19,6,19,3,12,2992,11,0,0,0,0,2992,11,6,19,6,19,3,12,2992,11,0,0,0,0,2992,11,6,19,6,19,3,12,2992,11,0,0,0,0,2992,11,6,19,6,19,3,12,2992,11,0,0,0,0,2992,11
95,0,100,0,0,100,0,100,6,19,6,19,4,13,0,0,0,0,0,0,0,0,6,19,6,19,4,13,0,0,0,0,0,0,0,0,6,19,6,19,4,13,0,0,0,0,0,0,0,0,6,19,6,19,4,13,0,0,0,0,0,0,0,0,6,19,6,19,4,13,0,0,0,0,0,0,0,0,6,19,6,19,4,13,0,0,0,0,0,0,0,0
96,0,100,0,0,100,0,100,6,19,6,19,4,13,0,0,0,0,0,0,0,0,6,19,6,19,4,13,0,0,0,0,0,0,0,0,6,19,6,19,4,13,0,0,0,0,0,0,0,0,6,19,6,19,4,13,0,0,0,0,0,0,0,0,6,19,6,19,4,13,0,0,0,0,0,0,0,0,6,19,6,19,4,13,0,0,0,0,0,0,0,0
97,0,100,0,0,100,0,100,6,19,6,19,4,13,0,0,0,0,0,0,0,0,6,19,6,19,4,13,0,0,0,0,0,0,0,0,6,19,6,19,4,13,0,0,0,0,0,0,0,0,6,19,6,19,4,13,0,0,0,0,0,0,0,0,6,19,6,19,4,13,0,0,0,0,0,0,0,0,6,19,6,19,4,13,0,0,0,0,0,0,0,0
98,0,100,0,0,100,0,100,6,19,6,19,4,13,2176,8,0,0,0,0,2176,8,6,19,6,19,4,13,2176,8,0,0,0,0,2176,8,6,19,6,19,4,13,2176,8,0,0,0,0,2176,8,6,19,6,19,4,13,2176,8,0,0,0,0,2176,8,6,19,6,19,4,13,2176,8,0,0,0,0,2176,8,6,19,6,19,4,13,2176,8,0,0,0,0,2176,8
99,0,100,0,0,100,0,100,6,19,6,19,4,13,0,0,0,0,0,0,0,0,6,19,6,19,4,13,0,0,0,0,0,0,0,0,6,19,6,19,4,13,0,0,0,0,0,0,0,0,6,19,6,19,4,13,0,0,0,0,0,0,0,0,6,19,6,19,4,13,0,0,0,0,0,0,0,0,6,19,6,19,4,13,0,0,0,0,0,0,0,0
100,0,100,0,0,100,0,100,6,19,6,19,4,13,0,0,0,0,0,0,0,0,6,19,6,19,4,13,0,0,0,0,0,0,0,0,6,19,6,19,4,13,0,0,0,0,0,0,0,0,6,19,6,19,4,13,0,0,0,0,0,0,0,0,6,19,6,19,4,13,0,0,0,0,0,0,0,0,6,19,6,19,4,13,0,0,0,0,0,0,0,0
101,0,100,0,0,100,0,100,6,19,6,19,4,13,0,0,0,0,0,0,0,0,6,19,6,19,4,13,0,0,0,0,0,0,0,0,6,19,6,19,4,13,0,0,0,0,0,0,0,0,6,19,6,19,4,13,0,0,0,0,0,0,0,0,6,19,6,19,4,13,0,0,0,0,0,0,0,0,6,19,6,19,4,13,0,0,0,0,0,0,0,0
102,0,100,0,0,100,0,100,6,19,6,19,4,13,3536,13,0,0,0,0,3536,13,6,19,6,19,4,13,3536,13,0,0,0,0,3536,13,6,19,6,19,4,13,3536,13,0,0,0,0,3536,13,6,19,6,19,4,13,3536,13,0,0,0,0,3536,13,6,19,6,19,4,13,3536,13,0,0,0,0,3536,13,6,19,6,19,4,13,3536,13,0,0,0,0,3536,13
103,0,100,0,0,100,0,100,6,19,6,19,4,13,0,0,0,0,0,0,0,0,6,19,6,19,4,13,0,0,0,0,0,0,0,0,6,19,6,19,4,13,0,0,0,0,0,0,0,0,6,19,6,19,4,13,0,0,0,0,0,0,0,0,6,19,6,19,4,13,0,0,0,0,0,0,0,0,6,19,6,19,4,13,0,0,0,0,0,0,0,0
104,0,100,0,0,100,0,100,6,19,6,19,4,13,0,0,0,0,0,0,0,0,6,19,6,19,4,13,0,0,0,0,0,0,0,0,6,19,6,19,4,13,0,0,0,0,0,0,0,0,6,19,6,19,4,13,0,0,0,0,0,0,0,0,6,19,6,19,4,13,0,0,0,0,0,0,0,0,6,19,6,19,4,13,0,0,0,0,0,0,0,0
105,0,100,0,0,100,0,100,6,19,6,19,4,13,0,0,0,0,0,0,0,0,6,19,6,19,4,13,0,0,0,0,0,0,0,0,6,19,6,19,4,13,0,0,0,0,0,0,0,0,6,19,6,19,4,13,0,0,0,0,0,0,0,0,6,19,6,19,4,13,0,0,0,0,0,0,0,0,6,19,6,19,4,13,0,0,0,0,0,0,0,0
106,0,100,0,0,100,0,100,6,19,6,19,4,13,3264,12,0,0,0,0,3264,12,6,19,6,19,4,13,3264,12,0,0,0,0,3264,12,6,19,6,19,4,13,3264,12,0,0,0,0,3264,12,6,19,6,19,4,13,3264,12,0,0,0,0,3264,12,6,19,6,19,4,13,3264,12,0,0,0,0,3264,12,6,19,6,19,4,13,3264,12,0,0,0,0,3264,12
107,0,100,0,0,100,0,100,6,19,6,19,4,13,0,0,0,0,0,0,0,0,6,19,6,19,4,13,0,0,0,0,0,0,0,0,6,19,6,19,4,13,0,0,0,0,0,0,0,0,6,19,6,19,4,13,0,0,0,0,0,0,0,0,6,19,6,19,4,13,0,0,0,0,0,0,0,0,6,19,6,19,4,13,0,0,0,0,0,0,0,0
108,0,100,0,0,100,0,100,6,19,6,19,4,13,0,0,0,0,0,0,0,0,6,19,6,19,4,13,0,0,0,0,0,0,0,0,6,19,6,19,4,13,0,0,0,0,0,0,0,0,6,19,6,19,4,13,0,0,0,0,0,0,0,0,6,19,6,19,4,13,0,0,0,0,0,0,0,0,6,19,6,19,4,13,0,0,0,0,0,0,0,0
109,0,100,0,0,100,0,100,6,19,6,19,4,13,0,0,0,0,0,0,0,0,6,19,6,19,4,13,0,0,0,0,0,0,0,0,6,19,6,19,4,13,0,0,0,0,0,0,0,0,6,19,6,19,4,13,0,0,0,0,0,0,0,0,6,19,6,19,4,13,0,0,0,0,0,0,0,0,6,19,6,19,4,13,0,0,0,0,0,0,0,0
110,0,100,0,0,100,0,100,6,19,6,19,4,13,2992,11,0,0,0,0,2992,11,6,19,6,19,4,13,2992,11,0,0,0,0,2992,11,6,19,6,19,4,13,2992,11,0,0,0,0,2992,11,6,19,6,19,4,13,2992,11,0,0,0,0,2992,11,6,19,6,19,4,13,2992,11,0,0,0,0,2992,11,6,19,6,19,4,13,2992,11,0,0,0,0,2992,11
111,0,100,0,0,100,0,100,6,19,6,19,5,17,0,0,0,0,0,0,0,0,6,19,6,19,5,17,0,0,0,0,0,0,0,0,6,19,6,19,5,17,0,0,0,0,0,0,0,0,6,19,6,19,5,17,0,0,0,0,0,0,0,0,6,19,6,19,5,17,0,0,0,0,0,0,0,0,6,19,6,19,5,17,0,0,0,0,0,0,0,0
112,0,100,0,0,100,0,100,6,19,6,19,5,17,0,0,0,0,0,0,0,0,6,19,6,19,5,17,0,0,0,0,0,0,0,0,6,19,6,19,5,17,0,0,0,0,0,0,0,0,6,19,6,19,5,17,0,0,0,0,0,0,0,0,6,19,6,19,5,17,0,0,0,0,0,0,0,0,6,19,6,19,5,17,0,0,0,0,0,0,0,0
113,0,100,0,0,100,0,100,6,19,6,19,5,17,80789,1,80789,1,0,0,0,0,6,19,6,19,5,17,80789,1,80789,1,0,0,0,0,6,19,6,19,5,17,80789,1,80789,1,0,0,0,0,6,19,6,19,5,17,80789,1,80789,1,0,0,0,0,6,19,6,19,5,17,80789,1,80789,1,0,0,0,0,6,19,6,19,5,17,80789,1,80789,1,0,0,0,0
114,0,100,0,0,100,0,100,7,28,7,28,5,17,82737,10,0,0,80289,1,2448,9,7,28,7,28,5,17,82737,10,0,0,80289,1,2448,9,7,28,7,28,5,17,82737,10,0,0,80289,1,2448,9,7,28,7,28,5,17,82737,10,0,0,80289,1,2448,9,7,28,7,28,5,17,82737,10,0,0,80289,1,2448,9,7,28,7,28,5,17,82737,10,0,0,80289,1,2448,9
115,0,100,0,0,100,0,100,7,28,7,28,5,17,0,0,0,0,0,0,0,0,7,28,7,28,5,17,0,0,0,0,0,0,0,0,7,28,7,28,5,17,0,0,0,0,0,0,0,0,7,28,7,28,5,17,0,0,0,0,0,0,0,0,7,28,7,28,5,17,0,0,0,0,0,0,0,0,7,28,7,28,5,17,0,0,0,0,0,0,0,0
116,0,100,0,0,100,0,100,7,28,7,28,5,17,0,0,0,0,0,0,0,0,7,28,7,28,5,17,0,0,0,0,0,0,0,0,7,28,7,28,5,17,0,0,0,0,0,0,0,0,7,28,7,28,5,17,0,0,0,0,0,0,0,0,7,28,7,28,5,17,0,0,0,0,0,0,0,0,7,28,7,28,5,17,0,0,0,0,0,0,0,0
117,0,100,0,0,100,0,100,7,28,7,28,5,17,0,0,0,0,0,0,0,0,7,28,7,28,5,17,0,0,0,0,0,0,0,0,7,28,7,28,5,17,0,0,0,0,0,0,0,0,7,28,7,28,5,17,0,0,0,0,0,0,0,0,7,28,7,28,5,17,0,0,0,0,0,0,0,0,7,28,7,28,5,17,0,0,0,0,0,0,0,0
118,0,100,0,0,100,0,100,7,28,7,28,5,17,2448,9,0,0,0,0,2448,9,7,28,7,28,5,17,2448,9,0,0,0,0,2448,9,7,28,7,28,5,17,2448,9,0,0,0,0,2448,9,7,28,7,28,5,17,2448,9,0,0,0,0,2448,9,7,28,7,28,5,17,2448,9,0,0,0,0,2448,9,7,28,7,28,5,17,2448,9,0,0,0,0,2448,9
119,0,100,0,0,100,0,100,7,28,7,28,6,19,0,0,0,0,0,0,0,0,7,28,7,28,6,19,0,0,0,0,0,0,0,0,7,28,7,28,6,19,0,0,0,0,0,0,0,0,7,28,7,28,6,19,0,0,0,0,0,0,0,0,7,28,7,28,6,19,0,0,0,0,0,0,0,0,7,28,7,28,6,19,0,0,0,0,0,0,0,0
120,0,100,0,0,100,0,100,7,28,7,28,6,19,0,0,0,0,0,0,0,0,7,28,7,28,6,19,0,0,0,0,0,0,0,0,7,28,7,28,6,19,0,0,0,0,0,0,0,0,7,28,7,28,6,19,0,0,0,0,0,0,0,0,7,28,7,28,6,19,0,0,0,0,0,0,0,0,7,28,7,28,6,19,0,0,0,0,0,0,0,0
121,0,100,0,0,100,0,100,7,28,7,28,6,19,0,0,0,0,0,0,0,0,7,28,7,28,6,19,0,0,0,0,0,0,0,0,7,28,7,28,6,19,0,0,0,0,0,0,0,0,7,28,7,28,6,19,0,0,0,0,0,0,0,0,7,28,7,28,6,19,0,0,0,0,0,0,0,0,7,28,7,28,6,19,0,0,0,0,0,0,0,0
122,0,100,0,0,100,0,100,7,28,7,28,6,19,3536,13,0,0,0,0,3536,13,7,28,7,28,6,19,3536,13,0,0,0,0,3536,13,7,28,7,28,6,19,3536,13,0,0,0,0,3536,13,7,28,7,28,6,19,3536,13,0,0,0,0,3536,13,7,28,7,28,6,19,3536,13,0,0,0,0,3536,13,7,28,7,28,6,19,3536,13,0,0,0,0,3536,13
123,0,100,0,0,100,0,100,7,28,7,28,6,19,0,0,0,0,0,0,0,0,7,28,7,28,6,19,0,0,0,0,0,0,0,0,7,28,7,28,6,19,0,0,0,0,0,0,0,0,7,28,7,28,6,19,0,0,0,0,0,0,0,0,7,28,7,28,6,19,0,0,0,0,0,0,0,0,7,28,7,28,6,19,0,0,0,0,0,0,0,0
124,0,100,0,0,100,0,100,7,28,7,28,6,19,0,0,0,0,0,0,0,0,7,28,7,28,6,19,0,0,0,0,0,0,0,0,7,28,7,28,6,19,0,0,0,0,0,0,0,0,7,28,7,28,6,19,0,0,0,0,0,0,0,0,7,28,7,28,6,19,0,0,0,0,0,0,0,0,7,28,7,28,6,19,0,0,0,0,0,0,0,0
125,0,100,0,0,100,0,100,7,28,7,28,6,19,80854,1,80854,1,0,0,0,0,7,28,7,28,6,19,80854,1,80854,1,0,0,0,0,7,28,7,28,6,19,80854,1,80854,1,0,0,0,0,7,28,7,28,6,19,80854,1,80854,1,0,0,0,0,7,28,7,28,6,19,80854,1,80854,1,0,0,0,0,7,28,7,28,6,19,80854,1,80854,1,0,0,0,0
126,0,100,0,0,100,0,100,8,31,8,31,6,19,82466,9,0,0,80290,1,2176,8,8,31,8,31,6,19,82466,9,0,0,80290,1,2176,8,8,31,8,31,6,19,82466,9,0,0,80290,1,2176,8,8,31,8,31,6,19,82466,9,0,0,80290,1,2176,8,8,31,8,31,6,19,82466,9,0,0,80290,1,2176,8,8,31,8,31,6,19,82466,9,0,0,80290,1,2176,8
127,0,100,0,0,100,0,100,8,31,8,31,6,19,0,0,0,0,0,0,0,0,8,31,8,31,6,19,0,0,0,0,0,0,0,0,8,31,8,31,6,19,0,0,0,0,0,0,0,0,8,31,8,31,6,19,0,0,0,0,0,0,0,0,8,31,8,31,6,19,0,0,0,0,0,0,0,0,8,31,8,31,6,19,0,0,0,0,0,0,0,0
128,0,100,0,0,100,0,100,8,31,8,31,6,19,0,0,0,0,0,0,0,0,8,31,8,31,6,19,0,0,0,0,0,0,0,0,8,31,8,31,6,19,0,0,0,0,0,0,0,0,8,31,8,31,6,19,0,0,0,0,0,0,0,0,8,31,8,31,6,19,0,0,0,0,0,0,0,0,8,31,8,31,6,19,0,0,0,0,0,0,0,0
129,0,100,0,0,100,0,100,8,31,8,31,6,19,0,0,0,0,0,0,0,0,8,31,8,31,6,19,0,0,0,0,0,0,0,0,8,31,8,31,6,19,0,0,0,0,0,0,0,0,8,31,8,31,6,19,0,0,0,0,0,0,0,0,8,31,8,31,6,19,0,0,0,0,0,0,0,0,8,31,8,31,6,19,0,0,0,0,0,0,0,0
130,0,100,0,0,100,0,100,8,31,8,31,6,19,3264,12,0,0,0,0,3264,12,8,31,8,31,6,19,3264,12,0,0,0,0,3264,12,8,31,8,31,6,19,3264,12,0,0,0,0,3264,12,8,31,8,31,6,19,3264,12,0,0,0,0,3264,12,8,31,8,31,6,19,3264,12,0,0,0,0,3264,12,8,31,8,31,6,19,3264,12,0,0,0,0,3264,12
131,0,100,0,0,100,0,100,8,31,8,31,6,19,0,0,0,0,0,0,0,0,8,31,8,31,6,19,0,0,0,0,0,0,0,0,8,31,8,31,6,19,0,0,0,0,0,0,0,0,8,31,8,31,6,19,0,0,0,0,0,0,0,0,8,31,8,31,6,19,0,0,0,0,0,0,0,0,8,31,8,31,6,19,0,0,0,0,0,0,0,0
132,0,100,0,0,100,0,100,8,31,8,31,6,19,0,0,0,0,0,0,0,0,8,31,8,31,6,19,0,0,0,0,0,0,0,0,8,31,8,31,6,19,0,0,0,0,0,0,0,0,8,31,8,31,6,19,0,0,0,0,0,0,0,0,8,31,8,31,6,19,0,0,0,0,0,0,0,0,8,31,8,31,6,19,0,0,0,0,0,0,0,0
133,0,100,0,0,100,0,100,8,31,8,31,6,19,0,0,0,0,0,0,0,0,8,31,8,31,6,19,0,0,0,0,0,0,0,0,8,31,8,31,6,19,0,0,0,0,0,0,0,0,8,31,8,31,6,19,0,0,0,0,0,0,0,0,8,31,8,31,6,19,0,0,0,0,0,0,0,0,8,31,8,31,6,19,0,0,0,0,0,0,0,0
134,0,100,0,0,100,0,100,8,31,8,31,6,19,2992,11,0,0,0,0,2992,11,8,31,8,31,6,19,2992,11,0,0,0,0,2992,11,8,31,8,31,6,19,2992,11,0,0,0,0,2992,11,8,31,8,31,6,19,2992,11,0,0,0,0,2992,11,8,31,8,31,6,19,2992,11,0,0,0,0,2992,11,8,31,8,31,6,19,2992,11,0,0,0,0,2992,11
135,0,100,0,0,100,0,100,8,31,8,31,6,19,0,0,0,0,0,0,0,0,8,31,8,31,6,19,0,0,0,0,0,0,0,0,8,31,8,31,6,19,0,0,0,0,0,0,0,0,8,31,8,31,6,19,0,0,0,0,0,0,0,0,8,31,8,31,6,19,0,0,0,0,0,0,0,0,8,31,8,31,6,19,0,0,0,0,0,0,0,0
136,0,100,0,0,100,0,100,8,31,8,31,6,19,0,0,0,0,0,0,0,0,8,31,8,31,6,19,0,0,0,0,0,0,0,0,8,31,8,31,6,19,0,0,0,0,0,0,0,0,8,31,8,31,6,19,0,0,0,0,0,0,0,0,8,31,8,31,6,19,0,0,0,0,0,0,0,0,8,31,8,31,6,19,0,0,0,0,0,0,0,0
137,0,100,0,0,100,0,100,8,31,8,31,6,19,0,0,0,0,0,0,0,0,8,31,8,31,6,19,0,0,0,0,0,0,0,0,8,31,8,31,6,19,0,0,0,0,0,0,0,0,8,31,8,31,6,19,0,0,0,0,0,0,0,0,8,31,8,31,6,19,0,0,0,0,0,0,0,0,8,31,8,31,6,19,0,0,0,0,0,0,0,0
138,0,100,0,0,100,0,100,8,31,8,31,6,19,4080,15,0,0,0,0,4080,15,8,31,8,31,6,19,4080,15,0,0,0,0,4080,15,8,31,8,31,6,19,4080,15,0,0,0,0,4080,15,8,31,8,31,6,19,4080,15,0,0,0,0,4080,15,8,31,8,31,6,19,4080,15,0,0,0,0,4080,15,8,31,8,31,6,19,4080,15,0,0,0,0,4080,15
139,0,100,0,0,100,0,100,8,31,8,31,6,19,0,0,0,0,0,0,0,0,8,31,8,31,6,19,0,0,0,0,0,0,0,0,8,31,8,31,6,19,0,0,0,0,0,0,0,0,8,31,8,31,6,19,0,0,0,0,0,0,0,0,8,31,8,31,6,19,0,0,0,0,0,0,0,0,8,31,8,31,6,19,0,0,0,0,0,0,0,0
140,0,100,0,0,100,0,100,8,31,8,31,6,19,0,0,0,0,0,0,0,0,8,31,8,31,6,19,0,0,0,0,0,0,0,0,8,31,8,31,6,19,0,0,0,0,0,0,0,0,8,31,8,31,6,19,0,0,0,0,0,0,0,0,8,31,8,31,6,19,0,0,0,0,0,0,0,0,8,31,8,31,6,19,0,0,0,0,0,0,0,0
141,0,100,0,0,100,0,100,8,31,8,31,6,19,0,0,0,0,0,0,0,0,8,31,8,31,6,19,0,0,0,0,0,0,0,0,8,31,8,31,6,19,0,0,0,0,0,0,0,0,8,31,8,31,6,19,0,0,0,0,0,0,0,0,8,31,8,31,6,19,0,0,0,0,0,0,0,0,8,31,8,31,6,19,0,0,0,0,0,0,0,0
142,0,100,0,0,100,0,100,8,31,8,31,6,19,1632,6,0,0,0,0,1632,6,8,31,8,31,6,19,1632,6,0,0,0,0,1632,6,8,31,8,31,6,19,1632,6,0,0,0,0,1632,6,8,31,8,31,6,19,1632,6,0,0,0,0,1632,6,8,31,8,31,6,19,1632,6,0,0,0,0,1632,6,8,31,8,31,6,19,1632,6,0,0,0,0,1632,6
143,0,100,0,0,100,0,100,8,31,8,31,6,19,0,0,0,0,0,0,0,0,8,31,8,31,6,19,0,0,0,0,0,0,0,0,8,31,8,31,6,19,0,0,0,0,0,0,0,0,8,31,8,31,6,19,0,0,0,0,0,0,0,0,8,31,8,31,6,19,0,0,0,0,0,0,0,0,8,31,8,31,6,19,0,0,0,0,0,0,0,0
144,0,100,0,0,100,0,100,8,31,8,31,6,19,0,0,0,0,0,0,0,0,8,31,8,31,6,19,0,0,0,0,0,0,0,0,8,31,8,31,6,19,0,0,0,0,0,0,0,0,8,31,8,31,6,19,0,0,0,0,0,0,0,0,8,31,8,31,6,19,0,0,0,0,0,0,0,0,8,31,8,31,6,19,0,0,0,0,0,0,0,0
145,0,100,0,0,100,0,100,8,31,8,31,6,19,0,0,0,0,0,0,0,0,8,31,8,31,6,19,0,0,0,0,0,0,0,0,8,31,8,31,6,19,0,0,0,0,0,0,0,0,8,31,8,31,6,19,0,0,0,0,0,0,0,0,8,31,8,31,6,19,0,0,0,0,0,0,0,0,8,31,8,31,6,19,0,0,0,0,0,0,0,0
146,0,100,0,0,100,0,100,8,31,8,31,6,19,1632,6,0,0,0,0,1632,6,8,31,8,31,6,19,1632,6,0,0,0,0,1632,6,8,31,8,31,6,19,1632,6,0,0,0,0,1632,6,8,31,8,31,6,19,1632,6,0,0,0,0,1632,6,8,31,8,31,6,19,1632,6,0,0,0,0,1632,6,8,31,8,31,6,19,1632,6,0,0,0,0,1632,6
147,0,100,0,0,100,0,100,8,31,8,31,6,19,0,0,0,0,0,0,0,0,8,31,8,31,6,19,0,0,0,0,0,0,0,0,8,31,8,31,6,19,0,0,0,0,0,0,0,0,8,31,8,31,6,19,0,0,0,0,0,0,0,0,8,31,8,31,6,19,0,0,0,0,0,0,0,0,8,31,8,31,6,19,0,0,0,0,0,0,0,0
148,0,100,0,0,100,0,100,8,31,8,31,6,19,0,0,0,0,0,0,0,0,8,31,8,31,6,19,0,0,0,0,0,0,0,0,8,31,8,31,6,19,0,0,0,0,0,0,0,0,8,31,8,31,6,19,0,0,0,0,0,0,0,0,8,31,8,31,6,19,0,0,0,0,0,0,0,0,8,31,8,31,6,19,0,0,0,0,0,0,0,0
149,0,100,0,0,100,0,100,8,31,8,31,6,19,80630,1,80630,1,0,0,0,0,8,31,8,31,6,19,80630,1,80630,1,0,0,0,0,8,31,8,31,6,19,80630,1,80630,1,0,0,0,0,8,31,8,31,6,19,80630,1,80630,1,0,0,0,0,8,31,8,31,6,19,80630,1,80630,1,0,0,0,0,8,31,8,31,6,19,80630,1,80630,1,0,0,0,0
150,0,100,0,0,100,0,100,8,31,8,31,6,19,82194,8,0,0,80290,1,1904,7,8,31,8,31,6,19,82194,8,0,0,80290,1,1904,7,8,31,8,31,6,19,82194,8,0,0,80290,1,1904,7,8,31,8,31,6,19,82194,8,0,0,80290,1,1904,7,8,31,8,31,6,19,82194,8,0,0,80290,1,1904,7,8,31,8,31,6,19,82194,8,0,0,80290,1,1904,7
151,0,100,0,0,100,0,100,8,31,8,31,6,19,0,0,0,0,0,0,0,0,8,31,8,31,6,19,0,0,0,0,0,0,0,0,8,31,8,31,6,19,0,0,0,0,0,0,0,0,8,31,8,31,6,19,0,0,0,0,0,0,0,0,8,31,8,31,6,19,0,0,0,0,0,0,0,0,8,31,8,31,6,19,0,0,0,0,0,0,0,0
152,0,100,0,0,100,0,100,8,31,8,31,6,19,0,0,0,0,0,0,0,0,8,31,8,31,6,19,0,0,0,0,0,0,0,0,8,31,8,31,6,19,0,0,0,0,0,0,0,0,8,31,8,31,6,19,0,0,0,0,0,0,0,0,8,31,8,31,6,19,0,0,0,0,0,0,0,0,8,31,8,31,6,19,0,0,0,0,0,0,0,0
153,0,100,0,0,100,0,100,8,31,8,31,6,19,0,0,0,0,0,0,0,0,8,31,8,31,6,19,0,0,0,0,0,0,0,0,8,31,8,31,6,19,0,0,0,0,0,0,0,0,8,31,8,31,6,19,0,0,0,0,0,0,0,0,8,31,8,31,6,19,0,0,0,0,0,0,0,0,8,31,8,31,6,19,0,0,0,0,0,0,0,0
154,0,100,0,0,100,0,100,8,31,8,31,6,19,1904,7,0,0,0,0,1904,7,8,31,8,31,6,19,1904,7,0,0,0,0,1904,7,8,31,8,31,6,19,1904,7,0,0,0,0,1904,7,8,31,8,31,6,19,1904,7,0,0,0,0,1904,7,8,31,8,31,6,19,1904,7,0,0,0,0,1904,7,8,31,8,31,6,19,1904,7,0,0,0,0,1904,7
155,0,100,0,0,100,0,100,8,31,8,31,7,28,0,0,0,0,0,0,0,0,8,31,8,31,7,28,0,0,0,0,0,0,0,0,8,31,8,31,7,28,0,0,0,0,0,0,0,0,8,31,8,31,7,28,0,0,0,0,0,0,0,0,8,31,8,31,7,28,0,0,0,0,0,0,0,0,8,31,8,31,7,28,0,0,0,0,0,0,0,0
156,0,100,0,0,100,0,100,8,31,8,31,7,28,0,0,0,0,0,0,0,0,8,31,8,31,7,28,0,0,0,0,0,0,0,0,8,31,8,31,7,28,0,0,0,0,0,0,0,0,8,31,8,31,7,28,0,0,0,0,0,0,0,0,8,31,8,31,7,28,0,0,0,0,0,0,0,0,8,31,8,31,7,28,0,0,0,0,0,0,0,0
157,0,100,0,0,100,0,100,8,31,8,31,7,28,0,0,0,0,0,0,0,0,8,31,8,31,7,28,0,0,0,0,0,0,0,0,8,31,8,31,7,28,0,0,0,0,0,0,0,0,8,31,8,31,7,28,0,0,0,0,0,0,0,0,8,31,8,31,7,28,0,0,0,0,0,0,0,0,8,31,8,31,7,28,0,0,0,0,0,0,0,0
158,0,100,0,0,100,0,100,9,37,9,37,7,28,2176,8,0,0,0,0,2176,8,9,37,9,37,7,28,2176,8,0,0,0,0,2176,8,9,37,9,37,7,28,2176,8,0,0,0,0,2176,8,9,37,9,37,7,28,2176,8,0,0,0,0,2176,8,9,37,9,37,7,28,2176,8,0,0,0,0,2176,8,9,37,9,37,7,28,2176,8,0,0,0,0,2176,8
159,0,100,0,0,100,0,100,9,37,9,37,7,28,0,0,0,0,0,0,0,0,9,37,9,37,7,28,0,0,0,0,0,0,0,0,9,37,9,37,7,28,0,0,0,0,0,0,0,0,9,37,9,37,7,28,0,0,0,0,0,0,0,0,9,37,9,37,7,28,0,0,0,0,0,0,0,0,9,37,9,37,7,28,0,0,0,0,0,0,0,0
160,0,100,0,0,100,0,100,9,37,9,37,7,28,0,0,0,0,0,0,0,0,9,37,9,37,7,28,0,0,0,0,0,0,0,0,9,37,9,37,7,28,0,0,0,0,0,0,0,0,9,37,9,37,7,28,0,0,0,0,0,0,0,0,9,37,9,37,7,28,0,0,0,0,0,0,0,0,9,37,9,37,7,28,0,0,0,0,0,0,0,0
161,0,100,0,0,100,0,100,9,37,9,37,7,28,0,0,0,0,0,0,0,0,9,37,9,37,7,28,0,0,0,0,0,0,0,0,9,37,9,37,7,28,0,0,0,0,0,0,0,0,9,37,9,37,7,28,0,0,0,0,0,0,0,0,9,37,9,37,7,28,0,0,0,0,0,0,0,0,9,37,9,37,7,28,0,0,0,0,0,0,0,0
162,0,100,0,0,100,0,100,9,37,9,37,7,28,2992,11,0,0,0,0,2992,11,9,37,9,37,7,28,2992,11,0,0,0,0,2992,11,9,37,9,37,7,28,2992,11,0,0,0,0,2992,11,9,37,9,37,7,28,2992,11,0,0,0,0,2992,11,9,37,9,37,7,28,2992,11,0,0,0,0,2992,11,9,37,9,37,7,28,2992,11,0,0,0,0,2992,11
163,0,100,0,0,100,0,100,9,37,9,37,7,28,0,0,0,0,0,0,0,0,9,37,9,37,7,28,0,0,0,0,0,0,0,0,9,37,9,37,7,28,0,0,0,0,0,0,0,0,9,37,9,37,7,28,0,0,0,0,0,0,0,0,9,37,9,37,7,28,0,0,0,0,0,0,0,0,9,37,9,37,7,28,0,0,0,0,0,0,0,0
164,0,100,0,0,100,0,100,9,37,9,37,7,28,0,0,0,0,0,0,0,0,9,37,9,37,7,28,0,0,0,0,0,0,0,0,9,37,9,37,7,28,0,0,0,0,0,0,0,0,9,37,9,37,7,28,0,0,0,0,0,0,0,0,9,37,9,37,7,28,0,0,0,0,0,0,0,0,9,37,9,37,7,28,0,0,0,0,0,0,0,0
165,0,100,0,0,100,0,100,9,37,9,37,7,28,0,0,0,0,0,0,0,0,9,37,9,37,7,28,0,0,0,0,0,0,0,0,9,37,9,37,7,28,0,0,0,0,0,0,0,0,9,37,9,37,7,28,0,0,0,0,0,0,0,0,9,37,9,37,7,28,0,0,0,0,0,0,0,0,9,37,9,37,7,28,0,0,0,0,0,0,0,0
166,0,100,0,0,100,0,100,9,37,9,37,7,28,2720,10,0,0,0,0,2720,10,9,37,9,37,7,28,2720,10,0,0,0,0,2720,10,9,37,9,37,7,28,2720,10,0,0,0,0,2720,10,9,37,9,37,7,28,2720,10,0,0,0,0,2720,10,9,37,9,37,7,28,2720,10,0,0,0,0,2720,10,9,37,9,37,7,28,2720,10,0,0,0,0,2720,10
167,0,100,0,0,100,0,100,9,37,9,37,8,31,0,0,0,0,0,0,0,0,9,37,9,37,8,31,0,0,0,0,0,0,0,0,9,37,9,37,8,31,0,0,0,0,0,0,0,0,9,37,9,37,8,31,0,0,0,0,0,0,0,0,9,37,9,37,8,31,0,0,0,0,0,0,0,0,9,37,9,37,8,31,0,0,0,0,0,0,0,0
168,0,100,0,0,100,0,100,9,37,9,37,8,31,0,0,0,0,0,0,0,0,9,37,9,37,8,31,0,0,0,0,0,0,0,0,9,37,9,37,8,31,0,0,0,0,0,0,0,0,9,37,9,37,8,31,0,0,0,0,0,0,0,0,9,37,9,37,8,31,0,0,0,0,0,0,0,0,9,37,9,37,8,31,0,0,0,0,0,0,0,0
169,0,100,0,0,100,0,100,9,37,9,37,8,31,80758,1,80758,1,0,0,0,0,9,37,9,37,8,31,80758,1,80758,1,0,0,0,0,9,37,9,37,8,31,80758,1,80758,1,0,0,0,0,9,37,9,37,8,31,80758,1,80758,1,0,0,0,0,9,37,9,37,8,31,80758,1,80758,1,0,0,0,0,9,37,9,37,8,31,80758,1,80758,1,0,0,0,0
170,0,100,0,0,100,0,100,9,37,9,37,8,31,81650,6,0,0,80290,1,1360,5,9,37,9,37,8,31,81650,6,0,0,80290,1,1360,5,9,37,9,37,8,31,81650,6,0,0,80290,1,1360,5,9,37,9,37,8,31,81650,6,0,0,80290,1,1360,5,9,37,9,37,8,31,81650,6,0,0,80290,1,1360,5,9,37,9,37,8,31,81650,6,0,0,80290,1,1360,5
171,0,100,0,0,100,0,100,9,37,9,37,8,31,0,0,0,0,0,0,0,0,9,37,9,37,8,31,0,0,0,0,0,0,0,0,9,37,9,37,8,31,0,0,0,0,0,0,0,0,9,37,9,37,8,31,0,0,0,0,0,0,0,0,9,37,9,37,8,31,0,0,0,0,0,0,0,0,9,37,9,37,8,31,0,0,0,0,0,0,0,0
172,0,100,0,0,100,0,100,9,37,9,37,8,31,0,0,0,0,0,0,0,0,9,37,9,37,8,31,0,0,0,0,0,0,0,0,9,37,9,37,8,31,0,0,0,0,0,0,0,0,9,37,9,37,8,31,0,0,0,0,0,0,0,0,9,37,9,37,8,31,0,0,0,0,0,0,0,0,9,37,9,37,8,31,0,0,0,0,0,0,0,0
173,0,100,0,0,100,0,100,9,37,9,37,8,31,80597,1,80597,1,0,0,0,0,9,37,9,37,8,31,80597,1,80597,1,0,0,0,0,9,37,9,37,8,31,80597,1,80597,1,0,0,0,0,9,37,9,37,8,31,80597,1,80597,1,0,0,0,0,9,37,9,37,8,31,80597,1,80597,1,0,0,0,0,9,37,9,37,8,31,80597,1,80597,1,0,0,0,0
174,0,100,0,0,100,0,100,9,37,9,37,8,31,81921,7,0,0,80289,1,1632,6,9,37,9,37,8,31,81921,7,0,0,80289,1,1632,6,9,37,9,37,8,31,81921,7,0,0,80289,1,1632,6,9,37,9,37,8,31,81921,7,0,0,80289,1,1632,6,9,37,9,37,8,31,81921,7,0,0,80289,1,1632,6,9,37,9,37,8,31,81921,7,0,0,80289,1,1632,6
175,0,100,0,0,100,0,100,9,37,9,37,8,31,0,0,0,0,0,0,0,0,9,37,9,37,8,31,0,0,0,0,0,0,0,0,9,37,9,37,8,31,0,0,0,0,0,0,0,0,9,37,9,37,8,31,0,0,0,0,0,0,0,0,9,37,9,37,8,31,0,0,0,0,0,0,0,0,9,37,9,37,8,31,0,0,0,0,0,0,0,0
176,0,100,0,0,100,0,100,9,37,9,37,8,31,0,0,0,0,0,0,0,0,9,37,9,37,8,31,0,0,0,0,0,0,0,0,9,37,9,37,8,31,0,0,0,0,0,0,0,0,9,37,9,37,8,31,0,0,0,0,0,0,0,0,9,37,9,37,8,31,0,0,0,0,0,0,0,0,9,37,9,37,8,31,0,0,0,0,0,0,0,0
177,0,100,0,0,100,0,100,9,37,9,37,8,31,0,0,0,0,0,0,0,0,9,37,9,37,8,31,0,0,0,0,0,0,0,0,9,37,9,37,8,31,0,0,0,0,0,0,0,0,9,37,9,37,8,31,0,0,0,0,0,0,0,0,9,37,9,37,8,31,0,0,0,0,0,0,0,0,9,37,9,37,8,31,0,0,0,0,0,0,0,0
178,0,100,0,0,100,0,100,11,43,11,43,8,31,2448,9,0,0,0,0,2448,9,11,43,11,43,8,31,2448,9,0,0,0,0,2448,9,11,43,11,43,8,31,2448,9,0,0,0,0,2448,9,11,43,11,43,8,31,2448,9,0,0,0,0,2448,9,11,43,11,43,8,31,2448,9,0,0,0,0,2448,9,11,43,11,43,8,31,2448,9,0,0,0,0,2448,9
179,0,100,0,0,100,0,100,11,43,11,43,8,31,0,0,0,0,0,0,0,0,11,43,11,43,8,31,0,0,0,0,0,0,0,0,11,43,11,43,8,31,0,0,0,0,0,0,0,0,11,43,11,43,8,31,0,0,0,0,0,0,0,0,11,43,11,43,8,31,0,0,0,0,0,0,0,0,11,43,11,43,8,31,0,0,0,0,0,0,0,0
180,0,100,0,0,100,0,100,11,43,11,43,8,31,0,0,0,0,0,0,0,0,11,43,11,43,8,31,0,0,0,0,0,0,0,0,11,43,11,43,8,31,0,0,0,0,0,0,0,0,11,43,11,43,8,31,0,0,0,0,0,0,0,0,11,43,11,43,8,31,0,0,0,0,0,0,0,0,11,43,11,43,8,31,0,0,0,0,0,0,0,0
181,0,100,0,0,100,0,100,11,43,11,43,8,31,0,0,0,0,0,0,0,0,11,43,11,43,8,31,0,0,0,0,0,0,0,0,11,43,11,43,8,31,0,0,0,0,0,0,0,0,11,43,11,43,8,31,0,0,0,0,0,0,0,0,11,43,11,43,8,31,0,0,0,0,0,0,0,0,11,43,11,43,8,31,0,0,0,0,0,0,0,0
182,0,100,0,0,100,0,100,11,43,11,43,8,31,1904,7,0,0,0,0,1904,7,11,43,11,43,8,31,1904,7,0,0,0,0,1904,7,11,43,11,43,8,31,1904,7,0,0,0,0,1904,7,11,43,11,43,8,31,1904,7,0,0,0,0,1904,7,11,43,11,43,8,31,1904,7,0,0,0,0,1904,7,11,43,11,43,8,31,1904,7,0,0,0,0,1904,7
183,0,100,0,0,100,0,100,11,43,11,43,8,31,0,0,0,0,0,0,0,0,11,43,11,43,8,31,0,0,0,0,0,0,0,0,11,43,11,43,8,31,0,0,0,0,0,0,0,0,11,43,11,43,8,31,0,0,0,0,0,0,0,0,11,43,11,43,8,31,0,0,0,0,0,0,0,0,11,43,11,43,8,31,0,0,0,0,0,0,0,0
184,0,100,0,0,100,0,100,11,43,11,43,8,31,0,0,0,0,0,0,0,0,11,43,11,43,8,31,0,0,0,0,0,0,0,0,11,43,11,43,8,31,0,0,0,0,0,0,0,0,11,43,11,43,8,31,0,0,0,0,0,0,0,0,11,43,11,43,8,31,0,0,0,0,0,0,0,0,11,43,11,43,8,31,0,0,0,0,0,0,0,0
185,0,100,0,0,100,0,100,11,43,11,43,8,31,0,0,0,0,0,0,0,0,11,43,11,43,8,31,0,0,0,0,0,0,0,0,11,43,11,43,8,31,0,0,0,0,0,0,0,0,11,43,11,43,8,31,0,0,0,0,0,0,0,0,11,43,11,43,8,31,0,0,0,0,0,0,0,0,11,43,11,43,8,31,0,0,0,0,0,0,0,0
186,0,100,0,0,100,0,100,11,43,11,43,8,31,4624,17,0,0,0,0,4624,17,11,43,11,43,8,31,4624,17,0,0,0,0,4624,17,11,43,11,43,8,31,4624,17,0,0,0,0,4624,17,11,43,11,43,8,31,4624,17,0,0,0,0,4624,17,11,43,11,43,8,31,4624,17,0,0,0,0,4624,17,11,43,11,43,8,31,4624,17,0,0,0,0,4624,17
187,0,100,0,0,100,0,100,11,43,11,43,8,31,0,0,0,0,0,0,0,0,11,43,11,43,8,31,0,0,0,0,0,0,0,0,11,43,11,43,8,31,0,0,0,0,0,0,0,0,11,43,11,43,8,31,0,0,0,0,0,0,0,0,11,43,11,43,8,31,0,0,0,0,0,0,0,0,11,43,11,43,8,31,0,0,0,0,0,0,0,0
188,0,100,0,0,100,0,100,11,43,11,43,8,31,0,0,0,0,0,0,0,0,11,43,11,43,8,31,0,0,0,0,0,0,0,0,11,43,11,43,8,31,0,0,0,0,0,0,0,0,11,43,11,43,8,31,0,0,0,0,0,0,0,0,11,43,11,43,8,31,0,0,0,0,0,0,0,0,11,43,11,43,8,31,0,0,0,0,0,0,0,0
189,0,100,0,0,100,0,100,11,43,11,43,8,31,0,0,0,0,0,0,0,0,11,43,11,43,8,31,0,0,0,0,0,0,0,0,11,43,11,43,8,31,0,0,0,0,0,0,0,0,11,43,11,43,8,31,0,0,0,0,0,0,0,0,11,43,11,43,8,31,0,0,0,0,0,0,0,0,11,43,11,43,8,31,0,0,0,0,0,0,0,0
190,0,100,0,0,100,0,100,11,43,11,43,8,31,816,3,0,0,0,0,816,3,11,43,11,43,8,31,816,3,0,0,0,0,816,3,11,43,11,43,8,31,816,3,0,0,0,0,816,3,11,43,11,43,8,31,816,3,0,0,0,0,816,3,11,43,11,43,8,31,816,3,0,0,0,0,816,3,11,43,11,43,8,31,816,3,0,0,0,0,816,3
191,0,100,0,0,100,0,100,11,43,11,43,9,37,0,0,0,0,0,0,0,0,11,43,11,43,9,37,0,0,0,0,0,0,0,0,11,43,11,43,9,37,0,0,0,0,0,0,0,0,11,43,11,43,9,37,0,0,0,0,0,0,0,0,11,43,11,43,9,37,0,0,0,0,0,0,0,0,11,43,11,43,9,37,0,0,0,0,0,0,0,0
192,0,100,0,0,100,0,100,11,43,11,43,9,37,0,0,0,0,0,0,0,0,11,43,11,43,9,37,0,0,0,0,0,0,0,0,11,43,11,43,9,37,0,0,0,0,0,0,0,0,11,43,11,43,9,37,0,0,0,0,0,0,0,0,11,43,11,43,9,37,0,0,0,0,0,0,0,0,11,43,11,43,9,37,0,0,0,0,0,0,0,0
193,0,100,0,0,100,0,100,11,43,11,43,9,37,0,0,0,0,0,0,0,0,11,43,11,43,9,37,0,0,0,0,0,0,0,0,11,43,11,43,9,37,0,0,0,0,0,0,0,0,11,43,11,43,9,37,0,0,0,0,0,0,0,0,11,43,11,43,9,37,0,0,0,0,0,0,0,0,11,43,11,43,9,37,0,0,0,0,0,0,0,0
194,0,100,0,0,100,0,100,11,43,11,43,9,37,2720,10,0,0,0,0,2720,10,11,43,11,43,9,37,2720,10,0,0,0,0,2720,10,11,43,11,43,9,37,2720,10,0,0,0,0,2720,10,11,43,11,43,9,37,2720,10,0,0,0,0,2720,10,11,43,11,43,9,37,2720,10,0,0,0,0,2720,10,11,43,11,43,9,37,2720,10,0,0,0,0,2720,10
195,0,100,0,0,100,0,100,11,43,11,43,9,37,0,0,0,0,0,0,0,0,11,43,11,43,9,37,0,0,0,0,0,0,0,0,11,43,11,43,9,37,0,0,0,0,0,0,0,0,11,43,11,43,9,37,0,0,0,0,0,0,0,0,11,43,11,43,9,37,0,0,0,0,0,0,0,0,11,43,11,43,9,37,0,0,0,0,0,0,0,0
196,0,100,0,0,100,0,100,11,43,11,43,9,37,0,0,0,0,0,0,0,0,11,43,11,43,9,37,0,0,0,0,0,0,0,0,11,43,11,43,9,37,0,0,0,0,0,0,0,0,11,43,11,43,9,37,0,0,0,0,0,0,0,0,11,43,11,43,9,37,0,0,0,0,0,0,0,0,11,43,11,43,9,37,0,0,0,0,0,0,0,0
197,0,100,0,0,100,0,100,11,43,11,43,9,37,0,0,0,0,0,0,0,0,11,43,11,43,9,37,0,0,0,0,0,0,0,0,11,43,11,43,9,37,0,0,0,0,0,0,0,0,11,43,11,43,9,37,0,0,0,0,0,0,0,0,11,43,11,43,9,37,0,0,0,0,0,0,0,0,11,43,11,43,9,37,0,0,0,0,0,0,0,0
198,0,100,0,0,100,0,100,11,43,11,43,9,37,2176,8,0,0,0,0,2176,8,11,43,11,43,9,37,2176,8,0,0,0,0,2176,8,11,43,11,43,9,37,2176,8,0,0,0,0,2176,8,11,43,11,43,9,37,2176,8,0,0,0,0,2176,8,11,43,11,43,9,37,2176,8,0,0,0,0,2176,8,11,43,11,43,9,37,2176,8,0,0,0,0,2176,8
199,0,100,0,0,100,0,100,11,43,11,43,9,37,0,0,0,0,0,0,0,0,11,43,11,43,9,37,0,0,0,0,0,0,0,0,11,43,11,43,9,37,0,0,0,0,0,0,0,0,11,43,11,43,9,37,0,0,0,0,0,0,0,0,11,43,11,43,9,37,0,0,0,0,0,0,0,0,11,43,11,43,9,37,0,0,0,0,0,0,0,0
200,0,100,0,0,100,0,100,11,43,11,43,9,37,0,0,0,0,0,0,0,0,11,43,11,43,9,37,0,0,0,0,0,0,0,0,11,43,11,43,9,37,0,0,0,0,0,0,0,0,11,43,11,43,9,37,0,0,0,0,0,0,0,0,11,43,11,43,9,37,0,0,0,0,0,0,0,0,11,43,11,43,9,37,0,0,0,0,0,0,0,0
201,0,100,0,0,100,0,100,11,43,11,43,9,37,0,0,0,0,0,0,0,0,11,43,11,43,9,37,0,0,0,0,0,0,0,0,11,43,11,43,9,37,0,0,0,0,0,0,0,0,11,43,11,43,9,37,0,0,0,0,0,0,0,0,11,43,11,43,9,37,0,0,0,0,0,0,0,0,11,43,11,43,9,37,0,0,0,0,0,0,0,0
202,0,100,0,0,100,0,100,11,43,11,43,9,37,3264,12,0,0,0,0,3264,12,11,43,11,43,9,37,3264,12,0,0,0,0,3264,12,11,43,11,43,9,37,3264,12,0,0,0,0,3264,12,11,43,11,43,9,37,3264,12,0,0,0,0,3264,12,11,43,11,43,9,37,3264,12,0,0,0,0,3264,12,11,43,11,43,9,37,3264,12,0,0,0,0,3264,12
203,0,100,0,0,100,0,100,11,43,11,43,9,37,0,0,0,0,0,0,0,0,11,43,11,43,9,37,0,0,0,0,0,0,0,0,11,43,11,43,9,37,0,0,0,0,0,0,0,0,11,43,11,43,9,37,0,0,0,0,0,0,0,0,11,43,11,43,9,37,0,0,0,0,0,0,0,0,11,43,11,43,9,37,0,0,0,0,0,0,0,0

digraph G {
  rankdir=BT;
  style=filled;
  color=lightgrey;
  node [shape=box,style=filled,color=white];
  b_Hxlcg0Iga1k [label="H(xlcg0Iga1k)\nt=9 id=46"];
  b_HHtlpmRqsPa [label="H(HtlpmRqsPa)\nt=3 id=43"];
  b_HTnuq45bizl [label="H(Tnuq45bizl)\nt=12 id=6"];
  b_HTSU5mWcvK [label="H(TSU5mWc+vK)\nt=13 id=82"];
  b_HAXo8YDc6ab [label="H(AXo8YDc6ab)\nt=19 id=16"];
  b_Hsm5OEPa5VP [label="H(sm5OEPa5VP)\nt=37 id=37"];
  b_Hy4c8vVhn9X [label="H(y4c8vVhn9X)\nt=17 id=1"];
  b_H42dRa1VDO [label="H(42dRa/1VDO)\nt=28 id=1"];
  b_HboBGlqgAkn [label="H(boBGlqgAkn)\nt=31 id=50"];
  b_HWaOkujz0xw [label="H(WaOkujz0xw)\nt=42 id=59"];
  b_H0pMikkZBs8 [label="H(0pMikkZBs8)\nt=43 id=3"];
  b_HtfjqBmd7q [label="H(tfjq+Bmd7q)\n"];
  b_Hxlcg0Iga1k -> b_HHtlpmRqsPa;
  b_HHtlpmRqsPa -> b_HtfjqBmd7q;
  b_HTnuq45bizl -> b_Hxlcg0Iga1k;
  b_HTSU5mWcvK -> b_HTnuq45bizl;
  b_HAXo8YDc6ab -> b_Hy4c8vVhn9X;
  b_Hsm5OEPa5VP -> b_HboBGlqgAkn;
  b_Hy4c8vVhn9X -> b_HTSU5mWcvK;
  b_H42dRa1VDO -> b_HAXo8YDc6ab;
  b_HboBGlqgAkn -> b_H42dRa1VDO;
  b_HWaOkujz0xw -> b_Hsm5OEPa5VP;
  b_H0pMikkZBs8 -> b_HWaOkujz0xw;
  v_HlyA5YboSmk [label="id=99 t=50"];
  v_HlyA5YboSmk -> b_H0pMikkZBs8;
  v_HLn6zANkHZa [label="id=38 t=50"];
  v_HLn6zANkHZa -> b_H0pMikkZBs8;
  v_HzThwGdcgmw [label="id=28 t=50"];
  v_HzThwGdcgmw -> b_H0pMikkZBs8;
  v_HDaXeni4IFw [label="id=73 t=50"];
  v_HDaXeni4IFw -> b_H0pMikkZBs8;
  v_HDMHy0buB [label="id=36 t=50"];
  v_HDMHy0buB -> b_H0pMikkZBs8;
  v_HPay4RQGA7V [label="id=51 t=50"];
  v_HPay4RQGA7V -> b_H0pMikkZBs8;
  v_HbJuunuJ69D [label="id=12 t=50"];
  v_HbJuunuJ69D -> b_H0pMikkZBs8;
  v_Hp1Jmh7fBT6 [label="id=21 t=50"];
  v_Hp1Jmh7fBT6 -> b_H0pMikkZBs8;
  v_HwssNVtyHhY [label="id=48 t=50"];
  v_HwssNVtyHhY -> b_H0pMikkZBs8;
  v_HhJnhxkNm08 [label="id=56 t=50"];
  v_HhJnhxkNm08 -> b_H0pMikkZBs8;
  v_HgiofYkLU7 [label="id=49 t=50"];
  v_HgiofYkLU7 -> b_H0pMikkZBs8;
  v_Hl1D8LXBqvN [label="id=66 t=50"];
  v_Hl1D8LXBqvN -> b_H0pMikkZBs8;
}


ALWAYS AWAKE final ledgers: 11 43 11 43 9 37
ALWAYS AWAKE total communication: 1984210 507
ALWAYS AWAKE blocks communication: 883184 11
ALWAYS AWAKE votes communication: 131648 484
ALWAYS AWAKE proposals communication: 969378 12
