r,n_asleep,n_awake,n_honest_asleep,n_honest_dreamy,n_honest_awake,n_adversary,n_all,party0_ledger_best_length,party0_ledger_best_age,party0_ledger_fast_length,party0_ledger_fast_age,party0_ledger_slow_length,party0_ledger_slow_age,party0_comms_all_size,party0_comms_all_count,party0_comms_proposal_size,party0_comms_proposal_count,party0_comms_piece_block_size,party0_comms_piece_block_count,party0_comms_piece_vote_size,party0_comms_piece_vote_count,party1_ledger_best_length,party1_ledger_best_age,party1_ledger_fast_length,party1_ledger_fast_age,party1_ledger_slow_length,party1_ledger_slow_age,party1_comms_all_size,party1_comms_all_count,party1_comms_proposal_size,party1_comms_proposal_count,party1_comms_piece_block_size,party1_comms_piece_block_count,party1_comms_piece_vote_size,party1_comms_piece_vote_count,party2_ledger_best_length,party2_ledger_best_age,party2_ledger_fast_length,party2_ledger_fast_age,party2_ledger_slow_length,party2_ledger_slow_age,party2_comms_all_size,party2_comms_all_count,party2_comms_proposal_size,party2_comms_proposal_count,party2_comms_piece_block_size,party2_comms_piece_block_count,party2_comms_piece_vote_size,party2_comms_piece_vote_count,party3_ledger_best_length,party3_ledger_best_age,party3_ledger_fast_length,party3_ledger_fast_age,party3_ledger_slow_length,party3_ledger_slow_age,party3_comms_all_size,party3_comms_all_count,party3_comms_proposal_size,party3_comms_proposal_count,party3_comms_piece_block_size,party3_comms_piece_block_count,party3_comms_piece_vote_size,party3_comms_piece_vote_count,party4_ledger_best_length,party4_ledger_best_age,party4_ledger_fast_length,party4_ledger_fast_age,party4_ledger_slow_length,party4_ledger_slow_age,party4_comms_all_size,party4_comms_all_count,party4_comms_proposal_size,party4_comms_proposal_count,party4_comms_piece_block_size,party4_comms_piece_block_count,party4_comms_piece_vote_size,party4_comms_piece_vote_count,partyALWAYSAWAKE_ledger_best_length,partyALWAYSAWAKE_ledger_best_age,partyALWAYSAWAKE_ledger_fast_length,partyALWAYSAWAKE_ledger_fast_age,partyALWAYSAWAKE_ledger_slow_length,partyALWAYSAWAKE_ledger_slow_age,partyALWAYSAWAKE_comms_all_size,partyALWAYSAWAKE_comms_all_count,partyALWAYSAWAKE_comms_proposal_size,partyALWAYSAWAKE_comms_proposal_count,partyALWAYSAWAKE_comms_piece_block_size,partyALWAYSAWAKE_comms_piece_block_count,partyALWAYSAWAKE_comms_piece_vote_size,partyALWAYSAWAKE_comms_piece_vote_count
4,0,1000,0,0,1000,0,1000,0,0,0,0,0,0,0,0,0,0,0,0,0,0,0,0,0,0,0,0,0,0,0,0,0,0,0,0,0,0,0,0,0,0,0,0,0,0,0,0,0,0,0,0,0,0,0,0,0,0,0,0,0,0,0,0,0,0,0,0,0,0,0,0,0,0,0,0,0,0,0,0,0,0,0,0,0,0,0,0,0,0,0,0
5,0,1000,0,0,1000,0,1000,0,0,0,0,0,0,438,1,438,1,0,0,0,0,0,0,0,0,0,0,438,1,438,1,0,0,0,0,0,0,0,0,0,0,438,1,438,1,0,0,0,0,0,0,0,0,0,0,438,1,438,1,0,0,0,0,0,0,0,0,0,0,438,1,438,1,0,0,0,0,0,0,0,0,0,0,438,1,438,1,0,0,0,0
6,0,1000,0,0,1000,0,1000,1,1,1,1,0,0,29938,110,0,0,290,1,29648,109,1,1,1,1,0,0,29938,110,0,0,290,1,29648,109,1,1,1,1,0,0,29938,110,0,0,290,1,29648,109,1,1,1,1,0,0,29938,110,0,0,290,1,29648,109,1,1,1,1,0,0,29938,110,0,0,290,1,29648,109,1,1,1,1,0,0,29938,110,0,0,290,1,29648,109
7,0,1000,0,0,1000,0,1000,1,1,1,1,0,0,0,0,0,0,0,0,0,0,1,1,1,1,0,0,0,0,0,0,0,0,0,0,1,1,1,1,0,0,0,0,0,0,0,0,0,0,1,1,1,1,0,0,0,0,0,0,0,0,0,0,1,1,1,1,0,0,0,0,0,0,0,0,0,0,1,1,1,1,0,0,0,0,0,0,0,0,0,0
8,0,1000,0,0,1000,0,1000,1,1,1,1,0,0,0,0,0,0,0,0,0,0,1,1,1,1,0,0,0,0,0,0,0,0,0,0,1,1,1,1,0,0,0,0,0,0,0,0,0,0,1,1,1,1,0,0,0,0,0,0,0,0,0,0,1,1,1,1,0,0,0,0,0,0,0,0,0,0,1,1,1,1,0,0,0,0,0,0,0,0,0,0
9,0,1000,0,0,1000,0,1000,1,1,1,1,0,0,0,0,0,0,0,0,0,0,1,1,1,1,0,0,0,0,0,0,0,0,0,0,1,1,1,1,0,0,0,0,0,0,0,0,0,0,1,1,1,1,0,0,0,0,0,0,0,0,0,0,1,1,1,1,0,0,0,0,0,0,0,0,0,0,1,1,1,1,0,0,0,0,0,0,0,0,0,0
10,0,1000,0,0,1000,0,1000,1,1,1,1,0,0,31552,116,0,0,0,0,31552,116,1,1,1,1,0,0,31552,116,0,0,0,0,31552,116,1,1,1,1,0,0,31552,116,0,0,0,0,31552,116,1,1,1,1,0,0,31552,116,0,0,0,0,31552,116,1,1,1,1,0,0,31552,116,0,0,0,0,31552,116,1,1,1,1,0,0,31552,116,0,0,0,0,31552,116
11,0,1000,0,0,1000,0,1000,1,1,1,1,0,0,0,0,0,0,0,0,0,0,1,1,1,1,0,0,0,0,0,0,0,0,0,0,1,1,1,1,0,0,0,0,0,0,0,0,0,0,1,1,1,1,0,0,0,0,0,0,0,0,0,0,1,1,1,1,0,0,0,0,0,0,0,0,0,0,1,1,1,1,0,0,0,0,0,0,0,0,0,0
12,0,1000,0,0,1000,0,1000,1,1,1,1,0,0,0,0,0,0,0,0,0,0,1,1,1,1,0,0,0,0,0,0,0,0,0,0,1,1,1,1,0,0,0,0,0,0,0,0,0,0,1,1,1,1,0,0,0,0,0,0,0,0,0,0,1,1,1,1,0,0,0,0,0,0,0,0,0,0,1,1,1,1,0,0,0,0,0,0,0,0,0,0
13,0,1000,0,0,1000,0,1000,1,1,1,1,0,0,4150,1,4150,1,0,0,0,0,1,1,1,1,0,0,4150,1,4150,1,0,0,0,0,1,1,1,1,0,0,4150,1,4150,1,0,0,0,0,1,1,1,1,0,0,4150,1,4150,1,0,0,0,0,1,1,1,1,0,0,4150,1,4150,1,0,0,0,0,1,1,1,1,0,0,4150,1,4150,1,0,0,0,0
14,0,1000,0,0,1000,0,1000,2,3,2,3,0,0,30482,112,0,0,290,1,30192,111,2,3,2,3,0,0,30482,112,0,0,290,1,30192,111,2,3,2,3,0,0,30482,112,0,0,290,1,30192,111,2,3,2,3,0,0,30482,112,0,0,290,1,30192,111,2,3,2,3,0,0,30482,112,0,0,290,1,30192,111,2,3,2,3,0,0,30482,112,0,0,290,1,30192,111
15,0,1000,0,0,1000,0,1000,2,3,2,3,0,0,0,0,0,0,0,0,0,0,2,3,2,3,0,0,0,0,0,0,0,0,0,0,2,3,2,3,0,0,0,0,0,0,0,0,0,0,2,3,2,3,0,0,0,0,0,0,0,0,0,0,2,3,2,3,0,0,0,0,0,0,0,0,0,0,2,3,2,3,0,0,0,0,0,0,0,0,0,0
16,0,1000,0,0,1000,0,1000,2,3,2,3,0,0,0,0,0,0,0,0,0,0,2,3,2,3,0,0,0,0,0,0,0,0,0,0,2,3,2,3,0,0,0,0,0,0,0,0,0,0,2,3,2,3,0,0,0,0,0,0,0,0,0,0,2,3,2,3,0,0,0,0,0,0,0,0,0,0,2,3,2,3,0,0,0,0,0,0,0,0,0,0
17,0,1000,0,0,1000,0,1000,2,3,2,3,0,0,0,0,0,0,0,0,0,0,2,3,2,3,0,0,0,0,0,0,0,0,0,0,2,3,2,3,0,0,0,0,0,0,0,0,0,0,2,3,2,3,0,0,0,0,0,0,0,0,0,0,2,3,2,3,0,0,0,0,0,0,0,0,0,0,2,3,2,3,0,0,0,0,0,0,0,0,0,0
18,0,1000,0,0,1000,0,1000,2,3,2,3,0,0,25840,95,0,0,0,0,25840,95,2,3,2,3,0,0,25840,95,0,0,0,0,25840,95,2,3,2,3,0,0,25840,95,0,0,0,0,25840,95,2,3,2,3,0,0,25840,95,0,0,0,0,25840,95,2,3,2,3,0,0,25840,95,0,0,0,0,25840,95,2,3,2,3,0,0,25840,95,0,0,0,0,25840,95
19,0,1000,0,0,1000,0,1000,2,3,2,3,0,0,0,0,0,0,0,0,0,0,2,3,2,3,0,0,0,0,0,0,0,0,0,0,2,3,2,3,0,0,0,0,0,0,0,0,0,0,2,3,2,3,0,0,0,0,0,0,0,0,0,0,2,3,2,3,0,0,0,0,0,0,0,0,0,0,2,3,2,3,0,0,0,0,0,0,0,0,0,0
20,0,1000,0,0,1000,0,1000,2,3,2,3,0,0,0,0,0,0,0,0,0,0,2,3,2,3,0,0,0,0,0,0,0,0,0,0,2,3,2,3,0,0,0,0,0,0,0,0,0,0,2,3,2,3,0,0,0,0,0,0,0,0,0,0,2,3,2,3,0,0,0,0,0,0,0,0,0,0,2,3,2,3,0,0,0,0,0,0,0,0,0,0
21,0,1000,0,0,1000,0,1000,2,3,2,3,0,0,0,0,0,0,0,0,0,0,2,3,2,3,0,0,0,0,0,0,0,0,0,0,2,3,2,3,0,0,0,0,0,0,0,0,0,0,2,3,2,3,0,0,0,0,0,0,0,0,0,0,2,3,2,3,0,0,0,0,0,0,0,0,0,0,2,3,2,3,0,0,0,0,0,0,0,0,0,0
22,0,1000,0,0,1000,0,1000,2,3,2,3,0,0,30464,112,0,0,0,0,30464,112,2,3,2,3,0,0,30464,112,0,0,0,0,30464,112,2,3,2,3,0,0,30464,112,0,0,0,0,30464,112,2,3,2,3,0,0,30464,112,0,0,0,0,30464,112,2,3,2,3,0,0,30464,112,0,0,0,0,30464,112,2,3,2,3,0,0,30464,112,0,0,0,0,30464,112
23,0,1000,0,0,1000,0,1000,2,3,2,3,0,0,0,0,0,0,0,0,0,0,2,3,2,3,0,0,0,0,0,0,0,0,0,0,2,3,2,3,0,0,0,0,0,0,0,0,0,0,2,3,2,3,0,0,0,0,0,0,0,0,0,0,2,3,2,3,0,0,0,0,0,0,0,0,0,0,2,3,2,3,0,0,0,0,0,0,0,0,0,0
24,0,1000,0,0,1000,0,1000,2,3,2,3,0,0,0,0,0,0,0,0,0,0,2,3,2,3,0,0,0,0,0,0,0,0,0,0,2,3,2,3,0,0,0,0,0,0,0,0,0,0,2,3,2,3,0,0,0,0,0,0,0,0,0,0,2,3,2,3,0,0,0,0,0,0,0,0,0,0,2,3,2,3,0,0,0,0,0,0,0,0,0,0
25,0,1000,0,0,1000,0,1000,2,3,2,3,0,0,4022,1,4022,1,0,0,0,0,2,3,2,3,0,0,4022,1,4022,1,0,0,0,0,2,3,2,3,0,0,4022,1,4022,1,0,0,0,0,2,3,2,3,0,0,4022,1,4022,1,0,0,0,0,2,3,2,3,0,0,4022,1,4022,1,0,0,0,0,2,3,2,3,0,0,4022,1,4022,1,0,0,0,0
26,0,1000,0,0,1000,0,1000,3,6,3,6,0,0,30210,111,0,0,290,1,29920,110,3,6,3,6,0,0,30210,111,0,0,290,1,29920,110,3,6,3,6,0,0,30210,111,0,0,290,1,29920,110,3,6,3,6,0,0,30210,111,0,0,290,1,29920,110,3,6,3,6,0,0,30210,111,0,0,290,1,29920,110,3,6,3,6,0,0,30210,111,0,0,290,1,29920,110
27,0,1000,0,0,1000,0,1000,3,6,3,6,0,0,0,0,0,0,0,0,0,0,3,6,3,6,0,0,0,0,0,0,0,0,0,0,3,6,3,6,0,0,0,0,0,0,0,0,0,0,3,6,3,6,0,0,0,0,0,0,0,0,0,0,3,6,3,6,0,0,0,0,0,0,0,0,0,0,3,6,3,6,0,0,0,0,0,0,0,0,0,0
28,0,1000,0,0,1000,0,1000,3,6,3,6,0,0,0,0,0,0,0,0,0,0,3,6,3,6,0,0,0,0,0,0,0,0,0,0,3,6,3,6,0,0,0,0,0,0,0,0,0,0,3,6,3,6,0,0,0,0,0,0,0,0,0,0,3,6,3,6,0,0,0,0,0,0,0,0,0,0,3,6,3,6,0,0,0,0,0,0,0,0,0,0
29,0,1000,0,0,1000,0,1000,3,6,3,6,0,0,0,0,0,0,0,0,0,0,3,6,3,6,0,0,0,0,0,0,0,0,0,0,3,6,3,6,0,0,0,0,0,0,0,0,0,0,3,6,3,6,0,0,0,0,0,0,0,0,0,0,3,6,3,6,0,0,0,0,0,0,0,0,0,0,3,6,3,6,0,0,0,0,0,0,0,0,0,0
30,0,1000,0,0,1000,0,1000,3,6,3,6,0,0,28560,105,0,0,0,0,28560,105,3,6,3,6,0,0,28560,105,0,0,0,0,28560,105,3,6,3,6,0,0,28560,105,0,0,0,0,28560,105,3,6,3,6,0,0,28560,105,0,0,0,0,28560,105,3,6,3,6,0,0,28560,105,0,0,0,0,28560,105,3,6,3,6,0,0,28560,105,0,0,0,0,28560,105
31,0,1000,0,0,1000,0,1000,3,6,3,6,0,0,0,0,0,0,0,0,0,0,3,6,3,6,0,0,0,0,0,0,0,0,0,0,3,6,3,6,0,0,0,0,0,0,0,0,0,0,3,6,3,6,0,0,0,0,0,0,0,0,0,0,3,6,3,6,0,0,0,0,0,0,0,0,0,0,3,6,3,6,0,0,0,0,0,0,0,0,0,0
32,0,1000,0,0,1000,0,1000,3,6,3,6,0,0,0,0,0,0,0,0,0,0,3,6,3,6,0,0,0,0,0,0,0,0,0,0,3,6,3,6,0,0,0,0,0,0,0,0,0,0,3,6,3,6,0,0,0,0,0,0,0,0,0,0,3,6,3,6,0,0,0,0,0,0,0,0,0,0,3,6,3,6,0,0,0,0,0,0,0,0,0,0
33,0,1000,0,0,1000,0,1000,3,6,3,6,0,0,0,0,0,0,0,0,0,0,3,6,3,6,0,0,0,0,0,0,0,0,0,0,3,6,3,6,0,0,0,0,0,0,0,0,0,0,3,6,3,6,0,0,0,0,0,0,0,0,0,0,3,6,3,6,0,0,0,0,0,0,0,0,0,0,3,6,3,6,0,0,0,0,0,0,0,0,0,0
34,0,1000,0,0,1000,0,1000,3,6,3,6,0,0,30464,112,0,0,0,0,30464,112,3,6,3,6,0,0,30464,112,0,0,0,0,30464,112,3,6,3,6,0,0,30464,112,0,0,0,0,30464,112,3,6,3,6,0,0,30464,112,0,0,0,0,30464,112,3,6,3,6,0,0,30464,112,0,0,0,0,30464,112,3,6,3,6,0,0,30464,112,0,0,0,0,30464,112
35,0,1000,0,0,1000,0,1000,3,6,3,6,0,0,0,0,0,0,0,0,0,0,3,6,3,6,0,0,0,0,0,0,0,0,0,0,3,6,3,6,0,0,0,0,0,0,0,0,0,0,3,6,3,6,0,0,0,0,0,0,0,0,0,0,3,6,3,6,0,0,0,0,0,0,0,0,0,0,3,6,3,6,0,0,0,0,0,0,0,0,0,0
36,0,1000,0,0,1000,0,1000,3,6,3,6,0,0,0,0,0,0,0,0,0,0,3,6,3,6,0,0,0,0,0,0,0,0,0,0,3,6,3,6,0,0,0,0,0,0,0,0,0,0,3,6,3,6,0,0,0,0,0,0,0,0,0,0,3,6,3,6,0,0,0,0,0,0,0,0,0,0,3,6,3,6,0,0,0,0,0,0,0,0,0,0
37,0,1000,0,0,1000,0,1000,3,6,3,6,0,0,4022,1,4022,1,0,0,0,0,3,6,3,6,0,0,4022,1,4022,1,0,0,0,0,3,6,3,6,0,0,4022,1,4022,1,0,0,0,0,3,6,3,6,0,0,4022,1,4022,1,0,0,0,0,3,6,3,6,0,0,4022,1,4022,1,0,0,0,0,3,6,3,6,0,0,4022,1,4022,1,0,0,0,0
38,0,1000,0,0,1000,0,1000,4,9,4,9,0,0,32114,118,0,0,290,1,31824,117,4,9,4,9,0,0,32114,118,0,0,290,1,31824,117,4,9,4,9,0,0,32114,118,0,0,290,1,31824,117,4,9,4,9,0,0,32114,118,0,0,290,1,31824,117,4,9,4,9,0,0,32114,118,0,0,290,1,31824,117,4,9,4,9,0,0,32114,118,0,0,290,1,31824,117
39,0,1000,0,0,1000,0,1000,4,9,4,9,0,0,0,0,0,0,0,0,0,0,4,9,4,9,0,0,0,0,0,0,0,0,0,0,4,9,4,9,0,0,0,0,0,0,0,0,0,0,4,9,4,9,0,0,0,0,0,0,0,0,0,0,4,9,4,9,0,0,0,0,0,0,0,0,0,0,4,9,4,9,0,0,0,0,0,0,0,0,0,0
40,0,1000,0,0,1000,0,1000,4,9,4,9,0,0,0,0,0,0,0,0,0,0,4,9,4,9,0,0,0,0,0,0,0,0,0,0,4,9,4,9,0,0,0,0,0,0,0,0,0,0,4,9,4,9,0,0,0,0,0,0,0,0,0,0,4,9,4,9,0,0,0,0,0,0,0,0,0,0,4,9,4,9,0,0,0,0,0,0,0,0,0,0
41,0,1000,0,0,1000,0,1000,4,9,4,9,0,0,8366,2,8366,2,0,0,0,0,4,9,4,9,0,0,8366,2,8366,2,0,0,0,0,4,9,4,9,0,0,8366,2,8366,2,0,0,0,0,4,9,4,9,0,0,8366,2,8366,2,0,0,0,0,4,9,4,9,0,0,8366,2,8366,2,0,0,0,0,4,9,4,9,0,0,8366,2,8366,2,0,0,0,0
42,0,1000,0,0,1000,0,1000,5,10,5,10,0,0,24227,89,0,0,291,1,23936,88,5,10,5,10,0,0,24227,89,0,0,291,1,23936,88,5,10,5,10,0,0,24227,89,0,0,291,1,23936,88,5,10,5,10,0,0,24227,89,0,0,291,1,23936,88,5,10,5,10,0,0,24227,89,0,0,291,1,23936,88,5,10,5,10,0,0,24227,89,0,0,291,1,23936,88
43,0,1000,0,0,1000,0,1000,5,10,5,10,0,0,0,0,0,0,0,0,0,0,5,10,5,10,0,0,0,0,0,0,0,0,0,0,5,10,5,10,0,0,0,0,0,0,0,0,0,0,5,10,5,10,0,0,0,0,0,0,0,0,0,0,5,10,5,10,0,0,0,0,0,0,0,0,0,0,5,10,5,10,0,0,0,0,0,0,0,0,0,0
44,0,1000,0,0,1000,0,1000,5,10,5,10,0,0,0,0,0,0,0,0,0,0,5,10,5,10,0,0,0,0,0,0,0,0,0,0,5,10,5,10,0,0,0,0,0,0,0,0,0,0,5,10,5,10,0,0,0,0,0,0,0,0,0,0,5,10,5,10,0,0,0,0,0,0,0,0,0,0,5,10,5,10,0,0,0,0,0,0,0,0,0,0
45,0,1000,0,0,1000,0,1000,5,10,5,10,0,0,0,0,0,0,0,0,0,0,5,10,5,10,0,0,0,0,0,0,0,0,0,0,5,10,5,10,0,0,0,0,0,0,0,0,0,0,5,10,5,10,0,0,0,0,0,0,0,0,0,0,5,10,5,10,0,0,0,0,0,0,0,0,0,0,5,10,5,10,0,0,0,0,0,0,0,0,0,0
46,0,1000,0,0,1000,0,1000,5,10,5,10,0,0,27744,102,0,0,0,0,27744,102,5,10,5,10,0,0,27744,102,0,0,0,0,27744,102,5,10,5,10,0,0,27744,102,0,0,0,0,27744,102,5,10,5,10,0,0,27744,102,0,0,0,0,27744,102,5,10,5,10,0,0,27744,102,0,0,0,0,27744,102,5,10,5,10,0,0,27744,102,0,0,0,0,27744,102
47,0,1000,0,0,1000,0,1000,5,10,5,10,1,1,0,0,0,0,0,0,0,0,5,10,5,10,1,1,0,0,0,0,0,0,0,0,5,10,5,10,1,1,0,0,0,0,0,0,0,0,5,10,5,10,1,1,0,0,0,0,0,0,0,0,5,10,5,10,1,1,0,0,0,0,0,0,0,0,5,10,5,10,1,1,0,0,0,0,0,0,0,0
48,0,1000,0,0,1000,0,1000,5,10,5,10,1,1,0,0,0,0,0,0,0,0,5,10,5,10,1,1,0,0,0,0,0,0,0,0,5,10,5,10,1,1,0,0,0,0,0,0,0,0,5,10,5,10,1,1,0,0,0,0,0,0,0,0,5,10,5,10,1,1,0,0,0,0,0,0,0,0,5,10,5,10,1,1,0,0,0,0,0,0,0,0
49,0,1000,0,0,1000,0,1000,5,10,5,10,1,1,0,0,0,0,0,0,0,0,5,10,5,10,1,1,0,0,0,0,0,0,0,0,5,10,5,10,1,1,0,0,0,0,0,0,0,0,5,10,5,10,1,1,0,0,0,0,0,0,0,0,5,10,5,10,1,1,0,0,0,0,0,0,0,0,5,10,5,10,1,1,0,0,0,0,0,0,0,0
50,0,1000,0,0,1000,0,1000,5,10,5,10,1,1,32640,120,0,0,0,0,32640,120,5,10,5,10,1,1,32640,120,0,0,0,0,32640,120,5,10,5,10,1,1,32640,120,0,0,0,0,32640,120,5,10,5,10,1,1,32640,120,0,0,0,0,32640,120,5,10,5,10,1,1,32640,120,0,0,0,0,32640,120,5,10,5,10,1,1,32640,120,0,0,0,0,32640,120
51,0,1000,0,0,1000,0,1000,5,10,5,10,1,1,0,0,0,0,0,0,0,0,5,10,5,10,1,1,0,0,0,0,0,0,0,0,5,10,5,10,1,1,0,0,0,0,0,0,0,0,5,10,5,10,1,1,0,0,0,0,0,0,0,0,5,10,5,10,1,1,0,0,0,0,0,0,0,0,5,10,5,10,1,1,0,0,0,0,0,0,0,0
52,0,1000,0,0,1000,0,1000,5,10,5,10,1,1,0,0,0,0,0,0,0,0,5,10,5,10,1,1,0,0,0,0,0,0,0,0,5,10,5,10,1,1,0,0,0,0,0,0,0,0,5,10,5,10,1,1,0,0,0,0,0,0,0,0,5,10,5,10,1,1,0,0,0,0,0,0,0,0,5,10,5,10,1,1,0,0,0,0,0,0,0,0
53,0,1000,0,0,1000,0,1000,5,10,5,10,1,1,0,0,0,0,0,0,0,0,5,10,5,10,1,1,0,0,0,0,0,0,0,0,5,10,5,10,1,1,0,0,0,0,0,0,0,0,5,10,5,10,1,1,0,0,0,0,0,0,0,0,5,10,5,10,1,1,0,0,0,0,0,0,0,0,5,10,5,10,1,1,0,0,0,0,0,0,0,0
54,0,1000,0,0,1000,0,1000,5,10,5,10,1,1,27200,100,0,0,0,0,27200,100,5,10,5,10,1,1,27200,100,0,0,0,0,27200,100,5,10,5,10,1,1,27200,100,0,0,0,0,27200,100,5,10,5,10,1,1,27200,100,0,0,0,0,27200,100,5,10,5,10,1,1,27200,100,0,0,0,0,27200,100,5,10,5,10,1,1,27200,100,0,0,0,0,27200,100
55,0,1000,0,0,1000,0,1000,5,10,5,10,2,3,0,0,0,0,0,0,0,0,5,10,5,10,2,3,0,0,0,0,0,0,0,0,5,10,5,10,2,3,0,0,0,0,0,0,0,0,5,10,5,10,2,3,0,0,0,0,0,0,0,0,5,10,5,10,2,3,0,0,0,0,0,0,0,0,5,10,5,10,2,3,0,0,0,0,0,0,0,0
56,0,1000,0,0,1000,0,1000,5,10,5,10,2,3,0,0,0,0,0,0,0,0,5,10,5,10,2,3,0,0,0,0,0,0,0,0,5,10,5,10,2,3,0,0,0,0,0,0,0,0,5,10,5,10,2,3,0,0,0,0,0,0,0,0,5,10,5,10,2,3,0,0,0,0,0,0,0,0,5,10,5,10,2,3,0,0,0,0,0,0,0,0
57,0,1000,0,0,1000,0,1000,5,10,5,10,2,3,3639,1,3639,1,0,0,0,0,5,10,5,10,2,3,3639,1,3639,1,0,0,0,0,5,10,5,10,2,3,3639,1,3639,1,0,0,0,0,5,10,5,10,2,3,3639,1,3639,1,0,0,0,0,5,10,5,10,2,3,3639,1,3639,1,0,0,0,0,5,10,5,10,2,3,3639,1,3639,1,0,0,0,0
58,0,1000,0,0,1000,0,1000,6,14,6,14,2,3,27491,101,0,0,291,1,27200,100,6,14,6,14,2,3,27491,101,0,0,291,1,27200,100,6,14,6,14,2,3,27491,101,0,0,291,1,27200,100,6,14,6,14,2,3,27491,101,0,0,291,1,27200,100,6,14,6,14,2,3,27491,101,0,0,291,1,27200,100,6,14,6,14,2,3,27491,101,0,0,291,1,27200,100
59,0,1000,0,0,1000,0,1000,6,14,6,14,2,3,0,0,0,0,0,0,0,0,6,14,6,14,2,3,0,0,0,0,0,0,0,0,6,14,6,14,2,3,0,0,0,0,0,0,0,0,6,14,6,14,2,3,0,0,0,0,0,0,0,0,6,14,6,14,2,3,0,0,0,0,0,0,0,0,6,14,6,14,2,3,0,0,0,0,0,0,0,0
60,0,1000,0,0,1000,0,1000,6,14,6,14,2,3,0,0,0,0,0,0,0,0,6,14,6,14,2,3,0,0,0,0,0,0,0,0,6,14,6,14,2,3,0,0,0,0,0,0,0,0,6,14,6,14,2,3,0,0,0,0,0,0,0,0,6,14,6,14,2,3,0,0,0,0,0,0,0,0,6,14,6,14,2,3,0,0,0,0,0,0,0,0
61,0,1000,0,0,1000,0,1000,6,14,6,14,2,3,3639,1,3639,1,0,0,0,0,6,14,6,14,2,3,3639,1,3639,1,0,0,0,0,6,14,6,14,2,3,3639,1,3639,1,0,0,0,0,6,14,6,14,2,3,3639,1,3639,1,0,0,0,0,6,14,6,14,2,3,3639,1,3639,1,0,0,0,0,6,14,6,14,2,3,3639,1,3639,1,0,0,0,0
62,0,1000,0,0,1000,0,1000,7,15,7,15,2,3,30483,112,0,0,291,1,30192,111,7,15,7,15,2,3,30483,112,0,0,291,1,30192,111,7,15,7,15,2,3,30483,112,0,0,291,1,30192,111,7,15,7,15,2,3,30483,112,0,0,291,1,30192,111,7,15,7,15,2,3,30483,112,0,0,291,1,30192,111,7,15,7,15,2,3,30483,112,0,0,291,1,30192,111
63,0,1000,0,0,1000,0,1000,7,15,7,15,2,3,0,0,0,0,0,0,0,0,7,15,7,15,2,3,0,0,0,0,0,0,0,0,7,15,7,15,2,3,0,0,0,0,0,0,0,0,7,15,7,15,2,3,0,0,0,0,0,0,0,0,7,15,7,15,2,3,0,0,0,0,0,0,0,0,7,15,7,15,2,3,0,0,0,0,0,0,0,0
64,0,1000,0,0,1000,0,1000,7,15,7,15,2,3,0,0,0,0,0,0,0,0,7,15,7,15,2,3,0,0,0,0,0,0,0,0,7,15,7,15,2,3,0,0,0,0,0,0,0,0,7,15,7,15,2,3,0,0,0,0,0,0,0,0,7,15,7,15,2,3,0,0,0,0,0,0,0,0,7,15,7,15,2,3,0,0,0,0,0,0,0,0
65,900,100,900,0,100,0,1000,7,15,7,15,2,3,3991,1,3991,1,0,0,0,0,7,15,7,15,2,3,3991,1,3991,1,0,0,0,0,7,15,7,15,2,3,3991,1,3991,1,0,0,0,0,7,15,7,15,2,3,3991,1,3991,1,0,0,0,0,7,15,7,15,2,3,3991,1,3991,1,0,0,0,0,7,15,7,15,2,3,3991,1,3991,1,0,0,0,0
66,900,100,900,0,100,0,1000,7,15,7,15,2,3,4099,15,0,0,291,1,3808,14,7,15,7,15,2,3,4099,15,0,0,291,1,3808,14,7,15,7,15,2,3,4099,15,0,0,291,1,3808,14,7,15,7,15,2,3,4099,15,0,0,291,1,3808,14,7,15,7,15,2,3,4099,15,0,0,291,1,3808,14,7,15,7,15,2,3,4099,15,0,0,291,1,3808,14
67,900,100,900,0,100,0,1000,7,15,7,15,2,3,0,0,0,0,0,0,0,0,7,15,7,15,2,3,0,0,0,0,0,0,0,0,7,15,7,15,2,3,0,0,0,0,0,0,0,0,7,15,7,15,2,3,0,0,0,0,0,0,0,0,7,15,7,15,2,3,0,0,0,0,0,0,0,0,7,15,7,15,3,6,0,0,0,0,0,0,0,0
68,900,100,900,0,100,0,1000,7,15,7,15,2,3,0,0,0,0,0,0,0,0,7,15,7,15,2,3,0,0,0,0,0,0,0,0,7,15,7,15,2,3,0,0,0,0,0,0,0,0,7,15,7,15,2,3,0,0,0,0,0,0,0,0,7,15,7,15,2,3,0,0,0,0,0,0,0,0,7,15,7,15,3,6,0,0,0,0,0,0,0,0
69,900,100,900,0,100,0,1000,7,15,7,15,2,3,0,0,0,0,0,0,0,0,7,15,7,15,2,3,0,0,0,0,0,0,0,0,7,15,7,15,2,3,0,0,0,0,0,0,0,0,7,15,7,15,2,3,0,0,0,0,0,0,0,0,7,15,7,15,2,3,0,0,0,0,0,0,0,0,7,15,7,15,3,6,0,0,0,0,0,0,0,0
70,900,100,900,0,100,0,1000,7,15,7,15,2,3,3536,13,0,0,0,0,3536,13,7,15,7,15,2,3,3536,13,0,0,0,0,3536,13,7,15,7,15,2,3,3536,13,0,0,0,0,3536,13,7,15,7,15,2,3,3536,13,0,0,0,0,3536,13,7,15,7,15,2,3,3536,13,0,0,0,0,3536,13,7,15,7,15,3,6,3536,13,0,0,0,0,3536,13
71,900,100,900,0,100,0,1000,7,15,7,15,2,3,0,0,0,0,0,0,0,0,7,15,7,15,2,3,0,0,0,0,0,0,0,0,7,15,7,15,2,3,0,0,0,0,0,0,0,0,7,15,7,15,2,3,0,0,0,0,0,0,0,0,7,15,7,15,2,3,0,0,0,0,0,0,0,0,7,15,7,15,3,6,0,0,0,0,0,0,0,0
72,900,100,900,0,100,0,1000,7,15,7,15,2,3,0,0,0,0,0,0,0,0,7,15,7,15,2,3,0,0,0,0,0,0,0,0,7,15,7,15,2,3,0,0,0,0,0,0,0,0,7,15,7,15,2,3,0,0,0,0,0,0,0,0,7,15,7,15,2,3,0,0,0,0,0,0,0,0,7,15,7,15,3,6,0,0,0,0,0,0,0,0
73,900,100,900,0,100,0,1000,7,15,7,15,2,3,0,0,0,0,0,0,0,0,7,15,7,15,2,3,0,0,0,0,0,0,0,0,7,15,7,15,2,3,0,0,0,0,0,0,0,0,7,15,7,15,2,3,0,0,0,0,0,0,0,0,7,15,7,15,2,3,0,0,0,0,0,0,0,0,7,15,7,15,3,6,0,0,0,0,0,0,0,0
74,900,100,900,0,100,0,1000,7,15,7,15,2,3,2720,10,0,0,0,0,2720,10,7,15,7,15,2,3,2720,10,0,0,0,0,2720,10,7,15,7,15,2,3,2720,10,0,0,0,0,2720,10,7,15,7,15,2,3,2720,10,0,0,0,0,2720,10,7,15,7,15,2,3,2720,10,0,0,0,0,2720,10,7,15,7,15,3,6,2720,10,0,0,0,0,2720,10
75,900,100,900,0,100,0,1000,7,15,7,15,2,3,0,0,0,0,0,0,0,0,7,15,7,15,2,3,0,0,0,0,0,0,0,0,7,15,7,15,2,3,0,0,0,0,0,0,0,0,7,15,7,15,2,3,0,0,0,0,0,0,0,0,7,15,7,15,2,3,0,0,0,0,0,0,0,0,7,15,7,15,3,6,0,0,0,0,0,0,0,0
76,900,100,900,0,100,0,1000,7,15,7,15,2,3,0,0,0,0,0,0,0,0,7,15,7,15,2,3,0,0,0,0,0,0,0,0,7,15,7,15,2,3,0,0,0,0,0,0,0,0,7,15,7,15,2,3,0,0,0,0,0,0,0,0,7,15,7,15,2,3,0,0,0,0,0,0,0,0,7,15,7,15,3,6,0,0,0,0,0,0,0,0
77,900,100,900,0,100,0,1000,7,15,7,15,2,3,0,0,0,0,0,0,0,0,7,15,7,15,2,3,0,0,0,0,0,0,0,0,7,15,7,15,2,3,0,0,0,0,0,0,0,0,7,15,7,15,2,3,0,0,0,0,0,0,0,0,7,15,7,15,2,3,0,0,0,0,0,0,0,0,7,15,7,15,3,6,0,0,0,0,0,0,0,0
78,900,100,900,0,100,0,1000,7,15,7,15,2,3,1904,7,0,0,0,0,1904,7,7,15,7,15,2,3,1904,7,0,0,0,0,1904,7,7,15,7,15,2,3,1904,7,0,0,0,0,1904,7,7,15,7,15,2,3,1904,7,0,0,0,0,1904,7,7,15,7,15,2,3,1904,7,0,0,0,0,1904,7,7,15,7,15,3,6,1904,7,0,0,0,0,1904,7
79,900,100,900,0,100,0,1000,7,15,7,15,2,3,0,0,0,0,0,0,0,0,7,15,7,15,2,3,0,0,0,0,0,0,0,0,7,15,7,15,2,3,0,0,0,0,0,0,0,0,7,15,7,15,2,3,0,0,0,0,0,0,0,0,7,15,7,15,2,3,0,0,0,0,0,0,0,0,7,15,7,15,4,9,0,0,0,0,0,0,0,0
80,900,100,900,0,100,0,1000,7,15,7,15,2,3,0,0,0,0,0,0,0,0,7,15,7,15,2,3,0,0,0,0,0,0,0,0,7,15,7,15,2,3,0,0,0,0,0,0,0,0,7,15,7,15,2,3,0,0,0,0,0,0,0,0,7,15,7,15,2,3,0,0,0,0,0,0,0,0,7,15,7,15,4,9,0,0,0,0,0,0,0,0
81,900,100,900,0,100,0,1000,7,15,7,15,2,3,0,0,0,0,0,0,0,0,7,15,7,15,2,3,0,0,0,0,0,0,0,0,7,15,7,15,2,3,0,0,0,0,0,0,0,0,7,15,7,15,2,3,0,0,0,0,0,0,0,0,7,15,7,15,2,3,0,0,0,0,0,0,0,0,7,15,7,15,4,9,0,0,0,0,0,0,0,0
82,900,100,900,0,100,0,1000,7,15,7,15,2,3,4080,15,0,0,0,0,4080,15,7,15,7,15,2,3,4080,15,0,0,0,0,4080,15,7,15,7,15,2,3,4080,15,0,0,0,0,4080,15,7,15,7,15,2,3,4080,15,0,0,0,0,4080,15,7,15,7,15,2,3,4080,15,0,0,0,0,4080,15,7,15,7,15,4,9,4080,15,0,0,0,0,4080,15
83,900,100,900,0,100,0,1000,7,15,7,15,2,3,0,0,0,0,0,0,0,0,7,15,7,15,2,3,0,0,0,0,0,0,0,0,7,15,7,15,2,3,0,0,0,0,0,0,0,0,7,15,7,15,2,3,0,0,0,0,0,0,0,0,7,15,7,15,2,3,0,0,0,0,0,0,0,0,7,15,7,15,5,10,0,0,0,0,0,0,0,0
84,900,100,900,0,100,0,1000,7,15,7,15,2,3,0,0,0,0,0,0,0,0,7,15,7,15,2,3,0,0,0,0,0,0,0,0,7,15,7,15,2,3,0,0,0,0,0,0,0,0,7,15,7,15,2,3,0,0,0,0,0,0,0,0,7,15,7,15,2,3,0,0,0,0,0,0,0,0,7,15,7,15,5,10,0,0,0,0,0,0,0,0
85,900,100,900,0,100,0,1000,7,15,7,15,2,3,0,0,0,0,0,0,0,0,7,15,7,15,2,3,0,0,0,0,0,0,0,0,7,15,7,15,2,3,0,0,0,0,0,0,0,0,7,15,7,15,2,3,0,0,0,0,0,0,0,0,7,15,7,15,2,3,0,0,0,0,0,0,0,0,7,15,7,15,5,10,0,0,0,0,0,0,0,0
86,900,100,900,0,100,0,1000,7,15,7,15,2,3,3536,13,0,0,0,0,3536,13,7,15,7,15,2,3,3536,13,0,0,0,0,3536,13,7,15,7,15,2,3,3536,13,0,0,0,0,3536,13,7,15,7,15,2,3,3536,13,0,0,0,0,3536,13,7,15,7,15,2,3,3536,13,0,0,0,0,3536,13,7,15,7,15,5,10,3536,13,0,0,0,0,3536,13
87,900,100,900,0,100,0,1000,7,15,7,15,2,3,0,0,0,0,0,0,0,0,7,15,7,15,2,3,0,0,0,0,0,0,0,0,7,15,7,15,2,3,0,0,0,0,0,0,0,0,7,15,7,15,2,3,0,0,0,0,0,0,0,0,7,15,7,15,2,3,0,0,0,0,0,0,0,0,7,15,7,15,5,10,0,0,0,0,0,0,0,0
88,900,100,900,0,100,0,1000,7,15,7,15,2,3,0,0,0,0,0,0,0,0,7,15,7,15,2,3,0,0,0,0,0,0,0,0,7,15,7,15,2,3,0,0,0,0,0,0,0,0,7,15,7,15,2,3,0,0,0,0,0,0,0,0,7,15,7,15,2,3,0,0,0,0,0,0,0,0,7,15,7,15,5,10,0,0,0,0,0,0,0,0
89,900,100,900,0,100,0,1000,7,15,7,15,2,3,0,0,0,0,0,0,0,0,7,15,7,15,2,3,0,0,0,0,0,0,0,0,7,15,7,15,2,3,0,0,0,0,0,0,0,0,7,15,7,15,2,3,0,0,0,0,0,0,0,0,7,15,7,15,2,3,0,0,0,0,0,0,0,0,7,15,7,15,5,10,0,0,0,0,0,0,0,0
90,900,100,900,0,100,0,1000,7,15,7,15,2,3,2448,9,0,0,0,0,2448,9,7,15,7,15,2,3,2448,9,0,0,0,0,2448,9,7,15,7,15,2,3,2448,9,0,0,0,0,2448,9,7,15,7,15,2,3,2448,9,0,0,0,0,2448,9,7,15,7,15,2,3,2448,9,0,0,0,0,2448,9,7,15,7,15,5,10,2448,9,0,0,0,0,2448,9
91,900,100,900,0,100,0,1000,7,15,7,15,2,3,0,0,0,0,0,0,0,0,7,15,7,15,2,3,0,0,0,0,0,0,0,0,7,15,7,15,2,3,0,0,0,0,0,0,0,0,7,15,7,15,2,3,0,0,0,0,0,0,0,0,7,15,7,15,2,3,0,0,0,0,0,0,0,0,7,15,7,15,5,10,0,0,0,0,0,0,0,0
92,900,100,900,0,100,0,1000,7,15,7,15,2,3,0,0,0,0,0,0,0,0,7,15,7,15,2,3,0,0,0,0,0,0,0,0,7,15,7,15,2,3,0,0,0,0,0,0,0,0,7,15,7,15,2,3,0,0,0,0,0,0,0,0,7,15,7,15,2,3,0,0,0,0,0,0,0,0,7,15,7,15,5,10,0,0,0,0,0,0,0,0
93,900,100,900,0,100,0,1000,7,15,7,15,2,3,0,0,0,0,0,0,0,0,7,15,7,15,2,3,0,0,0,0,0,0,0,0,7,15,7,15,2,3,0,0,0,0,0,0,0,0,7,15,7,15,2,3,0,0,0,0,0,0,0,0,7,15,7,15,2,3,0,0,0,0,0,0,0,0,7,15,7,15,5,10,0,0,0,0,0,0,0,0
94,900,100,900,0,100,0,1000,7,15,7,15,2,3,2176,8,0,0,0,0,2176,8,7,15,7,15,2,3,2176,8,0,0,0,0,2176,8,7,15,7,15,2,3,2176,8,0,0,0,0,2176,8,7,15,7,15,2,3,2176,8,0,0,0,0,2176,8,7,15,7,15,2,3,2176,8,0,0,0,0,2176,8,7,15,7,15,5,10,2176,8,0,0,0,0,2176,8
95,900,100,900,0,100,0,1000,7,15,7,15,2,3,0,0,0,0,0,0,0,0,7,15,7,15,2,3,0,0,0,0,0,0,0,0,7,15,7,15,2,3,0,0,0,0,0,0,0,0,7,15,7,15,2,3,0,0,0,0,0,0,0,0,7,15,7,15,2,3,0,0,0,0,0,0,0,0,7,15,7,15,5,10,0,0,0,0,0,0,0,0
96,900,100,900,0,100,0,1000,7,15,7,15,2,3,0,0,0,0,0,0,0,0,7,15,7,15,2,3,0,0,0,0,0,0,0,0,7,15,7,15,2,3,0,0,0,0,0,0,0,0,7,15,7,15,2,3,0,0,0,0,0,0,0,0,7,15,7,15,2,3,0,0,0,0,0,0,0,0,7,15,7,15,5,10,0,0,0,0,0,0,0,0
97,900,100,900,0,100,0,1000,7,15,7,15,2,3,0,0,0,0,0,0,0,0,7,15,7,15,2,3,0,0,0,0,0,0,0,0,7,15,7,15,2,3,0,0,0,0,0,0,0,0,7,15,7,15,2,3,0,0,0,0,0,0,0,0,7,15,7,15,2,3,0,0,0,0,0,0,0,0,7,15,7,15,5,10,0,0,0,0,0,0,0,0
98,900,100,900,0,100,0,1000,7,15,7,15,2,3,1904,7,0,0,0,0,1904,7,7,15,7,15,2,3,1904,7,0,0,0,0,1904,7,7,15,7,15,2,3,1904,7,0,0,0,0,1904,7,7,15,7,15,2,3,1904,7,0,0,0,0,1904,7,7,15,7,15,2,3,1904,7,0,0,0,0,1904,7,7,15,7,15,5,10,1904,7,0,0,0,0,1904,7
99,900,100,900,0,100,0,1000,7,15,7,15,2,3,0,0,0,0,0,0,0,0,7,15,7,15,2,3,0,0,0,0,0,0,0,0,7,15,7,15,2,3,0,0,0,0,0,0,0,0,7,15,7,15,2,3,0,0,0,0,0,0,0,0,7,15,7,15,2,3,0,0,0,0,0,0,0,0,7,15,7,15,6,14,0,0,0,0,0,0,0,0
100,900,100,900,0,100,0,1000,7,15,7,15,2,3,0,0,0,0,0,0,0,0,7,15,7,15,2,3,0,0,0,0,0,0,0,0,7,15,7,15,2,3,0,0,0,0,0,0,0,0,7,15,7,15,2,3,0,0,0,0,0,0,0,0,7,15,7,15,2,3,0,0,0,0,0,0,0,0,7,15,7,15,6,14,0,0,0,0,0,0,0,0
101,900,100,900,0,100,0,1000,7,15,7,15,2,3,0,0,0,0,0,0,0,0,7,15,7,15,2,3,0,0,0,0,0,0,0,0,7,15,7,15,2,3,0,0,0,0,0,0,0,0,7,15,7,15,2,3,0,0,0,0,0,0,0,0,7,15,7,15,2,3,0,0,0,0,0,0,0,0,7,15,7,15,6,14,0,0,0,0,0,0,0,0
102,900,100,900,0,100,0,1000,7,15,7,15,2,3,4352,16,0,0,0,0,4352,16,7,15,7,15,2,3,4352,16,0,0,0,0,4352,16,7,15,7,15,2,3,4352,16,0,0,0,0,4352,16,7,15,7,15,2,3,4352,16,0,0,0,0,4352,16,7,15,7,15,2,3,4352,16,0,0,0,0,4352,16,7,15,7,15,6,14,4352,16,0,0,0,0,4352,16
103,900,100,900,0,100,0,1000,7,15,7,15,2,3,0,0,0,0,0,0,0,0,7,15,7,15,2,3,0,0,0,0,0,0,0,0,7,15,7,15,2,3,0,0,0,0,0,0,0,0,7,15,7,15,2,3,0,0,0,0,0,0,0,0,7,15,7,15,2,3,0,0,0,0,0,0,0,0,7,15,7,15,7,15,0,0,0,0,0,0,0,0
104,900,100,900,0,100,0,1000,7,15,7,15,2,3,0,0,0,0,0,0,0,0,7,15,7,15,2,3,0,0,0,0,0,0,0,0,7,15,7,15,2,3,0,0,0,0,0,0,0,0,7,15,7,15,2,3,0,0,0,0,0,0,0,0,7,15,7,15,2,3,0,0,0,0,0,0,0,0,7,15,7,15,7,15,0,0,0,0,0,0,0,0
105,900,100,900,0,100,0,1000,7,15,7,15,2,3,0,0,0,0,0,0,0,0,7,15,7,15,2,3,0,0,0,0,0,0,0,0,7,15,7,15,2,3,0,0,0,0,0,0,0,0,7,15,7,15,2,3,0,0,0,0,0,0,0,0,7,15,7,15,2,3,0,0,0,0,0,0,0,0,7,15,7,15,7,15,0,0,0,0,0,0,0,0
106,900,100,900,0,100,0,1000,7,15,7,15,2,3,2176,8,0,0,0,0,2176,8,7,15,7,15,2,3,2176,8,0,0,0,0,2176,8,7,15,7,15,2,3,2176,8,0,0,0,0,2176,8,7,15,7,15,2,3,2176,8,0,0,0,0,2176,8,7,15,7,15,2,3,2176,8,0,0,0,0,2176,8,7,15,7,15,7,15,2176,8,0,0,0,0,2176,8
107,900,100,900,0,100,0,1000,7,15,7,15,2,3,0,0,0,0,0,0,0,0,7,15,7,15,2,3,0,0,0,0,0,0,0,0,7,15,7,15,2,3,0,0,0,0,0,0,0,0,7,15,7,15,2,3,0,0,0,0,0,0,0,0,7,15,7,15,2,3,0,0,0,0,0,0,0,0,8,16,7,15,8,16,0,0,0,0,0,0,0,0
108,900,100,900,0,100,0,1000,7,15,7,15,2,3,0,0,0,0,0,0,0,0,7,15,7,15,2,3,0,0,0,0,0,0,0,0,7,15,7,15,2,3,0,0,0,0,0,0,0,0,7,15,7,15,2,3,0,0,0,0,0,0,0,0,7,15,7,15,2,3,0,0,0,0,0,0,0,0,8,16,7,15,8,16,0,0,0,0,0,0,0,0
109,900,100,900,0,100,0,1000,7,15,7,15,2,3,0,0,0,0,0,0,0,0,7,15,7,15,2,3,0,0,0,0,0,0,0,0,7,15,7,15,2,3,0,0,0,0,0,0,0,0,7,15,7,15,2,3,0,0,0,0,0,0,0,0,7,15,7,15,2,3,0,0,0,0,0,0,0,0,8,16,7,15,8,16,0,0,0,0,0,0,0,0
110,900,100,900,0,100,0,1000,7,15,7,15,2,3,1904,7,0,0,0,0,1904,7,7,15,7,15,2,3,1904,7,0,0,0,0,1904,7,7,15,7,15,2,3,1904,7,0,0,0,0,1904,7,7,15,7,15,2,3,1904,7,0,0,0,0,1904,7,7,15,7,15,2,3,1904,7,0,0,0,0,1904,7,8,16,7,15,8,16,1904,7,0,0,0,0,1904,7
111,900,100,900,0,100,0,1000,7,15,7,15,2,3,0,0,0,0,0,0,0,0,7,15,7,15,2,3,0,0,0,0,0,0,0,0,7,15,7,15,2,3,0,0,0,0,0,0,0,0,7,15,7,15,2,3,0,0,0,0,0,0,0,0,7,15,7,15,2,3,0,0,0,0,0,0,0,0,8,16,7,15,8,16,0,0,0,0,0,0,0,0
112,900,100,900,0,100,0,1000,7,15,7,15,2,3,0,0,0,0,0,0,0,0,7,15,7,15,2,3,0,0,0,0,0,0,0,0,7,15,7,15,2,3,0,0,0,0,0,0,0,0,7,15,7,15,2,3,0,0,0,0,0,0,0,0,7,15,7,15,2,3,0,0,0,0,0,0,0,0,8,16,7,15,8,16,0,0,0,0,0,0,0,0
113,900,100,900,0,100,0,1000,7,15,7,15,2,3,0,0,0,0,0,0,0,0,7,15,7,15,2,3,0,0,0,0,0,0,0,0,7,15,7,15,2,3,0,0,0,0,0,0,0,0,7,15,7,15,2,3,0,0,0,0,0,0,0,0,7,15,7,15,2,3,0,0,0,0,0,0,0,0,8,16,7,15,8,16,0,0,0,0,0,0,0,0
114,900,100,900,0,100,0,1000,7,15,7,15,2,3,2176,8,0,0,0,0,2176,8,7,15,7,15,2,3,2176,8,0,0,0,0,2176,8,7,15,7,15,2,3,2176,8,0,0,0,0,2176,8,7,15,7,15,2,3,2176,8,0,0,0,0,2176,8,7,15,7,15,2,3,2176,8,0,0,0,0,2176,8,8,16,7,15,8,16,2176,8,0,0,0,0,2176,8
115,900,100,900,0,100,0,1000,7,15,7,15,2,3,0,0,0,0,0,0,0,0,7,15,7,15,2,3,0,0,0,0,0,0,0,0,7,15,7,15,2,3,0,0,0,0,0,0,0,0,7,15,7,15,2,3,0,0,0,0,0,0,0,0,7,15,7,15,2,3,0,0,0,0,0,0,0,0,8,16,7,15,8,16,0,0,0,0,0,0,0,0
116,900,100,900,0,100,0,1000,7,15,7,15,2,3,0,0,0,0,0,0,0,0,7,15,7,15,2,3,0,0,0,0,0,0,0,0,7,15,7,15,2,3,0,0,0,0,0,0,0,0,7,15,7,15,2,3,0,0,0,0,0,0,0,0,7,15,7,15,2,3,0,0,0,0,0,0,0,0,8,16,7,15,8,16,0,0,0,0,0,0,0,0
117,900,100,900,0,100,0,1000,7,15,7,15,2,3,0,0,0,0,0,0,0,0,7,15,7,15,2,3,0,0,0,0,0,0,0,0,7,15,7,15,2,3,0,0,0,0,0,0,0,0,7,15,7,15,2,3,0,0,0,0,0,0,0,0,7,15,7,15,2,3,0,0,0,0,0,0,0,0,8,16,7,15,8,16,0,0,0,0,0,0,0,0
118,900,100,900,0,100,0,1000,7,15,7,15,2,3,2992,11,0,0,0,0,2992,11,7,15,7,15,2,3,2992,11,0,0,0,0,2992,11,7,15,7,15,2,3,2992,11,0,0,0,0,2992,11,7,15,7,15,2,3,2992,11,0,0,0,0,2992,11,7,15,7,15,2,3,2992,11,0,0,0,0,2992,11,8,16,7,15,8,16,2992,11,0,0,0,0,2992,11
119,900,100,900,0,100,0,1000,7,15,7,15,2,3,0,0,0,0,0,0,0,0,7,15,7,15,2,3,0,0,0,0,0,0,0,0,7,15,7,15,2,3,0,0,0,0,0,0,0,0,7,15,7,15,2,3,0,0,0,0,0,0,0,0,7,15,7,15,2,3,0,0,0,0,0,0,0,0,8,16,7,15,8,16,0,0,0,0,0,0,0,0
120,900,100,900,0,100,0,1000,7,15,7,15,2,3,0,0,0,0,0,0,0,0,7,15,7,15,2,3,0,0,0,0,0,0,0,0,7,15,7,15,2,3,0,0,0,0,0,0,0,0,7,15,7,15,2,3,0,0,0,0,0,0,0,0,7,15,7,15,2,3,0,0,0,0,0,0,0,0,8,16,7,15,8,16,0,0,0,0,0,0,0,0
121,900,100,900,0,100,0,1000,7,15,7,15,2,3,0,0,0,0,0,0,0,0,7,15,7,15,2,3,0,0,0,0,0,0,0,0,7,15,7,15,2,3,0,0,0,0,0,0,0,0,7,15,7,15,2,3,0,0,0,0,0,0,0,0,7,15,7,15,2,3,0,0,0,0,0,0,0,0,8,16,7,15,8,16,0,0,0,0,0,0,0,0
122,900,100,900,0,100,0,1000,7,15,7,15,2,3,3264,12,0,0,0,0,3264,12,7,15,7,15,2,3,3264,12,0,0,0,0,3264,12,7,15,7,15,2,3,3264,12,0,0,0,0,3264,12,7,15,7,15,2,3,3264,12,0,0,0,0,3264,12,7,15,7,15,2,3,3264,12,0,0,0,0,3264,12,8,16,7,15,8,16,3264,12,0,0,0,0,3264,12
123,900,100,900,0,100,0,1000,7,15,7,15,2,3,0,0,0,0,0,0,0,0,7,15,7,15,2,3,0,0,0,0,0,0,0,0,7,15,7,15,2,3,0,0,0,0,0,0,0,0,7,15,7,15,2,3,0,0,0,0,0,0,0,0,7,15,7,15,2,3,0,0,0,0,0,0,0,0,8,16,7,15,8,16,0,0,0,0,0,0,0,0
124,900,100,900,0,100,0,1000,7,15,7,15,2,3,0,0,0,0,0,0,0,0,7,15,7,15,2,3,0,0,0,0,0,0,0,0,7,15,7,15,2,3,0,0,0,0,0,0,0,0,7,15,7,15,2,3,0,0,0,0,0,0,0,0,7,15,7,15,2,3,0,0,0,0,0,0,0,0,8,16,7,15,8,16,0,0,0,0,0,0,0,0
125,900,100,900,0,100,0,1000,7,15,7,15,2,3,0,0,0,0,0,0,0,0,7,15,7,15,2,3,0,0,0,0,0,0,0,0,7,15,7,15,2,3,0,0,0,0,0,0,0,0,7,15,7,15,2,3,0,0,0,0,0,0,0,0,7,15,7,15,2,3,0,0,0,0,0,0,0,0,8,16,7,15,8,16,0,0,0,0,0,0,0,0
126,0,1000,0,900,100,0,1000,7,15,7,15,2,3,2176,8,0,0,0,0,2176,8,7,15,7,15,2,3,2176,8,0,0,0,0,2176,8,7,15,7,15,2,3,2176,8,0,0,0,0,2176,8,7,15,7,15,2,3,2176,8,0,0,0,0,2176,8,7,15,7,15,2,3,2176,8,0,0,0,0,2176,8,8,16,7,15,8,16,2176,8,0,0,0,0,2176,8
127,0,1000,0,0,1000,0,1000,8,16,7,15,8,16,0,0,0,0,0,0,0,0,8,16,7,15,8,16,0,0,0,0,0,0,0,0,8,16,7,15,8,16,0,0,0,0,0,0,0,0,8,16,7,15,8,16,0,0,0,0,0,0,0,0,8,16,7,15,8,16,0,0,0,0,0,0,0,0,8,16,7,15,8,16,0,0,0,0,0,0,0,0
128,0,1000,0,0,1000,0,1000,8,16,7,15,8,16,0,0,0,0,0,0,0,0,8,16,7,15,8,16,0,0,0,0,0,0,0,0,8,16,7,15,8,16,0,0,0,0,0,0,0,0,8,16,7,15,8,16,0,0,0,0,0,0,0,0,8,16,7,15,8,16,0,0,0,0,0,0,0,0,8,16,7,15,8,16,0,0,0,0,0,0,0,0
129,0,1000,0,0,1000,0,1000,8,16,7,15,8,16,2085,3,2085,3,0,0,0,0,8,16,7,15,8,16,2085,3,2085,3,0,0,0,0,8,16,7,15,8,16,2085,3,2085,3,0,0,0,0,8,16,7,15,8,16,2085,3,2085,3,0,0,0,0,8,16,7,15,8,16,2085,3,2085,3,0,0,0,0,8,16,7,15,8,16,2085,3,2085,3,0,0,0,0
130,0,1000,0,0,1000,0,1000,9,32,9,32,8,16,23683,87,0,0,291,1,23392,86,9,32,9,32,8,16,23683,87,0,0,291,1,23392,86,9,32,9,32,8,16,23683,87,0,0,291,1,23392,86,9,32,9,32,8,16,23683,87,0,0,291,1,23392,86,9,32,9,32,8,16,23683,87,0,0,291,1,23392,86,9,32,9,32,8,16,23683,87,0,0,291,1,23392,86
131,0,1000,0,0,1000,0,1000,9,32,9,32,8,16,0,0,0,0,0,0,0,0,9,32,9,32,8,16,0,0,0,0,0,0,0,0,9,32,9,32,8,16,0,0,0,0,0,0,0,0,9,32,9,32,8,16,0,0,0,0,0,0,0,0,9,32,9,32,8,16,0,0,0,0,0,0,0,0,9,32,9,32,8,16,0,0,0,0,0,0,0,0
132,0,1000,0,0,1000,0,1000,9,32,9,32,8,16,0,0,0,0,0,0,0,0,9,32,9,32,8,16,0,0,0,0,0,0,0,0,9,32,9,32,8,16,0,0,0,0,0,0,0,0,9,32,9,32,8,16,0,0,0,0,0,0,0,0,9,32,9,32,8,16,0,0,0,0,0,0,0,0,9,32,9,32,8,16,0,0,0,0,0,0,0,0
133,0,1000,0,0,1000,0,1000,9,32,9,32,8,16,3191,1,3191,1,0,0,0,0,9,32,9,32,8,16,3191,1,3191,1,0,0,0,0,9,32,9,32,8,16,3191,1,3191,1,0,0,0,0,9,32,9,32,8,16,3191,1,3191,1,0,0,0,0,9,32,9,32,8,16,3191,1,3191,1,0,0,0,0,9,32,9,32,8,16,3191,1,3191,1,0,0,0,0
134,0,1000,0,0,1000,0,1000,10,33,10,33,8,16,29667,109,0,0,291,1,29376,108,10,33,10,33,8,16,29667,109,0,0,291,1,29376,108,10,33,10,33,8,16,29667,109,0,0,291,1,29376,108,10,33,10,33,8,16,29667,109,0,0,291,1,29376,108,10,33,10,33,8,16,29667,109,0,0,291,1,29376,108,10,33,10,33,8,16,29667,109,0,0,291,1,29376,108
135,0,1000,0,0,1000,0,1000,10,33,10,33,8,16,0,0,0,0,0,0,0,0,10,33,10,33,8,16,0,0,0,0,0,0,0,0,10,33,10,33,8,16,0,0,0,0,0,0,0,0,10,33,10,33,8,16,0,0,0,0,0,0,0,0,10,33,10,33,8,16,0,0,0,0,0,0,0,0,10,33,10,33,8,16,0,0,0,0,0,0,0,0
136,0,1000,0,0,1000,0,1000,10,33,10,33,8,16,0,0,0,0,0,0,0,0,10,33,10,33,8,16,0,0,0,0,0,0,0,0,10,33,10,33,8,16,0,0,0,0,0,0,0,0,10,33,10,33,8,16,0,0,0,0,0,0,0,0,10,33,10,33,8,16,0,0,0,0,0,0,0,0,10,33,10,33,8,16,0,0,0,0,0,0,0,0
137,0,1000,0,0,1000,0,1000,10,33,10,33,8,16,11685,3,11685,3,0,0,0,0,10,33,10,33,8,16,11685,3,11685,3,0,0,0,0,10,33,10,33,8,16,11685,3,11685,3,0,0,0,0,10,33,10,33,8,16,11685,3,11685,3,0,0,0,0,10,33,10,33,8,16,11685,3,11685,3,0,0,0,0,10,33,10,33,8,16,11685,3,11685,3,0,0,0,0
138,0,1000,0,0,1000,0,1000,11,34,11,34,8,16,28851,106,0,0,291,1,28560,105,11,34,11,34,8,16,28851,106,0,0,291,1,28560,105,11,34,11,34,8,16,28851,106,0,0,291,1,28560,105,11,34,11,34,8,16,28851,106,0,0,291,1,28560,105,11,34,11,34,8,16,28851,106,0,0,291,1,28560,105,11,34,11,34,8,16,28851,106,0,0,291,1,28560,105
139,0,1000,0,0,1000,0,1000,11,34,11,34,8,16,0,0,0,0,0,0,0,0,11,34,11,34,8,16,0,0,0,0,0,0,0,0,11,34,11,34,8,16,0,0,0,0,0,0,0,0,11,34,11,34,8,16,0,0,0,0,0,0,0,0,11,34,11,34,8,16,0,0,0,0,0,0,0,0,11,34,11,34,8,16,0,0,0,0,0,0,0,0
140,0,1000,0,0,1000,0,1000,11,34,11,34,8,16,0,0,0,0,0,0,0,0,11,34,11,34,8,16,0,0,0,0,0,0,0,0,11,34,11,34,8,16,0,0,0,0,0,0,0,0,11,34,11,34,8,16,0,0,0,0,0,0,0,0,11,34,11,34,8,16,0,0,0,0,0,0,0,0,11,34,11,34,8,16,0,0,0,0,0,0,0,0
141,0,1000,0,0,1000,0,1000,11,34,11,34,8,16,3799,1,3799,1,0,0,0,0,11,34,11,34,8,16,3799,1,3799,1,0,0,0,0,11,34,11,34,8,16,3799,1,3799,1,0,0,0,0,11,34,11,34,8,16,3799,1,3799,1,0,0,0,0,11,34,11,34,8,16,3799,1,3799,1,0,0,0,0,11,34,11,34,8,16,3799,1,3799,1,0,0,0,0
142,0,1000,0,0,1000,0,1000,12,35,12,35,8,16,27219,100,0,0,291,1,26928,99,12,35,12,35,8,16,27219,100,0,0,291,1,26928,99,12,35,12,35,8,16,27219,100,0,0,291,1,26928,99,12,35,12,35,8,16,27219,100,0,0,291,1,26928,99,12,35,12,35,8,16,27219,100,0,0,291,1,26928,99,12,35,12,35,8,16,27219,100,0,0,291,1,26928,99
143,0,1000,0,0,1000,0,1000,12,35,12,35,8,16,0,0,0,0,0,0,0,0,12,35,12,35,8,16,0,0,0,0,0,0,0,0,12,35,12,35,8,16,0,0,0,0,0,0,0,0,12,35,12,35,8,16,0,0,0,0,0,0,0,0,12,35,12,35,8,16,0,0,0,0,0,0,0,0,12,35,12,35,8,16,0,0,0,0,0,0,0,0
144,0,1000,0,0,1000,0,1000,12,35,12,35,8,16,0,0,0,0,0,0,0,0,12,35,12,35,8,16,0,0,0,0,0,0,0,0,12,35,12,35,8,16,0,0,0,0,0,0,0,0,12,35,12,35,8,16,0,0,0,0,0,0,0,0,12,35,12,35,8,16,0,0,0,0,0,0,0,0,12,35,12,35,8,16,0,0,0,0,0,0,0,0
145,0,1000,0,0,1000,0,1000,12,35,12,35,8,16,7213,2,7213,2,0,0,0,0,12,35,12,35,8,16,7213,2,7213,2,0,0,0,0,12,35,12,35,8,16,7213,2,7213,2,0,0,0,0,12,35,12,35,8,16,7213,2,7213,2,0,0,0,0,12,35,12,35,8,16,7213,2,7213,2,0,0,0,0,12,35,12,35,8,16,7213,2,7213,2,0,0,0,0
146,0,1000,0,0,1000,0,1000,13,36,13,36,8,16,27218,100,0,0,290,1,26928,99,13,36,13,36,8,16,27218,100,0,0,290,1,26928,99,13,36,13,36,8,16,27218,100,0,0,290,1,26928,99,13,36,13,36,8,16,27218,100,0,0,290,1,26928,99,13,36,13,36,8,16,27218,100,0,0,290,1,26928,99,13,36,13,36,8,16,27218,100,0,0,290,1,26928,99
147,0,1000,0,0,1000,0,1000,13,36,13,36,8,16,0,0,0,0,0,0,0,0,13,36,13,36,8,16,0,0,0,0,0,0,0,0,13,36,13,36,8,16,0,0,0,0,0,0,0,0,13,36,13,36,8,16,0,0,0,0,0,0,0,0,13,36,13,36,8,16,0,0,0,0,0,0,0,0,13,36,13,36,8,16,0,0,0,0,0,0,0,0
148,0,1000,0,0,1000,0,1000,13,36,13,36,8,16,0,0,0,0,0,0,0,0,13,36,13,36,8,16,0,0,0,0,0,0,0,0,13,36,13,36,8,16,0,0,0,0,0,0,0,0,13,36,13,36,8,16,0,0,0,0,0,0,0,0,13,36,13,36,8,16,0,0,0,0,0,0,0,0,13,36,13,36,8,16,0,0,0,0,0,0,0,0
149,0,1000,0,0,1000,0,1000,13,36,13,36,8,16,3607,1,3607,1,0,0,0,0,13,36,13,36,8,16,3607,1,3607,1,0,0,0,0,13,36,13,36,8,16,3607,1,3607,1,0,0,0,0,13,36,13,36,8,16,3607,1,3607,1,0,0,0,0,13,36,13,36,8,16,3607,1,3607,1,0,0,0,0,13,36,13,36,8,16,3607,1,3607,1,0,0,0,0
150,0,1000,0,0,1000,0,1000,14,37,14,37,8,16,24771,91,0,0,291,1,24480,90,14,37,14,37,8,16,24771,91,0,0,291,1,24480,90,14,37,14,37,8,16,24771,91,0,0,291,1,24480,90,14,37,14,37,8,16,24771,91,0,0,291,1,24480,90,14,37,14,37,8,16,24771,91,0,0,291,1,24480,90,14,37,14,37,8,16,24771,91,0,0,291,1,24480,90
151,0,1000,0,0,1000,0,1000,14,37,14,37,8,16,0,0,0,0,0,0,0,0,14,37,14,37,8,16,0,0,0,0,0,0,0,0,14,37,14,37,8,16,0,0,0,0,0,0,0,0,14,37,14,37,8,16,0,0,0,0,0,0,0,0,14,37,14,37,8,16,0,0,0,0,0,0,0,0,14,37,14,37,8,16,0,0,0,0,0,0,0,0
152,0,1000,0,0,1000,0,1000,14,37,14,37,8,16,0,0,0,0,0,0,0,0,14,37,14,37,8,16,0,0,0,0,0,0,0,0,14,37,14,37,8,16,0,0,0,0,0,0,0,0,14,37,14,37,8,16,0,0,0,0,0,0,0,0,14,37,14,37,8,16,0,0,0,0,0,0,0,0,14,37,14,37,8,16,0,0,0,0,0,0,0,0
153,0,1000,0,0,1000,0,1000,14,37,14,37,8,16,0,0,0,0,0,0,0,0,14,37,14,37,8,16,0,0,0,0,0,0,0,0,14,37,14,37,8,16,0,0,0,0,0,0,0,0,14,37,14,37,8,16,0,0,0,0,0,0,0,0,14,37,14,37,8,16,0,0,0,0,0,0,0,0,14,37,14,37,8,16,0,0,0,0,0,0,0,0
154,0,1000,0,0,1000,0,1000,14,37,14,37,8,16,31008,114,0,0,0,0,31008,114,14,37,14,37,8,16,31008,114,0,0,0,0,31008,114,14,37,14,37,8,16,31008,114,0,0,0,0,31008,114,14,37,14,37,8,16,31008,114,0,0,0,0,31008,114,14,37,14,37,8,16,31008,114,0,0,0,0,31008,114,14,37,14,37,8,16,31008,114,0,0,0,0,31008,114
155,0,1000,0,0,1000,0,1000,14,37,14,37,8,16,0,0,0,0,0,0,0,0,14,37,14,37,8,16,0,0,0,0,0,0,0,0,14,37,14,37,8,16,0,0,0,0,0,0,0,0,14,37,14,37,8,16,0,0,0,0,0,0,0,0,14,37,14,37,8,16,0,0,0,0,0,0,0,0,14,37,14,37,8,16,0,0,0,0,0,0,0,0
156,0,1000,0,0,1000,0,1000,14,37,14,37,8,16,0,0,0,0,0,0,0,0,14,37,14,37,8,16,0,0,0,0,0,0,0,0,14,37,14,37,8,16,0,0,0,0,0,0,0,0,14,37,14,37,8,16,0,0,0,0,0,0,0,0,14,37,14,37,8,16,0,0,0,0,0,0,0,0,14,37,14,37,8,16,0,0,0,0,0,0,0,0
157,0,1000,0,0,1000,0,1000,14,37,14,37,8,16,4086,1,4086,1,0,0,0,0,14,37,14,37,8,16,4086,1,4086,1,0,0,0,0,14,37,14,37,8,16,4086,1,4086,1,0,0,0,0,14,37,14,37,8,16,4086,1,4086,1,0,0,0,0,14,37,14,37,8,16,4086,1,4086,1,0,0,0,0,14,37,14,37,8,16,4086,1,4086,1,0,0,0,0
158,0,1000,0,0,1000,0,1000,15,39,15,39,8,16,25314,93,0,0,290,1,25024,92,15,39,15,39,8,16,25314,93,0,0,290,1,25024,92,15,39,15,39,8,16,25314,93,0,0,290,1,25024,92,15,39,15,39,8,16,25314,93,0,0,290,1,25024,92,15,39,15,39,8,16,25314,93,0,0,290,1,25024,92,15,39,15,39,8,16,25314,93,0,0,290,1,25024,92
159,0,1000,0,0,1000,0,1000,15,39,15,39,8,16,0,0,0,0,0,0,0,0,15,39,15,39,8,16,0,0,0,0,0,0,0,0,15,39,15,39,8,16,0,0,0,0,0,0,0,0,15,39,15,39,8,16,0,0,0,0,0,0,0,0,15,39,15,39,8,16,0,0,0,0,0,0,0,0,15,39,15,39,8,16,0,0,0,0,0,0,0,0
160,0,1000,0,0,1000,0,1000,15,39,15,39,8,16,0,0,0,0,0,0,0,0,15,39,15,39,8,16,0,0,0,0,0,0,0,0,15,39,15,39,8,16,0,0,0,0,0,0,0,0,15,39,15,39,8,16,0,0,0,0,0,0,0,0,15,39,15,39,8,16,0,0,0,0,0,0,0,0,15,39,15,39,8,16,0,0,0,0,0,0,0,0
161,0,1000,0,0,1000,0,1000,15,39,15,39,8,16,3383,1,3383,1,0,0,0,0,15,39,15,39,8,16,3383,1,3383,1,0,0,0,0,15,39,15,39,8,16,3383,1,3383,1,0,0,0,0,15,39,15,39,8,16,3383,1,3383,1,0,0,0,0,15,39,15,39,8,16,3383,1,3383,1,0,0,0,0,15,39,15,39,8,16,3383,1,3383,1,0,0,0,0
162,0,1000,0,0,1000,0,1000,16,40,16,40,8,16,26403,97,0,0,291,1,26112,96,16,40,16,40,8,16,26403,97,0,0,291,1,26112,96,16,40,16,40,8,16,26403,97,0,0,291,1,26112,96,16,40,16,40,8,16,26403,97,0,0,291,1,26112,96,16,40,16,40,8,16,26403,97,0,0,291,1,26112,96,16,40,16,40,8,16,26403,97,0,0,291,1,26112,96
163,0,1000,0,0,1000,0,1000,16,40,16,40,8,16,0,0,0,0,0,0,0,0,16,40,16,40,8,16,0,0,0,0,0,0,0,0,16,40,16,40,8,16,0,0,0,0,0,0,0,0,16,40,16,40,8,16,0,0,0,0,0,0,0,0,16,40,16,40,8,16,0,0,0,0,0,0,0,0,16,40,16,40,8,16,0,0,0,0,0,0,0,0
164,0,1000,0,0,1000,0,1000,16,40,16,40,8,16,0,0,0,0,0,0,0,0,16,40,16,40,8,16,0,0,0,0,0,0,0,0,16,40,16,40,8,16,0,0,0,0,0,0,0,0,16,40,16,40,8,16,0,0,0,0,0,0,0,0,16,40,16,40,8,16,0,0,0,0,0,0,0,0,16,40,16,40,8,16,0,0,0,0,0,0,0,0
165,0,1000,0,0,1000,0,1000,16,40,16,40,8,16,3511,1,3511,1,0,0,0,0,16,40,16,40,8,16,3511,1,3511,1,0,0,0,0,16,40,16,40,8,16,3511,1,3511,1,0,0,0,0,16,40,16,40,8,16,3511,1,3511,1,0,0,0,0,16,40,16,40,8,16,3511,1,3511,1,0,0,0,0,16,40,16,40,8,16,3511,1,3511,1,0,0,0,0
166,0,1000,0,0,1000,0,1000,17,41,17,41,8,16,30211,111,0,0,291,1,29920,110,17,41,17,41,8,16,30211,111,0,0,291,1,29920,110,17,41,17,41,8,16,30211,111,0,0,291,1,29920,110,17,41,17,41,8,16,30211,111,0,0,291,1,29920,110,17,41,17,41,8,16,30211,111,0,0,291,1,29920,110,17,41,17,41,8,16,30211,111,0,0,291,1,29920,110
167,0,1000,0,0,1000,0,1000,17,41,17,41,8,16,0,0,0,0,0,0,0,0,17,41,17,41,8,16,0,0,0,0,0,0,0,0,17,41,17,41,8,16,0,0,0,0,0,0,0,0,17,41,17,41,8,16,0,0,0,0,0,0,0,0,17,41,17,41,8,16,0,0,0,0,0,0,0,0,17,41,17,41,8,16,0,0,0,0,0,0,0,0
168,0,1000,0,0,1000,0,1000,17,41,17,41,8,16,0,0,0,0,0,0,0,0,17,41,17,41,8,16,0,0,0,0,0,0,0,0,17,41,17,41,8,16,0,0,0,0,0,0,0,0,17,41,17,41,8,16,0,0,0,0,0,0,0,0,17,41,17,41,8,16,0,0,0,0,0,0,0,0,17,41,17,41,8,16,0,0,0,0,0,0,0,0
169,0,1000,0,0,1000,0,1000,17,41,17,41,8,16,0,0,0,0,0,0,0,0,17,41,17,41,8,16,0,0,0,0,0,0,0,0,17,41,17,41,8,16,0,0,0,0,0,0,0,0,17,41,17,41,8,16,0,0,0,0,0,0,0,0,17,41,17,41,8,16,0,0,0,0,0,0,0,0,17,41,17,41,8,16,0,0,0,0,0,0,0,0
170,0,1000,0,0,1000,0,1000,17,41,17,41,8,16,26112,96,0,0,0,0,26112,96,17,41,17,41,8,16,26112,96,0,0,0,0,26112,96,17,41,17,41,8,16,26112,96,0,0,0,0,26112,96,17,41,17,41,8,16,26112,96,0,0,0,0,26112,96,17,41,17,41,8,16,26112,96,0,0,0,0,26112,96,17,41,17,41,8,16,26112,96,0,0,0,0,26112,96
171,0,1000,0,0,1000,0,1000,17,41,17,41,9,32,0,0,0,0,0,0,0,0,17,41,17,41,9,32,0,0,0,0,0,0,0,0,17,41,17,41,9,32,0,0,0,0,0,0,0,0,17,41,17,41,9,32,0,0,0,0,0,0,0,0,17,41,17,41,9,32,0,0,0,0,0,0,0,0,17,41,17,41,9,32,0,0,0,0,0,0,0,0
172,0,1000,0,0,1000,0,1000,17,41,17,41,9,32,0,0,0,0,0,0,0,0,17,41,17,41,9,32,0,0,0,0,0,0,0,0,17,41,17,41,9,32,0,0,0,0,0,0,0,0,17,41,17,41,9,32,0,0,0,0,0,0,0,0,17,41,17,41,9,32,0,0,0,0,0,0,0,0,17,41,17,41,9,32,0,0,0,0,0,0,0,0
173,0,1000,0,0,1000,0,1000,17,41,17,41,9,32,0,0,0,0,0,0,0,0,17,41,17,41,9,32,0,0,0,0,0,0,0,0,17,41,17,41,9,32,0,0,0,0,0,0,0,0,17,41,17,41,9,32,0,0,0,0,0,0,0,0,17,41,17,41,9,32,0,0,0,0,0,0,0,0,17,41,17,41,9,32,0,0,0,0,0,0,0,0
174,0,1000,0,0,1000,0,1000,17,41,17,41,9,32,24752,91,0,0,0,0,24752,91,17,41,17,41,9,32,24752,91,0,0,0,0,24752,91,17,41,17,41,9,32,24752,91,0,0,0,0,24752,91,17,41,17,41,9,32,24752,91,0,0,0,0,24752,91,17,41,17,41,9,32,24752,91,0,0,0,0,24752,91,17,41,17,41,9,32,24752,91,0,0,0,0,24752,91
175,0,1000,0,0,1000,0,1000,17,41,17,41,10,33,0,0,0,0,0,0,0,0,17,41,17,41,10,33,0,0,0,0,0,0,0,0,17,41,17,41,10,33,0,0,0,0,0,0,0,0,17,41,17,41,10,33,0,0,0,0,0,0,0,0,17,41,17,41,10,33,0,0,0,0,0,0,0,0,17,41,17,41,10,33,0,0,0,0,0,0,0,0
176,0,1000,0,0,1000,0,1000,17,41,17,41,10,33,0,0,0,0,0,0,0,0,17,41,17,41,10,33,0,0,0,0,0,0,0,0,17,41,17,41,10,33,0,0,0,0,0,0,0,0,17,41,17,41,10,33,0,0,0,0,0,0,0,0,17,41,17,41,10,33,0,0,0,0,0,0,0,0,17,41,17,41,10,33,0,0,0,0,0,0,0,0
177,0,1000,0,0,1000,0,1000,17,41,17,41,10,33,0,0,0,0,0,0,0,0,17,41,17,41,10,33,0,0,0,0,0,0,0,0,17,41,17,41,10,33,0,0,0,0,0,0,0,0,17,41,17,41,10,33,0,0,0,0,0,0,0,0,17,41,17,41,10,33,0,0,0,0,0,0,0,0,17,41,17,41,10,33,0,0,0,0,0,0,0,0
178,0,1000,0,0,1000,0,1000,17,41,17,41,10,33,25024,92,0,0,0,0,25024,92,17,41,17,41,10,33,25024,92,0,0,0,0,25024,92,17,41,17,41,10,33,25024,92,0,0,0,0,25024,92,17,41,17,41,10,33,25024,92,0,0,0,0,25024,92,17,41,17,41,10,33,25024,92,0,0,0,0,25024,92,17,41,17,41,10,33,25024,92,0,0,0,0,25024,92
179,0,1000,0,0,1000,0,1000,17,41,17,41,11,34,0,0,0,0,0,0,0,0,17,41,17,41,11,34,0,0,0,0,0,0,0,0,17,41,17,41,11,34,0,0,0,0,0,0,0,0,17,41,17,41,11,34,0,0,0,0,0,0,0,0,17,41,17,41,11,34,0,0,0,0,0,0,0,0,17,41,17,41,11,34,0,0,0,0,0,0,0,0
180,0,1000,0,0,1000,0,1000,17,41,17,41,11,34,0,0,0,0,0,0,0,0,17,41,17,41,11,34,0,0,0,0,0,0,0,0,17,41,17,41,11,34,0,0,0,0,0,0,0,0,17,41,17,41,11,34,0,0,0,0,0,0,0,0,17,41,17,41,11,34,0,0,0,0,0,0,0,0,17,41,17,41,11,34,0,0,0,0,0,0,0,0
181,0,1000,0,0,1000,0,1000,17,41,17,41,11,34,0,0,0,0,0,0,0,0,17,41,17,41,11,34,0,0,0,0,0,0,0,0,17,41,17,41,11,34,0,0,0,0,0,0,0,0,17,41,17,41,11,34,0,0,0,0,0,0,0,0,17,41,17,41,11,34,0,0,0,0,0,0,0,0,17,41,17,41,11,34,0,0,0,0,0,0,0,0
182,0,1000,0,0,1000,0,1000,17,41,17,41,11,34,26928,99,0,0,0,0,26928,99,17,41,17,41,11,34,26928,99,0,0,0,0,26928,99,17,41,17,41,11,34,26928,99,0,0,0,0,26928,99,17,41,17,41,11,34,26928,99,0,0,0,0,26928,99,17,41,17,41,11,34,26928,99,0,0,0,0,26928,99,17,41,17,41,11,34,26928,99,0,0,0,0,26928,99
183,0,1000,0,0,1000,0,1000,17,41,17,41,12,35,0,0,0,0,0,0,0,0,17,41,17,41,12,35,0,0,0,0,0,0,0,0,17,41,17,41,12,35,0,0,0,0,0,0,0,0,17,41,17,41,12,35,0,0,0,0,0,0,0,0,17,41,17,41,12,35,0,0,0,0,0,0,0,0,17,41,17,41,12,35,0,0,0,0,0,0,0,0
184,0,1000,0,0,1000,0,1000,17,41,17,41,12,35,0,0,0,0,0,0,0,0,17,41,17,41,12,35,0,0,0,0,0,0,0,0,17,41,17,41,12,35,0,0,0,0,0,0,0,0,17,41,17,41,12,35,0,0,0,0,0,0,0,0,17,41,17,41,12,35,0,0,0,0,0,0,0,0,17,41,17,41,12,35,0,0,0,0,0,0,0,0
185,0,1000,0,0,1000,0,1000,17,41,17,41,12,35,3607,1,3607,1,0,0,0,0,17,41,17,41,12,35,3607,1,3607,1,0,0,0,0,17,41,17,41,12,35,3607,1,3607,1,0,0,0,0,17,41,17,41,12,35,3607,1,3607,1,0,0,0,0,17,41,17,41,12,35,3607,1,3607,1,0,0,0,0,17,41,17,41,12,35,3607,1,3607,1,0,0,0,0
186,0,1000,0,0,1000,0,1000,18,46,18,46,12,35,31027,114,0,0,291,1,30736,113,18,46,18,46,12,35,31027,114,0,0,291,1,30736,113,18,46,18,46,12,35,31027,114,0,0,291,1,30736,113,18,46,18,46,12,35,31027,114,0,0,291,1,30736,113,18,46,18,46,12,35,31027,114,0,0,291,1,30736,113,18,46,18,46,12,35,31027,114,0,0,291,1,30736,113
187,900,100,900,0,100,0,1000,18,46,18,46,12,35,0,0,0,0,0,0,0,0,18,46,18,46,12,35,0,0,0,0,0,0,0,0,18,46,18,46,12,35,0,0,0,0,0,0,0,0,18,46,18,46,12,35,0,0,0,0,0,0,0,0,18,46,18,46,12,35,0,0,0,0,0,0,0,0,18,46,18,46,13,36,0,0,0,0,0,0,0,0
188,900,100,900,0,100,0,1000,18,46,18,46,12,35,0,0,0,0,0,0,0,0,18,46,18,46,12,35,0,0,0,0,0,0,0,0,18,46,18,46,12,35,0,0,0,0,0,0,0,0,18,46,18,46,12,35,0,0,0,0,0,0,0,0,18,46,18,46,12,35,0,0,0,0,0,0,0,0,18,46,18,46,13,36,0,0,0,0,0,0,0,0
189,900,100,900,0,100,0,1000,18,46,18,46,12,35,0,0,0,0,0,0,0,0,18,46,18,46,12,35,0,0,0,0,0,0,0,0,18,46,18,46,12,35,0,0,0,0,0,0,0,0,18,46,18,46,12,35,0,0,0,0,0,0,0,0,18,46,18,46,12,35,0,0,0,0,0,0,0,0,18,46,18,46,13,36,0,0,0,0,0,0,0,0
190,900,100,900,0,100,0,1000,18,46,18,46,12,35,1360,5,0,0,0,0,1360,5,18,46,18,46,12,35,1360,5,0,0,0,0,1360,5,18,46,18,46,12,35,1360,5,0,0,0,0,1360,5,18,46,18,46,12,35,1360,5,0,0,0,0,1360,5,18,46,18,46,12,35,1360,5,0,0,0,0,1360,5,18,46,18,46,13,36,1360,5,0,0,0,0,1360,5
191,900,100,900,0,100,0,1000,18,46,18,46,12,35,0,0,0,0,0,0,0,0,18,46,18,46,12,35,0,0,0,0,0,0,0,0,18,46,18,46,12,35,0,0,0,0,0,0,0,0,18,46,18,46,12,35,0,0,0,0,0,0,0,0,18,46,18,46,12,35,0,0,0,0,0,0,0,0,18,46,18,46,14,37,0,0,0,0,0,0,0,0
192,900,100,900,0,100,0,1000,18,46,18,46,12,35,0,0,0,0,0,0,0,0,18,46,18,46,12,35,0,0,0,0,0,0,0,0,18,46,18,46,12,35,0,0,0,0,0,0,0,0,18,46,18,46,12,35,0,0,0,0,0,0,0,0,18,46,18,46,12,35,0,0,0,0,0,0,0,0,18,46,18,46,14,37,0,0,0,0,0,0,0,0
193,900,100,900,0,100,0,1000,18,46,18,46,12,35,0,0,0,0,0,0,0,0,18,46,18,46,12,35,0,0,0,0,0,0,0,0,18,46,18,46,12,35,0,0,0,0,0,0,0,0,18,46,18,46,12,35,0,0,0,0,0,0,0,0,18,46,18,46,12,35,0,0,0,0,0,0,0,0,18,46,18,46,14,37,0,0,0,0,0,0,0,0
194,900,100,900,0,100,0,1000,18,46,18,46,12,35,3264,12,0,0,0,0,3264,12,18,46,18,46,12,35,3264,12,0,0,0,0,3264,12,18,46,18,46,12,35,3264,12,0,0,0,0,3264,12,18,46,18,46,12,35,3264,12,0,0,0,0,3264,12,18,46,18,46,12,35,3264,12,0,0,0,0,3264,12,18,46,18,46,14,37,3264,12,0,0,0,0,3264,12
195,900,100,900,0,100,0,1000,18,46,18,46,12,35,0,0,0,0,0,0,0,0,18,46,18,46,12,35,0,0,0,0,0,0,0,0,18,46,18,46,12,35,0,0,0,0,0,0,0,0,18,46,18,46,12,35,0,0,0,0,0,0,0,0,18,46,18,46,12,35,0,0,0,0,0,0,0,0,18,46,18,46,14,37,0,0,0,0,0,0,0,0
196,900,100,900,0,100,0,1000,18,46,18,46,12,35,0,0,0,0,0,0,0,0,18,46,18,46,12,35,0,0,0,0,0,0,0,0,18,46,18,46,12,35,0,0,0,0,0,0,0,0,18,46,18,46,12,35,0,0,0,0,0,0,0,0,18,46,18,46,12,35,0,0,0,0,0,0,0,0,18,46,18,46,14,37,0,0,0,0,0,0,0,0
197,900,100,900,0,100,0,1000,18,46,18,46,12,35,0,0,0,0,0,0,0,0,18,46,18,46,12,35,0,0,0,0,0,0,0,0,18,46,18,46,12,35,0,0,0,0,0,0,0,0,18,46,18,46,12,35,0,0,0,0,0,0,0,0,18,46,18,46,12,35,0,0,0,0,0,0,0,0,18,46,18,46,14,37,0,0,0,0,0,0,0,0
198,900,100,900,0,100,0,1000,18,46,18,46,12,35,1632,6,0,0,0,0,1632,6,18,46,18,46,12,35,1632,6,0,0,0,0,1632,6,18,46,18,46,12,35,1632,6,0,0,0,0,1632,6,18,46,18,46,12,35,1632,6,0,0,0,0,1632,6,18,46,18,46,12,35,1632,6,0,0,0,0,1632,6,18,46,18,46,14,37,1632,6,0,0,0,0,1632,6
199,900,100,900,0,100,0,1000,18,46,18,46,12,35,0,0,0,0,0,0,0,0,18,46,18,46,12,35,0,0,0,0,0,0,0,0,18,46,18,46,12,35,0,0,0,0,0,0,0,0,18,46,18,46,12,35,0,0,0,0,0,0,0,0,18,46,18,46,12,35,0,0,0,0,0,0,0,0,18,46,18,46,15,39,0,0,0,0,0,0,0,0
200,900,100,900,0,100,0,1000,18,46,18,46,12,35,0,0,0,0,0,0,0,0,18,46,18,46,12,35,0,0,0,0,0,0,0,0,18,46,18,46,12,35,0,0,0,0,0,0,0,0,18,46,18,46,12,35,0,0,0,0,0,0,0,0,18,46,18,46,12,35,0,0,0,0,0,0,0,0,18,46,18,46,15,39,0,0,0,0,0,0,0,0
201,900,100,900,0,100,0,1000,18,46,18,46,12,35,0,0,0,0,0,0,0,0,18,46,18,46,12,35,0,0,0,0,0,0,0,0,18,46,18,46,12,35,0,0,0,0,0,0,0,0,18,46,18,46,12,35,0,0,0,0,0,0,0,0,18,46,18,46,12,35,0,0,0,0,0,0,0,0,18,46,18,46,15,39,0,0,0,0,0,0,0,0
202,900,100,900,0,100,0,1000,18,46,18,46,12,35,2448,9,0,0,0,0,2448,9,18,46,18,46,12,35,2448,9,0,0,0,0,2448,9,18,46,18,46,12,35,2448,9,0,0,0,0,2448,9,18,46,18,46,12,35,2448,9,0,0,0,0,2448,9,18,46,18,46,12,35,2448,9,0,0,0,0,2448,9,18,46,18,46,15,39,2448,9,0,0,0,0,2448,9
203,900,100,900,0,100,0,1000,18,46,18,46,12,35,0,0,0,0,0,0,0,0,18,46,18,46,12,35,0,0,0,0,0,0,0,0,18,46,18,46,12,35,0,0,0,0,0,0,0,0,18,46,18,46,12,35,0,0,0,0,0,0,0,0,18,46,18,46,12,35,0,0,0,0,0,0,0,0,18,46,18,46,16,40,0,0,0,0,0,0,0,0
204,900,100,900,0,100,0,1000,18,46,18,46,12,35,0,0,0,0,0,0,0,0,18,46,18,46,12,35,0,0,0,0,0,0,0,0,18,46,18,46,12,35,0,0,0,0,0,0,0,0,18,46,18,46,12,35,0,0,0,0,0,0,0,0,18,46,18,46,12,35,0,0,0,0,0,0,0,0,18,46,18,46,16,40,0,0,0,0,0,0,0,0
205,900,100,900,0,100,0,1000,18,46,18,46,12,35,0,0,0,0,0,0,0,0,18,46,18,46,12,35,0,0,0,0,0,0,0,0,18,46,18,46,12,35,0,0,0,0,0,0,0,0,18,46,18,46,12,35,0,0,0,0,0,0,0,0,18,46,18,46,12,35,0,0,0,0,0,0,0,0,18,46,18,46,16,40,0,0,0,0,0,0,0,0
206,900,100,900,0,100,0,1000,18,46,18,46,12,35,2720,10,0,0,0,0,2720,10,18,46,18,46,12,35,2720,10,0,0,0,0,2720,10,18,46,18,46,12,35,2720,10,0,0,0,0,2720,10,18,46,18,46,12,35,2720,10,0,0,0,0,2720,10,18,46,18,46,12,35,2720,10,0,0,0,0,2720,10,18,46,18,46,16,40,2720,10,0,0,0,0,2720,10
207,900,100,900,0,100,0,1000,18,46,18,46,12,35,0,0,0,0,0,0,0,0,18,46,18,46,12,35,0,0,0,0,0,0,0,0,18,46,18,46,12,35,0,0,0,0,0,0,0,0,18,46,18,46,12,35,0,0,0,0,0,0,0,0,18,46,18,46,12,35,0,0,0,0,0,0,0,0,18,46,18,46,17,41,0,0,0,0,0,0,0,0
208,900,100,900,0,100,0,1000,18,46,18,46,12,35,0,0,0,0,0,0,0,0,18,46,18,46,12,35,0,0,0,0,0,0,0,0,18,46,18,46,12,35,0,0,0,0,0,0,0,0,18,46,18,46,12,35,0,0,0,0,0,0,0,0,18,46,18,46,12,35,0,0,0,0,0,0,0,0,18,46,18,46,17,41,0,0,0,0,0,0,0,0
209,900,100,900,0,100,0,1000,18,46,18,46,12,35,0,0,0,0,0,0,0,0,18,46,18,46,12,35,0,0,0,0,0,0,0,0,18,46,18,46,12,35,0,0,0,0,0,0,0,0,18,46,18,46,12,35,0,0,0,0,0,0,0,0,18,46,18,46,12,35,0,0,0,0,0,0,0,0,18,46,18,46,17,41,0,0,0,0,0,0,0,0
210,900,100,900,0,100,0,1000,18,46,18,46,12,35,2992,11,0,0,0,0,2992,11,18,46,18,46,12,35,2992,11,0,0,0,0,2992,11,18,46,18,46,12,35,2992,11,0,0,0,0,2992,11,18,46,18,46,12,35,2992,11,0,0,0,0,2992,11,18,46,18,46,12,35,2992,11,0,0,0,0,2992,11,18,46,18,46,17,41,2992,11,0,0,0,0,2992,11
211,900,100,900,0,100,0,1000,18,46,18,46,12,35,0,0,0,0,0,0,0,0,18,46,18,46,12,35,0,0,0,0,0,0,0,0,18,46,18,46,12,35,0,0,0,0,0,0,0,0,18,46,18,46,12,35,0,0,0,0,0,0,0,0,18,46,18,46,12,35,0,0,0,0,0,0,0,0,18,46,18,46,17,41,0,0,0,0,0,0,0,0
212,900,100,900,0,100,0,1000,18,46,18,46,12,35,0,0,0,0,0,0,0,0,18,46,18,46,12,35,0,0,0,0,0,0,0,0,18,46,18,46,12,35,0,0,0,0,0,0,0,0,18,46,18,46,12,35,0,0,0,0,0,0,0,0,18,46,18,46,12,35,0,0,0,0,0,0,0,0,18,46,18,46,17,41,0,0,0,0,0,0,0,0
213,900,100,900,0,100,0,1000,18,46,18,46,12,35,0,0,0,0,0,0,0,0,18,46,18,46,12,35,0,0,0,0,0,0,0,0,18,46,18,46,12,35,0,0,0,0,0,0,0,0,18,46,18,46,12,35,0,0,0,0,0,0,0,0,18,46,18,46,12,35,0,0,0,0,0,0,0,0,18,46,18,46,17,41,0,0,0,0,0,0,0,0
214,900,100,900,0,100,0,1000,18,46,18,46,12,35,1360,5,0,0,0,0,1360,5,18,46,18,46,12,35,1360,5,0,0,0,0,1360,5,18,46,18,46,12,35,1360,5,0,0,0,0,1360,5,18,46,18,46,12,35,1360,5,0,0,0,0,1360,5,18,46,18,46,12,35,1360,5,0,0,0,0,1360,5,18,46,18,46,17,41,1360,5,0,0,0,0,1360,5
215,900,100,900,0,100,0,1000,18,46,18,46,12,35,0,0,0,0,0,0,0,0,18,46,18,46,12,35,0,0,0,0,0,0,0,0,18,46,18,46,12,35,0,0,0,0,0,0,0,0,18,46,18,46,12,35,0,0,0,0,0,0,0,0,18,46,18,46,12,35,0,0,0,0,0,0,0,0,18,46,18,46,17,41,0,0,0,0,0,0,0,0
216,900,100,900,0,100,0,1000,18,46,18,46,12,35,0,0,0,0,0,0,0,0,18,46,18,46,12,35,0,0,0,0,0,0,0,0,18,46,18,46,12,35,0,0,0,0,0,0,0,0,18,46,18,46,12,35,0,0,0,0,0,0,0,0,18,46,18,46,12,35,0,0,0,0,0,0,0,0,18,46,18,46,17,41,0,0,0,0,0,0,0,0
217,900,100,900,0,100,0,1000,18,46,18,46,12,35,0,0,0,0,0,0,0,0,18,46,18,46,12,35,0,0,0,0,0,0,0,0,18,46,18,46,12,35,0,0,0,0,0,0,0,0,18,46,18,46,12,35,0,0,0,0,0,0,0,0,18,46,18,46,12,35,0,0,0,0,0,0,0,0,18,46,18,46,17,41,0,0,0,0,0,0,0,0
218,900,100,900,0,100,0,1000,18,46,18,46,12,35,2720,10,0,0,0,0,2720,10,18,46,18,46,12,35,2720,10,0,0,0,0,2720,10,18,46,18,46,12,35,2720,10,0,0,0,0,2720,10,18,46,18,46,12,35,2720,10,0,0,0,0,2720,10,18,46,18,46,12,35,2720,10,0,0,0,0,2720,10,18,46,18,46,17,41,2720,10,0,0,0,0,2720,10
219,900,100,900,0,100,0,1000,18,46,18,46,12,35,0,0,0,0,0,0,0,0,18,46,18,46,12,35,0,0,0,0,0,0,0,0,18,46,18,46,12,35,0,0,0,0,0,0,0,0,18,46,18,46,12,35,0,0,0,0,0,0,0,0,18,46,18,46,12,35,0,0,0,0,0,0,0,0,18,46,18,46,17,41,0,0,0,0,0,0,0,0
220,900,100,900,0,100,0,1000,18,46,18,46,12,35,0,0,0,0,0,0,0,0,18,46,18,46,12,35,0,0,0,0,0,0,0,0,18,46,18,46,12,35,0,0,0,0,0,0,0,0,18,46,18,46,12,35,0,0,0,0,0,0,0,0,18,46,18,46,12,35,0,0,0,0,0,0,0,0,18,46,18,46,17,41,0,0,0,0,0,0,0,0
221,900,100,900,0,100,0,1000,18,46,18,46,12,35,0,0,0,0,0,0,0,0,18,46,18,46,12,35,0,0,0,0,0,0,0,0,18,46,18,46,12,35,0,0,0,0,0,0,0,0,18,46,18,46,12,35,0,0,0,0,0,0,0,0,18,46,18,46,12,35,0,0,0,0,0,0,0,0,18,46,18,46,17,41,0,0,0,0,0,0,0,0
222,900,100,900,0,100,0,1000,18,46,18,46,12,35,2448,9,0,0,0,0,2448,9,18,46,18,46,12,35,2448,9,0,0,0,0,2448,9,18,46,18,46,12,35,2448,9,0,0,0,0,2448,9,18,46,18,46,12,35,2448,9,0,0,0,0,2448,9,18,46,18,46,12,35,2448,9,0,0,0,0,2448,9,18,46,18,46,17,41,2448,9,0,0,0,0,2448,9
223,900,100,900,0,100,0,1000,18,46,18,46,12,35,0,0,0,0,0,0,0,0,18,46,18,46,12,35,0,0,0,0,0,0,0,0,18,46,18,46,12,35,0,0,0,0,0,0,0,0,18,46,18,46,12,35,0,0,0,0,0,0,0,0,18,46,18,46,12,35,0,0,0,0,0,0,0,0,18,46,18,46,17,41,0,0,0,0,0,0,0,0
224,900,100,900,0,100,0,1000,18,46,18,46,12,35,0,0,0,0,0,0,0,0,18,46,18,46,12,35,0,0,0,0,0,0,0,0,18,46,18,46,12,35,0,0,0,0,0,0,0,0,18,46,18,46,12,35,0,0,0,0,0,0,0,0,18,46,18,46,12,35,0,0,0,0,0,0,0,0,18,46,18,46,17,41,0,0,0,0,0,0,0,0
225,900,100,900,0,100,0,1000,18,46,18,46,12,35,0,0,0,0,0,0,0,0,18,46,18,46,12,35,0,0,0,0,0,0,0,0,18,46,18,46,12,35,0,0,0,0,0,0,0,0,18,46,18,46,12,35,0,0,0,0,0,0,0,0,18,46,18,46,12,35,0,0,0,0,0,0,0,0,18,46,18,46,17,41,0,0,0,0,0,0,0,0
226,900,100,900,0,100,0,1000,18,46,18,46,12,35,2720,10,0,0,0,0,2720,10,18,46,18,46,12,35,2720,10,0,0,0,0,2720,10,18,46,18,46,12,35,2720,10,0,0,0,0,2720,10,18,46,18,46,12,35,2720,10,0,0,0,0,2720,10,18,46,18,46,12,35,2720,10,0,0,0,0,2720,10,18,46,18,46,17,41,2720,10,0,0,0,0,2720,10
227,900,100,900,0,100,0,1000,18,46,18,46,12,35,0,0,0,0,0,0,0,0,18,46,18,46,12,35,0,0,0,0,0,0,0,0,18,46,18,46,12,35,0,0,0,0,0,0,0,0,18,46,18,46,12,35,0,0,0,0,0,0,0,0,18,46,18,46,12,35,0,0,0,0,0,0,0,0,18,46,18,46,18,46,0,0,0,0,0,0,0,0
228,900,100,900,0,100,0,1000,18,46,18,46,12,35,0,0,0,0,0,0,0,0,18,46,18,46,12,35,0,0,0,0,0,0,0,0,18,46,18,46,12,35,0,0,0,0,0,0,0,0,18,46,18,46,12,35,0,0,0,0,0,0,0,0,18,46,18,46,12,35,0,0,0,0,0,0,0,0,18,46,18,46,18,46,0,0,0,0,0,0,0,0
229,900,100,900,0,100,0,1000,18,46,18,46,12,35,0,0,0,0,0,0,0,0,18,46,18,46,12,35,0,0,0,0,0,0,0,0,18,46,18,46,12,35,0,0,0,0,0,0,0,0,18,46,18,46,12,35,0,0,0,0,0,0,0,0,18,46,18,46,12,35,0,0,0,0,0,0,0,0,18,46,18,46,18,46,0,0,0,0,0,0,0,0
230,900,100,900,0,100,0,1000,18,46,18,46,12,35,2448,9,0,0,0,0,2448,9,18,46,18,46,12,35,2448,9,0,0,0,0,2448,9,18,46,18,46,12,35,2448,9,0,0,0,0,2448,9,18,46,18,46,12,35,2448,9,0,0,0,0,2448,9,18,46,18,46,12,35,2448,9,0,0,0,0,2448,9,18,46,18,46,18,46,2448,9,0,0,0,0,2448,9
231,900,100,900,0,100,0,1000,18,46,18,46,12,35,0,0,0,0,0,0,0,0,18,46,18,46,12,35,0,0,0,0,0,0,0,0,18,46,18,46,12,35,0,0,0,0,0,0,0,0,18,46,18,46,12,35,0,0,0,0,0,0,0,0,18,46,18,46,12,35,0,0,0,0,0,0,0,0,18,46,18,46,18,46,0,0,0,0,0,0,0,0
232,900,100,900,0,100,0,1000,18,46,18,46,12,35,0,0,0,0,0,0,0,0,18,46,18,46,12,35,0,0,0,0,0,0,0,0,18,46,18,46,12,35,0,0,0,0,0,0,0,0,18,46,18,46,12,35,0,0,0,0,0,0,0,0,18,46,18,46,12,35,0,0,0,0,0,0,0,0,18,46,18,46,18,46,0,0,0,0,0,0,0,0
233,900,100,900,0,100,0,1000,18,46,18,46,12,35,0,0,0,0,0,0,0,0,18,46,18,46,12,35,0,0,0,0,0,0,0,0,18,46,18,46,12,35,0,0,0,0,0,0,0,0,18,46,18,46,12,35,0,0,0,0,0,0,0,0,18,46,18,46,12,35,0,0,0,0,0,0,0,0,18,46,18,46,18,46,0,0,0,0,0,0,0,0
234,900,100,900,0,100,0,1000,18,46,18,46,12,35,2720,10,0,0,0,0,2720,10,18,46,18,46,12,35,2720,10,0,0,0,0,2720,10,18,46,18,46,12,35,2720,10,0,0,0,0,2720,10,18,46,18,46,12,35,2720,10,0,0,0,0,2720,10,18,46,18,46,12,35,2720,10,0,0,0,0,2720,10,18,46,18,46,18,46,2720,10,0,0,0,0,2720,10
235,900,100,900,0,100,0,1000,18,46,18,46,12,35,0,0,0,0,0,0,0,0,18,46,18,46,12,35,0,0,0,0,0,0,0,0,18,46,18,46,12,35,0,0,0,0,0,0,0,0,18,46,18,46,12,35,0,0,0,0,0,0,0,0,18,46,18,46,12,35,0,0,0,0,0,0,0,0,18,46,18,46,18,46,0,0,0,0,0,0,0,0
236,900,100,900,0,100,0,1000,18,46,18,46,12,35,0,0,0,0,0,0,0,0,18,46,18,46,12,35,0,0,0,0,0,0,0,0,18,46,18,46,12,35,0,0,0,0,0,0,0,0,18,46,18,46,12,35,0,0,0,0,0,0,0,0,18,46,18,46,12,35,0,0,0,0,0,0,0,0,18,46,18,46,18,46,0,0,0,0,0,0,0,0
237,900,100,900,0,100,0,1000,18,46,18,46,12,35,0,0,0,0,0,0,0,0,18,46,18,46,12,35,0,0,0,0,0,0,0,0,18,46,18,46,12,35,0,0,0,0,0,0,0,0,18,46,18,46,12,35,0,0,0,0,0,0,0,0,18,46,18,46,12,35,0,0,0,0,0,0,0,0,18,46,18,46,18,46,0,0,0,0,0,0,0,0
238,900,100,900,0,100,0,1000,18,46,18,46,12,35,3808,14,0,0,0,0,3808,14,18,46,18,46,12,35,3808,14,0,0,0,0,3808,14,18,46,18,46,12,35,3808,14,0,0,0,0,3808,14,18,46,18,46,12,35,3808,14,0,0,0,0,3808,14,18,46,18,46,12,35,3808,14,0,0,0,0,3808,14,18,46,18,46,18,46,3808,14,0,0,0,0,3808,14
239,900,100,900,0,100,0,1000,18,46,18,46,12,35,0,0,0,0,0,0,0,0,18,46,18,46,12,35,0,0,0,0,0,0,0,0,18,46,18,46,12,35,0,0,0,0,0,0,0,0,18,46,18,46,12,35,0,0,0,0,0,0,0,0,18,46,18,46,12,35,0,0,0,0,0,0,0,0,18,46,18,46,18,46,0,0,0,0,0,0,0,0
240,900,100,900,0,100,0,1000,18,46,18,46,12,35,0,0,0,0,0,0,0,0,18,46,18,46,12,35,0,0,0,0,0,0,0,0,18,46,18,46,12,35,0,0,0,0,0,0,0,0,18,46,18,46,12,35,0,0,0,0,0,0,0,0,18,46,18,46,12,35,0,0,0,0,0,0,0,0,18,46,18,46,18,46,0,0,0,0,0,0,0,0
241,900,100,900,0,100,0,1000,18,46,18,46,12,35,0,0,0,0,0,0,0,0,18,46,18,46,12,35,0,0,0,0,0,0,0,0,18,46,18,46,12,35,0,0,0,0,0,0,0,0,18,46,18,46,12,35,0,0,0,0,0,0,0,0,18,46,18,46,12,35,0,0,0,0,0,0,0,0,18,46,18,46,18,46,0,0,0,0,0,0,0,0
242,900,100,900,0,100,0,1000,18,46,18,46,12,35,2992,11,0,0,0,0,2992,11,18,46,18,46,12,35,2992,11,0,0,0,0,2992,11,18,46,18,46,12,35,2992,11,0,0,0,0,2992,11,18,46,18,46,12,35,2992,11,0,0,0,0,2992,11,18,46,18,46,12,35,2992,11,0,0,0,0,2992,11,18,46,18,46,18,46,2992,11,0,0,0,0,2992,11
243,900,100,900,0,100,0,1000,18,46,18,46,12,35,0,0,0,0,0,0,0,0,18,46,18,46,12,35,0,0,0,0,0,0,0,0,18,46,18,46,12,35,0,0,0,0,0,0,0,0,18,46,18,46,12,35,0,0,0,0,0,0,0,0,18,46,18,46,12,35,0,0,0,0,0,0,0,0,18,46,18,46,18,46,0,0,0,0,0,0,0,0
244,900,100,900,0,100,0,1000,18,46,18,46,12,35,0,0,0,0,0,0,0,0,18,46,18,46,12,35,0,0,0,0,0,0,0,0,18,46,18,46,12,35,0,0,0,0,0,0,0,0,18,46,18,46,12,35,0,0,0,0,0,0,0,0,18,46,18,46,12,35,0,0,0,0,0,0,0,0,18,46,18,46,18,46,0,0,0,0,0,0,0,0
245,900,100,900,0,100,0,1000,18,46,18,46,12,35,0,0,0,0,0,0,0,0,18,46,18,46,12,35,0,0,0,0,0,0,0,0,18,46,18,46,12,35,0,0,0,0,0,0,0,0,18,46,18,46,12,35,0,0,0,0,0,0,0,0,18,46,18,46,12,35,0,0,0,0,0,0,0,0,18,46,18,46,18,46,0,0,0,0,0,0,0,0
246,900,100,900,0,100,0,1000,18,46,18,46,12,35,1360,5,0,0,0,0,1360,5,18,46,18,46,12,35,1360,5,0,0,0,0,1360,5,18,46,18,46,12,35,1360,5,0,0,0,0,1360,5,18,46,18,46,12,35,1360,5,0,0,0,0,1360,5,18,46,18,46,12,35,1360,5,0,0,0,0,1360,5,18,46,18,46,18,46,1360,5,0,0,0,0,1360,5
247,900,100,900,0,100,0,1000,18,46,18,46,12,35,0,0,0,0,0,0,0,0,18,46,18,46,12,35,0,0,0,0,0,0,0,0,18,46,18,46,12,35,0,0,0,0,0,0,0,0,18,46,18,46,12,35,0,0,0,0,0,0,0,0,18,46,18,46,12,35,0,0,0,0,0,0,0,0,18,46,18,46,18,46,0,0,0,0,0,0,0,0
248,0,1000,0,900,100,0,1000,18,46,18,46,12,35,0,0,0,0,0,0,0,0,18,46,18,46,12,35,0,0,0,0,0,0,0,0,18,46,18,46,12,35,0,0,0,0,0,0,0,0,18,46,18,46,12,35,0,0,0,0,0,0,0,0,18,46,18,46,12,35,0,0,0,0,0,0,0,0,18,46,18,46,18,46,0,0,0,0,0,0,0,0
249,0,1000,0,900,100,0,1000,18,46,18,46,12,35,599,1,599,1,0,0,0,0,18,46,18,46,12,35,599,1,599,1,0,0,0,0,18,46,18,46,12,35,599,1,599,1,0,0,0,0,18,46,18,46,12,35,599,1,599,1,0,0,0,0,18,46,18,46,12,35,599,1,599,1,0,0,0,0,18,46,18,46,18,46,599,1,599,1,0,0,0,0
250,0,1000,0,900,100,0,1000,18,46,18,46,12,35,3555,13,0,0,291,1,3264,12,18,46,18,46,12,35,3555,13,0,0,291,1,3264,12,18,46,18,46,12,35,3555,13,0,0,291,1,3264,12,18,46,18,46,12,35,3555,13,0,0,291,1,3264,12,18,46,18,46,12,35,3555,13,0,0,291,1,3264,12,18,46,18,46,18,46,3555,13,0,0,291,1,3264,12
251,0,1000,0,0,1000,0,1000,18,46,18,46,18,46,0,0,0,0,0,0,0,0,18,46,18,46,18,46,0,0,0,0,0,0,0,0,18,46,18,46,18,46,0,0,0,0,0,0,0,0,18,46,18,46,18,46,0,0,0,0,0,0,0,0,18,46,18,46,18,46,0,0,0,0,0,0,0,0,18,46,18,46,18,46,0,0,0,0,0,0,0,0
252,0,1000,0,0,1000,0,1000,18,46,18,46,18,46,0,0,0,0,0,0,0,0,18,46,18,46,18,46,0,0,0,0,0,0,0,0,18,46,18,46,18,46,0,0,0,0,0,0,0,0,18,46,18,46,18,46,0,0,0,0,0,0,0,0,18,46,18,46,18,46,0,0,0,0,0,0,0,0,18,46,18,46,18,46,0,0,0,0,0,0,0,0
253,0,1000,0,0,1000,0,1000,18,46,18,46,18,46,0,0,0,0,0,0,0,0,18,46,18,46,18,46,0,0,0,0,0,0,0,0,18,46,18,46,18,46,0,0,0,0,0,0,0,0,18,46,18,46,18,46,0,0,0,0,0,0,0,0,18,46,18,46,18,46,0,0,0,0,0,0,0,0,18,46,18,46,18,46,0,0,0,0,0,0,0,0
254,0,1000,0,0,1000,0,1000,19,62,19,62,18,46,27744,102,0,0,0,0,27744,102,19,62,19,62,18,46,27744,102,0,0,0,0,27744,102,19,62,19,62,18,46,27744,102,0,0,0,0,27744,102,19,62,19,62,18,46,27744,102,0,0,0,0,27744,102,19,62,19,62,18,46,27744,102,0,0,0,0,27744,102,19,62,19,62,18,46,27744,102,0,0,0,0,27744,102
255,0,1000,0,0,1000,0,1000,19,62,19,62,18,46,0,0,0,0,0,0,0,0,19,62,19,62,18,46,0,0,0,0,0,0,0,0,19,62,19,62,18,46,0,0,0,0,0,0,0,0,19,62,19,62,18,46,0,0,0,0,0,0,0,0,19,62,19,62,18,46,0,0,0,0,0,0,0,0,19,62,19,62,18,46,0,0,0,0,0,0,0,0
256,0,1000,0,0,1000,0,1000,19,62,19,62,18,46,0,0,0,0,0,0,0,0,19,62,19,62,18,46,0,0,0,0,0,0,0,0,19,62,19,62,18,46,0,0,0,0,0,0,0,0,19,62,19,62,18,46,0,0,0,0,0,0,0,0,19,62,19,62,18,46,0,0,0,0,0,0,0,0,19,62,19,62,18,46,0,0,0,0,0,0,0,0
257,0,1000,0,0,1000,0,1000,19,62,19,62,18,46,0,0,0,0,0,0,0,0,19,62,19,62,18,46,0,0,0,0,0,0,0,0,19,62,19,62,18,46,0,0,0,0,0,0,0,0,19,62,19,62,18,46,0,0,0,0,0,0,0,0,19,62,19,62,18,46,0,0,0,0,0,0,0,0,19,62,19,62,18,46,0,0,0,0,0,0,0,0
258,0,1000,0,0,1000,0,1000,19,62,19,62,18,46,22032,81,0,0,0,0,22032,81,19,62,19,62,18,46,22032,81,0,0,0,0,22032,81,19,62,19,62,18,46,22032,81,0,0,0,0,22032,81,19,62,19,62,18,46,22032,81,0,0,0,0,22032,81,19,62,19,62,18,46,22032,81,0,0,0,0,22032,81,19,62,19,62,18,46,22032,81,0,0,0,0,22032,81
259,0,1000,0,0,1000,0,1000,19,62,19,62,18,46,0,0,0,0,0,0,0,0,19,62,19,62,18,46,0,0,0,0,0,0,0,0,19,62,19,62,18,46,0,0,0,0,0,0,0,0,19,62,19,62,18,46,0,0,0,0,0,0,0,0,19,62,19,62,18,46,0,0,0,0,0,0,0,0,19,62,19,62,18,46,0,0,0,0,0,0,0,0
260,0,1000,0,0,1000,0,1000,19,62,19,62,18,46,0,0,0,0,0,0,0,0,19,62,19,62,18,46,0,0,0,0,0,0,0,0,19,62,19,62,18,46,0,0,0,0,0,0,0,0,19,62,19,62,18,46,0,0,0,0,0,0,0,0,19,62,19,62,18,46,0,0,0,0,0,0,0,0,19,62,19,62,18,46,0,0,0,0,0,0,0,0
261,0,1000,0,0,1000,0,1000,19,62,19,62,18,46,6061,2,6061,2,0,0,0,0,19,62,19,62,18,46,6061,2,6061,2,0,0,0,0,19,62,19,62,18,46,6061,2,6061,2,0,0,0,0,19,62,19,62,18,46,6061,2,6061,2,0,0,0,0,19,62,19,62,18,46,6061,2,6061,2,0,0,0,0,19,62,19,62,18,46,6061,2,6061,2,0,0,0,0
262,0,1000,0,0,1000,0,1000,20,65,20,65,18,46,24227,89,0,0,291,1,23936,88,20,65,20,65,18,46,24227,89,0,0,291,1,23936,88,20,65,20,65,18,46,24227,89,0,0,291,1,23936,88,20,65,20,65,18,46,24227,89,0,0,291,1,23936,88,20,65,20,65,18,46,24227,89,0,0,291,1,23936,88,20,65,20,65,18,46,24227,89,0,0,291,1,23936,88
263,0,1000,0,0,1000,0,1000,20,65,20,65,18,46,0,0,0,0,0,0,0,0,20,65,20,65,18,46,0,0,0,0,0,0,0,0,20,65,20,65,18,46,0,0,0,0,0,0,0,0,20,65,20,65,18,46,0,0,0,0,0,0,0,0,20,65,20,65,18,46,0,0,0,0,0,0,0,0,20,65,20,65,18,46,0,0,0,0,0,0,0,0
264,0,1000,0,0,1000,0,1000,20,65,20,65,18,46,0,0,0,0,0,0,0,0,20,65,20,65,18,46,0,0,0,0,0,0,0,0,20,65,20,65,18,46,0,0,0,0,0,0,0,0,20,65,20,65,18,46,0,0,0,0,0,0,0,0,20,65,20,65,18,46,0,0,0,0,0,0,0,0,20,65,20,65,18,46,0,0,0,0,0,0,0,0
265,0,1000,0,0,1000,0,1000,20,65,20,65,18,46,6508,2,6508,2,0,0,0,0,20,65,20,65,18,46,6508,2,6508,2,0,0,0,0,20,65,20,65,18,46,6508,2,6508,2,0,0,0,0,20,65,20,65,18,46,6508,2,6508,2,0,0,0,0,20,65,20,65,18,46,6508,2,6508,2,0,0,0,0,20,65,20,65,18,46,6508,2,6508,2,0,0,0,0
266,0,1000,0,0,1000,0,1000,21,66,21,66,18,46,29393,108,0,0,289,1,29104,107,21,66,21,66,18,46,29393,108,0,0,289,1,29104,107,21,66,21,66,18,46,29393,108,0,0,289,1,29104,107,21,66,21,66,18,46,29393,108,0,0,289,1,29104,107,21,66,21,66,18,46,29393,108,0,0,289,1,29104,107,21,66,21,66,18,46,29393,108,0,0,289,1,29104,107
267,0,1000,0,0,1000,0,1000,21,66,21,66,18,46,0,0,0,0,0,0,0,0,21,66,21,66,18,46,0,0,0,0,0,0,0,0,21,66,21,66,18,46,0,0,0,0,0,0,0,0,21,66,21,66,18,46,0,0,0,0,0,0,0,0,21,66,21,66,18,46,0,0,0,0,0,0,0,0,21,66,21,66,18,46,0,0,0,0,0,0,0,0
268,0,1000,0,0,1000,0,1000,21,66,21,66,18,46,0,0,0,0,0,0,0,0,21,66,21,66,18,46,0,0,0,0,0,0,0,0,21,66,21,66,18,46,0,0,0,0,0,0,0,0,21,66,21,66,18,46,0,0,0,0,0,0,0,0,21,66,21,66,18,46,0,0,0,0,0,0,0,0,21,66,21,66,18,46,0,0,0,0,0,0,0,0
269,0,1000,0,0,1000,0,1000,21,66,21,66,18,46,0,0,0,0,0,0,0,0,21,66,21,66,18,46,0,0,0,0,0,0,0,0,21,66,21,66,18,46,0,0,0,0,0,0,0,0,21,66,21,66,18,46,0,0,0,0,0,0,0,0,21,66,21,66,18,46,0,0,0,0,0,0,0,0,21,66,21,66,18,46,0,0,0,0,0,0,0,0
270,0,1000,0,0,1000,0,1000,21,66,21,66,18,46,28560,105,0,0,0,0,28560,105,21,66,21,66,18,46,28560,105,0,0,0,0,28560,105,21,66,21,66,18,46,28560,105,0,0,0,0,28560,105,21,66,21,66,18,46,28560,105,0,0,0,0,28560,105,21,66,21,66,18,46,28560,105,0,0,0,0,28560,105,21,66,21,66,18,46,28560,105,0,0,0,0,28560,105
271,0,1000,0,0,1000,0,1000,21,66,21,66,18,46,0,0,0,0,0,0,0,0,21,66,21,66,18,46,0,0,0,0,0,0,0,0,21,66,21,66,18,46,0,0,0,0,0,0,0,0,21,66,21,66,18,46,0,0,0,0,0,0,0,0,21,66,21,66,18,46,0,0,0,0,0,0,0,0,21,66,21,66,18,46,0,0,0,0,0,0,0,0
272,0,1000,0,0,1000,0,1000,21,66,21,66,18,46,0,0,0,0,0,0,0,0,21,66,21,66,18,46,0,0,0,0,0,0,0,0,21,66,21,66,18,46,0,0,0,0,0,0,0,0,21,66,21,66,18,46,0,0,0,0,0,0,0,0,21,66,21,66,18,46,0,0,0,0,0,0,0,0,21,66,21,66,18,46,0,0,0,0,0,0,0,0
273,0,1000,0,0,1000,0,1000,21,66,21,66,18,46,3799,1,3799,1,0,0,0,0,21,66,21,66,18,46,3799,1,3799,1,0,0,0,0,21,66,21,66,18,46,3799,1,3799,1,0,0,0,0,21,66,21,66,18,46,3799,1,3799,1,0,0,0,0,21,66,21,66,18,46,3799,1,3799,1,0,0,0,0,21,66,21,66,18,46,3799,1,3799,1,0,0,0,0
274,0,1000,0,0,1000,0,1000,22,68,22,68,18,46,24771,91,0,0,291,1,24480,90,22,68,22,68,18,46,24771,91,0,0,291,1,24480,90,22,68,22,68,18,46,24771,91,0,0,291,1,24480,90,22,68,22,68,18,46,24771,91,0,0,291,1,24480,90,22,68,22,68,18,46,24771,91,0,0,291,1,24480,90,22,68,22,68,18,46,24771,91,0,0,291,1,24480,90
275,0,1000,0,0,1000,0,1000,22,68,22,68,18,46,0,0,0,0,0,0,0,0,22,68,22,68,18,46,0,0,0,0,0,0,0,0,22,68,22,68,18,46,0,0,0,0,0,0,0,0,22,68,22,68,18,46,0,0,0,0,0,0,0,0,22,68,22,68,18,46,0,0,0,0,0,0,0,0,22,68,22,68,18,46,0,0,0,0,0,0,0,0
276,0,1000,0,0,1000,0,1000,22,68,22,68,18,46,0,0,0,0,0,0,0,0,22,68,22,68,18,46,0,0,0,0,0,0,0,0,22,68,22,68,18,46,0,0,0,0,0,0,0,0,22,68,22,68,18,46,0,0,0,0,0,0,0,0,22,68,22,68,18,46,0,0,0,0,0,0,0,0,22,68,22,68,18,46,0,0,0,0,0,0,0,0
277,0,1000,0,0,1000,0,1000,22,68,22,68,18,46,3319,1,3319,1,0,0,0,0,22,68,22,68,18,46,3319,1,3319,1,0,0,0,0,22,68,22,68,18,46,3319,1,3319,1,0,0,0,0,22,68,22,68,18,46,3319,1,3319,1,0,0,0,0,22,68,22,68,18,46,3319,1,3319,1,0,0,0,0,22,68,22,68,18,46,3319,1,3319,1,0,0,0,0
278,0,1000,0,0,1000,0,1000,23,69,23,69,18,46,26947,99,0,0,291,1,26656,98,23,69,23,69,18,46,26947,99,0,0,291,1,26656,98,23,69,23,69,18,46,26947,99,0,0,291,1,26656,98,23,69,23,69,18,46,26947,99,0,0,291,1,26656,98,23,69,23,69,18,46,26947,99,0,0,291,1,26656,98,23,69,23,69,18,46,26947,99,0,0,291,1,26656,98
279,0,1000,0,0,1000,0,1000,23,69,23,69,18,46,0,0,0,0,0,0,0,0,23,69,23,69,18,46,0,0,0,0,0,0,0,0,23,69,23,69,18,46,0,0,0,0,0,0,0,0,23,69,23,69,18,46,0,0,0,0,0,0,0,0,23,69,23,69,18,46,0,0,0,0,0,0,0,0,23,69,23,69,18,46,0,0,0,0,0,0,0,0
280,0,1000,0,0,1000,0,1000,23,69,23,69,18,46,0,0,0,0,0,0,0,0,23,69,23,69,18,46,0,0,0,0,0,0,0,0,23,69,23,69,18,46,0,0,0,0,0,0,0,0,23,69,23,69,18,46,0,0,0,0,0,0,0,0,23,69,23,69,18,46,0,0,0,0,0,0,0,0,23,69,23,69,18,46,0,0,0,0,0,0,0,0
281,0,1000,0,0,1000,0,1000,23,69,23,69,18,46,0,0,0,0,0,0,0,0,23,69,23,69,18,46,0,0,0,0,0,0,0,0,23,69,23,69,18,46,0,0,0,0,0,0,0,0,23,69,23,69,18,46,0,0,0,0,0,0,0,0,23,69,23,69,18,46,0,0,0,0,0,0,0,0,23,69,23,69,18,46,0,0,0,0,0,0,0,0
282,0,1000,0,0,1000,0,1000,23,69,23,69,18,46,26112,96,0,0,0,0,26112,96,23,69,23,69,18,46,26112,96,0,0,0,0,26112,96,23,69,23,69,18,46,26112,96,0,0,0,0,26112,96,23,69,23,69,18,46,26112,96,0,0,0,0,26112,96,23,69,23,69,18,46,26112,96,0,0,0,0,26112,96,23,69,23,69,18,46,26112,96,0,0,0,0,26112,96
283,0,1000,0,0,1000,0,1000,23,69,23,69,18,46,0,0,0,0,0,0,0,0,23,69,23,69,18,46,0,0,0,0,0,0,0,0,23,69,23,69,18,46,0,0,0,0,0,0,0,0,23,69,23,69,18,46,0,0,0,0,0,0,0,0,23,69,23,69,18,46,0,0,0,0,0,0,0,0,23,69,23,69,18,46,0,0,0,0,0,0,0,0
284,0,1000,0,0,1000,0,1000,23,69,23,69,18,46,0,0,0,0,0,0,0,0,23,69,23,69,18,46,0,0,0,0,0,0,0,0,23,69,23,69,18,46,0,0,0,0,0,0,0,0,23,69,23,69,18,46,0,0,0,0,0,0,0,0,23,69,23,69,18,46,0,0,0,0,0,0,0,0,23,69,23,69,18,46,0,0,0,0,0,0,0,0
285,0,1000,0,0,1000,0,1000,23,69,23,69,18,46,0,0,0,0,0,0,0,0,23,69,23,69,18,46,0,0,0,0,0,0,0,0,23,69,23,69,18,46,0,0,0,0,0,0,0,0,23,69,23,69,18,46,0,0,0,0,0,0,0,0,23,69,23,69,18,46,0,0,0,0,0,0,0,0,23,69,23,69,18,46,0,0,0,0,0,0,0,0
286,0,1000,0,0,1000,0,1000,23,69,23,69,18,46,30464,112,0,0,0,0,30464,112,23,69,23,69,18,46,30464,112,0,0,0,0,30464,112,23,69,23,69,18,46,30464,112,0,0,0,0,30464,112,23,69,23,69,18,46,30464,112,0,0,0,0,30464,112,23,69,23,69,18,46,30464,112,0,0,0,0,30464,112,23,69,23,69,18,46,30464,112,0,0,0,0,30464,112
287,0,1000,0,0,1000,0,1000,23,69,23,69,18,46,0,0,0,0,0,0,0,0,23,69,23,69,18,46,0,0,0,0,0,0,0,0,23,69,23,69,18,46,0,0,0,0,0,0,0,0,23,69,23,69,18,46,0,0,0,0,0,0,0,0,23,69,23,69,18,46,0,0,0,0,0,0,0,0,23,69,23,69,18,46,0,0,0,0,0,0,0,0
288,0,1000,0,0,1000,0,1000,23,69,23,69,18,46,0,0,0,0,0,0,0,0,23,69,23,69,18,46,0,0,0,0,0,0,0,0,23,69,23,69,18,46,0,0,0,0,0,0,0,0,23,69,23,69,18,46,0,0,0,0,0,0,0,0,23,69,23,69,18,46,0,0,0,0,0,0,0,0,23,69,23,69,18,46,0,0,0,0,0,0,0,0
289,0,1000,0,0,1000,0,1000,23,69,23,69,18,46,4023,1,4023,1,0,0,0,0,23,69,23,69,18,46,4023,1,4023,1,0,0,0,0,23,69,23,69,18,46,4023,1,4023,1,0,0,0,0,23,69,23,69,18,46,4023,1,4023,1,0,0,0,0,23,69,23,69,18,46,4023,1,4023,1,0,0,0,0,23,69,23,69,18,46,4023,1,4023,1,0,0,0,0
290,0,1000,0,0,1000,0,1000,24,72,24,72,18,46,31571,116,0,0,291,1,31280,115,24,72,24,72,18,46,31571,116,0,0,291,1,31280,115,24,72,24,72,18,46,31571,116,0,0,291,1,31280,115,24,72,24,72,18,46,31571,116,0,0,291,1,31280,115,24,72,24,72,18,46,31571,116,0,0,291,1,31280,115,24,72,24,72,18,46,31571,116,0,0,291,1,31280,115
291,0,1000,0,0,1000,0,1000,24,72,24,72,19,62,0,0,0,0,0,0,0,0,24,72,24,72,19,62,0,0,0,0,0,0,0,0,24,72,24,72,19,62,0,0,0,0,0,0,0,0,24,72,24,72,19,62,0,0,0,0,0,0,0,0,24,72,24,72,19,62,0,0,0,0,0,0,0,0,24,72,24,72,19,62,0,0,0,0,0,0,0,0
292,0,1000,0,0,1000,0,1000,24,72,24,72,19,62,0,0,0,0,0,0,0,0,24,72,24,72,19,62,0,0,0,0,0,0,0,0,24,72,24,72,19,62,0,0,0,0,0,0,0,0,24,72,24,72,19,62,0,0,0,0,0,0,0,0,24,72,24,72,19,62,0,0,0,0,0,0,0,0,24,72,24,72,19,62,0,0,0,0,0,0,0,0
293,0,1000,0,0,1000,0,1000,24,72,24,72,19,62,0,0,0,0,0,0,0,0,24,72,24,72,19,62,0,0,0,0,0,0,0,0,24,72,24,72,19,62,0,0,0,0,0,0,0,0,24,72,24,72,19,62,0,0,0,0,0,0,0,0,24,72,24,72,19,62,0,0,0,0,0,0,0,0,24,72,24,72,19,62,0,0,0,0,0,0,0,0
294,0,1000,0,0,1000,0,1000,24,72,24,72,19,62,26928,99,0,0,0,0,26928,99,24,72,24,72,19,62,26928,99,0,0,0,0,26928,99,24,72,24,72,19,62,26928,99,0,0,0,0,26928,99,24,72,24,72,19,62,26928,99,0,0,0,0,26928,99,24,72,24,72,19,62,26928,99,0,0,0,0,26928,99,24,72,24,72,19,62,26928,99,0,0,0,0,26928,99
295,0,1000,0,0,1000,0,1000,24,72,24,72,19,62,0,0,0,0,0,0,0,0,24,72,24,72,19,62,0,0,0,0,0,0,0,0,24,72,24,72,19,62,0,0,0,0,0,0,0,0,24,72,24,72,19,62,0,0,0,0,0,0,0,0,24,72,24,72,19,62,0,0,0,0,0,0,0,0,24,72,24,72,19,62,0,0,0,0,0,0,0,0
296,0,1000,0,0,1000,0,1000,24,72,24,72,19,62,0,0,0,0,0,0,0,0,24,72,24,72,19,62,0,0,0,0,0,0,0,0,24,72,24,72,19,62,0,0,0,0,0,0,0,0,24,72,24,72,19,62,0,0,0,0,0,0,0,0,24,72,24,72,19,62,0,0,0,0,0,0,0,0,24,72,24,72,19,62,0,0,0,0,0,0,0,0
297,0,1000,0,0,1000,0,1000,24,72,24,72,19,62,0,0,0,0,0,0,0,0,24,72,24,72,19,62,0,0,0,0,0,0,0,0,24,72,24,72,19,62,0,0,0,0,0,0,0,0,24,72,24,72,19,62,0,0,0,0,0,0,0,0,24,72,24,72,19,62,0,0,0,0,0,0,0,0,24,72,24,72,19,62,0,0,0,0,0,0,0,0
298,0,1000,0,0,1000,0,1000,24,72,24,72,19,62,26112,96,0,0,0,0,26112,96,24,72,24,72,19,62,26112,96,0,0,0,0,26112,96,24,72,24,72,19,62,26112,96,0,0,0,0,26112,96,24,72,24,72,19,62,26112,96,0,0,0,0,26112,96,24,72,24,72,19,62,26112,96,0,0,0,0,26112,96,24,72,24,72,19,62,26112,96,0,0,0,0,26112,96
299,0,1000,0,0,1000,0,1000,24,72,24,72,19,62,0,0,0,0,0,0,0,0,24,72,24,72,19,62,0,0,0,0,0,0,0,0,24,72,24,72,19,62,0,0,0,0,0,0,0,0,24,72,24,72,19,62,0,0,0,0,0,0,0,0,24,72,24,72,19,62,0,0,0,0,0,0,0,0,24,72,24,72,19,62,0,0,0,0,0,0,0,0
300,0,1000,0,0,1000,0,1000,24,72,24,72,19,62,0,0,0,0,0,0,0,0,24,72,24,72,19,62,0,0,0,0,0,0,0,0,24,72,24,72,19,62,0,0,0,0,0,0,0,0,24,72,24,72,19,62,0,0,0,0,0,0,0,0,24,72,24,72,19,62,0,0,0,0,0,0,0,0,24,72,24,72,19,62,0,0,0,0,0,0,0,0
301,0,1000,0,0,1000,0,1000,24,72,24,72,19,62,3511,1,3511,1,0,0,0,0,24,72,24,72,19,62,3511,1,3511,1,0,0,0,0,24,72,24,72,19,62,3511,1,3511,1,0,0,0,0,24,72,24,72,19,62,3511,1,3511,1,0,0,0,0,24,72,24,72,19,62,3511,1,3511,1,0,0,0,0,24,72,24,72,19,62,3511,1,3511,1,0,0,0,0
302,0,1000,0,0,1000,0,1000,25,75,25,75,19,62,27219,100,0,0,291,1,26928,99,25,75,25,75,19,62,27219,100,0,0,291,1,26928,99,25,75,25,75,19,62,27219,100,0,0,291,1,26928,99,25,75,25,75,19,62,27219,100,0,0,291,1,26928,99,25,75,25,75,19,62,27219,100,0,0,291,1,26928,99,25,75,25,75,19,62,27219,100,0,0,291,1,26928,99
303,0,1000,0,0,1000,0,1000,25,75,25,75,20,65,0,0,0,0,0,0,0,0,25,75,25,75,20,65,0,0,0,0,0,0,0,0,25,75,25,75,20,65,0,0,0,0,0,0,0,0,25,75,25,75,20,65,0,0,0,0,0,0,0,0,25,75,25,75,20,65,0,0,0,0,0,0,0,0,25,75,25,75,20,65,0,0,0,0,0,0,0,0

digraph G {
  rankdir=BT;
  style=filled;
  color=lightgrey;
  node [shape=box,style=filled,color=white];
  b_HNgUGuFK7j [label="H(NgUGuFK+7j)\nt=9 id=894"];
  b_HpYxuj0Y5m3 [label="H(pYxuj0Y5m3)\nt=35 id=332"];
  b_Hj7DfPbI9R8 [label="H(j7DfPbI9R8)\nt=16 id=655"];
  b_HRC2uf11NhR [label="H(RC2uf11NhR)\nt=14 id=540"];
  b_HTfzcdhpPZu [label="H(TfzcdhpPZu)\nt=33 id=428"];
  b_HoQvIEW3vvE [label="H(oQvIEW3vvE)\nt=39 id=87"];
  b_HCWXgpKdh8C [label="H(CWXgpKdh8C)\nt=3 id=451"];
  b_HGmgrLU9SV9 [label="H(GmgrLU9SV9)\nt=15 id=116"];
  b_H33dLMAQRKv [label="H(33dLMAQRKv)\nt=34 id=866"];
  b_HQD3xfEish [label="H(QD3xfE/ish)\nt=68 id=513"];
  b_HE4ccLTaKN [label="H(+E4ccLTaKN)\nt=75 id=406"];
  b_H4vUvTZpVB4 [label="H(4vUvTZpVB4)\nt=1 id=399"];
  b_HKLHQ64HZz [label="H(KLH+Q64HZz)\nt=40 id=669"];
  b_HrCMFsxFAVm [label="H(rCMFsxFAVm)\nt=62 id=326"];
  b_HClueAF7qB [label="H(ClueA+F7qB)\nt=66 id=4"];
  b_HqtA1l9Z2gU [label="H(qtA1l9Z2gU)\nt=6 id=228"];
  b_HZkFRZZapQZ [label="H(ZkFRZZapQZ)\nt=10 id=652"];
  b_H3zCqF7SLRZ [label="H(3zCqF7SLRZ)\nt=46 id=926"];
  b_HOKh8L2yyby [label="H(OKh8L2yyby)\nt=37 id=629"];
  b_HpqwW7BXVwz [label="H(pqwW7BXVwz)\n"];
  b_HdZy4mH4pIq [label="H(dZy4mH4pIq)\nt=65 id=311"];
  b_Hjtb2cZTOg [label="H(jtb2cZTO+g)\nt=69 id=613"];
  b_HnpARg3NZ1t [label="H(npARg3NZ1t)\nt=72 id=455"];
  b_Hoe6UEU94bq [label="H(oe6UEU94bq)\nt=32 id=272"];
  b_HCcIJX4dq6M [label="H(CcIJX4dq6M)\nt=41 id=242"];
  b_HkYxYtbgX8b [label="H(kYxYtbgX8b)\nt=36 id=77"];
  b_HNgUGuFK7j -> b_HqtA1l9Z2gU;
  b_HpYxuj0Y5m3 -> b_H33dLMAQRKv;
  b_Hj7DfPbI9R8 -> b_HGmgrLU9SV9;
  b_HRC2uf11NhR -> b_HZkFRZZapQZ;
  b_HTfzcdhpPZu -> b_Hoe6UEU94bq;
  b_HoQvIEW3vvE -> b_HOKh8L2yyby;
  b_HCWXgpKdh8C -> b_H4vUvTZpVB4;
  b_HGmgrLU9SV9 -> b_HRC2uf11NhR;
  b_H33dLMAQRKv -> b_HTfzcdhpPZu;
  b_HQD3xfEish -> b_HClueAF7qB;
  b_HE4ccLTaKN -> b_HnpARg3NZ1t;
  b_H4vUvTZpVB4 -> b_HpqwW7BXVwz;
  b_HKLHQ64HZz -> b_HoQvIEW3vvE;
  b_HrCMFsxFAVm -> b_H3zCqF7SLRZ;
  b_HClueAF7qB -> b_HdZy4mH4pIq;
  b_HqtA1l9Z2gU -> b_HCWXgpKdh8C;
  b_HZkFRZZapQZ -> b_HNgUGuFK7j;
  b_H3zCqF7SLRZ -> b_HCcIJX4dq6M;
  b_HOKh8L2yyby -> b_HkYxYtbgX8b;
  b_HdZy4mH4pIq -> b_HrCMFsxFAVm;
  b_Hjtb2cZTOg -> b_HQD3xfEish;
  b_HnpARg3NZ1t -> b_Hjtb2cZTOg;
  b_Hoe6UEU94bq -> b_Hj7DfPbI9R8;
  b_HCcIJX4dq6M -> b_HKLHQ64HZz;
  b_HkYxYtbgX8b -> b_HpYxuj0Y5m3;
  v_HmJTK5uUiU3 [label="id=123 t=75"];
  v_HmJTK5uUiU3 -> b_HE4ccLTaKN;
  v_HBzT4soUm4 [label="id=119 t=75"];
  v_HBzT4soUm4 -> b_HE4ccLTaKN;
  v_HMgxWFKJxei [label="id=941 t=75"];
  v_HMgxWFKJxei -> b_HE4ccLTaKN;
  v_HaEDciVhiOk [label="id=94 t=75"];
  v_HaEDciVhiOk -> b_HE4ccLTaKN;
  v_H1g4lZGHL6 [label="id=589 t=75"];
  v_H1g4lZGHL6 -> b_HE4ccLTaKN;
  v_Huj3HqMA2u [label="id=150 t=75"];
  v_Huj3HqMA2u -> b_HE4ccLTaKN;
  v_HtUuMY3tP2u [label="id=710 t=75"];
  v_HtUuMY3tP2u -> b_HE4ccLTaKN;
  v_HBrCW0X0HBi [label="id=189 t=75"];
  v_HBrCW0X0HBi -> b_HE4ccLTaKN;
  v_HNhPENbzgJd [label="id=248 t=75"];
  v_HNhPENbzgJd -> b_HE4ccLTaKN;
  v_HTS8F3o5Vi [label="id=311 t=75"];
  v_HTS8F3o5Vi -> b_HE4ccLTaKN;
  v_HBokHRH0qx [label="id=83 t=75"];
  v_HBokHRH0qx -> b_HE4ccLTaKN;
  v_HVYkBFyyiB [label="id=950 t=75"];
  v_HVYkBFyyiB -> b_HE4ccLTaKN;
  v_H8nTNTPDDM [label="id=966 t=75"];
  v_H8nTNTPDDM -> b_HE4ccLTaKN;
  v_HuElvQJtShM [label="id=651 t=75"];
  v_HuElvQJtShM -> b_HE4ccLTaKN;
  v_Hd8uqnalYlG [label="id=697 t=75"];
  v_Hd8uqnalYlG -> b_HE4ccLTaKN;
  v_H590FnJgtAL [label="id=265 t=75"];
  v_H590FnJgtAL -> b_HE4ccLTaKN;
  v_HPfAUPXktwu [label="id=220 t=75"];
  v_HPfAUPXktwu -> b_HE4ccLTaKN;
  v_HqPGZHc9Fx5 [label="id=554 t=75"];
  v_HqPGZHc9Fx5 -> b_HE4ccLTaKN;
  v_HW8vyf86lG [label="id=356 t=75"];
  v_HW8vyf86lG -> b_HE4ccLTaKN;
  v_HxVTHo1kv34 [label="id=509 t=75"];
  v_HxVTHo1kv34 -> b_HE4ccLTaKN;
  v_HWucS9AXwwI [label="id=17 t=75"];
  v_HWucS9AXwwI -> b_HE4ccLTaKN;
  v_HZHlnfRHcsL [label="id=41 t=75"];
  v_HZHlnfRHcsL -> b_HE4ccLTaKN;
  v_HlMEbAy9wg1 [label="id=685 t=75"];
  v_HlMEbAy9wg1 -> b_HE4ccLTaKN;
  v_HUjsxraWBxW [label="id=945 t=75"];
  v_HUjsxraWBxW -> b_HE4ccLTaKN;
  v_HKdn5UxCcaf [label="id=13 t=75"];
  v_HKdn5UxCcaf -> b_HE4ccLTaKN;
  v_H0eDJbevD9a [label="id=338 t=75"];
  v_H0eDJbevD9a -> b_HE4ccLTaKN;
  v_HT2qk0HKI8 [label="id=543 t=75"];
  v_HT2qk0HKI8 -> b_HE4ccLTaKN;
  v_Hu7pFQKdTwC [label="id=20 t=75"];
  v_Hu7pFQKdTwC -> b_HE4ccLTaKN;
  v_HKd4ch87LFv [label="id=517 t=75"];
  v_HKd4ch87LFv -> b_HE4ccLTaKN;
  v_H9uL2ygWQvW [label="id=879 t=75"];
  v_H9uL2ygWQvW -> b_HE4ccLTaKN;
  v_HirKi6u6Cce [label="id=97 t=75"];
  v_HirKi6u6Cce -> b_HE4ccLTaKN;
  v_HjxZKaDFM1t [label="id=542 t=75"];
  v_HjxZKaDFM1t -> b_HE4ccLTaKN;
  v_HMV9v3iyQIR [label="id=383 t=75"];
  v_HMV9v3iyQIR -> b_HE4ccLTaKN;
  v_H07Xuq58Z0 [label="id=551 t=75"];
  v_H07Xuq58Z0 -> b_HE4ccLTaKN;
  v_H3ibWf03iHp [label="id=841 t=75"];
  v_H3ibWf03iHp -> b_HE4ccLTaKN;
  v_HciFPK8dUs4 [label="id=169 t=75"];
  v_HciFPK8dUs4 -> b_HE4ccLTaKN;
  v_H27exFJFKR [label="id=111 t=75"];
  v_H27exFJFKR -> b_HE4ccLTaKN;
  v_HY27WtvCfSD [label="id=390 t=75"];
  v_HY27WtvCfSD -> b_HE4ccLTaKN;
  v_HTVzEknHMOC [label="id=417 t=75"];
  v_HTVzEknHMOC -> b_HE4ccLTaKN;
  v_HNLTZ4fnS5B [label="id=15 t=75"];
  v_HNLTZ4fnS5B -> b_HE4ccLTaKN;
  v_Hvy84RrBpIk [label="id=70 t=75"];
  v_Hvy84RrBpIk -> b_HE4ccLTaKN;
  v_H4IX4oL0epX [label="id=66 t=75"];
  v_H4IX4oL0epX -> b_HE4ccLTaKN;
  v_HePCmoIijzc [label="id=470 t=75"];
  v_HePCmoIijzc -> b_HE4ccLTaKN;
  v_Haok58Db8N2 [label="id=894 t=75"];
  v_Haok58Db8N2 -> b_HE4ccLTaKN;
  v_HPyLDEQpaI [label="id=75 t=75"];
  v_HPyLDEQpaI -> b_HE4ccLTaKN;
  v_H8bTl9sWSgp [label="id=90 t=75"];
  v_H8bTl9sWSgp -> b_HE4ccLTaKN;
  v_HJyeaPwkKMr [label="id=126 t=75"];
  v_HJyeaPwkKMr -> b_HE4ccLTaKN;
  v_HGFaehNU0Wo [label="id=323 t=75"];
  v_HGFaehNU0Wo -> b_HE4ccLTaKN;
  v_Hj36cg2BdZ [label="id=255 t=75"];
  v_Hj36cg2BdZ -> b_HE4ccLTaKN;
  v_HXBRRmyM7jo [label="id=783 t=75"];
  v_HXBRRmyM7jo -> b_HE4ccLTaKN;
  v_HeM3e4UchKA [label="id=901 t=75"];
  v_HeM3e4UchKA -> b_HE4ccLTaKN;
  v_Hi7ZjpW9cr4 [label="id=268 t=75"];
  v_Hi7ZjpW9cr4 -> b_HE4ccLTaKN;
  v_HahrJnH9y3O [label="id=272 t=75"];
  v_HahrJnH9y3O -> b_HE4ccLTaKN;
  v_H3NvK4igpsU [label="id=891 t=75"];
  v_H3NvK4igpsU -> b_HE4ccLTaKN;
  v_HKNQycsgvkk [label="id=857 t=75"];
  v_HKNQycsgvkk -> b_HE4ccLTaKN;
  v_H8UxmTRoAEZ [label="id=170 t=75"];
  v_H8UxmTRoAEZ -> b_HE4ccLTaKN;
  v_HhcrzbbJKV [label="id=236 t=75"];
  v_HhcrzbbJKV -> b_HE4ccLTaKN;
  v_HEnn8ODwq1v [label="id=139 t=75"];
  v_HEnn8ODwq1v -> b_HE4ccLTaKN;
  v_HzF2juMWMzK [label="id=994 t=75"];
  v_HzF2juMWMzK -> b_HE4ccLTaKN;
  v_HyDgGMITLUf [label="id=723 t=75"];
  v_HyDgGMITLUf -> b_HE4ccLTaKN;
  v_Hf3VSfeDqf1 [label="id=239 t=75"];
  v_Hf3VSfeDqf1 -> b_HE4ccLTaKN;
  v_HKPoL7mYpP [label="id=410 t=75"];
  v_HKPoL7mYpP -> b_HE4ccLTaKN;
  v_HOPAiTnEKJ [label="id=116 t=75"];
  v_HOPAiTnEKJ -> b_HE4ccLTaKN;
  v_HPrkxHBWGRy [label="id=959 t=75"];
  v_HPrkxHBWGRy -> b_HE4ccLTaKN;
  v_HdFJaQUHHj [label="id=140 t=75"];
  v_HdFJaQUHHj -> b_HE4ccLTaKN;
  v_HtG427eqsgN [label="id=447 t=75"];
  v_HtG427eqsgN -> b_HE4ccLTaKN;
  v_HimkdffELeO [label="id=43 t=75"];
  v_HimkdffELeO -> b_HE4ccLTaKN;
  v_HD2ETYHydH [label="id=453 t=75"];
  v_HD2ETYHydH -> b_HE4ccLTaKN;
  v_HdYswDxWg4 [label="id=550 t=75"];
  v_HdYswDxWg4 -> b_HE4ccLTaKN;
  v_Hots4k4RtUY [label="id=365 t=75"];
  v_Hots4k4RtUY -> b_HE4ccLTaKN;
  v_Hy9fKTRqKMC [label="id=81 t=75"];
  v_Hy9fKTRqKMC -> b_HE4ccLTaKN;
  v_Htx8GayEO6v [label="id=896 t=75"];
  v_Htx8GayEO6v -> b_HE4ccLTaKN;
  v_H5TW0PA9kSS [label="id=250 t=75"];
  v_H5TW0PA9kSS -> b_HE4ccLTaKN;
  v_HCzUOssdrQC [label="id=212 t=75"];
  v_HCzUOssdrQC -> b_HE4ccLTaKN;
  v_HOv1a3FdY0 [label="id=654 t=75"];
  v_HOv1a3FdY0 -> b_HE4ccLTaKN;
  v_HEP8alrEcOZ [label="id=575 t=75"];
  v_HEP8alrEcOZ -> b_HE4ccLTaKN;
  v_H5hJd3WTMxF [label="id=667 t=75"];
  v_H5hJd3WTMxF -> b_HE4ccLTaKN;
  v_HqNgk7mBe6 [label="id=803 t=75"];
  v_HqNgk7mBe6 -> b_HE4ccLTaKN;
  v_Hhq1Q6QoNc [label="id=548 t=75"];
  v_Hhq1Q6QoNc -> b_HE4ccLTaKN;
  v_Hcd31bUk2H [label="id=541 t=75"];
  v_Hcd31bUk2H -> b_HE4ccLTaKN;
  v_HtyPVTFCXZ4 [label="id=230 t=75"];
  v_HtyPVTFCXZ4 -> b_HE4ccLTaKN;
  v_HMLrHoyaph [label="id=599 t=75"];
  v_HMLrHoyaph -> b_HE4ccLTaKN;
  v_HxmWfOmu7Cr [label="id=664 t=75"];
  v_HxmWfOmu7Cr -> b_HE4ccLTaKN;
  v_HVzpsniRVW9 [label="id=670 t=75"];
  v_HVzpsniRVW9 -> b_HE4ccLTaKN;
  v_HcqmyHXDs2m [label="id=613 t=75"];
  v_HcqmyHXDs2m -> b_HE4ccLTaKN;
  v_Hsl6knlU8b [label="id=218 t=75"];
  v_Hsl6knlU8b -> b_HE4ccLTaKN;
  v_H4F4TCQGLV3 [label="id=14 t=75"];
  v_H4F4TCQGLV3 -> b_HE4ccLTaKN;
  v_HFDFLRs4hMd [label="id=244 t=75"];
  v_HFDFLRs4hMd -> b_HE4ccLTaKN;
  v_HCd5CoWds [label="id=986 t=75"];
  v_HCd5CoWds -> b_HE4ccLTaKN;
  v_HzsEO2PVWrx [label="id=898 t=75"];
  v_HzsEO2PVWrx -> b_HE4ccLTaKN;
  v_HzSPbCNSnQd [label="id=873 t=75"];
  v_HzSPbCNSnQd -> b_HE4ccLTaKN;
  v_HAW7my8fDvp [label="id=671 t=75"];
  v_HAW7my8fDvp -> b_HE4ccLTaKN;
  v_HU1WVYaR3Q [label="id=327 t=75"];
  v_HU1WVYaR3Q -> b_HE4ccLTaKN;
  v_HTMh1TN656 [label="id=744 t=75"];
  v_HTMh1TN656 -> b_HE4ccLTaKN;
  v_HC3yLQosgGx [label="id=535 t=75"];
  v_HC3yLQosgGx -> b_HE4ccLTaKN;
  v_HP89GHFI3qg [label="id=486 t=75"];
  v_HP89GHFI3qg -> b_HE4ccLTaKN;
  v_HGHEGOII6a9 [label="id=963 t=75"];
  v_HGHEGOII6a9 -> b_HE4ccLTaKN;
  v_Hj6YCpudzW [label="id=812 t=75"];
  v_Hj6YCpudzW -> b_HE4ccLTaKN;
  v_HzYwk9DNJ8g [label="id=824 t=75"];
  v_HzYwk9DNJ8g -> b_HE4ccLTaKN;
}


ALWAYS AWAKE final ledgers: 25 75 25 75 20 65
ALWAYS AWAKE total communication: 1391921 4758
ALWAYS AWAKE blocks communication: 7267 25
ALWAYS AWAKE votes communication: 1278400 4700
ALWAYS AWAKE proposals communication: 106254 33
