r,n_asleep,n_awake,n_honest_asleep,n_honest_dreamy,n_honest_awake,n_adversary,n_all,party0_ledger_best_length,party0_ledger_best_age,party0_ledger_fast_length,party0_ledger_fast_age,party0_ledger_slow_length,party0_ledger_slow_age,party0_comms_all_size,party0_comms_all_count,party0_comms_proposal_size,party0_comms_proposal_count,party0_comms_piece_block_size,party0_comms_piece_block_count,party0_comms_piece_vote_size,party0_comms_piece_vote_count,party1_ledger_best_length,party1_ledger_best_age,party1_ledger_fast_length,party1_ledger_fast_age,party1_ledger_slow_length,party1_ledger_slow_age,party1_comms_all_size,party1_comms_all_count,party1_comms_proposal_size,party1_comms_proposal_count,party1_comms_piece_block_size,party1_comms_piece_block_count,party1_comms_piece_vote_size,party1_comms_piece_vote_count,party2_ledger_best_length,party2_ledger_best_age,party2_ledger_fast_length,party2_ledger_fast_age,party2_ledger_slow_length,party2_ledger_slow_age,party2_comms_all_size,party2_comms_all_count,party2_comms_proposal_size,party2_comms_proposal_count,party2_comms_piece_block_size,party2_comms_piece_block_count,party2_comms_piece_vote_size,party2_comms_piece_vote_count,party3_ledger_best_length,party3_ledger_best_age,party3_ledger_fast_length,party3_ledger_fast_age,party3_ledger_slow_length,party3_ledger_slow_age,party3_comms_all_size,party3_comms_all_count,party3_comms_proposal_size,party3_comms_proposal_count,party3_comms_piece_block_size,party3_comms_piece_block_count,party3_comms_piece_vote_size,party3_comms_piece_vote_count,party4_ledger_best_length,party4_ledger_best_age,party4_ledger_fast_length,party4_ledger_fast_age,party4_ledger_slow_length,party4_ledger_slow_age,party4_comms_all_size,party4_comms_all_count,party4_comms_proposal_size,party4_comms_proposal_count,party4_comms_piece_block_size,party4_comms_piece_block_count,party4_comms_piece_vote_size,party4_comms_piece_vote_count,partyALWAYSAWAKE_ledger_best_length,partyALWAYSAWAKE_ledger_best_age,partyALWAYSAWAKE_ledger_fast_length,partyALWAYSAWAKE_ledger_fast_age,partyALWAYSAWAKE_ledger_slow_length,partyALWAYSAWAKE_ledger_slow_age,partyALWAYSAWAKE_comms_all_size,partyALWAYSAWAKE_comms_all_count,partyALWAYSAWAKE_comms_proposal_size,partyALWAYSAWAKE_comms_proposal_count,partyALWAYSAWAKE_comms_piece_block_size,partyALWAYSAWAKE_comms_piece_block_count,partyALWAYSAWAKE_comms_piece_vote_size,partyALWAYSAWAKE_comms_piece_vote_count
4,0,1000,0,0,1000,0,1000,0,0,0,0,0,0,0,0,0,0,0,0,0,0,0,0,0,0,0,0,0,0,0,0,0,0,0,0,0,0,0,0,0,0,0,0,0,0,0,0,0,0,0,0,0,0,0,0,0,0,0,0,0,0,0,0,0,0,0,0,0,0,0,0,0,0,0,0,0,0,0,0,0,0,0,0,0,0,0,0,0,0,0,0
5,0,1000,0,0,1000,0,1000,0,0,0,0,0,0,160875,2,160875,2,0,0,0,0,0,0,0,0,0,0,160875,2,160875,2,0,0,0,0,0,0,0,0,0,0,160875,2,160875,2,0,0,0,0,0,0,0,0,0,0,160875,2,160875,2,0,0,0,0,0,0,0,0,0,0,160875,2,160875,2,0,0,0,0,0,0,0,0,0,0,160875,2,160875,2,0,0,0,0
6,0,1000,0,0,1000,0,1000,1,1,1,1,0,0,107489,101,0,0,80289,1,27200,100,1,1,1,1,0,0,107489,101,0,0,80289,1,27200,100,1,1,1,1,0,0,107489,101,0,0,80289,1,27200,100,1,1,1,1,0,0,107489,101,0,0,80289,1,27200,100,1,1,1,1,0,0,107489,101,0,0,80289,1,27200,100,1,1,1,1,0,0,107489,101,0,0,80289,1,27200,100
7,0,1000,0,0,1000,0,1000,1,1,1,1,0,0,0,0,0,0,0,0,0,0,1,1,1,1,0,0,0,0,0,0,0,0,0,0,1,1,1,1,0,0,0,0,0,0,0,0,0,0,1,1,1,1,0,0,0,0,0,0,0,0,0,0,1,1,1,1,0,0,0,0,0,0,0,0,0,0,1,1,1,1,0,0,0,0,0,0,0,0,0,0
8,0,1000,0,0,1000,0,1000,1,1,1,1,0,0,0,0,0,0,0,0,0,0,1,1,1,1,0,0,0,0,0,0,0,0,0,0,1,1,1,1,0,0,0,0,0,0,0,0,0,0,1,1,1,1,0,0,0,0,0,0,0,0,0,0,1,1,1,1,0,0,0,0,0,0,0,0,0,0,1,1,1,1,0,0,0,0,0,0,0,0,0,0
9,0,1000,0,0,1000,0,1000,1,1,1,1,0,0,83638,1,83638,1,0,0,0,0,1,1,1,1,0,0,83638,1,83638,1,0,0,0,0,1,1,1,1,0,0,83638,1,83638,1,0,0,0,0,1,1,1,1,0,0,83638,1,83638,1,0,0,0,0,1,1,1,1,0,0,83638,1,83638,1,0,0,0,0,1,1,1,1,0,0,83638,1,83638,1,0,0,0,0
10,0,1000,0,0,1000,0,1000,2,2,2,2,0,0,107218,100,0,0,80290,1,26928,99,2,2,2,2,0,0,107218,100,0,0,80290,1,26928,99,2,2,2,2,0,0,107218,100,0,0,80290,1,26928,99,2,2,2,2,0,0,107218,100,0,0,80290,1,26928,99,2,2,2,2,0,0,107218,100,0,0,80290,1,26928,99,2,2,2,2,0,0,107218,100,0,0,80290,1,26928,99
11,0,1000,0,0,1000,0,1000,2,2,2,2,0,0,0,0,0,0,0,0,0,0,2,2,2,2,0,0,0,0,0,0,0,0,0,0,2,2,2,2,0,0,0,0,0,0,0,0,0,0,2,2,2,2,0,0,0,0,0,0,0,0,0,0,2,2,2,2,0,0,0,0,0,0,0,0,0,0,2,2,2,2,0,0,0,0,0,0,0,0,0,0
12,0,1000,0,0,1000,0,1000,2,2,2,2,0,0,0,0,0,0,0,0,0,0,2,2,2,2,0,0,0,0,0,0,0,0,0,0,2,2,2,2,0,0,0,0,0,0,0,0,0,0,2,2,2,2,0,0,0,0,0,0,0,0,0,0,2,2,2,2,0,0,0,0,0,0,0,0,0,0,2,2,2,2,0,0,0,0,0,0,0,0,0,0
13,0,1000,0,0,1000,0,1000,2,2,2,2,0,0,83606,1,83606,1,0,0,0,0,2,2,2,2,0,0,83606,1,83606,1,0,0,0,0,2,2,2,2,0,0,83606,1,83606,1,0,0,0,0,2,2,2,2,0,0,83606,1,83606,1,0,0,0,0,2,2,2,2,0,0,83606,1,83606,1,0,0,0,0,2,2,2,2,0,0,83606,1,83606,1,0,0,0,0
14,0,1000,0,0,1000,0,1000,3,3,3,3,0,0,108034,103,0,0,80290,1,27744,102,3,3,3,3,0,0,108034,103,0,0,80290,1,27744,102,3,3,3,3,0,0,108034,103,0,0,80290,1,27744,102,3,3,3,3,0,0,108034,103,0,0,80290,1,27744,102,3,3,3,3,0,0,108034,103,0,0,80290,1,27744,102,3,3,3,3,0,0,108034,103,0,0,80290,1,27744,102
15,0,1000,0,0,1000,0,1000,3,3,3,3,0,0,0,0,0,0,0,0,0,0,3,3,3,3,0,0,0,0,0,0,0,0,0,0,3,3,3,3,0,0,0,0,0,0,0,0,0,0,3,3,3,3,0,0,0,0,0,0,0,0,0,0,3,3,3,3,0,0,0,0,0,0,0,0,0,0,3,3,3,3,0,0,0,0,0,0,0,0,0,0
16,0,1000,0,0,1000,0,1000,3,3,3,3,0,0,0,0,0,0,0,0,0,0,3,3,3,3,0,0,0,0,0,0,0,0,0,0,3,3,3,3,0,0,0,0,0,0,0,0,0,0,3,3,3,3,0,0,0,0,0,0,0,0,0,0,3,3,3,3,0,0,0,0,0,0,0,0,0,0,3,3,3,3,0,0,0,0,0,0,0,0,0,0
17,0,1000,0,0,1000,0,1000,3,3,3,3,0,0,167404,2,167404,2,0,0,0,0,3,3,3,3,0,0,167404,2,167404,2,0,0,0,0,3,3,3,3,0,0,167404,2,167404,2,0,0,0,0,3,3,3,3,0,0,167404,2,167404,2,0,0,0,0,3,3,3,3,0,0,167404,2,167404,2,0,0,0,0,3,3,3,3,0,0,167404,2,167404,2,0,0,0,0
18,0,1000,0,0,1000,0,1000,4,4,4,4,0,0,109394,108,0,0,80290,1,29104,107,4,4,4,4,0,0,109394,108,0,0,80290,1,29104,107,4,4,4,4,0,0,109394,108,0,0,80290,1,29104,107,4,4,4,4,0,0,109394,108,0,0,80290,1,29104,107,4,4,4,4,0,0,109394,108,0,0,80290,1,29104,107,4,4,4,4,0,0,109394,108,0,0,80290,1,29104,107
19,0,1000,0,0,1000,0,1000,4,4,4,4,0,0,0,0,0,0,0,0,0,0,4,4,4,4,0,0,0,0,0,0,0,0,0,0,4,4,4,4,0,0,0,0,0,0,0,0,0,0,4,4,4,4,0,0,0,0,0,0,0,0,0,0,4,4,4,4,0,0,0,0,0,0,0,0,0,0,4,4,4,4,0,0,0,0,0,0,0,0,0,0
20,0,1000,0,0,1000,0,1000,4,4,4,4,0,0,0,0,0,0,0,0,0,0,4,4,4,4,0,0,0,0,0,0,0,0,0,0,4,4,4,4,0,0,0,0,0,0,0,0,0,0,4,4,4,4,0,0,0,0,0,0,0,0,0,0,4,4,4,4,0,0,0,0,0,0,0,0,0,0,4,4,4,4,0,0,0,0,0,0,0,0,0,0
21,0,1000,0,0,1000,0,1000,4,4,4,4,0,0,251586,3,251586,3,0,0,0,0,4,4,4,4,0,0,251586,3,251586,3,0,0,0,0,4,4,4,4,0,0,251586,3,251586,3,0,0,0,0,4,4,4,4,0,0,251586,3,251586,3,0,0,0,0,4,4,4,4,0,0,251586,3,251586,3,0,0,0,0,4,4,4,4,0,0,251586,3,251586,3,0,0,0,0
22,0,1000,0,0,1000,0,1000,5,5,5,5,0,0,107762,102,0,0,80290,1,27472,101,5,5,5,5,0,0,107762,102,0,0,80290,1,27472,101,5,5,5,5,0,0,107762,102,0,0,80290,1,27472,101,5,5,5,5,0,0,107762,102,0,0,80290,1,27472,101,5,5,5,5,0,0,107762,102,0,0,80290,1,27472,101,5,5,5,5,0,0,107762,102,0,0,80290,1,27472,101
23,0,1000,0,0,1000,0,1000,5,5,5,5,0,0,0,0,0,0,0,0,0,0,5,5,5,5,0,0,0,0,0,0,0,0,0,0,5,5,5,5,0,0,0,0,0,0,0,0,0,0,5,5,5,5,0,0,0,0,0,0,0,0,0,0,5,5,5,5,0,0,0,0,0,0,0,0,0,0,5,5,5,5,0,0,0,0,0,0,0,0,0,0
24,0,1000,0,0,1000,0,1000,5,5,5,5,0,0,0,0,0,0,0,0,0,0,5,5,5,5,0,0,0,0,0,0,0,0,0,0,5,5,5,5,0,0,0,0,0,0,0,0,0,0,5,5,5,5,0,0,0,0,0,0,0,0,0,0,5,5,5,5,0,0,0,0,0,0,0,0,0,0,5,5,5,5,0,0,0,0,0,0,0,0,0,0
25,0,1000,0,0,1000,0,1000,5,5,5,5,0,0,167340,2,167340,2,0,0,0,0,5,5,5,5,0,0,167340,2,167340,2,0,0,0,0,5,5,5,5,0,0,167340,2,167340,2,0,0,0,0,5,5,5,5,0,0,167340,2,167340,2,0,0,0,0,5,5,5,5,0,0,167340,2,167340,2,0,0,0,0,5,5,5,5,0,0,167340,2,167340,2,0,0,0,0
26,0,1000,0,0,1000,0,1000,6,6,6,6,0,0,106674,98,0,0,80290,1,26384,97,6,6,6,6,0,0,106674,98,0,0,80290,1,26384,97,6,6,6,6,0,0,106674,98,0,0,80290,1,26384,97,6,6,6,6,0,0,106674,98,0,0,80290,1,26384,97,6,6,6,6,0,0,106674,98,0,0,80290,1,26384,97,6,6,6,6,0,0,106674,98,0,0,80290,1,26384,97
27,0,1000,0,0,1000,0,1000,6,6,6,6,0,0,0,0,0,0,0,0,0,0,6,6,6,6,0,0,0,0,0,0,0,0,0,0,6,6,6,6,0,0,0,0,0,0,0,0,0,0,6,6,6,6,0,0,0,0,0,0,0,0,0,0,6,6,6,6,0,0,0,0,0,0,0,0,0,0,6,6,6,6,0,0,0,0,0,0,0,0,0,0
28,0,1000,0,0,1000,0,1000,6,6,6,6,0,0,0,0,0,0,0,0,0,0,6,6,6,6,0,0,0,0,0,0,0,0,0,0,6,6,6,6,0,0,0,0,0,0,0,0,0,0,6,6,6,6,0,0,0,0,0,0,0,0,0,0,6,6,6,6,0,0,0,0,0,0,0,0,0,0,6,6,6,6,0,0,0,0,0,0,0,0,0,0
29,0,1000,0,0,1000,0,1000,6,6,6,6,0,0,83542,1,83542,1,0,0,0,0,6,6,6,6,0,0,83542,1,83542,1,0,0,0,0,6,6,6,6,0,0,83542,1,83542,1,0,0,0,0,6,6,6,6,0,0,83542,1,83542,1,0,0,0,0,6,6,6,6,0,0,83542,1,83542,1,0,0,0,0,6,6,6,6,0,0,83542,1,83542,1,0,0,0,0
30,0,1000,0,0,1000,0,1000,7,7,7,7,0,0,106674,98,0,0,80290,1,26384,97,7,7,7,7,0,0,106674,98,0,0,80290,1,26384,97,7,7,7,7,0,0,106674,98,0,0,80290,1,26384,97,7,7,7,7,0,0,106674,98,0,0,80290,1,26384,97,7,7,7,7,0,0,106674,98,0,0,80290,1,26384,97,7,7,7,7,0,0,106674,98,0,0,80290,1,26384,97
31,0,1000,0,0,1000,0,1000,7,7,7,7,0,0,0,0,0,0,0,0,0,0,7,7,7,7,0,0,0,0,0,0,0,0,0,0,7,7,7,7,0,0,0,0,0,0,0,0,0,0,7,7,7,7,0,0,0,0,0,0,0,0,0,0,7,7,7,7,0,0,0,0,0,0,0,0,0,0,7,7,7,7,0,0,0,0,0,0,0,0,0,0
32,0,1000,0,0,1000,0,1000,7,7,7,7,0,0,0,0,0,0,0,0,0,0,7,7,7,7,0,0,0,0,0,0,0,0,0,0,7,7,7,7,0,0,0,0,0,0,0,0,0,0,7,7,7,7,0,0,0,0,0,0,0,0,0,0,7,7,7,7,0,0,0,0,0,0,0,0,0,0,7,7,7,7,0,0,0,0,0,0,0,0,0,0
33,0,1000,0,0,1000,0,1000,7,7,7,7,0,0,167084,2,167084,2,0,0,0,0,7,7,7,7,0,0,167084,2,167084,2,0,0,0,0,7,7,7,7,0,0,167084,2,167084,2,0,0,0,0,7,7,7,7,0,0,167084,2,167084,2,0,0,0,0,7,7,7,7,0,0,167084,2,167084,2,0,0,0,0,7,7,7,7,0,0,167084,2,167084,2,0,0,0,0
34,0,1000,0,0,1000,0,1000,8,8,8,8,0,0,107762,102,0,0,80290,1,27472,101,8,8,8,8,0,0,107762,102,0,0,80290,1,27472,101,8,8,8,8,0,0,107762,102,0,0,80290,1,27472,101,8,8,8,8,0,0,107762,102,0,0,80290,1,27472,101,8,8,8,8,0,0,107762,102,0,0,80290,1,27472,101,8,8,8,8,0,0,107762,102,0,0,80290,1,27472,101
35,0,1000,0,0,1000,0,1000,8,8,8,8,0,0,0,0,0,0,0,0,0,0,8,8,8,8,0,0,0,0,0,0,0,0,0,0,8,8,8,8,0,0,0,0,0,0,0,0,0,0,8,8,8,8,0,0,0,0,0,0,0,0,0,0,8,8,8,8,0,0,0,0,0,0,0,0,0,0,8,8,8,8,0,0,0,0,0,0,0,0,0,0
36,0,1000,0,0,1000,0,1000,8,8,8,8,0,0,0,0,0,0,0,0,0,0,8,8,8,8,0,0,0,0,0,0,0,0,0,0,8,8,8,8,0,0,0,0,0,0,0,0,0,0,8,8,8,8,0,0,0,0,0,0,0,0,0,0,8,8,8,8,0,0,0,0,0,0,0,0,0,0,8,8,8,8,0,0,0,0,0,0,0,0,0,0
37,0,1000,0,0,1000,0,1000,8,8,8,8,0,0,167340,2,167340,2,0,0,0,0,8,8,8,8,0,0,167340,2,167340,2,0,0,0,0,8,8,8,8,0,0,167340,2,167340,2,0,0,0,0,8,8,8,8,0,0,167340,2,167340,2,0,0,0,0,8,8,8,8,0,0,167340,2,167340,2,0,0,0,0,8,8,8,8,0,0,167340,2,167340,2,0,0,0,0
38,0,1000,0,0,1000,0,1000,9,9,9,9,0,0,109122,107,0,0,80290,1,28832,106,9,9,9,9,0,0,109122,107,0,0,80290,1,28832,106,9,9,9,9,0,0,109122,107,0,0,80290,1,28832,106,9,9,9,9,0,0,109122,107,0,0,80290,1,28832,106,9,9,9,9,0,0,109122,107,0,0,80290,1,28832,106,9,9,9,9,0,0,109122,107,0,0,80290,1,28832,106
39,0,1000,0,0,1000,0,1000,9,9,9,9,0,0,0,0,0,0,0,0,0,0,9,9,9,9,0,0,0,0,0,0,0,0,0,0,9,9,9,9,0,0,0,0,0,0,0,0,0,0,9,9,9,9,0,0,0,0,0,0,0,0,0,0,9,9,9,9,0,0,0,0,0,0,0,0,0,0,9,9,9,9,0,0,0,0,0,0,0,0,0,0
40,0,1000,0,0,1000,0,1000,9,9,9,9,0,0,0,0,0,0,0,0,0,0,9,9,9,9,0,0,0,0,0,0,0,0,0,0,9,9,9,9,0,0,0,0,0,0,0,0,0,0,9,9,9,9,0,0,0,0,0,0,0,0,0,0,9,9,9,9,0,0,0,0,0,0,0,0,0,0,9,9,9,9,0,0,0,0,0,0,0,0,0,0
41,0,1000,0,0,1000,0,1000,9,9,9,9,0,0,83831,1,83831,1,0,0,0,0,9,9,9,9,0,0,83831,1,83831,1,0,0,0,0,9,9,9,9,0,0,83831,1,83831,1,0,0,0,0,9,9,9,9,0,0,83831,1,83831,1,0,0,0,0,9,9,9,9,0,0,83831,1,83831,1,0,0,0,0,9,9,9,9,0,0,83831,1,83831,1,0,0,0,0
42,0,1000,0,0,1000,0,1000,10,10,10,10,0,0,108035,103,0,0,80291,1,27744,102,10,10,10,10,0,0,108035,103,0,0,80291,1,27744,102,10,10,10,10,0,0,108035,103,0,0,80291,1,27744,102,10,10,10,10,0,0,108035,103,0,0,80291,1,27744,102,10,10,10,10,0,0,108035,103,0,0,80291,1,27744,102,10,10,10,10,0,0,108035,103,0,0,80291,1,27744,102
43,0,1000,0,0,1000,0,1000,10,10,10,10,0,0,0,0,0,0,0,0,0,0,10,10,10,10,0,0,0,0,0,0,0,0,0,0,10,10,10,10,0,0,0,0,0,0,0,0,0,0,10,10,10,10,0,0,0,0,0,0,0,0,0,0,10,10,10,10,0,0,0,0,0,0,0,0,0,0,10,10,10,10,0,0,0,0,0,0,0,0,0,0
44,0,1000,0,0,1000,0,1000,10,10,10,10,0,0,0,0,0,0,0,0,0,0,10,10,10,10,0,0,0,0,0,0,0,0,0,0,10,10,10,10,0,0,0,0,0,0,0,0,0,0,10,10,10,10,0,0,0,0,0,0,0,0,0,0,10,10,10,10,0,0,0,0,0,0,0,0,0,0,10,10,10,10,0,0,0,0,0,0,0,0,0,0
45,0,1000,0,0,1000,0,1000,10,10,10,10,0,0,167406,2,167406,2,0,0,0,0,10,10,10,10,0,0,167406,2,167406,2,0,0,0,0,10,10,10,10,0,0,167406,2,167406,2,0,0,0,0,10,10,10,10,0,0,167406,2,167406,2,0,0,0,0,10,10,10,10,0,0,167406,2,167406,2,0,0,0,0,10,10,10,10,0,0,167406,2,167406,2,0,0,0,0
46,0,1000,0,0,1000,0,1000,11,11,11,11,0,0,108307,104,0,0,80291,1,28016,103,11,11,11,11,0,0,108307,104,0,0,80291,1,28016,103,11,11,11,11,0,0,108307,104,0,0,80291,1,28016,103,11,11,11,11,0,0,108307,104,0,0,80291,1,28016,103,11,11,11,11,0,0,108307,104,0,0,80291,1,28016,103,11,11,11,11,0,0,108307,104,0,0,80291,1,28016,103
47,0,1000,0,0,1000,0,1000,11,11,11,11,1,1,0,0,0,0,0,0,0,0,11,11,11,11,1,1,0,0,0,0,0,0,0,0,11,11,11,11,1,1,0,0,0,0,0,0,0,0,11,11,11,11,1,1,0,0,0,0,0,0,0,0,11,11,11,11,1,1,0,0,0,0,0,0,0,0,11,11,11,11,1,1,0,0,0,0,0,0,0,0
48,0,1000,0,0,1000,0,1000,11,11,11,11,1,1,0,0,0,0,0,0,0,0,11,11,11,11,1,1,0,0,0,0,0,0,0,0,11,11,11,11,1,1,0,0,0,0,0,0,0,0,11,11,11,11,1,1,0,0,0,0,0,0,0,0,11,11,11,11,1,1,0,0,0,0,0,0,0,0,11,11,11,11,1,1,0,0,0,0,0,0,0,0
49,0,1000,0,0,1000,0,1000,11,11,11,11,1,1,83735,1,83735,1,0,0,0,0,11,11,11,11,1,1,83735,1,83735,1,0,0,0,0,11,11,11,11,1,1,83735,1,83735,1,0,0,0,0,11,11,11,11,1,1,83735,1,83735,1,0,0,0,0,11,11,11,11,1,1,83735,1,83735,1,0,0,0,0,11,11,11,11,1,1,83735,1,83735,1,0,0,0,0
50,0,1000,0,0,1000,0,1000,12,12,12,12,1,1,102323,82,0,0,80291,1,22032,81,12,12,12,12,1,1,102323,82,0,0,80291,1,22032,81,12,12,12,12,1,1,102323,82,0,0,80291,1,22032,81,12,12,12,12,1,1,102323,82,0,0,80291,1,22032,81,12,12,12,12,1,1,102323,82,0,0,80291,1,22032,81,12,12,12,12,1,1,102323,82,0,0,80291,1,22032,81
51,0,1000,0,0,1000,0,1000,12,12,12,12,2,2,0,0,0,0,0,0,0,0,12,12,12,12,2,2,0,0,0,0,0,0,0,0,12,12,12,12,2,2,0,0,0,0,0,0,0,0,12,12,12,12,2,2,0,0,0,0,0,0,0,0,12,12,12,12,2,2,0,0,0,0,0,0,0,0,12,12,12,12,2,2,0,0,0,0,0,0,0,0
52,0,1000,0,0,1000,0,1000,12,12,12,12,2,2,0,0,0,0,0,0,0,0,12,12,12,12,2,2,0,0,0,0,0,0,0,0,12,12,12,12,2,2,0,0,0,0,0,0,0,0,12,12,12,12,2,2,0,0,0,0,0,0,0,0,12,12,12,12,2,2,0,0,0,0,0,0,0,0,12,12,12,12,2,2,0,0,0,0,0,0,0,0
53,0,1000,0,0,1000,0,1000,12,12,12,12,2,2,83031,1,83031,1,0,0,0,0,12,12,12,12,2,2,83031,1,83031,1,0,0,0,0,12,12,12,12,2,2,83031,1,83031,1,0,0,0,0,12,12,12,12,2,2,83031,1,83031,1,0,0,0,0,12,12,12,12,2,2,83031,1,83031,1,0,0,0,0,12,12,12,12,2,2,83031,1,83031,1,0,0,0,0
54,0,1000,0,0,1000,0,1000,13,13,13,13,2,2,108579,105,0,0,80291,1,28288,104,13,13,13,13,2,2,108579,105,0,0,80291,1,28288,104,13,13,13,13,2,2,108579,105,0,0,80291,1,28288,104,13,13,13,13,2,2,108579,105,0,0,80291,1,28288,104,13,13,13,13,2,2,108579,105,0,0,80291,1,28288,104,13,13,13,13,2,2,108579,105,0,0,80291,1,28288,104
55,0,1000,0,0,1000,0,1000,13,13,13,13,3,3,0,0,0,0,0,0,0,0,13,13,13,13,3,3,0,0,0,0,0,0,0,0,13,13,13,13,3,3,0,0,0,0,0,0,0,0,13,13,13,13,3,3,0,0,0,0,0,0,0,0,13,13,13,13,3,3,0,0,0,0,0,0,0,0,13,13,13,13,3,3,0,0,0,0,0,0,0,0
56,0,1000,0,0,1000,0,1000,13,13,13,13,3,3,0,0,0,0,0,0,0,0,13,13,13,13,3,3,0,0,0,0,0,0,0,0,13,13,13,13,3,3,0,0,0,0,0,0,0,0,13,13,13,13,3,3,0,0,0,0,0,0,0,0,13,13,13,13,3,3,0,0,0,0,0,0,0,0,13,13,13,13,3,3,0,0,0,0,0,0,0,0
57,0,1000,0,0,1000,0,1000,13,13,13,13,3,3,83767,1,83767,1,0,0,0,0,13,13,13,13,3,3,83767,1,83767,1,0,0,0,0,13,13,13,13,3,3,83767,1,83767,1,0,0,0,0,13,13,13,13,3,3,83767,1,83767,1,0,0,0,0,13,13,13,13,3,3,83767,1,83767,1,0,0,0,0,13,13,13,13,3,3,83767,1,83767,1,0,0,0,0
58,0,1000,0,0,1000,0,1000,14,14,14,14,3,3,106675,98,0,0,80291,1,26384,97,14,14,14,14,3,3,106675,98,0,0,80291,1,26384,97,14,14,14,14,3,3,106675,98,0,0,80291,1,26384,97,14,14,14,14,3,3,106675,98,0,0,80291,1,26384,97,14,14,14,14,3,3,106675,98,0,0,80291,1,26384,97,14,14,14,14,3,3,106675,98,0,0,80291,1,26384,97
59,0,1000,0,0,1000,0,1000,14,14,14,14,4,4,0,0,0,0,0,0,0,0,14,14,14,14,4,4,0,0,0,0,0,0,0,0,14,14,14,14,4,4,0,0,0,0,0,0,0,0,14,14,14,14,4,4,0,0,0,0,0,0,0,0,14,14,14,14,4,4,0,0,0,0,0,0,0,0,14,14,14,14,4,4,0,0,0,0,0,0,0,0
60,0,1000,0,0,1000,0,1000,14,14,14,14,4,4,0,0,0,0,0,0,0,0,14,14,14,14,4,4,0,0,0,0,0,0,0,0,14,14,14,14,4,4,0,0,0,0,0,0,0,0,14,14,14,14,4,4,0,0,0,0,0,0,0,0,14,14,14,14,4,4,0,0,0,0,0,0,0,0,14,14,14,14,4,4,0,0,0,0,0,0,0,0
61,0,1000,0,0,1000,0,1000,14,14,14,14,4,4,334171,4,334171,4,0,0,0,0,14,14,14,14,4,4,334171,4,334171,4,0,0,0,0,14,14,14,14,4,4,334171,4,334171,4,0,0,0,0,14,14,14,14,4,4,334171,4,334171,4,0,0,0,0,14,14,14,14,4,4,334171,4,334171,4,0,0,0,0,14,14,14,14,4,4,334171,4,334171,4,0,0,0,0
62,0,1000,0,0,1000,0,1000,15,15,15,15,4,4,109939,110,0,0,80291,1,29648,109,15,15,15,15,4,4,109939,110,0,0,80291,1,29648,109,15,15,15,15,4,4,109939,110,0,0,80291,1,29648,109,15,15,15,15,4,4,109939,110,0,0,80291,1,29648,109,15,15,15,15,4,4,109939,110,0,0,80291,1,29648,109,15,15,15,15,4,4,109939,110,0,0,80291,1,29648,109
63,0,1000,0,0,1000,0,1000,15,15,15,15,5,5,0,0,0,0,0,0,0,0,15,15,15,15,5,5,0,0,0,0,0,0,0,0,15,15,15,15,5,5,0,0,0,0,0,0,0,0,15,15,15,15,5,5,0,0,0,0,0,0,0,0,15,15,15,15,5,5,0,0,0,0,0,0,0,0,15,15,15,15,5,5,0,0,0,0,0,0,0,0
64,0,1000,0,0,1000,0,1000,15,15,15,15,5,5,0,0,0,0,0,0,0,0,15,15,15,15,5,5,0,0,0,0,0,0,0,0,15,15,15,15,5,5,0,0,0,0,0,0,0,0,15,15,15,15,5,5,0,0,0,0,0,0,0,0,15,15,15,15,5,5,0,0,0,0,0,0,0,0,15,15,15,15,5,5,0,0,0,0,0,0,0,0
65,0,1000,0,0,1000,0,1000,15,15,15,15,5,5,83927,1,83927,1,0,0,0,0,15,15,15,15,5,5,83927,1,83927,1,0,0,0,0,15,15,15,15,5,5,83927,1,83927,1,0,0,0,0,15,15,15,15,5,5,83927,1,83927,1,0,0,0,0,15,15,15,15,5,5,83927,1,83927,1,0,0,0,0,15,15,15,15,5,5,83927,1,83927,1,0,0,0,0
66,0,1000,0,0,1000,0,1000,16,16,16,16,5,5,108035,103,0,0,80291,1,27744,102,16,16,16,16,5,5,108035,103,0,0,80291,1,27744,102,16,16,16,16,5,5,108035,103,0,0,80291,1,27744,102,16,16,16,16,5,5,108035,103,0,0,80291,1,27744,102,16,16,16,16,5,5,108035,103,0,0,80291,1,27744,102,16,16,16,16,5,5,108035,103,0,0,80291,1,27744,102
67,0,1000,0,0,1000,0,1000,16,16,16,16,6,6,0,0,0,0,0,0,0,0,16,16,16,16,6,6,0,0,0,0,0,0,0,0,16,16,16,16,6,6,0,0,0,0,0,0,0,0,16,16,16,16,6,6,0,0,0,0,0,0,0,0,16,16,16,16,6,6,0,0,0,0,0,0,0,0,16,16,16,16,6,6,0,0,0,0,0,0,0,0
68,0,1000,0,0,1000,0,1000,16,16,16,16,6,6,0,0,0,0,0,0,0,0,16,16,16,16,6,6,0,0,0,0,0,0,0,0,16,16,16,16,6,6,0,0,0,0,0,0,0,0,16,16,16,16,6,6,0,0,0,0,0,0,0,0,16,16,16,16,6,6,0,0,0,0,0,0,0,0,16,16,16,16,6,6,0,0,0,0,0,0,0,0
69,0,1000,0,0,1000,0,1000,16,16,16,16,6,6,167406,2,167406,2,0,0,0,0,16,16,16,16,6,6,167406,2,167406,2,0,0,0,0,16,16,16,16,6,6,167406,2,167406,2,0,0,0,0,16,16,16,16,6,6,167406,2,167406,2,0,0,0,0,16,16,16,16,6,6,167406,2,167406,2,0,0,0,0,16,16,16,16,6,6,167406,2,167406,2,0,0,0,0
70,0,1000,0,0,1000,0,1000,17,17,17,17,6,6,108035,103,0,0,80291,1,27744,102,17,17,17,17,6,6,108035,103,0,0,80291,1,27744,102,17,17,17,17,6,6,108035,103,0,0,80291,1,27744,102,17,17,17,17,6,6,108035,103,0,0,80291,1,27744,102,17,17,17,17,6,6,108035,103,0,0,80291,1,27744,102,17,17,17,17,6,6,108035,103,0,0,80291,1,27744,102
71,0,1000,0,0,1000,0,1000,17,17,17,17,7,7,0,0,0,0,0,0,0,0,17,17,17,17,7,7,0,0,0,0,0,0,0,0,17,17,17,17,7,7,0,0,0,0,0,0,0,0,17,17,17,17,7,7,0,0,0,0,0,0,0,0,17,17,17,17,7,7,0,0,0,0,0,0,0,0,17,17,17,17,7,7,0,0,0,0,0,0,0,0
72,0,1000,0,0,1000,0,1000,17,17,17,17,7,7,0,0,0,0,0,0,0,0,17,17,17,17,7,7,0,0,0,0,0,0,0,0,17,17,17,17,7,7,0,0,0,0,0,0,0,0,17,17,17,17,7,7,0,0,0,0,0,0,0,0,17,17,17,17,7,7,0,0,0,0,0,0,0,0,17,17,17,17,7,7,0,0,0,0,0,0,0,0
73,0,1000,0,0,1000,0,1000,17,17,17,17,7,7,167405,2,167405,2,0,0,0,0,17,17,17,17,7,7,167405,2,167405,2,0,0,0,0,17,17,17,17,7,7,167405,2,167405,2,0,0,0,0,17,17,17,17,7,7,167405,2,167405,2,0,0,0,0,17,17,17,17,7,7,167405,2,167405,2,0,0,0,0,17,17,17,17,7,7,167405,2,167405,2,0,0,0,0
74,0,1000,0,0,1000,0,1000,18,18,18,18,7,7,106946,99,0,0,80290,1,26656,98,18,18,18,18,7,7,106946,99,0,0,80290,1,26656,98,18,18,18,18,7,7,106946,99,0,0,80290,1,26656,98,18,18,18,18,7,7,106946,99,0,0,80290,1,26656,98,18,18,18,18,7,7,106946,99,0,0,80290,1,26656,98,18,18,18,18,7,7,106946,99,0,0,80290,1,26656,98
75,0,1000,0,0,1000,0,1000,18,18,18,18,8,8,0,0,0,0,0,0,0,0,18,18,18,18,8,8,0,0,0,0,0,0,0,0,18,18,18,18,8,8,0,0,0,0,0,0,0,0,18,18,18,18,8,8,0,0,0,0,0,0,0,0,18,18,18,18,8,8,0,0,0,0,0,0,0,0,18,18,18,18,8,8,0,0,0,0,0,0,0,0
76,0,1000,0,0,1000,0,1000,18,18,18,18,8,8,0,0,0,0,0,0,0,0,18,18,18,18,8,8,0,0,0,0,0,0,0,0,18,18,18,18,8,8,0,0,0,0,0,0,0,0,18,18,18,18,8,8,0,0,0,0,0,0,0,0,18,18,18,18,8,8,0,0,0,0,0,0,0,0,18,18,18,18,8,8,0,0,0,0,0,0,0,0
77,0,1000,0,0,1000,0,1000,18,18,18,18,8,8,250725,3,250725,3,0,0,0,0,18,18,18,18,8,8,250725,3,250725,3,0,0,0,0,18,18,18,18,8,8,250725,3,250725,3,0,0,0,0,18,18,18,18,8,8,250725,3,250725,3,0,0,0,0,18,18,18,18,8,8,250725,3,250725,3,0,0,0,0,18,18,18,18,8,8,250725,3,250725,3,0,0,0,0
78,0,1000,0,0,1000,0,1000,19,19,19,19,8,8,107491,101,0,0,80291,1,27200,100,19,19,19,19,8,8,107491,101,0,0,80291,1,27200,100,19,19,19,19,8,8,107491,101,0,0,80291,1,27200,100,19,19,19,19,8,8,107491,101,0,0,80291,1,27200,100,19,19,19,19,8,8,107491,101,0,0,80291,1,27200,100,19,19,19,19,8,8,107491,101,0,0,80291,1,27200,100
79,0,1000,0,0,1000,0,1000,19,19,19,19,9,9,0,0,0,0,0,0,0,0,19,19,19,19,9,9,0,0,0,0,0,0,0,0,19,19,19,19,9,9,0,0,0,0,0,0,0,0,19,19,19,19,9,9,0,0,0,0,0,0,0,0,19,19,19,19,9,9,0,0,0,0,0,0,0,0,19,19,19,19,9,9,0,0,0,0,0,0,0,0
80,0,1000,0,0,1000,0,1000,19,19,19,19,9,9,0,0,0,0,0,0,0,0,19,19,19,19,9,9,0,0,0,0,0,0,0,0,19,19,19,19,9,9,0,0,0,0,0,0,0,0,19,19,19,19,9,9,0,0,0,0,0,0,0,0,19,19,19,19,9,9,0,0,0,0,0,0,0,0,19,19,19,19,9,9,0,0,0,0,0,0,0,0
81,0,1000,0,0,1000,0,1000,19,19,19,19,9,9,0,0,0,0,0,0,0,0,19,19,19,19,9,9,0,0,0,0,0,0,0,0,19,19,19,19,9,9,0,0,0,0,0,0,0,0,19,19,19,19,9,9,0,0,0,0,0,0,0,0,19,19,19,19,9,9,0,0,0,0,0,0,0,0,19,19,19,19,9,9,0,0,0,0,0,0,0,0
82,0,1000,0,0,1000,0,1000,19,19,19,19,9,9,24480,90,0,0,0,0,24480,90,19,19,19,19,9,9,24480,90,0,0,0,0,24480,90,19,19,19,19,9,9,24480,90,0,0,0,0,24480,90,19,19,19,19,9,9,24480,90,0,0,0,0,24480,90,19,19,19,19,9,9,24480,90,0,0,0,0,24480,90,19,19,19,19,9,9,24480,90,0,0,0,0,24480,90
83,0,1000,0,0,1000,0,1000,19,19,19,19,10,10,0,0,0,0,0,0,0,0,19,19,19,19,10,10,0,0,0,0,0,0,0,0,19,19,19,19,10,10,0,0,0,0,0,0,0,0,19,19,19,19,10,10,0,0,0,0,0,0,0,0,19,19,19,19,10,10,0,0,0,0,0,0,0,0,19,19,19,19,10,10,0,0,0,0,0,0,0,0
84,0,1000,0,0,1000,0,1000,19,19,19,19,10,10,0,0,0,0,0,0,0,0,19,19,19,19,10,10,0,0,0,0,0,0,0,0,19,19,19,19,10,10,0,0,0,0,0,0,0,0,19,19,19,19,10,10,0,0,0,0,0,0,0,0,19,19,19,19,10,10,0,0,0,0,0,0,0,0,19,19,19,19,10,10,0,0,0,0,0,0,0,0
85,0,1000,0,0,1000,0,1000,19,19,19,19,10,10,583233,7,583233,7,0,0,0,0,19,19,19,19,10,10,583233,7,583233,7,0,0,0,0,19,19,19,19,10,10,583233,7,583233,7,0,0,0,0,19,19,19,19,10,10,583233,7,583233,7,0,0,0,0,19,19,19,19,10,10,583233,7,583233,7,0,0,0,0,19,19,19,19,10,10,583233,7,583233,7,0,0,0,0
86,0,1000,0,0,1000,0,1000,20,21,20,21,10,10,109395,108,0,0,80291,1,29104,107,20,21,20,21,10,10,109395,108,0,0,80291,1,29104,107,20,21,20,21,10,10,109395,108,0,0,80291,1,29104,107,20,21,20,21,10,10,109395,108,0,0,80291,1,29104,107,20,21,20,21,10,10,109395,108,0,0,80291,1,29104,107,20,21,20,21,10,10,109395,108,0,0,80291,1,29104,107
87,0,1000,0,0,1000,0,1000,20,21,20,21,11,11,0,0,0,0,0,0,0,0,20,21,20,21,11,11,0,0,0,0,0,0,0,0,20,21,20,21,11,11,0,0,0,0,0,0,0,0,20,21,20,21,11,11,0,0,0,0,0,0,0,0,20,21,20,21,11,11,0,0,0,0,0,0,0,0,20,21,20,21,11,11,0,0,0,0,0,0,0,0
88,0,1000,0,0,1000,0,1000,20,21,20,21,11,11,0,0,0,0,0,0,0,0,20,21,20,21,11,11,0,0,0,0,0,0,0,0,20,21,20,21,11,11,0,0,0,0,0,0,0,0,20,21,20,21,11,11,0,0,0,0,0,0,0,0,20,21,20,21,11,11,0,0,0,0,0,0,0,0,20,21,20,21,11,11,0,0,0,0,0,0,0,0
89,0,1000,0,0,1000,0,1000,20,21,20,21,11,11,167726,2,167726,2,0,0,0,0,20,21,20,21,11,11,167726,2,167726,2,0,0,0,0,20,21,20,21,11,11,167726,2,167726,2,0,0,0,0,20,21,20,21,11,11,167726,2,167726,2,0,0,0,0,20,21,20,21,11,11,167726,2,167726,2,0,0,0,0,20,21,20,21,11,11,167726,2,167726,2,0,0,0,0
90,0,1000,0,0,1000,0,1000,21,22,21,22,11,11,105043,92,0,0,80291,1,24752,91,21,22,21,22,11,11,105043,92,0,0,80291,1,24752,91,21,22,21,22,11,11,105043,92,0,0,80291,1,24752,91,21,22,21,22,11,11,105043,92,0,0,80291,1,24752,91,21,22,21,22,11,11,105043,92,0,0,80291,1,24752,91,21,22,21,22,11,11,105043,92,0,0,80291,1,24752,91
91,0,1000,0,0,1000,0,1000,21,22,21,22,12,12,0,0,0,0,0,0,0,0,21,22,21,22,12,12,0,0,0,0,0,0,0,0,21,22,21,22,12,12,0,0,0,0,0,0,0,0,21,22,21,22,12,12,0,0,0,0,0,0,0,0,21,22,21,22,12,12,0,0,0,0,0,0,0,0,21,22,21,22,12,12,0,0,0,0,0,0,0,0
92,0,1000,0,0,1000,0,1000,21,22,21,22,12,12,0,0,0,0,0,0,0,0,21,22,21,22,12,12,0,0,0,0,0,0,0,0,21,22,21,22,12,12,0,0,0,0,0,0,0,0,21,22,21,22,12,12,0,0,0,0,0,0,0,0,21,22,21,22,12,12,0,0,0,0,0,0,0,0,21,22,21,22,12,12,0,0,0,0,0,0,0,0
93,0,1000,0,0,1000,0,1000,21,22,21,22,12,12,83351,1,83351,1,0,0,0,0,21,22,21,22,12,12,83351,1,83351,1,0,0,0,0,21,22,21,22,12,12,83351,1,83351,1,0,0,0,0,21,22,21,22,12,12,83351,1,83351,1,0,0,0,0,21,22,21,22,12,12,83351,1,83351,1,0,0,0,0,21,22,21,22,12,12,83351,1,83351,1,0,0,0,0
94,0,1000,0,0,1000,0,1000,22,23,22,23,12,12,109395,108,0,0,80291,1,29104,107,22,23,22,23,12,12,109395,108,0,0,80291,1,29104,107,22,23,22,23,12,12,109395,108,0,0,80291,1,29104,107,22,23,22,23,12,12,109395,108,0,0,80291,1,29104,107,22,23,22,23,12,12,109395,108,0,0,80291,1,29104,107,22,23,22,23,12,12,109395,108,0,0,80291,1,29104,107
95,0,1000,0,0,1000,0,1000,22,23,22,23,13,13,0,0,0,0,0,0,0,0,22,23,22,23,13,13,0,0,0,0,0,0,0,0,22,23,22,23,13,13,0,0,0,0,0,0,0,0,22,23,22,23,13,13,0,0,0,0,0,0,0,0,22,23,22,23,13,13,0,0,0,0,0,0,0,0,22,23,22,23,13,13,0,0,0,0,0,0,0,0
96,0,1000,0,0,1000,0,1000,22,23,22,23,13,13,0,0,0,0,0,0,0,0,22,23,22,23,13,13,0,0,0,0,0,0,0,0,22,23,22,23,13,13,0,0,0,0,0,0,0,0,22,23,22,23,13,13,0,0,0,0,0,0,0,0,22,23,22,23,13,13,0,0,0,0,0,0,0,0,22,23,22,23,13,13,0,0,0,0,0,0,0,0
97,0,1000,0,0,1000,0,1000,22,23,22,23,13,13,167726,2,167726,2,0,0,0,0,22,23,22,23,13,13,167726,2,167726,2,0,0,0,0,22,23,22,23,13,13,167726,2,167726,2,0,0,0,0,22,23,22,23,13,13,167726,2,167726,2,0,0,0,0,22,23,22,23,13,13,167726,2,167726,2,0,0,0,0,22,23,22,23,13,13,167726,2,167726,2,0,0,0,0
98,0,1000,0,0,1000,0,1000,23,24,23,24,13,13,103683,87,0,0,80291,1,23392,86,23,24,23,24,13,13,103683,87,0,0,80291,1,23392,86,23,24,23,24,13,13,103683,87,0,0,80291,1,23392,86,23,24,23,24,13,13,103683,87,0,0,80291,1,23392,86,23,24,23,24,13,13,103683,87,0,0,80291,1,23392,86,23,24,23,24,13,13,103683,87,0,0,80291,1,23392,86
99,0,1000,0,0,1000,0,1000,23,24,23,24,14,14,0,0,0,0,0,0,0,0,23,24,23,24,14,14,0,0,0,0,0,0,0,0,23,24,23,24,14,14,0,0,0,0,0,0,0,0,23,24,23,24,14,14,0,0,0,0,0,0,0,0,23,24,23,24,14,14,0,0,0,0,0,0,0,0,23,24,23,24,14,14,0,0,0,0,0,0,0,0
100,0,1000,0,0,1000,0,1000,23,24,23,24,14,14,0,0,0,0,0,0,0,0,23,24,23,24,14,14,0,0,0,0,0,0,0,0,23,24,23,24,14,14,0,0,0,0,0,0,0,0,23,24,23,24,14,14,0,0,0,0,0,0,0,0,23,24,23,24,14,14,0,0,0,0,0,0,0,0,23,24,23,24,14,14,0,0,0,0,0,0,0,0
101,0,1000,0,0,1000,0,1000,23,24,23,24,14,14,249572,3,249572,3,0,0,0,0,23,24,23,24,14,14,249572,3,249572,3,0,0,0,0,23,24,23,24,14,14,249572,3,249572,3,0,0,0,0,23,24,23,24,14,14,249572,3,249572,3,0,0,0,0,23,24,23,24,14,14,249572,3,249572,3,0,0,0,0,23,24,23,24,14,14,249572,3,249572,3,0,0,0,0
102,0,1000,0,0,1000,0,1000,24,25,24,25,14,14,109666,109,0,0,80290,1,29376,108,24,25,24,25,14,14,109666,109,0,0,80290,1,29376,108,24,25,24,25,14,14,109666,109,0,0,80290,1,29376,108,24,25,24,25,14,14,109666,109,0,0,80290,1,29376,108,24,25,24,25,14,14,109666,109,0,0,80290,1,29376,108,24,25,24,25,14,14,109666,109,0,0,80290,1,29376,108
103,0,1000,0,0,1000,0,1000,24,25,24,25,15,15,0,0,0,0,0,0,0,0,24,25,24,25,15,15,0,0,0,0,0,0,0,0,24,25,24,25,15,15,0,0,0,0,0,0,0,0,24,25,24,25,15,15,0,0,0,0,0,0,0,0,24,25,24,25,15,15,0,0,0,0,0,0,0,0,24,25,24,25,15,15,0,0,0,0,0,0,0,0
104,0,1000,0,0,1000,0,1000,24,25,24,25,15,15,0,0,0,0,0,0,0,0,24,25,24,25,15,15,0,0,0,0,0,0,0,0,24,25,24,25,15,15,0,0,0,0,0,0,0,0,24,25,24,25,15,15,0,0,0,0,0,0,0,0,24,25,24,25,15,15,0,0,0,0,0,0,0,0,24,25,24,25,15,15,0,0,0,0,0,0,0,0
105,0,1000,0,0,1000,0,1000,24,25,24,25,15,15,167790,2,167790,2,0,0,0,0,24,25,24,25,15,15,167790,2,167790,2,0,0,0,0,24,25,24,25,15,15,167790,2,167790,2,0,0,0,0,24,25,24,25,15,15,167790,2,167790,2,0,0,0,0,24,25,24,25,15,15,167790,2,167790,2,0,0,0,0,24,25,24,25,15,15,167790,2,167790,2,0,0,0,0
106,0,1000,0,0,1000,0,1000,25,26,25,26,15,15,111843,117,0,0,80291,1,31552,116,25,26,25,26,15,15,111843,117,0,0,80291,1,31552,116,25,26,25,26,15,15,111843,117,0,0,80291,1,31552,116,25,26,25,26,15,15,111843,117,0,0,80291,1,31552,116,25,26,25,26,15,15,111843,117,0,0,80291,1,31552,116,25,26,25,26,15,15,111843,117,0,0,80291,1,31552,116
107,0,1000,0,0,1000,0,1000,25,26,25,26,16,16,0,0,0,0,0,0,0,0,25,26,25,26,16,16,0,0,0,0,0,0,0,0,25,26,25,26,16,16,0,0,0,0,0,0,0,0,25,26,25,26,16,16,0,0,0,0,0,0,0,0,25,26,25,26,16,16,0,0,0,0,0,0,0,0,25,26,25,26,16,16,0,0,0,0,0,0,0,0
108,0,1000,0,0,1000,0,1000,25,26,25,26,16,16,0,0,0,0,0,0,0,0,25,26,25,26,16,16,0,0,0,0,0,0,0,0,25,26,25,26,16,16,0,0,0,0,0,0,0,0,25,26,25,26,16,16,0,0,0,0,0,0,0,0,25,26,25,26,16,16,0,0,0,0,0,0,0,0,25,26,25,26,16,16,0,0,0,0,0,0,0,0
109,0,1000,0,0,1000,0,1000,25,26,25,26,16,16,0,0,0,0,0,0,0,0,25,26,25,26,16,16,0,0,0,0,0,0,0,0,25,26,25,26,16,16,0,0,0,0,0,0,0,0,25,26,25,26,16,16,0,0,0,0,0,0,0,0,25,26,25,26,16,16,0,0,0,0,0,0,0,0,25,26,25,26,16,16,0,0,0,0,0,0,0,0
110,0,1000,0,0,1000,0,1000,25,26,25,26,16,16,26656,98,0,0,0,0,26656,98,25,26,25,26,16,16,26656,98,0,0,0,0,26656,98,25,26,25,26,16,16,26656,98,0,0,0,0,26656,98,25,26,25,26,16,16,26656,98,0,0,0,0,26656,98,25,26,25,26,16,16,26656,98,0,0,0,0,26656,98,25,26,25,26,16,16,26656,98,0,0,0,0,26656,98
111,0,1000,0,0,1000,0,1000,25,26,25,26,17,17,0,0,0,0,0,0,0,0,25,26,25,26,17,17,0,0,0,0,0,0,0,0,25,26,25,26,17,17,0,0,0,0,0,0,0,0,25,26,25,26,17,17,0,0,0,0,0,0,0,0,25,26,25,26,17,17,0,0,0,0,0,0,0,0,25,26,25,26,17,17,0,0,0,0,0,0,0,0
112,0,1000,0,0,1000,0,1000,25,26,25,26,17,17,0,0,0,0,0,0,0,0,25,26,25,26,17,17,0,0,0,0,0,0,0,0,25,26,25,26,17,17,0,0,0,0,0,0,0,0,25,26,25,26,17,17,0,0,0,0,0,0,0,0,25,26,25,26,17,17,0,0,0,0,0,0,0,0,25,26,25,26,17,17,0,0,0,0,0,0,0,0
113,0,1000,0,0,1000,0,1000,25,26,25,26,17,17,83575,1,83575,1,0,0,0,0,25,26,25,26,17,17,83575,1,83575,1,0,0,0,0,25,26,25,26,17,17,83575,1,83575,1,0,0,0,0,25,26,25,26,17,17,83575,1,83575,1,0,0,0,0,25,26,25,26,17,17,83575,1,83575,1,0,0,0,0,25,26,25,26,17,17,83575,1,83575,1,0,0,0,0
114,0,1000,0,0,1000,0,1000,26,28,26,28,17,17,105043,92,0,0,80291,1,24752,91,26,28,26,28,17,17,105043,92,0,0,80291,1,24752,91,26,28,26,28,17,17,105043,92,0,0,80291,1,24752,91,26,28,26,28,17,17,105043,92,0,0,80291,1,24752,91,26,28,26,28,17,17,105043,92,0,0,80291,1,24752,91,26,28,26,28,17,17,105043,92,0,0,80291,1,24752,91
115,0,1000,0,0,1000,0,1000,26,28,26,28,18,18,0,0,0,0,0,0,0,0,26,28,26,28,18,18,0,0,0,0,0,0,0,0,26,28,26,28,18,18,0,0,0,0,0,0,0,0,26,28,26,28,18,18,0,0,0,0,0,0,0,0,26,28,26,28,18,18,0,0,0,0,0,0,0,0,26,28,26,28,18,18,0,0,0,0,0,0,0,0
116,0,1000,0,0,1000,0,1000,26,28,26,28,18,18,0,0,0,0,0,0,0,0,26,28,26,28,18,18,0,0,0,0,0,0,0,0,26,28,26,28,18,18,0,0,0,0,0,0,0,0,26,28,26,28,18,18,0,0,0,0,0,0,0,0,26,28,26,28,18,18,0,0,0,0,0,0,0,0,26,28,26,28,18,18,0,0,0,0,0,0,0,0
117,0,1000,0,0,1000,0,1000,26,28,26,28,18,18,250053,3,250053,3,0,0,0,0,26,28,26,28,18,18,250053,3,250053,3,0,0,0,0,26,28,26,28,18,18,250053,3,250053,3,0,0,0,0,26,28,26,28,18,18,250053,3,250053,3,0,0,0,0,26,28,26,28,18,18,250053,3,250053,3,0,0,0,0,26,28,26,28,18,18,250053,3,250053,3,0,0,0,0
118,0,1000,0,0,1000,0,1000,27,29,27,29,18,18,108035,103,0,0,80291,1,27744,102,27,29,27,29,18,18,108035,103,0,0,80291,1,27744,102,27,29,27,29,18,18,108035,103,0,0,80291,1,27744,102,27,29,27,29,18,18,108035,103,0,0,80291,1,27744,102,27,29,27,29,18,18,108035,103,0,0,80291,1,27744,102,27,29,27,29,18,18,108035,103,0,0,80291,1,27744,102
119,0,1000,0,0,1000,0,1000,27,29,27,29,19,19,0,0,0,0,0,0,0,0,27,29,27,29,19,19,0,0,0,0,0,0,0,0,27,29,27,29,19,19,0,0,0,0,0,0,0,0,27,29,27,29,19,19,0,0,0,0,0,0,0,0,27,29,27,29,19,19,0,0,0,0,0,0,0,0,27,29,27,29,19,19,0,0,0,0,0,0,0,0
120,0,1000,0,0,1000,0,1000,27,29,27,29,19,19,0,0,0,0,0,0,0,0,27,29,27,29,19,19,0,0,0,0,0,0,0,0,27,29,27,29,19,19,0,0,0,0,0,0,0,0,27,29,27,29,19,19,0,0,0,0,0,0,0,0,27,29,27,29,19,19,0,0,0,0,0,0,0,0,27,29,27,29,19,19,0,0,0,0,0,0,0,0
121,0,1000,0,0,1000,0,1000,27,29,27,29,19,19,83703,1,83703,1,0,0,0,0,27,29,27,29,19,19,83703,1,83703,1,0,0,0,0,27,29,27,29,19,19,83703,1,83703,1,0,0,0,0,27,29,27,29,19,19,83703,1,83703,1,0,0,0,0,27,29,27,29,19,19,83703,1,83703,1,0,0,0,0,27,29,27,29,19,19,83703,1,83703,1,0,0,0,0
122,0,1000,0,0,1000,0,1000,28,30,28,30,19,19,112115,118,0,0,80291,1,31824,117,28,30,28,30,19,19,112115,118,0,0,80291,1,31824,117,28,30,28,30,19,19,112115,118,0,0,80291,1,31824,117,28,30,28,30,19,19,112115,118,0,0,80291,1,31824,117,28,30,28,30,19,19,112115,118,0,0,80291,1,31824,117,28,30,28,30,19,19,112115,118,0,0,80291,1,31824,117
123,0,1000,0,0,1000,0,1000,28,30,28,30,19,19,0,0,0,0,0,0,0,0,28,30,28,30,19,19,0,0,0,0,0,0,0,0,28,30,28,30,19,19,0,0,0,0,0,0,0,0,28,30,28,30,19,19,0,0,0,0,0,0,0,0,28,30,28,30,19,19,0,0,0,0,0,0,0,0,28,30,28,30,19,19,0,0,0,0,0,0,0,0
124,0,1000,0,0,1000,0,1000,28,30,28,30,19,19,0,0,0,0,0,0,0,0,28,30,28,30,19,19,0,0,0,0,0,0,0,0,28,30,28,30,19,19,0,0,0,0,0,0,0,0,28,30,28,30,19,19,0,0,0,0,0,0,0,0,28,30,28,30,19,19,0,0,0,0,0,0,0,0,28,30,28,30,19,19,0,0,0,0,0,0,0,0
125,0,1000,0,0,1000,0,1000,28,30,28,30,19,19,168366,2,168366,2,0,0,0,0,28,30,28,30,19,19,168366,2,168366,2,0,0,0,0,28,30,28,30,19,19,168366,2,168366,2,0,0,0,0,28,30,28,30,19,19,168366,2,168366,2,0,0,0,0,28,30,28,30,19,19,168366,2,168366,2,0,0,0,0,28,30,28,30,19,19,168366,2,168366,2,0,0,0,0
126,0,1000,0,0,1000,0,1000,28,30,28,30,19,19,100691,76,0,0,80291,1,20400,75,28,30,28,30,19,19,100691,76,0,0,80291,1,20400,75,28,30,28,30,19,19,100691,76,0,0,80291,1,20400,75,28,30,28,30,19,19,100691,76,0,0,80291,1,20400,75,28,30,28,30,19,19,100691,76,0,0,80291,1,20400,75,28,30,28,30,19,19,100691,76,0,0,80291,1,20400,75
127,0,1000,0,0,1000,0,1000,28,30,28,30,20,21,0,0,0,0,0,0,0,0,28,30,28,30,20,21,0,0,0,0,0,0,0,0,28,30,28,30,20,21,0,0,0,0,0,0,0,0,28,30,28,30,20,21,0,0,0,0,0,0,0,0,28,30,28,30,20,21,0,0,0,0,0,0,0,0,28,30,28,30,20,21,0,0,0,0,0,0,0,0
128,0,1000,0,0,1000,0,1000,28,30,28,30,20,21,0,0,0,0,0,0,0,0,28,30,28,30,20,21,0,0,0,0,0,0,0,0,28,30,28,30,20,21,0,0,0,0,0,0,0,0,28,30,28,30,20,21,0,0,0,0,0,0,0,0,28,30,28,30,20,21,0,0,0,0,0,0,0,0,28,30,28,30,20,21,0,0,0,0,0,0,0,0
129,0,1000,0,0,1000,0,1000,28,30,28,30,20,21,0,0,0,0,0,0,0,0,28,30,28,30,20,21,0,0,0,0,0,0,0,0,28,30,28,30,20,21,0,0,0,0,0,0,0,0,28,30,28,30,20,21,0,0,0,0,0,0,0,0,28,30,28,30,20,21,0,0,0,0,0,0,0,0,28,30,28,30,20,21,0,0,0,0,0,0,0,0
130,0,1000,0,0,1000,0,1000,29,31,29,31,20,21,23936,88,0,0,0,0,23936,88,29,31,29,31,20,21,23936,88,0,0,0,0,23936,88,29,31,29,31,20,21,23936,88,0,0,0,0,23936,88,29,31,29,31,20,21,23936,88,0,0,0,0,23936,88,29,31,29,31,20,21,23936,88,0,0,0,0,23936,88,29,31,29,31,20,21,23936,88,0,0,0,0,23936,88
131,0,1000,0,0,1000,0,1000,29,31,29,31,21,22,0,0,0,0,0,0,0,0,29,31,29,31,21,22,0,0,0,0,0,0,0,0,29,31,29,31,21,22,0,0,0,0,0,0,0,0,29,31,29,31,21,22,0,0,0,0,0,0,0,0,29,31,29,31,21,22,0,0,0,0,0,0,0,0,29,31,29,31,21,22,0,0,0,0,0,0,0,0
132,0,1000,0,0,1000,0,1000,29,31,29,31,21,22,0,0,0,0,0,0,0,0,29,31,29,31,21,22,0,0,0,0,0,0,0,0,29,31,29,31,21,22,0,0,0,0,0,0,0,0,29,31,29,31,21,22,0,0,0,0,0,0,0,0,29,31,29,31,21,22,0,0,0,0,0,0,0,0,29,31,29,31,21,22,0,0,0,0,0,0,0,0
133,0,1000,0,0,1000,0,1000,29,31,29,31,21,22,166510,2,166510,2,0,0,0,0,29,31,29,31,21,22,166510,2,166510,2,0,0,0,0,29,31,29,31,21,22,166510,2,166510,2,0,0,0,0,29,31,29,31,21,22,166510,2,166510,2,0,0,0,0,29,31,29,31,21,22,166510,2,166510,2,0,0,0,0,29,31,29,31,21,22,166510,2,166510,2,0,0,0,0
134,0,1000,0,0,1000,0,1000,30,33,30,33,21,22,114291,126,0,0,80291,1,34000,125,30,33,30,33,21,22,114291,126,0,0,80291,1,34000,125,30,33,30,33,21,22,114291,126,0,0,80291,1,34000,125,30,33,30,33,21,22,114291,126,0,0,80291,1,34000,125,30,33,30,33,21,22,114291,126,0,0,80291,1,34000,125,30,33,30,33,21,22,114291,126,0,0,80291,1,34000,125
135,0,1000,0,0,1000,0,1000,30,33,30,33,22,23,0,0,0,0,0,0,0,0,30,33,30,33,22,23,0,0,0,0,0,0,0,0,30,33,30,33,22,23,0,0,0,0,0,0,0,0,30,33,30,33,22,23,0,0,0,0,0,0,0,0,30,33,30,33,22,23,0,0,0,0,0,0,0,0,30,33,30,33,22,23,0,0,0,0,0,0,0,0
136,0,1000,0,0,1000,0,1000,30,33,30,33,22,23,0,0,0,0,0,0,0,0,30,33,30,33,22,23,0,0,0,0,0,0,0,0,30,33,30,33,22,23,0,0,0,0,0,0,0,0,30,33,30,33,22,23,0,0,0,0,0,0,0,0,30,33,30,33,22,23,0,0,0,0,0,0,0,0,30,33,30,33,22,23,0,0,0,0,0,0,0,0
137,0,1000,0,0,1000,0,1000,30,33,30,33,22,23,0,0,0,0,0,0,0,0,30,33,30,33,22,23,0,0,0,0,0,0,0,0,30,33,30,33,22,23,0,0,0,0,0,0,0,0,30,33,30,33,22,23,0,0,0,0,0,0,0,0,30,33,30,33,22,23,0,0,0,0,0,0,0,0,30,33,30,33,22,23,0,0,0,0,0,0,0,0
138,0,1000,0,0,1000,0,1000,30,33,30,33,22,23,30464,112,0,0,0,0,30464,112,30,33,30,33,22,23,30464,112,0,0,0,0,30464,112,30,33,30,33,22,23,30464,112,0,0,0,0,30464,112,30,33,30,33,22,23,30464,112,0,0,0,0,30464,112,30,33,30,33,22,23,30464,112,0,0,0,0,30464,112,30,33,30,33,22,23,30464,112,0,0,0,0,30464,112
139,0,1000,0,0,1000,0,1000,30,33,30,33,23,24,0,0,0,0,0,0,0,0,30,33,30,33,23,24,0,0,0,0,0,0,0,0,30,33,30,33,23,24,0,0,0,0,0,0,0,0,30,33,30,33,23,24,0,0,0,0,0,0,0,0,30,33,30,33,23,24,0,0,0,0,0,0,0,0,30,33,30,33,23,24,0,0,0,0,0,0,0,0
140,0,1000,0,0,1000,0,1000,30,33,30,33,23,24,0,0,0,0,0,0,0,0,30,33,30,33,23,24,0,0,0,0,0,0,0,0,30,33,30,33,23,24,0,0,0,0,0,0,0,0,30,33,30,33,23,24,0,0,0,0,0,0,0,0,30,33,30,33,23,24,0,0,0,0,0,0,0,0,30,33,30,33,23,24,0,0,0,0,0,0,0,0
141,0,1000,0,0,1000,0,1000,30,33,30,33,23,24,84023,1,84023,1,0,0,0,0,30,33,30,33,23,24,84023,1,84023,1,0,0,0,0,30,33,30,33,23,24,84023,1,84023,1,0,0,0,0,30,33,30,33,23,24,84023,1,84023,1,0,0,0,0,30,33,30,33,23,24,84023,1,84023,1,0,0,0,0,30,33,30,33,23,24,84023,1,84023,1,0,0,0,0
142,0,1000,0,0,1000,0,1000,31,35,31,35,23,24,105043,92,0,0,80291,1,24752,91,31,35,31,35,23,24,105043,92,0,0,80291,1,24752,91,31,35,31,35,23,24,105043,92,0,0,80291,1,24752,91,31,35,31,35,23,24,105043,92,0,0,80291,1,24752,91,31,35,31,35,23,24,105043,92,0,0,80291,1,24752,91,31,35,31,35,23,24,105043,92,0,0,80291,1,24752,91
143,0,1000,0,0,1000,0,1000,31,35,31,35,24,25,0,0,0,0,0,0,0,0,31,35,31,35,24,25,0,0,0,0,0,0,0,0,31,35,31,35,24,25,0,0,0,0,0,0,0,0,31,35,31,35,24,25,0,0,0,0,0,0,0,0,31,35,31,35,24,25,0,0,0,0,0,0,0,0,31,35,31,35,24,25,0,0,0,0,0,0,0,0
144,0,1000,0,0,1000,0,1000,31,35,31,35,24,25,0,0,0,0,0,0,0,0,31,35,31,35,24,25,0,0,0,0,0,0,0,0,31,35,31,35,24,25,0,0,0,0,0,0,0,0,31,35,31,35,24,25,0,0,0,0,0,0,0,0,31,35,31,35,24,25,0,0,0,0,0,0,0,0,31,35,31,35,24,25,0,0,0,0,0,0,0,0
145,0,1000,0,0,1000,0,1000,31,35,31,35,24,25,0,0,0,0,0,0,0,0,31,35,31,35,24,25,0,0,0,0,0,0,0,0,31,35,31,35,24,25,0,0,0,0,0,0,0,0,31,35,31,35,24,25,0,0,0,0,0,0,0,0,31,35,31,35,24,25,0,0,0,0,0,0,0,0,31,35,31,35,24,25,0,0,0,0,0,0,0,0
146,0,1000,0,0,1000,0,1000,31,35,31,35,24,25,27472,101,0,0,0,0,27472,101,31,35,31,35,24,25,27472,101,0,0,0,0,27472,101,31,35,31,35,24,25,27472,101,0,0,0,0,27472,101,31,35,31,35,24,25,27472,101,0,0,0,0,27472,101,31,35,31,35,24,25,27472,101,0,0,0,0,27472,101,31,35,31,35,24,25,27472,101,0,0,0,0,27472,101
147,0,1000,0,0,1000,0,1000,31,35,31,35,25,26,0,0,0,0,0,0,0,0,31,35,31,35,25,26,0,0,0,0,0,0,0,0,31,35,31,35,25,26,0,0,0,0,0,0,0,0,31,35,31,35,25,26,0,0,0,0,0,0,0,0,31,35,31,35,25,26,0,0,0,0,0,0,0,0,31,35,31,35,25,26,0,0,0,0,0,0,0,0
148,0,1000,0,0,1000,0,1000,31,35,31,35,25,26,0,0,0,0,0,0,0,0,31,35,31,35,25,26,0,0,0,0,0,0,0,0,31,35,31,35,25,26,0,0,0,0,0,0,0,0,31,35,31,35,25,26,0,0,0,0,0,0,0,0,31,35,31,35,25,26,0,0,0,0,0,0,0,0,31,35,31,35,25,26,0,0,0,0,0,0,0,0
149,0,1000,0,0,1000,0,1000,31,35,31,35,25,26,0,0,0,0,0,0,0,0,31,35,31,35,25,26,0,0,0,0,0,0,0,0,31,35,31,35,25,26,0,0,0,0,0,0,0,0,31,35,31,35,25,26,0,0,0,0,0,0,0,0,31,35,31,35,25,26,0,0,0,0,0,0,0,0,31,35,31,35,25,26,0,0,0,0,0,0,0,0
150,0,1000,0,0,1000,0,1000,31,35,31,35,25,26,24480,90,0,0,0,0,24480,90,31,35,31,35,25,26,24480,90,0,0,0,0,24480,90,31,35,31,35,25,26,24480,90,0,0,0,0,24480,90,31,35,31,35,25,26,24480,90,0,0,0,0,24480,90,31,35,31,35,25,26,24480,90,0,0,0,0,24480,90,31,35,31,35,25,26,24480,90,0,0,0,0,24480,90
151,0,1000,0,0,1000,0,1000,31,35,31,35,25,26,0,0,0,0,0,0,0,0,31,35,31,35,25,26,0,0,0,0,0,0,0,0,31,35,31,35,25,26,0,0,0,0,0,0,0,0,31,35,31,35,25,26,0,0,0,0,0,0,0,0,31,35,31,35,25,26,0,0,0,0,0,0,0,0,31,35,31,35,25,26,0,0,0,0,0,0,0,0
152,0,1000,0,0,1000,0,1000,31,35,31,35,25,26,0,0,0,0,0,0,0,0,31,35,31,35,25,26,0,0,0,0,0,0,0,0,31,35,31,35,25,26,0,0,0,0,0,0,0,0,31,35,31,35,25,26,0,0,0,0,0,0,0,0,31,35,31,35,25,26,0,0,0,0,0,0,0,0,31,35,31,35,25,26,0,0,0,0,0,0,0,0
153,0,1000,0,0,1000,0,1000,31,35,31,35,25,26,416595,5,416595,5,0,0,0,0,31,35,31,35,25,26,416595,5,416595,5,0,0,0,0,31,35,31,35,25,26,416595,5,416595,5,0,0,0,0,31,35,31,35,25,26,416595,5,416595,5,0,0,0,0,31,35,31,35,25,26,416595,5,416595,5,0,0,0,0,31,35,31,35,25,26,416595,5,416595,5,0,0,0,0
154,0,1000,0,0,1000,0,1000,32,38,32,38,25,26,107219,100,0,0,80291,1,26928,99,32,38,32,38,25,26,107219,100,0,0,80291,1,26928,99,32,38,32,38,25,26,107219,100,0,0,80291,1,26928,99,32,38,32,38,25,26,107219,100,0,0,80291,1,26928,99,32,38,32,38,25,26,107219,100,0,0,80291,1,26928,99,32,38,32,38,25,26,107219,100,0,0,80291,1,26928,99
155,0,1000,0,0,1000,0,1000,32,38,32,38,26,28,0,0,0,0,0,0,0,0,32,38,32,38,26,28,0,0,0,0,0,0,0,0,32,38,32,38,26,28,0,0,0,0,0,0,0,0,32,38,32,38,26,28,0,0,0,0,0,0,0,0,32,38,32,38,26,28,0,0,0,0,0,0,0,0,32,38,32,38,26,28,0,0,0,0,0,0,0,0
156,0,1000,0,0,1000,0,1000,32,38,32,38,26,28,0,0,0,0,0,0,0,0,32,38,32,38,26,28,0,0,0,0,0,0,0,0,32,38,32,38,26,28,0,0,0,0,0,0,0,0,32,38,32,38,26,28,0,0,0,0,0,0,0,0,32,38,32,38,26,28,0,0,0,0,0,0,0,0,32,38,32,38,26,28,0,0,0,0,0,0,0,0
157,0,1000,0,0,1000,0,1000,32,38,32,38,26,28,83607,1,83607,1,0,0,0,0,32,38,32,38,26,28,83607,1,83607,1,0,0,0,0,32,38,32,38,26,28,83607,1,83607,1,0,0,0,0,32,38,32,38,26,28,83607,1,83607,1,0,0,0,0,32,38,32,38,26,28,83607,1,83607,1,0,0,0,0,32,38,32,38,26,28,83607,1,83607,1,0,0,0,0
158,0,1000,0,0,1000,0,1000,33,39,33,39,26,28,105043,92,0,0,80291,1,24752,91,33,39,33,39,26,28,105043,92,0,0,80291,1,24752,91,33,39,33,39,26,28,105043,92,0,0,80291,1,24752,91,33,39,33,39,26,28,105043,92,0,0,80291,1,24752,91,33,39,33,39,26,28,105043,92,0,0,80291,1,24752,91,33,39,33,39,26,28,105043,92,0,0,80291,1,24752,91
159,0,1000,0,0,1000,0,1000,33,39,33,39,27,29,0,0,0,0,0,0,0,0,33,39,33,39,27,29,0,0,0,0,0,0,0,0,33,39,33,39,27,29,0,0,0,0,0,0,0,0,33,39,33,39,27,29,0,0,0,0,0,0,0,0,33,39,33,39,27,29,0,0,0,0,0,0,0,0,33,39,33,39,27,29,0,0,0,0,0,0,0,0
160,0,1000,0,0,1000,0,1000,33,39,33,39,27,29,0,0,0,0,0,0,0,0,33,39,33,39,27,29,0,0,0,0,0,0,0,0,33,39,33,39,27,29,0,0,0,0,0,0,0,0,33,39,33,39,27,29,0,0,0,0,0,0,0,0,33,39,33,39,27,29,0,0,0,0,0,0,0,0,33,39,33,39,27,29,0,0,0,0,0,0,0,0
161,0,1000,0,0,1000,0,1000,33,39,33,39,27,29,0,0,0,0,0,0,0,0,33,39,33,39,27,29,0,0,0,0,0,0,0,0,33,39,33,39,27,29,0,0,0,0,0,0,0,0,33,39,33,39,27,29,0,0,0,0,0,0,0,0,33,39,33,39,27,29,0,0,0,0,0,0,0,0,33,39,33,39,27,29,0,0,0,0,0,0,0,0
162,0,1000,0,0,1000,0,1000,33,39,33,39,27,29,27744,102,0,0,0,0,27744,102,33,39,33,39,27,29,27744,102,0,0,0,0,27744,102,33,39,33,39,27,29,27744,102,0,0,0,0,27744,102,33,39,33,39,27,29,27744,102,0,0,0,0,27744,102,33,39,33,39,27,29,27744,102,0,0,0,0,27744,102,33,39,33,39,27,29,27744,102,0,0,0,0,27744,102
163,0,1000,0,0,1000,0,1000,33,39,33,39,28,30,0,0,0,0,0,0,0,0,33,39,33,39,28,30,0,0,0,0,0,0,0,0,33,39,33,39,28,30,0,0,0,0,0,0,0,0,33,39,33,39,28,30,0,0,0,0,0,0,0,0,33,39,33,39,28,30,0,0,0,0,0,0,0,0,33,39,33,39,28,30,0,0,0,0,0,0,0,0
164,0,1000,0,0,1000,0,1000,33,39,33,39,28,30,0,0,0,0,0,0,0,0,33,39,33,39,28,30,0,0,0,0,0,0,0,0,33,39,33,39,28,30,0,0,0,0,0,0,0,0,33,39,33,39,28,30,0,0,0,0,0,0,0,0,33,39,33,39,28,30,0,0,0,0,0,0,0,0,33,39,33,39,28,30,0,0,0,0,0,0,0,0
165,0,1000,0,0,1000,0,1000,33,39,33,39,28,30,0,0,0,0,0,0,0,0,33,39,33,39,28,30,0,0,0,0,0,0,0,0,33,39,33,39,28,30,0,0,0,0,0,0,0,0,33,39,33,39,28,30,0,0,0,0,0,0,0,0,33,39,33,39,28,30,0,0,0,0,0,0,0,0,33,39,33,39,28,30,0,0,0,0,0,0,0,0
166,0,1000,0,0,1000,0,1000,33,39,33,39,28,30,28016,103,0,0,0,0,28016,103,33,39,33,39,28,30,28016,103,0,0,0,0,28016,103,33,39,33,39,28,30,28016,103,0,0,0,0,28016,103,33,39,33,39,28,30,28016,103,0,0,0,0,28016,103,33,39,33,39,28,30,28016,103,0,0,0,0,28016,103,33,39,33,39,28,30,28016,103,0,0,0,0,28016,103
167,0,1000,0,0,1000,0,1000,33,39,33,39,29,31,0,0,0,0,0,0,0,0,33,39,33,39,29,31,0,0,0,0,0,0,0,0,33,39,33,39,29,31,0,0,0,0,0,0,0,0,33,39,33,39,29,31,0,0,0,0,0,0,0,0,33,39,33,39,29,31,0,0,0,0,0,0,0,0,33,39,33,39,29,31,0,0,0,0,0,0,0,0
168,0,1000,0,0,1000,0,1000,33,39,33,39,29,31,0,0,0,0,0,0,0,0,33,39,33,39,29,31,0,0,0,0,0,0,0,0,33,39,33,39,29,31,0,0,0,0,0,0,0,0,33,39,33,39,29,31,0,0,0,0,0,0,0,0,33,39,33,39,29,31,0,0,0,0,0,0,0,0,33,39,33,39,29,31,0,0,0,0,0,0,0,0
169,0,1000,0,0,1000,0,1000,33,39,33,39,29,31,83735,1,83735,1,0,0,0,0,33,39,33,39,29,31,83735,1,83735,1,0,0,0,0,33,39,33,39,29,31,83735,1,83735,1,0,0,0,0,33,39,33,39,29,31,83735,1,83735,1,0,0,0,0,33,39,33,39,29,31,83735,1,83735,1,0,0,0,0,33,39,33,39,29,31,83735,1,83735,1,0,0,0,0
170,0,1000,0,0,1000,0,1000,34,42,34,42,29,31,105859,95,0,0,80291,1,25568,94,34,42,34,42,29,31,105859,95,0,0,80291,1,25568,94,34,42,34,42,29,31,105859,95,0,0,80291,1,25568,94,34,42,34,42,29,31,105859,95,0,0,80291,1,25568,94,34,42,34,42,29,31,105859,95,0,0,80291,1,25568,94,34,42,34,42,29,31,105859,95,0,0,80291,1,25568,94
171,0,1000,0,0,1000,0,1000,34,42,34,42,29,31,0,0,0,0,0,0,0,0,34,42,34,42,29,31,0,0,0,0,0,0,0,0,34,42,34,42,29,31,0,0,0,0,0,0,0,0,34,42,34,42,29,31,0,0,0,0,0,0,0,0,34,42,34,42,29,31,0,0,0,0,0,0,0,0,34,42,34,42,29,31,0,0,0,0,0,0,0,0
172,0,1000,0,0,1000,0,1000,34,42,34,42,29,31,0,0,0,0,0,0,0,0,34,42,34,42,29,31,0,0,0,0,0,0,0,0,34,42,34,42,29,31,0,0,0,0,0,0,0,0,34,42,34,42,29,31,0,0,0,0,0,0,0,0,34,42,34,42,29,31,0,0,0,0,0,0,0,0,34,42,34,42,29,31,0,0,0,0,0,0,0,0
173,0,1000,0,0,1000,0,1000,34,42,34,42,29,31,0,0,0,0,0,0,0,0,34,42,34,42,29,31,0,0,0,0,0,0,0,0,34,42,34,42,29,31,0,0,0,0,0,0,0,0,34,42,34,42,29,31,0,0,0,0,0,0,0,0,34,42,34,42,29,31,0,0,0,0,0,0,0,0,34,42,34,42,29,31,0,0,0,0,0,0,0,0
174,0,1000,0,0,1000,0,1000,34,42,34,42,29,31,24752,91,0,0,0,0,24752,91,34,42,34,42,29,31,24752,91,0,0,0,0,24752,91,34,42,34,42,29,31,24752,91,0,0,0,0,24752,91,34,42,34,42,29,31,24752,91,0,0,0,0,24752,91,34,42,34,42,29,31,24752,91,0,0,0,0,24752,91,34,42,34,42,29,31,24752,91,0,0,0,0,24752,91
175,0,1000,0,0,1000,0,1000,34,42,34,42,30,33,0,0,0,0,0,0,0,0,34,42,34,42,30,33,0,0,0,0,0,0,0,0,34,42,34,42,30,33,0,0,0,0,0,0,0,0,34,42,34,42,30,33,0,0,0,0,0,0,0,0,34,42,34,42,30,33,0,0,0,0,0,0,0,0,34,42,34,42,30,33,0,0,0,0,0,0,0,0
176,0,1000,0,0,1000,0,1000,34,42,34,42,30,33,0,0,0,0,0,0,0,0,34,42,34,42,30,33,0,0,0,0,0,0,0,0,34,42,34,42,30,33,0,0,0,0,0,0,0,0,34,42,34,42,30,33,0,0,0,0,0,0,0,0,34,42,34,42,30,33,0,0,0,0,0,0,0,0,34,42,34,42,30,33,0,0,0,0,0,0,0,0
177,0,1000,0,0,1000,0,1000,34,42,34,42,30,33,83351,1,83351,1,0,0,0,0,34,42,34,42,30,33,83351,1,83351,1,0,0,0,0,34,42,34,42,30,33,83351,1,83351,1,0,0,0,0,34,42,34,42,30,33,83351,1,83351,1,0,0,0,0,34,42,34,42,30,33,83351,1,83351,1,0,0,0,0,34,42,34,42,30,33,83351,1,83351,1,0,0,0,0
178,0,1000,0,0,1000,0,1000,35,44,35,44,30,33,110211,111,0,0,80291,1,29920,110,35,44,35,44,30,33,110211,111,0,0,80291,1,29920,110,35,44,35,44,30,33,110211,111,0,0,80291,1,29920,110,35,44,35,44,30,33,110211,111,0,0,80291,1,29920,110,35,44,35,44,30,33,110211,111,0,0,80291,1,29920,110,35,44,35,44,30,33,110211,111,0,0,80291,1,29920,110
179,0,1000,0,0,1000,0,1000,35,44,35,44,30,33,0,0,0,0,0,0,0,0,35,44,35,44,30,33,0,0,0,0,0,0,0,0,35,44,35,44,30,33,0,0,0,0,0,0,0,0,35,44,35,44,30,33,0,0,0,0,0,0,0,0,35,44,35,44,30,33,0,0,0,0,0,0,0,0,35,44,35,44,30,33,0,0,0,0,0,0,0,0
180,0,1000,0,0,1000,0,1000,35,44,35,44,30,33,0,0,0,0,0,0,0,0,35,44,35,44,30,33,0,0,0,0,0,0,0,0,35,44,35,44,30,33,0,0,0,0,0,0,0,0,35,44,35,44,30,33,0,0,0,0,0,0,0,0,35,44,35,44,30,33,0,0,0,0,0,0,0,0,35,44,35,44,30,33,0,0,0,0,0,0,0,0
181,0,1000,0,0,1000,0,1000,35,44,35,44,30,33,0,0,0,0,0,0,0,0,35,44,35,44,30,33,0,0,0,0,0,0,0,0,35,44,35,44,30,33,0,0,0,0,0,0,0,0,35,44,35,44,30,33,0,0,0,0,0,0,0,0,35,44,35,44,30,33,0,0,0,0,0,0,0,0,35,44,35,44,30,33,0,0,0,0,0,0,0,0
182,0,1000,0,0,1000,0,1000,35,44,35,44,30,33,24752,91,0,0,0,0,24752,91,35,44,35,44,30,33,24752,91,0,0,0,0,24752,91,35,44,35,44,30,33,24752,91,0,0,0,0,24752,91,35,44,35,44,30,33,24752,91,0,0,0,0,24752,91,35,44,35,44,30,33,24752,91,0,0,0,0,24752,91,35,44,35,44,30,33,24752,91,0,0,0,0,24752,91
183,0,1000,0,0,1000,0,1000,35,44,35,44,31,35,0,0,0,0,0,0,0,0,35,44,35,44,31,35,0,0,0,0,0,0,0,0,35,44,35,44,31,35,0,0,0,0,0,0,0,0,35,44,35,44,31,35,0,0,0,0,0,0,0,0,35,44,35,44,31,35,0,0,0,0,0,0,0,0,35,44,35,44,31,35,0,0,0,0,0,0,0,0
184,0,1000,0,0,1000,0,1000,35,44,35,44,31,35,0,0,0,0,0,0,0,0,35,44,35,44,31,35,0,0,0,0,0,0,0,0,35,44,35,44,31,35,0,0,0,0,0,0,0,0,35,44,35,44,31,35,0,0,0,0,0,0,0,0,35,44,35,44,31,35,0,0,0,0,0,0,0,0,35,44,35,44,31,35,0,0,0,0,0,0,0,0
185,0,1000,0,0,1000,0,1000,35,44,35,44,31,35,166702,2,166702,2,0,0,0,0,35,44,35,44,31,35,166702,2,166702,2,0,0,0,0,35,44,35,44,31,35,166702,2,166702,2,0,0,0,0,35,44,35,44,31,35,166702,2,166702,2,0,0,0,0,35,44,35,44,31,35,166702,2,166702,2,0,0,0,0,35,44,35,44,31,35,166702,2,166702,2,0,0,0,0
186,0,1000,0,0,1000,0,1000,36,46,36,46,31,35,105315,93,0,0,80291,1,25024,92,36,46,36,46,31,35,105315,93,0,0,80291,1,25024,92,36,46,36,46,31,35,105315,93,0,0,80291,1,25024,92,36,46,36,46,31,35,105315,93,0,0,80291,1,25024,92,36,46,36,46,31,35,105315,93,0,0,80291,1,25024,92,36,46,36,46,31,35,105315,93,0,0,80291,1,25024,92
187,0,1000,0,0,1000,0,1000,36,46,36,46,31,35,0,0,0,0,0,0,0,0,36,46,36,46,31,35,0,0,0,0,0,0,0,0,36,46,36,46,31,35,0,0,0,0,0,0,0,0,36,46,36,46,31,35,0,0,0,0,0,0,0,0,36,46,36,46,31,35,0,0,0,0,0,0,0,0,36,46,36,46,31,35,0,0,0,0,0,0,0,0
188,0,1000,0,0,1000,0,1000,36,46,36,46,31,35,0,0,0,0,0,0,0,0,36,46,36,46,31,35,0,0,0,0,0,0,0,0,36,46,36,46,31,35,0,0,0,0,0,0,0,0,36,46,36,46,31,35,0,0,0,0,0,0,0,0,36,46,36,46,31,35,0,0,0,0,0,0,0,0,36,46,36,46,31,35,0,0,0,0,0,0,0,0
189,0,1000,0,0,1000,0,1000,36,46,36,46,31,35,166766,2,166766,2,0,0,0,0,36,46,36,46,31,35,166766,2,166766,2,0,0,0,0,36,46,36,46,31,35,166766,2,166766,2,0,0,0,0,36,46,36,46,31,35,166766,2,166766,2,0,0,0,0,36,46,36,46,31,35,166766,2,166766,2,0,0,0,0,36,46,36,46,31,35,166766,2,166766,2,0,0,0,0
190,0,1000,0,0,1000,0,1000,37,47,37,47,31,35,101235,78,0,0,80291,1,20944,77,37,47,37,47,31,35,101235,78,0,0,80291,1,20944,77,37,47,37,47,31,35,101235,78,0,0,80291,1,20944,77,37,47,37,47,31,35,101235,78,0,0,80291,1,20944,77,37,47,37,47,31,35,101235,78,0,0,80291,1,20944,77,37,47,37,47,31,35,101235,78,0,0,80291,1,20944,77
191,0,1000,0,0,1000,0,1000,37,47,37,47,31,35,0,0,0,0,0,0,0,0,37,47,37,47,31,35,0,0,0,0,0,0,0,0,37,47,37,47,31,35,0,0,0,0,0,0,0,0,37,47,37,47,31,35,0,0,0,0,0,0,0,0,37,47,37,47,31,35,0,0,0,0,0,0,0,0,37,47,37,47,31,35,0,0,0,0,0,0,0,0
192,0,1000,0,0,1000,0,1000,37,47,37,47,31,35,0,0,0,0,0,0,0,0,37,47,37,47,31,35,0,0,0,0,0,0,0,0,37,47,37,47,31,35,0,0,0,0,0,0,0,0,37,47,37,47,31,35,0,0,0,0,0,0,0,0,37,47,37,47,31,35,0,0,0,0,0,0,0,0,37,47,37,47,31,35,0,0,0,0,0,0,0,0
193,0,1000,0,0,1000,0,1000,37,47,37,47,31,35,82903,1,82903,1,0,0,0,0,37,47,37,47,31,35,82903,1,82903,1,0,0,0,0,37,47,37,47,31,35,82903,1,82903,1,0,0,0,0,37,47,37,47,31,35,82903,1,82903,1,0,0,0,0,37,47,37,47,31,35,82903,1,82903,1,0,0,0,0,37,47,37,47,31,35,82903,1,82903,1,0,0,0,0
194,0,1000,0,0,1000,0,1000,38,48,38,48,31,35,107763,102,0,0,80291,1,27472,101,38,48,38,48,31,35,107763,102,0,0,80291,1,27472,101,38,48,38,48,31,35,107763,102,0,0,80291,1,27472,101,38,48,38,48,31,35,107763,102,0,0,80291,1,27472,101,38,48,38,48,31,35,107763,102,0,0,80291,1,27472,101,38,48,38,48,31,35,107763,102,0,0,80291,1,27472,101
195,0,1000,0,0,1000,0,1000,38,48,38,48,32,38,0,0,0,0,0,0,0,0,38,48,38,48,32,38,0,0,0,0,0,0,0,0,38,48,38,48,32,38,0,0,0,0,0,0,0,0,38,48,38,48,32,38,0,0,0,0,0,0,0,0,38,48,38,48,32,38,0,0,0,0,0,0,0,0,38,48,38,48,32,38,0,0,0,0,0,0,0,0
196,0,1000,0,0,1000,0,1000,38,48,38,48,32,38,0,0,0,0,0,0,0,0,38,48,38,48,32,38,0,0,0,0,0,0,0,0,38,48,38,48,32,38,0,0,0,0,0,0,0,0,38,48,38,48,32,38,0,0,0,0,0,0,0,0,38,48,38,48,32,38,0,0,0,0,0,0,0,0,38,48,38,48,32,38,0,0,0,0,0,0,0,0
197,0,1000,0,0,1000,0,1000,38,48,38,48,32,38,0,0,0,0,0,0,0,0,38,48,38,48,32,38,0,0,0,0,0,0,0,0,38,48,38,48,32,38,0,0,0,0,0,0,0,0,38,48,38,48,32,38,0,0,0,0,0,0,0,0,38,48,38,48,32,38,0,0,0,0,0,0,0,0,38,48,38,48,32,38,0,0,0,0,0,0,0,0
198,0,1000,0,0,1000,0,1000,38,48,38,48,32,38,27200,100,0,0,0,0,27200,100,38,48,38,48,32,38,27200,100,0,0,0,0,27200,100,38,48,38,48,32,38,27200,100,0,0,0,0,27200,100,38,48,38,48,32,38,27200,100,0,0,0,0,27200,100,38,48,38,48,32,38,27200,100,0,0,0,0,27200,100,38,48,38,48,32,38,27200,100,0,0,0,0,27200,100
199,0,1000,0,0,1000,0,1000,38,48,38,48,33,39,0,0,0,0,0,0,0,0,38,48,38,48,33,39,0,0,0,0,0,0,0,0,38,48,38,48,33,39,0,0,0,0,0,0,0,0,38,48,38,48,33,39,0,0,0,0,0,0,0,0,38,48,38,48,33,39,0,0,0,0,0,0,0,0,38,48,38,48,33,39,0,0,0,0,0,0,0,0
200,0,1000,0,0,1000,0,1000,38,48,38,48,33,39,0,0,0,0,0,0,0,0,38,48,38,48,33,39,0,0,0,0,0,0,0,0,38,48,38,48,33,39,0,0,0,0,0,0,0,0,38,48,38,48,33,39,0,0,0,0,0,0,0,0,38,48,38,48,33,39,0,0,0,0,0,0,0,0,38,48,38,48,33,39,0,0,0,0,0,0,0,0
201,0,1000,0,0,1000,0,1000,38,48,38,48,33,39,167278,2,167278,2,0,0,0,0,38,48,38,48,33,39,167278,2,167278,2,0,0,0,0,38,48,38,48,33,39,167278,2,167278,2,0,0,0,0,38,48,38,48,33,39,167278,2,167278,2,0,0,0,0,38,48,38,48,33,39,167278,2,167278,2,0,0,0,0,38,48,38,48,33,39,167278,2,167278,2,0,0,0,0
202,0,1000,0,0,1000,0,1000,39,50,39,50,33,39,108035,103,0,0,80291,1,27744,102,39,50,39,50,33,39,108035,103,0,0,80291,1,27744,102,39,50,39,50,33,39,108035,103,0,0,80291,1,27744,102,39,50,39,50,33,39,108035,103,0,0,80291,1,27744,102,39,50,39,50,33,39,108035,103,0,0,80291,1,27744,102,39,50,39,50,33,39,108035,103,0,0,80291,1,27744,102
203,0,1000,0,0,1000,0,1000,39,50,39,50,33,39,0,0,0,0,0,0,0,0,39,50,39,50,33,39,0,0,0,0,0,0,0,0,39,50,39,50,33,39,0,0,0,0,0,0,0,0,39,50,39,50,33,39,0,0,0,0,0,0,0,0,39,50,39,50,33,39,0,0,0,0,0,0,0,0,39,50,39,50,33,39,0,0,0,0,0,0,0,0
204,0,1000,0,0,1000,0,1000,39,50,39,50,33,39,0,0,0,0,0,0,0,0,39,50,39,50,33,39,0,0,0,0,0,0,0,0,39,50,39,50,33,39,0,0,0,0,0,0,0,0,39,50,39,50,33,39,0,0,0,0,0,0,0,0,39,50,39,50,33,39,0,0,0,0,0,0,0,0,39,50,39,50,33,39,0,0,0,0,0,0,0,0
205,0,1000,0,0,1000,0,1000,39,50,39,50,33,39,167406,2,167406,2,0,0,0,0,39,50,39,50,33,39,167406,2,167406,2,0,0,0,0,39,50,39,50,33,39,167406,2,167406,2,0,0,0,0,39,50,39,50,33,39,167406,2,167406,2,0,0,0,0,39,50,39,50,33,39,167406,2,167406,2,0,0,0,0,39,50,39,50,33,39,167406,2,167406,2,0,0,0,0
206,0,1000,0,0,1000,0,1000,40,51,40,51,33,39,108579,105,0,0,80291,1,28288,104,40,51,40,51,33,39,108579,105,0,0,80291,1,28288,104,40,51,40,51,33,39,108579,105,0,0,80291,1,28288,104,40,51,40,51,33,39,108579,105,0,0,80291,1,28288,104,40,51,40,51,33,39,108579,105,0,0,80291,1,28288,104,40,51,40,51,33,39,108579,105,0,0,80291,1,28288,104
207,0,1000,0,0,1000,0,1000,40,51,40,51,33,39,0,0,0,0,0,0,0,0,40,51,40,51,33,39,0,0,0,0,0,0,0,0,40,51,40,51,33,39,0,0,0,0,0,0,0,0,40,51,40,51,33,39,0,0,0,0,0,0,0,0,40,51,40,51,33,39,0,0,0,0,0,0,0,0,40,51,40,51,33,39,0,0,0,0,0,0,0,0
208,0,1000,0,0,1000,0,1000,40,51,40,51,33,39,0,0,0,0,0,0,0,0,40,51,40,51,33,39,0,0,0,0,0,0,0,0,40,51,40,51,33,39,0,0,0,0,0,0,0,0,40,51,40,51,33,39,0,0,0,0,0,0,0,0,40,51,40,51,33,39,0,0,0,0,0,0,0,0,40,51,40,51,33,39,0,0,0,0,0,0,0,0
209,0,1000,0,0,1000,0,1000,40,51,40,51,33,39,83767,1,83767,1,0,0,0,0,40,51,40,51,33,39,83767,1,83767,1,0,0,0,0,40,51,40,51,33,39,83767,1,83767,1,0,0,0,0,40,51,40,51,33,39,83767,1,83767,1,0,0,0,0,40,51,40,51,33,39,83767,1,83767,1,0,0,0,0,40,51,40,51,33,39,83767,1,83767,1,0,0,0,0
210,0,1000,0,0,1000,0,1000,41,52,41,52,33,39,108579,105,0,0,80291,1,28288,104,41,52,41,52,33,39,108579,105,0,0,80291,1,28288,104,41,52,41,52,33,39,108579,105,0,0,80291,1,28288,104,41,52,41,52,33,39,108579,105,0,0,80291,1,28288,104,41,52,41,52,33,39,108579,105,0,0,80291,1,28288,104,41,52,41,52,33,39,108579,105,0,0,80291,1,28288,104
211,0,1000,0,0,1000,0,1000,41,52,41,52,34,42,0,0,0,0,0,0,0,0,41,52,41,52,34,42,0,0,0,0,0,0,0,0,41,52,41,52,34,42,0,0,0,0,0,0,0,0,41,52,41,52,34,42,0,0,0,0,0,0,0,0,41,52,41,52,34,42,0,0,0,0,0,0,0,0,41,52,41,52,34,42,0,0,0,0,0,0,0,0
212,0,1000,0,0,1000,0,1000,41,52,41,52,34,42,0,0,0,0,0,0,0,0,41,52,41,52,34,42,0,0,0,0,0,0,0,0,41,52,41,52,34,42,0,0,0,0,0,0,0,0,41,52,41,52,34,42,0,0,0,0,0,0,0,0,41,52,41,52,34,42,0,0,0,0,0,0,0,0,41,52,41,52,34,42,0,0,0,0,0,0,0,0
213,0,1000,0,0,1000,0,1000,41,52,41,52,34,42,83767,1,83767,1,0,0,0,0,41,52,41,52,34,42,83767,1,83767,1,0,0,0,0,41,52,41,52,34,42,83767,1,83767,1,0,0,0,0,41,52,41,52,34,42,83767,1,83767,1,0,0,0,0,41,52,41,52,34,42,83767,1,83767,1,0,0,0,0,41,52,41,52,34,42,83767,1,83767,1,0,0,0,0
214,0,1000,0,0,1000,0,1000,42,53,42,53,34,42,109667,109,0,0,80291,1,29376,108,42,53,42,53,34,42,109667,109,0,0,80291,1,29376,108,42,53,42,53,34,42,109667,109,0,0,80291,1,29376,108,42,53,42,53,34,42,109667,109,0,0,80291,1,29376,108,42,53,42,53,34,42,109667,109,0,0,80291,1,29376,108,42,53,42,53,34,42,109667,109,0,0,80291,1,29376,108
215,0,1000,0,0,1000,0,1000,42,53,42,53,34,42,0,0,0,0,0,0,0,0,42,53,42,53,34,42,0,0,0,0,0,0,0,0,42,53,42,53,34,42,0,0,0,0,0,0,0,0,42,53,42,53,34,42,0,0,0,0,0,0,0,0,42,53,42,53,34,42,0,0,0,0,0,0,0,0,42,53,42,53,34,42,0,0,0,0,0,0,0,0
216,0,1000,0,0,1000,0,1000,42,53,42,53,34,42,0,0,0,0,0,0,0,0,42,53,42,53,34,42,0,0,0,0,0,0,0,0,42,53,42,53,34,42,0,0,0,0,0,0,0,0,42,53,42,53,34,42,0,0,0,0,0,0,0,0,42,53,42,53,34,42,0,0,0,0,0,0,0,0,42,53,42,53,34,42,0,0,0,0,0,0,0,0
217,0,1000,0,0,1000,0,1000,42,53,42,53,34,42,0,0,0,0,0,0,0,0,42,53,42,53,34,42,0,0,0,0,0,0,0,0,42,53,42,53,34,42,0,0,0,0,0,0,0,0,42,53,42,53,34,42,0,0,0,0,0,0,0,0,42,53,42,53,34,42,0,0,0,0,0,0,0,0,42,53,42,53,34,42,0,0,0,0,0,0,0,0
218,0,1000,0,0,1000,0,1000,42,53,42,53,34,42,28016,103,0,0,0,0,28016,103,42,53,42,53,34,42,28016,103,0,0,0,0,28016,103,42,53,42,53,34,42,28016,103,0,0,0,0,28016,103,42,53,42,53,34,42,28016,103,0,0,0,0,28016,103,42,53,42,53,34,42,28016,103,0,0,0,0,28016,103,42,53,42,53,34,42,28016,103,0,0,0,0,28016,103
219,0,1000,0,0,1000,0,1000,42,53,42,53,35,44,0,0,0,0,0,0,0,0,42,53,42,53,35,44,0,0,0,0,0,0,0,0,42,53,42,53,35,44,0,0,0,0,0,0,0,0,42,53,42,53,35,44,0,0,0,0,0,0,0,0,42,53,42,53,35,44,0,0,0,0,0,0,0,0,42,53,42,53,35,44,0,0,0,0,0,0,0,0
220,0,1000,0,0,1000,0,1000,42,53,42,53,35,44,0,0,0,0,0,0,0,0,42,53,42,53,35,44,0,0,0,0,0,0,0,0,42,53,42,53,35,44,0,0,0,0,0,0,0,0,42,53,42,53,35,44,0,0,0,0,0,0,0,0,42,53,42,53,35,44,0,0,0,0,0,0,0,0,42,53,42,53,35,44,0,0,0,0,0,0,0,0
221,0,1000,0,0,1000,0,1000,42,53,42,53,35,44,0,0,0,0,0,0,0,0,42,53,42,53,35,44,0,0,0,0,0,0,0,0,42,53,42,53,35,44,0,0,0,0,0,0,0,0,42,53,42,53,35,44,0,0,0,0,0,0,0,0,42,53,42,53,35,44,0,0,0,0,0,0,0,0,42,53,42,53,35,44,0,0,0,0,0,0,0,0
222,0,1000,0,0,1000,0,1000,42,53,42,53,35,44,25840,95,0,0,0,0,25840,95,42,53,42,53,35,44,25840,95,0,0,0,0,25840,95,42,53,42,53,35,44,25840,95,0,0,0,0,25840,95,42,53,42,53,35,44,25840,95,0,0,0,0,25840,95,42,53,42,53,35,44,25840,95,0,0,0,0,25840,95,42,53,42,53,35,44,25840,95,0,0,0,0,25840,95
223,0,1000,0,0,1000,0,1000,42,53,42,53,35,44,0,0,0,0,0,0,0,0,42,53,42,53,35,44,0,0,0,0,0,0,0,0,42,53,42,53,35,44,0,0,0,0,0,0,0,0,42,53,42,53,35,44,0,0,0,0,0,0,0,0,42,53,42,53,35,44,0,0,0,0,0,0,0,0,42,53,42,53,35,44,0,0,0,0,0,0,0,0
224,0,1000,0,0,1000,0,1000,42,53,42,53,35,44,0,0,0,0,0,0,0,0,42,53,42,53,35,44,0,0,0,0,0,0,0,0,42,53,42,53,35,44,0,0,0,0,0,0,0,0,42,53,42,53,35,44,0,0,0,0,0,0,0,0,42,53,42,53,35,44,0,0,0,0,0,0,0,0,42,53,42,53,35,44,0,0,0,0,0,0,0,0
225,0,1000,0,0,1000,0,1000,42,53,42,53,35,44,250437,3,250437,3,0,0,0,0,42,53,42,53,35,44,250437,3,250437,3,0,0,0,0,42,53,42,53,35,44,250437,3,250437,3,0,0,0,0,42,53,42,53,35,44,250437,3,250437,3,0,0,0,0,42,53,42,53,35,44,250437,3,250437,3,0,0,0,0,42,53,42,53,35,44,250437,3,250437,3,0,0,0,0
226,0,1000,0,0,1000,0,1000,43,56,43,56,35,44,105587,94,0,0,80291,1,25296,93,43,56,43,56,35,44,105587,94,0,0,80291,1,25296,93,43,56,43,56,35,44,105587,94,0,0,80291,1,25296,93,43,56,43,56,35,44,105587,94,0,0,80291,1,25296,93,43,56,43,56,35,44,105587,94,0,0,80291,1,25296,93,43,56,43,56,35,44,105587,94,0,0,80291,1,25296,93
227,0,1000,0,0,1000,0,1000,43,56,43,56,36,46,0,0,0,0,0,0,0,0,43,56,43,56,36,46,0,0,0,0,0,0,0,0,43,56,43,56,36,46,0,0,0,0,0,0,0,0,43,56,43,56,36,46,0,0,0,0,0,0,0,0,43,56,43,56,36,46,0,0,0,0,0,0,0,0,43,56,43,56,36,46,0,0,0,0,0,0,0,0
228,0,1000,0,0,1000,0,1000,43,56,43,56,36,46,0,0,0,0,0,0,0,0,43,56,43,56,36,46,0,0,0,0,0,0,0,0,43,56,43,56,36,46,0,0,0,0,0,0,0,0,43,56,43,56,36,46,0,0,0,0,0,0,0,0,43,56,43,56,36,46,0,0,0,0,0,0,0,0,43,56,43,56,36,46,0,0,0,0,0,0,0,0
229,0,1000,0,0,1000,0,1000,43,56,43,56,36,46,83415,1,83415,1,0,0,0,0,43,56,43,56,36,46,83415,1,83415,1,0,0,0,0,43,56,43,56,36,46,83415,1,83415,1,0,0,0,0,43,56,43,56,36,46,83415,1,83415,1,0,0,0,0,43,56,43,56,36,46,83415,1,83415,1,0,0,0,0,43,56,43,56,36,46,83415,1,83415,1,0,0,0,0
230,0,1000,0,0,1000,0,1000,44,57,44,57,36,46,106947,99,0,0,80291,1,26656,98,44,57,44,57,36,46,106947,99,0,0,80291,1,26656,98,44,57,44,57,36,46,106947,99,0,0,80291,1,26656,98,44,57,44,57,36,46,106947,99,0,0,80291,1,26656,98,44,57,44,57,36,46,106947,99,0,0,80291,1,26656,98,44,57,44,57,36,46,106947,99,0,0,80291,1,26656,98
231,0,1000,0,0,1000,0,1000,44,57,44,57,37,47,0,0,0,0,0,0,0,0,44,57,44,57,37,47,0,0,0,0,0,0,0,0,44,57,44,57,37,47,0,0,0,0,0,0,0,0,44,57,44,57,37,47,0,0,0,0,0,0,0,0,44,57,44,57,37,47,0,0,0,0,0,0,0,0,44,57,44,57,37,47,0,0,0,0,0,0,0,0
232,0,1000,0,0,1000,0,1000,44,57,44,57,37,47,0,0,0,0,0,0,0,0,44,57,44,57,37,47,0,0,0,0,0,0,0,0,44,57,44,57,37,47,0,0,0,0,0,0,0,0,44,57,44,57,37,47,0,0,0,0,0,0,0,0,44,57,44,57,37,47,0,0,0,0,0,0,0,0,44,57,44,57,37,47,0,0,0,0,0,0,0,0
233,0,1000,0,0,1000,0,1000,44,57,44,57,37,47,167150,2,167150,2,0,0,0,0,44,57,44,57,37,47,167150,2,167150,2,0,0,0,0,44,57,44,57,37,47,167150,2,167150,2,0,0,0,0,44,57,44,57,37,47,167150,2,167150,2,0,0,0,0,44,57,44,57,37,47,167150,2,167150,2,0,0,0,0,44,57,44,57,37,47,167150,2,167150,2,0,0,0,0
234,0,1000,0,0,1000,0,1000,45,58,45,58,37,47,105315,93,0,0,80291,1,25024,92,45,58,45,58,37,47,105315,93,0,0,80291,1,25024,92,45,58,45,58,37,47,105315,93,0,0,80291,1,25024,92,45,58,45,58,37,47,105315,93,0,0,80291,1,25024,92,45,58,45,58,37,47,105315,93,0,0,80291,1,25024,92,45,58,45,58,37,47,105315,93,0,0,80291,1,25024,92
235,0,1000,0,0,1000,0,1000,45,58,45,58,38,48,0,0,0,0,0,0,0,0,45,58,45,58,38,48,0,0,0,0,0,0,0,0,45,58,45,58,38,48,0,0,0,0,0,0,0,0,45,58,45,58,38,48,0,0,0,0,0,0,0,0,45,58,45,58,38,48,0,0,0,0,0,0,0,0,45,58,45,58,38,48,0,0,0,0,0,0,0,0
236,0,1000,0,0,1000,0,1000,45,58,45,58,38,48,0,0,0,0,0,0,0,0,45,58,45,58,38,48,0,0,0,0,0,0,0,0,45,58,45,58,38,48,0,0,0,0,0,0,0,0,45,58,45,58,38,48,0,0,0,0,0,0,0,0,45,58,45,58,38,48,0,0,0,0,0,0,0,0,45,58,45,58,38,48,0,0,0,0,0,0,0,0
237,0,1000,0,0,1000,0,1000,45,58,45,58,38,48,0,0,0,0,0,0,0,0,45,58,45,58,38,48,0,0,0,0,0,0,0,0,45,58,45,58,38,48,0,0,0,0,0,0,0,0,45,58,45,58,38,48,0,0,0,0,0,0,0,0,45,58,45,58,38,48,0,0,0,0,0,0,0,0,45,58,45,58,38,48,0,0,0,0,0,0,0,0
238,0,1000,0,0,1000,0,1000,45,58,45,58,38,48,26656,98,0,0,0,0,26656,98,45,58,45,58,38,48,26656,98,0,0,0,0,26656,98,45,58,45,58,38,48,26656,98,0,0,0,0,26656,98,45,58,45,58,38,48,26656,98,0,0,0,0,26656,98,45,58,45,58,38,48,26656,98,0,0,0,0,26656,98,45,58,45,58,38,48,26656,98,0,0,0,0,26656,98
239,0,1000,0,0,1000,0,1000,45,58,45,58,38,48,0,0,0,0,0,0,0,0,45,58,45,58,38,48,0,0,0,0,0,0,0,0,45,58,45,58,38,48,0,0,0,0,0,0,0,0,45,58,45,58,38,48,0,0,0,0,0,0,0,0,45,58,45,58,38,48,0,0,0,0,0,0,0,0,45,58,45,58,38,48,0,0,0,0,0,0,0,0
240,0,1000,0,0,1000,0,1000,45,58,45,58,38,48,0,0,0,0,0,0,0,0,45,58,45,58,38,48,0,0,0,0,0,0,0,0,45,58,45,58,38,48,0,0,0,0,0,0,0,0,45,58,45,58,38,48,0,0,0,0,0,0,0,0,45,58,45,58,38,48,0,0,0,0,0,0,0,0,45,58,45,58,38,48,0,0,0,0,0,0,0,0
241,0,1000,0,0,1000,0,1000,45,58,45,58,38,48,0,0,0,0,0,0,0,0,45,58,45,58,38,48,0,0,0,0,0,0,0,0,45,58,45,58,38,48,0,0,0,0,0,0,0,0,45,58,45,58,38,48,0,0,0,0,0,0,0,0,45,58,45,58,38,48,0,0,0,0,0,0,0,0,45,58,45,58,38,48,0,0,0,0,0,0,0,0
242,0,1000,0,0,1000,0,1000,45,58,45,58,38,48,22848,84,0,0,0,0,22848,84,45,58,45,58,38,48,22848,84,0,0,0,0,22848,84,45,58,45,58,38,48,22848,84,0,0,0,0,22848,84,45,58,45,58,38,48,22848,84,0,0,0,0,22848,84,45,58,45,58,38,48,22848,84,0,0,0,0,22848,84,45,58,45,58,38,48,22848,84,0,0,0,0,22848,84
243,0,1000,0,0,1000,0,1000,45,58,45,58,39,50,0,0,0,0,0,0,0,0,45,58,45,58,39,50,0,0,0,0,0,0,0,0,45,58,45,58,39,50,0,0,0,0,0,0,0,0,45,58,45,58,39,50,0,0,0,0,0,0,0,0,45,58,45,58,39,50,0,0,0,0,0,0,0,0,45,58,45,58,39,50,0,0,0,0,0,0,0,0
244,0,1000,0,0,1000,0,1000,45,58,45,58,39,50,0,0,0,0,0,0,0,0,45,58,45,58,39,50,0,0,0,0,0,0,0,0,45,58,45,58,39,50,0,0,0,0,0,0,0,0,45,58,45,58,39,50,0,0,0,0,0,0,0,0,45,58,45,58,39,50,0,0,0,0,0,0,0,0,45,58,45,58,39,50,0,0,0,0,0,0,0,0
245,0,1000,0,0,1000,0,1000,45,58,45,58,39,50,249381,3,249381,3,0,0,0,0,45,58,45,58,39,50,249381,3,249381,3,0,0,0,0,45,58,45,58,39,50,249381,3,249381,3,0,0,0,0,45,58,45,58,39,50,249381,3,249381,3,0,0,0,0,45,58,45,58,39,50,249381,3,249381,3,0,0,0,0,45,58,45,58,39,50,249381,3,249381,3,0,0,0,0
246,0,1000,0,0,1000,0,1000,46,61,46,61,39,50,105859,95,0,0,80291,1,25568,94,46,61,46,61,39,50,105859,95,0,0,80291,1,25568,94,46,61,46,61,39,50,105859,95,0,0,80291,1,25568,94,46,61,46,61,39,50,105859,95,0,0,80291,1,25568,94,46,61,46,61,39,50,105859,95,0,0,80291,1,25568,94,46,61,46,61,39,50,105859,95,0,0,80291,1,25568,94
247,0,1000,0,0,1000,0,1000,46,61,46,61,40,51,0,0,0,0,0,0,0,0,46,61,46,61,40,51,0,0,0,0,0,0,0,0,46,61,46,61,40,51,0,0,0,0,0,0,0,0,46,61,46,61,40,51,0,0,0,0,0,0,0,0,46,61,46,61,40,51,0,0,0,0,0,0,0,0,46,61,46,61,40,51,0,0,0,0,0,0,0,0
248,0,1000,0,0,1000,0,1000,46,61,46,61,40,51,0,0,0,0,0,0,0,0,46,61,46,61,40,51,0,0,0,0,0,0,0,0,46,61,46,61,40,51,0,0,0,0,0,0,0,0,46,61,46,61,40,51,0,0,0,0,0,0,0,0,46,61,46,61,40,51,0,0,0,0,0,0,0,0,46,61,46,61,40,51,0,0,0,0,0,0,0,0
249,0,1000,0,0,1000,0,1000,46,61,46,61,40,51,166894,2,166894,2,0,0,0,0,46,61,46,61,40,51,166894,2,166894,2,0,0,0,0,46,61,46,61,40,51,166894,2,166894,2,0,0,0,0,46,61,46,61,40,51,166894,2,166894,2,0,0,0,0,46,61,46,61,40,51,166894,2,166894,2,0,0,0,0,46,61,46,61,40,51,166894,2,166894,2,0,0,0,0
250,0,1000,0,0,1000,0,1000,47,62,47,62,40,51,108035,103,0,0,80291,1,27744,102,47,62,47,62,40,51,108035,103,0,0,80291,1,27744,102,47,62,47,62,40,51,108035,103,0,0,80291,1,27744,102,47,62,47,62,40,51,108035,103,0,0,80291,1,27744,102,47,62,47,62,40,51,108035,103,0,0,80291,1,27744,102,47,62,47,62,40,51,108035,103,0,0,80291,1,27744,102
251,0,1000,0,0,1000,0,1000,47,62,47,62,41,52,0,0,0,0,0,0,0,0,47,62,47,62,41,52,0,0,0,0,0,0,0,0,47,62,47,62,41,52,0,0,0,0,0,0,0,0,47,62,47,62,41,52,0,0,0,0,0,0,0,0,47,62,47,62,41,52,0,0,0,0,0,0,0,0,47,62,47,62,41,52,0,0,0,0,0,0,0,0
252,0,1000,0,0,1000,0,1000,47,62,47,62,41,52,0,0,0,0,0,0,0,0,47,62,47,62,41,52,0,0,0,0,0,0,0,0,47,62,47,62,41,52,0,0,0,0,0,0,0,0,47,62,47,62,41,52,0,0,0,0,0,0,0,0,47,62,47,62,41,52,0,0,0,0,0,0,0,0,47,62,47,62,41,52,0,0,0,0,0,0,0,0
253,0,1000,0,0,1000,0,1000,47,62,47,62,41,52,251109,3,251109,3,0,0,0,0,47,62,47,62,41,52,251109,3,251109,3,0,0,0,0,47,62,47,62,41,52,251109,3,251109,3,0,0,0,0,47,62,47,62,41,52,251109,3,251109,3,0,0,0,0,47,62,47,62,41,52,251109,3,251109,3,0,0,0,0,47,62,47,62,41,52,251109,3,251109,3,0,0,0,0
254,0,1000,0,0,1000,0,1000,48,63,48,63,41,52,105859,95,0,0,80291,1,25568,94,48,63,48,63,41,52,105859,95,0,0,80291,1,25568,94,48,63,48,63,41,52,105859,95,0,0,80291,1,25568,94,48,63,48,63,41,52,105859,95,0,0,80291,1,25568,94,48,63,48,63,41,52,105859,95,0,0,80291,1,25568,94,48,63,48,63,41,52,105859,95,0,0,80291,1,25568,94
255,0,1000,0,0,1000,0,1000,48,63,48,63,42,53,0,0,0,0,0,0,0,0,48,63,48,63,42,53,0,0,0,0,0,0,0,0,48,63,48,63,42,53,0,0,0,0,0,0,0,0,48,63,48,63,42,53,0,0,0,0,0,0,0,0,48,63,48,63,42,53,0,0,0,0,0,0,0,0,48,63,48,63,42,53,0,0,0,0,0,0,0,0
256,0,1000,0,0,1000,0,1000,48,63,48,63,42,53,0,0,0,0,0,0,0,0,48,63,48,63,42,53,0,0,0,0,0,0,0,0,48,63,48,63,42,53,0,0,0,0,0,0,0,0,48,63,48,63,42,53,0,0,0,0,0,0,0,0,48,63,48,63,42,53,0,0,0,0,0,0,0,0,48,63,48,63,42,53,0,0,0,0,0,0,0,0
257,0,1000,0,0,1000,0,1000,48,63,48,63,42,53,166894,2,166894,2,0,0,0,0,48,63,48,63,42,53,166894,2,166894,2,0,0,0,0,48,63,48,63,42,53,166894,2,166894,2,0,0,0,0,48,63,48,63,42,53,166894,2,166894,2,0,0,0,0,48,63,48,63,42,53,166894,2,166894,2,0,0,0,0,48,63,48,63,42,53,166894,2,166894,2,0,0,0,0
258,0,1000,0,0,1000,0,1000,49,64,49,64,42,53,106131,96,0,0,80291,1,25840,95,49,64,49,64,42,53,106131,96,0,0,80291,1,25840,95,49,64,49,64,42,53,106131,96,0,0,80291,1,25840,95,49,64,49,64,42,53,106131,96,0,0,80291,1,25840,95,49,64,49,64,42,53,106131,96,0,0,80291,1,25840,95,49,64,49,64,42,53,106131,96,0,0,80291,1,25840,95
259,0,1000,0,0,1000,0,1000,49,64,49,64,42,53,0,0,0,0,0,0,0,0,49,64,49,64,42,53,0,0,0,0,0,0,0,0,49,64,49,64,42,53,0,0,0,0,0,0,0,0,49,64,49,64,42,53,0,0,0,0,0,0,0,0,49,64,49,64,42,53,0,0,0,0,0,0,0,0,49,64,49,64,42,53,0,0,0,0,0,0,0,0
260,0,1000,0,0,1000,0,1000,49,64,49,64,42,53,0,0,0,0,0,0,0,0,49,64,49,64,42,53,0,0,0,0,0,0,0,0,49,64,49,64,42,53,0,0,0,0,0,0,0,0,49,64,49,64,42,53,0,0,0,0,0,0,0,0,49,64,49,64,42,53,0,0,0,0,0,0,0,0,49,64,49,64,42,53,0,0,0,0,0,0,0,0
261,0,1000,0,0,1000,0,1000,49,64,49,64,42,53,0,0,0,0,0,0,0,0,49,64,49,64,42,53,0,0,0,0,0,0,0,0,49,64,49,64,42,53,0,0,0,0,0,0,0,0,49,64,49,64,42,53,0,0,0,0,0,0,0,0,49,64,49,64,42,53,0,0,0,0,0,0,0,0,49,64,49,64,42,53,0,0,0,0,0,0,0,0
262,0,1000,0,0,1000,0,1000,49,64,49,64,42,53,27200,100,0,0,0,0,27200,100,49,64,49,64,42,53,27200,100,0,0,0,0,27200,100,49,64,49,64,42,53,27200,100,0,0,0,0,27200,100,49,64,49,64,42,53,27200,100,0,0,0,0,27200,100,49,64,49,64,42,53,27200,100,0,0,0,0,27200,100,49,64,49,64,42,53,27200,100,0,0,0,0,27200,100
263,0,1000,0,0,1000,0,1000,49,64,49,64,42,53,0,0,0,0,0,0,0,0,49,64,49,64,42,53,0,0,0,0,0,0,0,0,49,64,49,64,42,53,0,0,0,0,0,0,0,0,49,64,49,64,42,53,0,0,0,0,0,0,0,0,49,64,49,64,42,53,0,0,0,0,0,0,0,0,49,64,49,64,42,53,0,0,0,0,0,0,0,0
264,0,1000,0,0,1000,0,1000,49,64,49,64,42,53,0,0,0,0,0,0,0,0,49,64,49,64,42,53,0,0,0,0,0,0,0,0,49,64,49,64,42,53,0,0,0,0,0,0,0,0,49,64,49,64,42,53,0,0,0,0,0,0,0,0,49,64,49,64,42,53,0,0,0,0,0,0,0,0,49,64,49,64,42,53,0,0,0,0,0,0,0,0
265,0,1000,0,0,1000,0,1000,49,64,49,64,42,53,334556,4,334556,4,0,0,0,0,49,64,49,64,42,53,334556,4,334556,4,0,0,0,0,49,64,49,64,42,53,334556,4,334556,4,0,0,0,0,49,64,49,64,42,53,334556,4,334556,4,0,0,0,0,49,64,49,64,42,53,334556,4,334556,4,0,0,0,0,49,64,49,64,42,53,334556,4,334556,4,0,0,0,0
266,0,1000,0,0,1000,0,1000,50,66,50,66,42,53,106675,98,0,0,80291,1,26384,97,50,66,50,66,42,53,106675,98,0,0,80291,1,26384,97,50,66,50,66,42,53,106675,98,0,0,80291,1,26384,97,50,66,50,66,42,53,106675,98,0,0,80291,1,26384,97,50,66,50,66,42,53,106675,98,0,0,80291,1,26384,97,50,66,50,66,42,53,106675,98,0,0,80291,1,26384,97
267,0,1000,0,0,1000,0,1000,50,66,50,66,43,56,0,0,0,0,0,0,0,0,50,66,50,66,43,56,0,0,0,0,0,0,0,0,50,66,50,66,43,56,0,0,0,0,0,0,0,0,50,66,50,66,43,56,0,0,0,0,0,0,0,0,50,66,50,66,43,56,0,0,0,0,0,0,0,0,50,66,50,66,43,56,0,0,0,0,0,0,0,0
268,0,1000,0,0,1000,0,1000,50,66,50,66,43,56,0,0,0,0,0,0,0,0,50,66,50,66,43,56,0,0,0,0,0,0,0,0,50,66,50,66,43,56,0,0,0,0,0,0,0,0,50,66,50,66,43,56,0,0,0,0,0,0,0,0,50,66,50,66,43,56,0,0,0,0,0,0,0,0,50,66,50,66,43,56,0,0,0,0,0,0,0,0
269,0,1000,0,0,1000,0,1000,50,66,50,66,43,56,0,0,0,0,0,0,0,0,50,66,50,66,43,56,0,0,0,0,0,0,0,0,50,66,50,66,43,56,0,0,0,0,0,0,0,0,50,66,50,66,43,56,0,0,0,0,0,0,0,0,50,66,50,66,43,56,0,0,0,0,0,0,0,0,50,66,50,66,43,56,0,0,0,0,0,0,0,0
270,0,1000,0,0,1000,0,1000,50,66,50,66,43,56,30736,113,0,0,0,0,30736,113,50,66,50,66,43,56,30736,113,0,0,0,0,30736,113,50,66,50,66,43,56,30736,113,0,0,0,0,30736,113,50,66,50,66,43,56,30736,113,0,0,0,0,30736,113,50,66,50,66,43,56,30736,113,0,0,0,0,30736,113,50,66,50,66,43,56,30736,113,0,0,0,0,30736,113
271,0,1000,0,0,1000,0,1000,50,66,50,66,44,57,0,0,0,0,0,0,0,0,50,66,50,66,44,57,0,0,0,0,0,0,0,0,50,66,50,66,44,57,0,0,0,0,0,0,0,0,50,66,50,66,44,57,0,0,0,0,0,0,0,0,50,66,50,66,44,57,0,0,0,0,0,0,0,0,50,66,50,66,44,57,0,0,0,0,0,0,0,0
272,0,1000,0,0,1000,0,1000,50,66,50,66,44,57,0,0,0,0,0,0,0,0,50,66,50,66,44,57,0,0,0,0,0,0,0,0,50,66,50,66,44,57,0,0,0,0,0,0,0,0,50,66,50,66,44,57,0,0,0,0,0,0,0,0,50,66,50,66,44,57,0,0,0,0,0,0,0,0,50,66,50,66,44,57,0,0,0,0,0,0,0,0
273,0,1000,0,0,1000,0,1000,50,66,50,66,44,57,168109,2,168109,2,0,0,0,0,50,66,50,66,44,57,168109,2,168109,2,0,0,0,0,50,66,50,66,44,57,168109,2,168109,2,0,0,0,0,50,66,50,66,44,57,168109,2,168109,2,0,0,0,0,50,66,50,66,44,57,168109,2,168109,2,0,0,0,0,50,66,50,66,44,57,168109,2,168109,2,0,0,0,0
274,0,1000,0,0,1000,0,1000,51,68,51,68,44,57,109666,109,0,0,80290,1,29376,108,51,68,51,68,44,57,109666,109,0,0,80290,1,29376,108,51,68,51,68,44,57,109666,109,0,0,80290,1,29376,108,51,68,51,68,44,57,109666,109,0,0,80290,1,29376,108,51,68,51,68,44,57,109666,109,0,0,80290,1,29376,108,51,68,51,68,44,57,109666,109,0,0,80290,1,29376,108
275,0,1000,0,0,1000,0,1000,51,68,51,68,45,58,0,0,0,0,0,0,0,0,51,68,51,68,45,58,0,0,0,0,0,0,0,0,51,68,51,68,45,58,0,0,0,0,0,0,0,0,51,68,51,68,45,58,0,0,0,0,0,0,0,0,51,68,51,68,45,58,0,0,0,0,0,0,0,0,51,68,51,68,45,58,0,0,0,0,0,0,0,0
276,0,1000,0,0,1000,0,1000,51,68,51,68,45,58,0,0,0,0,0,0,0,0,51,68,51,68,45,58,0,0,0,0,0,0,0,0,51,68,51,68,45,58,0,0,0,0,0,0,0,0,51,68,51,68,45,58,0,0,0,0,0,0,0,0,51,68,51,68,45,58,0,0,0,0,0,0,0,0,51,68,51,68,45,58,0,0,0,0,0,0,0,0
277,0,1000,0,0,1000,0,1000,51,68,51,68,45,58,167789,2,167789,2,0,0,0,0,51,68,51,68,45,58,167789,2,167789,2,0,0,0,0,51,68,51,68,45,58,167789,2,167789,2,0,0,0,0,51,68,51,68,45,58,167789,2,167789,2,0,0,0,0,51,68,51,68,45,58,167789,2,167789,2,0,0,0,0,51,68,51,68,45,58,167789,2,167789,2,0,0,0,0
278,0,1000,0,0,1000,0,1000,52,69,52,69,45,58,103682,87,0,0,80290,1,23392,86,52,69,52,69,45,58,103682,87,0,0,80290,1,23392,86,52,69,52,69,45,58,103682,87,0,0,80290,1,23392,86,52,69,52,69,45,58,103682,87,0,0,80290,1,23392,86,52,69,52,69,45,58,103682,87,0,0,80290,1,23392,86,52,69,52,69,45,58,103682,87,0,0,80290,1,23392,86
279,0,1000,0,0,1000,0,1000,52,69,52,69,45,58,0,0,0,0,0,0,0,0,52,69,52,69,45,58,0,0,0,0,0,0,0,0,52,69,52,69,45,58,0,0,0,0,0,0,0,0,52,69,52,69,45,58,0,0,0,0,0,0,0,0,52,69,52,69,45,58,0,0,0,0,0,0,0,0,52,69,52,69,45,58,0,0,0,0,0,0,0,0
280,0,1000,0,0,1000,0,1000,52,69,52,69,45,58,0,0,0,0,0,0,0,0,52,69,52,69,45,58,0,0,0,0,0,0,0,0,52,69,52,69,45,58,0,0,0,0,0,0,0,0,52,69,52,69,45,58,0,0,0,0,0,0,0,0,52,69,52,69,45,58,0,0,0,0,0,0,0,0,52,69,52,69,45,58,0,0,0,0,0,0,0,0
281,0,1000,0,0,1000,0,1000,52,69,52,69,45,58,83191,1,83191,1,0,0,0,0,52,69,52,69,45,58,83191,1,83191,1,0,0,0,0,52,69,52,69,45,58,83191,1,83191,1,0,0,0,0,52,69,52,69,45,58,83191,1,83191,1,0,0,0,0,52,69,52,69,45,58,83191,1,83191,1,0,0,0,0,52,69,52,69,45,58,83191,1,83191,1,0,0,0,0
282,0,1000,0,0,1000,0,1000,53,70,53,70,45,58,111571,116,0,0,80291,1,31280,115,53,70,53,70,45,58,111571,116,0,0,80291,1,31280,115,53,70,53,70,45,58,111571,116,0,0,80291,1,31280,115,53,70,53,70,45,58,111571,116,0,0,80291,1,31280,115,53,70,53,70,45,58,111571,116,0,0,80291,1,31280,115,53,70,53,70,45,58,111571,116,0,0,80291,1,31280,115
283,0,1000,0,0,1000,0,1000,53,70,53,70,45,58,0,0,0,0,0,0,0,0,53,70,53,70,45,58,0,0,0,0,0,0,0,0,53,70,53,70,45,58,0,0,0,0,0,0,0,0,53,70,53,70,45,58,0,0,0,0,0,0,0,0,53,70,53,70,45,58,0,0,0,0,0,0,0,0,53,70,53,70,45,58,0,0,0,0,0,0,0,0
284,0,1000,0,0,1000,0,1000,53,70,53,70,45,58,0,0,0,0,0,0,0,0,53,70,53,70,45,58,0,0,0,0,0,0,0,0,53,70,53,70,45,58,0,0,0,0,0,0,0,0,53,70,53,70,45,58,0,0,0,0,0,0,0,0,53,70,53,70,45,58,0,0,0,0,0,0,0,0,53,70,53,70,45,58,0,0,0,0,0,0,0,0
285,0,1000,0,0,1000,0,1000,53,70,53,70,45,58,168238,2,168238,2,0,0,0,0,53,70,53,70,45,58,168238,2,168238,2,0,0,0,0,53,70,53,70,45,58,168238,2,168238,2,0,0,0,0,53,70,53,70,45,58,168238,2,168238,2,0,0,0,0,53,70,53,70,45,58,168238,2,168238,2,0,0,0,0,53,70,53,70,45,58,168238,2,168238,2,0,0,0,0
286,0,1000,0,0,1000,0,1000,54,71,54,71,45,58,106947,99,0,0,80291,1,26656,98,54,71,54,71,45,58,106947,99,0,0,80291,1,26656,98,54,71,54,71,45,58,106947,99,0,0,80291,1,26656,98,54,71,54,71,45,58,106947,99,0,0,80291,1,26656,98,54,71,54,71,45,58,106947,99,0,0,80291,1,26656,98,54,71,54,71,45,58,106947,99,0,0,80291,1,26656,98
287,0,1000,0,0,1000,0,1000,54,71,54,71,46,61,0,0,0,0,0,0,0,0,54,71,54,71,46,61,0,0,0,0,0,0,0,0,54,71,54,71,46,61,0,0,0,0,0,0,0,0,54,71,54,71,46,61,0,0,0,0,0,0,0,0,54,71,54,71,46,61,0,0,0,0,0,0,0,0,54,71,54,71,46,61,0,0,0,0,0,0,0,0
288,0,1000,0,0,1000,0,1000,54,71,54,71,46,61,0,0,0,0,0,0,0,0,54,71,54,71,46,61,0,0,0,0,0,0,0,0,54,71,54,71,46,61,0,0,0,0,0,0,0,0,54,71,54,71,46,61,0,0,0,0,0,0,0,0,54,71,54,71,46,61,0,0,0,0,0,0,0,0,54,71,54,71,46,61,0,0,0,0,0,0,0,0
289,0,1000,0,0,1000,0,1000,54,71,54,71,46,61,0,0,0,0,0,0,0,0,54,71,54,71,46,61,0,0,0,0,0,0,0,0,54,71,54,71,46,61,0,0,0,0,0,0,0,0,54,71,54,71,46,61,0,0,0,0,0,0,0,0,54,71,54,71,46,61,0,0,0,0,0,0,0,0,54,71,54,71,46,61,0,0,0,0,0,0,0,0
290,0,1000,0,0,1000,0,1000,54,71,54,71,46,61,26384,97,0,0,0,0,26384,97,54,71,54,71,46,61,26384,97,0,0,0,0,26384,97,54,71,54,71,46,61,26384,97,0,0,0,0,26384,97,54,71,54,71,46,61,26384,97,0,0,0,0,26384,97,54,71,54,71,46,61,26384,97,0,0,0,0,26384,97,54,71,54,71,46,61,26384,97,0,0,0,0,26384,97
291,0,1000,0,0,1000,0,1000,54,71,54,71,47,62,0,0,0,0,0,0,0,0,54,71,54,71,47,62,0,0,0,0,0,0,0,0,54,71,54,71,47,62,0,0,0,0,0,0,0,0,54,71,54,71,47,62,0,0,0,0,0,0,0,0,54,71,54,71,47,62,0,0,0,0,0,0,0,0,54,71,54,71,47,62,0,0,0,0,0,0,0,0
292,0,1000,0,0,1000,0,1000,54,71,54,71,47,62,0,0,0,0,0,0,0,0,54,71,54,71,47,62,0,0,0,0,0,0,0,0,54,71,54,71,47,62,0,0,0,0,0,0,0,0,54,71,54,71,47,62,0,0,0,0,0,0,0,0,54,71,54,71,47,62,0,0,0,0,0,0,0,0,54,71,54,71,47,62,0,0,0,0,0,0,0,0
293,0,1000,0,0,1000,0,1000,54,71,54,71,47,62,167086,2,167086,2,0,0,0,0,54,71,54,71,47,62,167086,2,167086,2,0,0,0,0,54,71,54,71,47,62,167086,2,167086,2,0,0,0,0,54,71,54,71,47,62,167086,2,167086,2,0,0,0,0,54,71,54,71,47,62,167086,2,167086,2,0,0,0,0,54,71,54,71,47,62,167086,2,167086,2,0,0,0,0
294,0,1000,0,0,1000,0,1000,55,73,55,73,47,62,108307,104,0,0,80291,1,28016,103,55,73,55,73,47,62,108307,104,0,0,80291,1,28016,103,55,73,55,73,47,62,108307,104,0,0,80291,1,28016,103,55,73,55,73,47,62,108307,104,0,0,80291,1,28016,103,55,73,55,73,47,62,108307,104,0,0,80291,1,28016,103,55,73,55,73,47,62,108307,104,0,0,80291,1,28016,103
295,0,1000,0,0,1000,0,1000,55,73,55,73,48,63,0,0,0,0,0,0,0,0,55,73,55,73,48,63,0,0,0,0,0,0,0,0,55,73,55,73,48,63,0,0,0,0,0,0,0,0,55,73,55,73,48,63,0,0,0,0,0,0,0,0,55,73,55,73,48,63,0,0,0,0,0,0,0,0,55,73,55,73,48,63,0,0,0,0,0,0,0,0
296,0,1000,0,0,1000,0,1000,55,73,55,73,48,63,0,0,0,0,0,0,0,0,55,73,55,73,48,63,0,0,0,0,0,0,0,0,55,73,55,73,48,63,0,0,0,0,0,0,0,0,55,73,55,73,48,63,0,0,0,0,0,0,0,0,55,73,55,73,48,63,0,0,0,0,0,0,0,0,55,73,55,73,48,63,0,0,0,0,0,0,0,0
297,0,1000,0,0,1000,0,1000,55,73,55,73,48,63,167470,2,167470,2,0,0,0,0,55,73,55,73,48,63,167470,2,167470,2,0,0,0,0,55,73,55,73,48,63,167470,2,167470,2,0,0,0,0,55,73,55,73,48,63,167470,2,167470,2,0,0,0,0,55,73,55,73,48,63,167470,2,167470,2,0,0,0,0,55,73,55,73,48,63,167470,2,167470,2,0,0,0,0
298,0,1000,0,0,1000,0,1000,56,74,56,74,48,63,104771,91,0,0,80291,1,24480,90,56,74,56,74,48,63,104771,91,0,0,80291,1,24480,90,56,74,56,74,48,63,104771,91,0,0,80291,1,24480,90,56,74,56,74,48,63,104771,91,0,0,80291,1,24480,90,56,74,56,74,48,63,104771,91,0,0,80291,1,24480,90,56,74,56,74,48,63,104771,91,0,0,80291,1,24480,90
299,0,1000,0,0,1000,0,1000,56,74,56,74,49,64,0,0,0,0,0,0,0,0,56,74,56,74,49,64,0,0,0,0,0,0,0,0,56,74,56,74,49,64,0,0,0,0,0,0,0,0,56,74,56,74,49,64,0,0,0,0,0,0,0,0,56,74,56,74,49,64,0,0,0,0,0,0,0,0,56,74,56,74,49,64,0,0,0,0,0,0,0,0
300,0,1000,0,0,1000,0,1000,56,74,56,74,49,64,0,0,0,0,0,0,0,0,56,74,56,74,49,64,0,0,0,0,0,0,0,0,56,74,56,74,49,64,0,0,0,0,0,0,0,0,56,74,56,74,49,64,0,0,0,0,0,0,0,0,56,74,56,74,49,64,0,0,0,0,0,0,0,0,56,74,56,74,49,64,0,0,0,0,0,0,0,0
301,0,1000,0,0,1000,0,1000,56,74,56,74,49,64,0,0,0,0,0,0,0,0,56,74,56,74,49,64,0,0,0,0,0,0,0,0,56,74,56,74,49,64,0,0,0,0,0,0,0,0,56,74,56,74,49,64,0,0,0,0,0,0,0,0,56,74,56,74,49,64,0,0,0,0,0,0,0,0,56,74,56,74,49,64,0,0,0,0,0,0,0,0
302,0,1000,0,0,1000,0,1000,56,74,56,74,49,64,26112,96,0,0,0,0,26112,96,56,74,56,74,49,64,26112,96,0,0,0,0,26112,96,56,74,56,74,49,64,26112,96,0,0,0,0,26112,96,56,74,56,74,49,64,26112,96,0,0,0,0,26112,96,56,74,56,74,49,64,26112,96,0,0,0,0,26112,96,56,74,56,74,49,64,26112,96,0,0,0,0,26112,96
303,0,1000,0,0,1000,0,1000,56,74,56,74,49,64,0,0,0,0,0,0,0,0,56,74,56,74,49,64,0,0,0,0,0,0,0,0,56,74,56,74,49,64,0,0,0,0,0,0,0,0,56,74,56,74,49,64,0,0,0,0,0,0,0,0,56,74,56,74,49,64,0,0,0,0,0,0,0,0,56,74,56,74,49,64,0,0,0,0,0,0,0,0

digraph G {
  rankdir=BT;
  style=filled;
  color=lightgrey;
  node [shape=box,style=filled,color=white];
  b_H52tFRfmozU [label="H(52tFRfmozU)\nt=28 id=973"];
  b_HLgKkYF6De [label="H(LgKkYF6De/)\nt=18 id=52"];
  b_Hnt2wd6Y2Lx [label="H(nt2wd6Y2Lx)\nt=14 id=892"];
  b_HjPQEgk9yG1 [label="H(jPQEgk9yG1)\nt=24 id=637"];
  b_HUtxkQcGCcC [label="H(UtxkQcGCcC)\nt=71 id=270"];
  b_HtfjqBmd7q [label="H(tfjq+Bmd7q)\n"];
  b_HVPXs5if3Xt [label="H(VPXs5if3Xt)\nt=53 id=968"];
  b_HDsS9IpSaf [label="H(/DsS9IpSaf)\nt=8 id=420"];
  b_Hmfk89yHoWx [label="H(mfk89yHoWx)\nt=62 id=135"];
  b_HlemQ1UccwJ [label="H(lemQ1UccwJ)\nt=19 id=514"];
  b_HuvMTpsyWtx [label="H(uvMTpsyWtx)\nt=30 id=649"];
  b_HrB2eijJmwA [label="H(rB2eijJmwA)\nt=51 id=784"];
  b_HPSXZIfV0z [label="H(PSXZIfV/0z)\nt=23 id=398"];
  b_HnD7G9CaiTQ [label="H(nD7G9CaiTQ)\nt=68 id=71"];
  b_HmQ0kc5FbGq [label="H(mQ0kc5FbGq)\nt=7 id=559"];
  b_HWz3K04HUiL [label="H(Wz3K04HUiL)\nt=58 id=699"];
  b_HBpVTbwrBWw [label="H(BpVTbwrBWw)\nt=13 id=781"];
  b_HWtmTfbmUME [label="H(WtmTfbmUME)\nt=29 id=700"];
  b_HdK2EHslyqg [label="H(dK2EHslyqg)\nt=6 id=815"];
  b_H5AHdyvrLH4 [label="H(5AHdyvrLH4)\nt=46 id=353"];
  b_H0VNut2Z0I [label="H(+0VNut2Z0I)\nt=9 id=220"];
  b_HPM80OrksDd [label="H(PM80OrksDd)\nt=48 id=689"];
  b_H8ri9LEKF7K [label="H(8ri9LEKF7K)\nt=12 id=624"];
  b_HOgbw8JUY2 [label="H(Ogb/w8JUY2)\nt=66 id=383"];
  b_HnE3PdF1H2D [label="H(nE3PdF1H2D)\nt=74 id=293"];
  b_H7HQ3P8b4QL [label="H(7HQ3P8b4QL)\nt=17 id=461"];
  b_HTKyDDLsb9 [label="H(+TKyDDLsb9)\nt=73 id=461"];
  b_HdELdEeUyJ [label="H(dELd/EeUyJ)\nt=5 id=747"];
  b_H4xLDoGyqzF [label="H(4xLDoGyqzF)\nt=44 id=862"];
  b_HLtRGQeb1ls [label="H(LtRGQeb1ls)\nt=38 id=152"];
  b_HHuyy5d5O4y [label="H(Huyy5d5O4y)\nt=61 id=287"];
  b_Hq18dOCfAq7 [label="H(q18dOCfAq7)\nt=21 id=699"];
  b_HEsFNvp5CuM [label="H(EsFNvp5CuM)\nt=64 id=240"];
  b_HD3Fok9KiBg [label="H(D3Fok9KiBg)\nt=70 id=314"];
  b_HdARFRrVfx [label="H(dARFRrVf+x)\nt=11 id=652"];
  b_HNINygA8es6 [label="H(NINygA8es6)\nt=47 id=109"];
  b_H6LGBKA7TO [label="H(6LGBKA7T+O)\nt=52 id=799"];
  b_HwafwN9sfaq [label="H(wafwN9sfaq)\nt=42 id=249"];
  b_HUE1ayIOeUA [label="H(UE1ayIOeUA)\nt=16 id=537"];
  b_HAEruCTjjA [label="H(AEruCTj+jA)\nt=33 id=588"];
  b_HIJ0xOyOwfn [label="H(IJ0xOyOwfn)\nt=69 id=12"];
  b_HKMprC1bPnt [label="H(KMprC1bPnt)\nt=50 id=596"];
  b_Ht5GC0qi6tY [label="H(t5GC0qi6tY)\nt=2 id=402"];
  b_HPpPzczKkK [label="H(PpPzcz+KkK)\nt=3 id=921"];
  b_HR8nsc1QXko [label="H(R8nsc1QXko)\nt=1 id=93"];
  b_HG3pKbaJSLK [label="H(G3pKbaJSLK)\nt=56 id=735"];
  b_HfN6JODSeA [label="H(fN6JODS+eA)\nt=26 id=931"];
  b_HHvTsIRsw90 [label="H(HvTsIRsw90)\nt=31 id=614"];
  b_H5QLmdNd2kE [label="H(5QLmdNd2kE)\nt=57 id=742"];
  b_HJXoJuuLvF9 [label="H(JXoJuuLvF9)\nt=63 id=324"];
  b_HlYfaRWQOhl [label="H(lYfaRWQOhl)\nt=10 id=629"];
  b_Hcikqxmvdoq [label="H(cikqxmvdoq)\nt=4 id=935"];
  b_HztyIn8NSfh [label="H(ztyIn8NSfh)\nt=22 id=359"];
  b_HymVsDdx7CT [label="H(ymVsDdx7CT)\nt=39 id=925"];
  b_HcTZX9NZutF [label="H(cTZX9NZutF)\nt=15 id=633"];
  b_Hk9DT1pAW5U [label="H(k9DT1pAW5U)\nt=25 id=55"];
  b_H92qcr2Uv7 [label="H(92qc+r2Uv7)\nt=35 id=877"];
  b_H52tFRfmozU -> b_HfN6JODSeA;
  b_HLgKkYF6De -> b_H7HQ3P8b4QL;
  b_Hnt2wd6Y2Lx -> b_HBpVTbwrBWw;
  b_HjPQEgk9yG1 -> b_HPSXZIfV0z;
  b_HUtxkQcGCcC -> b_HD3Fok9KiBg;
  b_HVPXs5if3Xt -> b_H6LGBKA7TO;
  b_HDsS9IpSaf -> b_HmQ0kc5FbGq;
  b_Hmfk89yHoWx -> b_HHuyy5d5O4y;
  b_HlemQ1UccwJ -> b_HLgKkYF6De;
  b_HuvMTpsyWtx -> b_HWtmTfbmUME;
  b_HrB2eijJmwA -> b_HKMprC1bPnt;
  b_HPSXZIfV0z -> b_HztyIn8NSfh;
  b_HnD7G9CaiTQ -> b_HOgbw8JUY2;
  b_HmQ0kc5FbGq -> b_HdK2EHslyqg;
  b_HWz3K04HUiL -> b_H5QLmdNd2kE;
  b_HBpVTbwrBWw -> b_H8ri9LEKF7K;
  b_HWtmTfbmUME -> b_H52tFRfmozU;
  b_HdK2EHslyqg -> b_HdELdEeUyJ;
  b_H5AHdyvrLH4 -> b_H4xLDoGyqzF;
  b_H0VNut2Z0I -> b_HDsS9IpSaf;
  b_HPM80OrksDd -> b_HNINygA8es6;
  b_H8ri9LEKF7K -> b_HdARFRrVfx;
  b_HOgbw8JUY2 -> b_HEsFNvp5CuM;
  b_HnE3PdF1H2D -> b_HTKyDDLsb9;
  b_H7HQ3P8b4QL -> b_HUE1ayIOeUA;
  b_HTKyDDLsb9 -> b_HUtxkQcGCcC;
  b_HdELdEeUyJ -> b_Hcikqxmvdoq;
  b_H4xLDoGyqzF -> b_HwafwN9sfaq;
  b_HLtRGQeb1ls -> b_H92qcr2Uv7;
  b_HHuyy5d5O4y -> b_HWz3K04HUiL;
  b_Hq18dOCfAq7 -> b_HlemQ1UccwJ;
  b_HEsFNvp5CuM -> b_HJXoJuuLvF9;
  b_HD3Fok9KiBg -> b_HIJ0xOyOwfn;
  b_HdARFRrVfx -> b_HlYfaRWQOhl;
  b_HNINygA8es6 -> b_H5AHdyvrLH4;
  b_H6LGBKA7TO -> b_HrB2eijJmwA;
  b_HwafwN9sfaq -> b_HymVsDdx7CT;
  b_HUE1ayIOeUA -> b_HcTZX9NZutF;
  b_HAEruCTjjA -> b_HHvTsIRsw90;
  b_HIJ0xOyOwfn -> b_HnD7G9CaiTQ;
  b_HKMprC1bPnt -> b_HPM80OrksDd;
  b_Ht5GC0qi6tY -> b_HR8nsc1QXko;
  b_HPpPzczKkK -> b_Ht5GC0qi6tY;
  b_HR8nsc1QXko -> b_HtfjqBmd7q;
  b_HG3pKbaJSLK -> b_HVPXs5if3Xt;
  b_HfN6JODSeA -> b_Hk9DT1pAW5U;
  b_HHvTsIRsw90 -> b_HuvMTpsyWtx;
  b_H5QLmdNd2kE -> b_HG3pKbaJSLK;
  b_HJXoJuuLvF9 -> b_Hmfk89yHoWx;
  b_HlYfaRWQOhl -> b_H0VNut2Z0I;
  b_Hcikqxmvdoq -> b_HPpPzczKkK;
  b_HztyIn8NSfh -> b_Hq18dOCfAq7;
  b_HymVsDdx7CT -> b_HLtRGQeb1ls;
  b_HcTZX9NZutF -> b_Hnt2wd6Y2Lx;
  b_Hk9DT1pAW5U -> b_HjPQEgk9yG1;
  b_H92qcr2Uv7 -> b_HAEruCTjjA;
  v_HBazz1efXvA [label="id=96 t=75"];
  v_HBazz1efXvA -> b_HnE3PdF1H2D;
  v_HwY54si0OAo [label="id=789 t=75"];
  v_HwY54si0OAo -> b_HnE3PdF1H2D;
  v_HSfscOELENP [label="id=832 t=75"];
  v_HSfscOELENP -> b_HnE3PdF1H2D;
  v_H60NGeOzxX6 [label="id=999 t=75"];
  v_H60NGeOzxX6 -> b_HnE3PdF1H2D;
  v_HSpHWnlzzDQ [label="id=227 t=75"];
  v_HSpHWnlzzDQ -> b_HnE3PdF1H2D;
  v_H2eMdDyNX0I [label="id=303 t=75"];
  v_H2eMdDyNX0I -> b_HnE3PdF1H2D;
  v_HhouSefqA2S [label="id=722 t=75"];
  v_HhouSefqA2S -> b_HnE3PdF1H2D;
  v_HPFwTy5jLqq [label="id=590 t=75"];
  v_HPFwTy5jLqq -> b_HnE3PdF1H2D;
  v_HfZRemIn4fb [label="id=527 t=75"];
  v_HfZRemIn4fb -> b_HnE3PdF1H2D;
  v_HqgBwr1vu [label="id=441 t=75"];
  v_HqgBwr1vu -> b_HnE3PdF1H2D;
  v_HKFPAzcXU6V [label="id=762 t=75"];
  v_HKFPAzcXU6V -> b_HnE3PdF1H2D;
  v_HA4SyEZhknB [label="id=604 t=75"];
  v_HA4SyEZhknB -> b_HnE3PdF1H2D;
  v_HPfWVlrLe [label="id=387 t=75"];
  v_HPfWVlrLe -> b_HnE3PdF1H2D;
  v_HMsqKETtzgB [label="id=500 t=75"];
  v_HMsqKETtzgB -> b_HnE3PdF1H2D;
  v_HnR2JLtkz5o [label="id=225 t=75"];
  v_HnR2JLtkz5o -> b_HnE3PdF1H2D;
  v_HMwCJGT2yba [label="id=759 t=75"];
  v_HMwCJGT2yba -> b_HnE3PdF1H2D;
  v_HBLmh9GRjdw [label="id=644 t=75"];
  v_HBLmh9GRjdw -> b_HnE3PdF1H2D;
  v_HVa8Y9RsIQh [label="id=129 t=75"];
  v_HVa8Y9RsIQh -> b_HnE3PdF1H2D;
  v_HnQnjjuYmkJ [label="id=601 t=75"];
  v_HnQnjjuYmkJ -> b_HnE3PdF1H2D;
  v_HPa3aQPmCxf [label="id=676 t=75"];
  v_HPa3aQPmCxf -> b_HnE3PdF1H2D;
  v_HmJEc8IDuXF [label="id=580 t=75"];
  v_HmJEc8IDuXF -> b_HnE3PdF1H2D;
  v_H21g2qlQnR [label="id=169 t=75"];
  v_H21g2qlQnR -> b_HnE3PdF1H2D;
  v_HSFeyi7gCn2 [label="id=795 t=75"];
  v_HSFeyi7gCn2 -> b_HnE3PdF1H2D;
  v_HL51KbWqXl5 [label="id=104 t=75"];
  v_HL51KbWqXl5 -> b_HnE3PdF1H2D;
  v_HJ00W9ds7XJ [label="id=11 t=75"];
  v_HJ00W9ds7XJ -> b_HnE3PdF1H2D;
  v_HiEtKEiW5np [label="id=812 t=75"];
  v_HiEtKEiW5np -> b_HnE3PdF1H2D;
  v_HnCmGOif0b [label="id=771 t=75"];
  v_HnCmGOif0b -> b_HnE3PdF1H2D;
  v_HjdhmirF7H9 [label="id=90 t=75"];
  v_HjdhmirF7H9 -> b_HnE3PdF1H2D;
  v_H0eNF3jRv9 [label="id=906 t=75"];
  v_H0eNF3jRv9 -> b_HnE3PdF1H2D;
  v_H1VY8ZJYZBg [label="id=683 t=75"];
  v_H1VY8ZJYZBg -> b_HnE3PdF1H2D;
  v_HOixxutOKyb [label="id=123 t=75"];
  v_HOixxutOKyb -> b_HnE3PdF1H2D;
  v_HCfTX8rPsjk [label="id=233 t=75"];
  v_HCfTX8rPsjk -> b_HnE3PdF1H2D;
  v_HAL5froEORb [label="id=475 t=75"];
  v_HAL5froEORb -> b_HnE3PdF1H2D;
  v_H8IEtDRlARc [label="id=446 t=75"];
  v_H8IEtDRlARc -> b_HnE3PdF1H2D;
  v_HGDfOp8kHpP [label="id=157 t=75"];
  v_HGDfOp8kHpP -> b_HnE3PdF1H2D;
  v_H5NtOBb3HIX [label="id=187 t=75"];
  v_H5NtOBb3HIX -> b_HnE3PdF1H2D;
  v_H2H0o3TzGlZ [label="id=586 t=75"];
  v_H2H0o3TzGlZ -> b_HnE3PdF1H2D;
  v_H96T45lcYd [label="id=843 t=75"];
  v_H96T45lcYd -> b_HnE3PdF1H2D;
  v_HqUX5etx3T [label="id=51 t=75"];
  v_HqUX5etx3T -> b_HnE3PdF1H2D;
  v_HSyaQ11tjhY [label="id=67 t=75"];
  v_HSyaQ11tjhY -> b_HnE3PdF1H2D;
  v_HO2r6YbSw3 [label="id=132 t=75"];
  v_HO2r6YbSw3 -> b_HnE3PdF1H2D;
  v_HUr2YwJCfj [label="id=406 t=75"];
  v_HUr2YwJCfj -> b_HnE3PdF1H2D;
  v_HE5HsN2kru [label="id=768 t=75"];
  v_HE5HsN2kru -> b_HnE3PdF1H2D;
  v_HxNgkQr5iy [label="id=597 t=75"];
  v_HxNgkQr5iy -> b_HnE3PdF1H2D;
  v_H9LmJNKjcl [label="id=565 t=75"];
  v_H9LmJNKjcl -> b_HnE3PdF1H2D;
  v_HUbL5hS2PjD [label="id=238 t=75"];
  v_HUbL5hS2PjD -> b_HnE3PdF1H2D;
  v_HFmagpUsGkz [label="id=652 t=75"];
  v_HFmagpUsGkz -> b_HnE3PdF1H2D;
  v_HfrSIcnABJn [label="id=54 t=75"];
  v_HfrSIcnABJn -> b_HnE3PdF1H2D;
  v_HFgeH2Mz0tO [label="id=149 t=75"];
  v_HFgeH2Mz0tO -> b_HnE3PdF1H2D;
  v_HpNjjxWlapO [label="id=476 t=75"];
  v_HpNjjxWlapO -> b_HnE3PdF1H2D;
  v_HrP3IO9y2Rz [label="id=23 t=75"];
  v_HrP3IO9y2Rz -> b_HnE3PdF1H2D;
  v_HMviVf0MqXp [label="id=944 t=75"];
  v_HMviVf0MqXp -> b_HnE3PdF1H2D;
  v_HiPuR4AtcR [label="id=823 t=75"];
  v_HiPuR4AtcR -> b_HnE3PdF1H2D;
  v_HxcDdSADU7w [label="id=813 t=75"];
  v_HxcDdSADU7w -> b_HnE3PdF1H2D;
  v_HR8hSIT76eJ [label="id=850 t=75"];
  v_HR8hSIT76eJ -> b_HnE3PdF1H2D;
  v_HdDPgZUPzP [label="id=687 t=75"];
  v_HdDPgZUPzP -> b_HnE3PdF1H2D;
  v_HIeciUHJxl [label="id=510 t=75"];
  v_HIeciUHJxl -> b_HnE3PdF1H2D;
  v_HFFAU0F7Nvd [label="id=101 t=75"];
  v_HFFAU0F7Nvd -> b_HnE3PdF1H2D;
  v_HiZzww485a [label="id=661 t=75"];
  v_HiZzww485a -> b_HnE3PdF1H2D;
  v_H9C1x5iA5HY [label="id=291 t=75"];
  v_H9C1x5iA5HY -> b_HnE3PdF1H2D;
  v_HaDrKkADn7f [label="id=787 t=75"];
  v_HaDrKkADn7f -> b_HnE3PdF1H2D;
  v_HKpaFuQ0h1L [label="id=743 t=75"];
  v_HKpaFuQ0h1L -> b_HnE3PdF1H2D;
  v_H687J2vZ5g [label="id=304 t=75"];
  v_H687J2vZ5g -> b_HnE3PdF1H2D;
  v_HogpkL7k6dd [label="id=91 t=75"];
  v_HogpkL7k6dd -> b_HnE3PdF1H2D;
  v_H4Em67KBO6v [label="id=501 t=75"];
  v_H4Em67KBO6v -> b_HnE3PdF1H2D;
  v_HtxQV6bnO1H [label="id=38 t=75"];
  v_HtxQV6bnO1H -> b_HnE3PdF1H2D;
  v_HC3KFm0hb2o [label="id=188 t=75"];
  v_HC3KFm0hb2o -> b_HnE3PdF1H2D;
  v_HF1vQgZq2zq [label="id=956 t=75"];
  v_HF1vQgZq2zq -> b_HnE3PdF1H2D;
  v_HVj8lLVMikq [label="id=706 t=75"];
  v_HVj8lLVMikq -> b_HnE3PdF1H2D;
  v_HcnqI749BkJ [label="id=189 t=75"];
  v_HcnqI749BkJ -> b_HnE3PdF1H2D;
  v_HSaSW3tpeJP [label="id=332 t=75"];
  v_HSaSW3tpeJP -> b_HnE3PdF1H2D;
  v_HnywuIqaOC [label="id=287 t=75"];
  v_HnywuIqaOC -> b_HnE3PdF1H2D;
  v_HLjTOcHCqxB [label="id=382 t=75"];
  v_HLjTOcHCqxB -> b_HnE3PdF1H2D;
  v_Hn1C3lWDtFw [label="id=852 t=75"];
  v_Hn1C3lWDtFw -> b_HnE3PdF1H2D;
  v_Hm6WtYJ9lk [label="id=485 t=75"];
  v_Hm6WtYJ9lk -> b_HnE3PdF1H2D;
  v_HBFv0iglu6L [label="id=707 t=75"];
  v_HBFv0iglu6L -> b_HnE3PdF1H2D;
  v_HgSuKBzqauR [label="id=6 t=75"];
  v_HgSuKBzqauR -> b_HnE3PdF1H2D;
  v_HDYSZMTl6GU [label="id=744 t=75"];
  v_HDYSZMTl6GU -> b_HnE3PdF1H2D;
  v_HeioaK0NR0 [label="id=647 t=75"];
  v_HeioaK0NR0 -> b_HnE3PdF1H2D;
  v_H5vdOW9ZZQr [label="id=60 t=75"];
  v_H5vdOW9ZZQr -> b_HnE3PdF1H2D;
  v_HFCsuHiK9f [label="id=548 t=75"];
  v_HFCsuHiK9f -> b_HnE3PdF1H2D;
  v_HnFCrZZG3OH [label="id=881 t=75"];
  v_HnFCrZZG3OH -> b_HnE3PdF1H2D;
  v_Hpe6con5Kel [label="id=611 t=75"];
  v_Hpe6con5Kel -> b_HnE3PdF1H2D;
  v_HpsBsl5gAq [label="id=126 t=75"];
  v_HpsBsl5gAq -> b_HnE3PdF1H2D;
  v_HjsFqCnwmYU [label="id=240 t=75"];
  v_HjsFqCnwmYU -> b_HnE3PdF1H2D;
  v_HiLuBrTva6P [label="id=118 t=75"];
  v_HiLuBrTva6P -> b_HnE3PdF1H2D;
  v_HT81hZE04 [label="id=309 t=75"];
  v_HT81hZE04 -> b_HnE3PdF1H2D;
  v_HWrNBU2uFLc [label="id=370 t=75"];
  v_HWrNBU2uFLc -> b_HnE3PdF1H2D;
  v_HVYwsV0tIsb [label="id=709 t=75"];
  v_HVYwsV0tIsb -> b_HnE3PdF1H2D;
  v_HMaWgJC7xd9 [label="id=469 t=75"];
  v_HMaWgJC7xd9 -> b_HnE3PdF1H2D;
  v_HsKoGi6Pyst [label="id=591 t=75"];
  v_HsKoGi6Pyst -> b_HnE3PdF1H2D;
  v_HLZ3zWUzyoO [label="id=165 t=75"];
  v_HLZ3zWUzyoO -> b_HnE3PdF1H2D;
  v_HhfzDnKDWZQ [label="id=802 t=75"];
  v_HhfzDnKDWZQ -> b_HnE3PdF1H2D;
  v_HW5ZhY3g6wD [label="id=859 t=75"];
  v_HW5ZhY3g6wD -> b_HnE3PdF1H2D;
  v_HLhmlS8qeH [label="id=865 t=75"];
  v_HLhmlS8qeH -> b_HnE3PdF1H2D;
  v_HdNX6hdrQbj [label="id=280 t=75"];
  v_HdNX6hdrQbj -> b_HnE3PdF1H2D;
}


ALWAYS AWAKE final ledgers: 56 74 56 74 49 64
ALWAYS AWAKE total communication: 15786381 7590
ALWAYS AWAKE blocks communication: 4496282 56
ALWAYS AWAKE votes communication: 2019056 7423
ALWAYS AWAKE proposals communication: 9271043 111
