r,n_asleep,n_awake,n_honest_asleep,n_honest_dreamy,n_honest_awake,n_adversary,n_all,party0_ledger_best_length,party0_ledger_best_age,party0_ledger_fast_length,party0_ledger_fast_age,party0_ledger_slow_length,party0_ledger_slow_age,party0_comms_all_size,party0_comms_all_count,party0_comms_proposal_size,party0_comms_proposal_count,party0_comms_piece_block_size,party0_comms_piece_block_count,party0_comms_piece_vote_size,party0_comms_piece_vote_count,party1_ledger_best_length,party1_ledger_best_age,party1_ledger_fast_length,party1_ledger_fast_age,party1_ledger_slow_length,party1_ledger_slow_age,party1_comms_all_size,party1_comms_all_count,party1_comms_proposal_size,party1_comms_proposal_count,party1_comms_piece_block_size,party1_comms_piece_block_count,party1_comms_piece_vote_size,party1_comms_piece_vote_count,party2_ledger_best_length,party2_ledger_best_age,party2_ledger_fast_length,party2_ledger_fast_age,party2_ledger_slow_length,party2_ledger_slow_age,party2_comms_all_size,party2_comms_all_count,party2_comms_proposal_size,party2_comms_proposal_count,party2_comms_piece_block_size,party2_comms_piece_block_count,party2_comms_piece_vote_size,party2_comms_piece_vote_count,party3_ledger_best_length,party3_ledger_best_age,party3_ledger_fast_length,party3_ledger_fast_age,party3_ledger_slow_length,party3_ledger_slow_age,party3_comms_all_size,party3_comms_all_count,party3_comms_proposal_size,party3_comms_proposal_count,party3_comms_piece_block_size,party3_comms_piece_block_count,party3_comms_piece_vote_size,party3_comms_piece_vote_count,party4_ledger_best_length,party4_ledger_best_age,party4_ledger_fast_length,party4_ledger_fast_age,party4_ledger_slow_length,party4_ledger_slow_age,party4_comms_all_size,party4_comms_all_count,party4_comms_proposal_size,party4_comms_proposal_count,party4_comms_piece_block_size,party4_comms_piece_block_count,party4_comms_piece_vote_size,party4_comms_piece_vote_count,partyALWAYSAWAKE_ledger_best_length,partyALWAYSAWAKE_ledger_best_age,partyALWAYSAWAKE_ledger_fast_length,partyALWAYSAWAKE_ledger_fast_age,partyALWAYSAWAKE_ledger_slow_length,partyALWAYSAWAKE_ledger_slow_age,partyALWAYSAWAKE_comms_all_size,partyALWAYSAWAKE_comms_all_count,partyALWAYSAWAKE_comms_proposal_size,partyALWAYSAWAKE_comms_proposal_count,partyALWAYSAWAKE_comms_piece_block_size,partyALWAYSAWAKE_comms_piece_block_count,partyALWAYSAWAKE_comms_piece_vote_size,partyALWAYSAWAKE_comms_piece_vote_count
4,0,1000,0,0,1000,0,1000,0,0,0,0,0,0,0,0,0,0,0,0,0,0,0,0,0,0,0,0,0,0,0,0,0,0,0,0,0,0,0,0,0,0,0,0,0,0,0,0,0,0,0,0,0,0,0,0,0,0,0,0,0,0,0,0,0,0,0,0,0,0,0,0,0,0,0,0,0,0,0,0,0,0,0,0,0,0,0,0,0,0,0,0
5,0,1000,0,0,1000,0,1000,0,0,0,0,0,0,2189,5,2189,5,0,0,0,0,0,0,0,0,0,0,2189,5,2189,5,0,0,0,0,0,0,0,0,0,0,2189,5,2189,5,0,0,0,0,0,0,0,0,0,0,2189,5,2189,5,0,0,0,0,0,0,0,0,0,0,2189,5,2189,5,0,0,0,0,0,0,0,0,0,0,2189,5,2189,5,0,0,0,0
6,0,1000,0,0,1000,0,1000,1,1,1,1,0,0,27218,100,0,0,290,1,26928,99,1,1,1,1,0,0,27218,100,0,0,290,1,26928,99,1,1,1,1,0,0,27218,100,0,0,290,1,26928,99,1,1,1,1,0,0,27218,100,0,0,290,1,26928,99,1,1,1,1,0,0,27218,100,0,0,290,1,26928,99,1,1,1,1,0,0,27218,100,0,0,290,1,26928,99
7,0,1000,0,0,1000,0,1000,1,1,1,1,0,0,0,0,0,0,0,0,0,0,1,1,1,1,0,0,0,0,0,0,0,0,0,0,1,1,1,1,0,0,0,0,0,0,0,0,0,0,1,1,1,1,0,0,0,0,0,0,0,0,0,0,1,1,1,1,0,0,0,0,0,0,0,0,0,0,1,1,1,1,0,0,0,0,0,0,0,0,0,0
8,0,1000,0,0,1000,0,1000,1,1,1,1,0,0,0,0,0,0,0,0,0,0,1,1,1,1,0,0,0,0,0,0,0,0,0,0,1,1,1,1,0,0,0,0,0,0,0,0,0,0,1,1,1,1,0,0,0,0,0,0,0,0,0,0,1,1,1,1,0,0,0,0,0,0,0,0,0,0,1,1,1,1,0,0,0,0,0,0,0,0,0,0
9,0,1000,0,0,1000,0,1000,1,1,1,1,0,0,39665,11,39665,11,0,0,0,0,1,1,1,1,0,0,39665,11,39665,11,0,0,0,0,1,1,1,1,0,0,39665,11,39665,11,0,0,0,0,1,1,1,1,0,0,39665,11,39665,11,0,0,0,0,1,1,1,1,0,0,39665,11,39665,11,0,0,0,0,1,1,1,1,0,0,39665,11,39665,11,0,0,0,0
10,0,1000,0,0,1000,0,1000,2,2,2,2,0,0,32930,121,0,0,290,1,32640,120,2,2,2,2,0,0,32930,121,0,0,290,1,32640,120,2,2,2,2,0,0,32930,121,0,0,290,1,32640,120,2,2,2,2,0,0,32930,121,0,0,290,1,32640,120,2,2,2,2,0,0,32930,121,0,0,290,1,32640,120,2,2,2,2,0,0,32930,121,0,0,290,1,32640,120
11,0,1000,0,0,1000,0,1000,2,2,2,2,0,0,0,0,0,0,0,0,0,0,2,2,2,2,0,0,0,0,0,0,0,0,0,0,2,2,2,2,0,0,0,0,0,0,0,0,0,0,2,2,2,2,0,0,0,0,0,0,0,0,0,0,2,2,2,2,0,0,0,0,0,0,0,0,0,0,2,2,2,2,0,0,0,0,0,0,0,0,0,0
12,0,1000,0,0,1000,0,1000,2,2,2,2,0,0,0,0,0,0,0,0,0,0,2,2,2,2,0,0,0,0,0,0,0,0,0,0,2,2,2,2,0,0,0,0,0,0,0,0,0,0,2,2,2,2,0,0,0,0,0,0,0,0,0,0,2,2,2,2,0,0,0,0,0,0,0,0,0,0,2,2,2,2,0,0,0,0,0,0,0,0,0,0
13,0,1000,0,0,1000,0,1000,2,2,2,2,0,0,42780,10,42780,10,0,0,0,0,2,2,2,2,0,0,42780,10,42780,10,0,0,0,0,2,2,2,2,0,0,42780,10,42780,10,0,0,0,0,2,2,2,2,0,0,42780,10,42780,10,0,0,0,0,2,2,2,2,0,0,42780,10,42780,10,0,0,0,0,2,2,2,2,0,0,42780,10,42780,10,0,0,0,0
14,0,1000,0,0,1000,0,1000,3,3,3,3,0,0,32386,119,0,0,290,1,32096,118,3,3,3,3,0,0,32386,119,0,0,290,1,32096,118,3,3,3,3,0,0,32386,119,0,0,290,1,32096,118,3,3,3,3,0,0,32386,119,0,0,290,1,32096,118,3,3,3,3,0,0,32386,119,0,0,290,1,32096,118,3,3,3,3,0,0,32386,119,0,0,290,1,32096,118
15,0,1000,0,0,1000,0,1000,3,3,3,3,0,0,0,0,0,0,0,0,0,0,3,3,3,3,0,0,0,0,0,0,0,0,0,0,3,3,3,3,0,0,0,0,0,0,0,0,0,0,3,3,3,3,0,0,0,0,0,0,0,0,0,0,3,3,3,3,0,0,0,0,0,0,0,0,0,0,3,3,3,3,0,0,0,0,0,0,0,0,0,0
16,0,1000,0,0,1000,0,1000,3,3,3,3,0,0,0,0,0,0,0,0,0,0,3,3,3,3,0,0,0,0,0,0,0,0,0,0,3,3,3,3,0,0,0,0,0,0,0,0,0,0,3,3,3,3,0,0,0,0,0,0,0,0,0,0,3,3,3,3,0,0,0,0,0,0,0,0,0,0,3,3,3,3,0,0,0,0,0,0,0,0,0,0
17,0,1000,0,0,1000,0,1000,3,3,3,3,0,0,25283,6,25283,6,0,0,0,0,3,3,3,3,0,0,25283,6,25283,6,0,0,0,0,3,3,3,3,0,0,25283,6,25283,6,0,0,0,0,3,3,3,3,0,0,25283,6,25283,6,0,0,0,0,3,3,3,3,0,0,25283,6,25283,6,0,0,0,0,3,3,3,3,0,0,25283,6,25283,6,0,0,0,0
18,0,1000,0,0,1000,0,1000,4,4,4,4,0,0,28850,106,0,0,290,1,28560,105,4,4,4,4,0,0,28850,106,0,0,290,1,28560,105,4,4,4,4,0,0,28850,106,0,0,290,1,28560,105,4,4,4,4,0,0,28850,106,0,0,290,1,28560,105,4,4,4,4,0,0,28850,106,0,0,290,1,28560,105,4,4,4,4,0,0,28850,106,0,0,290,1,28560,105
19,0,1000,0,0,1000,0,1000,4,4,4,4,0,0,0,0,0,0,0,0,0,0,4,4,4,4,0,0,0,0,0,0,0,0,0,0,4,4,4,4,0,0,0,0,0,0,0,0,0,0,4,4,4,4,0,0,0,0,0,0,0,0,0,0,4,4,4,4,0,0,0,0,0,0,0,0,0,0,4,4,4,4,0,0,0,0,0,0,0,0,0,0
20,0,1000,0,0,1000,0,1000,4,4,4,4,0,0,0,0,0,0,0,0,0,0,4,4,4,4,0,0,0,0,0,0,0,0,0,0,4,4,4,4,0,0,0,0,0,0,0,0,0,0,4,4,4,4,0,0,0,0,0,0,0,0,0,0,4,4,4,4,0,0,0,0,0,0,0,0,0,0,4,4,4,4,0,0,0,0,0,0,0,0,0,0
21,0,1000,0,0,1000,0,1000,4,4,4,4,0,0,26586,7,26586,7,0,0,0,0,4,4,4,4,0,0,26586,7,26586,7,0,0,0,0,4,4,4,4,0,0,26586,7,26586,7,0,0,0,0,4,4,4,4,0,0,26586,7,26586,7,0,0,0,0,4,4,4,4,0,0,26586,7,26586,7,0,0,0,0,4,4,4,4,0,0,26586,7,26586,7,0,0,0,0
22,0,1000,0,0,1000,0,1000,5,5,5,5,0,0,24226,89,0,0,290,1,23936,88,5,5,5,5,0,0,24226,89,0,0,290,1,23936,88,5,5,5,5,0,0,24226,89,0,0,290,1,23936,88,5,5,5,5,0,0,24226,89,0,0,290,1,23936,88,5,5,5,5,0,0,24226,89,0,0,290,1,23936,88,5,5,5,5,0,0,24226,89,0,0,290,1,23936,88
23,0,1000,0,0,1000,0,1000,5,5,5,5,0,0,0,0,0,0,0,0,0,0,5,5,5,5,0,0,0,0,0,0,0,0,0,0,5,5,5,5,0,0,0,0,0,0,0,0,0,0,5,5,5,5,0,0,0,0,0,0,0,0,0,0,5,5,5,5,0,0,0,0,0,0,0,0,0,0,5,5,5,5,0,0,0,0,0,0,0,0,0,0
24,0,1000,0,0,1000,0,1000,5,5,5,5,0,0,0,0,0,0,0,0,0,0,5,5,5,5,0,0,0,0,0,0,0,0,0,0,5,5,5,5,0,0,0,0,0,0,0,0,0,0,5,5,5,5,0,0,0,0,0,0,0,0,0,0,5,5,5,5,0,0,0,0,0,0,0,0,0,0,5,5,5,5,0,0,0,0,0,0,0,0,0,0
25,0,1000,0,0,1000,0,1000,5,5,5,5,0,0,45553,14,45553,14,0,0,0,0,5,5,5,5,0,0,45553,14,45553,14,0,0,0,0,5,5,5,5,0,0,45553,14,45553,14,0,0,0,0,5,5,5,5,0,0,45553,14,45553,14,0,0,0,0,5,5,5,5,0,0,45553,14,45553,14,0,0,0,0,5,5,5,5,0,0,45553,14,45553,14,0,0,0,0
26,0,1000,0,0,1000,0,1000,6,6,6,6,0,0,30754,113,0,0,290,1,30464,112,6,6,6,6,0,0,30754,113,0,0,290,1,30464,112,6,6,6,6,0,0,30754,113,0,0,290,1,30464,112,6,6,6,6,0,0,30754,113,0,0,290,1,30464,112,6,6,6,6,0,0,30754,113,0,0,290,1,30464,112,6,6,6,6,0,0,30754,113,0,0,290,1,30464,112
27,0,1000,0,0,1000,0,1000,6,6,6,6,0,0,0,0,0,0,0,0,0,0,6,6,6,6,0,0,0,0,0,0,0,0,0,0,6,6,6,6,0,0,0,0,0,0,0,0,0,0,6,6,6,6,0,0,0,0,0,0,0,0,0,0,6,6,6,6,0,0,0,0,0,0,0,0,0,0,6,6,6,6,0,0,0,0,0,0,0,0,0,0
28,0,1000,0,0,1000,0,1000,6,6,6,6,0,0,0,0,0,0,0,0,0,0,6,6,6,6,0,0,0,0,0,0,0,0,0,0,6,6,6,6,0,0,0,0,0,0,0,0,0,0,6,6,6,6,0,0,0,0,0,0,0,0,0,0,6,6,6,6,0,0,0,0,0,0,0,0,0,0,6,6,6,6,0,0,0,0,0,0,0,0,0,0
29,0,1000,0,0,1000,0,1000,6,6,6,6,0,0,40218,10,40218,10,0,0,0,0,6,6,6,6,0,0,40218,10,40218,10,0,0,0,0,6,6,6,6,0,0,40218,10,40218,10,0,0,0,0,6,6,6,6,0,0,40218,10,40218,10,0,0,0,0,6,6,6,6,0,0,40218,10,40218,10,0,0,0,0,6,6,6,6,0,0,40218,10,40218,10,0,0,0,0
30,0,1000,0,0,1000,0,1000,7,7,7,7,0,0,28850,106,0,0,290,1,28560,105,7,7,7,7,0,0,28850,106,0,0,290,1,28560,105,7,7,7,7,0,0,28850,106,0,0,290,1,28560,105,7,7,7,7,0,0,28850,106,0,0,290,1,28560,105,7,7,7,7,0,0,28850,106,0,0,290,1,28560,105,7,7,7,7,0,0,28850,106,0,0,290,1,28560,105
31,0,1000,0,0,1000,0,1000,7,7,7,7,0,0,0,0,0,0,0,0,0,0,7,7,7,7,0,0,0,0,0,0,0,0,0,0,7,7,7,7,0,0,0,0,0,0,0,0,0,0,7,7,7,7,0,0,0,0,0,0,0,0,0,0,7,7,7,7,0,0,0,0,0,0,0,0,0,0,7,7,7,7,0,0,0,0,0,0,0,0,0,0
32,0,1000,0,0,1000,0,1000,7,7,7,7,0,0,0,0,0,0,0,0,0,0,7,7,7,7,0,0,0,0,0,0,0,0,0,0,7,7,7,7,0,0,0,0,0,0,0,0,0,0,7,7,7,7,0,0,0,0,0,0,0,0,0,0,7,7,7,7,0,0,0,0,0,0,0,0,0,0,7,7,7,7,0,0,0,0,0,0,0,0,0,0
33,0,1000,0,0,1000,0,1000,7,7,7,7,0,0,49374,13,49374,13,0,0,0,0,7,7,7,7,0,0,49374,13,49374,13,0,0,0,0,7,7,7,7,0,0,49374,13,49374,13,0,0,0,0,7,7,7,7,0,0,49374,13,49374,13,0,0,0,0,7,7,7,7,0,0,49374,13,49374,13,0,0,0,0,7,7,7,7,0,0,49374,13,49374,13,0,0,0,0
34,0,1000,0,0,1000,0,1000,8,8,8,8,0,0,28306,104,0,0,290,1,28016,103,8,8,8,8,0,0,28306,104,0,0,290,1,28016,103,8,8,8,8,0,0,28306,104,0,0,290,1,28016,103,8,8,8,8,0,0,28306,104,0,0,290,1,28016,103,8,8,8,8,0,0,28306,104,0,0,290,1,28016,103,8,8,8,8,0,0,28306,104,0,0,290,1,28016,103
35,0,1000,0,0,1000,0,1000,8,8,8,8,0,0,0,0,0,0,0,0,0,0,8,8,8,8,0,0,0,0,0,0,0,0,0,0,8,8,8,8,0,0,0,0,0,0,0,0,0,0,8,8,8,8,0,0,0,0,0,0,0,0,0,0,8,8,8,8,0,0,0,0,0,0,0,0,0,0,8,8,8,8,0,0,0,0,0,0,0,0,0,0
36,0,1000,0,0,1000,0,1000,8,8,8,8,0,0,0,0,0,0,0,0,0,0,8,8,8,8,0,0,0,0,0,0,0,0,0,0,8,8,8,8,0,0,0,0,0,0,0,0,0,0,8,8,8,8,0,0,0,0,0,0,0,0,0,0,8,8,8,8,0,0,0,0,0,0,0,0,0,0,8,8,8,8,0,0,0,0,0,0,0,0,0,0
37,0,1000,0,0,1000,0,1000,8,8,8,8,0,0,22403,6,22403,6,0,0,0,0,8,8,8,8,0,0,22403,6,22403,6,0,0,0,0,8,8,8,8,0,0,22403,6,22403,6,0,0,0,0,8,8,8,8,0,0,22403,6,22403,6,0,0,0,0,8,8,8,8,0,0,22403,6,22403,6,0,0,0,0,8,8,8,8,0,0,22403,6,22403,6,0,0,0,0
38,0,1000,0,0,1000,0,1000,9,9,9,9,0,0,30754,113,0,0,290,1,30464,112,9,9,9,9,0,0,30754,113,0,0,290,1,30464,112,9,9,9,9,0,0,30754,113,0,0,290,1,30464,112,9,9,9,9,0,0,30754,113,0,0,290,1,30464,112,9,9,9,9,0,0,30754,113,0,0,290,1,30464,112,9,9,9,9,0,0,30754,113,0,0,290,1,30464,112
39,0,1000,0,0,1000,0,1000,9,9,9,9,0,0,0,0,0,0,0,0,0,0,9,9,9,9,0,0,0,0,0,0,0,0,0,0,9,9,9,9,0,0,0,0,0,0,0,0,0,0,9,9,9,9,0,0,0,0,0,0,0,0,0,0,9,9,9,9,0,0,0,0,0,0,0,0,0,0,9,9,9,9,0,0,0,0,0,0,0,0,0,0
40,0,1000,0,0,1000,0,1000,9,9,9,9,0,0,0,0,0,0,0,0,0,0,9,9,9,9,0,0,0,0,0,0,0,0,0,0,9,9,9,9,0,0,0,0,0,0,0,0,0,0,9,9,9,9,0,0,0,0,0,0,0,0,0,0,9,9,9,9,0,0,0,0,0,0,0,0,0,0,9,9,9,9,0,0,0,0,0,0,0,0,0,0
41,0,1000,0,0,1000,0,1000,9,9,9,9,0,0,48272,12,48272,12,0,0,0,0,9,9,9,9,0,0,48272,12,48272,12,0,0,0,0,9,9,9,9,0,0,48272,12,48272,12,0,0,0,0,9,9,9,9,0,0,48272,12,48272,12,0,0,0,0,9,9,9,9,0,0,48272,12,48272,12,0,0,0,0,9,9,9,9,0,0,48272,12,48272,12,0,0,0,0
42,0,1000,0,0,1000,0,1000,10,10,10,10,0,0,29667,109,0,0,291,1,29376,108,10,10,10,10,0,0,29667,109,0,0,291,1,29376,108,10,10,10,10,0,0,29667,109,0,0,291,1,29376,108,10,10,10,10,0,0,29667,109,0,0,291,1,29376,108,10,10,10,10,0,0,29667,109,0,0,291,1,29376,108,10,10,10,10,0,0,29667,109,0,0,291,1,29376,108
43,0,1000,0,0,1000,0,1000,10,10,10,10,0,0,0,0,0,0,0,0,0,0,10,10,10,10,0,0,0,0,0,0,0,0,0,0,10,10,10,10,0,0,0,0,0,0,0,0,0,0,10,10,10,10,0,0,0,0,0,0,0,0,0,0,10,10,10,10,0,0,0,0,0,0,0,0,0,0,10,10,10,10,0,0,0,0,0,0,0,0,0,0
44,0,1000,0,0,1000,0,1000,10,10,10,10,0,0,0,0,0,0,0,0,0,0,10,10,10,10,0,0,0,0,0,0,0,0,0,0,10,10,10,10,0,0,0,0,0,0,0,0,0,0,10,10,10,10,0,0,0,0,0,0,0,0,0,0,10,10,10,10,0,0,0,0,0,0,0,0,0,0,10,10,10,10,0,0,0,0,0,0,0,0,0,0
45,0,1000,0,0,1000,0,1000,10,10,10,10,0,0,58425,15,58425,15,0,0,0,0,10,10,10,10,0,0,58425,15,58425,15,0,0,0,0,10,10,10,10,0,0,58425,15,58425,15,0,0,0,0,10,10,10,10,0,0,58425,15,58425,15,0,0,0,0,10,10,10,10,0,0,58425,15,58425,15,0,0,0,0,10,10,10,10,0,0,58425,15,58425,15,0,0,0,0
46,0,1000,0,0,1000,0,1000,11,11,11,11,0,0,27219,100,0,0,291,1,26928,99,11,11,11,11,0,0,27219,100,0,0,291,1,26928,99,11,11,11,11,0,0,27219,100,0,0,291,1,26928,99,11,11,11,11,0,0,27219,100,0,0,291,1,26928,99,11,11,11,11,0,0,27219,100,0,0,291,1,26928,99,11,11,11,11,0,0,27219,100,0,0,291,1,26928,99
47,0,1000,0,0,1000,0,1000,11,11,11,11,1,1,0,0,0,0,0,0,0,0,11,11,11,11,1,1,0,0,0,0,0,0,0,0,11,11,11,11,1,1,0,0,0,0,0,0,0,0,11,11,11,11,1,1,0,0,0,0,0,0,0,0,11,11,11,11,1,1,0,0,0,0,0,0,0,0,11,11,11,11,1,1,0,0,0,0,0,0,0,0
48,0,1000,0,0,1000,0,1000,11,11,11,11,1,1,0,0,0,0,0,0,0,0,11,11,11,11,1,1,0,0,0,0,0,0,0,0,11,11,11,11,1,1,0,0,0,0,0,0,0,0,11,11,11,11,1,1,0,0,0,0,0,0,0,0,11,11,11,11,1,1,0,0,0,0,0,0,0,0,11,11,11,11,1,1,0,0,0,0,0,0,0,0
49,0,1000,0,0,1000,0,1000,11,11,11,11,1,1,50496,14,50496,14,0,0,0,0,11,11,11,11,1,1,50496,14,50496,14,0,0,0,0,11,11,11,11,1,1,50496,14,50496,14,0,0,0,0,11,11,11,11,1,1,50496,14,50496,14,0,0,0,0,11,11,11,11,1,1,50496,14,50496,14,0,0,0,0,11,11,11,11,1,1,50496,14,50496,14,0,0,0,0
50,0,1000,0,0,1000,0,1000,12,12,12,12,1,1,27219,100,0,0,291,1,26928,99,12,12,12,12,1,1,27219,100,0,0,291,1,26928,99,12,12,12,12,1,1,27219,100,0,0,291,1,26928,99,12,12,12,12,1,1,27219,100,0,0,291,1,26928,99,12,12,12,12,1,1,27219,100,0,0,291,1,26928,99,12,12,12,12,1,1,27219,100,0,0,291,1,26928,99
51,0,1000,0,0,1000,0,1000,12,12,12,12,2,2,0,0,0,0,0,0,0,0,12,12,12,12,2,2,0,0,0,0,0,0,0,0,12,12,12,12,2,2,0,0,0,0,0,0,0,0,12,12,12,12,2,2,0,0,0,0,0,0,0,0,12,12,12,12,2,2,0,0,0,0,0,0,0,0,12,12,12,12,2,2,0,0,0,0,0,0,0,0
52,0,1000,0,0,1000,0,1000,12,12,12,12,2,2,0,0,0,0,0,0,0,0,12,12,12,12,2,2,0,0,0,0,0,0,0,0,12,12,12,12,2,2,0,0,0,0,0,0,0,0,12,12,12,12,2,2,0,0,0,0,0,0,0,0,12,12,12,12,2,2,0,0,0,0,0,0,0,0,12,12,12,12,2,2,0,0,0,0,0,0,0,0
53,0,1000,0,0,1000,0,1000,12,12,12,12,2,2,28855,8,28855,8,0,0,0,0,12,12,12,12,2,2,28855,8,28855,8,0,0,0,0,12,12,12,12,2,2,28855,8,28855,8,0,0,0,0,12,12,12,12,2,2,28855,8,28855,8,0,0,0,0,12,12,12,12,2,2,28855,8,28855,8,0,0,0,0,12,12,12,12,2,2,28855,8,28855,8,0,0,0,0
54,0,1000,0,0,1000,0,1000,13,13,13,13,2,2,22867,84,0,0,291,1,22576,83,13,13,13,13,2,2,22867,84,0,0,291,1,22576,83,13,13,13,13,2,2,22867,84,0,0,291,1,22576,83,13,13,13,13,2,2,22867,84,0,0,291,1,22576,83,13,13,13,13,2,2,22867,84,0,0,291,1,22576,83,13,13,13,13,2,2,22867,84,0,0,291,1,22576,83
55,0,1000,0,0,1000,0,1000,13,13,13,13,3,3,0,0,0,0,0,0,0,0,13,13,13,13,3,3,0,0,0,0,0,0,0,0,13,13,13,13,3,3,0,0,0,0,0,0,0,0,13,13,13,13,3,3,0,0,0,0,0,0,0,0,13,13,13,13,3,3,0,0,0,0,0,0,0,0,13,13,13,13,3,3,0,0,0,0,0,0,0,0
56,0,1000,0,0,1000,0,1000,13,13,13,13,3,3,0,0,0,0,0,0,0,0,13,13,13,13,3,3,0,0,0,0,0,0,0,0,13,13,13,13,3,3,0,0,0,0,0,0,0,0,13,13,13,13,3,3,0,0,0,0,0,0,0,0,13,13,13,13,3,3,0,0,0,0,0,0,0,0,13,13,13,13,3,3,0,0,0,0,0,0,0,0
57,0,1000,0,0,1000,0,1000,13,13,13,13,3,3,34045,11,34045,11,0,0,0,0,13,13,13,13,3,3,34045,11,34045,11,0,0,0,0,13,13,13,13,3,3,34045,11,34045,11,0,0,0,0,13,13,13,13,3,3,34045,11,34045,11,0,0,0,0,13,13,13,13,3,3,34045,11,34045,11,0,0,0,0,13,13,13,13,3,3,34045,11,34045,11,0,0,0,0
58,0,1000,0,0,1000,0,1000,14,14,14,14,3,3,24499,90,0,0,291,1,24208,89,14,14,14,14,3,3,24499,90,0,0,291,1,24208,89,14,14,14,14,3,3,24499,90,0,0,291,1,24208,89,14,14,14,14,3,3,24499,90,0,0,291,1,24208,89,14,14,14,14,3,3,24499,90,0,0,291,1,24208,89,14,14,14,14,3,3,24499,90,0,0,291,1,24208,89
59,0,1000,0,0,1000,0,1000,14,14,14,14,4,4,0,0,0,0,0,0,0,0,14,14,14,14,4,4,0,0,0,0,0,0,0,0,14,14,14,14,4,4,0,0,0,0,0,0,0,0,14,14,14,14,4,4,0,0,0,0,0,0,0,0,14,14,14,14,4,4,0,0,0,0,0,0,0,0,14,14,14,14,4,4,0,0,0,0,0,0,0,0
60,0,1000,0,0,1000,0,1000,14,14,14,14,4,4,0,0,0,0,0,0,0,0,14,14,14,14,4,4,0,0,0,0,0,0,0,0,14,14,14,14,4,4,0,0,0,0,0,0,0,0,14,14,14,14,4,4,0,0,0,0,0,0,0,0,14,14,14,14,4,4,0,0,0,0,0,0,0,0,14,14,14,14,4,4,0,0,0,0,0,0,0,0
61,0,1000,0,0,1000,0,1000,14,14,14,14,4,4,36157,11,36157,11,0,0,0,0,14,14,14,14,4,4,36157,11,36157,11,0,0,0,0,14,14,14,14,4,4,36157,11,36157,11,0,0,0,0,14,14,14,14,4,4,36157,11,36157,11,0,0,0,0,14,14,14,14,4,4,36157,11,36157,11,0,0,0,0,14,14,14,14,4,4,36157,11,36157,11,0,0,0,0
62,0,1000,0,0,1000,0,1000,15,15,15,15,4,4,30211,111,0,0,291,1,29920,110,15,15,15,15,4,4,30211,111,0,0,291,1,29920,110,15,15,15,15,4,4,30211,111,0,0,291,1,29920,110,15,15,15,15,4,4,30211,111,0,0,291,1,29920,110,15,15,15,15,4,4,30211,111,0,0,291,1,29920,110,15,15,15,15,4,4,30211,111,0,0,291,1,29920,110
63,0,1000,0,0,1000,0,1000,15,15,15,15,5,5,0,0,0,0,0,0,0,0,15,15,15,15,5,5,0,0,0,0,0,0,0,0,15,15,15,15,5,5,0,0,0,0,0,0,0,0,15,15,15,15,5,5,0,0,0,0,0,0,0,0,15,15,15,15,5,5,0,0,0,0,0,0,0,0,15,15,15,15,5,5,0,0,0,0,0,0,0,0
64,0,1000,0,0,1000,0,1000,15,15,15,15,5,5,0,0,0,0,0,0,0,0,15,15,15,15,5,5,0,0,0,0,0,0,0,0,15,15,15,15,5,5,0,0,0,0,0,0,0,0,15,15,15,15,5,5,0,0,0,0,0,0,0,0,15,15,15,15,5,5,0,0,0,0,0,0,0,0,15,15,15,15,5,5,0,0,0,0,0,0,0,0
65,900,100,900,0,100,0,1000,15,15,15,15,5,5,31671,8,31671,8,0,0,0,0,15,15,15,15,5,5,31671,8,31671,8,0,0,0,0,15,15,15,15,5,5,31671,8,31671,8,0,0,0,0,15,15,15,15,5,5,31671,8,31671,8,0,0,0,0,15,15,15,15,5,5,31671,8,31671,8,0,0,0,0,15,15,15,15,5,5,31671,8,31671,8,0,0,0,0
66,900,100,900,0,100,0,1000,15,15,15,15,5,5,3011,11,0,0,291,1,2720,10,15,15,15,15,5,5,3011,11,0,0,291,1,2720,10,15,15,15,15,5,5,3011,11,0,0,291,1,2720,10,15,15,15,15,5,5,3011,11,0,0,291,1,2720,10,15,15,15,15,5,5,3011,11,0,0,291,1,2720,10,15,15,15,15,5,5,3011,11,0,0,291,1,2720,10
67,900,100,900,0,100,0,1000,15,15,15,15,5,5,0,0,0,0,0,0,0,0,15,15,15,15,5,5,0,0,0,0,0,0,0,0,15,15,15,15,5,5,0,0,0,0,0,0,0,0,15,15,15,15,5,5,0,0,0,0,0,0,0,0,15,15,15,15,5,5,0,0,0,0,0,0,0,0,15,15,15,15,6,6,0,0,0,0,0,0,0,0
68,900,100,900,0,100,0,1000,15,15,15,15,5,5,0,0,0,0,0,0,0,0,15,15,15,15,5,5,0,0,0,0,0,0,0,0,15,15,15,15,5,5,0,0,0,0,0,0,0,0,15,15,15,15,5,5,0,0,0,0,0,0,0,0,15,15,15,15,5,5,0,0,0,0,0,0,0,0,15,15,15,15,6,6,0,0,0,0,0,0,0,0
69,900,100,900,0,100,0,1000,15,15,15,15,5,5,759,1,759,1,0,0,0,0,15,15,15,15,5,5,759,1,759,1,0,0,0,0,15,15,15,15,5,5,759,1,759,1,0,0,0,0,15,15,15,15,5,5,759,1,759,1,0,0,0,0,15,15,15,15,5,5,759,1,759,1,0,0,0,0,15,15,15,15,6,6,759,1,759,1,0,0,0,0
70,900,100,900,0,100,0,1000,15,15,15,15,5,5,1923,7,0,0,291,1,1632,6,15,15,15,15,5,5,1923,7,0,0,291,1,1632,6,15,15,15,15,5,5,1923,7,0,0,291,1,1632,6,15,15,15,15,5,5,1923,7,0,0,291,1,1632,6,15,15,15,15,5,5,1923,7,0,0,291,1,1632,6,15,15,15,15,6,6,1923,7,0,0,291,1,1632,6
71,900,100,900,0,100,0,1000,15,15,15,15,5,5,0,0,0,0,0,0,0,0,15,15,15,15,5,5,0,0,0,0,0,0,0,0,15,15,15,15,5,5,0,0,0,0,0,0,0,0,15,15,15,15,5,5,0,0,0,0,0,0,0,0,15,15,15,15,5,5,0,0,0,0,0,0,0,0,15,15,15,15,7,7,0,0,0,0,0,0,0,0
72,900,100,900,0,100,0,1000,15,15,15,15,5,5,0,0,0,0,0,0,0,0,15,15,15,15,5,5,0,0,0,0,0,0,0,0,15,15,15,15,5,5,0,0,0,0,0,0,0,0,15,15,15,15,5,5,0,0,0,0,0,0,0,0,15,15,15,15,5,5,0,0,0,0,0,0,0,0,15,15,15,15,7,7,0,0,0,0,0,0,0,0
73,900,100,900,0,100,0,1000,15,15,15,15,5,5,631,1,631,1,0,0,0,0,15,15,15,15,5,5,631,1,631,1,0,0,0,0,15,15,15,15,5,5,631,1,631,1,0,0,0,0,15,15,15,15,5,5,631,1,631,1,0,0,0,0,15,15,15,15,5,5,631,1,631,1,0,0,0,0,15,15,15,15,7,7,631,1,631,1,0,0,0,0
74,900,100,900,0,100,0,1000,15,15,15,15,5,5,1923,7,0,0,291,1,1632,6,15,15,15,15,5,5,1923,7,0,0,291,1,1632,6,15,15,15,15,5,5,1923,7,0,0,291,1,1632,6,15,15,15,15,5,5,1923,7,0,0,291,1,1632,6,15,15,15,15,5,5,1923,7,0,0,291,1,1632,6,15,15,15,15,7,7,1923,7,0,0,291,1,1632,6
75,900,100,900,0,100,0,1000,15,15,15,15,5,5,0,0,0,0,0,0,0,0,15,15,15,15,5,5,0,0,0,0,0,0,0,0,15,15,15,15,5,5,0,0,0,0,0,0,0,0,15,15,15,15,5,5,0,0,0,0,0,0,0,0,15,15,15,15,5,5,0,0,0,0,0,0,0,0,15,15,15,15,8,8,0,0,0,0,0,0,0,0
76,900,100,900,0,100,0,1000,15,15,15,15,5,5,0,0,0,0,0,0,0,0,15,15,15,15,5,5,0,0,0,0,0,0,0,0,15,15,15,15,5,5,0,0,0,0,0,0,0,0,15,15,15,15,5,5,0,0,0,0,0,0,0,0,15,15,15,15,5,5,0,0,0,0,0,0,0,0,15,15,15,15,8,8,0,0,0,0,0,0,0,0
77,900,100,900,0,100,0,1000,15,15,15,15,5,5,0,0,0,0,0,0,0,0,15,15,15,15,5,5,0,0,0,0,0,0,0,0,15,15,15,15,5,5,0,0,0,0,0,0,0,0,15,15,15,15,5,5,0,0,0,0,0,0,0,0,15,15,15,15,5,5,0,0,0,0,0,0,0,0,15,15,15,15,8,8,0,0,0,0,0,0,0,0
78,900,100,900,0,100,0,1000,15,15,15,15,5,5,4080,15,0,0,0,0,4080,15,15,15,15,15,5,5,4080,15,0,0,0,0,4080,15,15,15,15,15,5,5,4080,15,0,0,0,0,4080,15,15,15,15,15,5,5,4080,15,0,0,0,0,4080,15,15,15,15,15,5,5,4080,15,0,0,0,0,4080,15,15,15,15,15,8,8,4080,15,0,0,0,0,4080,15
79,900,100,900,0,100,0,1000,15,15,15,15,5,5,0,0,0,0,0,0,0,0,15,15,15,15,5,5,0,0,0,0,0,0,0,0,15,15,15,15,5,5,0,0,0,0,0,0,0,0,15,15,15,15,5,5,0,0,0,0,0,0,0,0,15,15,15,15,5,5,0,0,0,0,0,0,0,0,15,15,15,15,9,9,0,0,0,0,0,0,0,0
80,900,100,900,0,100,0,1000,15,15,15,15,5,5,0,0,0,0,0,0,0,0,15,15,15,15,5,5,0,0,0,0,0,0,0,0,15,15,15,15,5,5,0,0,0,0,0,0,0,0,15,15,15,15,5,5,0,0,0,0,0,0,0,0,15,15,15,15,5,5,0,0,0,0,0,0,0,0,15,15,15,15,9,9,0,0,0,0,0,0,0,0
81,900,100,900,0,100,0,1000,15,15,15,15,5,5,0,0,0,0,0,0,0,0,15,15,15,15,5,5,0,0,0,0,0,0,0,0,15,15,15,15,5,5,0,0,0,0,0,0,0,0,15,15,15,15,5,5,0,0,0,0,0,0,0,0,15,15,15,15,5,5,0,0,0,0,0,0,0,0,15,15,15,15,9,9,0,0,0,0,0,0,0,0
82,900,100,900,0,100,0,1000,15,15,15,15,5,5,2448,9,0,0,0,0,2448,9,15,15,15,15,5,5,2448,9,0,0,0,0,2448,9,15,15,15,15,5,5,2448,9,0,0,0,0,2448,9,15,15,15,15,5,5,2448,9,0,0,0,0,2448,9,15,15,15,15,5,5,2448,9,0,0,0,0,2448,9,15,15,15,15,9,9,2448,9,0,0,0,0,2448,9
83,900,100,900,0,100,0,1000,15,15,15,15,5,5,0,0,0,0,0,0,0,0,15,15,15,15,5,5,0,0,0,0,0,0,0,0,15,15,15,15,5,5,0,0,0,0,0,0,0,0,15,15,15,15,5,5,0,0,0,0,0,0,0,0,15,15,15,15,5,5,0,0,0,0,0,0,0,0,15,15,15,15,10,10,0,0,0,0,0,0,0,0
84,900,100,900,0,100,0,1000,15,15,15,15,5,5,0,0,0,0,0,0,0,0,15,15,15,15,5,5,0,0,0,0,0,0,0,0,15,15,15,15,5,5,0,0,0,0,0,0,0,0,15,15,15,15,5,5,0,0,0,0,0,0,0,0,15,15,15,15,5,5,0,0,0,0,0,0,0,0,15,15,15,15,10,10,0,0,0,0,0,0,0,0
85,900,100,900,0,100,0,1000,15,15,15,15,5,5,727,1,727,1,0,0,0,0,15,15,15,15,5,5,727,1,727,1,0,0,0,0,15,15,15,15,5,5,727,1,727,1,0,0,0,0,15,15,15,15,5,5,727,1,727,1,0,0,0,0,15,15,15,15,5,5,727,1,727,1,0,0,0,0,15,15,15,15,10,10,727,1,727,1,0,0,0,0
86,900,100,900,0,100,0,1000,15,15,15,15,5,5,3283,12,0,0,291,1,2992,11,15,15,15,15,5,5,3283,12,0,0,291,1,2992,11,15,15,15,15,5,5,3283,12,0,0,291,1,2992,11,15,15,15,15,5,5,3283,12,0,0,291,1,2992,11,15,15,15,15,5,5,3283,12,0,0,291,1,2992,11,15,15,15,15,10,10,3283,12,0,0,291,1,2992,11
87,900,100,900,0,100,0,1000,15,15,15,15,5,5,0,0,0,0,0,0,0,0,15,15,15,15,5,5,0,0,0,0,0,0,0,0,15,15,15,15,5,5,0,0,0,0,0,0,0,0,15,15,15,15,5,5,0,0,0,0,0,0,0,0,15,15,15,15,5,5,0,0,0,0,0,0,0,0,15,15,15,15,11,11,0,0,0,0,0,0,0,0
88,900,100,900,0,100,0,1000,15,15,15,15,5,5,0,0,0,0,0,0,0,0,15,15,15,15,5,5,0,0,0,0,0,0,0,0,15,15,15,15,5,5,0,0,0,0,0,0,0,0,15,15,15,15,5,5,0,0,0,0,0,0,0,0,15,15,15,15,5,5,0,0,0,0,0,0,0,0,15,15,15,15,11,11,0,0,0,0,0,0,0,0
89,900,100,900,0,100,0,1000,15,15,15,15,5,5,0,0,0,0,0,0,0,0,15,15,15,15,5,5,0,0,0,0,0,0,0,0,15,15,15,15,5,5,0,0,0,0,0,0,0,0,15,15,15,15,5,5,0,0,0,0,0,0,0,0,15,15,15,15,5,5,0,0,0,0,0,0,0,0,15,15,15,15,11,11,0,0,0,0,0,0,0,0
90,900,100,900,0,100,0,1000,15,15,15,15,5,5,2992,11,0,0,0,0,2992,11,15,15,15,15,5,5,2992,11,0,0,0,0,2992,11,15,15,15,15,5,5,2992,11,0,0,0,0,2992,11,15,15,15,15,5,5,2992,11,0,0,0,0,2992,11,15,15,15,15,5,5,2992,11,0,0,0,0,2992,11,15,15,15,15,11,11,2992,11,0,0,0,0,2992,11
91,900,100,900,0,100,0,1000,15,15,15,15,5,5,0,0,0,0,0,0,0,0,15,15,15,15,5,5,0,0,0,0,0,0,0,0,15,15,15,15,5,5,0,0,0,0,0,0,0,0,15,15,15,15,5,5,0,0,0,0,0,0,0,0,15,15,15,15,5,5,0,0,0,0,0,0,0,0,15,15,15,15,12,12,0,0,0,0,0,0,0,0
92,900,100,900,0,100,0,1000,15,15,15,15,5,5,0,0,0,0,0,0,0,0,15,15,15,15,5,5,0,0,0,0,0,0,0,0,15,15,15,15,5,5,0,0,0,0,0,0,0,0,15,15,15,15,5,5,0,0,0,0,0,0,0,0,15,15,15,15,5,5,0,0,0,0,0,0,0,0,15,15,15,15,12,12,0,0,0,0,0,0,0,0
93,900,100,900,0,100,0,1000,15,15,15,15,5,5,791,1,791,1,0,0,0,0,15,15,15,15,5,5,791,1,791,1,0,0,0,0,15,15,15,15,5,5,791,1,791,1,0,0,0,0,15,15,15,15,5,5,791,1,791,1,0,0,0,0,15,15,15,15,5,5,791,1,791,1,0,0,0,0,15,15,15,15,12,12,791,1,791,1,0,0,0,0
94,900,100,900,0,100,0,1000,15,15,15,15,5,5,3011,11,0,0,291,1,2720,10,15,15,15,15,5,5,3011,11,0,0,291,1,2720,10,15,15,15,15,5,5,3011,11,0,0,291,1,2720,10,15,15,15,15,5,5,3011,11,0,0,291,1,2720,10,15,15,15,15,5,5,3011,11,0,0,291,1,2720,10,15,15,15,15,12,12,3011,11,0,0,291,1,2720,10
95,900,100,900,0,100,0,1000,15,15,15,15,5,5,0,0,0,0,0,0,0,0,15,15,15,15,5,5,0,0,0,0,0,0,0,0,15,15,15,15,5,5,0,0,0,0,0,0,0,0,15,15,15,15,5,5,0,0,0,0,0,0,0,0,15,15,15,15,5,5,0,0,0,0,0,0,0,0,15,15,15,15,13,13,0,0,0,0,0,0,0,0
96,900,100,900,0,100,0,1000,15,15,15,15,5,5,0,0,0,0,0,0,0,0,15,15,15,15,5,5,0,0,0,0,0,0,0,0,15,15,15,15,5,5,0,0,0,0,0,0,0,0,15,15,15,15,5,5,0,0,0,0,0,0,0,0,15,15,15,15,5,5,0,0,0,0,0,0,0,0,15,15,15,15,13,13,0,0,0,0,0,0,0,0
97,900,100,900,0,100,0,1000,15,15,15,15,5,5,0,0,0,0,0,0,0,0,15,15,15,15,5,5,0,0,0,0,0,0,0,0,15,15,15,15,5,5,0,0,0,0,0,0,0,0,15,15,15,15,5,5,0,0,0,0,0,0,0,0,15,15,15,15,5,5,0,0,0,0,0,0,0,0,15,15,15,15,13,13,0,0,0,0,0,0,0,0
98,900,100,900,0,100,0,1000,15,15,15,15,5,5,2176,8,0,0,0,0,2176,8,15,15,15,15,5,5,2176,8,0,0,0,0,2176,8,15,15,15,15,5,5,2176,8,0,0,0,0,2176,8,15,15,15,15,5,5,2176,8,0,0,0,0,2176,8,15,15,15,15,5,5,2176,8,0,0,0,0,2176,8,15,15,15,15,13,13,2176,8,0,0,0,0,2176,8
99,900,100,900,0,100,0,1000,15,15,15,15,5,5,0,0,0,0,0,0,0,0,15,15,15,15,5,5,0,0,0,0,0,0,0,0,15,15,15,15,5,5,0,0,0,0,0,0,0,0,15,15,15,15,5,5,0,0,0,0,0,0,0,0,15,15,15,15,5,5,0,0,0,0,0,0,0,0,15,15,15,15,14,14,0,0,0,0,0,0,0,0
100,900,100,900,0,100,0,1000,15,15,15,15,5,5,0,0,0,0,0,0,0,0,15,15,15,15,5,5,0,0,0,0,0,0,0,0,15,15,15,15,5,5,0,0,0,0,0,0,0,0,15,15,15,15,5,5,0,0,0,0,0,0,0,0,15,15,15,15,5,5,0,0,0,0,0,0,0,0,15,15,15,15,14,14,0,0,0,0,0,0,0,0
101,900,100,900,0,100,0,1000,15,15,15,15,5,5,695,1,695,1,0,0,0,0,15,15,15,15,5,5,695,1,695,1,0,0,0,0,15,15,15,15,5,5,695,1,695,1,0,0,0,0,15,15,15,15,5,5,695,1,695,1,0,0,0,0,15,15,15,15,5,5,695,1,695,1,0,0,0,0,15,15,15,15,14,14,695,1,695,1,0,0,0,0
102,900,100,900,0,100,0,1000,15,15,15,15,5,5,3555,13,0,0,291,1,3264,12,15,15,15,15,5,5,3555,13,0,0,291,1,3264,12,15,15,15,15,5,5,3555,13,0,0,291,1,3264,12,15,15,15,15,5,5,3555,13,0,0,291,1,3264,12,15,15,15,15,5,5,3555,13,0,0,291,1,3264,12,15,15,15,15,14,14,3555,13,0,0,291,1,3264,12
103,900,100,900,0,100,0,1000,15,15,15,15,5,5,0,0,0,0,0,0,0,0,15,15,15,15,5,5,0,0,0,0,0,0,0,0,15,15,15,15,5,5,0,0,0,0,0,0,0,0,15,15,15,15,5,5,0,0,0,0,0,0,0,0,15,15,15,15,5,5,0,0,0,0,0,0,0,0,15,15,15,15,15,15,0,0,0,0,0,0,0,0
104,900,100,900,0,100,0,1000,15,15,15,15,5,5,0,0,0,0,0,0,0,0,15,15,15,15,5,5,0,0,0,0,0,0,0,0,15,15,15,15,5,5,0,0,0,0,0,0,0,0,15,15,15,15,5,5,0,0,0,0,0,0,0,0,15,15,15,15,5,5,0,0,0,0,0,0,0,0,15,15,15,15,15,15,0,0,0,0,0,0,0,0
105,900,100,900,0,100,0,1000,15,15,15,15,5,5,0,0,0,0,0,0,0,0,15,15,15,15,5,5,0,0,0,0,0,0,0,0,15,15,15,15,5,5,0,0,0,0,0,0,0,0,15,15,15,15,5,5,0,0,0,0,0,0,0,0,15,15,15,15,5,5,0,0,0,0,0,0,0,0,15,15,15,15,15,15,0,0,0,0,0,0,0,0
106,900,100,900,0,100,0,1000,15,15,15,15,5,5,2448,9,0,0,0,0,2448,9,15,15,15,15,5,5,2448,9,0,0,0,0,2448,9,15,15,15,15,5,5,2448,9,0,0,0,0,2448,9,15,15,15,15,5,5,2448,9,0,0,0,0,2448,9,15,15,15,15,5,5,2448,9,0,0,0,0,2448,9,15,15,15,15,15,15,2448,9,0,0,0,0,2448,9
107,900,100,900,0,100,0,1000,15,15,15,15,5,5,0,0,0,0,0,0,0,0,15,15,15,15,5,5,0,0,0,0,0,0,0,0,15,15,15,15,5,5,0,0,0,0,0,0,0,0,15,15,15,15,5,5,0,0,0,0,0,0,0,0,15,15,15,15,5,5,0,0,0,0,0,0,0,0,16,16,15,15,16,16,0,0,0,0,0,0,0,0
108,900,100,900,0,100,0,1000,15,15,15,15,5,5,0,0,0,0,0,0,0,0,15,15,15,15,5,5,0,0,0,0,0,0,0,0,15,15,15,15,5,5,0,0,0,0,0,0,0,0,15,15,15,15,5,5,0,0,0,0,0,0,0,0,15,15,15,15,5,5,0,0,0,0,0,0,0,0,16,16,15,15,16,16,0,0,0,0,0,0,0,0
109,900,100,900,0,100,0,1000,15,15,15,15,5,5,727,1,727,1,0,0,0,0,15,15,15,15,5,5,727,1,727,1,0,0,0,0,15,15,15,15,5,5,727,1,727,1,0,0,0,0,15,15,15,15,5,5,727,1,727,1,0,0,0,0,15,15,15,15,5,5,727,1,727,1,0,0,0,0,16,16,15,15,16,16,727,1,727,1,0,0,0,0
110,900,100,900,0,100,0,1000,15,15,15,15,5,5,2467,9,0,0,291,1,2176,8,15,15,15,15,5,5,2467,9,0,0,291,1,2176,8,15,15,15,15,5,5,2467,9,0,0,291,1,2176,8,15,15,15,15,5,5,2467,9,0,0,291,1,2176,8,15,15,15,15,5,5,2467,9,0,0,291,1,2176,8,16,16,15,15,16,16,2467,9,0,0,291,1,2176,8
111,900,100,900,0,100,0,1000,15,15,15,15,5,5,0,0,0,0,0,0,0,0,15,15,15,15,5,5,0,0,0,0,0,0,0,0,15,15,15,15,5,5,0,0,0,0,0,0,0,0,15,15,15,15,5,5,0,0,0,0,0,0,0,0,15,15,15,15,5,5,0,0,0,0,0,0,0,0,17,17,15,15,17,17,0,0,0,0,0,0,0,0
112,900,100,900,0,100,0,1000,15,15,15,15,5,5,0,0,0,0,0,0,0,0,15,15,15,15,5,5,0,0,0,0,0,0,0,0,15,15,15,15,5,5,0,0,0,0,0,0,0,0,15,15,15,15,5,5,0,0,0,0,0,0,0,0,15,15,15,15,5,5,0,0,0,0,0,0,0,0,17,17,15,15,17,17,0,0,0,0,0,0,0,0
113,900,100,900,0,100,0,1000,15,15,15,15,5,5,1390,2,1390,2,0,0,0,0,15,15,15,15,5,5,1390,2,1390,2,0,0,0,0,15,15,15,15,5,5,1390,2,1390,2,0,0,0,0,15,15,15,15,5,5,1390,2,1390,2,0,0,0,0,15,15,15,15,5,5,1390,2,1390,2,0,0,0,0,17,17,15,15,17,17,1390,2,1390,2,0,0,0,0
114,900,100,900,0,100,0,1000,15,15,15,15,5,5,2467,9,0,0,291,1,2176,8,15,15,15,15,5,5,2467,9,0,0,291,1,2176,8,15,15,15,15,5,5,2467,9,0,0,291,1,2176,8,15,15,15,15,5,5,2467,9,0,0,291,1,2176,8,15,15,15,15,5,5,2467,9,0,0,291,1,2176,8,17,17,15,15,17,17,2467,9,0,0,291,1,2176,8
115,900,100,900,0,100,0,1000,15,15,15,15,5,5,0,0,0,0,0,0,0,0,15,15,15,15,5,5,0,0,0,0,0,0,0,0,15,15,15,15,5,5,0,0,0,0,0,0,0,0,15,15,15,15,5,5,0,0,0,0,0,0,0,0,15,15,15,15,5,5,0,0,0,0,0,0,0,0,18,18,15,15,18,18,0,0,0,0,0,0,0,0
116,900,100,900,0,100,0,1000,15,15,15,15,5,5,0,0,0,0,0,0,0,0,15,15,15,15,5,5,0,0,0,0,0,0,0,0,15,15,15,15,5,5,0,0,0,0,0,0,0,0,15,15,15,15,5,5,0,0,0,0,0,0,0,0,15,15,15,15,5,5,0,0,0,0,0,0,0,0,18,18,15,15,18,18,0,0,0,0,0,0,0,0
117,900,100,900,0,100,0,1000,15,15,15,15,5,5,1390,2,1390,2,0,0,0,0,15,15,15,15,5,5,1390,2,1390,2,0,0,0,0,15,15,15,15,5,5,1390,2,1390,2,0,0,0,0,15,15,15,15,5,5,1390,2,1390,2,0,0,0,0,15,15,15,15,5,5,1390,2,1390,2,0,0,0,0,18,18,15,15,18,18,1390,2,1390,2,0,0,0,0
118,900,100,900,0,100,0,1000,15,15,15,15,5,5,2739,10,0,0,291,1,2448,9,15,15,15,15,5,5,2739,10,0,0,291,1,2448,9,15,15,15,15,5,5,2739,10,0,0,291,1,2448,9,15,15,15,15,5,5,2739,10,0,0,291,1,2448,9,15,15,15,15,5,5,2739,10,0,0,291,1,2448,9,18,18,15,15,18,18,2739,10,0,0,291,1,2448,9
119,900,100,900,0,100,0,1000,15,15,15,15,5,5,0,0,0,0,0,0,0,0,15,15,15,15,5,5,0,0,0,0,0,0,0,0,15,15,15,15,5,5,0,0,0,0,0,0,0,0,15,15,15,15,5,5,0,0,0,0,0,0,0,0,15,15,15,15,5,5,0,0,0,0,0,0,0,0,18,18,15,15,18,18,0,0,0,0,0,0,0,0
120,900,100,900,0,100,0,1000,15,15,15,15,5,5,0,0,0,0,0,0,0,0,15,15,15,15,5,5,0,0,0,0,0,0,0,0,15,15,15,15,5,5,0,0,0,0,0,0,0,0,15,15,15,15,5,5,0,0,0,0,0,0,0,0,15,15,15,15,5,5,0,0,0,0,0,0,0,0,18,18,15,15,18,18,0,0,0,0,0,0,0,0
121,900,100,900,0,100,0,1000,15,15,15,15,5,5,2181,3,2181,3,0,0,0,0,15,15,15,15,5,5,2181,3,2181,3,0,0,0,0,15,15,15,15,5,5,2181,3,2181,3,0,0,0,0,15,15,15,15,5,5,2181,3,2181,3,0,0,0,0,15,15,15,15,5,5,2181,3,2181,3,0,0,0,0,18,18,15,15,18,18,2181,3,2181,3,0,0,0,0
122,900,100,900,0,100,0,1000,15,15,15,15,5,5,2467,9,0,0,291,1,2176,8,15,15,15,15,5,5,2467,9,0,0,291,1,2176,8,15,15,15,15,5,5,2467,9,0,0,291,1,2176,8,15,15,15,15,5,5,2467,9,0,0,291,1,2176,8,15,15,15,15,5,5,2467,9,0,0,291,1,2176,8,18,18,15,15,18,18,2467,9,0,0,291,1,2176,8
123,900,100,900,0,100,0,1000,15,15,15,15,5,5,0,0,0,0,0,0,0,0,15,15,15,15,5,5,0,0,0,0,0,0,0,0,15,15,15,15,5,5,0,0,0,0,0,0,0,0,15,15,15,15,5,5,0,0,0,0,0,0,0,0,15,15,15,15,5,5,0,0,0,0,0,0,0,0,18,18,15,15,18,18,0,0,0,0,0,0,0,0
124,900,100,900,0,100,0,1000,15,15,15,15,5,5,0,0,0,0,0,0,0,0,15,15,15,15,5,5,0,0,0,0,0,0,0,0,15,15,15,15,5,5,0,0,0,0,0,0,0,0,15,15,15,15,5,5,0,0,0,0,0,0,0,0,15,15,15,15,5,5,0,0,0,0,0,0,0,0,18,18,15,15,18,18,0,0,0,0,0,0,0,0
125,900,100,900,0,100,0,1000,15,15,15,15,5,5,0,0,0,0,0,0,0,0,15,15,15,15,5,5,0,0,0,0,0,0,0,0,15,15,15,15,5,5,0,0,0,0,0,0,0,0,15,15,15,15,5,5,0,0,0,0,0,0,0,0,15,15,15,15,5,5,0,0,0,0,0,0,0,0,18,18,15,15,18,18,0,0,0,0,0,0,0,0
126,0,1000,0,900,100,0,1000,15,15,15,15,5,5,2176,8,0,0,0,0,2176,8,15,15,15,15,5,5,2176,8,0,0,0,0,2176,8,15,15,15,15,5,5,2176,8,0,0,0,0,2176,8,15,15,15,15,5,5,2176,8,0,0,0,0,2176,8,15,15,15,15,5,5,2176,8,0,0,0,0,2176,8,18,18,15,15,18,18,2176,8,0,0,0,0,2176,8
127,0,1000,0,0,1000,0,1000,19,21,15,15,19,21,0,0,0,0,0,0,0,0,19,21,15,15,19,21,0,0,0,0,0,0,0,0,19,21,15,15,19,21,0,0,0,0,0,0,0,0,19,21,15,15,19,21,0,0,0,0,0,0,0,0,19,21,15,15,19,21,0,0,0,0,0,0,0,0,19,21,15,15,19,21,0,0,0,0,0,0,0,0
128,0,1000,0,0,1000,0,1000,19,21,15,15,19,21,0,0,0,0,0,0,0,0,19,21,15,15,19,21,0,0,0,0,0,0,0,0,19,21,15,15,19,21,0,0,0,0,0,0,0,0,19,21,15,15,19,21,0,0,0,0,0,0,0,0,19,21,15,15,19,21,0,0,0,0,0,0,0,0,19,21,15,15,19,21,0,0,0,0,0,0,0,0
129,0,1000,0,0,1000,0,1000,19,21,15,15,19,21,9729,14,9729,14,0,0,0,0,19,21,15,15,19,21,9729,14,9729,14,0,0,0,0,19,21,15,15,19,21,9729,14,9729,14,0,0,0,0,19,21,15,15,19,21,9729,14,9729,14,0,0,0,0,19,21,15,15,19,21,9729,14,9729,14,0,0,0,0,19,21,15,15,19,21,9729,14,9729,14,0,0,0,0
130,0,1000,0,0,1000,0,1000,26,32,26,32,19,21,29939,110,0,0,291,1,29648,109,26,32,26,32,19,21,29939,110,0,0,291,1,29648,109,26,32,26,32,19,21,29939,110,0,0,291,1,29648,109,26,32,26,32,19,21,29939,110,0,0,291,1,29648,109,26,32,26,32,19,21,29939,110,0,0,291,1,29648,109,26,32,26,32,19,21,29939,110,0,0,291,1,29648,109
131,0,1000,0,0,1000,0,1000,26,32,26,32,19,21,0,0,0,0,0,0,0,0,26,32,26,32,19,21,0,0,0,0,0,0,0,0,26,32,26,32,19,21,0,0,0,0,0,0,0,0,26,32,26,32,19,21,0,0,0,0,0,0,0,0,26,32,26,32,19,21,0,0,0,0,0,0,0,0,26,32,26,32,19,21,0,0,0,0,0,0,0,0
132,0,1000,0,0,1000,0,1000,26,32,26,32,19,21,0,0,0,0,0,0,0,0,26,32,26,32,19,21,0,0,0,0,0,0,0,0,26,32,26,32,19,21,0,0,0,0,0,0,0,0,26,32,26,32,19,21,0,0,0,0,0,0,0,0,26,32,26,32,19,21,0,0,0,0,0,0,0,0,26,32,26,32,19,21,0,0,0,0,0,0,0,0
133,0,1000,0,0,1000,0,1000,26,32,26,32,19,21,35343,9,35343,9,0,0,0,0,26,32,26,32,19,21,35343,9,35343,9,0,0,0,0,26,32,26,32,19,21,35343,9,35343,9,0,0,0,0,26,32,26,32,19,21,35343,9,35343,9,0,0,0,0,26,32,26,32,19,21,35343,9,35343,9,0,0,0,0,26,32,26,32,19,21,35343,9,35343,9,0,0,0,0
134,0,1000,0,0,1000,0,1000,27,33,27,33,19,21,26947,99,0,0,291,1,26656,98,27,33,27,33,19,21,26947,99,0,0,291,1,26656,98,27,33,27,33,19,21,26947,99,0,0,291,1,26656,98,27,33,27,33,19,21,26947,99,0,0,291,1,26656,98,27,33,27,33,19,21,26947,99,0,0,291,1,26656,98,27,33,27,33,19,21,26947,99,0,0,291,1,26656,98
135,0,1000,0,0,1000,0,1000,27,33,27,33,20,23,0,0,0,0,0,0,0,0,27,33,27,33,20,23,0,0,0,0,0,0,0,0,27,33,27,33,20,23,0,0,0,0,0,0,0,0,27,33,27,33,20,23,0,0,0,0,0,0,0,0,27,33,27,33,20,23,0,0,0,0,0,0,0,0,27,33,27,33,20,23,0,0,0,0,0,0,0,0
136,0,1000,0,0,1000,0,1000,27,33,27,33,20,23,0,0,0,0,0,0,0,0,27,33,27,33,20,23,0,0,0,0,0,0,0,0,27,33,27,33,20,23,0,0,0,0,0,0,0,0,27,33,27,33,20,23,0,0,0,0,0,0,0,0,27,33,27,33,20,23,0,0,0,0,0,0,0,0,27,33,27,33,20,23,0,0,0,0,0,0,0,0
137,0,1000,0,0,1000,0,1000,27,33,27,33,20,23,32175,9,32175,9,0,0,0,0,27,33,27,33,20,23,32175,9,32175,9,0,0,0,0,27,33,27,33,20,23,32175,9,32175,9,0,0,0,0,27,33,27,33,20,23,32175,9,32175,9,0,0,0,0,27,33,27,33,20,23,32175,9,32175,9,0,0,0,0,27,33,27,33,20,23,32175,9,32175,9,0,0,0,0
138,0,1000,0,0,1000,0,1000,28,34,28,34,20,23,24771,91,0,0,291,1,24480,90,28,34,28,34,20,23,24771,91,0,0,291,1,24480,90,28,34,28,34,20,23,24771,91,0,0,291,1,24480,90,28,34,28,34,20,23,24771,91,0,0,291,1,24480,90,28,34,28,34,20,23,24771,91,0,0,291,1,24480,90,28,34,28,34,20,23,24771,91,0,0,291,1,24480,90
139,0,1000,0,0,1000,0,1000,28,34,28,34,20,23,0,0,0,0,0,0,0,0,28,34,28,34,20,23,0,0,0,0,0,0,0,0,28,34,28,34,20,23,0,0,0,0,0,0,0,0,28,34,28,34,20,23,0,0,0,0,0,0,0,0,28,34,28,34,20,23,0,0,0,0,0,0,0,0,28,34,28,34,20,23,0,0,0,0,0,0,0,0
140,0,1000,0,0,1000,0,1000,28,34,28,34,20,23,0,0,0,0,0,0,0,0,28,34,28,34,20,23,0,0,0,0,0,0,0,0,28,34,28,34,20,23,0,0,0,0,0,0,0,0,28,34,28,34,20,23,0,0,0,0,0,0,0,0,28,34,28,34,20,23,0,0,0,0,0,0,0,0,28,34,28,34,20,23,0,0,0,0,0,0,0,0
141,0,1000,0,0,1000,0,1000,28,34,28,34,20,23,33185,10,33185,10,0,0,0,0,28,34,28,34,20,23,33185,10,33185,10,0,0,0,0,28,34,28,34,20,23,33185,10,33185,10,0,0,0,0,28,34,28,34,20,23,33185,10,33185,10,0,0,0,0,28,34,28,34,20,23,33185,10,33185,10,0,0,0,0,28,34,28,34,20,23,33185,10,33185,10,0,0,0,0
142,0,1000,0,0,1000,0,1000,29,35,29,35,20,23,29666,109,0,0,290,1,29376,108,29,35,29,35,20,23,29666,109,0,0,290,1,29376,108,29,35,29,35,20,23,29666,109,0,0,290,1,29376,108,29,35,29,35,20,23,29666,109,0,0,290,1,29376,108,29,35,29,35,20,23,29666,109,0,0,290,1,29376,108,29,35,29,35,20,23,29666,109,0,0,290,1,29376,108
143,0,1000,0,0,1000,0,1000,29,35,29,35,21,25,0,0,0,0,0,0,0,0,29,35,29,35,21,25,0,0,0,0,0,0,0,0,29,35,29,35,21,25,0,0,0,0,0,0,0,0,29,35,29,35,21,25,0,0,0,0,0,0,0,0,29,35,29,35,21,25,0,0,0,0,0,0,0,0,29,35,29,35,21,25,0,0,0,0,0,0,0,0
144,0,1000,0,0,1000,0,1000,29,35,29,35,21,25,0,0,0,0,0,0,0,0,29,35,29,35,21,25,0,0,0,0,0,0,0,0,29,35,29,35,21,25,0,0,0,0,0,0,0,0,29,35,29,35,21,25,0,0,0,0,0,0,0,0,29,35,29,35,21,25,0,0,0,0,0,0,0,0,29,35,29,35,21,25,0,0,0,0,0,0,0,0
145,0,1000,0,0,1000,0,1000,29,35,29,35,21,25,46740,12,46740,12,0,0,0,0,29,35,29,35,21,25,46740,12,46740,12,0,0,0,0,29,35,29,35,21,25,46740,12,46740,12,0,0,0,0,29,35,29,35,21,25,46740,12,46740,12,0,0,0,0,29,35,29,35,21,25,46740,12,46740,12,0,0,0,0,29,35,29,35,21,25,46740,12,46740,12,0,0,0,0
146,0,1000,0,0,1000,0,1000,30,36,30,36,21,25,27763,102,0,0,291,1,27472,101,30,36,30,36,21,25,27763,102,0,0,291,1,27472,101,30,36,30,36,21,25,27763,102,0,0,291,1,27472,101,30,36,30,36,21,25,27763,102,0,0,291,1,27472,101,30,36,30,36,21,25,27763,102,0,0,291,1,27472,101,30,36,30,36,21,25,27763,102,0,0,291,1,27472,101
147,0,1000,0,0,1000,0,1000,30,36,30,36,21,25,0,0,0,0,0,0,0,0,30,36,30,36,21,25,0,0,0,0,0,0,0,0,30,36,30,36,21,25,0,0,0,0,0,0,0,0,30,36,30,36,21,25,0,0,0,0,0,0,0,0,30,36,30,36,21,25,0,0,0,0,0,0,0,0,30,36,30,36,21,25,0,0,0,0,0,0,0,0
148,0,1000,0,0,1000,0,1000,30,36,30,36,21,25,0,0,0,0,0,0,0,0,30,36,30,36,21,25,0,0,0,0,0,0,0,0,30,36,30,36,21,25,0,0,0,0,0,0,0,0,30,36,30,36,21,25,0,0,0,0,0,0,0,0,30,36,30,36,21,25,0,0,0,0,0,0,0,0,30,36,30,36,21,25,0,0,0,0,0,0,0,0
149,0,1000,0,0,1000,0,1000,30,36,30,36,21,25,40381,11,40381,11,0,0,0,0,30,36,30,36,21,25,40381,11,40381,11,0,0,0,0,30,36,30,36,21,25,40381,11,40381,11,0,0,0,0,30,36,30,36,21,25,40381,11,40381,11,0,0,0,0,30,36,30,36,21,25,40381,11,40381,11,0,0,0,0,30,36,30,36,21,25,40381,11,40381,11,0,0,0,0
150,0,1000,0,0,1000,0,1000,31,37,31,37,21,25,29667,109,0,0,291,1,29376,108,31,37,31,37,21,25,29667,109,0,0,291,1,29376,108,31,37,31,37,21,25,29667,109,0,0,291,1,29376,108,31,37,31,37,21,25,29667,109,0,0,291,1,29376,108,31,37,31,37,21,25,29667,109,0,0,291,1,29376,108,31,37,31,37,21,25,29667,109,0,0,291,1,29376,108
151,0,1000,0,0,1000,0,1000,31,37,31,37,22,27,0,0,0,0,0,0,0,0,31,37,31,37,22,27,0,0,0,0,0,0,0,0,31,37,31,37,22,27,0,0,0,0,0,0,0,0,31,37,31,37,22,27,0,0,0,0,0,0,0,0,31,37,31,37,22,27,0,0,0,0,0,0,0,0,31,37,31,37,22,27,0,0,0,0,0,0,0,0
152,0,1000,0,0,1000,0,1000,31,37,31,37,22,27,0,0,0,0,0,0,0,0,31,37,31,37,22,27,0,0,0,0,0,0,0,0,31,37,31,37,22,27,0,0,0,0,0,0,0,0,31,37,31,37,22,27,0,0,0,0,0,0,0,0,31,37,31,37,22,27,0,0,0,0,0,0,0,0,31,37,31,37,22,27,0,0,0,0,0,0,0,0
153,0,1000,0,0,1000,0,1000,31,37,31,37,22,27,31160,8,31160,8,0,0,0,0,31,37,31,37,22,27,31160,8,31160,8,0,0,0,0,31,37,31,37,22,27,31160,8,31160,8,0,0,0,0,31,37,31,37,22,27,31160,8,31160,8,0,0,0,0,31,37,31,37,22,27,31160,8,31160,8,0,0,0,0,31,37,31,37,22,27,31160,8,31160,8,0,0,0,0
154,0,1000,0,0,1000,0,1000,32,38,32,38,22,27,29667,109,0,0,291,1,29376,108,32,38,32,38,22,27,29667,109,0,0,291,1,29376,108,32,38,32,38,22,27,29667,109,0,0,291,1,29376,108,32,38,32,38,22,27,29667,109,0,0,291,1,29376,108,32,38,32,38,22,27,29667,109,0,0,291,1,29376,108,32,38,32,38,22,27,29667,109,0,0,291,1,29376,108
155,0,1000,0,0,1000,0,1000,32,38,32,38,23,28,0,0,0,0,0,0,0,0,32,38,32,38,23,28,0,0,0,0,0,0,0,0,32,38,32,38,23,28,0,0,0,0,0,0,0,0,32,38,32,38,23,28,0,0,0,0,0,0,0,0,32,38,32,38,23,28,0,0,0,0,0,0,0,0,32,38,32,38,23,28,0,0,0,0,0,0,0,0
156,0,1000,0,0,1000,0,1000,32,38,32,38,23,28,0,0,0,0,0,0,0,0,32,38,32,38,23,28,0,0,0,0,0,0,0,0,32,38,32,38,23,28,0,0,0,0,0,0,0,0,32,38,32,38,23,28,0,0,0,0,0,0,0,0,32,38,32,38,23,28,0,0,0,0,0,0,0,0,32,38,32,38,23,28,0,0,0,0,0,0,0,0
157,0,1000,0,0,1000,0,1000,32,38,32,38,23,28,23369,6,23369,6,0,0,0,0,32,38,32,38,23,28,23369,6,23369,6,0,0,0,0,32,38,32,38,23,28,23369,6,23369,6,0,0,0,0,32,38,32,38,23,28,23369,6,23369,6,0,0,0,0,32,38,32,38,23,28,23369,6,23369,6,0,0,0,0,32,38,32,38,23,28,23369,6,23369,6,0,0,0,0
158,0,1000,0,0,1000,0,1000,33,39,33,39,23,28,30211,111,0,0,291,1,29920,110,33,39,33,39,23,28,30211,111,0,0,291,1,29920,110,33,39,33,39,23,28,30211,111,0,0,291,1,29920,110,33,39,33,39,23,28,30211,111,0,0,291,1,29920,110,33,39,33,39,23,28,30211,111,0,0,291,1,29920,110,33,39,33,39,23,28,30211,111,0,0,291,1,29920,110
159,0,1000,0,0,1000,0,1000,33,39,33,39,24,29,0,0,0,0,0,0,0,0,33,39,33,39,24,29,0,0,0,0,0,0,0,0,33,39,33,39,24,29,0,0,0,0,0,0,0,0,33,39,33,39,24,29,0,0,0,0,0,0,0,0,33,39,33,39,24,29,0,0,0,0,0,0,0,0,33,39,33,39,24,29,0,0,0,0,0,0,0,0
160,0,1000,0,0,1000,0,1000,33,39,33,39,24,29,0,0,0,0,0,0,0,0,33,39,33,39,24,29,0,0,0,0,0,0,0,0,33,39,33,39,24,29,0,0,0,0,0,0,0,0,33,39,33,39,24,29,0,0,0,0,0,0,0,0,33,39,33,39,24,29,0,0,0,0,0,0,0,0,33,39,33,39,24,29,0,0,0,0,0,0,0,0
161,0,1000,0,0,1000,0,1000,33,39,33,39,24,29,31672,8,31672,8,0,0,0,0,33,39,33,39,24,29,31672,8,31672,8,0,0,0,0,33,39,33,39,24,29,31672,8,31672,8,0,0,0,0,33,39,33,39,24,29,31672,8,31672,8,0,0,0,0,33,39,33,39,24,29,31672,8,31672,8,0,0,0,0,33,39,33,39,24,29,31672,8,31672,8,0,0,0,0
162,0,1000,0,0,1000,0,1000,34,40,34,40,24,29,26131,96,0,0,291,1,25840,95,34,40,34,40,24,29,26131,96,0,0,291,1,25840,95,34,40,34,40,24,29,26131,96,0,0,291,1,25840,95,34,40,34,40,24,29,26131,96,0,0,291,1,25840,95,34,40,34,40,24,29,26131,96,0,0,291,1,25840,95,34,40,34,40,24,29,26131,96,0,0,291,1,25840,95
163,0,1000,0,0,1000,0,1000,34,40,34,40,25,30,0,0,0,0,0,0,0,0,34,40,34,40,25,30,0,0,0,0,0,0,0,0,34,40,34,40,25,30,0,0,0,0,0,0,0,0,34,40,34,40,25,30,0,0,0,0,0,0,0,0,34,40,34,40,25,30,0,0,0,0,0,0,0,0,34,40,34,40,25,30,0,0,0,0,0,0,0,0
164,0,1000,0,0,1000,0,1000,34,40,34,40,25,30,0,0,0,0,0,0,0,0,34,40,34,40,25,30,0,0,0,0,0,0,0,0,34,40,34,40,25,30,0,0,0,0,0,0,0,0,34,40,34,40,25,30,0,0,0,0,0,0,0,0,34,40,34,40,25,30,0,0,0,0,0,0,0,0,34,40,34,40,25,30,0,0,0,0,0,0,0,0
165,0,1000,0,0,1000,0,1000,34,40,34,40,25,30,34790,10,34790,10,0,0,0,0,34,40,34,40,25,30,34790,10,34790,10,0,0,0,0,34,40,34,40,25,30,34790,10,34790,10,0,0,0,0,34,40,34,40,25,30,34790,10,34790,10,0,0,0,0,34,40,34,40,25,30,34790,10,34790,10,0,0,0,0,34,40,34,40,25,30,34790,10,34790,10,0,0,0,0
166,0,1000,0,0,1000,0,1000,35,41,35,41,25,30,25859,95,0,0,291,1,25568,94,35,41,35,41,25,30,25859,95,0,0,291,1,25568,94,35,41,35,41,25,30,25859,95,0,0,291,1,25568,94,35,41,35,41,25,30,25859,95,0,0,291,1,25568,94,35,41,35,41,25,30,25859,95,0,0,291,1,25568,94,35,41,35,41,25,30,25859,95,0,0,291,1,25568,94
167,0,1000,0,0,1000,0,1000,35,41,35,41,25,30,0,0,0,0,0,0,0,0,35,41,35,41,25,30,0,0,0,0,0,0,0,0,35,41,35,41,25,30,0,0,0,0,0,0,0,0,35,41,35,41,25,30,0,0,0,0,0,0,0,0,35,41,35,41,25,30,0,0,0,0,0,0,0,0,35,41,35,41,25,30,0,0,0,0,0,0,0,0
168,0,1000,0,0,1000,0,1000,35,41,35,41,25,30,0,0,0,0,0,0,0,0,35,41,35,41,25,30,0,0,0,0,0,0,0,0,35,41,35,41,25,30,0,0,0,0,0,0,0,0,35,41,35,41,25,30,0,0,0,0,0,0,0,0,35,41,35,41,25,30,0,0,0,0,0,0,0,0,35,41,35,41,25,30,0,0,0,0,0,0,0,0
169,0,1000,0,0,1000,0,1000,35,41,35,41,25,30,34470,10,34470,10,0,0,0,0,35,41,35,41,25,30,34470,10,34470,10,0,0,0,0,35,41,35,41,25,30,34470,10,34470,10,0,0,0,0,35,41,35,41,25,30,34470,10,34470,10,0,0,0,0,35,41,35,41,25,30,34470,10,34470,10,0,0,0,0,35,41,35,41,25,30,34470,10,34470,10,0,0,0,0
170,0,1000,0,0,1000,0,1000,36,42,36,42,25,30,31843,117,0,0,291,1,31552,116,36,42,36,42,25,30,31843,117,0,0,291,1,31552,116,36,42,36,42,25,30,31843,117,0,0,291,1,31552,116,36,42,36,42,25,30,31843,117,0,0,291,1,31552,116,36,42,36,42,25,30,31843,117,0,0,291,1,31552,116,36,42,36,42,25,30,31843,117,0,0,291,1,31552,116
171,0,1000,0,0,1000,0,1000,36,42,36,42,26,32,0,0,0,0,0,0,0,0,36,42,36,42,26,32,0,0,0,0,0,0,0,0,36,42,36,42,26,32,0,0,0,0,0,0,0,0,36,42,36,42,26,32,0,0,0,0,0,0,0,0,36,42,36,42,26,32,0,0,0,0,0,0,0,0,36,42,36,42,26,32,0,0,0,0,0,0,0,0
172,0,1000,0,0,1000,0,1000,36,42,36,42,26,32,0,0,0,0,0,0,0,0,36,42,36,42,26,32,0,0,0,0,0,0,0,0,36,42,36,42,26,32,0,0,0,0,0,0,0,0,36,42,36,42,26,32,0,0,0,0,0,0,0,0,36,42,36,42,26,32,0,0,0,0,0,0,0,0,36,42,36,42,26,32,0,0,0,0,0,0,0,0
173,0,1000,0,0,1000,0,1000,36,42,36,42,26,32,53962,13,53962,13,0,0,0,0,36,42,36,42,26,32,53962,13,53962,13,0,0,0,0,36,42,36,42,26,32,53962,13,53962,13,0,0,0,0,36,42,36,42,26,32,53962,13,53962,13,0,0,0,0,36,42,36,42,26,32,53962,13,53962,13,0,0,0,0,36,42,36,42,26,32,53962,13,53962,13,0,0,0,0
174,0,1000,0,0,1000,0,1000,37,43,37,43,26,32,23411,86,0,0,291,1,23120,85,37,43,37,43,26,32,23411,86,0,0,291,1,23120,85,37,43,37,43,26,32,23411,86,0,0,291,1,23120,85,37,43,37,43,26,32,23411,86,0,0,291,1,23120,85,37,43,37,43,26,32,23411,86,0,0,291,1,23120,85,37,43,37,43,26,32,23411,86,0,0,291,1,23120,85
175,0,1000,0,0,1000,0,1000,37,43,37,43,27,33,0,0,0,0,0,0,0,0,37,43,37,43,27,33,0,0,0,0,0,0,0,0,37,43,37,43,27,33,0,0,0,0,0,0,0,0,37,43,37,43,27,33,0,0,0,0,0,0,0,0,37,43,37,43,27,33,0,0,0,0,0,0,0,0,37,43,37,43,27,33,0,0,0,0,0,0,0,0
176,0,1000,0,0,1000,0,1000,37,43,37,43,27,33,0,0,0,0,0,0,0,0,37,43,37,43,27,33,0,0,0,0,0,0,0,0,37,43,37,43,27,33,0,0,0,0,0,0,0,0,37,43,37,43,27,33,0,0,0,0,0,0,0,0,37,43,37,43,27,33,0,0,0,0,0,0,0,0,37,43,37,43,27,33,0,0,0,0,0,0,0,0
177,0,1000,0,0,1000,0,1000,37,43,37,43,27,33,28429,9,28429,9,0,0,0,0,37,43,37,43,27,33,28429,9,28429,9,0,0,0,0,37,43,37,43,27,33,28429,9,28429,9,0,0,0,0,37,43,37,43,27,33,28429,9,28429,9,0,0,0,0,37,43,37,43,27,33,28429,9,28429,9,0,0,0,0,37,43,37,43,27,33,28429,9,28429,9,0,0,0,0
178,0,1000,0,0,1000,0,1000,38,44,38,44,27,33,29667,109,0,0,291,1,29376,108,38,44,38,44,27,33,29667,109,0,0,291,1,29376,108,38,44,38,44,27,33,29667,109,0,0,291,1,29376,108,38,44,38,44,27,33,29667,109,0,0,291,1,29376,108,38,44,38,44,27,33,29667,109,0,0,291,1,29376,108,38,44,38,44,27,33,29667,109,0,0,291,1,29376,108
179,0,1000,0,0,1000,0,1000,38,44,38,44,28,34,0,0,0,0,0,0,0,0,38,44,38,44,28,34,0,0,0,0,0,0,0,0,38,44,38,44,28,34,0,0,0,0,0,0,0,0,38,44,38,44,28,34,0,0,0,0,0,0,0,0,38,44,38,44,28,34,0,0,0,0,0,0,0,0,38,44,38,44,28,34,0,0,0,0,0,0,0,0
180,0,1000,0,0,1000,0,1000,38,44,38,44,28,34,0,0,0,0,0,0,0,0,38,44,38,44,28,34,0,0,0,0,0,0,0,0,38,44,38,44,28,34,0,0,0,0,0,0,0,0,38,44,38,44,28,34,0,0,0,0,0,0,0,0,38,44,38,44,28,34,0,0,0,0,0,0,0,0,38,44,38,44,28,34,0,0,0,0,0,0,0,0
181,0,1000,0,0,1000,0,1000,38,44,38,44,28,34,42845,11,42845,11,0,0,0,0,38,44,38,44,28,34,42845,11,42845,11,0,0,0,0,38,44,38,44,28,34,42845,11,42845,11,0,0,0,0,38,44,38,44,28,34,42845,11,42845,11,0,0,0,0,38,44,38,44,28,34,42845,11,42845,11,0,0,0,0,38,44,38,44,28,34,42845,11,42845,11,0,0,0,0
182,0,1000,0,0,1000,0,1000,39,45,39,45,28,34,22323,82,0,0,291,1,22032,81,39,45,39,45,28,34,22323,82,0,0,291,1,22032,81,39,45,39,45,28,34,22323,82,0,0,291,1,22032,81,39,45,39,45,28,34,22323,82,0,0,291,1,22032,81,39,45,39,45,28,34,22323,82,0,0,291,1,22032,81,39,45,39,45,28,34,22323,82,0,0,291,1,22032,81
183,0,1000,0,0,1000,0,1000,39,45,39,45,29,35,0,0,0,0,0,0,0,0,39,45,39,45,29,35,0,0,0,0,0,0,0,0,39,45,39,45,29,35,0,0,0,0,0,0,0,0,39,45,39,45,29,35,0,0,0,0,0,0,0,0,39,45,39,45,29,35,0,0,0,0,0,0,0,0,39,45,39,45,29,35,0,0,0,0,0,0,0,0
184,0,1000,0,0,1000,0,1000,39,45,39,45,29,35,0,0,0,0,0,0,0,0,39,45,39,45,29,35,0,0,0,0,0,0,0,0,39,45,39,45,29,35,0,0,0,0,0,0,0,0,39,45,39,45,29,35,0,0,0,0,0,0,0,0,39,45,39,45,29,35,0,0,0,0,0,0,0,0,39,45,39,45,29,35,0,0,0,0,0,0,0,0
185,0,1000,0,0,1000,0,1000,39,45,39,45,29,35,42433,14,42433,14,0,0,0,0,39,45,39,45,29,35,42433,14,42433,14,0,0,0,0,39,45,39,45,29,35,42433,14,42433,14,0,0,0,0,39,45,39,45,29,35,42433,14,42433,14,0,0,0,0,39,45,39,45,29,35,42433,14,42433,14,0,0,0,0,39,45,39,45,29,35,42433,14,42433,14,0,0,0,0
186,0,1000,0,0,1000,0,1000,40,46,40,46,29,35,26403,97,0,0,291,1,26112,96,40,46,40,46,29,35,26403,97,0,0,291,1,26112,96,40,46,40,46,29,35,26403,97,0,0,291,1,26112,96,40,46,40,46,29,35,26403,97,0,0,291,1,26112,96,40,46,40,46,29,35,26403,97,0,0,291,1,26112,96,40,46,40,46,29,35,26403,97,0,0,291,1,26112,96
187,900,100,900,0,100,0,1000,40,46,40,46,29,35,0,0,0,0,0,0,0,0,40,46,40,46,29,35,0,0,0,0,0,0,0,0,40,46,40,46,29,35,0,0,0,0,0,0,0,0,40,46,40,46,29,35,0,0,0,0,0,0,0,0,40,46,40,46,29,35,0,0,0,0,0,0,0,0,40,46,40,46,30,36,0,0,0,0,0,0,0,0
188,900,100,900,0,100,0,1000,40,46,40,46,29,35,0,0,0,0,0,0,0,0,40,46,40,46,29,35,0,0,0,0,0,0,0,0,40,46,40,46,29,35,0,0,0,0,0,0,0,0,40,46,40,46,29,35,0,0,0,0,0,0,0,0,40,46,40,46,29,35,0,0,0,0,0,0,0,0,40,46,40,46,30,36,0,0,0,0,0,0,0,0
189,900,100,900,0,100,0,1000,40,46,40,46,29,35,3511,1,3511,1,0,0,0,0,40,46,40,46,29,35,3511,1,3511,1,0,0,0,0,40,46,40,46,29,35,3511,1,3511,1,0,0,0,0,40,46,40,46,29,35,3511,1,3511,1,0,0,0,0,40,46,40,46,29,35,3511,1,3511,1,0,0,0,0,40,46,40,46,30,36,3511,1,3511,1,0,0,0,0
190,900,100,900,0,100,0,1000,40,46,40,46,29,35,3283,12,0,0,291,1,2992,11,40,46,40,46,29,35,3283,12,0,0,291,1,2992,11,40,46,40,46,29,35,3283,12,0,0,291,1,2992,11,40,46,40,46,29,35,3283,12,0,0,291,1,2992,11,40,46,40,46,29,35,3283,12,0,0,291,1,2992,11,40,46,40,46,30,36,3283,12,0,0,291,1,2992,11
191,900,100,900,0,100,0,1000,40,46,40,46,29,35,0,0,0,0,0,0,0,0,40,46,40,46,29,35,0,0,0,0,0,0,0,0,40,46,40,46,29,35,0,0,0,0,0,0,0,0,40,46,40,46,29,35,0,0,0,0,0,0,0,0,40,46,40,46,29,35,0,0,0,0,0,0,0,0,40,46,40,46,31,37,0,0,0,0,0,0,0,0
192,900,100,900,0,100,0,1000,40,46,40,46,29,35,0,0,0,0,0,0,0,0,40,46,40,46,29,35,0,0,0,0,0,0,0,0,40,46,40,46,29,35,0,0,0,0,0,0,0,0,40,46,40,46,29,35,0,0,0,0,0,0,0,0,40,46,40,46,29,35,0,0,0,0,0,0,0,0,40,46,40,46,31,37,0,0,0,0,0,0,0,0
193,900,100,900,0,100,0,1000,40,46,40,46,29,35,1582,2,1582,2,0,0,0,0,40,46,40,46,29,35,1582,2,1582,2,0,0,0,0,40,46,40,46,29,35,1582,2,1582,2,0,0,0,0,40,46,40,46,29,35,1582,2,1582,2,0,0,0,0,40,46,40,46,29,35,1582,2,1582,2,0,0,0,0,40,46,40,46,31,37,1582,2,1582,2,0,0,0,0
194,900,100,900,0,100,0,1000,40,46,40,46,29,35,1107,4,0,0,291,1,816,3,40,46,40,46,29,35,1107,4,0,0,291,1,816,3,40,46,40,46,29,35,1107,4,0,0,291,1,816,3,40,46,40,46,29,35,1107,4,0,0,291,1,816,3,40,46,40,46,29,35,1107,4,0,0,291,1,816,3,40,46,40,46,31,37,1107,4,0,0,291,1,816,3
195,900,100,900,0,100,0,1000,40,46,40,46,29,35,0,0,0,0,0,0,0,0,40,46,40,46,29,35,0,0,0,0,0,0,0,0,40,46,40,46,29,35,0,0,0,0,0,0,0,0,40,46,40,46,29,35,0,0,0,0,0,0,0,0,40,46,40,46,29,35,0,0,0,0,0,0,0,0,40,46,40,46,32,38,0,0,0,0,0,0,0,0
196,900,100,900,0,100,0,1000,40,46,40,46,29,35,0,0,0,0,0,0,0,0,40,46,40,46,29,35,0,0,0,0,0,0,0,0,40,46,40,46,29,35,0,0,0,0,0,0,0,0,40,46,40,46,29,35,0,0,0,0,0,0,0,0,40,46,40,46,29,35,0,0,0,0,0,0,0,0,40,46,40,46,32,38,0,0,0,0,0,0,0,0
197,900,100,900,0,100,0,1000,40,46,40,46,29,35,1070,2,1070,2,0,0,0,0,40,46,40,46,29,35,1070,2,1070,2,0,0,0,0,40,46,40,46,29,35,1070,2,1070,2,0,0,0,0,40,46,40,46,29,35,1070,2,1070,2,0,0,0,0,40,46,40,46,29,35,1070,2,1070,2,0,0,0,0,40,46,40,46,32,38,1070,2,1070,2,0,0,0,0
198,900,100,900,0,100,0,1000,40,46,40,46,29,35,3283,12,0,0,291,1,2992,11,40,46,40,46,29,35,3283,12,0,0,291,1,2992,11,40,46,40,46,29,35,3283,12,0,0,291,1,2992,11,40,46,40,46,29,35,3283,12,0,0,291,1,2992,11,40,46,40,46,29,35,3283,12,0,0,291,1,2992,11,40,46,40,46,32,38,3283,12,0,0,291,1,2992,11
199,900,100,900,0,100,0,1000,40,46,40,46,29,35,0,0,0,0,0,0,0,0,40,46,40,46,29,35,0,0,0,0,0,0,0,0,40,46,40,46,29,35,0,0,0,0,0,0,0,0,40,46,40,46,29,35,0,0,0,0,0,0,0,0,40,46,40,46,29,35,0,0,0,0,0,0,0,0,40,46,40,46,33,39,0,0,0,0,0,0,0,0
200,900,100,900,0,100,0,1000,40,46,40,46,29,35,0,0,0,0,0,0,0,0,40,46,40,46,29,35,0,0,0,0,0,0,0,0,40,46,40,46,29,35,0,0,0,0,0,0,0,0,40,46,40,46,29,35,0,0,0,0,0,0,0,0,40,46,40,46,29,35,0,0,0,0,0,0,0,0,40,46,40,46,33,39,0,0,0,0,0,0,0,0
201,900,100,900,0,100,0,1000,40,46,40,46,29,35,1582,2,1582,2,0,0,0,0,40,46,40,46,29,35,1582,2,1582,2,0,0,0,0,40,46,40,46,29,35,1582,2,1582,2,0,0,0,0,40,46,40,46,29,35,1582,2,1582,2,0,0,0,0,40,46,40,46,29,35,1582,2,1582,2,0,0,0,0,40,46,40,46,33,39,1582,2,1582,2,0,0,0,0
202,900,100,900,0,100,0,1000,40,46,40,46,29,35,3555,13,0,0,291,1,3264,12,40,46,40,46,29,35,3555,13,0,0,291,1,3264,12,40,46,40,46,29,35,3555,13,0,0,291,1,3264,12,40,46,40,46,29,35,3555,13,0,0,291,1,3264,12,40,46,40,46,29,35,3555,13,0,0,291,1,3264,12,40,46,40,46,33,39,3555,13,0,0,291,1,3264,12
203,900,100,900,0,100,0,1000,40,46,40,46,29,35,0,0,0,0,0,0,0,0,40,46,40,46,29,35,0,0,0,0,0,0,0,0,40,46,40,46,29,35,0,0,0,0,0,0,0,0,40,46,40,46,29,35,0,0,0,0,0,0,0,0,40,46,40,46,29,35,0,0,0,0,0,0,0,0,40,46,40,46,34,40,0,0,0,0,0,0,0,0
204,900,100,900,0,100,0,1000,40,46,40,46,29,35,0,0,0,0,0,0,0,0,40,46,40,46,29,35,0,0,0,0,0,0,0,0,40,46,40,46,29,35,0,0,0,0,0,0,0,0,40,46,40,46,29,35,0,0,0,0,0,0,0,0,40,46,40,46,29,35,0,0,0,0,0,0,0,0,40,46,40,46,34,40,0,0,0,0,0,0,0,0
205,900,100,900,0,100,0,1000,40,46,40,46,29,35,0,0,0,0,0,0,0,0,40,46,40,46,29,35,0,0,0,0,0,0,0,0,40,46,40,46,29,35,0,0,0,0,0,0,0,0,40,46,40,46,29,35,0,0,0,0,0,0,0,0,40,46,40,46,29,35,0,0,0,0,0,0,0,0,40,46,40,46,34,40,0,0,0,0,0,0,0,0
206,900,100,900,0,100,0,1000,40,46,40,46,29,35,2720,10,0,0,0,0,2720,10,40,46,40,46,29,35,2720,10,0,0,0,0,2720,10,40,46,40,46,29,35,2720,10,0,0,0,0,2720,10,40,46,40,46,29,35,2720,10,0,0,0,0,2720,10,40,46,40,46,29,35,2720,10,0,0,0,0,2720,10,40,46,40,46,34,40,2720,10,0,0,0,0,2720,10
207,900,100,900,0,100,0,1000,40,46,40,46,29,35,0,0,0,0,0,0,0,0,40,46,40,46,29,35,0,0,0,0,0,0,0,0,40,46,40,46,29,35,0,0,0,0,0,0,0,0,40,46,40,46,29,35,0,0,0,0,0,0,0,0,40,46,40,46,29,35,0,0,0,0,0,0,0,0,40,46,40,46,35,41,0,0,0,0,0,0,0,0
208,900,100,900,0,100,0,1000,40,46,40,46,29,35,0,0,0,0,0,0,0,0,40,46,40,46,29,35,0,0,0,0,0,0,0,0,40,46,40,46,29,35,0,0,0,0,0,0,0,0,40,46,40,46,29,35,0,0,0,0,0,0,0,0,40,46,40,46,29,35,0,0,0,0,0,0,0,0,40,46,40,46,35,41,0,0,0,0,0,0,0,0
209,900,100,900,0,100,0,1000,40,46,40,46,29,35,759,1,759,1,0,0,0,0,40,46,40,46,29,35,759,1,759,1,0,0,0,0,40,46,40,46,29,35,759,1,759,1,0,0,0,0,40,46,40,46,29,35,759,1,759,1,0,0,0,0,40,46,40,46,29,35,759,1,759,1,0,0,0,0,40,46,40,46,35,41,759,1,759,1,0,0,0,0
210,900,100,900,0,100,0,1000,40,46,40,46,29,35,3827,14,0,0,291,1,3536,13,40,46,40,46,29,35,3827,14,0,0,291,1,3536,13,40,46,40,46,29,35,3827,14,0,0,291,1,3536,13,40,46,40,46,29,35,3827,14,0,0,291,1,3536,13,40,46,40,46,29,35,3827,14,0,0,291,1,3536,13,40,46,40,46,35,41,3827,14,0,0,291,1,3536,13
211,900,100,900,0,100,0,1000,40,46,40,46,29,35,0,0,0,0,0,0,0,0,40,46,40,46,29,35,0,0,0,0,0,0,0,0,40,46,40,46,29,35,0,0,0,0,0,0,0,0,40,46,40,46,29,35,0,0,0,0,0,0,0,0,40,46,40,46,29,35,0,0,0,0,0,0,0,0,40,46,40,46,36,42,0,0,0,0,0,0,0,0
212,900,100,900,0,100,0,1000,40,46,40,46,29,35,0,0,0,0,0,0,0,0,40,46,40,46,29,35,0,0,0,0,0,0,0,0,40,46,40,46,29,35,0,0,0,0,0,0,0,0,40,46,40,46,29,35,0,0,0,0,0,0,0,0,40,46,40,46,29,35,0,0,0,0,0,0,0,0,40,46,40,46,36,42,0,0,0,0,0,0,0,0
213,900,100,900,0,100,0,1000,40,46,40,46,29,35,855,1,855,1,0,0,0,0,40,46,40,46,29,35,855,1,855,1,0,0,0,0,40,46,40,46,29,35,855,1,855,1,0,0,0,0,40,46,40,46,29,35,855,1,855,1,0,0,0,0,40,46,40,46,29,35,855,1,855,1,0,0,0,0,40,46,40,46,36,42,855,1,855,1,0,0,0,0
214,900,100,900,0,100,0,1000,40,46,40,46,29,35,3283,12,0,0,291,1,2992,11,40,46,40,46,29,35,3283,12,0,0,291,1,2992,11,40,46,40,46,29,35,3283,12,0,0,291,1,2992,11,40,46,40,46,29,35,3283,12,0,0,291,1,2992,11,40,46,40,46,29,35,3283,12,0,0,291,1,2992,11,40,46,40,46,36,42,3283,12,0,0,291,1,2992,11
215,900,100,900,0,100,0,1000,40,46,40,46,29,35,0,0,0,0,0,0,0,0,40,46,40,46,29,35,0,0,0,0,0,0,0,0,40,46,40,46,29,35,0,0,0,0,0,0,0,0,40,46,40,46,29,35,0,0,0,0,0,0,0,0,40,46,40,46,29,35,0,0,0,0,0,0,0,0,40,46,40,46,37,43,0,0,0,0,0,0,0,0
216,900,100,900,0,100,0,1000,40,46,40,46,29,35,0,0,0,0,0,0,0,0,40,46,40,46,29,35,0,0,0,0,0,0,0,0,40,46,40,46,29,35,0,0,0,0,0,0,0,0,40,46,40,46,29,35,0,0,0,0,0,0,0,0,40,46,40,46,29,35,0,0,0,0,0,0,0,0,40,46,40,46,37,43,0,0,0,0,0,0,0,0
217,900,100,900,0,100,0,1000,40,46,40,46,29,35,0,0,0,0,0,0,0,0,40,46,40,46,29,35,0,0,0,0,0,0,0,0,40,46,40,46,29,35,0,0,0,0,0,0,0,0,40,46,40,46,29,35,0,0,0,0,0,0,0,0,40,46,40,46,29,35,0,0,0,0,0,0,0,0,40,46,40,46,37,43,0,0,0,0,0,0,0,0
218,900,100,900,0,100,0,1000,40,46,40,46,29,35,3264,12,0,0,0,0,3264,12,40,46,40,46,29,35,3264,12,0,0,0,0,3264,12,40,46,40,46,29,35,3264,12,0,0,0,0,3264,12,40,46,40,46,29,35,3264,12,0,0,0,0,3264,12,40,46,40,46,29,35,3264,12,0,0,0,0,3264,12,40,46,40,46,37,43,3264,12,0,0,0,0,3264,12
219,900,100,900,0,100,0,1000,40,46,40,46,29,35,0,0,0,0,0,0,0,0,40,46,40,46,29,35,0,0,0,0,0,0,0,0,40,46,40,46,29,35,0,0,0,0,0,0,0,0,40,46,40,46,29,35,0,0,0,0,0,0,0,0,40,46,40,46,29,35,0,0,0,0,0,0,0,0,40,46,40,46,38,44,0,0,0,0,0,0,0,0
220,900,100,900,0,100,0,1000,40,46,40,46,29,35,0,0,0,0,0,0,0,0,40,46,40,46,29,35,0,0,0,0,0,0,0,0,40,46,40,46,29,35,0,0,0,0,0,0,0,0,40,46,40,46,29,35,0,0,0,0,0,0,0,0,40,46,40,46,29,35,0,0,0,0,0,0,0,0,40,46,40,46,38,44,0,0,0,0,0,0,0,0
221,900,100,900,0,100,0,1000,40,46,40,46,29,35,1646,2,1646,2,0,0,0,0,40,46,40,46,29,35,1646,2,1646,2,0,0,0,0,40,46,40,46,29,35,1646,2,1646,2,0,0,0,0,40,46,40,46,29,35,1646,2,1646,2,0,0,0,0,40,46,40,46,29,35,1646,2,1646,2,0,0,0,0,40,46,40,46,38,44,1646,2,1646,2,0,0,0,0
222,900,100,900,0,100,0,1000,40,46,40,46,29,35,3555,13,0,0,291,1,3264,12,40,46,40,46,29,35,3555,13,0,0,291,1,3264,12,40,46,40,46,29,35,3555,13,0,0,291,1,3264,12,40,46,40,46,29,35,3555,13,0,0,291,1,3264,12,40,46,40,46,29,35,3555,13,0,0,291,1,3264,12,40,46,40,46,38,44,3555,13,0,0,291,1,3264,12
223,900,100,900,0,100,0,1000,40,46,40,46,29,35,0,0,0,0,0,0,0,0,40,46,40,46,29,35,0,0,0,0,0,0,0,0,40,46,40,46,29,35,0,0,0,0,0,0,0,0,40,46,40,46,29,35,0,0,0,0,0,0,0,0,40,46,40,46,29,35,0,0,0,0,0,0,0,0,40,46,40,46,39,45,0,0,0,0,0,0,0,0
224,900,100,900,0,100,0,1000,40,46,40,46,29,35,0,0,0,0,0,0,0,0,40,46,40,46,29,35,0,0,0,0,0,0,0,0,40,46,40,46,29,35,0,0,0,0,0,0,0,0,40,46,40,46,29,35,0,0,0,0,0,0,0,0,40,46,40,46,29,35,0,0,0,0,0,0,0,0,40,46,40,46,39,45,0,0,0,0,0,0,0,0
225,900,100,900,0,100,0,1000,40,46,40,46,29,35,1646,2,1646,2,0,0,0,0,40,46,40,46,29,35,1646,2,1646,2,0,0,0,0,40,46,40,46,29,35,1646,2,1646,2,0,0,0,0,40,46,40,46,29,35,1646,2,1646,2,0,0,0,0,40,46,40,46,29,35,1646,2,1646,2,0,0,0,0,40,46,40,46,39,45,1646,2,1646,2,0,0,0,0
226,900,100,900,0,100,0,1000,40,46,40,46,29,35,1651,6,0,0,291,1,1360,5,40,46,40,46,29,35,1651,6,0,0,291,1,1360,5,40,46,40,46,29,35,1651,6,0,0,291,1,1360,5,40,46,40,46,29,35,1651,6,0,0,291,1,1360,5,40,46,40,46,29,35,1651,6,0,0,291,1,1360,5,40,46,40,46,39,45,1651,6,0,0,291,1,1360,5
227,900,100,900,0,100,0,1000,40,46,40,46,29,35,0,0,0,0,0,0,0,0,40,46,40,46,29,35,0,0,0,0,0,0,0,0,40,46,40,46,29,35,0,0,0,0,0,0,0,0,40,46,40,46,29,35,0,0,0,0,0,0,0,0,40,46,40,46,29,35,0,0,0,0,0,0,0,0,40,46,40,46,40,46,0,0,0,0,0,0,0,0
228,900,100,900,0,100,0,1000,40,46,40,46,29,35,0,0,0,0,0,0,0,0,40,46,40,46,29,35,0,0,0,0,0,0,0,0,40,46,40,46,29,35,0,0,0,0,0,0,0,0,40,46,40,46,29,35,0,0,0,0,0,0,0,0,40,46,40,46,29,35,0,0,0,0,0,0,0,0,40,46,40,46,40,46,0,0,0,0,0,0,0,0
229,900,100,900,0,100,0,1000,40,46,40,46,29,35,599,1,599,1,0,0,0,0,40,46,40,46,29,35,599,1,599,1,0,0,0,0,40,46,40,46,29,35,599,1,599,1,0,0,0,0,40,46,40,46,29,35,599,1,599,1,0,0,0,0,40,46,40,46,29,35,599,1,599,1,0,0,0,0,40,46,40,46,40,46,599,1,599,1,0,0,0,0
230,900,100,900,0,100,0,1000,40,46,40,46,29,35,1923,7,0,0,291,1,1632,6,40,46,40,46,29,35,1923,7,0,0,291,1,1632,6,40,46,40,46,29,35,1923,7,0,0,291,1,1632,6,40,46,40,46,29,35,1923,7,0,0,291,1,1632,6,40,46,40,46,29,35,1923,7,0,0,291,1,1632,6,40,46,40,46,40,46,1923,7,0,0,291,1,1632,6
231,900,100,900,0,100,0,1000,40,46,40,46,29,35,0,0,0,0,0,0,0,0,40,46,40,46,29,35,0,0,0,0,0,0,0,0,40,46,40,46,29,35,0,0,0,0,0,0,0,0,40,46,40,46,29,35,0,0,0,0,0,0,0,0,40,46,40,46,29,35,0,0,0,0,0,0,0,0,41,47,40,46,41,47,0,0,0,0,0,0,0,0
232,900,100,900,0,100,0,1000,40,46,40,46,29,35,0,0,0,0,0,0,0,0,40,46,40,46,29,35,0,0,0,0,0,0,0,0,40,46,40,46,29,35,0,0,0,0,0,0,0,0,40,46,40,46,29,35,0,0,0,0,0,0,0,0,40,46,40,46,29,35,0,0,0,0,0,0,0,0,41,47,40,46,41,47,0,0,0,0,0,0,0,0
233,900,100,900,0,100,0,1000,40,46,40,46,29,35,0,0,0,0,0,0,0,0,40,46,40,46,29,35,0,0,0,0,0,0,0,0,40,46,40,46,29,35,0,0,0,0,0,0,0,0,40,46,40,46,29,35,0,0,0,0,0,0,0,0,40,46,40,46,29,35,0,0,0,0,0,0,0,0,41,47,40,46,41,47,0,0,0,0,0,0,0,0
234,900,100,900,0,100,0,1000,40,46,40,46,29,35,3536,13,0,0,0,0,3536,13,40,46,40,46,29,35,3536,13,0,0,0,0,3536,13,40,46,40,46,29,35,3536,13,0,0,0,0,3536,13,40,46,40,46,29,35,3536,13,0,0,0,0,3536,13,40,46,40,46,29,35,3536,13,0,0,0,0,3536,13,41,47,40,46,41,47,3536,13,0,0,0,0,3536,13
235,900,100,900,0,100,0,1000,40,46,40,46,29,35,0,0,0,0,0,0,0,0,40,46,40,46,29,35,0,0,0,0,0,0,0,0,40,46,40,46,29,35,0,0,0,0,0,0,0,0,40,46,40,46,29,35,0,0,0,0,0,0,0,0,40,46,40,46,29,35,0,0,0,0,0,0,0,0,42,48,40,46,42,48,0,0,0,0,0,0,0,0
236,900,100,900,0,100,0,1000,40,46,40,46,29,35,0,0,0,0,0,0,0,0,40,46,40,46,29,35,0,0,0,0,0,0,0,0,40,46,40,46,29,35,0,0,0,0,0,0,0,0,40,46,40,46,29,35,0,0,0,0,0,0,0,0,40,46,40,46,29,35,0,0,0,0,0,0,0,0,42,48,40,46,42,48,0,0,0,0,0,0,0,0
237,900,100,900,0,100,0,1000,40,46,40,46,29,35,855,1,855,1,0,0,0,0,40,46,40,46,29,35,855,1,855,1,0,0,0,0,40,46,40,46,29,35,855,1,855,1,0,0,0,0,40,46,40,46,29,35,855,1,855,1,0,0,0,0,40,46,40,46,29,35,855,1,855,1,0,0,0,0,42,48,40,46,42,48,855,1,855,1,0,0,0,0
238,900,100,900,0,100,0,1000,40,46,40,46,29,35,3283,12,0,0,291,1,2992,11,40,46,40,46,29,35,3283,12,0,0,291,1,2992,11,40,46,40,46,29,35,3283,12,0,0,291,1,2992,11,40,46,40,46,29,35,3283,12,0,0,291,1,2992,11,40,46,40,46,29,35,3283,12,0,0,291,1,2992,11,42,48,40,46,42,48,3283,12,0,0,291,1,2992,11
239,900,100,900,0,100,0,1000,40,46,40,46,29,35,0,0,0,0,0,0,0,0,40,46,40,46,29,35,0,0,0,0,0,0,0,0,40,46,40,46,29,35,0,0,0,0,0,0,0,0,40,46,40,46,29,35,0,0,0,0,0,0,0,0,40,46,40,46,29,35,0,0,0,0,0,0,0,0,43,49,40,46,43,49,0,0,0,0,0,0,0,0
240,900,100,900,0,100,0,1000,40,46,40,46,29,35,0,0,0,0,0,0,0,0,40,46,40,46,29,35,0,0,0,0,0,0,0,0,40,46,40,46,29,35,0,0,0,0,0,0,0,0,40,46,40,46,29,35,0,0,0,0,0,0,0,0,40,46,40,46,29,35,0,0,0,0,0,0,0,0,43,49,40,46,43,49,0,0,0,0,0,0,0,0
241,900,100,900,0,100,0,1000,40,46,40,46,29,35,1582,2,1582,2,0,0,0,0,40,46,40,46,29,35,1582,2,1582,2,0,0,0,0,40,46,40,46,29,35,1582,2,1582,2,0,0,0,0,40,46,40,46,29,35,1582,2,1582,2,0,0,0,0,40,46,40,46,29,35,1582,2,1582,2,0,0,0,0,43,49,40,46,43,49,1582,2,1582,2,0,0,0,0
242,900,100,900,0,100,0,1000,40,46,40,46,29,35,2739,10,0,0,291,1,2448,9,40,46,40,46,29,35,2739,10,0,0,291,1,2448,9,40,46,40,46,29,35,2739,10,0,0,291,1,2448,9,40,46,40,46,29,35,2739,10,0,0,291,1,2448,9,40,46,40,46,29,35,2739,10,0,0,291,1,2448,9,43,49,40,46,43,49,2739,10,0,0,291,1,2448,9
243,900,100,900,0,100,0,1000,40,46,40,46,29,35,0,0,0,0,0,0,0,0,40,46,40,46,29,35,0,0,0,0,0,0,0,0,40,46,40,46,29,35,0,0,0,0,0,0,0,0,40,46,40,46,29,35,0,0,0,0,0,0,0,0,40,46,40,46,29,35,0,0,0,0,0,0,0,0,44,50,40,46,44,50,0,0,0,0,0,0,0,0
244,900,100,900,0,100,0,1000,40,46,40,46,29,35,0,0,0,0,0,0,0,0,40,46,40,46,29,35,0,0,0,0,0,0,0,0,40,46,40,46,29,35,0,0,0,0,0,0,0,0,40,46,40,46,29,35,0,0,0,0,0,0,0,0,40,46,40,46,29,35,0,0,0,0,0,0,0,0,44,50,40,46,44,50,0,0,0,0,0,0,0,0
245,900,100,900,0,100,0,1000,40,46,40,46,29,35,0,0,0,0,0,0,0,0,40,46,40,46,29,35,0,0,0,0,0,0,0,0,40,46,40,46,29,35,0,0,0,0,0,0,0,0,40,46,40,46,29,35,0,0,0,0,0,0,0,0,40,46,40,46,29,35,0,0,0,0,0,0,0,0,44,50,40,46,44,50,0,0,0,0,0,0,0,0
246,900,100,900,0,100,0,1000,40,46,40,46,29,35,2448,9,0,0,0,0,2448,9,40,46,40,46,29,35,2448,9,0,0,0,0,2448,9,40,46,40,46,29,35,2448,9,0,0,0,0,2448,9,40,46,40,46,29,35,2448,9,0,0,0,0,2448,9,40,46,40,46,29,35,2448,9,0,0,0,0,2448,9,44,50,40,46,44,50,2448,9,0,0,0,0,2448,9
247,900,100,900,0,100,0,1000,40,46,40,46,29,35,0,0,0,0,0,0,0,0,40,46,40,46,29,35,0,0,0,0,0,0,0,0,40,46,40,46,29,35,0,0,0,0,0,0,0,0,40,46,40,46,29,35,0,0,0,0,0,0,0,0,40,46,40,46,29,35,0,0,0,0,0,0,0,0,44,50,40,46,44,50,0,0,0,0,0,0,0,0
248,0,1000,0,900,100,0,1000,40,46,40,46,29,35,0,0,0,0,0,0,0,0,40,46,40,46,29,35,0,0,0,0,0,0,0,0,40,46,40,46,29,35,0,0,0,0,0,0,0,0,40,46,40,46,29,35,0,0,0,0,0,0,0,0,40,46,40,46,29,35,0,0,0,0,0,0,0,0,44,50,40,46,44,50,0,0,0,0,0,0,0,0
249,0,1000,0,900,100,0,1000,40,46,40,46,29,35,0,0,0,0,0,0,0,0,40,46,40,46,29,35,0,0,0,0,0,0,0,0,40,46,40,46,29,35,0,0,0,0,0,0,0,0,40,46,40,46,29,35,0,0,0,0,0,0,0,0,40,46,40,46,29,35,0,0,0,0,0,0,0,0,44,50,40,46,44,50,0,0,0,0,0,0,0,0
250,0,1000,0,900,100,0,1000,40,46,40,46,29,35,816,3,0,0,0,0,816,3,40,46,40,46,29,35,816,3,0,0,0,0,816,3,40,46,40,46,29,35,816,3,0,0,0,0,816,3,40,46,40,46,29,35,816,3,0,0,0,0,816,3,40,46,40,46,29,35,816,3,0,0,0,0,816,3,44,50,40,46,44,50,816,3,0,0,0,0,816,3
251,0,1000,0,0,1000,0,1000,45,52,40,46,45,52,0,0,0,0,0,0,0,0,45,52,40,46,45,52,0,0,0,0,0,0,0,0,45,52,40,46,45,52,0,0,0,0,0,0,0,0,45,52,40,46,45,52,0,0,0,0,0,0,0,0,45,52,40,46,45,52,0,0,0,0,0,0,0,0,45,52,40,46,45,52,0,0,0,0,0,0,0,0
252,0,1000,0,0,1000,0,1000,45,52,40,46,45,52,0,0,0,0,0,0,0,0,45,52,40,46,45,52,0,0,0,0,0,0,0,0,45,52,40,46,45,52,0,0,0,0,0,0,0,0,45,52,40,46,45,52,0,0,0,0,0,0,0,0,45,52,40,46,45,52,0,0,0,0,0,0,0,0,45,52,40,46,45,52,0,0,0,0,0,0,0,0
253,0,1000,0,0,1000,0,1000,45,52,40,46,45,52,4815,9,4815,9,0,0,0,0,45,52,40,46,45,52,4815,9,4815,9,0,0,0,0,45,52,40,46,45,52,4815,9,4815,9,0,0,0,0,45,52,40,46,45,52,4815,9,4815,9,0,0,0,0,45,52,40,46,45,52,4815,9,4815,9,0,0,0,0,45,52,40,46,45,52,4815,9,4815,9,0,0,0,0
254,0,1000,0,0,1000,0,1000,52,63,52,63,45,52,32115,118,0,0,291,1,31824,117,52,63,52,63,45,52,32115,118,0,0,291,1,31824,117,52,63,52,63,45,52,32115,118,0,0,291,1,31824,117,52,63,52,63,45,52,32115,118,0,0,291,1,31824,117,52,63,52,63,45,52,32115,118,0,0,291,1,31824,117,52,63,52,63,45,52,32115,118,0,0,291,1,31824,117
255,0,1000,0,0,1000,0,1000,52,63,52,63,46,53,0,0,0,0,0,0,0,0,52,63,52,63,46,53,0,0,0,0,0,0,0,0,52,63,52,63,46,53,0,0,0,0,0,0,0,0,52,63,52,63,46,53,0,0,0,0,0,0,0,0,52,63,52,63,46,53,0,0,0,0,0,0,0,0,52,63,52,63,46,53,0,0,0,0,0,0,0,0
256,0,1000,0,0,1000,0,1000,52,63,52,63,46,53,0,0,0,0,0,0,0,0,52,63,52,63,46,53,0,0,0,0,0,0,0,0,52,63,52,63,46,53,0,0,0,0,0,0,0,0,52,63,52,63,46,53,0,0,0,0,0,0,0,0,52,63,52,63,46,53,0,0,0,0,0,0,0,0,52,63,52,63,46,53,0,0,0,0,0,0,0,0
257,0,1000,0,0,1000,0,1000,52,63,52,63,46,53,50191,12,50191,12,0,0,0,0,52,63,52,63,46,53,50191,12,50191,12,0,0,0,0,52,63,52,63,46,53,50191,12,50191,12,0,0,0,0,52,63,52,63,46,53,50191,12,50191,12,0,0,0,0,52,63,52,63,46,53,50191,12,50191,12,0,0,0,0,52,63,52,63,46,53,50191,12,50191,12,0,0,0,0
258,0,1000,0,0,1000,0,1000,53,64,53,64,46,53,28579,105,0,0,291,1,28288,104,53,64,53,64,46,53,28579,105,0,0,291,1,28288,104,53,64,53,64,46,53,28579,105,0,0,291,1,28288,104,53,64,53,64,46,53,28579,105,0,0,291,1,28288,104,53,64,53,64,46,53,28579,105,0,0,291,1,28288,104,53,64,53,64,46,53,28579,105,0,0,291,1,28288,104
259,0,1000,0,0,1000,0,1000,53,64,53,64,46,53,0,0,0,0,0,0,0,0,53,64,53,64,46,53,0,0,0,0,0,0,0,0,53,64,53,64,46,53,0,0,0,0,0,0,0,0,53,64,53,64,46,53,0,0,0,0,0,0,0,0,53,64,53,64,46,53,0,0,0,0,0,0,0,0,53,64,53,64,46,53,0,0,0,0,0,0,0,0
260,0,1000,0,0,1000,0,1000,53,64,53,64,46,53,0,0,0,0,0,0,0,0,53,64,53,64,46,53,0,0,0,0,0,0,0,0,53,64,53,64,46,53,0,0,0,0,0,0,0,0,53,64,53,64,46,53,0,0,0,0,0,0,0,0,53,64,53,64,46,53,0,0,0,0,0,0,0,0,53,64,53,64,46,53,0,0,0,0,0,0,0,0
261,0,1000,0,0,1000,0,1000,53,64,53,64,46,53,22600,6,22600,6,0,0,0,0,53,64,53,64,46,53,22600,6,22600,6,0,0,0,0,53,64,53,64,46,53,22600,6,22600,6,0,0,0,0,53,64,53,64,46,53,22600,6,22600,6,0,0,0,0,53,64,53,64,46,53,22600,6,22600,6,0,0,0,0,53,64,53,64,46,53,22600,6,22600,6,0,0,0,0
262,0,1000,0,0,1000,0,1000,54,65,54,65,46,53,29123,107,0,0,291,1,28832,106,54,65,54,65,46,53,29123,107,0,0,291,1,28832,106,54,65,54,65,46,53,29123,107,0,0,291,1,28832,106,54,65,54,65,46,53,29123,107,0,0,291,1,28832,106,54,65,54,65,46,53,29123,107,0,0,291,1,28832,106,54,65,54,65,46,53,29123,107,0,0,291,1,28832,106
263,0,1000,0,0,1000,0,1000,54,65,54,65,47,55,0,0,0,0,0,0,0,0,54,65,54,65,47,55,0,0,0,0,0,0,0,0,54,65,54,65,47,55,0,0,0,0,0,0,0,0,54,65,54,65,47,55,0,0,0,0,0,0,0,0,54,65,54,65,47,55,0,0,0,0,0,0,0,0,54,65,54,65,47,55,0,0,0,0,0,0,0,0
264,0,1000,0,0,1000,0,1000,54,65,54,65,47,55,0,0,0,0,0,0,0,0,54,65,54,65,47,55,0,0,0,0,0,0,0,0,54,65,54,65,47,55,0,0,0,0,0,0,0,0,54,65,54,65,47,55,0,0,0,0,0,0,0,0,54,65,54,65,47,55,0,0,0,0,0,0,0,0,54,65,54,65,47,55,0,0,0,0,0,0,0,0
265,0,1000,0,0,1000,0,1000,54,65,54,65,47,55,42139,11,42139,11,0,0,0,0,54,65,54,65,47,55,42139,11,42139,11,0,0,0,0,54,65,54,65,47,55,42139,11,42139,11,0,0,0,0,54,65,54,65,47,55,42139,11,42139,11,0,0,0,0,54,65,54,65,47,55,42139,11,42139,11,0,0,0,0,54,65,54,65,47,55,42139,11,42139,11,0,0,0,0
266,0,1000,0,0,1000,0,1000,55,66,55,66,47,55,20963,77,0,0,291,1,20672,76,55,66,55,66,47,55,20963,77,0,0,291,1,20672,76,55,66,55,66,47,55,20963,77,0,0,291,1,20672,76,55,66,55,66,47,55,20963,77,0,0,291,1,20672,76,55,66,55,66,47,55,20963,77,0,0,291,1,20672,76,55,66,55,66,47,55,20963,77,0,0,291,1,20672,76
267,0,1000,0,0,1000,0,1000,55,66,55,66,48,56,0,0,0,0,0,0,0,0,55,66,55,66,48,56,0,0,0,0,0,0,0,0,55,66,55,66,48,56,0,0,0,0,0,0,0,0,55,66,55,66,48,56,0,0,0,0,0,0,0,0,55,66,55,66,48,56,0,0,0,0,0,0,0,0,55,66,55,66,48,56,0,0,0,0,0,0,0,0
268,0,1000,0,0,1000,0,1000,55,66,55,66,48,56,0,0,0,0,0,0,0,0,55,66,55,66,48,56,0,0,0,0,0,0,0,0,55,66,55,66,48,56,0,0,0,0,0,0,0,0,55,66,55,66,48,56,0,0,0,0,0,0,0,0,55,66,55,66,48,56,0,0,0,0,0,0,0,0,55,66,55,66,48,56,0,0,0,0,0,0,0,0
269,0,1000,0,0,1000,0,1000,55,66,55,66,48,56,37321,13,37321,13,0,0,0,0,55,66,55,66,48,56,37321,13,37321,13,0,0,0,0,55,66,55,66,48,56,37321,13,37321,13,0,0,0,0,55,66,55,66,48,56,37321,13,37321,13,0,0,0,0,55,66,55,66,48,56,37321,13,37321,13,0,0,0,0,55,66,55,66,48,56,37321,13,37321,13,0,0,0,0
270,0,1000,0,0,1000,0,1000,56,67,56,67,48,56,30483,112,0,0,291,1,30192,111,56,67,56,67,48,56,30483,112,0,0,291,1,30192,111,56,67,56,67,48,56,30483,112,0,0,291,1,30192,111,56,67,56,67,48,56,30483,112,0,0,291,1,30192,111,56,67,56,67,48,56,30483,112,0,0,291,1,30192,111,56,67,56,67,48,56,30483,112,0,0,291,1,30192,111
271,0,1000,0,0,1000,0,1000,56,67,56,67,49,57,0,0,0,0,0,0,0,0,56,67,56,67,49,57,0,0,0,0,0,0,0,0,56,67,56,67,49,57,0,0,0,0,0,0,0,0,56,67,56,67,49,57,0,0,0,0,0,0,0,0,56,67,56,67,49,57,0,0,0,0,0,0,0,0,56,67,56,67,49,57,0,0,0,0,0,0,0,0
272,0,1000,0,0,1000,0,1000,56,67,56,67,49,57,0,0,0,0,0,0,0,0,56,67,56,67,49,57,0,0,0,0,0,0,0,0,56,67,56,67,49,57,0,0,0,0,0,0,0,0,56,67,56,67,49,57,0,0,0,0,0,0,0,0,56,67,56,67,49,57,0,0,0,0,0,0,0,0,56,67,56,67,49,57,0,0,0,0,0,0,0,0
273,0,1000,0,0,1000,0,1000,56,67,56,67,49,57,35917,9,35917,9,0,0,0,0,56,67,56,67,49,57,35917,9,35917,9,0,0,0,0,56,67,56,67,49,57,35917,9,35917,9,0,0,0,0,56,67,56,67,49,57,35917,9,35917,9,0,0,0,0,56,67,56,67,49,57,35917,9,35917,9,0,0,0,0,56,67,56,67,49,57,35917,9,35917,9,0,0,0,0
274,0,1000,0,0,1000,0,1000,57,68,57,68,49,57,27219,100,0,0,291,1,26928,99,57,68,57,68,49,57,27219,100,0,0,291,1,26928,99,57,68,57,68,49,57,27219,100,0,0,291,1,26928,99,57,68,57,68,49,57,27219,100,0,0,291,1,26928,99,57,68,57,68,49,57,27219,100,0,0,291,1,26928,99,57,68,57,68,49,57,27219,100,0,0,291,1,26928,99
275,0,1000,0,0,1000,0,1000,57,68,57,68,49,57,0,0,0,0,0,0,0,0,57,68,57,68,49,57,0,0,0,0,0,0,0,0,57,68,57,68,49,57,0,0,0,0,0,0,0,0,57,68,57,68,49,57,0,0,0,0,0,0,0,0,57,68,57,68,49,57,0,0,0,0,0,0,0,0,57,68,57,68,49,57,0,0,0,0,0,0,0,0
276,0,1000,0,0,1000,0,1000,57,68,57,68,49,57,0,0,0,0,0,0,0,0,57,68,57,68,49,57,0,0,0,0,0,0,0,0,57,68,57,68,49,57,0,0,0,0,0,0,0,0,57,68,57,68,49,57,0,0,0,0,0,0,0,0,57,68,57,68,49,57,0,0,0,0,0,0,0,0,57,68,57,68,49,57,0,0,0,0,0,0,0,0
277,0,1000,0,0,1000,0,1000,57,68,57,68,49,57,36068,10,36068,10,0,0,0,0,57,68,57,68,49,57,36068,10,36068,10,0,0,0,0,57,68,57,68,49,57,36068,10,36068,10,0,0,0,0,57,68,57,68,49,57,36068,10,36068,10,0,0,0,0,57,68,57,68,49,57,36068,10,36068,10,0,0,0,0,57,68,57,68,49,57,36068,10,36068,10,0,0,0,0
278,0,1000,0,0,1000,0,1000,58,69,58,69,49,57,27763,102,0,0,291,1,27472,101,58,69,58,69,49,57,27763,102,0,0,291,1,27472,101,58,69,58,69,49,57,27763,102,0,0,291,1,27472,101,58,69,58,69,49,57,27763,102,0,0,291,1,27472,101,58,69,58,69,49,57,27763,102,0,0,291,1,27472,101,58,69,58,69,49,57,27763,102,0,0,291,1,27472,101
279,0,1000,0,0,1000,0,1000,58,69,58,69,50,59,0,0,0,0,0,0,0,0,58,69,58,69,50,59,0,0,0,0,0,0,0,0,58,69,58,69,50,59,0,0,0,0,0,0,0,0,58,69,58,69,50,59,0,0,0,0,0,0,0,0,58,69,58,69,50,59,0,0,0,0,0,0,0,0,58,69,58,69,50,59,0,0,0,0,0,0,0,0
280,0,1000,0,0,1000,0,1000,58,69,58,69,50,59,0,0,0,0,0,0,0,0,58,69,58,69,50,59,0,0,0,0,0,0,0,0,58,69,58,69,50,59,0,0,0,0,0,0,0,0,58,69,58,69,50,59,0,0,0,0,0,0,0,0,58,69,58,69,50,59,0,0,0,0,0,0,0,0,58,69,58,69,50,59,0,0,0,0,0,0,0,0
281,0,1000,0,0,1000,0,1000,58,69,58,69,50,59,51391,14,51391,14,0,0,0,0,58,69,58,69,50,59,51391,14,51391,14,0,0,0,0,58,69,58,69,50,59,51391,14,51391,14,0,0,0,0,58,69,58,69,50,59,51391,14,51391,14,0,0,0,0,58,69,58,69,50,59,51391,14,51391,14,0,0,0,0,58,69,58,69,50,59,51391,14,51391,14,0,0,0,0
282,0,1000,0,0,1000,0,1000,59,70,59,70,50,59,22051,81,0,0,291,1,21760,80,59,70,59,70,50,59,22051,81,0,0,291,1,21760,80,59,70,59,70,50,59,22051,81,0,0,291,1,21760,80,59,70,59,70,50,59,22051,81,0,0,291,1,21760,80,59,70,59,70,50,59,22051,81,0,0,291,1,21760,80,59,70,59,70,50,59,22051,81,0,0,291,1,21760,80
283,0,1000,0,0,1000,0,1000,59,70,59,70,51,60,0,0,0,0,0,0,0,0,59,70,59,70,51,60,0,0,0,0,0,0,0,0,59,70,59,70,51,60,0,0,0,0,0,0,0,0,59,70,59,70,51,60,0,0,0,0,0,0,0,0,59,70,59,70,51,60,0,0,0,0,0,0,0,0,59,70,59,70,51,60,0,0,0,0,0,0,0,0
284,0,1000,0,0,1000,0,1000,59,70,59,70,51,60,0,0,0,0,0,0,0,0,59,70,59,70,51,60,0,0,0,0,0,0,0,0,59,70,59,70,51,60,0,0,0,0,0,0,0,0,59,70,59,70,51,60,0,0,0,0,0,0,0,0,59,70,59,70,51,60,0,0,0,0,0,0,0,0,59,70,59,70,51,60,0,0,0,0,0,0,0,0
285,0,1000,0,0,1000,0,1000,59,70,59,70,51,60,35987,12,35987,12,0,0,0,0,59,70,59,70,51,60,35987,12,35987,12,0,0,0,0,59,70,59,70,51,60,35987,12,35987,12,0,0,0,0,59,70,59,70,51,60,35987,12,35987,12,0,0,0,0,59,70,59,70,51,60,35987,12,35987,12,0,0,0,0,59,70,59,70,51,60,35987,12,35987,12,0,0,0,0
286,0,1000,0,0,1000,0,1000,60,71,60,71,51,60,29667,109,0,0,291,1,29376,108,60,71,60,71,51,60,29667,109,0,0,291,1,29376,108,60,71,60,71,51,60,29667,109,0,0,291,1,29376,108,60,71,60,71,51,60,29667,109,0,0,291,1,29376,108,60,71,60,71,51,60,29667,109,0,0,291,1,29376,108,60,71,60,71,51,60,29667,109,0,0,291,1,29376,108
287,0,1000,0,0,1000,0,1000,60,71,60,71,51,60,0,0,0,0,0,0,0,0,60,71,60,71,51,60,0,0,0,0,0,0,0,0,60,71,60,71,51,60,0,0,0,0,0,0,0,0,60,71,60,71,51,60,0,0,0,0,0,0,0,0,60,71,60,71,51,60,0,0,0,0,0,0,0,0,60,71,60,71,51,60,0,0,0,0,0,0,0,0
288,0,1000,0,0,1000,0,1000,60,71,60,71,51,60,0,0,0,0,0,0,0,0,60,71,60,71,51,60,0,0,0,0,0,0,0,0,60,71,60,71,51,60,0,0,0,0,0,0,0,0,60,71,60,71,51,60,0,0,0,0,0,0,0,0,60,71,60,71,51,60,0,0,0,0,0,0,0,0,60,71,60,71,51,60,0,0,0,0,0,0,0,0
289,0,1000,0,0,1000,0,1000,60,71,60,71,51,60,42844,11,42844,11,0,0,0,0,60,71,60,71,51,60,42844,11,42844,11,0,0,0,0,60,71,60,71,51,60,42844,11,42844,11,0,0,0,0,60,71,60,71,51,60,42844,11,42844,11,0,0,0,0,60,71,60,71,51,60,42844,11,42844,11,0,0,0,0,60,71,60,71,51,60,42844,11,42844,11,0,0,0,0
290,0,1000,0,0,1000,0,1000,61,72,61,72,51,60,26131,96,0,0,291,1,25840,95,61,72,61,72,51,60,26131,96,0,0,291,1,25840,95,61,72,61,72,51,60,26131,96,0,0,291,1,25840,95,61,72,61,72,51,60,26131,96,0,0,291,1,25840,95,61,72,61,72,51,60,26131,96,0,0,291,1,25840,95,61,72,61,72,51,60,26131,96,0,0,291,1,25840,95
291,0,1000,0,0,1000,0,1000,61,72,61,72,51,60,0,0,0,0,0,0,0,0,61,72,61,72,51,60,0,0,0,0,0,0,0,0,61,72,61,72,51,60,0,0,0,0,0,0,0,0,61,72,61,72,51,60,0,0,0,0,0,0,0,0,61,72,61,72,51,60,0,0,0,0,0,0,0,0,61,72,61,72,51,60,0,0,0,0,0,0,0,0
292,0,1000,0,0,1000,0,1000,61,72,61,72,51,60,0,0,0,0,0,0,0,0,61,72,61,72,51,60,0,0,0,0,0,0,0,0,61,72,61,72,51,60,0,0,0,0,0,0,0,0,61,72,61,72,51,60,0,0,0,0,0,0,0,0,61,72,61,72,51,60,0,0,0,0,0,0,0,0,61,72,61,72,51,60,0,0,0,0,0,0,0,0
293,0,1000,0,0,1000,0,1000,61,72,61,72,51,60,45224,13,45224,13,0,0,0,0,61,72,61,72,51,60,45224,13,45224,13,0,0,0,0,61,72,61,72,51,60,45224,13,45224,13,0,0,0,0,61,72,61,72,51,60,45224,13,45224,13,0,0,0,0,61,72,61,72,51,60,45224,13,45224,13,0,0,0,0,61,72,61,72,51,60,45224,13,45224,13,0,0,0,0
294,0,1000,0,0,1000,0,1000,62,73,62,73,51,60,22595,83,0,0,291,1,22304,82,62,73,62,73,51,60,22595,83,0,0,291,1,22304,82,62,73,62,73,51,60,22595,83,0,0,291,1,22304,82,62,73,62,73,51,60,22595,83,0,0,291,1,22304,82,62,73,62,73,51,60,22595,83,0,0,291,1,22304,82,62,73,62,73,51,60,22595,83,0,0,291,1,22304,82
295,0,1000,0,0,1000,0,1000,62,73,62,73,52,63,0,0,0,0,0,0,0,0,62,73,62,73,52,63,0,0,0,0,0,0,0,0,62,73,62,73,52,63,0,0,0,0,0,0,0,0,62,73,62,73,52,63,0,0,0,0,0,0,0,0,62,73,62,73,52,63,0,0,0,0,0,0,0,0,62,73,62,73,52,63,0,0,0,0,0,0,0,0
296,0,1000,0,0,1000,0,1000,62,73,62,73,52,63,0,0,0,0,0,0,0,0,62,73,62,73,52,63,0,0,0,0,0,0,0,0,62,73,62,73,52,63,0,0,0,0,0,0,0,0,62,73,62,73,52,63,0,0,0,0,0,0,0,0,62,73,62,73,52,63,0,0,0,0,0,0,0,0,62,73,62,73,52,63,0,0,0,0,0,0,0,0
297,0,1000,0,0,1000,0,1000,62,73,62,73,52,63,30629,10,30629,10,0,0,0,0,62,73,62,73,52,63,30629,10,30629,10,0,0,0,0,62,73,62,73,52,63,30629,10,30629,10,0,0,0,0,62,73,62,73,52,63,30629,10,30629,10,0,0,0,0,62,73,62,73,52,63,30629,10,30629,10,0,0,0,0,62,73,62,73,52,63,30629,10,30629,10,0,0,0,0
298,0,1000,0,0,1000,0,1000,63,74,63,74,52,63,29395,108,0,0,291,1,29104,107,63,74,63,74,52,63,29395,108,0,0,291,1,29104,107,63,74,63,74,52,63,29395,108,0,0,291,1,29104,107,63,74,63,74,52,63,29395,108,0,0,291,1,29104,107,63,74,63,74,52,63,29395,108,0,0,291,1,29104,107,63,74,63,74,52,63,29395,108,0,0,291,1,29104,107
299,0,1000,0,0,1000,0,1000,63,74,63,74,53,64,0,0,0,0,0,0,0,0,63,74,63,74,53,64,0,0,0,0,0,0,0,0,63,74,63,74,53,64,0,0,0,0,0,0,0,0,63,74,63,74,53,64,0,0,0,0,0,0,0,0,63,74,63,74,53,64,0,0,0,0,0,0,0,0,63,74,63,74,53,64,0,0,0,0,0,0,0,0
300,0,1000,0,0,1000,0,1000,63,74,63,74,53,64,0,0,0,0,0,0,0,0,63,74,63,74,53,64,0,0,0,0,0,0,0,0,63,74,63,74,53,64,0,0,0,0,0,0,0,0,63,74,63,74,53,64,0,0,0,0,0,0,0,0,63,74,63,74,53,64,0,0,0,0,0,0,0,0,63,74,63,74,53,64,0,0,0,0,0,0,0,0
301,0,1000,0,0,1000,0,1000,63,74,63,74,53,64,38629,10,38629,10,0,0,0,0,63,74,63,74,53,64,38629,10,38629,10,0,0,0,0,63,74,63,74,53,64,38629,10,38629,10,0,0,0,0,63,74,63,74,53,64,38629,10,38629,10,0,0,0,0,63,74,63,74,53,64,38629,10,38629,10,0,0,0,0,63,74,63,74,53,64,38629,10,38629,10,0,0,0,0
302,0,1000,0,0,1000,0,1000,64,75,64,75,53,64,23955,88,0,0,291,1,23664,87,64,75,64,75,53,64,23955,88,0,0,291,1,23664,87,64,75,64,75,53,64,23955,88,0,0,291,1,23664,87,64,75,64,75,53,64,23955,88,0,0,291,1,23664,87,64,75,64,75,53,64,23955,88,0,0,291,1,23664,87,64,75,64,75,53,64,23955,88,0,0,291,1,23664,87
303,0,1000,0,0,1000,0,1000,64,75,64,75,54,65,0,0,0,0,0,0,0,0,64,75,64,75,54,65,0,0,0,0,0,0,0,0,64,75,64,75,54,65,0,0,0,0,0,0,0,0,64,75,64,75,54,65,0,0,0,0,0,0,0,0,64,75,64,75,54,65,0,0,0,0,0,0,0,0,64,75,64,75,54,65,0,0,0,0,0,0,0,0

digraph G {
  rankdir=BT;
  style=filled;
  color=lightgrey;
  node [shape=box,style=filled,color=white];
  b_H9wmbZAs4i0 [label="H(9wmbZAs4i0)\nt=34 id=467"];
  b_HuQC7JEVkVA [label="H(uQC7JEVkVA)\nt=63 id=748"];
  b_HdKsaFJneNl [label="H(dKsaFJneNl)\nt=36 id=967"];
  b_HmpPblDodld [label="H(mpPblDodld)\nt=48 id=666"];
  b_HjO3XzYZXj [label="H(jO3XzYZXj/)\nt=71 id=695"];
  b_HoVAifPRo7C [label="H(oVAifPRo7C)\nt=33 id=892"];
  b_HD9xLEECU58 [label="H(D9xLEECU58)\nt=7 id=837"];
  b_HZED4DEZxoY [label="H(ZED4DEZxoY)\nt=38 id=512"];
  b_HwNtfkuiyj [label="H(wNtf+kuiyj)\nt=1 id=937"];
  b_Hc5KvWjQQaC [label="H(c5KvWjQQaC)\nt=44 id=469"];
  b_HSnsXjs7XDU [label="H(SnsXjs7XDU)\nt=49 id=994"];
  b_HZ3bXulLtvn [label="H(Z3bXulLtvn)\nt=55 id=653"];
  b_Hk6B4MctCK [label="H(k6B4MctC/K)\nt=72 id=971"];
  b_HySbtx7yZKi [label="H(ySbtx7yZKi)\nt=17 id=220"];
  b_HBasN1Lf4Hf [label="H(BasN1Lf4Hf)\nt=40 id=373"];
  b_H3vJ0usqMmF [label="H(3vJ0usqMmF)\nt=43 id=661"];
  b_HUxlcOvqK7q [label="H(UxlcOvqK7q)\nt=75 id=433"];
  b_H27Gx1SN4e [label="H(2+7Gx1SN4e)\nt=11 id=696"];
  b_H1vTUakzROf [label="H(1vTUakzROf)\nt=27 id=299"];
  b_HY3geU0opVe [label="H(Y3geU0opVe)\nt=14 id=712"];
  b_HS8MAaiATZs [label="H(S8MAaiATZs)\nt=2 id=529"];
  b_HbEmsrMux0c [label="H(bEmsrMux0c)\nt=46 id=593"];
  b_HtMyBgD2wBn [label="H(tMyBgD2wBn)\nt=73 id=425"];
  b_Hkih4No3len [label="H(kih4No3len)\nt=39 id=451"];
  b_HSuHdohxWag [label="H(SuHdohxWag)\nt=6 id=781"];
  b_HlTHC4n1pHb [label="H(lTHC4n1pHb)\nt=37 id=839"];
  b_HVXW3mb45cd [label="H(VXW3mb45cd)\nt=28 id=220"];
  b_H1R8BqCYD [label="H(1R8/Bq+CYD)\nt=23 id=677"];
  b_HTmjAUt6Tj [label="H(+TmjAUt6Tj)\nt=74 id=171"];
  b_HHU2ApIWVR [label="H(HU2A/pIWVR)\nt=68 id=661"];
  b_HDmI7ntV2rj [label="H(DmI7ntV2rj)\nt=53 id=432"];
  b_H1OiFkwp1P1 [label="H(1OiFkwp1P1)\nt=10 id=430"];
  b_HaAQxam82pe [label="H(aAQxam82pe)\nt=52 id=689"];
  b_HOIt60dIQJg [label="H(OIt60dIQJg)\nt=30 id=729"];
  b_H2lnrD53dI4 [label="H(2lnrD53dI4)\nt=29 id=241"];
  b_HBRZRbXQlLG [label="H(BRZRbXQlLG)\nt=66 id=377"];
  b_HFZfrmJLQRd [label="H(FZfrmJLQRd)\nt=59 id=649"];
  b_HwP7hKfupni [label="H(wP7hKfupni)\nt=3 id=889"];
  b_HfRUtoLoow [label="H(fRUt+oLoow)\nt=42 id=244"];
  b_HWQftRpva3k [label="H(WQftRpva3k)\nt=12 id=562"];
  b_H759bZ2SZsc [label="H(759bZ2SZsc)\nt=47 id=559"];
  b_HUqCwHXrf7 [label="H(UqCwHXr+f7)\nt=15 id=123"];
  b_HvxwWuRCuoJ [label="H(vxwWuRCuoJ)\nt=45 id=231"];
  b_HpbmYhVsVDy [label="H(pbmYhVsVDy)\nt=16 id=917"];
  b_HWk1CI8gUlO [label="H(Wk1CI8gUlO)\nt=8 id=271"];
  b_HmkX80uBF5 [label="H(mk/X80uBF5)\nt=4 id=768"];
  b_H93TtTccyz [label="H(9+3TtTccyz)\nt=50 id=850"];
  b_HUKStKhDqMg [label="H(UKStKhDqMg)\nt=18 id=706"];
  b_H8oxAAmOBi [label="H(8oxAAmOBi/)\nt=21 id=906"];
  b_HVsp2681n8t [label="H(Vsp2681n8t)\nt=25 id=886"];
  b_Hu6fxtYaivW [label="H(u6fxtYaivW)\nt=60 id=299"];
  b_HvJXFajW3Sw [label="H(vJXFajW3Sw)\nt=13 id=820"];
  b_Hs8yFvNo6OE [label="H(s8yFvNo6OE)\nt=41 id=494"];
  b_H0bvLQdVqYO [label="H(0bvLQdVqYO)\nt=57 id=706"];
  b_HEppc2B6R [label="H(+Ep+pc2B6R)\nt=65 id=501"];
  b_HV2wf3rhCF [label="H(V2wf3rhCF+)\nt=5 id=190"];
  b_HPfviQpWGgb [label="H(PfviQpWGgb)\nt=9 id=263"];
  b_HpqwW7BXVwz [label="H(pqwW7BXVwz)\n"];
  b_HxI6vaCvHrJ [label="H(xI6vaCvHrJ)\nt=32 id=413"];
  b_HgfLLeBk2o9 [label="H(gfLLeBk2o9)\nt=35 id=91"];
  b_Hvzv6Yiwts [label="H(vzv6/Yiwts)\nt=64 id=180"];
  b_HsRLDLFZLuE [label="H(sRLDLFZLuE)\nt=67 id=605"];
  b_H0QctImoCN [label="H(0Qct/ImoCN)\nt=56 id=871"];
  b_HbaeBtjEB8k [label="H(baeBtjEB8k)\nt=69 id=272"];
  b_HhcTE3Nn7YS [label="H(hcTE3Nn7YS)\nt=70 id=150"];
  b_H9wmbZAs4i0 -> b_HoVAifPRo7C;
  b_HuQC7JEVkVA -> b_Hu6fxtYaivW;
  b_HdKsaFJneNl -> b_HgfLLeBk2o9;
  b_HmpPblDodld -> b_H759bZ2SZsc;
  b_HjO3XzYZXj -> b_HhcTE3Nn7YS;
  b_HoVAifPRo7C -> b_HxI6vaCvHrJ;
  b_HD9xLEECU58 -> b_HSuHdohxWag;
  b_HZED4DEZxoY -> b_HlTHC4n1pHb;
  b_HwNtfkuiyj -> b_HpqwW7BXVwz;
  b_Hc5KvWjQQaC -> b_H3vJ0usqMmF;
  b_HSnsXjs7XDU -> b_HmpPblDodld;
  b_HZ3bXulLtvn -> b_HDmI7ntV2rj;
  b_Hk6B4MctCK -> b_HjO3XzYZXj;
  b_HySbtx7yZKi -> b_HpbmYhVsVDy;
  b_HBasN1Lf4Hf -> b_Hkih4No3len;
  b_H3vJ0usqMmF -> b_HfRUtoLoow;
  b_HUxlcOvqK7q -> b_HTmjAUt6Tj;
  b_H27Gx1SN4e -> b_H1OiFkwp1P1;
  b_H1vTUakzROf -> b_HVsp2681n8t;
  b_HY3geU0opVe -> b_HvJXFajW3Sw;
  b_HS8MAaiATZs -> b_HwNtfkuiyj;
  b_HbEmsrMux0c -> b_HvxwWuRCuoJ;
  b_HtMyBgD2wBn -> b_Hk6B4MctCK;
  b_Hkih4No3len -> b_HZED4DEZxoY;
  b_HSuHdohxWag -> b_HV2wf3rhCF;
  b_HlTHC4n1pHb -> b_HdKsaFJneNl;
  b_HVXW3mb45cd -> b_H1vTUakzROf;
  b_H1R8BqCYD -> b_H8oxAAmOBi;
  b_HTmjAUt6Tj -> b_HtMyBgD2wBn;
  b_HHU2ApIWVR -> b_HsRLDLFZLuE;
  b_HDmI7ntV2rj -> b_HaAQxam82pe;
  b_H1OiFkwp1P1 -> b_HPfviQpWGgb;
  b_HaAQxam82pe -> b_H93TtTccyz;
  b_HOIt60dIQJg -> b_H2lnrD53dI4;
  b_H2lnrD53dI4 -> b_HVXW3mb45cd;
  b_HBRZRbXQlLG -> b_HEppc2B6R;
  b_HFZfrmJLQRd -> b_H0bvLQdVqYO;
  b_HwP7hKfupni -> b_HS8MAaiATZs;
  b_HfRUtoLoow -> b_Hs8yFvNo6OE;
  b_HWQftRpva3k -> b_H27Gx1SN4e;
  b_H759bZ2SZsc -> b_HbEmsrMux0c;
  b_HUqCwHXrf7 -> b_HY3geU0opVe;
  b_HvxwWuRCuoJ -> b_Hc5KvWjQQaC;
  b_HpbmYhVsVDy -> b_HUqCwHXrf7;
  b_HWk1CI8gUlO -> b_HD9xLEECU58;
  b_HmkX80uBF5 -> b_HwP7hKfupni;
  b_H93TtTccyz -> b_HSnsXjs7XDU;
  b_HUKStKhDqMg -> b_HySbtx7yZKi;
  b_H8oxAAmOBi -> b_HUKStKhDqMg;
  b_HVsp2681n8t -> b_H1R8BqCYD;
  b_Hu6fxtYaivW -> b_HFZfrmJLQRd;
  b_HvJXFajW3Sw -> b_HWQftRpva3k;
  b_Hs8yFvNo6OE -> b_HBasN1Lf4Hf;
  b_H0bvLQdVqYO -> b_H0QctImoCN;
  b_HEppc2B6R -> b_Hvzv6Yiwts;
  b_HV2wf3rhCF -> b_HmkX80uBF5;
  b_HPfviQpWGgb -> b_HWk1CI8gUlO;
  b_HxI6vaCvHrJ -> b_HOIt60dIQJg;
  b_HgfLLeBk2o9 -> b_H9wmbZAs4i0;
  b_Hvzv6Yiwts -> b_HuQC7JEVkVA;
  b_HsRLDLFZLuE -> b_HBRZRbXQlLG;
  b_H0QctImoCN -> b_HZ3bXulLtvn;
  b_HbaeBtjEB8k -> b_HHU2ApIWVR;
  b_HhcTE3Nn7YS -> b_HbaeBtjEB8k;
  v_HdP14iSMv7L [label="id=417 t=75"];
  v_HdP14iSMv7L -> b_HUxlcOvqK7q;
  v_HQPKH6Cvpz5 [label="id=234 t=75"];
  v_HQPKH6Cvpz5 -> b_HUxlcOvqK7q;
  v_HB6L0ZnD2Y [label="id=786 t=75"];
  v_HB6L0ZnD2Y -> b_HUxlcOvqK7q;
  v_Hbu15f5jlTm [label="id=430 t=75"];
  v_Hbu15f5jlTm -> b_HUxlcOvqK7q;
  v_H0V5km8yvbI [label="id=34 t=75"];
  v_H0V5km8yvbI -> b_HUxlcOvqK7q;
  v_HtDrV9tPGzX [label="id=521 t=75"];
  v_HtDrV9tPGzX -> b_HUxlcOvqK7q;
  v_Hmn2HBJJsaQ [label="id=697 t=75"];
  v_Hmn2HBJJsaQ -> b_HUxlcOvqK7q;
  v_HtZ3VqfL3sy [label="id=326 t=75"];
  v_HtZ3VqfL3sy -> b_HUxlcOvqK7q;
  v_HqnFx4ucXw [label="id=744 t=75"];
  v_HqnFx4ucXw -> b_HUxlcOvqK7q;
  v_HF2C4V4yPyd [label="id=358 t=75"];
  v_HF2C4V4yPyd -> b_HUxlcOvqK7q;
  v_HMiPu8Eyoz [label="id=256 t=75"];
  v_HMiPu8Eyoz -> b_HUxlcOvqK7q;
  v_HOalE6lBkeV [label="id=431 t=75"];
  v_HOalE6lBkeV -> b_HUxlcOvqK7q;
  v_HUHOujUST [label="id=854 t=75"];
  v_HUHOujUST -> b_HUxlcOvqK7q;
  v_H9vYDAffwkB [label="id=401 t=75"];
  v_H9vYDAffwkB -> b_HUxlcOvqK7q;
  v_Ht13sJtwjL [label="id=356 t=75"];
  v_Ht13sJtwjL -> b_HUxlcOvqK7q;
  v_HGeGVw29AAq [label="id=803 t=75"];
  v_HGeGVw29AAq -> b_HUxlcOvqK7q;
  v_H8NDt9hXcAL [label="id=560 t=75"];
  v_H8NDt9hXcAL -> b_HUxlcOvqK7q;
  v_HoAs7A6zwRi [label="id=815 t=75"];
  v_HoAs7A6zwRi -> b_HUxlcOvqK7q;
  v_H8rqUMFrxT [label="id=499 t=75"];
  v_H8rqUMFrxT -> b_HUxlcOvqK7q;
  v_Hjj4EF2foCo [label="id=474 t=75"];
  v_Hjj4EF2foCo -> b_HUxlcOvqK7q;
  v_Hcavg4Pfp4 [label="id=38 t=75"];
  v_Hcavg4Pfp4 -> b_HUxlcOvqK7q;
  v_HGWA7IKDMpG [label="id=620 t=75"];
  v_HGWA7IKDMpG -> b_HUxlcOvqK7q;
  v_HpI6e5sgwsq [label="id=336 t=75"];
  v_HpI6e5sgwsq -> b_HUxlcOvqK7q;
  v_HTKe2SNCq0m [label="id=577 t=75"];
  v_HTKe2SNCq0m -> b_HUxlcOvqK7q;
  v_Hxm8lVO7YbU [label="id=303 t=75"];
  v_Hxm8lVO7YbU -> b_HUxlcOvqK7q;
  v_HcbppjMJZC7 [label="id=621 t=75"];
  v_HcbppjMJZC7 -> b_HUxlcOvqK7q;
  v_HPPqYr8et93 [label="id=774 t=75"];
  v_HPPqYr8et93 -> b_HUxlcOvqK7q;
  v_HyW2f7zLfMz [label="id=636 t=75"];
  v_HyW2f7zLfMz -> b_HUxlcOvqK7q;
  v_HvfLvJHlXF6 [label="id=158 t=75"];
  v_HvfLvJHlXF6 -> b_HUxlcOvqK7q;
  v_HJQE7d6PHY4 [label="id=471 t=75"];
  v_HJQE7d6PHY4 -> b_HUxlcOvqK7q;
  v_HVmqXhuQQ [label="id=267 t=75"];
  v_HVmqXhuQQ -> b_HUxlcOvqK7q;
  v_H08NavzNqK3 [label="id=346 t=75"];
  v_H08NavzNqK3 -> b_HUxlcOvqK7q;
  v_H1Uw6wlDgXL [label="id=771 t=75"];
  v_H1Uw6wlDgXL -> b_HUxlcOvqK7q;
  v_HnWBXwFVbFd [label="id=184 t=75"];
  v_HnWBXwFVbFd -> b_HUxlcOvqK7q;
  v_HavPAzrZyCn [label="id=61 t=75"];
  v_HavPAzrZyCn -> b_HUxlcOvqK7q;
  v_HAtNOXkjdT [label="id=251 t=75"];
  v_HAtNOXkjdT -> b_HUxlcOvqK7q;
  v_Hw1ZJp1vGB4 [label="id=887 t=75"];
  v_Hw1ZJp1vGB4 -> b_HUxlcOvqK7q;
  v_HiMWwyzwGYP [label="id=890 t=75"];
  v_HiMWwyzwGYP -> b_HUxlcOvqK7q;
  v_H97DzMGIDei [label="id=825 t=75"];
  v_H97DzMGIDei -> b_HUxlcOvqK7q;
  v_HegnP7jzAW [label="id=459 t=75"];
  v_HegnP7jzAW -> b_HUxlcOvqK7q;
  v_HBCpdoAuqU [label="id=601 t=75"];
  v_HBCpdoAuqU -> b_HUxlcOvqK7q;
  v_HRvRfL5EBmj [label="id=733 t=75"];
  v_HRvRfL5EBmj -> b_HUxlcOvqK7q;
  v_HD7aivwcmgg [label="id=547 t=75"];
  v_HD7aivwcmgg -> b_HUxlcOvqK7q;
  v_HnVYWc6lIQj [label="id=263 t=75"];
  v_HnVYWc6lIQj -> b_HUxlcOvqK7q;
  v_HL6N6JUOYQx [label="id=848 t=75"];
  v_HL6N6JUOYQx -> b_HUxlcOvqK7q;
  v_HDVK1UakpS [label="id=436 t=75"];
  v_HDVK1UakpS -> b_HUxlcOvqK7q;
  v_HXrtPFeDDE [label="id=84 t=75"];
  v_HXrtPFeDDE -> b_HUxlcOvqK7q;
  v_H4PHIsiPyuW [label="id=274 t=75"];
  v_H4PHIsiPyuW -> b_HUxlcOvqK7q;
  v_HY3jAPZFhoU [label="id=818 t=75"];
  v_HY3jAPZFhoU -> b_HUxlcOvqK7q;
  v_HosiNfTPXv [label="id=287 t=75"];
  v_HosiNfTPXv -> b_HUxlcOvqK7q;
  v_Hi2144RAr23 [label="id=283 t=75"];
  v_Hi2144RAr23 -> b_HUxlcOvqK7q;
  v_HkqWMLeyyv [label="id=896 t=75"];
  v_HkqWMLeyyv -> b_HUxlcOvqK7q;
  v_HYwGD06GVM [label="id=701 t=75"];
  v_HYwGD06GVM -> b_HUxlcOvqK7q;
  v_H1Apu5kSb2i [label="id=470 t=75"];
  v_H1Apu5kSb2i -> b_HUxlcOvqK7q;
  v_H4f7n7lPx22 [label="id=79 t=75"];
  v_H4f7n7lPx22 -> b_HUxlcOvqK7q;
  v_Humh5xGIRGf [label="id=93 t=75"];
  v_Humh5xGIRGf -> b_HUxlcOvqK7q;
  v_HQydrITh9y [label="id=739 t=75"];
  v_HQydrITh9y -> b_HUxlcOvqK7q;
  v_HR6n3lXTXS [label="id=83 t=75"];
  v_HR6n3lXTXS -> b_HUxlcOvqK7q;
  v_HxfbZ7PExpR [label="id=666 t=75"];
  v_HxfbZ7PExpR -> b_HUxlcOvqK7q;
  v_HkiBySRlNC [label="id=562 t=75"];
  v_HkiBySRlNC -> b_HUxlcOvqK7q;
  v_HMbT9b57SMb [label="id=30 t=75"];
  v_HMbT9b57SMb -> b_HUxlcOvqK7q;
  v_HuHSdXs6iR6 [label="id=563 t=75"];
  v_HuHSdXs6iR6 -> b_HUxlcOvqK7q;
  v_HJfREnkM2a [label="id=280 t=75"];
  v_HJfREnkM2a -> b_HUxlcOvqK7q;
  v_HIP7UauFasH [label="id=779 t=75"];
  v_HIP7UauFasH -> b_HUxlcOvqK7q;
  v_H2Od94VxWNs [label="id=933 t=75"];
  v_H2Od94VxWNs -> b_HUxlcOvqK7q;
  v_HuUAwRq6Qkp [label="id=934 t=75"];
  v_HuUAwRq6Qkp -> b_HUxlcOvqK7q;
  v_Hwpl1W5WOgU [label="id=441 t=75"];
  v_Hwpl1W5WOgU -> b_HUxlcOvqK7q;
  v_HoRERomJJp [label="id=56 t=75"];
  v_HoRERomJJp -> b_HUxlcOvqK7q;
  v_HwwAD3R5UCQ [label="id=829 t=75"];
  v_HwwAD3R5UCQ -> b_HUxlcOvqK7q;
  v_H40UYPGFS55 [label="id=878 t=75"];
  v_H40UYPGFS55 -> b_HUxlcOvqK7q;
  v_HMTWMh6beyw [label="id=545 t=75"];
  v_HMTWMh6beyw -> b_HUxlcOvqK7q;
  v_HVm9PI0aJvo [label="id=308 t=75"];
  v_HVm9PI0aJvo -> b_HUxlcOvqK7q;
  v_Hghh6JN4wJu [label="id=917 t=75"];
  v_Hghh6JN4wJu -> b_HUxlcOvqK7q;
  v_Hn4YUUVgNtj [label="id=711 t=75"];
  v_Hn4YUUVgNtj -> b_HUxlcOvqK7q;
  v_HdT5cwaYSDv [label="id=357 t=75"];
  v_HdT5cwaYSDv -> b_HUxlcOvqK7q;
  v_HBSUfM2oE [label="id=65 t=75"];
  v_HBSUfM2oE -> b_HUxlcOvqK7q;
  v_HW29yxAoAKZ [label="id=307 t=75"];
  v_HW29yxAoAKZ -> b_HUxlcOvqK7q;
  v_HaeFCSbybzT [label="id=22 t=75"];
  v_HaeFCSbybzT -> b_HUxlcOvqK7q;
  v_HGQzFO743A [label="id=241 t=75"];
  v_HGQzFO743A -> b_HUxlcOvqK7q;
  v_HayU4k6Dxv [label="id=652 t=75"];
  v_HayU4k6Dxv -> b_HUxlcOvqK7q;
  v_HnMk8ovIFN [label="id=420 t=75"];
  v_HnMk8ovIFN -> b_HUxlcOvqK7q;
  v_HCRA5dQG0H [label="id=47 t=75"];
  v_HCRA5dQG0H -> b_HUxlcOvqK7q;
  v_HAo84Snl42Z [label="id=639 t=75"];
  v_HAo84Snl42Z -> b_HUxlcOvqK7q;
  v_HLdXpckQbk [label="id=850 t=75"];
  v_HLdXpckQbk -> b_HUxlcOvqK7q;
  v_HkoReh4U39y [label="id=76 t=75"];
  v_HkoReh4U39y -> b_HUxlcOvqK7q;
  v_HgafY7HpOkF [label="id=692 t=75"];
  v_HgafY7HpOkF -> b_HUxlcOvqK7q;
  v_H05AzrFe6z7 [label="id=729 t=75"];
  v_H05AzrFe6z7 -> b_HUxlcOvqK7q;
}


ALWAYS AWAKE final ledgers: 64 75 64 75 54 65
ALWAYS AWAKE total communication: 2879090 5178
ALWAYS AWAKE blocks communication: 18614 64
ALWAYS AWAKE votes communication: 1259088 4629
ALWAYS AWAKE proposals communication: 1601388 485
