r,n_asleep,n_awake,n_honest_asleep,n_honest_dreamy,n_honest_awake,n_adversary,n_all,party0_ledger_best_length,party0_ledger_best_age,party0_ledger_fast_length,party0_ledger_fast_age,party0_ledger_slow_length,party0_ledger_slow_age,party0_comms_all_size,party0_comms_all_count,party0_comms_proposal_size,party0_comms_proposal_count,party0_comms_piece_block_size,party0_comms_piece_block_count,party0_comms_piece_vote_size,party0_comms_piece_vote_count,party1_ledger_best_length,party1_ledger_best_age,party1_ledger_fast_length,party1_ledger_fast_age,party1_ledger_slow_length,party1_ledger_slow_age,party1_comms_all_size,party1_comms_all_count,party1_comms_proposal_size,party1_comms_proposal_count,party1_comms_piece_block_size,party1_comms_piece_block_count,party1_comms_piece_vote_size,party1_comms_piece_vote_count,party2_ledger_best_length,party2_ledger_best_age,party2_ledger_fast_length,party2_ledger_fast_age,party2_ledger_slow_length,party2_ledger_slow_age,party2_comms_all_size,party2_comms_all_count,party2_comms_proposal_size,party2_comms_proposal_count,party2_comms_piece_block_size,party2_comms_piece_block_count,party2_comms_piece_vote_size,party2_comms_piece_vote_count,party3_ledger_best_length,party3_ledger_best_age,party3_ledger_fast_length,party3_ledger_fast_age,party3_ledger_slow_length,party3_ledger_slow_age,party3_comms_all_size,party3_comms_all_count,party3_comms_proposal_size,party3_comms_proposal_count,party3_comms_piece_block_size,party3_comms_piece_block_count,party3_comms_piece_vote_size,party3_comms_piece_vote_count,party4_ledger_best_length,party4_ledger_best_age,party4_ledger_fast_length,party4_ledger_fast_age,party4_ledger_slow_length,party4_ledger_slow_age,party4_comms_all_size,party4_comms_all_count,party4_comms_proposal_size,party4_comms_proposal_count,party4_comms_piece_block_size,party4_comms_piece_block_count,party4_comms_piece_vote_size,party4_comms_piece_vote_count,partyALWAYSAWAKE_ledger_best_length,partyALWAYSAWAKE_ledger_best_age,partyALWAYSAWAKE_ledger_fast_length,partyALWAYSAWAKE_ledger_fast_age,partyALWAYSAWAKE_ledger_slow_length,partyALWAYSAWAKE_ledger_slow_age,partyALWAYSAWAKE_comms_all_size,partyALWAYSAWAKE_comms_all_count,partyALWAYSAWAKE_comms_proposal_size,partyALWAYSAWAKE_comms_proposal_count,partyALWAYSAWAKE_comms_piece_block_size,partyALWAYSAWAKE_comms_piece_block_count,partyALWAYSAWAKE_comms_piece_vote_size,partyALWAYSAWAKE_comms_piece_vote_count
4,0,1000,0,0,1000,0,1000,0,0,0,0,0,0,0,0,0,0,0,0,0,0,0,0,0,0,0,0,0,0,0,0,0,0,0,0,0,0,0,0,0,0,0,0,0,0,0,0,0,0,0,0,0,0,0,0,0,0,0,0,0,0,0,0,0,0,0,0,0,0,0,0,0,0,0,0,0,0,0,0,0,0,0,0,0,0,0,0,0,0,0,0
5,0,1000,0,0,1000,0,1000,0,0,0,0,0,0,402188,5,402188,5,0,0,0,0,0,0,0,0,0,0,402188,5,402188,5,0,0,0,0,0,0,0,0,0,0,402188,5,402188,5,0,0,0,0,0,0,0,0,0,0,402188,5,402188,5,0,0,0,0,0,0,0,0,0,0,402188,5,402188,5,0,0,0,0,0,0,0,0,0,0,402188,5,402188,5,0,0,0,0
6,0,1000,0,0,1000,0,1000,1,1,1,1,0,0,109122,107,0,0,80290,1,28832,106,1,1,1,1,0,0,109122,107,0,0,80290,1,28832,106,1,1,1,1,0,0,109122,107,0,0,80290,1,28832,106,1,1,1,1,0,0,109122,107,0,0,80290,1,28832,106,1,1,1,1,0,0,109122,107,0,0,80290,1,28832,106,1,1,1,1,0,0,109122,107,0,0,80290,1,28832,106
7,0,1000,0,0,1000,0,1000,1,1,1,1,0,0,0,0,0,0,0,0,0,0,1,1,1,1,0,0,0,0,0,0,0,0,0,0,1,1,1,1,0,0,0,0,0,0,0,0,0,0,1,1,1,1,0,0,0,0,0,0,0,0,0,0,1,1,1,1,0,0,0,0,0,0,0,0,0,0,1,1,1,1,0,0,0,0,0,0,0,0,0,0
8,0,1000,0,0,1000,0,1000,1,1,1,1,0,0,0,0,0,0,0,0,0,0,1,1,1,1,0,0,0,0,0,0,0,0,0,0,1,1,1,1,0,0,0,0,0,0,0,0,0,0,1,1,1,1,0,0,0,0,0,0,0,0,0,0,1,1,1,1,0,0,0,0,0,0,0,0,0,0,1,1,1,1,0,0,0,0,0,0,0,0,0,0
9,0,1000,0,0,1000,0,1000,1,1,1,1,0,0,83830,1,83830,1,0,0,0,0,1,1,1,1,0,0,83830,1,83830,1,0,0,0,0,1,1,1,1,0,0,83830,1,83830,1,0,0,0,0,1,1,1,1,0,0,83830,1,83830,1,0,0,0,0,1,1,1,1,0,0,83830,1,83830,1,0,0,0,0,1,1,1,1,0,0,83830,1,83830,1,0,0,0,0
10,0,1000,0,0,1000,0,1000,2,2,2,2,0,0,108034,103,0,0,80290,1,27744,102,2,2,2,2,0,0,108034,103,0,0,80290,1,27744,102,2,2,2,2,0,0,108034,103,0,0,80290,1,27744,102,2,2,2,2,0,0,108034,103,0,0,80290,1,27744,102,2,2,2,2,0,0,108034,103,0,0,80290,1,27744,102,2,2,2,2,0,0,108034,103,0,0,80290,1,27744,102
11,0,1000,0,0,1000,0,1000,2,2,2,2,0,0,0,0,0,0,0,0,0,0,2,2,2,2,0,0,0,0,0,0,0,0,0,0,2,2,2,2,0,0,0,0,0,0,0,0,0,0,2,2,2,2,0,0,0,0,0,0,0,0,0,0,2,2,2,2,0,0,0,0,0,0,0,0,0,0,2,2,2,2,0,0,0,0,0,0,0,0,0,0
12,0,1000,0,0,1000,0,1000,2,2,2,2,0,0,0,0,0,0,0,0,0,0,2,2,2,2,0,0,0,0,0,0,0,0,0,0,2,2,2,2,0,0,0,0,0,0,0,0,0,0,2,2,2,2,0,0,0,0,0,0,0,0,0,0,2,2,2,2,0,0,0,0,0,0,0,0,0,0,2,2,2,2,0,0,0,0,0,0,0,0,0,0
13,0,1000,0,0,1000,0,1000,2,2,2,2,0,0,167404,2,167404,2,0,0,0,0,2,2,2,2,0,0,167404,2,167404,2,0,0,0,0,2,2,2,2,0,0,167404,2,167404,2,0,0,0,0,2,2,2,2,0,0,167404,2,167404,2,0,0,0,0,2,2,2,2,0,0,167404,2,167404,2,0,0,0,0,2,2,2,2,0,0,167404,2,167404,2,0,0,0,0
14,0,1000,0,0,1000,0,1000,3,3,3,3,0,0,104498,90,0,0,80290,1,24208,89,3,3,3,3,0,0,104498,90,0,0,80290,1,24208,89,3,3,3,3,0,0,104498,90,0,0,80290,1,24208,89,3,3,3,3,0,0,104498,90,0,0,80290,1,24208,89,3,3,3,3,0,0,104498,90,0,0,80290,1,24208,89,3,3,3,3,0,0,104498,90,0,0,80290,1,24208,89
15,0,1000,0,0,1000,0,1000,3,3,3,3,0,0,0,0,0,0,0,0,0,0,3,3,3,3,0,0,0,0,0,0,0,0,0,0,3,3,3,3,0,0,0,0,0,0,0,0,0,0,3,3,3,3,0,0,0,0,0,0,0,0,0,0,3,3,3,3,0,0,0,0,0,0,0,0,0,0,3,3,3,3,0,0,0,0,0,0,0,0,0,0
16,0,1000,0,0,1000,0,1000,3,3,3,3,0,0,0,0,0,0,0,0,0,0,3,3,3,3,0,0,0,0,0,0,0,0,0,0,3,3,3,3,0,0,0,0,0,0,0,0,0,0,3,3,3,3,0,0,0,0,0,0,0,0,0,0,3,3,3,3,0,0,0,0,0,0,0,0,0,0,3,3,3,3,0,0,0,0,0,0,0,0,0,0
17,0,1000,0,0,1000,0,1000,3,3,3,3,0,0,499714,6,499714,6,0,0,0,0,3,3,3,3,0,0,499714,6,499714,6,0,0,0,0,3,3,3,3,0,0,499714,6,499714,6,0,0,0,0,3,3,3,3,0,0,499714,6,499714,6,0,0,0,0,3,3,3,3,0,0,499714,6,499714,6,0,0,0,0,3,3,3,3,0,0,499714,6,499714,6,0,0,0,0
18,0,1000,0,0,1000,0,1000,4,4,4,4,0,0,112658,120,0,0,80290,1,32368,119,4,4,4,4,0,0,112658,120,0,0,80290,1,32368,119,4,4,4,4,0,0,112658,120,0,0,80290,1,32368,119,4,4,4,4,0,0,112658,120,0,0,80290,1,32368,119,4,4,4,4,0,0,112658,120,0,0,80290,1,32368,119,4,4,4,4,0,0,112658,120,0,0,80290,1,32368,119
19,0,1000,0,0,1000,0,1000,4,4,4,4,0,0,0,0,0,0,0,0,0,0,4,4,4,4,0,0,0,0,0,0,0,0,0,0,4,4,4,4,0,0,0,0,0,0,0,0,0,0,4,4,4,4,0,0,0,0,0,0,0,0,0,0,4,4,4,4,0,0,0,0,0,0,0,0,0,0,4,4,4,4,0,0,0,0,0,0,0,0,0,0
20,0,1000,0,0,1000,0,1000,4,4,4,4,0,0,0,0,0,0,0,0,0,0,4,4,4,4,0,0,0,0,0,0,0,0,0,0,4,4,4,4,0,0,0,0,0,0,0,0,0,0,4,4,4,4,0,0,0,0,0,0,0,0,0,0,4,4,4,4,0,0,0,0,0,0,0,0,0,0,4,4,4,4,0,0,0,0,0,0,0,0,0,0
21,0,1000,0,0,1000,0,1000,4,4,4,4,0,0,252738,3,252738,3,0,0,0,0,4,4,4,4,0,0,252738,3,252738,3,0,0,0,0,4,4,4,4,0,0,252738,3,252738,3,0,0,0,0,4,4,4,4,0,0,252738,3,252738,3,0,0,0,0,4,4,4,4,0,0,252738,3,252738,3,0,0,0,0,4,4,4,4,0,0,252738,3,252738,3,0,0,0,0
22,0,1000,0,0,1000,0,1000,5,5,5,5,0,0,103138,85,0,0,80290,1,22848,84,5,5,5,5,0,0,103138,85,0,0,80290,1,22848,84,5,5,5,5,0,0,103138,85,0,0,80290,1,22848,84,5,5,5,5,0,0,103138,85,0,0,80290,1,22848,84,5,5,5,5,0,0,103138,85,0,0,80290,1,22848,84,5,5,5,5,0,0,103138,85,0,0,80290,1,22848,84
23,0,1000,0,0,1000,0,1000,5,5,5,5,0,0,0,0,0,0,0,0,0,0,5,5,5,5,0,0,0,0,0,0,0,0,0,0,5,5,5,5,0,0,0,0,0,0,0,0,0,0,5,5,5,5,0,0,0,0,0,0,0,0,0,0,5,5,5,5,0,0,0,0,0,0,0,0,0,0,5,5,5,5,0,0,0,0,0,0,0,0,0,0
24,0,1000,0,0,1000,0,1000,5,5,5,5,0,0,0,0,0,0,0,0,0,0,5,5,5,5,0,0,0,0,0,0,0,0,0,0,5,5,5,5,0,0,0,0,0,0,0,0,0,0,5,5,5,5,0,0,0,0,0,0,0,0,0,0,5,5,5,5,0,0,0,0,0,0,0,0,0,0,5,5,5,5,0,0,0,0,0,0,0,0,0,0
25,0,1000,0,0,1000,0,1000,5,5,5,5,0,0,249378,3,249378,3,0,0,0,0,5,5,5,5,0,0,249378,3,249378,3,0,0,0,0,5,5,5,5,0,0,249378,3,249378,3,0,0,0,0,5,5,5,5,0,0,249378,3,249378,3,0,0,0,0,5,5,5,5,0,0,249378,3,249378,3,0,0,0,0,5,5,5,5,0,0,249378,3,249378,3,0,0,0,0
26,0,1000,0,0,1000,0,1000,6,6,6,6,0,0,105586,94,0,0,80290,1,25296,93,6,6,6,6,0,0,105586,94,0,0,80290,1,25296,93,6,6,6,6,0,0,105586,94,0,0,80290,1,25296,93,6,6,6,6,0,0,105586,94,0,0,80290,1,25296,93,6,6,6,6,0,0,105586,94,0,0,80290,1,25296,93,6,6,6,6,0,0,105586,94,0,0,80290,1,25296,93
27,0,1000,0,0,1000,0,1000,6,6,6,6,0,0,0,0,0,0,0,0,0,0,6,6,6,6,0,0,0,0,0,0,0,0,0,0,6,6,6,6,0,0,0,0,0,0,0,0,0,0,6,6,6,6,0,0,0,0,0,0,0,0,0,0,6,6,6,6,0,0,0,0,0,0,0,0,0,0,6,6,6,6,0,0,0,0,0,0,0,0,0,0
28,0,1000,0,0,1000,0,1000,6,6,6,6,0,0,0,0,0,0,0,0,0,0,6,6,6,6,0,0,0,0,0,0,0,0,0,0,6,6,6,6,0,0,0,0,0,0,0,0,0,0,6,6,6,6,0,0,0,0,0,0,0,0,0,0,6,6,6,6,0,0,0,0,0,0,0,0,0,0,6,6,6,6,0,0,0,0,0,0,0,0,0,0
29,0,1000,0,0,1000,0,1000,6,6,6,6,0,0,166828,2,166828,2,0,0,0,0,6,6,6,6,0,0,166828,2,166828,2,0,0,0,0,6,6,6,6,0,0,166828,2,166828,2,0,0,0,0,6,6,6,6,0,0,166828,2,166828,2,0,0,0,0,6,6,6,6,0,0,166828,2,166828,2,0,0,0,0,6,6,6,6,0,0,166828,2,166828,2,0,0,0,0
30,0,1000,0,0,1000,0,1000,7,7,7,7,0,0,109938,110,0,0,80290,1,29648,109,7,7,7,7,0,0,109938,110,0,0,80290,1,29648,109,7,7,7,7,0,0,109938,110,0,0,80290,1,29648,109,7,7,7,7,0,0,109938,110,0,0,80290,1,29648,109,7,7,7,7,0,0,109938,110,0,0,80290,1,29648,109,7,7,7,7,0,0,109938,110,0,0,80290,1,29648,109
31,0,1000,0,0,1000,0,1000,7,7,7,7,0,0,0,0,0,0,0,0,0,0,7,7,7,7,0,0,0,0,0,0,0,0,0,0,7,7,7,7,0,0,0,0,0,0,0,0,0,0,7,7,7,7,0,0,0,0,0,0,0,0,0,0,7,7,7,7,0,0,0,0,0,0,0,0,0,0,7,7,7,7,0,0,0,0,0,0,0,0,0,0
32,0,1000,0,0,1000,0,1000,7,7,7,7,0,0,0,0,0,0,0,0,0,0,7,7,7,7,0,0,0,0,0,0,0,0,0,0,7,7,7,7,0,0,0,0,0,0,0,0,0,0,7,7,7,7,0,0,0,0,0,0,0,0,0,0,7,7,7,7,0,0,0,0,0,0,0,0,0,0,7,7,7,7,0,0,0,0,0,0,0,0,0,0
33,0,1000,0,0,1000,0,1000,7,7,7,7,0,0,83926,1,83926,1,0,0,0,0,7,7,7,7,0,0,83926,1,83926,1,0,0,0,0,7,7,7,7,0,0,83926,1,83926,1,0,0,0,0,7,7,7,7,0,0,83926,1,83926,1,0,0,0,0,7,7,7,7,0,0,83926,1,83926,1,0,0,0,0,7,7,7,7,0,0,83926,1,83926,1,0,0,0,0
34,0,1000,0,0,1000,0,1000,8,8,8,8,0,0,102594,83,0,0,80290,1,22304,82,8,8,8,8,0,0,102594,83,0,0,80290,1,22304,82,8,8,8,8,0,0,102594,83,0,0,80290,1,22304,82,8,8,8,8,0,0,102594,83,0,0,80290,1,22304,82,8,8,8,8,0,0,102594,83,0,0,80290,1,22304,82,8,8,8,8,0,0,102594,83,0,0,80290,1,22304,82
35,0,1000,0,0,1000,0,1000,8,8,8,8,0,0,0,0,0,0,0,0,0,0,8,8,8,8,0,0,0,0,0,0,0,0,0,0,8,8,8,8,0,0,0,0,0,0,0,0,0,0,8,8,8,8,0,0,0,0,0,0,0,0,0,0,8,8,8,8,0,0,0,0,0,0,0,0,0,0,8,8,8,8,0,0,0,0,0,0,0,0,0,0
36,0,1000,0,0,1000,0,1000,8,8,8,8,0,0,0,0,0,0,0,0,0,0,8,8,8,8,0,0,0,0,0,0,0,0,0,0,8,8,8,8,0,0,0,0,0,0,0,0,0,0,8,8,8,8,0,0,0,0,0,0,0,0,0,0,8,8,8,8,0,0,0,0,0,0,0,0,0,0,8,8,8,8,0,0,0,0,0,0,0,0,0,0
37,0,1000,0,0,1000,0,1000,8,8,8,8,0,0,249186,3,249186,3,0,0,0,0,8,8,8,8,0,0,249186,3,249186,3,0,0,0,0,8,8,8,8,0,0,249186,3,249186,3,0,0,0,0,8,8,8,8,0,0,249186,3,249186,3,0,0,0,0,8,8,8,8,0,0,249186,3,249186,3,0,0,0,0,8,8,8,8,0,0,249186,3,249186,3,0,0,0,0
38,0,1000,0,0,1000,0,1000,9,9,9,9,0,0,107762,102,0,0,80290,1,27472,101,9,9,9,9,0,0,107762,102,0,0,80290,1,27472,101,9,9,9,9,0,0,107762,102,0,0,80290,1,27472,101,9,9,9,9,0,0,107762,102,0,0,80290,1,27472,101,9,9,9,9,0,0,107762,102,0,0,80290,1,27472,101,9,9,9,9,0,0,107762,102,0,0,80290,1,27472,101
39,0,1000,0,0,1000,0,1000,9,9,9,9,0,0,0,0,0,0,0,0,0,0,9,9,9,9,0,0,0,0,0,0,0,0,0,0,9,9,9,9,0,0,0,0,0,0,0,0,0,0,9,9,9,9,0,0,0,0,0,0,0,0,0,0,9,9,9,9,0,0,0,0,0,0,0,0,0,0,9,9,9,9,0,0,0,0,0,0,0,0,0,0
40,0,1000,0,0,1000,0,1000,9,9,9,9,0,0,0,0,0,0,0,0,0,0,9,9,9,9,0,0,0,0,0,0,0,0,0,0,9,9,9,9,0,0,0,0,0,0,0,0,0,0,9,9,9,9,0,0,0,0,0,0,0,0,0,0,9,9,9,9,0,0,0,0,0,0,0,0,0,0,9,9,9,9,0,0,0,0,0,0,0,0,0,0
41,0,1000,0,0,1000,0,1000,9,9,9,9,0,0,167342,2,167342,2,0,0,0,0,9,9,9,9,0,0,167342,2,167342,2,0,0,0,0,9,9,9,9,0,0,167342,2,167342,2,0,0,0,0,9,9,9,9,0,0,167342,2,167342,2,0,0,0,0,9,9,9,9,0,0,167342,2,167342,2,0,0,0,0,9,9,9,9,0,0,167342,2,167342,2,0,0,0,0
42,0,1000,0,0,1000,0,1000,10,10,10,10,0,0,109395,108,0,0,80291,1,29104,107,10,10,10,10,0,0,109395,108,0,0,80291,1,29104,107,10,10,10,10,0,0,109395,108,0,0,80291,1,29104,107,10,10,10,10,0,0,109395,108,0,0,80291,1,29104,107,10,10,10,10,0,0,109395,108,0,0,80291,1,29104,107,10,10,10,10,0,0,109395,108,0,0,80291,1,29104,107
43,0,1000,0,0,1000,0,1000,10,10,10,10,0,0,0,0,0,0,0,0,0,0,10,10,10,10,0,0,0,0,0,0,0,0,0,0,10,10,10,10,0,0,0,0,0,0,0,0,0,0,10,10,10,10,0,0,0,0,0,0,0,0,0,0,10,10,10,10,0,0,0,0,0,0,0,0,0,0,10,10,10,10,0,0,0,0,0,0,0,0,0,0
44,0,1000,0,0,1000,0,1000,10,10,10,10,0,0,0,0,0,0,0,0,0,0,10,10,10,10,0,0,0,0,0,0,0,0,0,0,10,10,10,10,0,0,0,0,0,0,0,0,0,0,10,10,10,10,0,0,0,0,0,0,0,0,0,0,10,10,10,10,0,0,0,0,0,0,0,0,0,0,10,10,10,10,0,0,0,0,0,0,0,0,0,0
45,0,1000,0,0,1000,0,1000,10,10,10,10,0,0,419315,5,419315,5,0,0,0,0,10,10,10,10,0,0,419315,5,419315,5,0,0,0,0,10,10,10,10,0,0,419315,5,419315,5,0,0,0,0,10,10,10,10,0,0,419315,5,419315,5,0,0,0,0,10,10,10,10,0,0,419315,5,419315,5,0,0,0,0,10,10,10,10,0,0,419315,5,419315,5,0,0,0,0
46,0,1000,0,0,1000,0,1000,11,11,11,11,0,0,106675,98,0,0,80291,1,26384,97,11,11,11,11,0,0,106675,98,0,0,80291,1,26384,97,11,11,11,11,0,0,106675,98,0,0,80291,1,26384,97,11,11,11,11,0,0,106675,98,0,0,80291,1,26384,97,11,11,11,11,0,0,106675,98,0,0,80291,1,26384,97,11,11,11,11,0,0,106675,98,0,0,80291,1,26384,97
47,0,1000,0,0,1000,0,1000,11,11,11,11,1,1,0,0,0,0,0,0,0,0,11,11,11,11,1,1,0,0,0,0,0,0,0,0,11,11,11,11,1,1,0,0,0,0,0,0,0,0,11,11,11,11,1,1,0,0,0,0,0,0,0,0,11,11,11,11,1,1,0,0,0,0,0,0,0,0,11,11,11,11,1,1,0,0,0,0,0,0,0,0
48,0,1000,0,0,1000,0,1000,11,11,11,11,1,1,0,0,0,0,0,0,0,0,11,11,11,11,1,1,0,0,0,0,0,0,0,0,11,11,11,11,1,1,0,0,0,0,0,0,0,0,11,11,11,11,1,1,0,0,0,0,0,0,0,0,11,11,11,11,1,1,0,0,0,0,0,0,0,0,11,11,11,11,1,1,0,0,0,0,0,0,0,0
49,0,1000,0,0,1000,0,1000,11,11,11,11,1,1,334172,4,334172,4,0,0,0,0,11,11,11,11,1,1,334172,4,334172,4,0,0,0,0,11,11,11,11,1,1,334172,4,334172,4,0,0,0,0,11,11,11,11,1,1,334172,4,334172,4,0,0,0,0,11,11,11,11,1,1,334172,4,334172,4,0,0,0,0,11,11,11,11,1,1,334172,4,334172,4,0,0,0,0
50,0,1000,0,0,1000,0,1000,12,12,12,12,1,1,105587,94,0,0,80291,1,25296,93,12,12,12,12,1,1,105587,94,0,0,80291,1,25296,93,12,12,12,12,1,1,105587,94,0,0,80291,1,25296,93,12,12,12,12,1,1,105587,94,0,0,80291,1,25296,93,12,12,12,12,1,1,105587,94,0,0,80291,1,25296,93,12,12,12,12,1,1,105587,94,0,0,80291,1,25296,93
51,0,1000,0,0,1000,0,1000,12,12,12,12,2,2,0,0,0,0,0,0,0,0,12,12,12,12,2,2,0,0,0,0,0,0,0,0,12,12,12,12,2,2,0,0,0,0,0,0,0,0,12,12,12,12,2,2,0,0,0,0,0,0,0,0,12,12,12,12,2,2,0,0,0,0,0,0,0,0,12,12,12,12,2,2,0,0,0,0,0,0,0,0
52,0,1000,0,0,1000,0,1000,12,12,12,12,2,2,0,0,0,0,0,0,0,0,12,12,12,12,2,2,0,0,0,0,0,0,0,0,12,12,12,12,2,2,0,0,0,0,0,0,0,0,12,12,12,12,2,2,0,0,0,0,0,0,0,0,12,12,12,12,2,2,0,0,0,0,0,0,0,0,12,12,12,12,2,2,0,0,0,0,0,0,0,0
53,0,1000,0,0,1000,0,1000,12,12,12,12,2,2,417075,5,417075,5,0,0,0,0,12,12,12,12,2,2,417075,5,417075,5,0,0,0,0,12,12,12,12,2,2,417075,5,417075,5,0,0,0,0,12,12,12,12,2,2,417075,5,417075,5,0,0,0,0,12,12,12,12,2,2,417075,5,417075,5,0,0,0,0,12,12,12,12,2,2,417075,5,417075,5,0,0,0,0
54,0,1000,0,0,1000,0,1000,13,13,13,13,2,2,103955,88,0,0,80291,1,23664,87,13,13,13,13,2,2,103955,88,0,0,80291,1,23664,87,13,13,13,13,2,2,103955,88,0,0,80291,1,23664,87,13,13,13,13,2,2,103955,88,0,0,80291,1,23664,87,13,13,13,13,2,2,103955,88,0,0,80291,1,23664,87,13,13,13,13,2,2,103955,88,0,0,80291,1,23664,87
55,0,1000,0,0,1000,0,1000,13,13,13,13,3,3,0,0,0,0,0,0,0,0,13,13,13,13,3,3,0,0,0,0,0,0,0,0,13,13,13,13,3,3,0,0,0,0,0,0,0,0,13,13,13,13,3,3,0,0,0,0,0,0,0,0,13,13,13,13,3,3,0,0,0,0,0,0,0,0,13,13,13,13,3,3,0,0,0,0,0,0,0,0
56,0,1000,0,0,1000,0,1000,13,13,13,13,3,3,0,0,0,0,0,0,0,0,13,13,13,13,3,3,0,0,0,0,0,0,0,0,13,13,13,13,3,3,0,0,0,0,0,0,0,0,13,13,13,13,3,3,0,0,0,0,0,0,0,0,13,13,13,13,3,3,0,0,0,0,0,0,0,0,13,13,13,13,3,3,0,0,0,0,0,0,0,0
57,0,1000,0,0,1000,0,1000,13,13,13,13,3,3,166446,2,166446,2,0,0,0,0,13,13,13,13,3,3,166446,2,166446,2,0,0,0,0,13,13,13,13,3,3,166446,2,166446,2,0,0,0,0,13,13,13,13,3,3,166446,2,166446,2,0,0,0,0,13,13,13,13,3,3,166446,2,166446,2,0,0,0,0,13,13,13,13,3,3,166446,2,166446,2,0,0,0,0
58,0,1000,0,0,1000,0,1000,14,14,14,14,3,3,111299,115,0,0,80291,1,31008,114,14,14,14,14,3,3,111299,115,0,0,80291,1,31008,114,14,14,14,14,3,3,111299,115,0,0,80291,1,31008,114,14,14,14,14,3,3,111299,115,0,0,80291,1,31008,114,14,14,14,14,3,3,111299,115,0,0,80291,1,31008,114,14,14,14,14,3,3,111299,115,0,0,80291,1,31008,114
59,0,1000,0,0,1000,0,1000,14,14,14,14,4,4,0,0,0,0,0,0,0,0,14,14,14,14,4,4,0,0,0,0,0,0,0,0,14,14,14,14,4,4,0,0,0,0,0,0,0,0,14,14,14,14,4,4,0,0,0,0,0,0,0,0,14,14,14,14,4,4,0,0,0,0,0,0,0,0,14,14,14,14,4,4,0,0,0,0,0,0,0,0
60,0,1000,0,0,1000,0,1000,14,14,14,14,4,4,0,0,0,0,0,0,0,0,14,14,14,14,4,4,0,0,0,0,0,0,0,0,14,14,14,14,4,4,0,0,0,0,0,0,0,0,14,14,14,14,4,4,0,0,0,0,0,0,0,0,14,14,14,14,4,4,0,0,0,0,0,0,0,0,14,14,14,14,4,4,0,0,0,0,0,0,0,0
61,0,1000,0,0,1000,0,1000,14,14,14,14,4,4,252260,3,252260,3,0,0,0,0,14,14,14,14,4,4,252260,3,252260,3,0,0,0,0,14,14,14,14,4,4,252260,3,252260,3,0,0,0,0,14,14,14,14,4,4,252260,3,252260,3,0,0,0,0,14,14,14,14,4,4,252260,3,252260,3,0,0,0,0,14,14,14,14,4,4,252260,3,252260,3,0,0,0,0
62,0,1000,0,0,1000,0,1000,15,15,15,15,4,4,108307,104,0,0,80291,1,28016,103,15,15,15,15,4,4,108307,104,0,0,80291,1,28016,103,15,15,15,15,4,4,108307,104,0,0,80291,1,28016,103,15,15,15,15,4,4,108307,104,0,0,80291,1,28016,103,15,15,15,15,4,4,108307,104,0,0,80291,1,28016,103,15,15,15,15,4,4,108307,104,0,0,80291,1,28016,103
63,0,1000,0,0,1000,0,1000,15,15,15,15,5,5,0,0,0,0,0,0,0,0,15,15,15,15,5,5,0,0,0,0,0,0,0,0,15,15,15,15,5,5,0,0,0,0,0,0,0,0,15,15,15,15,5,5,0,0,0,0,0,0,0,0,15,15,15,15,5,5,0,0,0,0,0,0,0,0,15,15,15,15,5,5,0,0,0,0,0,0,0,0
64,0,1000,0,0,1000,0,1000,15,15,15,15,5,5,0,0,0,0,0,0,0,0,15,15,15,15,5,5,0,0,0,0,0,0,0,0,15,15,15,15,5,5,0,0,0,0,0,0,0,0,15,15,15,15,5,5,0,0,0,0,0,0,0,0,15,15,15,15,5,5,0,0,0,0,0,0,0,0,15,15,15,15,5,5,0,0,0,0,0,0,0,0
65,0,1000,0,0,1000,0,1000,15,15,15,15,5,5,167470,2,167470,2,0,0,0,0,15,15,15,15,5,5,167470,2,167470,2,0,0,0,0,15,15,15,15,5,5,167470,2,167470,2,0,0,0,0,15,15,15,15,5,5,167470,2,167470,2,0,0,0,0,15,15,15,15,5,5,167470,2,167470,2,0,0,0,0,15,15,15,15,5,5,167470,2,167470,2,0,0,0,0
66,0,1000,0,0,1000,0,1000,16,16,16,16,5,5,108851,106,0,0,80291,1,28560,105,16,16,16,16,5,5,108851,106,0,0,80291,1,28560,105,16,16,16,16,5,5,108851,106,0,0,80291,1,28560,105,16,16,16,16,5,5,108851,106,0,0,80291,1,28560,105,16,16,16,16,5,5,108851,106,0,0,80291,1,28560,105,16,16,16,16,5,5,108851,106,0,0,80291,1,28560,105
67,0,1000,0,0,1000,0,1000,16,16,16,16,6,6,0,0,0,0,0,0,0,0,16,16,16,16,6,6,0,0,0,0,0,0,0,0,16,16,16,16,6,6,0,0,0,0,0,0,0,0,16,16,16,16,6,6,0,0,0,0,0,0,0,0,16,16,16,16,6,6,0,0,0,0,0,0,0,0,16,16,16,16,6,6,0,0,0,0,0,0,0,0
68,0,1000,0,0,1000,0,1000,16,16,16,16,6,6,0,0,0,0,0,0,0,0,16,16,16,16,6,6,0,0,0,0,0,0,0,0,16,16,16,16,6,6,0,0,0,0,0,0,0,0,16,16,16,16,6,6,0,0,0,0,0,0,0,0,16,16,16,16,6,6,0,0,0,0,0,0,0,0,16,16,16,16,6,6,0,0,0,0,0,0,0,0
69,0,1000,0,0,1000,0,1000,16,16,16,16,6,6,167598,2,167598,2,0,0,0,0,16,16,16,16,6,6,167598,2,167598,2,0,0,0,0,16,16,16,16,6,6,167598,2,167598,2,0,0,0,0,16,16,16,16,6,6,167598,2,167598,2,0,0,0,0,16,16,16,16,6,6,167598,2,167598,2,0,0,0,0,16,16,16,16,6,6,167598,2,167598,2,0,0,0,0
70,0,1000,0,0,1000,0,1000,17,17,17,17,6,6,111299,115,0,0,80291,1,31008,114,17,17,17,17,6,6,111299,115,0,0,80291,1,31008,114,17,17,17,17,6,6,111299,115,0,0,80291,1,31008,114,17,17,17,17,6,6,111299,115,0,0,80291,1,31008,114,17,17,17,17,6,6,111299,115,0,0,80291,1,31008,114,17,17,17,17,6,6,111299,115,0,0,80291,1,31008,114
71,0,1000,0,0,1000,0,1000,17,17,17,17,7,7,0,0,0,0,0,0,0,0,17,17,17,17,7,7,0,0,0,0,0,0,0,0,17,17,17,17,7,7,0,0,0,0,0,0,0,0,17,17,17,17,7,7,0,0,0,0,0,0,0,0,17,17,17,17,7,7,0,0,0,0,0,0,0,0,17,17,17,17,7,7,0,0,0,0,0,0,0,0
72,0,1000,0,0,1000,0,1000,17,17,17,17,7,7,0,0,0,0,0,0,0,0,17,17,17,17,7,7,0,0,0,0,0,0,0,0,17,17,17,17,7,7,0,0,0,0,0,0,0,0,17,17,17,17,7,7,0,0,0,0,0,0,0,0,17,17,17,17,7,7,0,0,0,0,0,0,0,0,17,17,17,17,7,7,0,0,0,0,0,0,0,0
73,0,1000,0,0,1000,0,1000,17,17,17,17,7,7,84087,1,84087,1,0,0,0,0,17,17,17,17,7,7,84087,1,84087,1,0,0,0,0,17,17,17,17,7,7,84087,1,84087,1,0,0,0,0,17,17,17,17,7,7,84087,1,84087,1,0,0,0,0,17,17,17,17,7,7,84087,1,84087,1,0,0,0,0,17,17,17,17,7,7,84087,1,84087,1,0,0,0,0
74,0,1000,0,0,1000,0,1000,18,18,18,18,7,7,106947,99,0,0,80291,1,26656,98,18,18,18,18,7,7,106947,99,0,0,80291,1,26656,98,18,18,18,18,7,7,106947,99,0,0,80291,1,26656,98,18,18,18,18,7,7,106947,99,0,0,80291,1,26656,98,18,18,18,18,7,7,106947,99,0,0,80291,1,26656,98,18,18,18,18,7,7,106947,99,0,0,80291,1,26656,98
75,0,1000,0,0,1000,0,1000,18,18,18,18,8,8,0,0,0,0,0,0,0,0,18,18,18,18,8,8,0,0,0,0,0,0,0,0,18,18,18,18,8,8,0,0,0,0,0,0,0,0,18,18,18,18,8,8,0,0,0,0,0,0,0,0,18,18,18,18,8,8,0,0,0,0,0,0,0,0,18,18,18,18,8,8,0,0,0,0,0,0,0,0
76,0,1000,0,0,1000,0,1000,18,18,18,18,8,8,0,0,0,0,0,0,0,0,18,18,18,18,8,8,0,0,0,0,0,0,0,0,18,18,18,18,8,8,0,0,0,0,0,0,0,0,18,18,18,18,8,8,0,0,0,0,0,0,0,0,18,18,18,18,8,8,0,0,0,0,0,0,0,0,18,18,18,18,8,8,0,0,0,0,0,0,0,0
77,0,1000,0,0,1000,0,1000,18,18,18,18,8,8,334300,4,334300,4,0,0,0,0,18,18,18,18,8,8,334300,4,334300,4,0,0,0,0,18,18,18,18,8,8,334300,4,334300,4,0,0,0,0,18,18,18,18,8,8,334300,4,334300,4,0,0,0,0,18,18,18,18,8,8,334300,4,334300,4,0,0,0,0,18,18,18,18,8,8,334300,4,334300,4,0,0,0,0
78,0,1000,0,0,1000,0,1000,19,19,19,19,8,8,110755,113,0,0,80291,1,30464,112,19,19,19,19,8,8,110755,113,0,0,80291,1,30464,112,19,19,19,19,8,8,110755,113,0,0,80291,1,30464,112,19,19,19,19,8,8,110755,113,0,0,80291,1,30464,112,19,19,19,19,8,8,110755,113,0,0,80291,1,30464,112,19,19,19,19,8,8,110755,113,0,0,80291,1,30464,112
79,0,1000,0,0,1000,0,1000,19,19,19,19,9,9,0,0,0,0,0,0,0,0,19,19,19,19,9,9,0,0,0,0,0,0,0,0,19,19,19,19,9,9,0,0,0,0,0,0,0,0,19,19,19,19,9,9,0,0,0,0,0,0,0,0,19,19,19,19,9,9,0,0,0,0,0,0,0,0,19,19,19,19,9,9,0,0,0,0,0,0,0,0
80,0,1000,0,0,1000,0,1000,19,19,19,19,9,9,0,0,0,0,0,0,0,0,19,19,19,19,9,9,0,0,0,0,0,0,0,0,19,19,19,19,9,9,0,0,0,0,0,0,0,0,19,19,19,19,9,9,0,0,0,0,0,0,0,0,19,19,19,19,9,9,0,0,0,0,0,0,0,0,19,19,19,19,9,9,0,0,0,0,0,0,0,0
81,0,1000,0,0,1000,0,1000,19,19,19,19,9,9,252069,3,252069,3,0,0,0,0,19,19,19,19,9,9,252069,3,252069,3,0,0,0,0,19,19,19,19,9,9,252069,3,252069,3,0,0,0,0,19,19,19,19,9,9,252069,3,252069,3,0,0,0,0,19,19,19,19,9,9,252069,3,252069,3,0,0,0,0,19,19,19,19,9,9,252069,3,252069,3,0,0,0,0
82,0,1000,0,0,1000,0,1000,20,20,20,20,9,9,106403,97,0,0,80291,1,26112,96,20,20,20,20,9,9,106403,97,0,0,80291,1,26112,96,20,20,20,20,9,9,106403,97,0,0,80291,1,26112,96,20,20,20,20,9,9,106403,97,0,0,80291,1,26112,96,20,20,20,20,9,9,106403,97,0,0,80291,1,26112,96,20,20,20,20,9,9,106403,97,0,0,80291,1,26112,96
83,0,1000,0,0,1000,0,1000,20,20,20,20,10,10,0,0,0,0,0,0,0,0,20,20,20,20,10,10,0,0,0,0,0,0,0,0,20,20,20,20,10,10,0,0,0,0,0,0,0,0,20,20,20,20,10,10,0,0,0,0,0,0,0,0,20,20,20,20,10,10,0,0,0,0,0,0,0,0,20,20,20,20,10,10,0,0,0,0,0,0,0,0
84,0,1000,0,0,1000,0,1000,20,20,20,20,10,10,0,0,0,0,0,0,0,0,20,20,20,20,10,10,0,0,0,0,0,0,0,0,20,20,20,20,10,10,0,0,0,0,0,0,0,0,20,20,20,20,10,10,0,0,0,0,0,0,0,0,20,20,20,20,10,10,0,0,0,0,0,0,0,0,20,20,20,20,10,10,0,0,0,0,0,0,0,0
85,0,1000,0,0,1000,0,1000,20,20,20,20,10,10,83511,1,83511,1,0,0,0,0,20,20,20,20,10,10,83511,1,83511,1,0,0,0,0,20,20,20,20,10,10,83511,1,83511,1,0,0,0,0,20,20,20,20,10,10,83511,1,83511,1,0,0,0,0,20,20,20,20,10,10,83511,1,83511,1,0,0,0,0,20,20,20,20,10,10,83511,1,83511,1,0,0,0,0
86,0,1000,0,0,1000,0,1000,21,21,21,21,10,10,106403,97,0,0,80291,1,26112,96,21,21,21,21,10,10,106403,97,0,0,80291,1,26112,96,21,21,21,21,10,10,106403,97,0,0,80291,1,26112,96,21,21,21,21,10,10,106403,97,0,0,80291,1,26112,96,21,21,21,21,10,10,106403,97,0,0,80291,1,26112,96,21,21,21,21,10,10,106403,97,0,0,80291,1,26112,96
87,0,1000,0,0,1000,0,1000,21,21,21,21,11,11,0,0,0,0,0,0,0,0,21,21,21,21,11,11,0,0,0,0,0,0,0,0,21,21,21,21,11,11,0,0,0,0,0,0,0,0,21,21,21,21,11,11,0,0,0,0,0,0,0,0,21,21,21,21,11,11,0,0,0,0,0,0,0,0,21,21,21,21,11,11,0,0,0,0,0,0,0,0
88,0,1000,0,0,1000,0,1000,21,21,21,21,11,11,0,0,0,0,0,0,0,0,21,21,21,21,11,11,0,0,0,0,0,0,0,0,21,21,21,21,11,11,0,0,0,0,0,0,0,0,21,21,21,21,11,11,0,0,0,0,0,0,0,0,21,21,21,21,11,11,0,0,0,0,0,0,0,0,21,21,21,21,11,11,0,0,0,0,0,0,0,0
89,0,1000,0,0,1000,0,1000,21,21,21,21,11,11,167022,2,167022,2,0,0,0,0,21,21,21,21,11,11,167022,2,167022,2,0,0,0,0,21,21,21,21,11,11,167022,2,167022,2,0,0,0,0,21,21,21,21,11,11,167022,2,167022,2,0,0,0,0,21,21,21,21,11,11,167022,2,167022,2,0,0,0,0,21,21,21,21,11,11,167022,2,167022,2,0,0,0,0
90,0,1000,0,0,1000,0,1000,22,22,22,22,11,11,103411,86,0,0,80291,1,23120,85,22,22,22,22,11,11,103411,86,0,0,80291,1,23120,85,22,22,22,22,11,11,103411,86,0,0,80291,1,23120,85,22,22,22,22,11,11,103411,86,0,0,80291,1,23120,85,22,22,22,22,11,11,103411,86,0,0,80291,1,23120,85,22,22,22,22,11,11,103411,86,0,0,80291,1,23120,85
91,0,1000,0,0,1000,0,1000,22,22,22,22,12,12,0,0,0,0,0,0,0,0,22,22,22,22,12,12,0,0,0,0,0,0,0,0,22,22,22,22,12,12,0,0,0,0,0,0,0,0,22,22,22,22,12,12,0,0,0,0,0,0,0,0,22,22,22,22,12,12,0,0,0,0,0,0,0,0,22,22,22,22,12,12,0,0,0,0,0,0,0,0
92,0,1000,0,0,1000,0,1000,22,22,22,22,12,12,0,0,0,0,0,0,0,0,22,22,22,22,12,12,0,0,0,0,0,0,0,0,22,22,22,22,12,12,0,0,0,0,0,0,0,0,22,22,22,22,12,12,0,0,0,0,0,0,0,0,22,22,22,22,12,12,0,0,0,0,0,0,0,0,22,22,22,22,12,12,0,0,0,0,0,0,0,0
93,0,1000,0,0,1000,0,1000,22,22,22,22,12,12,166317,2,166317,2,0,0,0,0,22,22,22,22,12,12,166317,2,166317,2,0,0,0,0,22,22,22,22,12,12,166317,2,166317,2,0,0,0,0,22,22,22,22,12,12,166317,2,166317,2,0,0,0,0,22,22,22,22,12,12,166317,2,166317,2,0,0,0,0,22,22,22,22,12,12,166317,2,166317,2,0,0,0,0
94,0,1000,0,0,1000,0,1000,23,23,23,23,12,12,106402,97,0,0,80290,1,26112,96,23,23,23,23,12,12,106402,97,0,0,80290,1,26112,96,23,23,23,23,12,12,106402,97,0,0,80290,1,26112,96,23,23,23,23,12,12,106402,97,0,0,80290,1,26112,96,23,23,23,23,12,12,106402,97,0,0,80290,1,26112,96,23,23,23,23,12,12,106402,97,0,0,80290,1,26112,96
95,0,1000,0,0,1000,0,1000,23,23,23,23,13,13,0,0,0,0,0,0,0,0,23,23,23,23,13,13,0,0,0,0,0,0,0,0,23,23,23,23,13,13,0,0,0,0,0,0,0,0,23,23,23,23,13,13,0,0,0,0,0,0,0,0,23,23,23,23,13,13,0,0,0,0,0,0,0,0,23,23,23,23,13,13,0,0,0,0,0,0,0,0
96,0,1000,0,0,1000,0,1000,23,23,23,23,13,13,0,0,0,0,0,0,0,0,23,23,23,23,13,13,0,0,0,0,0,0,0,0,23,23,23,23,13,13,0,0,0,0,0,0,0,0,23,23,23,23,13,13,0,0,0,0,0,0,0,0,23,23,23,23,13,13,0,0,0,0,0,0,0,0,23,23,23,23,13,13,0,0,0,0,0,0,0,0
97,0,1000,0,0,1000,0,1000,23,23,23,23,13,13,167021,2,167021,2,0,0,0,0,23,23,23,23,13,13,167021,2,167021,2,0,0,0,0,23,23,23,23,13,13,167021,2,167021,2,0,0,0,0,23,23,23,23,13,13,167021,2,167021,2,0,0,0,0,23,23,23,23,13,13,167021,2,167021,2,0,0,0,0,23,23,23,23,13,13,167021,2,167021,2,0,0,0,0
98,0,1000,0,0,1000,0,1000,24,24,24,24,13,13,106131,96,0,0,80291,1,25840,95,24,24,24,24,13,13,106131,96,0,0,80291,1,25840,95,24,24,24,24,13,13,106131,96,0,0,80291,1,25840,95,24,24,24,24,13,13,106131,96,0,0,80291,1,25840,95,24,24,24,24,13,13,106131,96,0,0,80291,1,25840,95,24,24,24,24,13,13,106131,96,0,0,80291,1,25840,95
99,0,1000,0,0,1000,0,1000,24,24,24,24,14,14,0,0,0,0,0,0,0,0,24,24,24,24,14,14,0,0,0,0,0,0,0,0,24,24,24,24,14,14,0,0,0,0,0,0,0,0,24,24,24,24,14,14,0,0,0,0,0,0,0,0,24,24,24,24,14,14,0,0,0,0,0,0,0,0,24,24,24,24,14,14,0,0,0,0,0,0,0,0
100,0,1000,0,0,1000,0,1000,24,24,24,24,14,14,0,0,0,0,0,0,0,0,24,24,24,24,14,14,0,0,0,0,0,0,0,0,24,24,24,24,14,14,0,0,0,0,0,0,0,0,24,24,24,24,14,14,0,0,0,0,0,0,0,0,24,24,24,24,14,14,0,0,0,0,0,0,0,0,24,24,24,24,14,14,0,0,0,0,0,0,0,0
101,0,1000,0,0,1000,0,1000,24,24,24,24,14,14,83479,1,83479,1,0,0,0,0,24,24,24,24,14,14,83479,1,83479,1,0,0,0,0,24,24,24,24,14,14,83479,1,83479,1,0,0,0,0,24,24,24,24,14,14,83479,1,83479,1,0,0,0,0,24,24,24,24,14,14,83479,1,83479,1,0,0,0,0,24,24,24,24,14,14,83479,1,83479,1,0,0,0,0
102,0,1000,0,0,1000,0,1000,25,25,25,25,14,14,112931,121,0,0,80291,1,32640,120,25,25,25,25,14,14,112931,121,0,0,80291,1,32640,120,25,25,25,25,14,14,112931,121,0,0,80291,1,32640,120,25,25,25,25,14,14,112931,121,0,0,80291,1,32640,120,25,25,25,25,14,14,112931,121,0,0,80291,1,32640,120,25,25,25,25,14,14,112931,121,0,0,80291,1,32640,120
103,0,1000,0,0,1000,0,1000,25,25,25,25,15,15,0,0,0,0,0,0,0,0,25,25,25,25,15,15,0,0,0,0,0,0,0,0,25,25,25,25,15,15,0,0,0,0,0,0,0,0,25,25,25,25,15,15,0,0,0,0,0,0,0,0,25,25,25,25,15,15,0,0,0,0,0,0,0,0,25,25,25,25,15,15,0,0,0,0,0,0,0,0
104,0,1000,0,0,1000,0,1000,25,25,25,25,15,15,0,0,0,0,0,0,0,0,25,25,25,25,15,15,0,0,0,0,0,0,0,0,25,25,25,25,15,15,0,0,0,0,0,0,0,0,25,25,25,25,15,15,0,0,0,0,0,0,0,0,25,25,25,25,15,15,0,0,0,0,0,0,0,0,25,25,25,25,15,15,0,0,0,0,0,0,0,0
105,0,1000,0,0,1000,0,1000,25,25,25,25,15,15,337116,4,337116,4,0,0,0,0,25,25,25,25,15,15,337116,4,337116,4,0,0,0,0,25,25,25,25,15,15,337116,4,337116,4,0,0,0,0,25,25,25,25,15,15,337116,4,337116,4,0,0,0,0,25,25,25,25,15,15,337116,4,337116,4,0,0,0,0,25,25,25,25,15,15,337116,4,337116,4,0,0,0,0
106,0,1000,0,0,1000,0,1000,26,26,26,26,15,15,106403,97,0,0,80291,1,26112,96,26,26,26,26,15,15,106403,97,0,0,80291,1,26112,96,26,26,26,26,15,15,106403,97,0,0,80291,1,26112,96,26,26,26,26,15,15,106403,97,0,0,80291,1,26112,96,26,26,26,26,15,15,106403,97,0,0,80291,1,26112,96,26,26,26,26,15,15,106403,97,0,0,80291,1,26112,96
107,0,1000,0,0,1000,0,1000,26,26,26,26,16,16,0,0,0,0,0,0,0,0,26,26,26,26,16,16,0,0,0,0,0,0,0,0,26,26,26,26,16,16,0,0,0,0,0,0,0,0,26,26,26,26,16,16,0,0,0,0,0,0,0,0,26,26,26,26,16,16,0,0,0,0,0,0,0,0,26,26,26,26,16,16,0,0,0,0,0,0,0,0
108,0,1000,0,0,1000,0,1000,26,26,26,26,16,16,0,0,0,0,0,0,0,0,26,26,26,26,16,16,0,0,0,0,0,0,0,0,26,26,26,26,16,16,0,0,0,0,0,0,0,0,26,26,26,26,16,16,0,0,0,0,0,0,0,0,26,26,26,26,16,16,0,0,0,0,0,0,0,0,26,26,26,26,16,16,0,0,0,0,0,0,0,0
109,0,1000,0,0,1000,0,1000,26,26,26,26,16,16,83511,1,83511,1,0,0,0,0,26,26,26,26,16,16,83511,1,83511,1,0,0,0,0,26,26,26,26,16,16,83511,1,83511,1,0,0,0,0,26,26,26,26,16,16,83511,1,83511,1,0,0,0,0,26,26,26,26,16,16,83511,1,83511,1,0,0,0,0,26,26,26,26,16,16,83511,1,83511,1,0,0,0,0
110,0,1000,0,0,1000,0,1000,27,27,27,27,16,16,104771,91,0,0,80291,1,24480,90,27,27,27,27,16,16,104771,91,0,0,80291,1,24480,90,27,27,27,27,16,16,104771,91,0,0,80291,1,24480,90,27,27,27,27,16,16,104771,91,0,0,80291,1,24480,90,27,27,27,27,16,16,104771,91,0,0,80291,1,24480,90,27,27,27,27,16,16,104771,91,0,0,80291,1,24480,90
111,0,1000,0,0,1000,0,1000,27,27,27,27,17,17,0,0,0,0,0,0,0,0,27,27,27,27,17,17,0,0,0,0,0,0,0,0,27,27,27,27,17,17,0,0,0,0,0,0,0,0,27,27,27,27,17,17,0,0,0,0,0,0,0,0,27,27,27,27,17,17,0,0,0,0,0,0,0,0,27,27,27,27,17,17,0,0,0,0,0,0,0,0
112,0,1000,0,0,1000,0,1000,27,27,27,27,17,17,0,0,0,0,0,0,0,0,27,27,27,27,17,17,0,0,0,0,0,0,0,0,27,27,27,27,17,17,0,0,0,0,0,0,0,0,27,27,27,27,17,17,0,0,0,0,0,0,0,0,27,27,27,27,17,17,0,0,0,0,0,0,0,0,27,27,27,27,17,17,0,0,0,0,0,0,0,0
113,0,1000,0,0,1000,0,1000,27,27,27,27,17,17,0,0,0,0,0,0,0,0,27,27,27,27,17,17,0,0,0,0,0,0,0,0,27,27,27,27,17,17,0,0,0,0,0,0,0,0,27,27,27,27,17,17,0,0,0,0,0,0,0,0,27,27,27,27,17,17,0,0,0,0,0,0,0,0,27,27,27,27,17,17,0,0,0,0,0,0,0,0
114,0,1000,0,0,1000,0,1000,27,27,27,27,17,17,30464,112,0,0,0,0,30464,112,27,27,27,27,17,17,30464,112,0,0,0,0,30464,112,27,27,27,27,17,17,30464,112,0,0,0,0,30464,112,27,27,27,27,17,17,30464,112,0,0,0,0,30464,112,27,27,27,27,17,17,30464,112,0,0,0,0,30464,112,27,27,27,27,17,17,30464,112,0,0,0,0,30464,112
115,0,1000,0,0,1000,0,1000,27,27,27,27,18,18,0,0,0,0,0,0,0,0,27,27,27,27,18,18,0,0,0,0,0,0,0,0,27,27,27,27,18,18,0,0,0,0,0,0,0,0,27,27,27,27,18,18,0,0,0,0,0,0,0,0,27,27,27,27,18,18,0,0,0,0,0,0,0,0,27,27,27,27,18,18,0,0,0,0,0,0,0,0
116,0,1000,0,0,1000,0,1000,27,27,27,27,18,18,0,0,0,0,0,0,0,0,27,27,27,27,18,18,0,0,0,0,0,0,0,0,27,27,27,27,18,18,0,0,0,0,0,0,0,0,27,27,27,27,18,18,0,0,0,0,0,0,0,0,27,27,27,27,18,18,0,0,0,0,0,0,0,0,27,27,27,27,18,18,0,0,0,0,0,0,0,0
117,0,1000,0,0,1000,0,1000,27,27,27,27,18,18,420115,5,420115,5,0,0,0,0,27,27,27,27,18,18,420115,5,420115,5,0,0,0,0,27,27,27,27,18,18,420115,5,420115,5,0,0,0,0,27,27,27,27,18,18,420115,5,420115,5,0,0,0,0,27,27,27,27,18,18,420115,5,420115,5,0,0,0,0,27,27,27,27,18,18,420115,5,420115,5,0,0,0,0
118,0,1000,0,0,1000,0,1000,28,29,28,29,18,18,108307,104,0,0,80291,1,28016,103,28,29,28,29,18,18,108307,104,0,0,80291,1,28016,103,28,29,28,29,18,18,108307,104,0,0,80291,1,28016,103,28,29,28,29,18,18,108307,104,0,0,80291,1,28016,103,28,29,28,29,18,18,108307,104,0,0,80291,1,28016,103,28,29,28,29,18,18,108307,104,0,0,80291,1,28016,103
119,0,1000,0,0,1000,0,1000,28,29,28,29,19,19,0,0,0,0,0,0,0,0,28,29,28,29,19,19,0,0,0,0,0,0,0,0,28,29,28,29,19,19,0,0,0,0,0,0,0,0,28,29,28,29,19,19,0,0,0,0,0,0,0,0,28,29,28,29,19,19,0,0,0,0,0,0,0,0,28,29,28,29,19,19,0,0,0,0,0,0,0,0
120,0,1000,0,0,1000,0,1000,28,29,28,29,19,19,0,0,0,0,0,0,0,0,28,29,28,29,19,19,0,0,0,0,0,0,0,0,28,29,28,29,19,19,0,0,0,0,0,0,0,0,28,29,28,29,19,19,0,0,0,0,0,0,0,0,28,29,28,29,19,19,0,0,0,0,0,0,0,0,28,29,28,29,19,19,0,0,0,0,0,0,0,0
121,0,1000,0,0,1000,0,1000,28,29,28,29,19,19,83735,1,83735,1,0,0,0,0,28,29,28,29,19,19,83735,1,83735,1,0,0,0,0,28,29,28,29,19,19,83735,1,83735,1,0,0,0,0,28,29,28,29,19,19,83735,1,83735,1,0,0,0,0,28,29,28,29,19,19,83735,1,83735,1,0,0,0,0,28,29,28,29,19,19,83735,1,83735,1,0,0,0,0
122,0,1000,0,0,1000,0,1000,29,30,29,30,19,19,106947,99,0,0,80291,1,26656,98,29,30,29,30,19,19,106947,99,0,0,80291,1,26656,98,29,30,29,30,19,19,106947,99,0,0,80291,1,26656,98,29,30,29,30,19,19,106947,99,0,0,80291,1,26656,98,29,30,29,30,19,19,106947,99,0,0,80291,1,26656,98,29,30,29,30,19,19,106947,99,0,0,80291,1,26656,98
123,0,1000,0,0,1000,0,1000,29,30,29,30,20,20,0,0,0,0,0,0,0,0,29,30,29,30,20,20,0,0,0,0,0,0,0,0,29,30,29,30,20,20,0,0,0,0,0,0,0,0,29,30,29,30,20,20,0,0,0,0,0,0,0,0,29,30,29,30,20,20,0,0,0,0,0,0,0,0,29,30,29,30,20,20,0,0,0,0,0,0,0,0
124,0,1000,0,0,1000,0,1000,29,30,29,30,20,20,0,0,0,0,0,0,0,0,29,30,29,30,20,20,0,0,0,0,0,0,0,0,29,30,29,30,20,20,0,0,0,0,0,0,0,0,29,30,29,30,20,20,0,0,0,0,0,0,0,0,29,30,29,30,20,20,0,0,0,0,0,0,0,0,29,30,29,30,20,20,0,0,0,0,0,0,0,0
125,0,1000,0,0,1000,0,1000,29,30,29,30,20,20,250725,3,250725,3,0,0,0,0,29,30,29,30,20,20,250725,3,250725,3,0,0,0,0,29,30,29,30,20,20,250725,3,250725,3,0,0,0,0,29,30,29,30,20,20,250725,3,250725,3,0,0,0,0,29,30,29,30,20,20,250725,3,250725,3,0,0,0,0,29,30,29,30,20,20,250725,3,250725,3,0,0,0,0
126,0,1000,0,0,1000,0,1000,30,31,30,31,20,20,108851,106,0,0,80291,1,28560,105,30,31,30,31,20,20,108851,106,0,0,80291,1,28560,105,30,31,30,31,20,20,108851,106,0,0,80291,1,28560,105,30,31,30,31,20,20,108851,106,0,0,80291,1,28560,105,30,31,30,31,20,20,108851,106,0,0,80291,1,28560,105,30,31,30,31,20,20,108851,106,0,0,80291,1,28560,105
127,0,1000,0,0,1000,0,1000,30,31,30,31,21,21,0,0,0,0,0,0,0,0,30,31,30,31,21,21,0,0,0,0,0,0,0,0,30,31,30,31,21,21,0,0,0,0,0,0,0,0,30,31,30,31,21,21,0,0,0,0,0,0,0,0,30,31,30,31,21,21,0,0,0,0,0,0,0,0,30,31,30,31,21,21,0,0,0,0,0,0,0,0
128,0,1000,0,0,1000,0,1000,30,31,30,31,21,21,0,0,0,0,0,0,0,0,30,31,30,31,21,21,0,0,0,0,0,0,0,0,30,31,30,31,21,21,0,0,0,0,0,0,0,0,30,31,30,31,21,21,0,0,0,0,0,0,0,0,30,31,30,31,21,21,0,0,0,0,0,0,0,0,30,31,30,31,21,21,0,0,0,0,0,0,0,0
129,0,1000,0,0,1000,0,1000,30,31,30,31,21,21,167598,2,167598,2,0,0,0,0,30,31,30,31,21,21,167598,2,167598,2,0,0,0,0,30,31,30,31,21,21,167598,2,167598,2,0,0,0,0,30,31,30,31,21,21,167598,2,167598,2,0,0,0,0,30,31,30,31,21,21,167598,2,167598,2,0,0,0,0,30,31,30,31,21,21,167598,2,167598,2,0,0,0,0
130,0,1000,0,0,1000,0,1000,31,32,31,32,21,21,108307,104,0,0,80291,1,28016,103,31,32,31,32,21,21,108307,104,0,0,80291,1,28016,103,31,32,31,32,21,21,108307,104,0,0,80291,1,28016,103,31,32,31,32,21,21,108307,104,0,0,80291,1,28016,103,31,32,31,32,21,21,108307,104,0,0,80291,1,28016,103,31,32,31,32,21,21,108307,104,0,0,80291,1,28016,103
131,0,1000,0,0,1000,0,1000,31,32,31,32,22,22,0,0,0,0,0,0,0,0,31,32,31,32,22,22,0,0,0,0,0,0,0,0,31,32,31,32,22,22,0,0,0,0,0,0,0,0,31,32,31,32,22,22,0,0,0,0,0,0,0,0,31,32,31,32,22,22,0,0,0,0,0,0,0,0,31,32,31,32,22,22,0,0,0,0,0,0,0,0
132,0,1000,0,0,1000,0,1000,31,32,31,32,22,22,0,0,0,0,0,0,0,0,31,32,31,32,22,22,0,0,0,0,0,0,0,0,31,32,31,32,22,22,0,0,0,0,0,0,0,0,31,32,31,32,22,22,0,0,0,0,0,0,0,0,31,32,31,32,22,22,0,0,0,0,0,0,0,0,31,32,31,32,22,22,0,0,0,0,0,0,0,0
133,0,1000,0,0,1000,0,1000,31,32,31,32,22,22,83735,1,83735,1,0,0,0,0,31,32,31,32,22,22,83735,1,83735,1,0,0,0,0,31,32,31,32,22,22,83735,1,83735,1,0,0,0,0,31,32,31,32,22,22,83735,1,83735,1,0,0,0,0,31,32,31,32,22,22,83735,1,83735,1,0,0,0,0,31,32,31,32,22,22,83735,1,83735,1,0,0,0,0
134,0,1000,0,0,1000,0,1000,32,33,32,33,22,22,110483,112,0,0,80291,1,30192,111,32,33,32,33,22,22,110483,112,0,0,80291,1,30192,111,32,33,32,33,22,22,110483,112,0,0,80291,1,30192,111,32,33,32,33,22,22,110483,112,0,0,80291,1,30192,111,32,33,32,33,22,22,110483,112,0,0,80291,1,30192,111,32,33,32,33,22,22,110483,112,0,0,80291,1,30192,111
135,0,1000,0,0,1000,0,1000,32,33,32,33,23,23,0,0,0,0,0,0,0,0,32,33,32,33,23,23,0,0,0,0,0,0,0,0,32,33,32,33,23,23,0,0,0,0,0,0,0,0,32,33,32,33,23,23,0,0,0,0,0,0,0,0,32,33,32,33,23,23,0,0,0,0,0,0,0,0,32,33,32,33,23,23,0,0,0,0,0,0,0,0
136,0,1000,0,0,1000,0,1000,32,33,32,33,23,23,0,0,0,0,0,0,0,0,32,33,32,33,23,23,0,0,0,0,0,0,0,0,32,33,32,33,23,23,0,0,0,0,0,0,0,0,32,33,32,33,23,23,0,0,0,0,0,0,0,0,32,33,32,33,23,23,0,0,0,0,0,0,0,0,32,33,32,33,23,23,0,0,0,0,0,0,0,0
137,0,1000,0,0,1000,0,1000,32,33,32,33,23,23,251973,3,251973,3,0,0,0,0,32,33,32,33,23,23,251973,3,251973,3,0,0,0,0,32,33,32,33,23,23,251973,3,251973,3,0,0,0,0,32,33,32,33,23,23,251973,3,251973,3,0,0,0,0,32,33,32,33,23,23,251973,3,251973,3,0,0,0,0,32,33,32,33,23,23,251973,3,251973,3,0,0,0,0
138,0,1000,0,0,1000,0,1000,33,34,33,34,23,23,104771,91,0,0,80291,1,24480,90,33,34,33,34,23,23,104771,91,0,0,80291,1,24480,90,33,34,33,34,23,23,104771,91,0,0,80291,1,24480,90,33,34,33,34,23,23,104771,91,0,0,80291,1,24480,90,33,34,33,34,23,23,104771,91,0,0,80291,1,24480,90,33,34,33,34,23,23,104771,91,0,0,80291,1,24480,90
139,0,1000,0,0,1000,0,1000,33,34,33,34,24,24,0,0,0,0,0,0,0,0,33,34,33,34,24,24,0,0,0,0,0,0,0,0,33,34,33,34,24,24,0,0,0,0,0,0,0,0,33,34,33,34,24,24,0,0,0,0,0,0,0,0,33,34,33,34,24,24,0,0,0,0,0,0,0,0,33,34,33,34,24,24,0,0,0,0,0,0,0,0
140,0,1000,0,0,1000,0,1000,33,34,33,34,24,24,0,0,0,0,0,0,0,0,33,34,33,34,24,24,0,0,0,0,0,0,0,0,33,34,33,34,24,24,0,0,0,0,0,0,0,0,33,34,33,34,24,24,0,0,0,0,0,0,0,0,33,34,33,34,24,24,0,0,0,0,0,0,0,0,33,34,33,34,24,24,0,0,0,0,0,0,0,0
141,0,1000,0,0,1000,0,1000,33,34,33,34,24,24,83319,1,83319,1,0,0,0,0,33,34,33,34,24,24,83319,1,83319,1,0,0,0,0,33,34,33,34,24,24,83319,1,83319,1,0,0,0,0,33,34,33,34,24,24,83319,1,83319,1,0,0,0,0,33,34,33,34,24,24,83319,1,83319,1,0,0,0,0,33,34,33,34,24,24,83319,1,83319,1,0,0,0,0
142,0,1000,0,0,1000,0,1000,34,35,34,35,24,24,110483,112,0,0,80291,1,30192,111,34,35,34,35,24,24,110483,112,0,0,80291,1,30192,111,34,35,34,35,24,24,110483,112,0,0,80291,1,30192,111,34,35,34,35,24,24,110483,112,0,0,80291,1,30192,111,34,35,34,35,24,24,110483,112,0,0,80291,1,30192,111,34,35,34,35,24,24,110483,112,0,0,80291,1,30192,111
143,0,1000,0,0,1000,0,1000,34,35,34,35,25,25,0,0,0,0,0,0,0,0,34,35,34,35,25,25,0,0,0,0,0,0,0,0,34,35,34,35,25,25,0,0,0,0,0,0,0,0,34,35,34,35,25,25,0,0,0,0,0,0,0,0,34,35,34,35,25,25,0,0,0,0,0,0,0,0,34,35,34,35,25,25,0,0,0,0,0,0,0,0
144,0,1000,0,0,1000,0,1000,34,35,34,35,25,25,0,0,0,0,0,0,0,0,34,35,34,35,25,25,0,0,0,0,0,0,0,0,34,35,34,35,25,25,0,0,0,0,0,0,0,0,34,35,34,35,25,25,0,0,0,0,0,0,0,0,34,35,34,35,25,25,0,0,0,0,0,0,0,0,34,35,34,35,25,25,0,0,0,0,0,0,0,0
145,0,1000,0,0,1000,0,1000,34,35,34,35,25,25,335964,4,335964,4,0,0,0,0,34,35,34,35,25,25,335964,4,335964,4,0,0,0,0,34,35,34,35,25,25,335964,4,335964,4,0,0,0,0,34,35,34,35,25,25,335964,4,335964,4,0,0,0,0,34,35,34,35,25,25,335964,4,335964,4,0,0,0,0,34,35,34,35,25,25,335964,4,335964,4,0,0,0,0
146,0,1000,0,0,1000,0,1000,35,36,35,36,25,25,107763,102,0,0,80291,1,27472,101,35,36,35,36,25,25,107763,102,0,0,80291,1,27472,101,35,36,35,36,25,25,107763,102,0,0,80291,1,27472,101,35,36,35,36,25,25,107763,102,0,0,80291,1,27472,101,35,36,35,36,25,25,107763,102,0,0,80291,1,27472,101,35,36,35,36,25,25,107763,102,0,0,80291,1,27472,101
147,0,1000,0,0,1000,0,1000,35,36,35,36,26,26,0,0,0,0,0,0,0,0,35,36,35,36,26,26,0,0,0,0,0,0,0,0,35,36,35,36,26,26,0,0,0,0,0,0,0,0,35,36,35,36,26,26,0,0,0,0,0,0,0,0,35,36,35,36,26,26,0,0,0,0,0,0,0,0,35,36,35,36,26,26,0,0,0,0,0,0,0,0
148,0,1000,0,0,1000,0,1000,35,36,35,36,26,26,0,0,0,0,0,0,0,0,35,36,35,36,26,26,0,0,0,0,0,0,0,0,35,36,35,36,26,26,0,0,0,0,0,0,0,0,35,36,35,36,26,26,0,0,0,0,0,0,0,0,35,36,35,36,26,26,0,0,0,0,0,0,0,0,35,36,35,36,26,26,0,0,0,0,0,0,0,0
149,0,1000,0,0,1000,0,1000,35,36,35,36,26,26,251012,3,251012,3,0,0,0,0,35,36,35,36,26,26,251012,3,251012,3,0,0,0,0,35,36,35,36,26,26,251012,3,251012,3,0,0,0,0,35,36,35,36,26,26,251012,3,251012,3,0,0,0,0,35,36,35,36,26,26,251012,3,251012,3,0,0,0,0,35,36,35,36,26,26,251012,3,251012,3,0,0,0,0
150,0,1000,0,0,1000,0,1000,36,37,36,37,26,26,107763,102,0,0,80291,1,27472,101,36,37,36,37,26,26,107763,102,0,0,80291,1,27472,101,36,37,36,37,26,26,107763,102,0,0,80291,1,27472,101,36,37,36,37,26,26,107763,102,0,0,80291,1,27472,101,36,37,36,37,26,26,107763,102,0,0,80291,1,27472,101,36,37,36,37,26,26,107763,102,0,0,80291,1,27472,101
151,0,1000,0,0,1000,0,1000,36,37,36,37,27,27,0,0,0,0,0,0,0,0,36,37,36,37,27,27,0,0,0,0,0,0,0,0,36,37,36,37,27,27,0,0,0,0,0,0,0,0,36,37,36,37,27,27,0,0,0,0,0,0,0,0,36,37,36,37,27,27,0,0,0,0,0,0,0,0,36,37,36,37,27,27,0,0,0,0,0,0,0,0
152,0,1000,0,0,1000,0,1000,36,37,36,37,27,27,0,0,0,0,0,0,0,0,36,37,36,37,27,27,0,0,0,0,0,0,0,0,36,37,36,37,27,27,0,0,0,0,0,0,0,0,36,37,36,37,27,27,0,0,0,0,0,0,0,0,36,37,36,37,27,27,0,0,0,0,0,0,0,0,36,37,36,37,27,27,0,0,0,0,0,0,0,0
153,0,1000,0,0,1000,0,1000,36,37,36,37,27,27,334684,4,334684,4,0,0,0,0,36,37,36,37,27,27,334684,4,334684,4,0,0,0,0,36,37,36,37,27,27,334684,4,334684,4,0,0,0,0,36,37,36,37,27,27,334684,4,334684,4,0,0,0,0,36,37,36,37,27,27,334684,4,334684,4,0,0,0,0,36,37,36,37,27,27,334684,4,334684,4,0,0,0,0
154,0,1000,0,0,1000,0,1000,37,38,37,38,27,27,104227,89,0,0,80291,1,23936,88,37,38,37,38,27,27,104227,89,0,0,80291,1,23936,88,37,38,37,38,27,27,104227,89,0,0,80291,1,23936,88,37,38,37,38,27,27,104227,89,0,0,80291,1,23936,88,37,38,37,38,27,27,104227,89,0,0,80291,1,23936,88,37,38,37,38,27,27,104227,89,0,0,80291,1,23936,88
155,0,1000,0,0,1000,0,1000,37,38,37,38,27,27,0,0,0,0,0,0,0,0,37,38,37,38,27,27,0,0,0,0,0,0,0,0,37,38,37,38,27,27,0,0,0,0,0,0,0,0,37,38,37,38,27,27,0,0,0,0,0,0,0,0,37,38,37,38,27,27,0,0,0,0,0,0,0,0,37,38,37,38,27,27,0,0,0,0,0,0,0,0
156,0,1000,0,0,1000,0,1000,37,38,37,38,27,27,0,0,0,0,0,0,0,0,37,38,37,38,27,27,0,0,0,0,0,0,0,0,37,38,37,38,27,27,0,0,0,0,0,0,0,0,37,38,37,38,27,27,0,0,0,0,0,0,0,0,37,38,37,38,27,27,0,0,0,0,0,0,0,0,37,38,37,38,27,27,0,0,0,0,0,0,0,0
157,0,1000,0,0,1000,0,1000,37,38,37,38,27,27,416275,5,416275,5,0,0,0,0,37,38,37,38,27,27,416275,5,416275,5,0,0,0,0,37,38,37,38,27,27,416275,5,416275,5,0,0,0,0,37,38,37,38,27,27,416275,5,416275,5,0,0,0,0,37,38,37,38,27,27,416275,5,416275,5,0,0,0,0,37,38,37,38,27,27,416275,5,416275,5,0,0,0,0
158,0,1000,0,0,1000,0,1000,38,39,38,39,27,27,111571,116,0,0,80291,1,31280,115,38,39,38,39,27,27,111571,116,0,0,80291,1,31280,115,38,39,38,39,27,27,111571,116,0,0,80291,1,31280,115,38,39,38,39,27,27,111571,116,0,0,80291,1,31280,115,38,39,38,39,27,27,111571,116,0,0,80291,1,31280,115,38,39,38,39,27,27,111571,116,0,0,80291,1,31280,115
159,0,1000,0,0,1000,0,1000,38,39,38,39,28,29,0,0,0,0,0,0,0,0,38,39,38,39,28,29,0,0,0,0,0,0,0,0,38,39,38,39,28,29,0,0,0,0,0,0,0,0,38,39,38,39,28,29,0,0,0,0,0,0,0,0,38,39,38,39,28,29,0,0,0,0,0,0,0,0,38,39,38,39,28,29,0,0,0,0,0,0,0,0
160,0,1000,0,0,1000,0,1000,38,39,38,39,28,29,0,0,0,0,0,0,0,0,38,39,38,39,28,29,0,0,0,0,0,0,0,0,38,39,38,39,28,29,0,0,0,0,0,0,0,0,38,39,38,39,28,29,0,0,0,0,0,0,0,0,38,39,38,39,28,29,0,0,0,0,0,0,0,0,38,39,38,39,28,29,0,0,0,0,0,0,0,0
161,0,1000,0,0,1000,0,1000,38,39,38,39,28,29,0,0,0,0,0,0,0,0,38,39,38,39,28,29,0,0,0,0,0,0,0,0,38,39,38,39,28,29,0,0,0,0,0,0,0,0,38,39,38,39,28,29,0,0,0,0,0,0,0,0,38,39,38,39,28,29,0,0,0,0,0,0,0,0,38,39,38,39,28,29,0,0,0,0,0,0,0,0
162,0,1000,0,0,1000,0,1000,38,39,38,39,28,29,22848,84,0,0,0,0,22848,84,38,39,38,39,28,29,22848,84,0,0,0,0,22848,84,38,39,38,39,28,29,22848,84,0,0,0,0,22848,84,38,39,38,39,28,29,22848,84,0,0,0,0,22848,84,38,39,38,39,28,29,22848,84,0,0,0,0,22848,84,38,39,38,39,28,29,22848,84,0,0,0,0,22848,84
163,0,1000,0,0,1000,0,1000,38,39,38,39,29,30,0,0,0,0,0,0,0,0,38,39,38,39,29,30,0,0,0,0,0,0,0,0,38,39,38,39,29,30,0,0,0,0,0,0,0,0,38,39,38,39,29,30,0,0,0,0,0,0,0,0,38,39,38,39,29,30,0,0,0,0,0,0,0,0,38,39,38,39,29,30,0,0,0,0,0,0,0,0
164,0,1000,0,0,1000,0,1000,38,39,38,39,29,30,0,0,0,0,0,0,0,0,38,39,38,39,29,30,0,0,0,0,0,0,0,0,38,39,38,39,29,30,0,0,0,0,0,0,0,0,38,39,38,39,29,30,0,0,0,0,0,0,0,0,38,39,38,39,29,30,0,0,0,0,0,0,0,0,38,39,38,39,29,30,0,0,0,0,0,0,0,0
165,0,1000,0,0,1000,0,1000,38,39,38,39,29,30,332508,4,332508,4,0,0,0,0,38,39,38,39,29,30,332508,4,332508,4,0,0,0,0,38,39,38,39,29,30,332508,4,332508,4,0,0,0,0,38,39,38,39,29,30,332508,4,332508,4,0,0,0,0,38,39,38,39,29,30,332508,4,332508,4,0,0,0,0,38,39,38,39,29,30,332508,4,332508,4,0,0,0,0
166,0,1000,0,0,1000,0,1000,39,41,39,41,29,30,110483,112,0,0,80291,1,30192,111,39,41,39,41,29,30,110483,112,0,0,80291,1,30192,111,39,41,39,41,29,30,110483,112,0,0,80291,1,30192,111,39,41,39,41,29,30,110483,112,0,0,80291,1,30192,111,39,41,39,41,29,30,110483,112,0,0,80291,1,30192,111,39,41,39,41,29,30,110483,112,0,0,80291,1,30192,111
167,0,1000,0,0,1000,0,1000,39,41,39,41,30,31,0,0,0,0,0,0,0,0,39,41,39,41,30,31,0,0,0,0,0,0,0,0,39,41,39,41,30,31,0,0,0,0,0,0,0,0,39,41,39,41,30,31,0,0,0,0,0,0,0,0,39,41,39,41,30,31,0,0,0,0,0,0,0,0,39,41,39,41,30,31,0,0,0,0,0,0,0,0
168,0,1000,0,0,1000,0,1000,39,41,39,41,30,31,0,0,0,0,0,0,0,0,39,41,39,41,30,31,0,0,0,0,0,0,0,0,39,41,39,41,30,31,0,0,0,0,0,0,0,0,39,41,39,41,30,31,0,0,0,0,0,0,0,0,39,41,39,41,30,31,0,0,0,0,0,0,0,0,39,41,39,41,30,31,0,0,0,0,0,0,0,0
169,0,1000,0,0,1000,0,1000,39,41,39,41,30,31,83991,1,83991,1,0,0,0,0,39,41,39,41,30,31,83991,1,83991,1,0,0,0,0,39,41,39,41,30,31,83991,1,83991,1,0,0,0,0,39,41,39,41,30,31,83991,1,83991,1,0,0,0,0,39,41,39,41,30,31,83991,1,83991,1,0,0,0,0,39,41,39,41,30,31,83991,1,83991,1,0,0,0,0
170,0,1000,0,0,1000,0,1000,40,42,40,42,30,31,110483,112,0,0,80291,1,30192,111,40,42,40,42,30,31,110483,112,0,0,80291,1,30192,111,40,42,40,42,30,31,110483,112,0,0,80291,1,30192,111,40,42,40,42,30,31,110483,112,0,0,80291,1,30192,111,40,42,40,42,30,31,110483,112,0,0,80291,1,30192,111,40,42,40,42,30,31,110483,112,0,0,80291,1,30192,111
171,0,1000,0,0,1000,0,1000,40,42,40,42,31,32,0,0,0,0,0,0,0,0,40,42,40,42,31,32,0,0,0,0,0,0,0,0,40,42,40,42,31,32,0,0,0,0,0,0,0,0,40,42,40,42,31,32,0,0,0,0,0,0,0,0,40,42,40,42,31,32,0,0,0,0,0,0,0,0,40,42,40,42,31,32,0,0,0,0,0,0,0,0
172,0,1000,0,0,1000,0,1000,40,42,40,42,31,32,0,0,0,0,0,0,0,0,40,42,40,42,31,32,0,0,0,0,0,0,0,0,40,42,40,42,31,32,0,0,0,0,0,0,0,0,40,42,40,42,31,32,0,0,0,0,0,0,0,0,40,42,40,42,31,32,0,0,0,0,0,0,0,0,40,42,40,42,31,32,0,0,0,0,0,0,0,0
173,0,1000,0,0,1000,0,1000,40,42,40,42,31,32,251973,3,251973,3,0,0,0,0,40,42,40,42,31,32,251973,3,251973,3,0,0,0,0,40,42,40,42,31,32,251973,3,251973,3,0,0,0,0,40,42,40,42,31,32,251973,3,251973,3,0,0,0,0,40,42,40,42,31,32,251973,3,251973,3,0,0,0,0,40,42,40,42,31,32,251973,3,251973,3,0,0,0,0
174,0,1000,0,0,1000,0,1000,41,43,41,43,31,32,111027,114,0,0,80291,1,30736,113,41,43,41,43,31,32,111027,114,0,0,80291,1,30736,113,41,43,41,43,31,32,111027,114,0,0,80291,1,30736,113,41,43,41,43,31,32,111027,114,0,0,80291,1,30736,113,41,43,41,43,31,32,111027,114,0,0,80291,1,30736,113,41,43,41,43,31,32,111027,114,0,0,80291,1,30736,113
175,0,1000,0,0,1000,0,1000,41,43,41,43,32,33,0,0,0,0,0,0,0,0,41,43,41,43,32,33,0,0,0,0,0,0,0,0,41,43,41,43,32,33,0,0,0,0,0,0,0,0,41,43,41,43,32,33,0,0,0,0,0,0,0,0,41,43,41,43,32,33,0,0,0,0,0,0,0,0,41,43,41,43,32,33,0,0,0,0,0,0,0,0
176,0,1000,0,0,1000,0,1000,41,43,41,43,32,33,0,0,0,0,0,0,0,0,41,43,41,43,32,33,0,0,0,0,0,0,0,0,41,43,41,43,32,33,0,0,0,0,0,0,0,0,41,43,41,43,32,33,0,0,0,0,0,0,0,0,41,43,41,43,32,33,0,0,0,0,0,0,0,0,41,43,41,43,32,33,0,0,0,0,0,0,0,0
177,0,1000,0,0,1000,0,1000,41,43,41,43,32,33,252165,3,252165,3,0,0,0,0,41,43,41,43,32,33,252165,3,252165,3,0,0,0,0,41,43,41,43,32,33,252165,3,252165,3,0,0,0,0,41,43,41,43,32,33,252165,3,252165,3,0,0,0,0,41,43,41,43,32,33,252165,3,252165,3,0,0,0,0,41,43,41,43,32,33,252165,3,252165,3,0,0,0,0
178,0,1000,0,0,1000,0,1000,42,44,42,44,32,33,108579,105,0,0,80291,1,28288,104,42,44,42,44,32,33,108579,105,0,0,80291,1,28288,104,42,44,42,44,32,33,108579,105,0,0,80291,1,28288,104,42,44,42,44,32,33,108579,105,0,0,80291,1,28288,104,42,44,42,44,32,33,108579,105,0,0,80291,1,28288,104,42,44,42,44,32,33,108579,105,0,0,80291,1,28288,104
179,0,1000,0,0,1000,0,1000,42,44,42,44,33,34,0,0,0,0,0,0,0,0,42,44,42,44,33,34,0,0,0,0,0,0,0,0,42,44,42,44,33,34,0,0,0,0,0,0,0,0,42,44,42,44,33,34,0,0,0,0,0,0,0,0,42,44,42,44,33,34,0,0,0,0,0,0,0,0,42,44,42,44,33,34,0,0,0,0,0,0,0,0
180,0,1000,0,0,1000,0,1000,42,44,42,44,33,34,0,0,0,0,0,0,0,0,42,44,42,44,33,34,0,0,0,0,0,0,0,0,42,44,42,44,33,34,0,0,0,0,0,0,0,0,42,44,42,44,33,34,0,0,0,0,0,0,0,0,42,44,42,44,33,34,0,0,0,0,0,0,0,0,42,44,42,44,33,34,0,0,0,0,0,0,0,0
181,0,1000,0,0,1000,0,1000,42,44,42,44,33,34,167534,2,167534,2,0,0,0,0,42,44,42,44,33,34,167534,2,167534,2,0,0,0,0,42,44,42,44,33,34,167534,2,167534,2,0,0,0,0,42,44,42,44,33,34,167534,2,167534,2,0,0,0,0,42,44,42,44,33,34,167534,2,167534,2,0,0,0,0,42,44,42,44,33,34,167534,2,167534,2,0,0,0,0
182,0,1000,0,0,1000,0,1000,43,45,43,45,33,34,105587,94,0,0,80291,1,25296,93,43,45,43,45,33,34,105587,94,0,0,80291,1,25296,93,43,45,43,45,33,34,105587,94,0,0,80291,1,25296,93,43,45,43,45,33,34,105587,94,0,0,80291,1,25296,93,43,45,43,45,33,34,105587,94,0,0,80291,1,25296,93,43,45,43,45,33,34,105587,94,0,0,80291,1,25296,93
183,0,1000,0,0,1000,0,1000,43,45,43,45,34,35,0,0,0,0,0,0,0,0,43,45,43,45,34,35,0,0,0,0,0,0,0,0,43,45,43,45,34,35,0,0,0,0,0,0,0,0,43,45,43,45,34,35,0,0,0,0,0,0,0,0,43,45,43,45,34,35,0,0,0,0,0,0,0,0,43,45,43,45,34,35,0,0,0,0,0,0,0,0
184,0,1000,0,0,1000,0,1000,43,45,43,45,34,35,0,0,0,0,0,0,0,0,43,45,43,45,34,35,0,0,0,0,0,0,0,0,43,45,43,45,34,35,0,0,0,0,0,0,0,0,43,45,43,45,34,35,0,0,0,0,0,0,0,0,43,45,43,45,34,35,0,0,0,0,0,0,0,0,43,45,43,45,34,35,0,0,0,0,0,0,0,0
185,0,1000,0,0,1000,0,1000,43,45,43,45,34,35,166830,2,166830,2,0,0,0,0,43,45,43,45,34,35,166830,2,166830,2,0,0,0,0,43,45,43,45,34,35,166830,2,166830,2,0,0,0,0,43,45,43,45,34,35,166830,2,166830,2,0,0,0,0,43,45,43,45,34,35,166830,2,166830,2,0,0,0,0,43,45,43,45,34,35,166830,2,166830,2,0,0,0,0
186,0,1000,0,0,1000,0,1000,44,46,44,46,34,35,107763,102,0,0,80291,1,27472,101,44,46,44,46,34,35,107763,102,0,0,80291,1,27472,101,44,46,44,46,34,35,107763,102,0,0,80291,1,27472,101,44,46,44,46,34,35,107763,102,0,0,80291,1,27472,101,44,46,44,46,34,35,107763,102,0,0,80291,1,27472,101,44,46,44,46,34,35,107763,102,0,0,80291,1,27472,101
187,0,1000,0,0,1000,0,1000,44,46,44,46,35,36,0,0,0,0,0,0,0,0,44,46,44,46,35,36,0,0,0,0,0,0,0,0,44,46,44,46,35,36,0,0,0,0,0,0,0,0,44,46,44,46,35,36,0,0,0,0,0,0,0,0,44,46,44,46,35,36,0,0,0,0,0,0,0,0,44,46,44,46,35,36,0,0,0,0,0,0,0,0
188,0,1000,0,0,1000,0,1000,44,46,44,46,35,36,0,0,0,0,0,0,0,0,44,46,44,46,35,36,0,0,0,0,0,0,0,0,44,46,44,46,35,36,0,0,0,0,0,0,0,0,44,46,44,46,35,36,0,0,0,0,0,0,0,0,44,46,44,46,35,36,0,0,0,0,0,0,0,0,44,46,44,46,35,36,0,0,0,0,0,0,0,0
189,0,1000,0,0,1000,0,1000,44,46,44,46,35,36,502026,6,502026,6,0,0,0,0,44,46,44,46,35,36,502026,6,502026,6,0,0,0,0,44,46,44,46,35,36,502026,6,502026,6,0,0,0,0,44,46,44,46,35,36,502026,6,502026,6,0,0,0,0,44,46,44,46,35,36,502026,6,502026,6,0,0,0,0,44,46,44,46,35,36,502026,6,502026,6,0,0,0,0
190,0,1000,0,0,1000,0,1000,45,47,45,47,35,36,110755,113,0,0,80291,1,30464,112,45,47,45,47,35,36,110755,113,0,0,80291,1,30464,112,45,47,45,47,35,36,110755,113,0,0,80291,1,30464,112,45,47,45,47,35,36,110755,113,0,0,80291,1,30464,112,45,47,45,47,35,36,110755,113,0,0,80291,1,30464,112,45,47,45,47,35,36,110755,113,0,0,80291,1,30464,112
191,0,1000,0,0,1000,0,1000,45,47,45,47,36,37,0,0,0,0,0,0,0,0,45,47,45,47,36,37,0,0,0,0,0,0,0,0,45,47,45,47,36,37,0,0,0,0,0,0,0,0,45,47,45,47,36,37,0,0,0,0,0,0,0,0,45,47,45,47,36,37,0,0,0,0,0,0,0,0,45,47,45,47,36,37,0,0,0,0,0,0,0,0
192,0,1000,0,0,1000,0,1000,45,47,45,47,36,37,0,0,0,0,0,0,0,0,45,47,45,47,36,37,0,0,0,0,0,0,0,0,45,47,45,47,36,37,0,0,0,0,0,0,0,0,45,47,45,47,36,37,0,0,0,0,0,0,0,0,45,47,45,47,36,37,0,0,0,0,0,0,0,0,45,47,45,47,36,37,0,0,0,0,0,0,0,0
193,0,1000,0,0,1000,0,1000,45,47,45,47,36,37,252069,3,252069,3,0,0,0,0,45,47,45,47,36,37,252069,3,252069,3,0,0,0,0,45,47,45,47,36,37,252069,3,252069,3,0,0,0,0,45,47,45,47,36,37,252069,3,252069,3,0,0,0,0,45,47,45,47,36,37,252069,3,252069,3,0,0,0,0,45,47,45,47,36,37,252069,3,252069,3,0,0,0,0
194,0,1000,0,0,1000,0,1000,46,48,46,48,36,37,108035,103,0,0,80291,1,27744,102,46,48,46,48,36,37,108035,103,0,0,80291,1,27744,102,46,48,46,48,36,37,108035,103,0,0,80291,1,27744,102,46,48,46,48,36,37,108035,103,0,0,80291,1,27744,102,46,48,46,48,36,37,108035,103,0,0,80291,1,27744,102,46,48,46,48,36,37,108035,103,0,0,80291,1,27744,102
195,0,1000,0,0,1000,0,1000,46,48,46,48,37,38,0,0,0,0,0,0,0,0,46,48,46,48,37,38,0,0,0,0,0,0,0,0,46,48,46,48,37,38,0,0,0,0,0,0,0,0,46,48,46,48,37,38,0,0,0,0,0,0,0,0,46,48,46,48,37,38,0,0,0,0,0,0,0,0,46,48,46,48,37,38,0,0,0,0,0,0,0,0
196,0,1000,0,0,1000,0,1000,46,48,46,48,37,38,0,0,0,0,0,0,0,0,46,48,46,48,37,38,0,0,0,0,0,0,0,0,46,48,46,48,37,38,0,0,0,0,0,0,0,0,46,48,46,48,37,38,0,0,0,0,0,0,0,0,46,48,46,48,37,38,0,0,0,0,0,0,0,0,46,48,46,48,37,38,0,0,0,0,0,0,0,0
197,0,1000,0,0,1000,0,1000,46,48,46,48,37,38,334809,4,334809,4,0,0,0,0,46,48,46,48,37,38,334809,4,334809,4,0,0,0,0,46,48,46,48,37,38,334809,4,334809,4,0,0,0,0,46,48,46,48,37,38,334809,4,334809,4,0,0,0,0,46,48,46,48,37,38,334809,4,334809,4,0,0,0,0,46,48,46,48,37,38,334809,4,334809,4,0,0,0,0
198,0,1000,0,0,1000,0,1000,47,49,47,49,37,38,110754,113,0,0,80290,1,30464,112,47,49,47,49,37,38,110754,113,0,0,80290,1,30464,112,47,49,47,49,37,38,110754,113,0,0,80290,1,30464,112,47,49,47,49,37,38,110754,113,0,0,80290,1,30464,112,47,49,47,49,37,38,110754,113,0,0,80290,1,30464,112,47,49,47,49,37,38,110754,113,0,0,80290,1,30464,112
199,0,1000,0,0,1000,0,1000,47,49,47,49,38,39,0,0,0,0,0,0,0,0,47,49,47,49,38,39,0,0,0,0,0,0,0,0,47,49,47,49,38,39,0,0,0,0,0,0,0,0,47,49,47,49,38,39,0,0,0,0,0,0,0,0,47,49,47,49,38,39,0,0,0,0,0,0,0,0,47,49,47,49,38,39,0,0,0,0,0,0,0,0
200,0,1000,0,0,1000,0,1000,47,49,47,49,38,39,0,0,0,0,0,0,0,0,47,49,47,49,38,39,0,0,0,0,0,0,0,0,47,49,47,49,38,39,0,0,0,0,0,0,0,0,47,49,47,49,38,39,0,0,0,0,0,0,0,0,47,49,47,49,38,39,0,0,0,0,0,0,0,0,47,49,47,49,38,39,0,0,0,0,0,0,0,0
201,0,1000,0,0,1000,0,1000,47,49,47,49,38,39,84023,1,84023,1,0,0,0,0,47,49,47,49,38,39,84023,1,84023,1,0,0,0,0,47,49,47,49,38,39,84023,1,84023,1,0,0,0,0,47,49,47,49,38,39,84023,1,84023,1,0,0,0,0,47,49,47,49,38,39,84023,1,84023,1,0,0,0,0,47,49,47,49,38,39,84023,1,84023,1,0,0,0,0
202,0,1000,0,0,1000,0,1000,48,50,48,50,38,39,103955,88,0,0,80291,1,23664,87,48,50,48,50,38,39,103955,88,0,0,80291,1,23664,87,48,50,48,50,38,39,103955,88,0,0,80291,1,23664,87,48,50,48,50,38,39,103955,88,0,0,80291,1,23664,87,48,50,48,50,38,39,103955,88,0,0,80291,1,23664,87,48,50,48,50,38,39,103955,88,0,0,80291,1,23664,87
203,0,1000,0,0,1000,0,1000,48,50,48,50,38,39,0,0,0,0,0,0,0,0,48,50,48,50,38,39,0,0,0,0,0,0,0,0,48,50,48,50,38,39,0,0,0,0,0,0,0,0,48,50,48,50,38,39,0,0,0,0,0,0,0,0,48,50,48,50,38,39,0,0,0,0,0,0,0,0,48,50,48,50,38,39,0,0,0,0,0,0,0,0
204,0,1000,0,0,1000,0,1000,48,50,48,50,38,39,0,0,0,0,0,0,0,0,48,50,48,50,38,39,0,0,0,0,0,0,0,0,48,50,48,50,38,39,0,0,0,0,0,0,0,0,48,50,48,50,38,39,0,0,0,0,0,0,0,0,48,50,48,50,38,39,0,0,0,0,0,0,0,0,48,50,48,50,38,39,0,0,0,0,0,0,0,0
205,0,1000,0,0,1000,0,1000,48,50,48,50,38,39,83223,1,83223,1,0,0,0,0,48,50,48,50,38,39,83223,1,83223,1,0,0,0,0,48,50,48,50,38,39,83223,1,83223,1,0,0,0,0,48,50,48,50,38,39,83223,1,83223,1,0,0,0,0,48,50,48,50,38,39,83223,1,83223,1,0,0,0,0,48,50,48,50,38,39,83223,1,83223,1,0,0,0,0
206,0,1000,0,0,1000,0,1000,49,51,49,51,38,39,106403,97,0,0,80291,1,26112,96,49,51,49,51,38,39,106403,97,0,0,80291,1,26112,96,49,51,49,51,38,39,106403,97,0,0,80291,1,26112,96,49,51,49,51,38,39,106403,97,0,0,80291,1,26112,96,49,51,49,51,38,39,106403,97,0,0,80291,1,26112,96,49,51,49,51,38,39,106403,97,0,0,80291,1,26112,96
207,0,1000,0,0,1000,0,1000,49,51,49,51,39,41,0,0,0,0,0,0,0,0,49,51,49,51,39,41,0,0,0,0,0,0,0,0,49,51,49,51,39,41,0,0,0,0,0,0,0,0,49,51,49,51,39,41,0,0,0,0,0,0,0,0,49,51,49,51,39,41,0,0,0,0,0,0,0,0,49,51,49,51,39,41,0,0,0,0,0,0,0,0
208,0,1000,0,0,1000,0,1000,49,51,49,51,39,41,0,0,0,0,0,0,0,0,49,51,49,51,39,41,0,0,0,0,0,0,0,0,49,51,49,51,39,41,0,0,0,0,0,0,0,0,49,51,49,51,39,41,0,0,0,0,0,0,0,0,49,51,49,51,39,41,0,0,0,0,0,0,0,0,49,51,49,51,39,41,0,0,0,0,0,0,0,0
209,0,1000,0,0,1000,0,1000,49,51,49,51,39,41,167022,2,167022,2,0,0,0,0,49,51,49,51,39,41,167022,2,167022,2,0,0,0,0,49,51,49,51,39,41,167022,2,167022,2,0,0,0,0,49,51,49,51,39,41,167022,2,167022,2,0,0,0,0,49,51,49,51,39,41,167022,2,167022,2,0,0,0,0,49,51,49,51,39,41,167022,2,167022,2,0,0,0,0
210,0,1000,0,0,1000,0,1000,50,52,50,52,39,41,105859,95,0,0,80291,1,25568,94,50,52,50,52,39,41,105859,95,0,0,80291,1,25568,94,50,52,50,52,39,41,105859,95,0,0,80291,1,25568,94,50,52,50,52,39,41,105859,95,0,0,80291,1,25568,94,50,52,50,52,39,41,105859,95,0,0,80291,1,25568,94,50,52,50,52,39,41,105859,95,0,0,80291,1,25568,94
211,0,1000,0,0,1000,0,1000,50,52,50,52,40,42,0,0,0,0,0,0,0,0,50,52,50,52,40,42,0,0,0,0,0,0,0,0,50,52,50,52,40,42,0,0,0,0,0,0,0,0,50,52,50,52,40,42,0,0,0,0,0,0,0,0,50,52,50,52,40,42,0,0,0,0,0,0,0,0,50,52,50,52,40,42,0,0,0,0,0,0,0,0
212,0,1000,0,0,1000,0,1000,50,52,50,52,40,42,0,0,0,0,0,0,0,0,50,52,50,52,40,42,0,0,0,0,0,0,0,0,50,52,50,52,40,42,0,0,0,0,0,0,0,0,50,52,50,52,40,42,0,0,0,0,0,0,0,0,50,52,50,52,40,42,0,0,0,0,0,0,0,0,50,52,50,52,40,42,0,0,0,0,0,0,0,0
213,0,1000,0,0,1000,0,1000,50,52,50,52,40,42,83447,1,83447,1,0,0,0,0,50,52,50,52,40,42,83447,1,83447,1,0,0,0,0,50,52,50,52,40,42,83447,1,83447,1,0,0,0,0,50,52,50,52,40,42,83447,1,83447,1,0,0,0,0,50,52,50,52,40,42,83447,1,83447,1,0,0,0,0,50,52,50,52,40,42,83447,1,83447,1,0,0,0,0
214,0,1000,0,0,1000,0,1000,51,53,51,53,40,42,105315,93,0,0,80291,1,25024,92,51,53,51,53,40,42,105315,93,0,0,80291,1,25024,92,51,53,51,53,40,42,105315,93,0,0,80291,1,25024,92,51,53,51,53,40,42,105315,93,0,0,80291,1,25024,92,51,53,51,53,40,42,105315,93,0,0,80291,1,25024,92,51,53,51,53,40,42,105315,93,0,0,80291,1,25024,92
215,0,1000,0,0,1000,0,1000,51,53,51,53,41,43,0,0,0,0,0,0,0,0,51,53,51,53,41,43,0,0,0,0,0,0,0,0,51,53,51,53,41,43,0,0,0,0,0,0,0,0,51,53,51,53,41,43,0,0,0,0,0,0,0,0,51,53,51,53,41,43,0,0,0,0,0,0,0,0,51,53,51,53,41,43,0,0,0,0,0,0,0,0
216,0,1000,0,0,1000,0,1000,51,53,51,53,41,43,0,0,0,0,0,0,0,0,51,53,51,53,41,43,0,0,0,0,0,0,0,0,51,53,51,53,41,43,0,0,0,0,0,0,0,0,51,53,51,53,41,43,0,0,0,0,0,0,0,0,51,53,51,53,41,43,0,0,0,0,0,0,0,0,51,53,51,53,41,43,0,0,0,0,0,0,0,0
217,0,1000,0,0,1000,0,1000,51,53,51,53,41,43,583679,7,583679,7,0,0,0,0,51,53,51,53,41,43,583679,7,583679,7,0,0,0,0,51,53,51,53,41,43,583679,7,583679,7,0,0,0,0,51,53,51,53,41,43,583679,7,583679,7,0,0,0,0,51,53,51,53,41,43,583679,7,583679,7,0,0,0,0,51,53,51,53,41,43,583679,7,583679,7,0,0,0,0
218,0,1000,0,0,1000,0,1000,52,54,52,54,41,43,108851,106,0,0,80291,1,28560,105,52,54,52,54,41,43,108851,106,0,0,80291,1,28560,105,52,54,52,54,41,43,108851,106,0,0,80291,1,28560,105,52,54,52,54,41,43,108851,106,0,0,80291,1,28560,105,52,54,52,54,41,43,108851,106,0,0,80291,1,28560,105,52,54,52,54,41,43,108851,106,0,0,80291,1,28560,105
219,0,1000,0,0,1000,0,1000,52,54,52,54,42,44,0,0,0,0,0,0,0,0,52,54,52,54,42,44,0,0,0,0,0,0,0,0,52,54,52,54,42,44,0,0,0,0,0,0,0,0,52,54,52,54,42,44,0,0,0,0,0,0,0,0,52,54,52,54,42,44,0,0,0,0,0,0,0,0,52,54,52,54,42,44,0,0,0,0,0,0,0,0
220,0,1000,0,0,1000,0,1000,52,54,52,54,42,44,0,0,0,0,0,0,0,0,52,54,52,54,42,44,0,0,0,0,0,0,0,0,52,54,52,54,42,44,0,0,0,0,0,0,0,0,52,54,52,54,42,44,0,0,0,0,0,0,0,0,52,54,52,54,42,44,0,0,0,0,0,0,0,0,52,54,52,54,42,44,0,0,0,0,0,0,0,0
221,0,1000,0,0,1000,0,1000,52,54,52,54,42,44,0,0,0,0,0,0,0,0,52,54,52,54,42,44,0,0,0,0,0,0,0,0,52,54,52,54,42,44,0,0,0,0,0,0,0,0,52,54,52,54,42,44,0,0,0,0,0,0,0,0,52,54,52,54,42,44,0,0,0,0,0,0,0,0,52,54,52,54,42,44,0,0,0,0,0,0,0,0
222,0,1000,0,0,1000,0,1000,52,54,52,54,42,44,26384,97,0,0,0,0,26384,97,52,54,52,54,42,44,26384,97,0,0,0,0,26384,97,52,54,52,54,42,44,26384,97,0,0,0,0,26384,97,52,54,52,54,42,44,26384,97,0,0,0,0,26384,97,52,54,52,54,42,44,26384,97,0,0,0,0,26384,97,52,54,52,54,42,44,26384,97,0,0,0,0,26384,97
223,0,1000,0,0,1000,0,1000,52,54,52,54,43,45,0,0,0,0,0,0,0,0,52,54,52,54,43,45,0,0,0,0,0,0,0,0,52,54,52,54,43,45,0,0,0,0,0,0,0,0,52,54,52,54,43,45,0,0,0,0,0,0,0,0,52,54,52,54,43,45,0,0,0,0,0,0,0,0,52,54,52,54,43,45,0,0,0,0,0,0,0,0
224,0,1000,0,0,1000,0,1000,52,54,52,54,43,45,0,0,0,0,0,0,0,0,52,54,52,54,43,45,0,0,0,0,0,0,0,0,52,54,52,54,43,45,0,0,0,0,0,0,0,0,52,54,52,54,43,45,0,0,0,0,0,0,0,0,52,54,52,54,43,45,0,0,0,0,0,0,0,0,52,54,52,54,43,45,0,0,0,0,0,0,0,0
225,0,1000,0,0,1000,0,1000,52,54,52,54,43,45,250629,3,250629,3,0,0,0,0,52,54,52,54,43,45,250629,3,250629,3,0,0,0,0,52,54,52,54,43,45,250629,3,250629,3,0,0,0,0,52,54,52,54,43,45,250629,3,250629,3,0,0,0,0,52,54,52,54,43,45,250629,3,250629,3,0,0,0,0,52,54,52,54,43,45,250629,3,250629,3,0,0,0,0
226,0,1000,0,0,1000,0,1000,53,56,53,56,43,45,108035,103,0,0,80291,1,27744,102,53,56,53,56,43,45,108035,103,0,0,80291,1,27744,102,53,56,53,56,43,45,108035,103,0,0,80291,1,27744,102,53,56,53,56,43,45,108035,103,0,0,80291,1,27744,102,53,56,53,56,43,45,108035,103,0,0,80291,1,27744,102,53,56,53,56,43,45,108035,103,0,0,80291,1,27744,102
227,0,1000,0,0,1000,0,1000,53,56,53,56,44,46,0,0,0,0,0,0,0,0,53,56,53,56,44,46,0,0,0,0,0,0,0,0,53,56,53,56,44,46,0,0,0,0,0,0,0,0,53,56,53,56,44,46,0,0,0,0,0,0,0,0,53,56,53,56,44,46,0,0,0,0,0,0,0,0,53,56,53,56,44,46,0,0,0,0,0,0,0,0
228,0,1000,0,0,1000,0,1000,53,56,53,56,44,46,0,0,0,0,0,0,0,0,53,56,53,56,44,46,0,0,0,0,0,0,0,0,53,56,53,56,44,46,0,0,0,0,0,0,0,0,53,56,53,56,44,46,0,0,0,0,0,0,0,0,53,56,53,56,44,46,0,0,0,0,0,0,0,0,53,56,53,56,44,46,0,0,0,0,0,0,0,0
229,0,1000,0,0,1000,0,1000,53,56,53,56,44,46,251109,3,251109,3,0,0,0,0,53,56,53,56,44,46,251109,3,251109,3,0,0,0,0,53,56,53,56,44,46,251109,3,251109,3,0,0,0,0,53,56,53,56,44,46,251109,3,251109,3,0,0,0,0,53,56,53,56,44,46,251109,3,251109,3,0,0,0,0,53,56,53,56,44,46,251109,3,251109,3,0,0,0,0
230,0,1000,0,0,1000,0,1000,54,57,54,57,44,46,107491,101,0,0,80291,1,27200,100,54,57,54,57,44,46,107491,101,0,0,80291,1,27200,100,54,57,54,57,44,46,107491,101,0,0,80291,1,27200,100,54,57,54,57,44,46,107491,101,0,0,80291,1,27200,100,54,57,54,57,44,46,107491,101,0,0,80291,1,27200,100,54,57,54,57,44,46,107491,101,0,0,80291,1,27200,100
231,0,1000,0,0,1000,0,1000,54,57,54,57,45,47,0,0,0,0,0,0,0,0,54,57,54,57,45,47,0,0,0,0,0,0,0,0,54,57,54,57,45,47,0,0,0,0,0,0,0,0,54,57,54,57,45,47,0,0,0,0,0,0,0,0,54,57,54,57,45,47,0,0,0,0,0,0,0,0,54,57,54,57,45,47,0,0,0,0,0,0,0,0
232,0,1000,0,0,1000,0,1000,54,57,54,57,45,47,0,0,0,0,0,0,0,0,54,57,54,57,45,47,0,0,0,0,0,0,0,0,54,57,54,57,45,47,0,0,0,0,0,0,0,0,54,57,54,57,45,47,0,0,0,0,0,0,0,0,54,57,54,57,45,47,0,0,0,0,0,0,0,0,54,57,54,57,45,47,0,0,0,0,0,0,0,0
233,0,1000,0,0,1000,0,1000,54,57,54,57,45,47,83639,1,83639,1,0,0,0,0,54,57,54,57,45,47,83639,1,83639,1,0,0,0,0,54,57,54,57,45,47,83639,1,83639,1,0,0,0,0,54,57,54,57,45,47,83639,1,83639,1,0,0,0,0,54,57,54,57,45,47,83639,1,83639,1,0,0,0,0,54,57,54,57,45,47,83639,1,83639,1,0,0,0,0
234,0,1000,0,0,1000,0,1000,55,58,55,58,45,47,109123,107,0,0,80291,1,28832,106,55,58,55,58,45,47,109123,107,0,0,80291,1,28832,106,55,58,55,58,45,47,109123,107,0,0,80291,1,28832,106,55,58,55,58,45,47,109123,107,0,0,80291,1,28832,106,55,58,55,58,45,47,109123,107,0,0,80291,1,28832,106,55,58,55,58,45,47,109123,107,0,0,80291,1,28832,106
235,0,1000,0,0,1000,0,1000,55,58,55,58,46,48,0,0,0,0,0,0,0,0,55,58,55,58,46,48,0,0,0,0,0,0,0,0,55,58,55,58,46,48,0,0,0,0,0,0,0,0,55,58,55,58,46,48,0,0,0,0,0,0,0,0,55,58,55,58,46,48,0,0,0,0,0,0,0,0,55,58,55,58,46,48,0,0,0,0,0,0,0,0
236,0,1000,0,0,1000,0,1000,55,58,55,58,46,48,0,0,0,0,0,0,0,0,55,58,55,58,46,48,0,0,0,0,0,0,0,0,55,58,55,58,46,48,0,0,0,0,0,0,0,0,55,58,55,58,46,48,0,0,0,0,0,0,0,0,55,58,55,58,46,48,0,0,0,0,0,0,0,0,55,58,55,58,46,48,0,0,0,0,0,0,0,0
237,0,1000,0,0,1000,0,1000,55,58,55,58,46,48,251493,3,251493,3,0,0,0,0,55,58,55,58,46,48,251493,3,251493,3,0,0,0,0,55,58,55,58,46,48,251493,3,251493,3,0,0,0,0,55,58,55,58,46,48,251493,3,251493,3,0,0,0,0,55,58,55,58,46,48,251493,3,251493,3,0,0,0,0,55,58,55,58,46,48,251493,3,251493,3,0,0,0,0
238,0,1000,0,0,1000,0,1000,56,59,56,59,46,48,105859,95,0,0,80291,1,25568,94,56,59,56,59,46,48,105859,95,0,0,80291,1,25568,94,56,59,56,59,46,48,105859,95,0,0,80291,1,25568,94,56,59,56,59,46,48,105859,95,0,0,80291,1,25568,94,56,59,56,59,46,48,105859,95,0,0,80291,1,25568,94,56,59,56,59,46,48,105859,95,0,0,80291,1,25568,94
239,0,1000,0,0,1000,0,1000,56,59,56,59,47,49,0,0,0,0,0,0,0,0,56,59,56,59,47,49,0,0,0,0,0,0,0,0,56,59,56,59,47,49,0,0,0,0,0,0,0,0,56,59,56,59,47,49,0,0,0,0,0,0,0,0,56,59,56,59,47,49,0,0,0,0,0,0,0,0,56,59,56,59,47,49,0,0,0,0,0,0,0,0
240,0,1000,0,0,1000,0,1000,56,59,56,59,47,49,0,0,0,0,0,0,0,0,56,59,56,59,47,49,0,0,0,0,0,0,0,0,56,59,56,59,47,49,0,0,0,0,0,0,0,0,56,59,56,59,47,49,0,0,0,0,0,0,0,0,56,59,56,59,47,49,0,0,0,0,0,0,0,0,56,59,56,59,47,49,0,0,0,0,0,0,0,0
241,0,1000,0,0,1000,0,1000,56,59,56,59,47,49,83447,1,83447,1,0,0,0,0,56,59,56,59,47,49,83447,1,83447,1,0,0,0,0,56,59,56,59,47,49,83447,1,83447,1,0,0,0,0,56,59,56,59,47,49,83447,1,83447,1,0,0,0,0,56,59,56,59,47,49,83447,1,83447,1,0,0,0,0,56,59,56,59,47,49,83447,1,83447,1,0,0,0,0
242,0,1000,0,0,1000,0,1000,57,60,57,60,47,49,104771,91,0,0,80291,1,24480,90,57,60,57,60,47,49,104771,91,0,0,80291,1,24480,90,57,60,57,60,47,49,104771,91,0,0,80291,1,24480,90,57,60,57,60,47,49,104771,91,0,0,80291,1,24480,90,57,60,57,60,47,49,104771,91,0,0,80291,1,24480,90,57,60,57,60,47,49,104771,91,0,0,80291,1,24480,90
243,0,1000,0,0,1000,0,1000,57,60,57,60,48,50,0,0,0,0,0,0,0,0,57,60,57,60,48,50,0,0,0,0,0,0,0,0,57,60,57,60,48,50,0,0,0,0,0,0,0,0,57,60,57,60,48,50,0,0,0,0,0,0,0,0,57,60,57,60,48,50,0,0,0,0,0,0,0,0,57,60,57,60,48,50,0,0,0,0,0,0,0,0
244,0,1000,0,0,1000,0,1000,57,60,57,60,48,50,0,0,0,0,0,0,0,0,57,60,57,60,48,50,0,0,0,0,0,0,0,0,57,60,57,60,48,50,0,0,0,0,0,0,0,0,57,60,57,60,48,50,0,0,0,0,0,0,0,0,57,60,57,60,48,50,0,0,0,0,0,0,0,0,57,60,57,60,48,50,0,0,0,0,0,0,0,0
245,0,1000,0,0,1000,0,1000,57,60,57,60,48,50,166638,2,166638,2,0,0,0,0,57,60,57,60,48,50,166638,2,166638,2,0,0,0,0,57,60,57,60,48,50,166638,2,166638,2,0,0,0,0,57,60,57,60,48,50,166638,2,166638,2,0,0,0,0,57,60,57,60,48,50,166638,2,166638,2,0,0,0,0,57,60,57,60,48,50,166638,2,166638,2,0,0,0,0
246,0,1000,0,0,1000,0,1000,58,61,58,61,48,50,104771,91,0,0,80291,1,24480,90,58,61,58,61,48,50,104771,91,0,0,80291,1,24480,90,58,61,58,61,48,50,104771,91,0,0,80291,1,24480,90,58,61,58,61,48,50,104771,91,0,0,80291,1,24480,90,58,61,58,61,48,50,104771,91,0,0,80291,1,24480,90,58,61,58,61,48,50,104771,91,0,0,80291,1,24480,90
247,0,1000,0,0,1000,0,1000,58,61,58,61,49,51,0,0,0,0,0,0,0,0,58,61,58,61,49,51,0,0,0,0,0,0,0,0,58,61,58,61,49,51,0,0,0,0,0,0,0,0,58,61,58,61,49,51,0,0,0,0,0,0,0,0,58,61,58,61,49,51,0,0,0,0,0,0,0,0,58,61,58,61,49,51,0,0,0,0,0,0,0,0
248,0,1000,0,0,1000,0,1000,58,61,58,61,49,51,0,0,0,0,0,0,0,0,58,61,58,61,49,51,0,0,0,0,0,0,0,0,58,61,58,61,49,51,0,0,0,0,0,0,0,0,58,61,58,61,49,51,0,0,0,0,0,0,0,0,58,61,58,61,49,51,0,0,0,0,0,0,0,0,58,61,58,61,49,51,0,0,0,0,0,0,0,0
249,0,1000,0,0,1000,0,1000,58,61,58,61,49,51,0,0,0,0,0,0,0,0,58,61,58,61,49,51,0,0,0,0,0,0,0,0,58,61,58,61,49,51,0,0,0,0,0,0,0,0,58,61,58,61,49,51,0,0,0,0,0,0,0,0,58,61,58,61,49,51,0,0,0,0,0,0,0,0,58,61,58,61,49,51,0,0,0,0,0,0,0,0
250,0,1000,0,0,1000,0,1000,58,61,58,61,49,51,26384,97,0,0,0,0,26384,97,58,61,58,61,49,51,26384,97,0,0,0,0,26384,97,58,61,58,61,49,51,26384,97,0,0,0,0,26384,97,58,61,58,61,49,51,26384,97,0,0,0,0,26384,97,58,61,58,61,49,51,26384,97,0,0,0,0,26384,97,58,61,58,61,49,51,26384,97,0,0,0,0,26384,97
251,0,1000,0,0,1000,0,1000,58,61,58,61,50,52,0,0,0,0,0,0,0,0,58,61,58,61,50,52,0,0,0,0,0,0,0,0,58,61,58,61,50,52,0,0,0,0,0,0,0,0,58,61,58,61,50,52,0,0,0,0,0,0,0,0,58,61,58,61,50,52,0,0,0,0,0,0,0,0,58,61,58,61,50,52,0,0,0,0,0,0,0,0
252,0,1000,0,0,1000,0,1000,58,61,58,61,50,52,0,0,0,0,0,0,0,0,58,61,58,61,50,52,0,0,0,0,0,0,0,0,58,61,58,61,50,52,0,0,0,0,0,0,0,0,58,61,58,61,50,52,0,0,0,0,0,0,0,0,58,61,58,61,50,52,0,0,0,0,0,0,0,0,58,61,58,61,50,52,0,0,0,0,0,0,0,0
253,0,1000,0,0,1000,0,1000,58,61,58,61,50,52,167086,2,167086,2,0,0,0,0,58,61,58,61,50,52,167086,2,167086,2,0,0,0,0,58,61,58,61,50,52,167086,2,167086,2,0,0,0,0,58,61,58,61,50,52,167086,2,167086,2,0,0,0,0,58,61,58,61,50,52,167086,2,167086,2,0,0,0,0,58,61,58,61,50,52,167086,2,167086,2,0,0,0,0
254,0,1000,0,0,1000,0,1000,59,63,59,63,50,52,110483,112,0,0,80291,1,30192,111,59,63,59,63,50,52,110483,112,0,0,80291,1,30192,111,59,63,59,63,50,52,110483,112,0,0,80291,1,30192,111,59,63,59,63,50,52,110483,112,0,0,80291,1,30192,111,59,63,59,63,50,52,110483,112,0,0,80291,1,30192,111,59,63,59,63,50,52,110483,112,0,0,80291,1,30192,111
255,0,1000,0,0,1000,0,1000,59,63,59,63,51,53,0,0,0,0,0,0,0,0,59,63,59,63,51,53,0,0,0,0,0,0,0,0,59,63,59,63,51,53,0,0,0,0,0,0,0,0,59,63,59,63,51,53,0,0,0,0,0,0,0,0,59,63,59,63,51,53,0,0,0,0,0,0,0,0,59,63,59,63,51,53,0,0,0,0,0,0,0,0
256,0,1000,0,0,1000,0,1000,59,63,59,63,51,53,0,0,0,0,0,0,0,0,59,63,59,63,51,53,0,0,0,0,0,0,0,0,59,63,59,63,51,53,0,0,0,0,0,0,0,0,59,63,59,63,51,53,0,0,0,0,0,0,0,0,59,63,59,63,51,53,0,0,0,0,0,0,0,0,59,63,59,63,51,53,0,0,0,0,0,0,0,0
257,0,1000,0,0,1000,0,1000,59,63,59,63,51,53,83991,1,83991,1,0,0,0,0,59,63,59,63,51,53,83991,1,83991,1,0,0,0,0,59,63,59,63,51,53,83991,1,83991,1,0,0,0,0,59,63,59,63,51,53,83991,1,83991,1,0,0,0,0,59,63,59,63,51,53,83991,1,83991,1,0,0,0,0,59,63,59,63,51,53,83991,1,83991,1,0,0,0,0
258,0,1000,0,0,1000,0,1000,60,64,60,64,51,53,106403,97,0,0,80291,1,26112,96,60,64,60,64,51,53,106403,97,0,0,80291,1,26112,96,60,64,60,64,51,53,106403,97,0,0,80291,1,26112,96,60,64,60,64,51,53,106403,97,0,0,80291,1,26112,96,60,64,60,64,51,53,106403,97,0,0,80291,1,26112,96,60,64,60,64,51,53,106403,97,0,0,80291,1,26112,96
259,0,1000,0,0,1000,0,1000,60,64,60,64,52,54,0,0,0,0,0,0,0,0,60,64,60,64,52,54,0,0,0,0,0,0,0,0,60,64,60,64,52,54,0,0,0,0,0,0,0,0,60,64,60,64,52,54,0,0,0,0,0,0,0,0,60,64,60,64,52,54,0,0,0,0,0,0,0,0,60,64,60,64,52,54,0,0,0,0,0,0,0,0
260,0,1000,0,0,1000,0,1000,60,64,60,64,52,54,0,0,0,0,0,0,0,0,60,64,60,64,52,54,0,0,0,0,0,0,0,0,60,64,60,64,52,54,0,0,0,0,0,0,0,0,60,64,60,64,52,54,0,0,0,0,0,0,0,0,60,64,60,64,52,54,0,0,0,0,0,0,0,0,60,64,60,64,52,54,0,0,0,0,0,0,0,0
261,0,1000,0,0,1000,0,1000,60,64,60,64,52,54,250533,3,250533,3,0,0,0,0,60,64,60,64,52,54,250533,3,250533,3,0,0,0,0,60,64,60,64,52,54,250533,3,250533,3,0,0,0,0,60,64,60,64,52,54,250533,3,250533,3,0,0,0,0,60,64,60,64,52,54,250533,3,250533,3,0,0,0,0,60,64,60,64,52,54,250533,3,250533,3,0,0,0,0
262,0,1000,0,0,1000,0,1000,61,65,61,65,52,54,108851,106,0,0,80291,1,28560,105,61,65,61,65,52,54,108851,106,0,0,80291,1,28560,105,61,65,61,65,52,54,108851,106,0,0,80291,1,28560,105,61,65,61,65,52,54,108851,106,0,0,80291,1,28560,105,61,65,61,65,52,54,108851,106,0,0,80291,1,28560,105,61,65,61,65,52,54,108851,106,0,0,80291,1,28560,105
263,0,1000,0,0,1000,0,1000,61,65,61,65,52,54,0,0,0,0,0,0,0,0,61,65,61,65,52,54,0,0,0,0,0,0,0,0,61,65,61,65,52,54,0,0,0,0,0,0,0,0,61,65,61,65,52,54,0,0,0,0,0,0,0,0,61,65,61,65,52,54,0,0,0,0,0,0,0,0,61,65,61,65,52,54,0,0,0,0,0,0,0,0
264,0,1000,0,0,1000,0,1000,61,65,61,65,52,54,0,0,0,0,0,0,0,0,61,65,61,65,52,54,0,0,0,0,0,0,0,0,61,65,61,65,52,54,0,0,0,0,0,0,0,0,61,65,61,65,52,54,0,0,0,0,0,0,0,0,61,65,61,65,52,54,0,0,0,0,0,0,0,0,61,65,61,65,52,54,0,0,0,0,0,0,0,0
265,0,1000,0,0,1000,0,1000,61,65,61,65,52,54,0,0,0,0,0,0,0,0,61,65,61,65,52,54,0,0,0,0,0,0,0,0,61,65,61,65,52,54,0,0,0,0,0,0,0,0,61,65,61,65,52,54,0,0,0,0,0,0,0,0,61,65,61,65,52,54,0,0,0,0,0,0,0,0,61,65,61,65,52,54,0,0,0,0,0,0,0,0
266,0,1000,0,0,1000,0,1000,61,65,61,65,52,54,28288,104,0,0,0,0,28288,104,61,65,61,65,52,54,28288,104,0,0,0,0,28288,104,61,65,61,65,52,54,28288,104,0,0,0,0,28288,104,61,65,61,65,52,54,28288,104,0,0,0,0,28288,104,61,65,61,65,52,54,28288,104,0,0,0,0,28288,104,61,65,61,65,52,54,28288,104,0,0,0,0,28288,104
267,0,1000,0,0,1000,0,1000,61,65,61,65,53,56,0,0,0,0,0,0,0,0,61,65,61,65,53,56,0,0,0,0,0,0,0,0,61,65,61,65,53,56,0,0,0,0,0,0,0,0,61,65,61,65,53,56,0,0,0,0,0,0,0,0,61,65,61,65,53,56,0,0,0,0,0,0,0,0,61,65,61,65,53,56,0,0,0,0,0,0,0,0
268,0,1000,0,0,1000,0,1000,61,65,61,65,53,56,0,0,0,0,0,0,0,0,61,65,61,65,53,56,0,0,0,0,0,0,0,0,61,65,61,65,53,56,0,0,0,0,0,0,0,0,61,65,61,65,53,56,0,0,0,0,0,0,0,0,61,65,61,65,53,56,0,0,0,0,0,0,0,0,61,65,61,65,53,56,0,0,0,0,0,0,0,0
269,0,1000,0,0,1000,0,1000,61,65,61,65,53,56,0,0,0,0,0,0,0,0,61,65,61,65,53,56,0,0,0,0,0,0,0,0,61,65,61,65,53,56,0,0,0,0,0,0,0,0,61,65,61,65,53,56,0,0,0,0,0,0,0,0,61,65,61,65,53,56,0,0,0,0,0,0,0,0,61,65,61,65,53,56,0,0,0,0,0,0,0,0
270,0,1000,0,0,1000,0,1000,61,65,61,65,53,56,23392,86,0,0,0,0,23392,86,61,65,61,65,53,56,23392,86,0,0,0,0,23392,86,61,65,61,65,53,56,23392,86,0,0,0,0,23392,86,61,65,61,65,53,56,23392,86,0,0,0,0,23392,86,61,65,61,65,53,56,23392,86,0,0,0,0,23392,86,61,65,61,65,53,56,23392,86,0,0,0,0,23392,86
271,0,1000,0,0,1000,0,1000,61,65,61,65,54,57,0,0,0,0,0,0,0,0,61,65,61,65,54,57,0,0,0,0,0,0,0,0,61,65,61,65,54,57,0,0,0,0,0,0,0,0,61,65,61,65,54,57,0,0,0,0,0,0,0,0,61,65,61,65,54,57,0,0,0,0,0,0,0,0,61,65,61,65,54,57,0,0,0,0,0,0,0,0
272,0,1000,0,0,1000,0,1000,61,65,61,65,54,57,0,0,0,0,0,0,0,0,61,65,61,65,54,57,0,0,0,0,0,0,0,0,61,65,61,65,54,57,0,0,0,0,0,0,0,0,61,65,61,65,54,57,0,0,0,0,0,0,0,0,61,65,61,65,54,57,0,0,0,0,0,0,0,0,61,65,61,65,54,57,0,0,0,0,0,0,0,0
273,0,1000,0,0,1000,0,1000,61,65,61,65,54,57,166382,2,166382,2,0,0,0,0,61,65,61,65,54,57,166382,2,166382,2,0,0,0,0,61,65,61,65,54,57,166382,2,166382,2,0,0,0,0,61,65,61,65,54,57,166382,2,166382,2,0,0,0,0,61,65,61,65,54,57,166382,2,166382,2,0,0,0,0,61,65,61,65,54,57,166382,2,166382,2,0,0,0,0
274,0,1000,0,0,1000,0,1000,62,68,62,68,54,57,102867,84,0,0,80291,1,22576,83,62,68,62,68,54,57,102867,84,0,0,80291,1,22576,83,62,68,62,68,54,57,102867,84,0,0,80291,1,22576,83,62,68,62,68,54,57,102867,84,0,0,80291,1,22576,83,62,68,62,68,54,57,102867,84,0,0,80291,1,22576,83,62,68,62,68,54,57,102867,84,0,0,80291,1,22576,83
275,0,1000,0,0,1000,0,1000,62,68,62,68,55,58,0,0,0,0,0,0,0,0,62,68,62,68,55,58,0,0,0,0,0,0,0,0,62,68,62,68,55,58,0,0,0,0,0,0,0,0,62,68,62,68,55,58,0,0,0,0,0,0,0,0,62,68,62,68,55,58,0,0,0,0,0,0,0,0,62,68,62,68,55,58,0,0,0,0,0,0,0,0
276,0,1000,0,0,1000,0,1000,62,68,62,68,55,58,0,0,0,0,0,0,0,0,62,68,62,68,55,58,0,0,0,0,0,0,0,0,62,68,62,68,55,58,0,0,0,0,0,0,0,0,62,68,62,68,55,58,0,0,0,0,0,0,0,0,62,68,62,68,55,58,0,0,0,0,0,0,0,0,62,68,62,68,55,58,0,0,0,0,0,0,0,0
277,0,1000,0,0,1000,0,1000,62,68,62,68,55,58,166190,2,166190,2,0,0,0,0,62,68,62,68,55,58,166190,2,166190,2,0,0,0,0,62,68,62,68,55,58,166190,2,166190,2,0,0,0,0,62,68,62,68,55,58,166190,2,166190,2,0,0,0,0,62,68,62,68,55,58,166190,2,166190,2,0,0,0,0,62,68,62,68,55,58,166190,2,166190,2,0,0,0,0
278,0,1000,0,0,1000,0,1000,63,69,63,69,55,58,105315,93,0,0,80291,1,25024,92,63,69,63,69,55,58,105315,93,0,0,80291,1,25024,92,63,69,63,69,55,58,105315,93,0,0,80291,1,25024,92,63,69,63,69,55,58,105315,93,0,0,80291,1,25024,92,63,69,63,69,55,58,105315,93,0,0,80291,1,25024,92,63,69,63,69,55,58,105315,93,0,0,80291,1,25024,92
279,0,1000,0,0,1000,0,1000,63,69,63,69,56,59,0,0,0,0,0,0,0,0,63,69,63,69,56,59,0,0,0,0,0,0,0,0,63,69,63,69,56,59,0,0,0,0,0,0,0,0,63,69,63,69,56,59,0,0,0,0,0,0,0,0,63,69,63,69,56,59,0,0,0,0,0,0,0,0,63,69,63,69,56,59,0,0,0,0,0,0,0,0
280,0,1000,0,0,1000,0,1000,63,69,63,69,56,59,0,0,0,0,0,0,0,0,63,69,63,69,56,59,0,0,0,0,0,0,0,0,63,69,63,69,56,59,0,0,0,0,0,0,0,0,63,69,63,69,56,59,0,0,0,0,0,0,0,0,63,69,63,69,56,59,0,0,0,0,0,0,0,0,63,69,63,69,56,59,0,0,0,0,0,0,0,0
281,0,1000,0,0,1000,0,1000,63,69,63,69,56,59,250148,3,250148,3,0,0,0,0,63,69,63,69,56,59,250148,3,250148,3,0,0,0,0,63,69,63,69,56,59,250148,3,250148,3,0,0,0,0,63,69,63,69,56,59,250148,3,250148,3,0,0,0,0,63,69,63,69,56,59,250148,3,250148,3,0,0,0,0,63,69,63,69,56,59,250148,3,250148,3,0,0,0,0
282,0,1000,0,0,1000,0,1000,64,70,64,70,56,59,107762,102,0,0,80290,1,27472,101,64,70,64,70,56,59,107762,102,0,0,80290,1,27472,101,64,70,64,70,56,59,107762,102,0,0,80290,1,27472,101,64,70,64,70,56,59,107762,102,0,0,80290,1,27472,101,64,70,64,70,56,59,107762,102,0,0,80290,1,27472,101,64,70,64,70,56,59,107762,102,0,0,80290,1,27472,101
283,0,1000,0,0,1000,0,1000,64,70,64,70,57,60,0,0,0,0,0,0,0,0,64,70,64,70,57,60,0,0,0,0,0,0,0,0,64,70,64,70,57,60,0,0,0,0,0,0,0,0,64,70,64,70,57,60,0,0,0,0,0,0,0,0,64,70,64,70,57,60,0,0,0,0,0,0,0,0,64,70,64,70,57,60,0,0,0,0,0,0,0,0
284,0,1000,0,0,1000,0,1000,64,70,64,70,57,60,0,0,0,0,0,0,0,0,64,70,64,70,57,60,0,0,0,0,0,0,0,0,64,70,64,70,57,60,0,0,0,0,0,0,0,0,64,70,64,70,57,60,0,0,0,0,0,0,0,0,64,70,64,70,57,60,0,0,0,0,0,0,0,0,64,70,64,70,57,60,0,0,0,0,0,0,0,0
285,0,1000,0,0,1000,0,1000,64,70,64,70,57,60,167342,2,167342,2,0,0,0,0,64,70,64,70,57,60,167342,2,167342,2,0,0,0,0,64,70,64,70,57,60,167342,2,167342,2,0,0,0,0,64,70,64,70,57,60,167342,2,167342,2,0,0,0,0,64,70,64,70,57,60,167342,2,167342,2,0,0,0,0,64,70,64,70,57,60,167342,2,167342,2,0,0,0,0
286,0,1000,0,0,1000,0,1000,65,71,65,71,57,60,108035,103,0,0,80291,1,27744,102,65,71,65,71,57,60,108035,103,0,0,80291,1,27744,102,65,71,65,71,57,60,108035,103,0,0,80291,1,27744,102,65,71,65,71,57,60,108035,103,0,0,80291,1,27744,102,65,71,65,71,57,60,108035,103,0,0,80291,1,27744,102,65,71,65,71,57,60,108035,103,0,0,80291,1,27744,102
287,0,1000,0,0,1000,0,1000,65,71,65,71,58,61,0,0,0,0,0,0,0,0,65,71,65,71,58,61,0,0,0,0,0,0,0,0,65,71,65,71,58,61,0,0,0,0,0,0,0,0,65,71,65,71,58,61,0,0,0,0,0,0,0,0,65,71,65,71,58,61,0,0,0,0,0,0,0,0,65,71,65,71,58,61,0,0,0,0,0,0,0,0
288,0,1000,0,0,1000,0,1000,65,71,65,71,58,61,0,0,0,0,0,0,0,0,65,71,65,71,58,61,0,0,0,0,0,0,0,0,65,71,65,71,58,61,0,0,0,0,0,0,0,0,65,71,65,71,58,61,0,0,0,0,0,0,0,0,65,71,65,71,58,61,0,0,0,0,0,0,0,0,65,71,65,71,58,61,0,0,0,0,0,0,0,0
289,0,1000,0,0,1000,0,1000,65,71,65,71,58,61,167405,2,167405,2,0,0,0,0,65,71,65,71,58,61,167405,2,167405,2,0,0,0,0,65,71,65,71,58,61,167405,2,167405,2,0,0,0,0,65,71,65,71,58,61,167405,2,167405,2,0,0,0,0,65,71,65,71,58,61,167405,2,167405,2,0,0,0,0,65,71,65,71,58,61,167405,2,167405,2,0,0,0,0
290,0,1000,0,0,1000,0,1000,66,72,66,72,58,61,105043,92,0,0,80291,1,24752,91,66,72,66,72,58,61,105043,92,0,0,80291,1,24752,91,66,72,66,72,58,61,105043,92,0,0,80291,1,24752,91,66,72,66,72,58,61,105043,92,0,0,80291,1,24752,91,66,72,66,72,58,61,105043,92,0,0,80291,1,24752,91,66,72,66,72,58,61,105043,92,0,0,80291,1,24752,91
291,0,1000,0,0,1000,0,1000,66,72,66,72,58,61,0,0,0,0,0,0,0,0,66,72,66,72,58,61,0,0,0,0,0,0,0,0,66,72,66,72,58,61,0,0,0,0,0,0,0,0,66,72,66,72,58,61,0,0,0,0,0,0,0,0,66,72,66,72,58,61,0,0,0,0,0,0,0,0,66,72,66,72,58,61,0,0,0,0,0,0,0,0
292,0,1000,0,0,1000,0,1000,66,72,66,72,58,61,0,0,0,0,0,0,0,0,66,72,66,72,58,61,0,0,0,0,0,0,0,0,66,72,66,72,58,61,0,0,0,0,0,0,0,0,66,72,66,72,58,61,0,0,0,0,0,0,0,0,66,72,66,72,58,61,0,0,0,0,0,0,0,0,66,72,66,72,58,61,0,0,0,0,0,0,0,0
293,0,1000,0,0,1000,0,1000,66,72,66,72,58,61,250053,3,250053,3,0,0,0,0,66,72,66,72,58,61,250053,3,250053,3,0,0,0,0,66,72,66,72,58,61,250053,3,250053,3,0,0,0,0,66,72,66,72,58,61,250053,3,250053,3,0,0,0,0,66,72,66,72,58,61,250053,3,250053,3,0,0,0,0,66,72,66,72,58,61,250053,3,250053,3,0,0,0,0
294,0,1000,0,0,1000,0,1000,67,73,67,73,58,61,103683,87,0,0,80291,1,23392,86,67,73,67,73,58,61,103683,87,0,0,80291,1,23392,86,67,73,67,73,58,61,103683,87,0,0,80291,1,23392,86,67,73,67,73,58,61,103683,87,0,0,80291,1,23392,86,67,73,67,73,58,61,103683,87,0,0,80291,1,23392,86,67,73,67,73,58,61,103683,87,0,0,80291,1,23392,86
295,0,1000,0,0,1000,0,1000,67,73,67,73,59,63,0,0,0,0,0,0,0,0,67,73,67,73,59,63,0,0,0,0,0,0,0,0,67,73,67,73,59,63,0,0,0,0,0,0,0,0,67,73,67,73,59,63,0,0,0,0,0,0,0,0,67,73,67,73,59,63,0,0,0,0,0,0,0,0,67,73,67,73,59,63,0,0,0,0,0,0,0,0
296,0,1000,0,0,1000,0,1000,67,73,67,73,59,63,0,0,0,0,0,0,0,0,67,73,67,73,59,63,0,0,0,0,0,0,0,0,67,73,67,73,59,63,0,0,0,0,0,0,0,0,67,73,67,73,59,63,0,0,0,0,0,0,0,0,67,73,67,73,59,63,0,0,0,0,0,0,0,0,67,73,67,73,59,63,0,0,0,0,0,0,0,0
297,0,1000,0,0,1000,0,1000,67,73,67,73,59,63,166380,2,166380,2,0,0,0,0,67,73,67,73,59,63,166380,2,166380,2,0,0,0,0,67,73,67,73,59,63,166380,2,166380,2,0,0,0,0,67,73,67,73,59,63,166380,2,166380,2,0,0,0,0,67,73,67,73,59,63,166380,2,166380,2,0,0,0,0,67,73,67,73,59,63,166380,2,166380,2,0,0,0,0
298,0,1000,0,0,1000,0,1000,68,74,68,74,59,63,106131,96,0,0,80291,1,25840,95,68,74,68,74,59,63,106131,96,0,0,80291,1,25840,95,68,74,68,74,59,63,106131,96,0,0,80291,1,25840,95,68,74,68,74,59,63,106131,96,0,0,80291,1,25840,95,68,74,68,74,59,63,106131,96,0,0,80291,1,25840,95,68,74,68,74,59,63,106131,96,0,0,80291,1,25840,95
299,0,1000,0,0,1000,0,1000,68,74,68,74,60,64,0,0,0,0,0,0,0,0,68,74,68,74,60,64,0,0,0,0,0,0,0,0,68,74,68,74,60,64,0,0,0,0,0,0,0,0,68,74,68,74,60,64,0,0,0,0,0,0,0,0,68,74,68,74,60,64,0,0,0,0,0,0,0,0,68,74,68,74,60,64,0,0,0,0,0,0,0,0
300,0,1000,0,0,1000,0,1000,68,74,68,74,60,64,0,0,0,0,0,0,0,0,68,74,68,74,60,64,0,0,0,0,0,0,0,0,68,74,68,74,60,64,0,0,0,0,0,0,0,0,68,74,68,74,60,64,0,0,0,0,0,0,0,0,68,74,68,74,60,64,0,0,0,0,0,0,0,0,68,74,68,74,60,64,0,0,0,0,0,0,0,0
301,0,1000,0,0,1000,0,1000,68,74,68,74,60,64,250437,3,250437,3,0,0,0,0,68,74,68,74,60,64,250437,3,250437,3,0,0,0,0,68,74,68,74,60,64,250437,3,250437,3,0,0,0,0,68,74,68,74,60,64,250437,3,250437,3,0,0,0,0,68,74,68,74,60,64,250437,3,250437,3,0,0,0,0,68,74,68,74,60,64,250437,3,250437,3,0,0,0,0
302,0,1000,0,0,1000,0,1000,69,75,69,75,60,64,111571,116,0,0,80291,1,31280,115,69,75,69,75,60,64,111571,116,0,0,80291,1,31280,115,69,75,69,75,60,64,111571,116,0,0,80291,1,31280,115,69,75,69,75,60,64,111571,116,0,0,80291,1,31280,115,69,75,69,75,60,64,111571,116,0,0,80291,1,31280,115,69,75,69,75,60,64,111571,116,0,0,80291,1,31280,115
303,0,1000,0,0,1000,0,1000,69,75,69,75,61,65,0,0,0,0,0,0,0,0,69,75,69,75,61,65,0,0,0,0,0,0,0,0,69,75,69,75,61,65,0,0,0,0,0,0,0,0,69,75,69,75,61,65,0,0,0,0,0,0,0,0,69,75,69,75,61,65,0,0,0,0,0,0,0,0,69,75,69,75,61,65,0,0,0,0,0,0,0,0

digraph G {
  rankdir=BT;
  style=filled;
  color=lightgrey;
  node [shape=box,style=filled,color=white];
  b_H0qFBZX3sL7 [label="H(0qFBZX3sL7)\nt=19 id=452"];
  b_H82vgtyuo7D [label="H(82vgtyuo7D)\nt=38 id=440"];
  b_HC4ThopZ7oM [label="H(C4ThopZ7oM)\nt=9 id=239"];
  b_HN3GRxzJ2s [label="H(N3GRxz/J2s)\nt=30 id=472"];
  b_HnbucvY7ISb [label="H(nbucvY7ISb)\nt=45 id=900"];
  b_HD12j42d86l [label="H(D12j42d86l)\nt=65 id=367"];
  b_Hm5A5J8Gt8b [label="H(m5A5J8Gt8b)\nt=58 id=214"];
  b_HKb64KiohHI [label="H(Kb64KiohHI)\nt=70 id=74"];
  b_HkK04j2ceMA [label="H(kK04j2ceMA)\nt=5 id=921"];
  b_HNRr4fUPViW [label="H(NRr4fUPViW)\nt=33 id=753"];
  b_HkcAZvTCM [label="H(/k+cAZvTCM)\nt=41 id=541"];
  b_HfpR5KrfQQ [label="H(+fpR5KrfQQ)\nt=46 id=944"];
  b_H5O9hWWy679 [label="H(5O9hWWy679)\nt=47 id=258"];
  b_HHfqUhzmBw [label="H(H+fqUhzmBw)\nt=61 id=636"];
  b_HYlnNtYTNl [label="H(YlnNt+YTNl)\nt=10 id=876"];
  b_HhYQHhFtOHy [label="H(hYQHhFtOHy)\nt=53 id=352"];
  b_HzUIcsqYNOF [label="H(zUIcsqYNOF)\nt=63 id=393"];
  b_HVRmuabll5 [label="H(VR+muabll5)\nt=8 id=351"];
  b_HGInVW3QJUw [label="H(GInVW3QJUw)\nt=52 id=188"];
  b_HYbzonUCTLf [label="H(YbzonUCTLf)\nt=12 id=441"];
  b_HmqzeZy0Tzs [label="H(mqzeZy0Tzs)\nt=1 id=376"];
  b_HmDuG33Oxd [label="H(/mDuG33Oxd)\nt=29 id=337"];
  b_HczZ2eUQjza [label="H(czZ2eUQjza)\nt=20 id=983"];
  b_H8pHjeXkB0W [label="H(8pHjeXkB0W)\nt=11 id=357"];
  b_HGbHCGbypKQ [label="H(GbHCGbypKQ)\nt=27 id=692"];
  b_HxKmzNMrTrZ [label="H(xKmzNMrTrZ)\nt=16 id=681"];
  b_HfqR6rYvbEA [label="H(fqR6rYvbEA)\nt=35 id=247"];
  b_HFAXJ7NGLX [label="H(FAXJ7+NGLX)\nt=36 id=164"];
  b_HEI9XQT6StS [label="H(EI9XQT6StS)\nt=64 id=484"];
  b_HBoN5bg1IYu [label="H(BoN5bg1IYu)\nt=72 id=298"];
  b_H2MWF5pOq4r [label="H(2MWF5pOq4r)\nt=44 id=106"];
  b_H05H04kL44 [label="H(05H04kL+44)\nt=25 id=457"];
  b_HssX3emTQnF [label="H(ssX3emTQnF)\nt=71 id=234"];
  b_HmJYWhuE7NB [label="H(mJYWhuE7NB)\nt=17 id=197"];
  b_HnybIvcYu1g [label="H(nybIvcYu1g)\nt=42 id=832"];
  b_HGmaYMOtD [label="H(Gm/aYMO+tD)\nt=73 id=752"];
  b_HRCOz7K2Ktz [label="H(RCOz7K2Ktz)\nt=50 id=453"];
  b_H4qLHiizWy6 [label="H(4qLHiizWy6)\nt=22 id=770"];
  b_HCzrsTc5xXk [label="H(CzrsTc5xXk)\nt=31 id=550"];
  b_HzBSfymoRfF [label="H(zBSfymoRfF)\nt=4 id=814"];
  b_HJcHCrqxjN6 [label="H(JcHCrqxjN6)\nt=39 id=266"];
  b_HWQcHfjeODy [label="H(WQcHfjeODy)\nt=49 id=96"];
  b_H9gYFoqo1X [label="H(9gYFoq+o1X)\nt=69 id=696"];
  b_HR4Ys8qr7kx [label="H(R4Ys8qr7kx)\nt=14 id=559"];
  b_H32sow4Mq60 [label="H(32sow4Mq60)\nt=51 id=542"];
  b_Hc26USyM [label="H(c26+USy/M+)\nt=2 id=713"];
  b_HzuLJ1BXtKS [label="H(zuLJ1BXtKS)\nt=34 id=926"];
  b_HGXE4gzztxi [label="H(GXE4gzztxi)\nt=54 id=285"];
  b_HYNNs6MH96D [label="H(YNNs6MH96D)\nt=56 id=753"];
  b_H4keQh0u5Rn [label="H(4keQh0u5Rn)\nt=24 id=299"];
  b_HJisi5CBHmk [label="H(Jisi5CBHmk)\nt=32 id=425"];
  b_HFTODeCfoja [label="H(FTODeCfoja)\nt=37 id=369"];
  b_HCN99XvVjE [label="H(CN99/XvVjE)\nt=26 id=516"];
  b_HyQR0Gy2NNh [label="H(yQR0Gy2NNh)\nt=7 id=540"];
  b_HaDr4xAMSIv [label="H(aDr4xAMSIv)\nt=43 id=613"];
  b_HgAj9fpVHoJ [label="H(gAj9fpVHoJ)\nt=75 id=694"];
  b_HrxK67KPbc7 [label="H(rxK67KPbc7)\nt=57 id=328"];
  b_HOb3ob7oowd [label="H(Ob3ob7oowd)\nt=6 id=855"];
  b_HjVsdkktCtF [label="H(jVsdkktCtF)\nt=23 id=63"];
  b_Hjyy7CIhikX [label="H(jyy7CIhikX)\nt=60 id=896"];
  b_Ht44WbQzmTg [label="H(t44WbQzmTg)\nt=15 id=565"];
  b_HhTYWb4HXf [label="H(/hTYWb4HXf)\nt=3 id=915"];
  b_HHXbh3M5s7C [label="H(HXbh3M5s7C)\nt=21 id=782"];
  b_HgQdF3HjAM [label="H(/gQdF3HjAM)\nt=59 id=163"];
  b_HssLtl8QlEZ [label="H(ssLtl8QlEZ)\nt=74 id=826"];
  b_Hx4unW6S8vF [label="H(x4unW6S8vF)\nt=68 id=560"];
  b_H191ig77cMX [label="H(191ig77cMX)\nt=48 id=423"];
  b_HtfjqBmd7q [label="H(tfjq+Bmd7q)\n"];
  b_H0nVCb2knyX [label="H(0nVCb2knyX)\nt=18 id=374"];
  b_H885l3rDMPC [label="H(885l3rDMPC)\nt=13 id=534"];
  b_H0qFBZX3sL7 -> b_H0nVCb2knyX;
  b_H82vgtyuo7D -> b_HFTODeCfoja;
  b_HC4ThopZ7oM -> b_HVRmuabll5;
  b_HN3GRxzJ2s -> b_HmDuG33Oxd;
  b_HnbucvY7ISb -> b_H2MWF5pOq4r;
  b_HD12j42d86l -> b_HEI9XQT6StS;
  b_Hm5A5J8Gt8b -> b_HrxK67KPbc7;
  b_HKb64KiohHI -> b_H9gYFoqo1X;
  b_HkK04j2ceMA -> b_HzBSfymoRfF;
  b_HNRr4fUPViW -> b_HJisi5CBHmk;
  b_HkcAZvTCM -> b_HJcHCrqxjN6;
  b_HfpR5KrfQQ -> b_HnbucvY7ISb;
  b_H5O9hWWy679 -> b_HfpR5KrfQQ;
  b_HHfqUhzmBw -> b_Hjyy7CIhikX;
  b_HYlnNtYTNl -> b_HC4ThopZ7oM;
  b_HhYQHhFtOHy -> b_HGInVW3QJUw;
  b_HzUIcsqYNOF -> b_HHfqUhzmBw;
  b_HVRmuabll5 -> b_HyQR0Gy2NNh;
  b_HGInVW3QJUw -> b_H32sow4Mq60;
  b_HYbzonUCTLf -> b_H8pHjeXkB0W;
  b_HmqzeZy0Tzs -> b_HtfjqBmd7q;
  b_HmDuG33Oxd -> b_HGbHCGbypKQ;
  b_HczZ2eUQjza -> b_H0qFBZX3sL7;
  b_H8pHjeXkB0W -> b_HYlnNtYTNl;
  b_HGbHCGbypKQ -> b_HCN99XvVjE;
  b_HxKmzNMrTrZ -> b_Ht44WbQzmTg;
  b_HfqR6rYvbEA -> b_HzuLJ1BXtKS;
  b_HFAXJ7NGLX -> b_HfqR6rYvbEA;
  b_HEI9XQT6StS -> b_HzUIcsqYNOF;
  b_HBoN5bg1IYu -> b_HssX3emTQnF;
  b_H2MWF5pOq4r -> b_HaDr4xAMSIv;
  b_H05H04kL44 -> b_H4keQh0u5Rn;
  b_HssX3emTQnF -> b_HKb64KiohHI;
  b_HmJYWhuE7NB -> b_HxKmzNMrTrZ;
  b_HnybIvcYu1g -> b_HkcAZvTCM;
  b_HGmaYMOtD -> b_HBoN5bg1IYu;
  b_HRCOz7K2Ktz -> b_HWQcHfjeODy;
  b_H4qLHiizWy6 -> b_HHXbh3M5s7C;
  b_HCzrsTc5xXk -> b_HN3GRxzJ2s;
  b_HzBSfymoRfF -> b_HhTYWb4HXf;
  b_HJcHCrqxjN6 -> b_H82vgtyuo7D;
  b_HWQcHfjeODy -> b_H191ig77cMX;
  b_H9gYFoqo1X -> b_Hx4unW6S8vF;
  b_HR4Ys8qr7kx -> b_H885l3rDMPC;
  b_H32sow4Mq60 -> b_HRCOz7K2Ktz;
  b_Hc26USyM -> b_HmqzeZy0Tzs;
  b_HzuLJ1BXtKS -> b_HNRr4fUPViW;
  b_HGXE4gzztxi -> b_HhYQHhFtOHy;
  b_HYNNs6MH96D -> b_HGXE4gzztxi;
  b_H4keQh0u5Rn -> b_HjVsdkktCtF;
  b_HJisi5CBHmk -> b_HCzrsTc5xXk;
  b_HFTODeCfoja -> b_HFAXJ7NGLX;
  b_HCN99XvVjE -> b_H05H04kL44;
  b_HyQR0Gy2NNh -> b_HOb3ob7oowd;
  b_HaDr4xAMSIv -> b_HnybIvcYu1g;
  b_HgAj9fpVHoJ -> b_HssLtl8QlEZ;
  b_HrxK67KPbc7 -> b_HYNNs6MH96D;
  b_HOb3ob7oowd -> b_HkK04j2ceMA;
  b_HjVsdkktCtF -> b_H4qLHiizWy6;
  b_Hjyy7CIhikX -> b_HgQdF3HjAM;
  b_Ht44WbQzmTg -> b_HR4Ys8qr7kx;
  b_HhTYWb4HXf -> b_Hc26USyM;
  b_HHXbh3M5s7C -> b_HczZ2eUQjza;
  b_HgQdF3HjAM -> b_Hm5A5J8Gt8b;
  b_HssLtl8QlEZ -> b_HGmaYMOtD;
  b_Hx4unW6S8vF -> b_HD12j42d86l;
  b_H191ig77cMX -> b_H5O9hWWy679;
  b_H0nVCb2knyX -> b_HmJYWhuE7NB;
  b_H885l3rDMPC -> b_HYbzonUCTLf;
  v_HutPVGh6Qwm [label="id=300 t=75"];
  v_HutPVGh6Qwm -> b_HgAj9fpVHoJ;
  v_HVNeaOj53rM [label="id=980 t=75"];
  v_HVNeaOj53rM -> b_HgAj9fpVHoJ;
  v_HPHv9yqn38d [label="id=749 t=75"];
  v_HPHv9yqn38d -> b_HgAj9fpVHoJ;
  v_HgdwpK2vgSr [label="id=178 t=75"];
  v_HgdwpK2vgSr -> b_HgAj9fpVHoJ;
  v_HWgooHEISQa [label="id=256 t=75"];
  v_HWgooHEISQa -> b_HgAj9fpVHoJ;
  v_HcX2I5icgi [label="id=589 t=75"];
  v_HcX2I5icgi -> b_HgAj9fpVHoJ;
  v_H44i0rr6kYS [label="id=896 t=75"];
  v_H44i0rr6kYS -> b_HgAj9fpVHoJ;
  v_HHxmcBeijY [label="id=909 t=75"];
  v_HHxmcBeijY -> b_HgAj9fpVHoJ;
  v_H5335WVJxF [label="id=500 t=75"];
  v_H5335WVJxF -> b_HgAj9fpVHoJ;
  v_HpgYSQ9JGoQ [label="id=679 t=75"];
  v_HpgYSQ9JGoQ -> b_HgAj9fpVHoJ;
  v_HS4z2w6l73 [label="id=696 t=75"];
  v_HS4z2w6l73 -> b_HgAj9fpVHoJ;
  v_H5pOxRoiFwO [label="id=540 t=75"];
  v_H5pOxRoiFwO -> b_HgAj9fpVHoJ;
  v_HxtH1sfdOVP [label="id=328 t=75"];
  v_HxtH1sfdOVP -> b_HgAj9fpVHoJ;
  v_HzmQadZGrX [label="id=493 t=75"];
  v_HzmQadZGrX -> b_HgAj9fpVHoJ;
  v_H0sd5giNIH [label="id=57 t=75"];
  v_H0sd5giNIH -> b_HgAj9fpVHoJ;
  v_HrugmD1qMhP [label="id=979 t=75"];
  v_HrugmD1qMhP -> b_HgAj9fpVHoJ;
  v_H41XhAWdv0 [label="id=983 t=75"];
  v_H41XhAWdv0 -> b_HgAj9fpVHoJ;
  v_HXm54UmgNJi [label="id=5 t=75"];
  v_HXm54UmgNJi -> b_HgAj9fpVHoJ;
  v_HYv1r9Iehl6 [label="id=935 t=75"];
  v_HYv1r9Iehl6 -> b_HgAj9fpVHoJ;
  v_HOuXp1NKMF [label="id=537 t=75"];
  v_HOuXp1NKMF -> b_HgAj9fpVHoJ;
  v_HDnuCnNd2AU [label="id=136 t=75"];
  v_HDnuCnNd2AU -> b_HgAj9fpVHoJ;
  v_HMwIhSOhMu [label="id=382 t=75"];
  v_HMwIhSOhMu -> b_HgAj9fpVHoJ;
  v_HUNbubiPWge [label="id=826 t=75"];
  v_HUNbubiPWge -> b_HgAj9fpVHoJ;
  v_HB57GiJZP6H [label="id=498 t=75"];
  v_HB57GiJZP6H -> b_HgAj9fpVHoJ;
  v_H4CLtUaLLeY [label="id=181 t=75"];
  v_H4CLtUaLLeY -> b_HgAj9fpVHoJ;
  v_H7R44LRqzOy [label="id=446 t=75"];
  v_H7R44LRqzOy -> b_HgAj9fpVHoJ;
  v_HQ2hrCkTlce [label="id=721 t=75"];
  v_HQ2hrCkTlce -> b_HgAj9fpVHoJ;
  v_HkRa3AgRnLX [label="id=48 t=75"];
  v_HkRa3AgRnLX -> b_HgAj9fpVHoJ;
  v_HuyGzhTZTIB [label="id=376 t=75"];
  v_HuyGzhTZTIB -> b_HgAj9fpVHoJ;
  v_HOCynwgNGF [label="id=425 t=75"];
  v_HOCynwgNGF -> b_HgAj9fpVHoJ;
  v_HejsxwKYLOf [label="id=130 t=75"];
  v_HejsxwKYLOf -> b_HgAj9fpVHoJ;
  v_HZqCCutvrsf [label="id=560 t=75"];
  v_HZqCCutvrsf -> b_HgAj9fpVHoJ;
  v_Hzh46uyfsGY [label="id=66 t=75"];
  v_Hzh46uyfsGY -> b_HgAj9fpVHoJ;
  v_HzBzO9lx37Y [label="id=50 t=75"];
  v_HzBzO9lx37Y -> b_HgAj9fpVHoJ;
  v_HAH3du1inS3 [label="id=65 t=75"];
  v_HAH3du1inS3 -> b_HgAj9fpVHoJ;
  v_H1BI2W4Duo0 [label="id=542 t=75"];
  v_H1BI2W4Duo0 -> b_HgAj9fpVHoJ;
  v_HF97HfgabI [label="id=266 t=75"];
  v_HF97HfgabI -> b_HgAj9fpVHoJ;
  v_Hmf2SAcCdbH [label="id=264 t=75"];
  v_Hmf2SAcCdbH -> b_HgAj9fpVHoJ;
  v_H8qWMoCf8JE [label="id=688 t=75"];
  v_H8qWMoCf8JE -> b_HgAj9fpVHoJ;
  v_HaWhm2d65C [label="id=61 t=75"];
  v_HaWhm2d65C -> b_HgAj9fpVHoJ;
  v_HH5AQ5z5ZhS [label="id=235 t=75"];
  v_HH5AQ5z5ZhS -> b_HgAj9fpVHoJ;
  v_Hx5XXZF6Vi [label="id=471 t=75"];
  v_Hx5XXZF6Vi -> b_HgAj9fpVHoJ;
  v_H9JLWqdpOm [label="id=187 t=75"];
  v_H9JLWqdpOm -> b_HgAj9fpVHoJ;
  v_HSUBMYZQSN7 [label="id=167 t=75"];
  v_HSUBMYZQSN7 -> b_HgAj9fpVHoJ;
  v_HppmADsz8Ts [label="id=373 t=75"];
  v_HppmADsz8Ts -> b_HgAj9fpVHoJ;
  v_HagRthHU1yl [label="id=654 t=75"];
  v_HagRthHU1yl -> b_HgAj9fpVHoJ;
  v_Hv8363NBqG [label="id=91 t=75"];
  v_Hv8363NBqG -> b_HgAj9fpVHoJ;
  v_Hx8aPNG9f6j [label="id=372 t=75"];
  v_Hx8aPNG9f6j -> b_HgAj9fpVHoJ;
  v_HiWgA71Duq9 [label="id=353 t=75"];
  v_HiWgA71Duq9 -> b_HgAj9fpVHoJ;
  v_Hw9rCqDe7eh [label="id=652 t=75"];
  v_Hw9rCqDe7eh -> b_HgAj9fpVHoJ;
  v_HX3qomgVXZj [label="id=28 t=75"];
  v_HX3qomgVXZj -> b_HgAj9fpVHoJ;
  v_HA0neVwnaov [label="id=738 t=75"];
  v_HA0neVwnaov -> b_HgAj9fpVHoJ;
  v_HYeb99vGXz8 [label="id=642 t=75"];
  v_HYeb99vGXz8 -> b_HgAj9fpVHoJ;
  v_HKdYrKI8X9n [label="id=623 t=75"];
  v_HKdYrKI8X9n -> b_HgAj9fpVHoJ;
  v_HCQvOZf2Esq [label="id=812 t=75"];
  v_HCQvOZf2Esq -> b_HgAj9fpVHoJ;
  v_HBgaIuU64Pm [label="id=900 t=75"];
  v_HBgaIuU64Pm -> b_HgAj9fpVHoJ;
  v_HJPEIrk8Xs4 [label="id=67 t=75"];
  v_HJPEIrk8Xs4 -> b_HgAj9fpVHoJ;
  v_H5wSRfzLrx1 [label="id=497 t=75"];
  v_H5wSRfzLrx1 -> b_HgAj9fpVHoJ;
  v_HjxCaZMtZFm [label="id=295 t=75"];
  v_HjxCaZMtZFm -> b_HgAj9fpVHoJ;
  v_HC2iW4p6EYi [label="id=369 t=75"];
  v_HC2iW4p6EYi -> b_HgAj9fpVHoJ;
  v_HIaPrelKOV [label="id=149 t=75"];
  v_HIaPrelKOV -> b_HgAj9fpVHoJ;
  v_HPxXP7twmQB [label="id=110 t=75"];
  v_HPxXP7twmQB -> b_HgAj9fpVHoJ;
  v_HZ5hcgpSZiA [label="id=404 t=75"];
  v_HZ5hcgpSZiA -> b_HgAj9fpVHoJ;
  v_HH9IrxAzlfL [label="id=920 t=75"];
  v_HH9IrxAzlfL -> b_HgAj9fpVHoJ;
  v_HdKc4SJSaH9 [label="id=823 t=75"];
  v_HdKc4SJSaH9 -> b_HgAj9fpVHoJ;
  v_HJjGseQmD8X [label="id=319 t=75"];
  v_HJjGseQmD8X -> b_HgAj9fpVHoJ;
  v_H4MrTvqrpCE [label="id=714 t=75"];
  v_H4MrTvqrpCE -> b_HgAj9fpVHoJ;
  v_Hxfve6g1ZeZ [label="id=905 t=75"];
  v_Hxfve6g1ZeZ -> b_HgAj9fpVHoJ;
  v_HDK7TOUOodN [label="id=720 t=75"];
  v_HDK7TOUOodN -> b_HgAj9fpVHoJ;
  v_HTZbcrQyvas [label="id=972 t=75"];
  v_HTZbcrQyvas -> b_HgAj9fpVHoJ;
  v_HYTVmls7zDy [label="id=508 t=75"];
  v_HYTVmls7zDy -> b_HgAj9fpVHoJ;
  v_HGdlNFnwFs7 [label="id=906 t=75"];
  v_HGdlNFnwFs7 -> b_HgAj9fpVHoJ;
  v_HHUPOmPjlxP [label="id=89 t=75"];
  v_HHUPOmPjlxP -> b_HgAj9fpVHoJ;
  v_HwirrkReLK [label="id=55 t=75"];
  v_HwirrkReLK -> b_HgAj9fpVHoJ;
  v_HiiuehHfRtu [label="id=665 t=75"];
  v_HiiuehHfRtu -> b_HgAj9fpVHoJ;
  v_HJyJktdkuKw [label="id=183 t=75"];
  v_HJyJktdkuKw -> b_HgAj9fpVHoJ;
  v_HidcOMue4yv [label="id=566 t=75"];
  v_HidcOMue4yv -> b_HgAj9fpVHoJ;
  v_HXqX5svdctg [label="id=719 t=75"];
  v_HXqX5svdctg -> b_HgAj9fpVHoJ;
  v_HiA0om72z8W [label="id=421 t=75"];
  v_HiA0om72z8W -> b_HgAj9fpVHoJ;
  v_HUfrgfGddc [label="id=941 t=75"];
  v_HUfrgfGddc -> b_HgAj9fpVHoJ;
  v_Hh2crIck0PG [label="id=880 t=75"];
  v_Hh2crIck0PG -> b_HgAj9fpVHoJ;
  v_HGN8yD6Qixz [label="id=0 t=75"];
  v_HGN8yD6Qixz -> b_HgAj9fpVHoJ;
  v_HNpuZDJEWc7 [label="id=878 t=75"];
  v_HNpuZDJEWc7 -> b_HgAj9fpVHoJ;
  v_HqkpSWwQhSX [label="id=424 t=75"];
  v_HqkpSWwQhSX -> b_HgAj9fpVHoJ;
  v_HujEvgb8zf [label="id=26 t=75"];
  v_HujEvgb8zf -> b_HgAj9fpVHoJ;
  v_Hrlq9ZRa0rj [label="id=200 t=75"];
  v_Hrlq9ZRa0rj -> b_HgAj9fpVHoJ;
  v_HxHpzukwGQp [label="id=431 t=75"];
  v_HxHpzukwGQp -> b_HgAj9fpVHoJ;
  v_HODYzVqW2ky [label="id=166 t=75"];
  v_HODYzVqW2ky -> b_HgAj9fpVHoJ;
  v_HrFifaQuz4Q [label="id=733 t=75"];
  v_HrFifaQuz4Q -> b_HgAj9fpVHoJ;
  v_HPA3oK8U7vw [label="id=384 t=75"];
  v_HPA3oK8U7vw -> b_HgAj9fpVHoJ;
  v_Hl4gfgl6W88 [label="id=588 t=75"];
  v_Hl4gfgl6W88 -> b_HgAj9fpVHoJ;
  v_Hz1Lpm0tSKA [label="id=422 t=75"];
  v_Hz1Lpm0tSKA -> b_HgAj9fpVHoJ;
  v_HgfvjrM66Fv [label="id=766 t=75"];
  v_HgfvjrM66Fv -> b_HgAj9fpVHoJ;
  v_HqpJmFoizvD [label="id=324 t=75"];
  v_HqpJmFoizvD -> b_HgAj9fpVHoJ;
  v_HS5GyqhVjJY [label="id=849 t=75"];
  v_HS5GyqhVjJY -> b_HgAj9fpVHoJ;
  v_HEOcXgi0jFF [label="id=879 t=75"];
  v_HEOcXgi0jFF -> b_HgAj9fpVHoJ;
  v_HQDURKFiCHC [label="id=62 t=75"];
  v_HQDURKFiCHC -> b_HgAj9fpVHoJ;
  v_HFWSHVBjwd [label="id=603 t=75"];
  v_HFWSHVBjwd -> b_HgAj9fpVHoJ;
  v_HvnNcRK4vn [label="id=903 t=75"];
  v_HvnNcRK4vn -> b_HgAj9fpVHoJ;
  v_Hp2DBSWOv52 [label="id=516 t=75"];
  v_Hp2DBSWOv52 -> b_HgAj9fpVHoJ;
  v_H7ve36ajLHv [label="id=202 t=75"];
  v_H7ve36ajLHv -> b_HgAj9fpVHoJ;
  v_HEj0IrSvrUf [label="id=95 t=75"];
  v_HEj0IrSvrUf -> b_HgAj9fpVHoJ;
  v_Hz98OEnD8YQ [label="id=774 t=75"];
  v_Hz98OEnD8YQ -> b_HgAj9fpVHoJ;
  v_Hj9BTBuxehX [label="id=890 t=75"];
  v_Hj9BTBuxehX -> b_HgAj9fpVHoJ;
  v_HPdhmyleLLJ [label="id=64 t=75"];
  v_HPdhmyleLLJ -> b_HgAj9fpVHoJ;
  v_HIU2ef24AbA [label="id=978 t=75"];
  v_HIU2ef24AbA -> b_HgAj9fpVHoJ;
  v_HFbczxizH6L [label="id=527 t=75"];
  v_HFbczxizH6L -> b_HgAj9fpVHoJ;
  v_HvaSYIdiCrr [label="id=782 t=75"];
  v_HvaSYIdiCrr -> b_HgAj9fpVHoJ;
  v_H82t2lYST [label="id=822 t=75"];
  v_H82t2lYST -> b_HgAj9fpVHoJ;
  v_Hs5VtQYyrcW [label="id=318 t=75"];
  v_Hs5VtQYyrcW -> b_HgAj9fpVHoJ;
  v_Hp64E1uN4yD [label="id=550 t=75"];
  v_Hp64E1uN4yD -> b_HgAj9fpVHoJ;
  v_HPKficYdlGE [label="id=647 t=75"];
  v_HPKficYdlGE -> b_HgAj9fpVHoJ;
  v_HYmDkv34w [label="id=131 t=75"];
  v_HYmDkv34w -> b_HgAj9fpVHoJ;
  v_HwTRA7PD1XM [label="id=745 t=75"];
  v_HwTRA7PD1XM -> b_HgAj9fpVHoJ;
  v_HCWieiqQ5 [label="id=398 t=75"];
  v_HCWieiqQ5 -> b_HgAj9fpVHoJ;
}


ALWAYS AWAKE final ledgers: 69 75 69 75 61 65
ALWAYS AWAKE total communication: 22779170 7738
ALWAYS AWAKE blocks communication: 5540067 69
ALWAYS AWAKE votes communication: 2036464 7487
ALWAYS AWAKE proposals communication: 15202639 182
