r,n_asleep,n_awake,n_honest_asleep,n_honest_dreamy,n_honest_awake,n_adversary,n_all,party0_ledger_best_length,party0_ledger_best_age,party0_ledger_fast_length,party0_ledger_fast_age,party0_ledger_slow_length,party0_ledger_slow_age,party0_comms_all_size,party0_comms_all_count,party0_comms_proposal_size,party0_comms_proposal_count,party0_comms_piece_block_size,party0_comms_piece_block_count,party0_comms_piece_vote_size,party0_comms_piece_vote_count,party1_ledger_best_length,party1_ledger_best_age,party1_ledger_fast_length,party1_ledger_fast_age,party1_ledger_slow_length,party1_ledger_slow_age,party1_comms_all_size,party1_comms_all_count,party1_comms_proposal_size,party1_comms_proposal_count,party1_comms_piece_block_size,party1_comms_piece_block_count,party1_comms_piece_vote_size,party1_comms_piece_vote_count,party2_ledger_best_length,party2_ledger_best_age,party2_ledger_fast_length,party2_ledger_fast_age,party2_ledger_slow_length,party2_ledger_slow_age,party2_comms_all_size,party2_comms_all_count,party2_comms_proposal_size,party2_comms_proposal_count,party2_comms_piece_block_size,party2_comms_piece_block_count,party2_comms_piece_vote_size,party2_comms_piece_vote_count,party3_ledger_best_length,party3_ledger_best_age,party3_ledger_fast_length,party3_ledger_fast_age,party3_ledger_slow_length,party3_ledger_slow_age,party3_comms_all_size,party3_comms_all_count,party3_comms_proposal_size,party3_comms_proposal_count,party3_comms_piece_block_size,party3_comms_piece_block_count,party3_comms_piece_vote_size,party3_comms_piece_vote_count,party4_ledger_best_length,party4_ledger_best_age,party4_ledger_fast_length,party4_ledger_fast_age,party4_ledger_slow_length,party4_ledger_slow_age,party4_comms_all_size,party4_comms_all_count,party4_comms_proposal_size,party4_comms_proposal_count,party4_comms_piece_block_size,party4_comms_piece_block_count,party4_comms_piece_vote_size,party4_comms_piece_vote_count,partyALWAYSAWAKE_ledger_best_length,partyALWAYSAWAKE_ledger_best_age,partyALWAYSAWAKE_ledger_fast_length,partyALWAYSAWAKE_ledger_fast_age,partyALWAYSAWAKE_ledger_slow_length,partyALWAYSAWAKE_ledger_slow_age,partyALWAYSAWAKE_comms_all_size,partyALWAYSAWAKE_comms_all_count,partyALWAYSAWAKE_comms_proposal_size,partyALWAYSAWAKE_comms_proposal_count,partyALWAYSAWAKE_comms_piece_block_size,partyALWAYSAWAKE_comms_piece_block_count,partyALWAYSAWAKE_comms_piece_vote_size,partyALWAYSAWAKE_comms_piece_vote_count
4,0,1000,0,0,1000,0,1000,0,0,0,0,0,0,0,0,0,0,0,0,0,0,0,0,0,0,0,0,0,0,0,0,0,0,0,0,0,0,0,0,0,0,0,0,0,0,0,0,0,0,0,0,0,0,0,0,0,0,0,0,0,0,0,0,0,0,0,0,0,0,0,0,0,0,0,0,0,0,0,0,0,0,0,0,0,0,0,0,0,0,0,0
5,0,1000,0,0,1000,0,1000,0,0,0,0,0,0,0,0,0,0,0,0,0,0,0,0,0,0,0,0,0,0,0,0,0,0,0,0,0,0,0,0,0,0,0,0,0,0,0,0,0,0,0,0,0,0,0,0,0,0,0,0,0,0,0,0,0,0,0,0,0,0,0,0,0,0,0,0,0,0,0,0,0,0,0,0,0,0,0,0,0,0,0,0
6,0,1000,0,0,1000,0,1000,0,0,0,0,0,0,25024,92,0,0,0,0,25024,92,0,0,0,0,0,0,25024,92,0,0,0,0,25024,92,0,0,0,0,0,0,25024,92,0,0,0,0,25024,92,0,0,0,0,0,0,25024,92,0,0,0,0,25024,92,0,0,0,0,0,0,25024,92,0,0,0,0,25024,92,0,0,0,0,0,0,25024,92,0,0,0,0,25024,92
7,0,1000,0,0,1000,0,1000,0,0,0,0,0,0,0,0,0,0,0,0,0,0,0,0,0,0,0,0,0,0,0,0,0,0,0,0,0,0,0,0,0,0,0,0,0,0,0,0,0,0,0,0,0,0,0,0,0,0,0,0,0,0,0,0,0,0,0,0,0,0,0,0,0,0,0,0,0,0,0,0,0,0,0,0,0,0,0,0,0,0,0,0
8,0,1000,0,0,1000,0,1000,0,0,0,0,0,0,0,0,0,0,0,0,0,0,0,0,0,0,0,0,0,0,0,0,0,0,0,0,0,0,0,0,0,0,0,0,0,0,0,0,0,0,0,0,0,0,0,0,0,0,0,0,0,0,0,0,0,0,0,0,0,0,0,0,0,0,0,0,0,0,0,0,0,0,0,0,0,0,0,0,0,0,0,0
9,0,1000,0,0,1000,0,1000,0,0,0,0,0,0,6764,2,6764,2,0,0,0,0,0,0,0,0,0,0,6764,2,6764,2,0,0,0,0,0,0,0,0,0,0,6764,2,6764,2,0,0,0,0,0,0,0,0,0,0,6764,2,6764,2,0,0,0,0,0,0,0,0,0,0,6764,2,6764,2,0,0,0,0,0,0,0,0,0,0,6764,2,6764,2,0,0,0,0
10,0,1000,0,0,1000,0,1000,1,2,1,2,0,0,27762,102,0,0,290,1,27472,101,1,2,1,2,0,0,27762,102,0,0,290,1,27472,101,1,2,1,2,0,0,27762,102,0,0,290,1,27472,101,1,2,1,2,0,0,27762,102,0,0,290,1,27472,101,1,2,1,2,0,0,27762,102,0,0,290,1,27472,101,1,2,1,2,0,0,27762,102,0,0,290,1,27472,101
11,0,1000,0,0,1000,0,1000,1,2,1,2,0,0,0,0,0,0,0,0,0,0,1,2,1,2,0,0,0,0,0,0,0,0,0,0,1,2,1,2,0,0,0,0,0,0,0,0,0,0,1,2,1,2,0,0,0,0,0,0,0,0,0,0,1,2,1,2,0,0,0,0,0,0,0,0,0,0,1,2,1,2,0,0,0,0,0,0,0,0,0,0
12,0,1000,0,0,1000,0,1000,1,2,1,2,0,0,0,0,0,0,0,0,0,0,1,2,1,2,0,0,0,0,0,0,0,0,0,0,1,2,1,2,0,0,0,0,0,0,0,0,0,0,1,2,1,2,0,0,0,0,0,0,0,0,0,0,1,2,1,2,0,0,0,0,0,0,0,0,0,0,1,2,1,2,0,0,0,0,0,0,0,0,0,0
13,0,1000,0,0,1000,0,1000,1,2,1,2,0,0,14680,4,14680,4,0,0,0,0,1,2,1,2,0,0,14680,4,14680,4,0,0,0,0,1,2,1,2,0,0,14680,4,14680,4,0,0,0,0,1,2,1,2,0,0,14680,4,14680,4,0,0,0,0,1,2,1,2,0,0,14680,4,14680,4,0,0,0,0,1,2,1,2,0,0,14680,4,14680,4,0,0,0,0
14,0,1000,0,0,1000,0,1000,2,3,2,3,0,0,30210,111,0,0,290,1,29920,110,2,3,2,3,0,0,30210,111,0,0,290,1,29920,110,2,3,2,3,0,0,30210,111,0,0,290,1,29920,110,2,3,2,3,0,0,30210,111,0,0,290,1,29920,110,2,3,2,3,0,0,30210,111,0,0,290,1,29920,110,2,3,2,3,0,0,30210,111,0,0,290,1,29920,110
15,0,1000,0,0,1000,0,1000,2,3,2,3,0,0,0,0,0,0,0,0,0,0,2,3,2,3,0,0,0,0,0,0,0,0,0,0,2,3,2,3,0,0,0,0,0,0,0,0,0,0,2,3,2,3,0,0,0,0,0,0,0,0,0,0,2,3,2,3,0,0,0,0,0,0,0,0,0,0,2,3,2,3,0,0,0,0,0,0,0,0,0,0
16,0,1000,0,0,1000,0,1000,2,3,2,3,0,0,0,0,0,0,0,0,0,0,2,3,2,3,0,0,0,0,0,0,0,0,0,0,2,3,2,3,0,0,0,0,0,0,0,0,0,0,2,3,2,3,0,0,0,0,0,0,0,0,0,0,2,3,2,3,0,0,0,0,0,0,0,0,0,0,2,3,2,3,0,0,0,0,0,0,0,0,0,0
17,0,1000,0,0,1000,0,1000,2,3,2,3,0,0,0,0,0,0,0,0,0,0,2,3,2,3,0,0,0,0,0,0,0,0,0,0,2,3,2,3,0,0,0,0,0,0,0,0,0,0,2,3,2,3,0,0,0,0,0,0,0,0,0,0,2,3,2,3,0,0,0,0,0,0,0,0,0,0,2,3,2,3,0,0,0,0,0,0,0,0,0,0
18,0,1000,0,0,1000,0,1000,2,3,2,3,0,0,19312,71,0,0,0,0,19312,71,2,3,2,3,0,0,19312,71,0,0,0,0,19312,71,2,3,2,3,0,0,19312,71,0,0,0,0,19312,71,2,3,2,3,0,0,19312,71,0,0,0,0,19312,71,2,3,2,3,0,0,19312,71,0,0,0,0,19312,71,2,3,2,3,0,0,19312,71,0,0,0,0,19312,71
19,0,1000,0,0,1000,0,1000,2,3,2,3,0,0,0,0,0,0,0,0,0,0,2,3,2,3,0,0,0,0,0,0,0,0,0,0,2,3,2,3,0,0,0,0,0,0,0,0,0,0,2,3,2,3,0,0,0,0,0,0,0,0,0,0,2,3,2,3,0,0,0,0,0,0,0,0,0,0,2,3,2,3,0,0,0,0,0,0,0,0,0,0
20,0,1000,0,0,1000,0,1000,2,3,2,3,0,0,0,0,0,0,0,0,0,0,2,3,2,3,0,0,0,0,0,0,0,0,0,0,2,3,2,3,0,0,0,0,0,0,0,0,0,0,2,3,2,3,0,0,0,0,0,0,0,0,0,0,2,3,2,3,0,0,0,0,0,0,0,0,0,0,2,3,2,3,0,0,0,0,0,0,0,0,0,0
21,0,1000,0,0,1000,0,1000,2,3,2,3,0,0,0,0,0,0,0,0,0,0,2,3,2,3,0,0,0,0,0,0,0,0,0,0,2,3,2,3,0,0,0,0,0,0,0,0,0,0,2,3,2,3,0,0,0,0,0,0,0,0,0,0,2,3,2,3,0,0,0,0,0,0,0,0,0,0,2,3,2,3,0,0,0,0,0,0,0,0,0,0
22,0,1000,0,0,1000,0,1000,2,3,2,3,0,0,30192,111,0,0,0,0,30192,111,2,3,2,3,0,0,30192,111,0,0,0,0,30192,111,2,3,2,3,0,0,30192,111,0,0,0,0,30192,111,2,3,2,3,0,0,30192,111,0,0,0,0,30192,111,2,3,2,3,0,0,30192,111,0,0,0,0,30192,111,2,3,2,3,0,0,30192,111,0,0,0,0,30192,111
23,0,1000,0,0,1000,0,1000,2,3,2,3,0,0,0,0,0,0,0,0,0,0,2,3,2,3,0,0,0,0,0,0,0,0,0,0,2,3,2,3,0,0,0,0,0,0,0,0,0,0,2,3,2,3,0,0,0,0,0,0,0,0,0,0,2,3,2,3,0,0,0,0,0,0,0,0,0,0,2,3,2,3,0,0,0,0,0,0,0,0,0,0
24,0,1000,0,0,1000,0,1000,2,3,2,3,0,0,0,0,0,0,0,0,0,0,2,3,2,3,0,0,0,0,0,0,0,0,0,0,2,3,2,3,0,0,0,0,0,0,0,0,0,0,2,3,2,3,0,0,0,0,0,0,0,0,0,0,2,3,2,3,0,0,0,0,0,0,0,0,0,0,2,3,2,3,0,0,0,0,0,0,0,0,0,0
25,0,1000,0,0,1000,0,1000,2,3,2,3,0,0,11969,3,11969,3,0,0,0,0,2,3,2,3,0,0,11969,3,11969,3,0,0,0,0,2,3,2,3,0,0,11969,3,11969,3,0,0,0,0,2,3,2,3,0,0,11969,3,11969,3,0,0,0,0,2,3,2,3,0,0,11969,3,11969,3,0,0,0,0,2,3,2,3,0,0,11969,3,11969,3,0,0,0,0
26,0,1000,0,0,1000,0,1000,3,6,3,6,0,0,27490,101,0,0,290,1,27200,100,3,6,3,6,0,0,27490,101,0,0,290,1,27200,100,3,6,3,6,0,0,27490,101,0,0,290,1,27200,100,3,6,3,6,0,0,27490,101,0,0,290,1,27200,100,3,6,3,6,0,0,27490,101,0,0,290,1,27200,100,3,6,3,6,0,0,27490,101,0,0,290,1,27200,100
27,0,1000,0,0,1000,0,1000,3,6,3,6,0,0,0,0,0,0,0,0,0,0,3,6,3,6,0,0,0,0,0,0,0,0,0,0,3,6,3,6,0,0,0,0,0,0,0,0,0,0,3,6,3,6,0,0,0,0,0,0,0,0,0,0,3,6,3,6,0,0,0,0,0,0,0,0,0,0,3,6,3,6,0,0,0,0,0,0,0,0,0,0
28,0,1000,0,0,1000,0,1000,3,6,3,6,0,0,0,0,0,0,0,0,0,0,3,6,3,6,0,0,0,0,0,0,0,0,0,0,3,6,3,6,0,0,0,0,0,0,0,0,0,0,3,6,3,6,0,0,0,0,0,0,0,0,0,0,3,6,3,6,0,0,0,0,0,0,0,0,0,0,3,6,3,6,0,0,0,0,0,0,0,0,0,0
29,0,1000,0,0,1000,0,1000,3,6,3,6,0,0,14552,4,14552,4,0,0,0,0,3,6,3,6,0,0,14552,4,14552,4,0,0,0,0,3,6,3,6,0,0,14552,4,14552,4,0,0,0,0,3,6,3,6,0,0,14552,4,14552,4,0,0,0,0,3,6,3,6,0,0,14552,4,14552,4,0,0,0,0,3,6,3,6,0,0,14552,4,14552,4,0,0,0,0
30,0,1000,0,0,1000,0,1000,4,7,4,7,0,0,28578,105,0,0,290,1,28288,104,4,7,4,7,0,0,28578,105,0,0,290,1,28288,104,4,7,4,7,0,0,28578,105,0,0,290,1,28288,104,4,7,4,7,0,0,28578,105,0,0,290,1,28288,104,4,7,4,7,0,0,28578,105,0,0,290,1,28288,104,4,7,4,7,0,0,28578,105,0,0,290,1,28288,104
31,0,1000,0,0,1000,0,1000,4,7,4,7,0,0,0,0,0,0,0,0,0,0,4,7,4,7,0,0,0,0,0,0,0,0,0,0,4,7,4,7,0,0,0,0,0,0,0,0,0,0,4,7,4,7,0,0,0,0,0,0,0,0,0,0,4,7,4,7,0,0,0,0,0,0,0,0,0,0,4,7,4,7,0,0,0,0,0,0,0,0,0,0
32,0,1000,0,0,1000,0,1000,4,7,4,7,0,0,0,0,0,0,0,0,0,0,4,7,4,7,0,0,0,0,0,0,0,0,0,0,4,7,4,7,0,0,0,0,0,0,0,0,0,0,4,7,4,7,0,0,0,0,0,0,0,0,0,0,4,7,4,7,0,0,0,0,0,0,0,0,0,0,4,7,4,7,0,0,0,0,0,0,0,0,0,0
33,0,1000,0,0,1000,0,1000,4,7,4,7,0,0,11296,3,11296,3,0,0,0,0,4,7,4,7,0,0,11296,3,11296,3,0,0,0,0,4,7,4,7,0,0,11296,3,11296,3,0,0,0,0,4,7,4,7,0,0,11296,3,11296,3,0,0,0,0,4,7,4,7,0,0,11296,3,11296,3,0,0,0,0,4,7,4,7,0,0,11296,3,11296,3,0,0,0,0
34,0,1000,0,0,1000,0,1000,5,8,5,8,0,0,27217,100,0,0,289,1,26928,99,5,8,5,8,0,0,27217,100,0,0,289,1,26928,99,5,8,5,8,0,0,27217,100,0,0,289,1,26928,99,5,8,5,8,0,0,27217,100,0,0,289,1,26928,99,5,8,5,8,0,0,27217,100,0,0,289,1,26928,99,5,8,5,8,0,0,27217,100,0,0,289,1,26928,99
35,0,1000,0,0,1000,0,1000,5,8,5,8,0,0,0,0,0,0,0,0,0,0,5,8,5,8,0,0,0,0,0,0,0,0,0,0,5,8,5,8,0,0,0,0,0,0,0,0,0,0,5,8,5,8,0,0,0,0,0,0,0,0,0,0,5,8,5,8,0,0,0,0,0,0,0,0,0,0,5,8,5,8,0,0,0,0,0,0,0,0,0,0
36,0,1000,0,0,1000,0,1000,5,8,5,8,0,0,0,0,0,0,0,0,0,0,5,8,5,8,0,0,0,0,0,0,0,0,0,0,5,8,5,8,0,0,0,0,0,0,0,0,0,0,5,8,5,8,0,0,0,0,0,0,0,0,0,0,5,8,5,8,0,0,0,0,0,0,0,0,0,0,5,8,5,8,0,0,0,0,0,0,0,0,0,0
37,0,1000,0,0,1000,0,1000,5,8,5,8,0,0,3606,1,3606,1,0,0,0,0,5,8,5,8,0,0,3606,1,3606,1,0,0,0,0,5,8,5,8,0,0,3606,1,3606,1,0,0,0,0,5,8,5,8,0,0,3606,1,3606,1,0,0,0,0,5,8,5,8,0,0,3606,1,3606,1,0,0,0,0,5,8,5,8,0,0,3606,1,3606,1,0,0,0,0
38,0,1000,0,0,1000,0,1000,6,9,6,9,0,0,28034,103,0,0,290,1,27744,102,6,9,6,9,0,0,28034,103,0,0,290,1,27744,102,6,9,6,9,0,0,28034,103,0,0,290,1,27744,102,6,9,6,9,0,0,28034,103,0,0,290,1,27744,102,6,9,6,9,0,0,28034,103,0,0,290,1,27744,102,6,9,6,9,0,0,28034,103,0,0,290,1,27744,102
39,0,1000,0,0,1000,0,1000,6,9,6,9,0,0,0,0,0,0,0,0,0,0,6,9,6,9,0,0,0,0,0,0,0,0,0,0,6,9,6,9,0,0,0,0,0,0,0,0,0,0,6,9,6,9,0,0,0,0,0,0,0,0,0,0,6,9,6,9,0,0,0,0,0,0,0,0,0,0,6,9,6,9,0,0,0,0,0,0,0,0,0,0
40,0,1000,0,0,1000,0,1000,6,9,6,9,0,0,0,0,0,0,0,0,0,0,6,9,6,9,0,0,0,0,0,0,0,0,0,0,6,9,6,9,0,0,0,0,0,0,0,0,0,0,6,9,6,9,0,0,0,0,0,0,0,0,0,0,6,9,6,9,0,0,0,0,0,0,0,0,0,0,6,9,6,9,0,0,0,0,0,0,0,0,0,0
41,0,1000,0,0,1000,0,1000,6,9,6,9,0,0,11109,3,11109,3,0,0,0,0,6,9,6,9,0,0,11109,3,11109,3,0,0,0,0,6,9,6,9,0,0,11109,3,11109,3,0,0,0,0,6,9,6,9,0,0,11109,3,11109,3,0,0,0,0,6,9,6,9,0,0,11109,3,11109,3,0,0,0,0,6,9,6,9,0,0,11109,3,11109,3,0,0,0,0
42,0,1000,0,0,1000,0,1000,7,10,7,10,0,0,26675,98,0,0,291,1,26384,97,7,10,7,10,0,0,26675,98,0,0,291,1,26384,97,7,10,7,10,0,0,26675,98,0,0,291,1,26384,97,7,10,7,10,0,0,26675,98,0,0,291,1,26384,97,7,10,7,10,0,0,26675,98,0,0,291,1,26384,97,7,10,7,10,0,0,26675,98,0,0,291,1,26384,97
43,0,1000,0,0,1000,0,1000,7,10,7,10,0,0,0,0,0,0,0,0,0,0,7,10,7,10,0,0,0,0,0,0,0,0,0,0,7,10,7,10,0,0,0,0,0,0,0,0,0,0,7,10,7,10,0,0,0,0,0,0,0,0,0,0,7,10,7,10,0,0,0,0,0,0,0,0,0,0,7,10,7,10,0,0,0,0,0,0,0,0,0,0
44,0,1000,0,0,1000,0,1000,7,10,7,10,0,0,0,0,0,0,0,0,0,0,7,10,7,10,0,0,0,0,0,0,0,0,0,0,7,10,7,10,0,0,0,0,0,0,0,0,0,0,7,10,7,10,0,0,0,0,0,0,0,0,0,0,7,10,7,10,0,0,0,0,0,0,0,0,0,0,7,10,7,10,0,0,0,0,0,0,0,0,0,0
45,0,1000,0,0,1000,0,1000,7,10,7,10,0,0,10629,3,10629,3,0,0,0,0,7,10,7,10,0,0,10629,3,10629,3,0,0,0,0,7,10,7,10,0,0,10629,3,10629,3,0,0,0,0,7,10,7,10,0,0,10629,3,10629,3,0,0,0,0,7,10,7,10,0,0,10629,3,10629,3,0,0,0,0,7,10,7,10,0,0,10629,3,10629,3,0,0,0,0
46,0,1000,0,0,1000,0,1000,8,11,8,11,0,0,29395,108,0,0,291,1,29104,107,8,11,8,11,0,0,29395,108,0,0,291,1,29104,107,8,11,8,11,0,0,29395,108,0,0,291,1,29104,107,8,11,8,11,0,0,29395,108,0,0,291,1,29104,107,8,11,8,11,0,0,29395,108,0,0,291,1,29104,107,8,11,8,11,0,0,29395,108,0,0,291,1,29104,107
47,0,1000,0,0,1000,0,1000,8,11,8,11,0,0,0,0,0,0,0,0,0,0,8,11,8,11,0,0,0,0,0,0,0,0,0,0,8,11,8,11,0,0,0,0,0,0,0,0,0,0,8,11,8,11,0,0,0,0,0,0,0,0,0,0,8,11,8,11,0,0,0,0,0,0,0,0,0,0,8,11,8,11,0,0,0,0,0,0,0,0,0,0
48,0,1000,0,0,1000,0,1000,8,11,8,11,0,0,0,0,0,0,0,0,0,0,8,11,8,11,0,0,0,0,0,0,0,0,0,0,8,11,8,11,0,0,0,0,0,0,0,0,0,0,8,11,8,11,0,0,0,0,0,0,0,0,0,0,8,11,8,11,0,0,0,0,0,0,0,0,0,0,8,11,8,11,0,0,0,0,0,0,0,0,0,0
49,0,1000,0,0,1000,0,1000,8,11,8,11,0,0,11589,3,11589,3,0,0,0,0,8,11,8,11,0,0,11589,3,11589,3,0,0,0,0,8,11,8,11,0,0,11589,3,11589,3,0,0,0,0,8,11,8,11,0,0,11589,3,11589,3,0,0,0,0,8,11,8,11,0,0,11589,3,11589,3,0,0,0,0,8,11,8,11,0,0,11589,3,11589,3,0,0,0,0
50,0,1000,0,0,1000,0,1000,9,12,9,12,0,0,26403,97,0,0,291,1,26112,96,9,12,9,12,0,0,26403,97,0,0,291,1,26112,96,9,12,9,12,0,0,26403,97,0,0,291,1,26112,96,9,12,9,12,0,0,26403,97,0,0,291,1,26112,96,9,12,9,12,0,0,26403,97,0,0,291,1,26112,96,9,12,9,12,0,0,26403,97,0,0,291,1,26112,96
51,0,1000,0,0,1000,0,1000,9,12,9,12,1,2,0,0,0,0,0,0,0,0,9,12,9,12,1,2,0,0,0,0,0,0,0,0,9,12,9,12,1,2,0,0,0,0,0,0,0,0,9,12,9,12,1,2,0,0,0,0,0,0,0,0,9,12,9,12,1,2,0,0,0,0,0,0,0,0,9,12,9,12,1,2,0,0,0,0,0,0,0,0
52,0,1000,0,0,1000,0,1000,9,12,9,12,1,2,0,0,0,0,0,0,0,0,9,12,9,12,1,2,0,0,0,0,0,0,0,0,9,12,9,12,1,2,0,0,0,0,0,0,0,0,9,12,9,12,1,2,0,0,0,0,0,0,0,0,9,12,9,12,1,2,0,0,0,0,0,0,0,0,9,12,9,12,1,2,0,0,0,0,0,0,0,0
53,0,1000,0,0,1000,0,1000,9,12,9,12,1,2,3511,1,3511,1,0,0,0,0,9,12,9,12,1,2,3511,1,3511,1,0,0,0,0,9,12,9,12,1,2,3511,1,3511,1,0,0,0,0,9,12,9,12,1,2,3511,1,3511,1,0,0,0,0,9,12,9,12,1,2,3511,1,3511,1,0,0,0,0,9,12,9,12,1,2,3511,1,3511,1,0,0,0,0
54,0,1000,0,0,1000,0,1000,10,13,10,13,1,2,33475,123,0,0,291,1,33184,122,10,13,10,13,1,2,33475,123,0,0,291,1,33184,122,10,13,10,13,1,2,33475,123,0,0,291,1,33184,122,10,13,10,13,1,2,33475,123,0,0,291,1,33184,122,10,13,10,13,1,2,33475,123,0,0,291,1,33184,122,10,13,10,13,1,2,33475,123,0,0,291,1,33184,122
55,0,1000,0,0,1000,0,1000,10,13,10,13,2,3,0,0,0,0,0,0,0,0,10,13,10,13,2,3,0,0,0,0,0,0,0,0,10,13,10,13,2,3,0,0,0,0,0,0,0,0,10,13,10,13,2,3,0,0,0,0,0,0,0,0,10,13,10,13,2,3,0,0,0,0,0,0,0,0,10,13,10,13,2,3,0,0,0,0,0,0,0,0
56,0,1000,0,0,1000,0,1000,10,13,10,13,2,3,0,0,0,0,0,0,0,0,10,13,10,13,2,3,0,0,0,0,0,0,0,0,10,13,10,13,2,3,0,0,0,0,0,0,0,0,10,13,10,13,2,3,0,0,0,0,0,0,0,0,10,13,10,13,2,3,0,0,0,0,0,0,0,0,10,13,10,13,2,3,0,0,0,0,0,0,0,0
57,0,1000,0,0,1000,0,1000,10,13,10,13,2,3,8686,2,8686,2,0,0,0,0,10,13,10,13,2,3,8686,2,8686,2,0,0,0,0,10,13,10,13,2,3,8686,2,8686,2,0,0,0,0,10,13,10,13,2,3,8686,2,8686,2,0,0,0,0,10,13,10,13,2,3,8686,2,8686,2,0,0,0,0,10,13,10,13,2,3,8686,2,8686,2,0,0,0,0
58,0,1000,0,0,1000,0,1000,11,14,11,14,2,3,28579,105,0,0,291,1,28288,104,11,14,11,14,2,3,28579,105,0,0,291,1,28288,104,11,14,11,14,2,3,28579,105,0,0,291,1,28288,104,11,14,11,14,2,3,28579,105,0,0,291,1,28288,104,11,14,11,14,2,3,28579,105,0,0,291,1,28288,104,11,14,11,14,2,3,28579,105,0,0,291,1,28288,104
59,0,1000,0,0,1000,0,1000,11,14,11,14,2,3,0,0,0,0,0,0,0,0,11,14,11,14,2,3,0,0,0,0,0,0,0,0,11,14,11,14,2,3,0,0,0,0,0,0,0,0,11,14,11,14,2,3,0,0,0,0,0,0,0,0,11,14,11,14,2,3,0,0,0,0,0,0,0,0,11,14,11,14,2,3,0,0,0,0,0,0,0,0
60,0,1000,0,0,1000,0,1000,11,14,11,14,2,3,0,0,0,0,0,0,0,0,11,14,11,14,2,3,0,0,0,0,0,0,0,0,11,14,11,14,2,3,0,0,0,0,0,0,0,0,11,14,11,14,2,3,0,0,0,0,0,0,0,0,11,14,11,14,2,3,0,0,0,0,0,0,0,0,11,14,11,14,2,3,0,0,0,0,0,0,0,0
61,0,1000,0,0,1000,0,1000,11,14,11,14,2,3,3767,1,3767,1,0,0,0,0,11,14,11,14,2,3,3767,1,3767,1,0,0,0,0,11,14,11,14,2,3,3767,1,3767,1,0,0,0,0,11,14,11,14,2,3,3767,1,3767,1,0,0,0,0,11,14,11,14,2,3,3767,1,3767,1,0,0,0,0,11,14,11,14,2,3,3767,1,3767,1,0,0,0,0
62,0,1000,0,0,1000,0,1000,12,15,12,15,2,3,23411,86,0,0,291,1,23120,85,12,15,12,15,2,3,23411,86,0,0,291,1,23120,85,12,15,12,15,2,3,23411,86,0,0,291,1,23120,85,12,15,12,15,2,3,23411,86,0,0,291,1,23120,85,12,15,12,15,2,3,23411,86,0,0,291,1,23120,85,12,15,12,15,2,3,23411,86,0,0,291,1,23120,85
63,0,1000,0,0,1000,0,1000,12,15,12,15,2,3,0,0,0,0,0,0,0,0,12,15,12,15,2,3,0,0,0,0,0,0,0,0,12,15,12,15,2,3,0,0,0,0,0,0,0,0,12,15,12,15,2,3,0,0,0,0,0,0,0,0,12,15,12,15,2,3,0,0,0,0,0,0,0,0,12,15,12,15,2,3,0,0,0,0,0,0,0,0
64,0,1000,0,0,1000,0,1000,12,15,12,15,2,3,0,0,0,0,0,0,0,0,12,15,12,15,2,3,0,0,0,0,0,0,0,0,12,15,12,15,2,3,0,0,0,0,0,0,0,0,12,15,12,15,2,3,0,0,0,0,0,0,0,0,12,15,12,15,2,3,0,0,0,0,0,0,0,0,12,15,12,15,2,3,0,0,0,0,0,0,0,0
65,900,100,900,0,100,0,1000,12,15,12,15,2,3,6318,2,6318,2,0,0,0,0,12,15,12,15,2,3,6318,2,6318,2,0,0,0,0,12,15,12,15,2,3,6318,2,6318,2,0,0,0,0,12,15,12,15,2,3,6318,2,6318,2,0,0,0,0,12,15,12,15,2,3,6318,2,6318,2,0,0,0,0,12,15,12,15,2,3,6318,2,6318,2,0,0,0,0
66,900,100,900,0,100,0,1000,12,15,12,15,2,3,2739,10,0,0,291,1,2448,9,12,15,12,15,2,3,2739,10,0,0,291,1,2448,9,12,15,12,15,2,3,2739,10,0,0,291,1,2448,9,12,15,12,15,2,3,2739,10,0,0,291,1,2448,9,12,15,12,15,2,3,2739,10,0,0,291,1,2448,9,12,15,12,15,2,3,2739,10,0,0,291,1,2448,9
67,900,100,900,0,100,0,1000,12,15,12,15,2,3,0,0,0,0,0,0,0,0,12,15,12,15,2,3,0,0,0,0,0,0,0,0,12,15,12,15,2,3,0,0,0,0,0,0,0,0,12,15,12,15,2,3,0,0,0,0,0,0,0,0,12,15,12,15,2,3,0,0,0,0,0,0,0,0,12,15,12,15,3,6,0,0,0,0,0,0,0,0
68,900,100,900,0,100,0,1000,12,15,12,15,2,3,0,0,0,0,0,0,0,0,12,15,12,15,2,3,0,0,0,0,0,0,0,0,12,15,12,15,2,3,0,0,0,0,0,0,0,0,12,15,12,15,2,3,0,0,0,0,0,0,0,0,12,15,12,15,2,3,0,0,0,0,0,0,0,0,12,15,12,15,3,6,0,0,0,0,0,0,0,0
69,900,100,900,0,100,0,1000,12,15,12,15,2,3,0,0,0,0,0,0,0,0,12,15,12,15,2,3,0,0,0,0,0,0,0,0,12,15,12,15,2,3,0,0,0,0,0,0,0,0,12,15,12,15,2,3,0,0,0,0,0,0,0,0,12,15,12,15,2,3,0,0,0,0,0,0,0,0,12,15,12,15,3,6,0,0,0,0,0,0,0,0
70,900,100,900,0,100,0,1000,12,15,12,15,2,3,4080,15,0,0,0,0,4080,15,12,15,12,15,2,3,4080,15,0,0,0,0,4080,15,12,15,12,15,2,3,4080,15,0,0,0,0,4080,15,12,15,12,15,2,3,4080,15,0,0,0,0,4080,15,12,15,12,15,2,3,4080,15,0,0,0,0,4080,15,12,15,12,15,3,6,4080,15,0,0,0,0,4080,15
71,900,100,900,0,100,0,1000,12,15,12,15,2,3,0,0,0,0,0,0,0,0,12,15,12,15,2,3,0,0,0,0,0,0,0,0,12,15,12,15,2,3,0,0,0,0,0,0,0,0,12,15,12,15,2,3,0,0,0,0,0,0,0,0,12,15,12,15,2,3,0,0,0,0,0,0,0,0,12,15,12,15,4,7,0,0,0,0,0,0,0,0
72,900,100,900,0,100,0,1000,12,15,12,15,2,3,0,0,0,0,0,0,0,0,12,15,12,15,2,3,0,0,0,0,0,0,0,0,12,15,12,15,2,3,0,0,0,0,0,0,0,0,12,15,12,15,2,3,0,0,0,0,0,0,0,0,12,15,12,15,2,3,0,0,0,0,0,0,0,0,12,15,12,15,4,7,0,0,0,0,0,0,0,0
73,900,100,900,0,100,0,1000,12,15,12,15,2,3,0,0,0,0,0,0,0,0,12,15,12,15,2,3,0,0,0,0,0,0,0,0,12,15,12,15,2,3,0,0,0,0,0,0,0,0,12,15,12,15,2,3,0,0,0,0,0,0,0,0,12,15,12,15,2,3,0,0,0,0,0,0,0,0,12,15,12,15,4,7,0,0,0,0,0,0,0,0
74,900,100,900,0,100,0,1000,12,15,12,15,2,3,4080,15,0,0,0,0,4080,15,12,15,12,15,2,3,4080,15,0,0,0,0,4080,15,12,15,12,15,2,3,4080,15,0,0,0,0,4080,15,12,15,12,15,2,3,4080,15,0,0,0,0,4080,15,12,15,12,15,2,3,4080,15,0,0,0,0,4080,15,12,15,12,15,4,7,4080,15,0,0,0,0,4080,15
75,900,100,900,0,100,0,1000,12,15,12,15,2,3,0,0,0,0,0,0,0,0,12,15,12,15,2,3,0,0,0,0,0,0,0,0,12,15,12,15,2,3,0,0,0,0,0,0,0,0,12,15,12,15,2,3,0,0,0,0,0,0,0,0,12,15,12,15,2,3,0,0,0,0,0,0,0,0,12,15,12,15,5,8,0,0,0,0,0,0,0,0
76,900,100,900,0,100,0,1000,12,15,12,15,2,3,0,0,0,0,0,0,0,0,12,15,12,15,2,3,0,0,0,0,0,0,0,0,12,15,12,15,2,3,0,0,0,0,0,0,0,0,12,15,12,15,2,3,0,0,0,0,0,0,0,0,12,15,12,15,2,3,0,0,0,0,0,0,0,0,12,15,12,15,5,8,0,0,0,0,0,0,0,0
77,900,100,900,0,100,0,1000,12,15,12,15,2,3,0,0,0,0,0,0,0,0,12,15,12,15,2,3,0,0,0,0,0,0,0,0,12,15,12,15,2,3,0,0,0,0,0,0,0,0,12,15,12,15,2,3,0,0,0,0,0,0,0,0,12,15,12,15,2,3,0,0,0,0,0,0,0,0,12,15,12,15,5,8,0,0,0,0,0,0,0,0
78,900,100,900,0,100,0,1000,12,15,12,15,2,3,2992,11,0,0,0,0,2992,11,12,15,12,15,2,3,2992,11,0,0,0,0,2992,11,12,15,12,15,2,3,2992,11,0,0,0,0,2992,11,12,15,12,15,2,3,2992,11,0,0,0,0,2992,11,12,15,12,15,2,3,2992,11,0,0,0,0,2992,11,12,15,12,15,5,8,2992,11,0,0,0,0,2992,11
79,900,100,900,0,100,0,1000,12,15,12,15,2,3,0,0,0,0,0,0,0,0,12,15,12,15,2,3,0,0,0,0,0,0,0,0,12,15,12,15,2,3,0,0,0,0,0,0,0,0,12,15,12,15,2,3,0,0,0,0,0,0,0,0,12,15,12,15,2,3,0,0,0,0,0,0,0,0,12,15,12,15,6,9,0,0,0,0,0,0,0,0
80,900,100,900,0,100,0,1000,12,15,12,15,2,3,0,0,0,0,0,0,0,0,12,15,12,15,2,3,0,0,0,0,0,0,0,0,12,15,12,15,2,3,0,0,0,0,0,0,0,0,12,15,12,15,2,3,0,0,0,0,0,0,0,0,12,15,12,15,2,3,0,0,0,0,0,0,0,0,12,15,12,15,6,9,0,0,0,0,0,0,0,0
81,900,100,900,0,100,0,1000,12,15,12,15,2,3,0,0,0,0,0,0,0,0,12,15,12,15,2,3,0,0,0,0,0,0,0,0,12,15,12,15,2,3,0,0,0,0,0,0,0,0,12,15,12,15,2,3,0,0,0,0,0,0,0,0,12,15,12,15,2,3,0,0,0,0,0,0,0,0,12,15,12,15,6,9,0,0,0,0,0,0,0,0
82,900,100,900,0,100,0,1000,12,15,12,15,2,3,1632,6,0,0,0,0,1632,6,12,15,12,15,2,3,1632,6,0,0,0,0,1632,6,12,15,12,15,2,3,1632,6,0,0,0,0,1632,6,12,15,12,15,2,3,1632,6,0,0,0,0,1632,6,12,15,12,15,2,3,1632,6,0,0,0,0,1632,6,12,15,12,15,6,9,1632,6,0,0,0,0,1632,6
83,900,100,900,0,100,0,1000,12,15,12,15,2,3,0,0,0,0,0,0,0,0,12,15,12,15,2,3,0,0,0,0,0,0,0,0,12,15,12,15,2,3,0,0,0,0,0,0,0,0,12,15,12,15,2,3,0,0,0,0,0,0,0,0,12,15,12,15,2,3,0,0,0,0,0,0,0,0,12,15,12,15,7,10,0,0,0,0,0,0,0,0
84,900,100,900,0,100,0,1000,12,15,12,15,2,3,0,0,0,0,0,0,0,0,12,15,12,15,2,3,0,0,0,0,0,0,0,0,12,15,12,15,2,3,0,0,0,0,0,0,0,0,12,15,12,15,2,3,0,0,0,0,0,0,0,0,12,15,12,15,2,3,0,0,0,0,0,0,0,0,12,15,12,15,7,10,0,0,0,0,0,0,0,0
85,900,100,900,0,100,0,1000,12,15,12,15,2,3,1262,2,1262,2,0,0,0,0,12,15,12,15,2,3,1262,2,1262,2,0,0,0,0,12,15,12,15,2,3,1262,2,1262,2,0,0,0,0,12,15,12,15,2,3,1262,2,1262,2,0,0,0,0,12,15,12,15,2,3,1262,2,1262,2,0,0,0,0,12,15,12,15,7,10,1262,2,1262,2,0,0,0,0
86,900,100,900,0,100,0,1000,12,15,12,15,2,3,2739,10,0,0,291,1,2448,9,12,15,12,15,2,3,2739,10,0,0,291,1,2448,9,12,15,12,15,2,3,2739,10,0,0,291,1,2448,9,12,15,12,15,2,3,2739,10,0,0,291,1,2448,9,12,15,12,15,2,3,2739,10,0,0,291,1,2448,9,12,15,12,15,7,10,2739,10,0,0,291,1,2448,9
87,900,100,900,0,100,0,1000,12,15,12,15,2,3,0,0,0,0,0,0,0,0,12,15,12,15,2,3,0,0,0,0,0,0,0,0,12,15,12,15,2,3,0,0,0,0,0,0,0,0,12,15,12,15,2,3,0,0,0,0,0,0,0,0,12,15,12,15,2,3,0,0,0,0,0,0,0,0,12,15,12,15,8,11,0,0,0,0,0,0,0,0
88,900,100,900,0,100,0,1000,12,15,12,15,2,3,0,0,0,0,0,0,0,0,12,15,12,15,2,3,0,0,0,0,0,0,0,0,12,15,12,15,2,3,0,0,0,0,0,0,0,0,12,15,12,15,2,3,0,0,0,0,0,0,0,0,12,15,12,15,2,3,0,0,0,0,0,0,0,0,12,15,12,15,8,11,0,0,0,0,0,0,0,0
89,900,100,900,0,100,0,1000,12,15,12,15,2,3,0,0,0,0,0,0,0,0,12,15,12,15,2,3,0,0,0,0,0,0,0,0,12,15,12,15,2,3,0,0,0,0,0,0,0,0,12,15,12,15,2,3,0,0,0,0,0,0,0,0,12,15,12,15,2,3,0,0,0,0,0,0,0,0,12,15,12,15,8,11,0,0,0,0,0,0,0,0
90,900,100,900,0,100,0,1000,12,15,12,15,2,3,1904,7,0,0,0,0,1904,7,12,15,12,15,2,3,1904,7,0,0,0,0,1904,7,12,15,12,15,2,3,1904,7,0,0,0,0,1904,7,12,15,12,15,2,3,1904,7,0,0,0,0,1904,7,12,15,12,15,2,3,1904,7,0,0,0,0,1904,7,12,15,12,15,8,11,1904,7,0,0,0,0,1904,7
91,900,100,900,0,100,0,1000,12,15,12,15,2,3,0,0,0,0,0,0,0,0,12,15,12,15,2,3,0,0,0,0,0,0,0,0,12,15,12,15,2,3,0,0,0,0,0,0,0,0,12,15,12,15,2,3,0,0,0,0,0,0,0,0,12,15,12,15,2,3,0,0,0,0,0,0,0,0,12,15,12,15,9,12,0,0,0,0,0,0,0,0
92,900,100,900,0,100,0,1000,12,15,12,15,2,3,0,0,0,0,0,0,0,0,12,15,12,15,2,3,0,0,0,0,0,0,0,0,12,15,12,15,2,3,0,0,0,0,0,0,0,0,12,15,12,15,2,3,0,0,0,0,0,0,0,0,12,15,12,15,2,3,0,0,0,0,0,0,0,0,12,15,12,15,9,12,0,0,0,0,0,0,0,0
93,900,100,900,0,100,0,1000,12,15,12,15,2,3,0,0,0,0,0,0,0,0,12,15,12,15,2,3,0,0,0,0,0,0,0,0,12,15,12,15,2,3,0,0,0,0,0,0,0,0,12,15,12,15,2,3,0,0,0,0,0,0,0,0,12,15,12,15,2,3,0,0,0,0,0,0,0,0,12,15,12,15,9,12,0,0,0,0,0,0,0,0
94,900,100,900,0,100,0,1000,12,15,12,15,2,3,1360,5,0,0,0,0,1360,5,12,15,12,15,2,3,1360,5,0,0,0,0,1360,5,12,15,12,15,2,3,1360,5,0,0,0,0,1360,5,12,15,12,15,2,3,1360,5,0,0,0,0,1360,5,12,15,12,15,2,3,1360,5,0,0,0,0,1360,5,12,15,12,15,9,12,1360,5,0,0,0,0,1360,5
95,900,100,900,0,100,0,1000,12,15,12,15,2,3,0,0,0,0,0,0,0,0,12,15,12,15,2,3,0,0,0,0,0,0,0,0,12,15,12,15,2,3,0,0,0,0,0,0,0,0,12,15,12,15,2,3,0,0,0,0,0,0,0,0,12,15,12,15,2,3,0,0,0,0,0,0,0,0,12,15,12,15,10,13,0,0,0,0,0,0,0,0
96,900,100,900,0,100,0,1000,12,15,12,15,2,3,0,0,0,0,0,0,0,0,12,15,12,15,2,3,0,0,0,0,0,0,0,0,12,15,12,15,2,3,0,0,0,0,0,0,0,0,12,15,12,15,2,3,0,0,0,0,0,0,0,0,12,15,12,15,2,3,0,0,0,0,0,0,0,0,12,15,12,15,10,13,0,0,0,0,0,0,0,0
97,900,100,900,0,100,0,1000,12,15,12,15,2,3,599,1,599,1,0,0,0,0,12,15,12,15,2,3,599,1,599,1,0,0,0,0,12,15,12,15,2,3,599,1,599,1,0,0,0,0,12,15,12,15,2,3,599,1,599,1,0,0,0,0,12,15,12,15,2,3,599,1,599,1,0,0,0,0,12,15,12,15,10,13,599,1,599,1,0,0,0,0
98,900,100,900,0,100,0,1000,12,15,12,15,2,3,3011,11,0,0,291,1,2720,10,12,15,12,15,2,3,3011,11,0,0,291,1,2720,10,12,15,12,15,2,3,3011,11,0,0,291,1,2720,10,12,15,12,15,2,3,3011,11,0,0,291,1,2720,10,12,15,12,15,2,3,3011,11,0,0,291,1,2720,10,12,15,12,15,10,13,3011,11,0,0,291,1,2720,10
99,900,100,900,0,100,0,1000,12,15,12,15,2,3,0,0,0,0,0,0,0,0,12,15,12,15,2,3,0,0,0,0,0,0,0,0,12,15,12,15,2,3,0,0,0,0,0,0,0,0,12,15,12,15,2,3,0,0,0,0,0,0,0,0,12,15,12,15,2,3,0,0,0,0,0,0,0,0,12,15,12,15,11,14,0,0,0,0,0,0,0,0
100,900,100,900,0,100,0,1000,12,15,12,15,2,3,0,0,0,0,0,0,0,0,12,15,12,15,2,3,0,0,0,0,0,0,0,0,12,15,12,15,2,3,0,0,0,0,0,0,0,0,12,15,12,15,2,3,0,0,0,0,0,0,0,0,12,15,12,15,2,3,0,0,0,0,0,0,0,0,12,15,12,15,11,14,0,0,0,0,0,0,0,0
101,900,100,900,0,100,0,1000,12,15,12,15,2,3,0,0,0,0,0,0,0,0,12,15,12,15,2,3,0,0,0,0,0,0,0,0,12,15,12,15,2,3,0,0,0,0,0,0,0,0,12,15,12,15,2,3,0,0,0,0,0,0,0,0,12,15,12,15,2,3,0,0,0,0,0,0,0,0,12,15,12,15,11,14,0,0,0,0,0,0,0,0
102,900,100,900,0,100,0,1000,12,15,12,15,2,3,2720,10,0,0,0,0,2720,10,12,15,12,15,2,3,2720,10,0,0,0,0,2720,10,12,15,12,15,2,3,2720,10,0,0,0,0,2720,10,12,15,12,15,2,3,2720,10,0,0,0,0,2720,10,12,15,12,15,2,3,2720,10,0,0,0,0,2720,10,12,15,12,15,11,14,2720,10,0,0,0,0,2720,10
103,900,100,900,0,100,0,1000,12,15,12,15,2,3,0,0,0,0,0,0,0,0,12,15,12,15,2,3,0,0,0,0,0,0,0,0,12,15,12,15,2,3,0,0,0,0,0,0,0,0,12,15,12,15,2,3,0,0,0,0,0,0,0,0,12,15,12,15,2,3,0,0,0,0,0,0,0,0,12,15,12,15,12,15,0,0,0,0,0,0,0,0
104,900,100,900,0,100,0,1000,12,15,12,15,2,3,0,0,0,0,0,0,0,0,12,15,12,15,2,3,0,0,0,0,0,0,0,0,12,15,12,15,2,3,0,0,0,0,0,0,0,0,12,15,12,15,2,3,0,0,0,0,0,0,0,0,12,15,12,15,2,3,0,0,0,0,0,0,0,0,12,15,12,15,12,15,0,0,0,0,0,0,0,0
105,900,100,900,0,100,0,1000,12,15,12,15,2,3,1518,2,1518,2,0,0,0,0,12,15,12,15,2,3,1518,2,1518,2,0,0,0,0,12,15,12,15,2,3,1518,2,1518,2,0,0,0,0,12,15,12,15,2,3,1518,2,1518,2,0,0,0,0,12,15,12,15,2,3,1518,2,1518,2,0,0,0,0,12,15,12,15,12,15,1518,2,1518,2,0,0,0,0
106,900,100,900,0,100,0,1000,12,15,12,15,2,3,4371,16,0,0,291,1,4080,15,12,15,12,15,2,3,4371,16,0,0,291,1,4080,15,12,15,12,15,2,3,4371,16,0,0,291,1,4080,15,12,15,12,15,2,3,4371,16,0,0,291,1,4080,15,12,15,12,15,2,3,4371,16,0,0,291,1,4080,15,12,15,12,15,12,15,4371,16,0,0,291,1,4080,15
107,900,100,900,0,100,0,1000,12,15,12,15,2,3,0,0,0,0,0,0,0,0,12,15,12,15,2,3,0,0,0,0,0,0,0,0,12,15,12,15,2,3,0,0,0,0,0,0,0,0,12,15,12,15,2,3,0,0,0,0,0,0,0,0,12,15,12,15,2,3,0,0,0,0,0,0,0,0,13,16,12,15,13,16,0,0,0,0,0,0,0,0
108,900,100,900,0,100,0,1000,12,15,12,15,2,3,0,0,0,0,0,0,0,0,12,15,12,15,2,3,0,0,0,0,0,0,0,0,12,15,12,15,2,3,0,0,0,0,0,0,0,0,12,15,12,15,2,3,0,0,0,0,0,0,0,0,12,15,12,15,2,3,0,0,0,0,0,0,0,0,13,16,12,15,13,16,0,0,0,0,0,0,0,0
109,900,100,900,0,100,0,1000,12,15,12,15,2,3,0,0,0,0,0,0,0,0,12,15,12,15,2,3,0,0,0,0,0,0,0,0,12,15,12,15,2,3,0,0,0,0,0,0,0,0,12,15,12,15,2,3,0,0,0,0,0,0,0,0,12,15,12,15,2,3,0,0,0,0,0,0,0,0,13,16,12,15,13,16,0,0,0,0,0,0,0,0
110,900,100,900,0,100,0,1000,12,15,12,15,2,3,4352,16,0,0,0,0,4352,16,12,15,12,15,2,3,4352,16,0,0,0,0,4352,16,12,15,12,15,2,3,4352,16,0,0,0,0,4352,16,12,15,12,15,2,3,4352,16,0,0,0,0,4352,16,12,15,12,15,2,3,4352,16,0,0,0,0,4352,16,13,16,12,15,13,16,4352,16,0,0,0,0,4352,16
111,900,100,900,0,100,0,1000,12,15,12,15,2,3,0,0,0,0,0,0,0,0,12,15,12,15,2,3,0,0,0,0,0,0,0,0,12,15,12,15,2,3,0,0,0,0,0,0,0,0,12,15,12,15,2,3,0,0,0,0,0,0,0,0,12,15,12,15,2,3,0,0,0,0,0,0,0,0,13,16,12,15,13,16,0,0,0,0,0,0,0,0
112,900,100,900,0,100,0,1000,12,15,12,15,2,3,0,0,0,0,0,0,0,0,12,15,12,15,2,3,0,0,0,0,0,0,0,0,12,15,12,15,2,3,0,0,0,0,0,0,0,0,12,15,12,15,2,3,0,0,0,0,0,0,0,0,12,15,12,15,2,3,0,0,0,0,0,0,0,0,13,16,12,15,13,16,0,0,0,0,0,0,0,0
113,900,100,900,0,100,0,1000,12,15,12,15,2,3,0,0,0,0,0,0,0,0,12,15,12,15,2,3,0,0,0,0,0,0,0,0,12,15,12,15,2,3,0,0,0,0,0,0,0,0,12,15,12,15,2,3,0,0,0,0,0,0,0,0,12,15,12,15,2,3,0,0,0,0,0,0,0,0,13,16,12,15,13,16,0,0,0,0,0,0,0,0
114,900,100,900,0,100,0,1000,12,15,12,15,2,3,2720,10,0,0,0,0,2720,10,12,15,12,15,2,3,2720,10,0,0,0,0,2720,10,12,15,12,15,2,3,2720,10,0,0,0,0,2720,10,12,15,12,15,2,3,2720,10,0,0,0,0,2720,10,12,15,12,15,2,3,2720,10,0,0,0,0,2720,10,13,16,12,15,13,16,2720,10,0,0,0,0,2720,10
115,900,100,900,0,100,0,1000,12,15,12,15,2,3,0,0,0,0,0,0,0,0,12,15,12,15,2,3,0,0,0,0,0,0,0,0,12,15,12,15,2,3,0,0,0,0,0,0,0,0,12,15,12,15,2,3,0,0,0,0,0,0,0,0,12,15,12,15,2,3,0,0,0,0,0,0,0,0,13,16,12,15,13,16,0,0,0,0,0,0,0,0
116,900,100,900,0,100,0,1000,12,15,12,15,2,3,0,0,0,0,0,0,0,0,12,15,12,15,2,3,0,0,0,0,0,0,0,0,12,15,12,15,2,3,0,0,0,0,0,0,0,0,12,15,12,15,2,3,0,0,0,0,0,0,0,0,12,15,12,15,2,3,0,0,0,0,0,0,0,0,13,16,12,15,13,16,0,0,0,0,0,0,0,0
117,900,100,900,0,100,0,1000,12,15,12,15,2,3,0,0,0,0,0,0,0,0,12,15,12,15,2,3,0,0,0,0,0,0,0,0,12,15,12,15,2,3,0,0,0,0,0,0,0,0,12,15,12,15,2,3,0,0,0,0,0,0,0,0,12,15,12,15,2,3,0,0,0,0,0,0,0,0,13,16,12,15,13,16,0,0,0,0,0,0,0,0
118,900,100,900,0,100,0,1000,12,15,12,15,2,3,2992,11,0,0,0,0,2992,11,12,15,12,15,2,3,2992,11,0,0,0,0,2992,11,12,15,12,15,2,3,2992,11,0,0,0,0,2992,11,12,15,12,15,2,3,2992,11,0,0,0,0,2992,11,12,15,12,15,2,3,2992,11,0,0,0,0,2992,11,13,16,12,15,13,16,2992,11,0,0,0,0,2992,11
119,900,100,900,0,100,0,1000,12,15,12,15,2,3,0,0,0,0,0,0,0,0,12,15,12,15,2,3,0,0,0,0,0,0,0,0,12,15,12,15,2,3,0,0,0,0,0,0,0,0,12,15,12,15,2,3,0,0,0,0,0,0,0,0,12,15,12,15,2,3,0,0,0,0,0,0,0,0,13,16,12,15,13,16,0,0,0,0,0,0,0,0
120,900,100,900,0,100,0,1000,12,15,12,15,2,3,0,0,0,0,0,0,0,0,12,15,12,15,2,3,0,0,0,0,0,0,0,0,12,15,12,15,2,3,0,0,0,0,0,0,0,0,12,15,12,15,2,3,0,0,0,0,0,0,0,0,12,15,12,15,2,3,0,0,0,0,0,0,0,0,13,16,12,15,13,16,0,0,0,0,0,0,0,0
121,900,100,900,0,100,0,1000,12,15,12,15,2,3,0,0,0,0,0,0,0,0,12,15,12,15,2,3,0,0,0,0,0,0,0,0,12,15,12,15,2,3,0,0,0,0,0,0,0,0,12,15,12,15,2,3,0,0,0,0,0,0,0,0,12,15,12,15,2,3,0,0,0,0,0,0,0,0,13,16,12,15,13,16,0,0,0,0,0,0,0,0
122,900,100,900,0,100,0,1000,12,15,12,15,2,3,3264,12,0,0,0,0,3264,12,12,15,12,15,2,3,3264,12,0,0,0,0,3264,12,12,15,12,15,2,3,3264,12,0,0,0,0,3264,12,12,15,12,15,2,3,3264,12,0,0,0,0,3264,12,12,15,12,15,2,3,3264,12,0,0,0,0,3264,12,13,16,12,15,13,16,3264,12,0,0,0,0,3264,12
123,900,100,900,0,100,0,1000,12,15,12,15,2,3,0,0,0,0,0,0,0,0,12,15,12,15,2,3,0,0,0,0,0,0,0,0,12,15,12,15,2,3,0,0,0,0,0,0,0,0,12,15,12,15,2,3,0,0,0,0,0,0,0,0,12,15,12,15,2,3,0,0,0,0,0,0,0,0,13,16,12,15,13,16,0,0,0,0,0,0,0,0
124,900,100,900,0,100,0,1000,12,15,12,15,2,3,0,0,0,0,0,0,0,0,12,15,12,15,2,3,0,0,0,0,0,0,0,0,12,15,12,15,2,3,0,0,0,0,0,0,0,0,12,15,12,15,2,3,0,0,0,0,0,0,0,0,12,15,12,15,2,3,0,0,0,0,0,0,0,0,13,16,12,15,13,16,0,0,0,0,0,0,0,0
125,900,100,900,0,100,0,1000,12,15,12,15,2,3,823,1,823,1,0,0,0,0,12,15,12,15,2,3,823,1,823,1,0,0,0,0,12,15,12,15,2,3,823,1,823,1,0,0,0,0,12,15,12,15,2,3,823,1,823,1,0,0,0,0,12,15,12,15,2,3,823,1,823,1,0,0,0,0,13,16,12,15,13,16,823,1,823,1,0,0,0,0
126,0,1000,0,900,100,0,1000,12,15,12,15,2,3,5731,21,0,0,291,1,5440,20,12,15,12,15,2,3,5731,21,0,0,291,1,5440,20,12,15,12,15,2,3,5731,21,0,0,291,1,5440,20,12,15,12,15,2,3,5731,21,0,0,291,1,5440,20,12,15,12,15,2,3,5731,21,0,0,291,1,5440,20,13,16,12,15,13,16,5731,21,0,0,291,1,5440,20
127,0,1000,0,0,1000,0,1000,14,21,12,15,14,21,0,0,0,0,0,0,0,0,14,21,12,15,14,21,0,0,0,0,0,0,0,0,14,21,12,15,14,21,0,0,0,0,0,0,0,0,14,21,12,15,14,21,0,0,0,0,0,0,0,0,14,21,12,15,14,21,0,0,0,0,0,0,0,0,14,21,12,15,14,21,0,0,0,0,0,0,0,0
128,0,1000,0,0,1000,0,1000,14,21,12,15,14,21,0,0,0,0,0,0,0,0,14,21,12,15,14,21,0,0,0,0,0,0,0,0,14,21,12,15,14,21,0,0,0,0,0,0,0,0,14,21,12,15,14,21,0,0,0,0,0,0,0,0,14,21,12,15,14,21,0,0,0,0,0,0,0,0,14,21,12,15,14,21,0,0,0,0,0,0,0,0
129,0,1000,0,0,1000,0,1000,14,21,12,15,14,21,2158,2,2158,2,0,0,0,0,14,21,12,15,14,21,2158,2,2158,2,0,0,0,0,14,21,12,15,14,21,2158,2,2158,2,0,0,0,0,14,21,12,15,14,21,2158,2,2158,2,0,0,0,0,14,21,12,15,14,21,2158,2,2158,2,0,0,0,0,14,21,12,15,14,21,2158,2,2158,2,0,0,0,0
130,0,1000,0,0,1000,0,1000,18,32,18,32,14,21,24771,91,0,0,291,1,24480,90,18,32,18,32,14,21,24771,91,0,0,291,1,24480,90,18,32,18,32,14,21,24771,91,0,0,291,1,24480,90,18,32,18,32,14,21,24771,91,0,0,291,1,24480,90,18,32,18,32,14,21,24771,91,0,0,291,1,24480,90,18,32,18,32,14,21,24771,91,0,0,291,1,24480,90
131,0,1000,0,0,1000,0,1000,18,32,18,32,14,21,0,0,0,0,0,0,0,0,18,32,18,32,14,21,0,0,0,0,0,0,0,0,18,32,18,32,14,21,0,0,0,0,0,0,0,0,18,32,18,32,14,21,0,0,0,0,0,0,0,0,18,32,18,32,14,21,0,0,0,0,0,0,0,0,18,32,18,32,14,21,0,0,0,0,0,0,0,0
132,0,1000,0,0,1000,0,1000,18,32,18,32,14,21,0,0,0,0,0,0,0,0,18,32,18,32,14,21,0,0,0,0,0,0,0,0,18,32,18,32,14,21,0,0,0,0,0,0,0,0,18,32,18,32,14,21,0,0,0,0,0,0,0,0,18,32,18,32,14,21,0,0,0,0,0,0,0,0,18,32,18,32,14,21,0,0,0,0,0,0,0,0
133,0,1000,0,0,1000,0,1000,18,32,18,32,14,21,6638,2,6638,2,0,0,0,0,18,32,18,32,14,21,6638,2,6638,2,0,0,0,0,18,32,18,32,14,21,6638,2,6638,2,0,0,0,0,18,32,18,32,14,21,6638,2,6638,2,0,0,0,0,18,32,18,32,14,21,6638,2,6638,2,0,0,0,0,18,32,18,32,14,21,6638,2,6638,2,0,0,0,0
134,0,1000,0,0,1000,0,1000,19,33,19,33,14,21,27219,100,0,0,291,1,26928,99,19,33,19,33,14,21,27219,100,0,0,291,1,26928,99,19,33,19,33,14,21,27219,100,0,0,291,1,26928,99,19,33,19,33,14,21,27219,100,0,0,291,1,26928,99,19,33,19,33,14,21,27219,100,0,0,291,1,26928,99,19,33,19,33,14,21,27219,100,0,0,291,1,26928,99
135,0,1000,0,0,1000,0,1000,19,33,19,33,14,21,0,0,0,0,0,0,0,0,19,33,19,33,14,21,0,0,0,0,0,0,0,0,19,33,19,33,14,21,0,0,0,0,0,0,0,0,19,33,19,33,14,21,0,0,0,0,0,0,0,0,19,33,19,33,14,21,0,0,0,0,0,0,0,0,19,33,19,33,14,21,0,0,0,0,0,0,0,0
136,0,1000,0,0,1000,0,1000,19,33,19,33,14,21,0,0,0,0,0,0,0,0,19,33,19,33,14,21,0,0,0,0,0,0,0,0,19,33,19,33,14,21,0,0,0,0,0,0,0,0,19,33,19,33,14,21,0,0,0,0,0,0,0,0,19,33,19,33,14,21,0,0,0,0,0,0,0,0,19,33,19,33,14,21,0,0,0,0,0,0,0,0
137,0,1000,0,0,1000,0,1000,19,33,19,33,14,21,14428,4,14428,4,0,0,0,0,19,33,19,33,14,21,14428,4,14428,4,0,0,0,0,19,33,19,33,14,21,14428,4,14428,4,0,0,0,0,19,33,19,33,14,21,14428,4,14428,4,0,0,0,0,19,33,19,33,14,21,14428,4,14428,4,0,0,0,0,19,33,19,33,14,21,14428,4,14428,4,0,0,0,0
138,0,1000,0,0,1000,0,1000,20,34,20,34,14,21,28035,103,0,0,291,1,27744,102,20,34,20,34,14,21,28035,103,0,0,291,1,27744,102,20,34,20,34,14,21,28035,103,0,0,291,1,27744,102,20,34,20,34,14,21,28035,103,0,0,291,1,27744,102,20,34,20,34,14,21,28035,103,0,0,291,1,27744,102,20,34,20,34,14,21,28035,103,0,0,291,1,27744,102
139,0,1000,0,0,1000,0,1000,20,34,20,34,15,24,0,0,0,0,0,0,0,0,20,34,20,34,15,24,0,0,0,0,0,0,0,0,20,34,20,34,15,24,0,0,0,0,0,0,0,0,20,34,20,34,15,24,0,0,0,0,0,0,0,0,20,34,20,34,15,24,0,0,0,0,0,0,0,0,20,34,20,34,15,24,0,0,0,0,0,0,0,0
140,0,1000,0,0,1000,0,1000,20,34,20,34,15,24,0,0,0,0,0,0,0,0,20,34,20,34,15,24,0,0,0,0,0,0,0,0,20,34,20,34,15,24,0,0,0,0,0,0,0,0,20,34,20,34,15,24,0,0,0,0,0,0,0,0,20,34,20,34,15,24,0,0,0,0,0,0,0,0,20,34,20,34,15,24,0,0,0,0,0,0,0,0
141,0,1000,0,0,1000,0,1000,20,34,20,34,15,24,3703,1,3703,1,0,0,0,0,20,34,20,34,15,24,3703,1,3703,1,0,0,0,0,20,34,20,34,15,24,3703,1,3703,1,0,0,0,0,20,34,20,34,15,24,3703,1,3703,1,0,0,0,0,20,34,20,34,15,24,3703,1,3703,1,0,0,0,0,20,34,20,34,15,24,3703,1,3703,1,0,0,0,0
142,0,1000,0,0,1000,0,1000,21,35,21,35,15,24,22867,84,0,0,291,1,22576,83,21,35,21,35,15,24,22867,84,0,0,291,1,22576,83,21,35,21,35,15,24,22867,84,0,0,291,1,22576,83,21,35,21,35,15,24,22867,84,0,0,291,1,22576,83,21,35,21,35,15,24,22867,84,0,0,291,1,22576,83,21,35,21,35,15,24,22867,84,0,0,291,1,22576,83
143,0,1000,0,0,1000,0,1000,21,35,21,35,15,24,0,0,0,0,0,0,0,0,21,35,21,35,15,24,0,0,0,0,0,0,0,0,21,35,21,35,15,24,0,0,0,0,0,0,0,0,21,35,21,35,15,24,0,0,0,0,0,0,0,0,21,35,21,35,15,24,0,0,0,0,0,0,0,0,21,35,21,35,15,24,0,0,0,0,0,0,0,0
144,0,1000,0,0,1000,0,1000,21,35,21,35,15,24,0,0,0,0,0,0,0,0,21,35,21,35,15,24,0,0,0,0,0,0,0,0,21,35,21,35,15,24,0,0,0,0,0,0,0,0,21,35,21,35,15,24,0,0,0,0,0,0,0,0,21,35,21,35,15,24,0,0,0,0,0,0,0,0,21,35,21,35,15,24,0,0,0,0,0,0,0,0
145,0,1000,0,0,1000,0,1000,21,35,21,35,15,24,9285,3,9285,3,0,0,0,0,21,35,21,35,15,24,9285,3,9285,3,0,0,0,0,21,35,21,35,15,24,9285,3,9285,3,0,0,0,0,21,35,21,35,15,24,9285,3,9285,3,0,0,0,0,21,35,21,35,15,24,9285,3,9285,3,0,0,0,0,21,35,21,35,15,24,9285,3,9285,3,0,0,0,0
146,0,1000,0,0,1000,0,1000,22,36,22,36,15,24,26131,96,0,0,291,1,25840,95,22,36,22,36,15,24,26131,96,0,0,291,1,25840,95,22,36,22,36,15,24,26131,96,0,0,291,1,25840,95,22,36,22,36,15,24,26131,96,0,0,291,1,25840,95,22,36,22,36,15,24,26131,96,0,0,291,1,25840,95,22,36,22,36,15,24,26131,96,0,0,291,1,25840,95
147,0,1000,0,0,1000,0,1000,22,36,22,36,16,26,0,0,0,0,0,0,0,0,22,36,22,36,16,26,0,0,0,0,0,0,0,0,22,36,22,36,16,26,0,0,0,0,0,0,0,0,22,36,22,36,16,26,0,0,0,0,0,0,0,0,22,36,22,36,16,26,0,0,0,0,0,0,0,0,22,36,22,36,16,26,0,0,0,0,0,0,0,0
148,0,1000,0,0,1000,0,1000,22,36,22,36,16,26,0,0,0,0,0,0,0,0,22,36,22,36,16,26,0,0,0,0,0,0,0,0,22,36,22,36,16,26,0,0,0,0,0,0,0,0,22,36,22,36,16,26,0,0,0,0,0,0,0,0,22,36,22,36,16,26,0,0,0,0,0,0,0,0,22,36,22,36,16,26,0,0,0,0,0,0,0,0
149,0,1000,0,0,1000,0,1000,22,36,22,36,16,26,3478,1,3478,1,0,0,0,0,22,36,22,36,16,26,3478,1,3478,1,0,0,0,0,22,36,22,36,16,26,3478,1,3478,1,0,0,0,0,22,36,22,36,16,26,3478,1,3478,1,0,0,0,0,22,36,22,36,16,26,3478,1,3478,1,0,0,0,0,22,36,22,36,16,26,3478,1,3478,1,0,0,0,0
150,0,1000,0,0,1000,0,1000,23,37,23,37,16,26,27490,101,0,0,290,1,27200,100,23,37,23,37,16,26,27490,101,0,0,290,1,27200,100,23,37,23,37,16,26,27490,101,0,0,290,1,27200,100,23,37,23,37,16,26,27490,101,0,0,290,1,27200,100,23,37,23,37,16,26,27490,101,0,0,290,1,27200,100,23,37,23,37,16,26,27490,101,0,0,290,1,27200,100
151,0,1000,0,0,1000,0,1000,23,37,23,37,16,26,0,0,0,0,0,0,0,0,23,37,23,37,16,26,0,0,0,0,0,0,0,0,23,37,23,37,16,26,0,0,0,0,0,0,0,0,23,37,23,37,16,26,0,0,0,0,0,0,0,0,23,37,23,37,16,26,0,0,0,0,0,0,0,0,23,37,23,37,16,26,0,0,0,0,0,0,0,0
152,0,1000,0,0,1000,0,1000,23,37,23,37,16,26,0,0,0,0,0,0,0,0,23,37,23,37,16,26,0,0,0,0,0,0,0,0,23,37,23,37,16,26,0,0,0,0,0,0,0,0,23,37,23,37,16,26,0,0,0,0,0,0,0,0,23,37,23,37,16,26,0,0,0,0,0,0,0,0,23,37,23,37,16,26,0,0,0,0,0,0,0,0
153,0,1000,0,0,1000,0,1000,23,37,23,37,16,26,10917,3,10917,3,0,0,0,0,23,37,23,37,16,26,10917,3,10917,3,0,0,0,0,23,37,23,37,16,26,10917,3,10917,3,0,0,0,0,23,37,23,37,16,26,10917,3,10917,3,0,0,0,0,23,37,23,37,16,26,10917,3,10917,3,0,0,0,0,23,37,23,37,16,26,10917,3,10917,3,0,0,0,0
154,0,1000,0,0,1000,0,1000,24,38,24,38,16,26,28579,105,0,0,291,1,28288,104,24,38,24,38,16,26,28579,105,0,0,291,1,28288,104,24,38,24,38,16,26,28579,105,0,0,291,1,28288,104,24,38,24,38,16,26,28579,105,0,0,291,1,28288,104,24,38,24,38,16,26,28579,105,0,0,291,1,28288,104,24,38,24,38,16,26,28579,105,0,0,291,1,28288,104
155,0,1000,0,0,1000,0,1000,24,38,24,38,16,26,0,0,0,0,0,0,0,0,24,38,24,38,16,26,0,0,0,0,0,0,0,0,24,38,24,38,16,26,0,0,0,0,0,0,0,0,24,38,24,38,16,26,0,0,0,0,0,0,0,0,24,38,24,38,16,26,0,0,0,0,0,0,0,0,24,38,24,38,16,26,0,0,0,0,0,0,0,0
156,0,1000,0,0,1000,0,1000,24,38,24,38,16,26,0,0,0,0,0,0,0,0,24,38,24,38,16,26,0,0,0,0,0,0,0,0,24,38,24,38,16,26,0,0,0,0,0,0,0,0,24,38,24,38,16,26,0,0,0,0,0,0,0,0,24,38,24,38,16,26,0,0,0,0,0,0,0,0,24,38,24,38,16,26,0,0,0,0,0,0,0,0
157,0,1000,0,0,1000,0,1000,24,38,24,38,16,26,7533,2,7533,2,0,0,0,0,24,38,24,38,16,26,7533,2,7533,2,0,0,0,0,24,38,24,38,16,26,7533,2,7533,2,0,0,0,0,24,38,24,38,16,26,7533,2,7533,2,0,0,0,0,24,38,24,38,16,26,7533,2,7533,2,0,0,0,0,24,38,24,38,16,26,7533,2,7533,2,0,0,0,0
158,0,1000,0,0,1000,0,1000,25,39,25,39,16,26,28851,106,0,0,291,1,28560,105,25,39,25,39,16,26,28851,106,0,0,291,1,28560,105,25,39,25,39,16,26,28851,106,0,0,291,1,28560,105,25,39,25,39,16,26,28851,106,0,0,291,1,28560,105,25,39,25,39,16,26,28851,106,0,0,291,1,28560,105,25,39,25,39,16,26,28851,106,0,0,291,1,28560,105
159,0,1000,0,0,1000,0,1000,25,39,25,39,16,26,0,0,0,0,0,0,0,0,25,39,25,39,16,26,0,0,0,0,0,0,0,0,25,39,25,39,16,26,0,0,0,0,0,0,0,0,25,39,25,39,16,26,0,0,0,0,0,0,0,0,25,39,25,39,16,26,0,0,0,0,0,0,0,0,25,39,25,39,16,26,0,0,0,0,0,0,0,0
160,0,1000,0,0,1000,0,1000,25,39,25,39,16,26,0,0,0,0,0,0,0,0,25,39,25,39,16,26,0,0,0,0,0,0,0,0,25,39,25,39,16,26,0,0,0,0,0,0,0,0,25,39,25,39,16,26,0,0,0,0,0,0,0,0,25,39,25,39,16,26,0,0,0,0,0,0,0,0,25,39,25,39,16,26,0,0,0,0,0,0,0,0
161,0,1000,0,0,1000,0,1000,25,39,25,39,16,26,11396,3,11396,3,0,0,0,0,25,39,25,39,16,26,11396,3,11396,3,0,0,0,0,25,39,25,39,16,26,11396,3,11396,3,0,0,0,0,25,39,25,39,16,26,11396,3,11396,3,0,0,0,0,25,39,25,39,16,26,11396,3,11396,3,0,0,0,0,25,39,25,39,16,26,11396,3,11396,3,0,0,0,0
162,0,1000,0,0,1000,0,1000,26,40,26,40,16,26,23955,88,0,0,291,1,23664,87,26,40,26,40,16,26,23955,88,0,0,291,1,23664,87,26,40,26,40,16,26,23955,88,0,0,291,1,23664,87,26,40,26,40,16,26,23955,88,0,0,291,1,23664,87,26,40,26,40,16,26,23955,88,0,0,291,1,23664,87,26,40,26,40,16,26,23955,88,0,0,291,1,23664,87
163,0,1000,0,0,1000,0,1000,26,40,26,40,16,26,0,0,0,0,0,0,0,0,26,40,26,40,16,26,0,0,0,0,0,0,0,0,26,40,26,40,16,26,0,0,0,0,0,0,0,0,26,40,26,40,16,26,0,0,0,0,0,0,0,0,26,40,26,40,16,26,0,0,0,0,0,0,0,0,26,40,26,40,16,26,0,0,0,0,0,0,0,0
164,0,1000,0,0,1000,0,1000,26,40,26,40,16,26,0,0,0,0,0,0,0,0,26,40,26,40,16,26,0,0,0,0,0,0,0,0,26,40,26,40,16,26,0,0,0,0,0,0,0,0,26,40,26,40,16,26,0,0,0,0,0,0,0,0,26,40,26,40,16,26,0,0,0,0,0,0,0,0,26,40,26,40,16,26,0,0,0,0,0,0,0,0
165,0,1000,0,0,1000,0,1000,26,40,26,40,16,26,12892,4,12892,4,0,0,0,0,26,40,26,40,16,26,12892,4,12892,4,0,0,0,0,26,40,26,40,16,26,12892,4,12892,4,0,0,0,0,26,40,26,40,16,26,12892,4,12892,4,0,0,0,0,26,40,26,40,16,26,12892,4,12892,4,0,0,0,0,26,40,26,40,16,26,12892,4,12892,4,0,0,0,0
166,0,1000,0,0,1000,0,1000,27,41,27,41,16,26,23955,88,0,0,291,1,23664,87,27,41,27,41,16,26,23955,88,0,0,291,1,23664,87,27,41,27,41,16,26,23955,88,0,0,291,1,23664,87,27,41,27,41,16,26,23955,88,0,0,291,1,23664,87,27,41,27,41,16,26,23955,88,0,0,291,1,23664,87,27,41,27,41,16,26,23955,88,0,0,291,1,23664,87
167,0,1000,0,0,1000,0,1000,27,41,27,41,17,31,0,0,0,0,0,0,0,0,27,41,27,41,17,31,0,0,0,0,0,0,0,0,27,41,27,41,17,31,0,0,0,0,0,0,0,0,27,41,27,41,17,31,0,0,0,0,0,0,0,0,27,41,27,41,17,31,0,0,0,0,0,0,0,0,27,41,27,41,17,31,0,0,0,0,0,0,0,0
168,0,1000,0,0,1000,0,1000,27,41,27,41,17,31,0,0,0,0,0,0,0,0,27,41,27,41,17,31,0,0,0,0,0,0,0,0,27,41,27,41,17,31,0,0,0,0,0,0,0,0,27,41,27,41,17,31,0,0,0,0,0,0,0,0,27,41,27,41,17,31,0,0,0,0,0,0,0,0,27,41,27,41,17,31,0,0,0,0,0,0,0,0
169,0,1000,0,0,1000,0,1000,27,41,27,41,17,31,6446,2,6446,2,0,0,0,0,27,41,27,41,17,31,6446,2,6446,2,0,0,0,0,27,41,27,41,17,31,6446,2,6446,2,0,0,0,0,27,41,27,41,17,31,6446,2,6446,2,0,0,0,0,27,41,27,41,17,31,6446,2,6446,2,0,0,0,0,27,41,27,41,17,31,6446,2,6446,2,0,0,0,0
170,0,1000,0,0,1000,0,1000,28,42,28,42,17,31,29939,110,0,0,291,1,29648,109,28,42,28,42,17,31,29939,110,0,0,291,1,29648,109,28,42,28,42,17,31,29939,110,0,0,291,1,29648,109,28,42,28,42,17,31,29939,110,0,0,291,1,29648,109,28,42,28,42,17,31,29939,110,0,0,291,1,29648,109,28,42,28,42,17,31,29939,110,0,0,291,1,29648,109
171,0,1000,0,0,1000,0,1000,28,42,28,42,18,32,0,0,0,0,0,0,0,0,28,42,28,42,18,32,0,0,0,0,0,0,0,0,28,42,28,42,18,32,0,0,0,0,0,0,0,0,28,42,28,42,18,32,0,0,0,0,0,0,0,0,28,42,28,42,18,32,0,0,0,0,0,0,0,0,28,42,28,42,18,32,0,0,0,0,0,0,0,0
172,0,1000,0,0,1000,0,1000,28,42,28,42,18,32,0,0,0,0,0,0,0,0,28,42,28,42,18,32,0,0,0,0,0,0,0,0,28,42,28,42,18,32,0,0,0,0,0,0,0,0,28,42,28,42,18,32,0,0,0,0,0,0,0,0,28,42,28,42,18,32,0,0,0,0,0,0,0,0,28,42,28,42,18,32,0,0,0,0,0,0,0,0
173,0,1000,0,0,1000,0,1000,28,42,28,42,18,32,15707,4,15707,4,0,0,0,0,28,42,28,42,18,32,15707,4,15707,4,0,0,0,0,28,42,28,42,18,32,15707,4,15707,4,0,0,0,0,28,42,28,42,18,32,15707,4,15707,4,0,0,0,0,28,42,28,42,18,32,15707,4,15707,4,0,0,0,0,28,42,28,42,18,32,15707,4,15707,4,0,0,0,0
174,0,1000,0,0,1000,0,1000,29,43,29,43,18,32,25587,94,0,0,291,1,25296,93,29,43,29,43,18,32,25587,94,0,0,291,1,25296,93,29,43,29,43,18,32,25587,94,0,0,291,1,25296,93,29,43,29,43,18,32,25587,94,0,0,291,1,25296,93,29,43,29,43,18,32,25587,94,0,0,291,1,25296,93,29,43,29,43,18,32,25587,94,0,0,291,1,25296,93
175,0,1000,0,0,1000,0,1000,29,43,29,43,19,33,0,0,0,0,0,0,0,0,29,43,29,43,19,33,0,0,0,0,0,0,0,0,29,43,29,43,19,33,0,0,0,0,0,0,0,0,29,43,29,43,19,33,0,0,0,0,0,0,0,0,29,43,29,43,19,33,0,0,0,0,0,0,0,0,29,43,29,43,19,33,0,0,0,0,0,0,0,0
176,0,1000,0,0,1000,0,1000,29,43,29,43,19,33,0,0,0,0,0,0,0,0,29,43,29,43,19,33,0,0,0,0,0,0,0,0,29,43,29,43,19,33,0,0,0,0,0,0,0,0,29,43,29,43,19,33,0,0,0,0,0,0,0,0,29,43,29,43,19,33,0,0,0,0,0,0,0,0,29,43,29,43,19,33,0,0,0,0,0,0,0,0
177,0,1000,0,0,1000,0,1000,29,43,29,43,19,33,3415,1,3415,1,0,0,0,0,29,43,29,43,19,33,3415,1,3415,1,0,0,0,0,29,43,29,43,19,33,3415,1,3415,1,0,0,0,0,29,43,29,43,19,33,3415,1,3415,1,0,0,0,0,29,43,29,43,19,33,3415,1,3415,1,0,0,0,0,29,43,29,43,19,33,3415,1,3415,1,0,0,0,0
178,0,1000,0,0,1000,0,1000,30,44,30,44,19,33,28579,105,0,0,291,1,28288,104,30,44,30,44,19,33,28579,105,0,0,291,1,28288,104,30,44,30,44,19,33,28579,105,0,0,291,1,28288,104,30,44,30,44,19,33,28579,105,0,0,291,1,28288,104,30,44,30,44,19,33,28579,105,0,0,291,1,28288,104,30,44,30,44,19,33,28579,105,0,0,291,1,28288,104
179,0,1000,0,0,1000,0,1000,30,44,30,44,20,34,0,0,0,0,0,0,0,0,30,44,30,44,20,34,0,0,0,0,0,0,0,0,30,44,30,44,20,34,0,0,0,0,0,0,0,0,30,44,30,44,20,34,0,0,0,0,0,0,0,0,30,44,30,44,20,34,0,0,0,0,0,0,0,0,30,44,30,44,20,34,0,0,0,0,0,0,0,0
180,0,1000,0,0,1000,0,1000,30,44,30,44,20,34,0,0,0,0,0,0,0,0,30,44,30,44,20,34,0,0,0,0,0,0,0,0,30,44,30,44,20,34,0,0,0,0,0,0,0,0,30,44,30,44,20,34,0,0,0,0,0,0,0,0,30,44,30,44,20,34,0,0,0,0,0,0,0,0,30,44,30,44,20,34,0,0,0,0,0,0,0,0
181,0,1000,0,0,1000,0,1000,30,44,30,44,20,34,3767,1,3767,1,0,0,0,0,30,44,30,44,20,34,3767,1,3767,1,0,0,0,0,30,44,30,44,20,34,3767,1,3767,1,0,0,0,0,30,44,30,44,20,34,3767,1,3767,1,0,0,0,0,30,44,30,44,20,34,3767,1,3767,1,0,0,0,0,30,44,30,44,20,34,3767,1,3767,1,0,0,0,0
182,0,1000,0,0,1000,0,1000,31,45,31,45,20,34,23139,85,0,0,291,1,22848,84,31,45,31,45,20,34,23139,85,0,0,291,1,22848,84,31,45,31,45,20,34,23139,85,0,0,291,1,22848,84,31,45,31,45,20,34,23139,85,0,0,291,1,22848,84,31,45,31,45,20,34,23139,85,0,0,291,1,22848,84,31,45,31,45,20,34,23139,85,0,0,291,1,22848,84
183,0,1000,0,0,1000,0,1000,31,45,31,45,21,35,0,0,0,0,0,0,0,0,31,45,31,45,21,35,0,0,0,0,0,0,0,0,31,45,31,45,21,35,0,0,0,0,0,0,0,0,31,45,31,45,21,35,0,0,0,0,0,0,0,0,31,45,31,45,21,35,0,0,0,0,0,0,0,0,31,45,31,45,21,35,0,0,0,0,0,0,0,0
184,0,1000,0,0,1000,0,1000,31,45,31,45,21,35,0,0,0,0,0,0,0,0,31,45,31,45,21,35,0,0,0,0,0,0,0,0,31,45,31,45,21,35,0,0,0,0,0,0,0,0,31,45,31,45,21,35,0,0,0,0,0,0,0,0,31,45,31,45,21,35,0,0,0,0,0,0,0,0,31,45,31,45,21,35,0,0,0,0,0,0,0,0
185,0,1000,0,0,1000,0,1000,31,45,31,45,21,35,9381,3,9381,3,0,0,0,0,31,45,31,45,21,35,9381,3,9381,3,0,0,0,0,31,45,31,45,21,35,9381,3,9381,3,0,0,0,0,31,45,31,45,21,35,9381,3,9381,3,0,0,0,0,31,45,31,45,21,35,9381,3,9381,3,0,0,0,0,31,45,31,45,21,35,9381,3,9381,3,0,0,0,0
186,0,1000,0,0,1000,0,1000,32,46,32,46,21,35,24499,90,0,0,291,1,24208,89,32,46,32,46,21,35,24499,90,0,0,291,1,24208,89,32,46,32,46,21,35,24499,90,0,0,291,1,24208,89,32,46,32,46,21,35,24499,90,0,0,291,1,24208,89,32,46,32,46,21,35,24499,90,0,0,291,1,24208,89,32,46,32,46,21,35,24499,90,0,0,291,1,24208,89
187,900,100,900,0,100,0,1000,32,46,32,46,21,35,0,0,0,0,0,0,0,0,32,46,32,46,21,35,0,0,0,0,0,0,0,0,32,46,32,46,21,35,0,0,0,0,0,0,0,0,32,46,32,46,21,35,0,0,0,0,0,0,0,0,32,46,32,46,21,35,0,0,0,0,0,0,0,0,32,46,32,46,22,36,0,0,0,0,0,0,0,0
188,900,100,900,0,100,0,1000,32,46,32,46,21,35,0,0,0,0,0,0,0,0,32,46,32,46,21,35,0,0,0,0,0,0,0,0,32,46,32,46,21,35,0,0,0,0,0,0,0,0,32,46,32,46,21,35,0,0,0,0,0,0,0,0,32,46,32,46,21,35,0,0,0,0,0,0,0,0,32,46,32,46,22,36,0,0,0,0,0,0,0,0
189,900,100,900,0,100,0,1000,32,46,32,46,21,35,0,0,0,0,0,0,0,0,32,46,32,46,21,35,0,0,0,0,0,0,0,0,32,46,32,46,21,35,0,0,0,0,0,0,0,0,32,46,32,46,21,35,0,0,0,0,0,0,0,0,32,46,32,46,21,35,0,0,0,0,0,0,0,0,32,46,32,46,22,36,0,0,0,0,0,0,0,0
190,900,100,900,0,100,0,1000,32,46,32,46,21,35,2992,11,0,0,0,0,2992,11,32,46,32,46,21,35,2992,11,0,0,0,0,2992,11,32,46,32,46,21,35,2992,11,0,0,0,0,2992,11,32,46,32,46,21,35,2992,11,0,0,0,0,2992,11,32,46,32,46,21,35,2992,11,0,0,0,0,2992,11,32,46,32,46,22,36,2992,11,0,0,0,0,2992,11
191,900,100,900,0,100,0,1000,32,46,32,46,21,35,0,0,0,0,0,0,0,0,32,46,32,46,21,35,0,0,0,0,0,0,0,0,32,46,32,46,21,35,0,0,0,0,0,0,0,0,32,46,32,46,21,35,0,0,0,0,0,0,0,0,32,46,32,46,21,35,0,0,0,0,0,0,0,0,32,46,32,46,23,37,0,0,0,0,0,0,0,0
192,900,100,900,0,100,0,1000,32,46,32,46,21,35,0,0,0,0,0,0,0,0,32,46,32,46,21,35,0,0,0,0,0,0,0,0,32,46,32,46,21,35,0,0,0,0,0,0,0,0,32,46,32,46,21,35,0,0,0,0,0,0,0,0,32,46,32,46,21,35,0,0,0,0,0,0,0,0,32,46,32,46,23,37,0,0,0,0,0,0,0,0
193,900,100,900,0,100,0,1000,32,46,32,46,21,35,0,0,0,0,0,0,0,0,32,46,32,46,21,35,0,0,0,0,0,0,0,0,32,46,32,46,21,35,0,0,0,0,0,0,0,0,32,46,32,46,21,35,0,0,0,0,0,0,0,0,32,46,32,46,21,35,0,0,0,0,0,0,0,0,32,46,32,46,23,37,0,0,0,0,0,0,0,0
194,900,100,900,0,100,0,1000,32,46,32,46,21,35,4080,15,0,0,0,0,4080,15,32,46,32,46,21,35,4080,15,0,0,0,0,4080,15,32,46,32,46,21,35,4080,15,0,0,0,0,4080,15,32,46,32,46,21,35,4080,15,0,0,0,0,4080,15,32,46,32,46,21,35,4080,15,0,0,0,0,4080,15,32,46,32,46,23,37,4080,15,0,0,0,0,4080,15
195,900,100,900,0,100,0,1000,32,46,32,46,21,35,0,0,0,0,0,0,0,0,32,46,32,46,21,35,0,0,0,0,0,0,0,0,32,46,32,46,21,35,0,0,0,0,0,0,0,0,32,46,32,46,21,35,0,0,0,0,0,0,0,0,32,46,32,46,21,35,0,0,0,0,0,0,0,0,32,46,32,46,24,38,0,0,0,0,0,0,0,0
196,900,100,900,0,100,0,1000,32,46,32,46,21,35,0,0,0,0,0,0,0,0,32,46,32,46,21,35,0,0,0,0,0,0,0,0,32,46,32,46,21,35,0,0,0,0,0,0,0,0,32,46,32,46,21,35,0,0,0,0,0,0,0,0,32,46,32,46,21,35,0,0,0,0,0,0,0,0,32,46,32,46,24,38,0,0,0,0,0,0,0,0
197,900,100,900,0,100,0,1000,32,46,32,46,21,35,919,1,919,1,0,0,0,0,32,46,32,46,21,35,919,1,919,1,0,0,0,0,32,46,32,46,21,35,919,1,919,1,0,0,0,0,32,46,32,46,21,35,919,1,919,1,0,0,0,0,32,46,32,46,21,35,919,1,919,1,0,0,0,0,32,46,32,46,24,38,919,1,919,1,0,0,0,0
198,900,100,900,0,100,0,1000,32,46,32,46,21,35,4099,15,0,0,291,1,3808,14,32,46,32,46,21,35,4099,15,0,0,291,1,3808,14,32,46,32,46,21,35,4099,15,0,0,291,1,3808,14,32,46,32,46,21,35,4099,15,0,0,291,1,3808,14,32,46,32,46,21,35,4099,15,0,0,291,1,3808,14,32,46,32,46,24,38,4099,15,0,0,291,1,3808,14
199,900,100,900,0,100,0,1000,32,46,32,46,21,35,0,0,0,0,0,0,0,0,32,46,32,46,21,35,0,0,0,0,0,0,0,0,32,46,32,46,21,35,0,0,0,0,0,0,0,0,32,46,32,46,21,35,0,0,0,0,0,0,0,0,32,46,32,46,21,35,0,0,0,0,0,0,0,0,32,46,32,46,25,39,0,0,0,0,0,0,0,0
200,900,100,900,0,100,0,1000,32,46,32,46,21,35,0,0,0,0,0,0,0,0,32,46,32,46,21,35,0,0,0,0,0,0,0,0,32,46,32,46,21,35,0,0,0,0,0,0,0,0,32,46,32,46,21,35,0,0,0,0,0,0,0,0,32,46,32,46,21,35,0,0,0,0,0,0,0,0,32,46,32,46,25,39,0,0,0,0,0,0,0,0
201,900,100,900,0,100,0,1000,32,46,32,46,21,35,1774,2,1774,2,0,0,0,0,32,46,32,46,21,35,1774,2,1774,2,0,0,0,0,32,46,32,46,21,35,1774,2,1774,2,0,0,0,0,32,46,32,46,21,35,1774,2,1774,2,0,0,0,0,32,46,32,46,21,35,1774,2,1774,2,0,0,0,0,32,46,32,46,25,39,1774,2,1774,2,0,0,0,0
202,900,100,900,0,100,0,1000,32,46,32,46,21,35,2739,10,0,0,291,1,2448,9,32,46,32,46,21,35,2739,10,0,0,291,1,2448,9,32,46,32,46,21,35,2739,10,0,0,291,1,2448,9,32,46,32,46,21,35,2739,10,0,0,291,1,2448,9,32,46,32,46,21,35,2739,10,0,0,291,1,2448,9,32,46,32,46,25,39,2739,10,0,0,291,1,2448,9
203,900,100,900,0,100,0,1000,32,46,32,46,21,35,0,0,0,0,0,0,0,0,32,46,32,46,21,35,0,0,0,0,0,0,0,0,32,46,32,46,21,35,0,0,0,0,0,0,0,0,32,46,32,46,21,35,0,0,0,0,0,0,0,0,32,46,32,46,21,35,0,0,0,0,0,0,0,0,32,46,32,46,26,40,0,0,0,0,0,0,0,0
204,900,100,900,0,100,0,1000,32,46,32,46,21,35,0,0,0,0,0,0,0,0,32,46,32,46,21,35,0,0,0,0,0,0,0,0,32,46,32,46,21,35,0,0,0,0,0,0,0,0,32,46,32,46,21,35,0,0,0,0,0,0,0,0,32,46,32,46,21,35,0,0,0,0,0,0,0,0,32,46,32,46,26,40,0,0,0,0,0,0,0,0
205,900,100,900,0,100,0,1000,32,46,32,46,21,35,0,0,0,0,0,0,0,0,32,46,32,46,21,35,0,0,0,0,0,0,0,0,32,46,32,46,21,35,0,0,0,0,0,0,0,0,32,46,32,46,21,35,0,0,0,0,0,0,0,0,32,46,32,46,21,35,0,0,0,0,0,0,0,0,32,46,32,46,26,40,0,0,0,0,0,0,0,0
206,900,100,900,0,100,0,1000,32,46,32,46,21,35,3536,13,0,0,0,0,3536,13,32,46,32,46,21,35,3536,13,0,0,0,0,3536,13,32,46,32,46,21,35,3536,13,0,0,0,0,3536,13,32,46,32,46,21,35,3536,13,0,0,0,0,3536,13,32,46,32,46,21,35,3536,13,0,0,0,0,3536,13,32,46,32,46,26,40,3536,13,0,0,0,0,3536,13
207,900,100,900,0,100,0,1000,32,46,32,46,21,35,0,0,0,0,0,0,0,0,32,46,32,46,21,35,0,0,0,0,0,0,0,0,32,46,32,46,21,35,0,0,0,0,0,0,0,0,32,46,32,46,21,35,0,0,0,0,0,0,0,0,32,46,32,46,21,35,0,0,0,0,0,0,0,0,32,46,32,46,27,41,0,0,0,0,0,0,0,0
208,900,100,900,0,100,0,1000,32,46,32,46,21,35,0,0,0,0,0,0,0,0,32,46,32,46,21,35,0,0,0,0,0,0,0,0,32,46,32,46,21,35,0,0,0,0,0,0,0,0,32,46,32,46,21,35,0,0,0,0,0,0,0,0,32,46,32,46,21,35,0,0,0,0,0,0,0,0,32,46,32,46,27,41,0,0,0,0,0,0,0,0
209,900,100,900,0,100,0,1000,32,46,32,46,21,35,0,0,0,0,0,0,0,0,32,46,32,46,21,35,0,0,0,0,0,0,0,0,32,46,32,46,21,35,0,0,0,0,0,0,0,0,32,46,32,46,21,35,0,0,0,0,0,0,0,0,32,46,32,46,21,35,0,0,0,0,0,0,0,0,32,46,32,46,27,41,0,0,0,0,0,0,0,0
210,900,100,900,0,100,0,1000,32,46,32,46,21,35,2448,9,0,0,0,0,2448,9,32,46,32,46,21,35,2448,9,0,0,0,0,2448,9,32,46,32,46,21,35,2448,9,0,0,0,0,2448,9,32,46,32,46,21,35,2448,9,0,0,0,0,2448,9,32,46,32,46,21,35,2448,9,0,0,0,0,2448,9,32,46,32,46,27,41,2448,9,0,0,0,0,2448,9
211,900,100,900,0,100,0,1000,32,46,32,46,21,35,0,0,0,0,0,0,0,0,32,46,32,46,21,35,0,0,0,0,0,0,0,0,32,46,32,46,21,35,0,0,0,0,0,0,0,0,32,46,32,46,21,35,0,0,0,0,0,0,0,0,32,46,32,46,21,35,0,0,0,0,0,0,0,0,32,46,32,46,28,42,0,0,0,0,0,0,0,0
212,900,100,900,0,100,0,1000,32,46,32,46,21,35,0,0,0,0,0,0,0,0,32,46,32,46,21,35,0,0,0,0,0,0,0,0,32,46,32,46,21,35,0,0,0,0,0,0,0,0,32,46,32,46,21,35,0,0,0,0,0,0,0,0,32,46,32,46,21,35,0,0,0,0,0,0,0,0,32,46,32,46,28,42,0,0,0,0,0,0,0,0
213,900,100,900,0,100,0,1000,32,46,32,46,21,35,0,0,0,0,0,0,0,0,32,46,32,46,21,35,0,0,0,0,0,0,0,0,32,46,32,46,21,35,0,0,0,0,0,0,0,0,32,46,32,46,21,35,0,0,0,0,0,0,0,0,32,46,32,46,21,35,0,0,0,0,0,0,0,0,32,46,32,46,28,42,0,0,0,0,0,0,0,0
214,900,100,900,0,100,0,1000,32,46,32,46,21,35,1904,7,0,0,0,0,1904,7,32,46,32,46,21,35,1904,7,0,0,0,0,1904,7,32,46,32,46,21,35,1904,7,0,0,0,0,1904,7,32,46,32,46,21,35,1904,7,0,0,0,0,1904,7,32,46,32,46,21,35,1904,7,0,0,0,0,1904,7,32,46,32,46,28,42,1904,7,0,0,0,0,1904,7
215,900,100,900,0,100,0,1000,32,46,32,46,21,35,0,0,0,0,0,0,0,0,32,46,32,46,21,35,0,0,0,0,0,0,0,0,32,46,32,46,21,35,0,0,0,0,0,0,0,0,32,46,32,46,21,35,0,0,0,0,0,0,0,0,32,46,32,46,21,35,0,0,0,0,0,0,0,0,32,46,32,46,29,43,0,0,0,0,0,0,0,0
216,900,100,900,0,100,0,1000,32,46,32,46,21,35,0,0,0,0,0,0,0,0,32,46,32,46,21,35,0,0,0,0,0,0,0,0,32,46,32,46,21,35,0,0,0,0,0,0,0,0,32,46,32,46,21,35,0,0,0,0,0,0,0,0,32,46,32,46,21,35,0,0,0,0,0,0,0,0,32,46,32,46,29,43,0,0,0,0,0,0,0,0
217,900,100,900,0,100,0,1000,32,46,32,46,21,35,0,0,0,0,0,0,0,0,32,46,32,46,21,35,0,0,0,0,0,0,0,0,32,46,32,46,21,35,0,0,0,0,0,0,0,0,32,46,32,46,21,35,0,0,0,0,0,0,0,0,32,46,32,46,21,35,0,0,0,0,0,0,0,0,32,46,32,46,29,43,0,0,0,0,0,0,0,0
218,900,100,900,0,100,0,1000,32,46,32,46,21,35,3536,13,0,0,0,0,3536,13,32,46,32,46,21,35,3536,13,0,0,0,0,3536,13,32,46,32,46,21,35,3536,13,0,0,0,0,3536,13,32,46,32,46,21,35,3536,13,0,0,0,0,3536,13,32,46,32,46,21,35,3536,13,0,0,0,0,3536,13,32,46,32,46,29,43,3536,13,0,0,0,0,3536,13
219,900,100,900,0,100,0,1000,32,46,32,46,21,35,0,0,0,0,0,0,0,0,32,46,32,46,21,35,0,0,0,0,0,0,0,0,32,46,32,46,21,35,0,0,0,0,0,0,0,0,32,46,32,46,21,35,0,0,0,0,0,0,0,0,32,46,32,46,21,35,0,0,0,0,0,0,0,0,32,46,32,46,30,44,0,0,0,0,0,0,0,0
220,900,100,900,0,100,0,1000,32,46,32,46,21,35,0,0,0,0,0,0,0,0,32,46,32,46,21,35,0,0,0,0,0,0,0,0,32,46,32,46,21,35,0,0,0,0,0,0,0,0,32,46,32,46,21,35,0,0,0,0,0,0,0,0,32,46,32,46,21,35,0,0,0,0,0,0,0,0,32,46,32,46,30,44,0,0,0,0,0,0,0,0
221,900,100,900,0,100,0,1000,32,46,32,46,21,35,0,0,0,0,0,0,0,0,32,46,32,46,21,35,0,0,0,0,0,0,0,0,32,46,32,46,21,35,0,0,0,0,0,0,0,0,32,46,32,46,21,35,0,0,0,0,0,0,0,0,32,46,32,46,21,35,0,0,0,0,0,0,0,0,32,46,32,46,30,44,0,0,0,0,0,0,0,0
222,900,100,900,0,100,0,1000,32,46,32,46,21,35,2992,11,0,0,0,0,2992,11,32,46,32,46,21,35,2992,11,0,0,0,0,2992,11,32,46,32,46,21,35,2992,11,0,0,0,0,2992,11,32,46,32,46,21,35,2992,11,0,0,0,0,2992,11,32,46,32,46,21,35,2992,11,0,0,0,0,2992,11,32,46,32,46,30,44,2992,11,0,0,0,0,2992,11
223,900,100,900,0,100,0,1000,32,46,32,46,21,35,0,0,0,0,0,0,0,0,32,46,32,46,21,35,0,0,0,0,0,0,0,0,32,46,32,46,21,35,0,0,0,0,0,0,0,0,32,46,32,46,21,35,0,0,0,0,0,0,0,0,32,46,32,46,21,35,0,0,0,0,0,0,0,0,32,46,32,46,31,45,0,0,0,0,0,0,0,0
224,900,100,900,0,100,0,1000,32,46,32,46,21,35,0,0,0,0,0,0,0,0,32,46,32,46,21,35,0,0,0,0,0,0,0,0,32,46,32,46,21,35,0,0,0,0,0,0,0,0,32,46,32,46,21,35,0,0,0,0,0,0,0,0,32,46,32,46,21,35,0,0,0,0,0,0,0,0,32,46,32,46,31,45,0,0,0,0,0,0,0,0
225,900,100,900,0,100,0,1000,32,46,32,46,21,35,0,0,0,0,0,0,0,0,32,46,32,46,21,35,0,0,0,0,0,0,0,0,32,46,32,46,21,35,0,0,0,0,0,0,0,0,32,46,32,46,21,35,0,0,0,0,0,0,0,0,32,46,32,46,21,35,0,0,0,0,0,0,0,0,32,46,32,46,31,45,0,0,0,0,0,0,0,0
226,900,100,900,0,100,0,1000,32,46,32,46,21,35,3536,13,0,0,0,0,3536,13,32,46,32,46,21,35,3536,13,0,0,0,0,3536,13,32,46,32,46,21,35,3536,13,0,0,0,0,3536,13,32,46,32,46,21,35,3536,13,0,0,0,0,3536,13,32,46,32,46,21,35,3536,13,0,0,0,0,3536,13,32,46,32,46,31,45,3536,13,0,0,0,0,3536,13
227,900,100,900,0,100,0,1000,32,46,32,46,21,35,0,0,0,0,0,0,0,0,32,46,32,46,21,35,0,0,0,0,0,0,0,0,32,46,32,46,21,35,0,0,0,0,0,0,0,0,32,46,32,46,21,35,0,0,0,0,0,0,0,0,32,46,32,46,21,35,0,0,0,0,0,0,0,0,32,46,32,46,32,46,0,0,0,0,0,0,0,0
228,900,100,900,0,100,0,1000,32,46,32,46,21,35,0,0,0,0,0,0,0,0,32,46,32,46,21,35,0,0,0,0,0,0,0,0,32,46,32,46,21,35,0,0,0,0,0,0,0,0,32,46,32,46,21,35,0,0,0,0,0,0,0,0,32,46,32,46,21,35,0,0,0,0,0,0,0,0,32,46,32,46,32,46,0,0,0,0,0,0,0,0
229,900,100,900,0,100,0,1000,32,46,32,46,21,35,0,0,0,0,0,0,0,0,32,46,32,46,21,35,0,0,0,0,0,0,0,0,32,46,32,46,21,35,0,0,0,0,0,0,0,0,32,46,32,46,21,35,0,0,0,0,0,0,0,0,32,46,32,46,21,35,0,0,0,0,0,0,0,0,32,46,32,46,32,46,0,0,0,0,0,0,0,0
230,900,100,900,0,100,0,1000,32,46,32,46,21,35,2720,10,0,0,0,0,2720,10,32,46,32,46,21,35,2720,10,0,0,0,0,2720,10,32,46,32,46,21,35,2720,10,0,0,0,0,2720,10,32,46,32,46,21,35,2720,10,0,0,0,0,2720,10,32,46,32,46,21,35,2720,10,0,0,0,0,2720,10,32,46,32,46,32,46,2720,10,0,0,0,0,2720,10
231,900,100,900,0,100,0,1000,32,46,32,46,21,35,0,0,0,0,0,0,0,0,32,46,32,46,21,35,0,0,0,0,0,0,0,0,32,46,32,46,21,35,0,0,0,0,0,0,0,0,32,46,32,46,21,35,0,0,0,0,0,0,0,0,32,46,32,46,21,35,0,0,0,0,0,0,0,0,32,46,32,46,32,46,0,0,0,0,0,0,0,0
232,900,100,900,0,100,0,1000,32,46,32,46,21,35,0,0,0,0,0,0,0,0,32,46,32,46,21,35,0,0,0,0,0,0,0,0,32,46,32,46,21,35,0,0,0,0,0,0,0,0,32,46,32,46,21,35,0,0,0,0,0,0,0,0,32,46,32,46,21,35,0,0,0,0,0,0,0,0,32,46,32,46,32,46,0,0,0,0,0,0,0,0
233,900,100,900,0,100,0,1000,32,46,32,46,21,35,757,1,757,1,0,0,0,0,32,46,32,46,21,35,757,1,757,1,0,0,0,0,32,46,32,46,21,35,757,1,757,1,0,0,0,0,32,46,32,46,21,35,757,1,757,1,0,0,0,0,32,46,32,46,21,35,757,1,757,1,0,0,0,0,32,46,32,46,32,46,757,1,757,1,0,0,0,0
234,900,100,900,0,100,0,1000,32,46,32,46,21,35,3009,11,0,0,289,1,2720,10,32,46,32,46,21,35,3009,11,0,0,289,1,2720,10,32,46,32,46,21,35,3009,11,0,0,289,1,2720,10,32,46,32,46,21,35,3009,11,0,0,289,1,2720,10,32,46,32,46,21,35,3009,11,0,0,289,1,2720,10,32,46,32,46,32,46,3009,11,0,0,289,1,2720,10
235,900,100,900,0,100,0,1000,32,46,32,46,21,35,0,0,0,0,0,0,0,0,32,46,32,46,21,35,0,0,0,0,0,0,0,0,32,46,32,46,21,35,0,0,0,0,0,0,0,0,32,46,32,46,21,35,0,0,0,0,0,0,0,0,32,46,32,46,21,35,0,0,0,0,0,0,0,0,32,46,32,46,32,46,0,0,0,0,0,0,0,0
236,900,100,900,0,100,0,1000,32,46,32,46,21,35,0,0,0,0,0,0,0,0,32,46,32,46,21,35,0,0,0,0,0,0,0,0,32,46,32,46,21,35,0,0,0,0,0,0,0,0,32,46,32,46,21,35,0,0,0,0,0,0,0,0,32,46,32,46,21,35,0,0,0,0,0,0,0,0,32,46,32,46,32,46,0,0,0,0,0,0,0,0
237,900,100,900,0,100,0,1000,32,46,32,46,21,35,758,1,758,1,0,0,0,0,32,46,32,46,21,35,758,1,758,1,0,0,0,0,32,46,32,46,21,35,758,1,758,1,0,0,0,0,32,46,32,46,21,35,758,1,758,1,0,0,0,0,32,46,32,46,21,35,758,1,758,1,0,0,0,0,32,46,32,46,32,46,758,1,758,1,0,0,0,0
238,900,100,900,0,100,0,1000,32,46,32,46,21,35,3010,11,0,0,290,1,2720,10,32,46,32,46,21,35,3010,11,0,0,290,1,2720,10,32,46,32,46,21,35,3010,11,0,0,290,1,2720,10,32,46,32,46,21,35,3010,11,0,0,290,1,2720,10,32,46,32,46,21,35,3010,11,0,0,290,1,2720,10,32,46,32,46,32,46,3010,11,0,0,290,1,2720,10
239,900,100,900,0,100,0,1000,32,46,32,46,21,35,0,0,0,0,0,0,0,0,32,46,32,46,21,35,0,0,0,0,0,0,0,0,32,46,32,46,21,35,0,0,0,0,0,0,0,0,32,46,32,46,21,35,0,0,0,0,0,0,0,0,32,46,32,46,21,35,0,0,0,0,0,0,0,0,33,49,32,46,33,49,0,0,0,0,0,0,0,0
240,900,100,900,0,100,0,1000,32,46,32,46,21,35,0,0,0,0,0,0,0,0,32,46,32,46,21,35,0,0,0,0,0,0,0,0,32,46,32,46,21,35,0,0,0,0,0,0,0,0,32,46,32,46,21,35,0,0,0,0,0,0,0,0,32,46,32,46,21,35,0,0,0,0,0,0,0,0,33,49,32,46,33,49,0,0,0,0,0,0,0,0
241,900,100,900,0,100,0,1000,32,46,32,46,21,35,0,0,0,0,0,0,0,0,32,46,32,46,21,35,0,0,0,0,0,0,0,0,32,46,32,46,21,35,0,0,0,0,0,0,0,0,32,46,32,46,21,35,0,0,0,0,0,0,0,0,32,46,32,46,21,35,0,0,0,0,0,0,0,0,33,49,32,46,33,49,0,0,0,0,0,0,0,0
242,900,100,900,0,100,0,1000,32,46,32,46,21,35,2992,11,0,0,0,0,2992,11,32,46,32,46,21,35,2992,11,0,0,0,0,2992,11,32,46,32,46,21,35,2992,11,0,0,0,0,2992,11,32,46,32,46,21,35,2992,11,0,0,0,0,2992,11,32,46,32,46,21,35,2992,11,0,0,0,0,2992,11,33,49,32,46,33,49,2992,11,0,0,0,0,2992,11
243,900,100,900,0,100,0,1000,32,46,32,46,21,35,0,0,0,0,0,0,0,0,32,46,32,46,21,35,0,0,0,0,0,0,0,0,32,46,32,46,21,35,0,0,0,0,0,0,0,0,32,46,32,46,21,35,0,0,0,0,0,0,0,0,32,46,32,46,21,35,0,0,0,0,0,0,0,0,34,50,32,46,34,50,0,0,0,0,0,0,0,0
244,900,100,900,0,100,0,1000,32,46,32,46,21,35,0,0,0,0,0,0,0,0,32,46,32,46,21,35,0,0,0,0,0,0,0,0,32,46,32,46,21,35,0,0,0,0,0,0,0,0,32,46,32,46,21,35,0,0,0,0,0,0,0,0,32,46,32,46,21,35,0,0,0,0,0,0,0,0,34,50,32,46,34,50,0,0,0,0,0,0,0,0
245,900,100,900,0,100,0,1000,32,46,32,46,21,35,0,0,0,0,0,0,0,0,32,46,32,46,21,35,0,0,0,0,0,0,0,0,32,46,32,46,21,35,0,0,0,0,0,0,0,0,32,46,32,46,21,35,0,0,0,0,0,0,0,0,32,46,32,46,21,35,0,0,0,0,0,0,0,0,34,50,32,46,34,50,0,0,0,0,0,0,0,0
246,900,100,900,0,100,0,1000,32,46,32,46,21,35,2448,9,0,0,0,0,2448,9,32,46,32,46,21,35,2448,9,0,0,0,0,2448,9,32,46,32,46,21,35,2448,9,0,0,0,0,2448,9,32,46,32,46,21,35,2448,9,0,0,0,0,2448,9,32,46,32,46,21,35,2448,9,0,0,0,0,2448,9,34,50,32,46,34,50,2448,9,0,0,0,0,2448,9
247,900,100,900,0,100,0,1000,32,46,32,46,21,35,0,0,0,0,0,0,0,0,32,46,32,46,21,35,0,0,0,0,0,0,0,0,32,46,32,46,21,35,0,0,0,0,0,0,0,0,32,46,32,46,21,35,0,0,0,0,0,0,0,0,32,46,32,46,21,35,0,0,0,0,0,0,0,0,34,50,32,46,34,50,0,0,0,0,0,0,0,0
248,0,1000,0,900,100,0,1000,32,46,32,46,21,35,0,0,0,0,0,0,0,0,32,46,32,46,21,35,0,0,0,0,0,0,0,0,32,46,32,46,21,35,0,0,0,0,0,0,0,0,32,46,32,46,21,35,0,0,0,0,0,0,0,0,32,46,32,46,21,35,0,0,0,0,0,0,0,0,34,50,32,46,34,50,0,0,0,0,0,0,0,0
249,0,1000,0,900,100,0,1000,32,46,32,46,21,35,0,0,0,0,0,0,0,0,32,46,32,46,21,35,0,0,0,0,0,0,0,0,32,46,32,46,21,35,0,0,0,0,0,0,0,0,32,46,32,46,21,35,0,0,0,0,0,0,0,0,32,46,32,46,21,35,0,0,0,0,0,0,0,0,34,50,32,46,34,50,0,0,0,0,0,0,0,0
250,0,1000,0,900,100,0,1000,32,46,32,46,21,35,2448,9,0,0,0,0,2448,9,32,46,32,46,21,35,2448,9,0,0,0,0,2448,9,32,46,32,46,21,35,2448,9,0,0,0,0,2448,9,32,46,32,46,21,35,2448,9,0,0,0,0,2448,9,32,46,32,46,21,35,2448,9,0,0,0,0,2448,9,34,50,32,46,34,50,2448,9,0,0,0,0,2448,9
251,0,1000,0,0,1000,0,1000,34,50,32,46,34,50,0,0,0,0,0,0,0,0,34,50,32,46,34,50,0,0,0,0,0,0,0,0,34,50,32,46,34,50,0,0,0,0,0,0,0,0,34,50,32,46,34,50,0,0,0,0,0,0,0,0,34,50,32,46,34,50,0,0,0,0,0,0,0,0,34,50,32,46,34,50,0,0,0,0,0,0,0,0
252,0,1000,0,0,1000,0,1000,34,50,32,46,34,50,0,0,0,0,0,0,0,0,34,50,32,46,34,50,0,0,0,0,0,0,0,0,34,50,32,46,34,50,0,0,0,0,0,0,0,0,34,50,32,46,34,50,0,0,0,0,0,0,0,0,34,50,32,46,34,50,0,0,0,0,0,0,0,0,34,50,32,46,34,50,0,0,0,0,0,0,0,0
253,0,1000,0,0,1000,0,1000,34,50,32,46,34,50,3635,5,3635,5,0,0,0,0,34,50,32,46,34,50,3635,5,3635,5,0,0,0,0,34,50,32,46,34,50,3635,5,3635,5,0,0,0,0,34,50,32,46,34,50,3635,5,3635,5,0,0,0,0,34,50,32,46,34,50,3635,5,3635,5,0,0,0,0,34,50,32,46,34,50,3635,5,3635,5,0,0,0,0
254,0,1000,0,0,1000,0,1000,37,63,37,63,34,50,29123,107,0,0,291,1,28832,106,37,63,37,63,34,50,29123,107,0,0,291,1,28832,106,37,63,37,63,34,50,29123,107,0,0,291,1,28832,106,37,63,37,63,34,50,29123,107,0,0,291,1,28832,106,37,63,37,63,34,50,29123,107,0,0,291,1,28832,106,37,63,37,63,34,50,29123,107,0,0,291,1,28832,106
255,0,1000,0,0,1000,0,1000,37,63,37,63,34,50,0,0,0,0,0,0,0,0,37,63,37,63,34,50,0,0,0,0,0,0,0,0,37,63,37,63,34,50,0,0,0,0,0,0,0,0,37,63,37,63,34,50,0,0,0,0,0,0,0,0,37,63,37,63,34,50,0,0,0,0,0,0,0,0,37,63,37,63,34,50,0,0,0,0,0,0,0,0
256,0,1000,0,0,1000,0,1000,37,63,37,63,34,50,0,0,0,0,0,0,0,0,37,63,37,63,34,50,0,0,0,0,0,0,0,0,37,63,37,63,34,50,0,0,0,0,0,0,0,0,37,63,37,63,34,50,0,0,0,0,0,0,0,0,37,63,37,63,34,50,0,0,0,0,0,0,0,0,37,63,37,63,34,50,0,0,0,0,0,0,0,0
257,0,1000,0,0,1000,0,1000,37,63,37,63,34,50,15324,4,15324,4,0,0,0,0,37,63,37,63,34,50,15324,4,15324,4,0,0,0,0,37,63,37,63,34,50,15324,4,15324,4,0,0,0,0,37,63,37,63,34,50,15324,4,15324,4,0,0,0,0,37,63,37,63,34,50,15324,4,15324,4,0,0,0,0,37,63,37,63,34,50,15324,4,15324,4,0,0,0,0
258,0,1000,0,0,1000,0,1000,38,64,38,64,34,50,28579,105,0,0,291,1,28288,104,38,64,38,64,34,50,28579,105,0,0,291,1,28288,104,38,64,38,64,34,50,28579,105,0,0,291,1,28288,104,38,64,38,64,34,50,28579,105,0,0,291,1,28288,104,38,64,38,64,34,50,28579,105,0,0,291,1,28288,104,38,64,38,64,34,50,28579,105,0,0,291,1,28288,104
259,0,1000,0,0,1000,0,1000,38,64,38,64,34,50,0,0,0,0,0,0,0,0,38,64,38,64,34,50,0,0,0,0,0,0,0,0,38,64,38,64,34,50,0,0,0,0,0,0,0,0,38,64,38,64,34,50,0,0,0,0,0,0,0,0,38,64,38,64,34,50,0,0,0,0,0,0,0,0,38,64,38,64,34,50,0,0,0,0,0,0,0,0
260,0,1000,0,0,1000,0,1000,38,64,38,64,34,50,0,0,0,0,0,0,0,0,38,64,38,64,34,50,0,0,0,0,0,0,0,0,38,64,38,64,34,50,0,0,0,0,0,0,0,0,38,64,38,64,34,50,0,0,0,0,0,0,0,0,38,64,38,64,34,50,0,0,0,0,0,0,0,0,38,64,38,64,34,50,0,0,0,0,0,0,0,0
261,0,1000,0,0,1000,0,1000,38,64,38,64,34,50,11301,3,11301,3,0,0,0,0,38,64,38,64,34,50,11301,3,11301,3,0,0,0,0,38,64,38,64,34,50,11301,3,11301,3,0,0,0,0,38,64,38,64,34,50,11301,3,11301,3,0,0,0,0,38,64,38,64,34,50,11301,3,11301,3,0,0,0,0,38,64,38,64,34,50,11301,3,11301,3,0,0,0,0
262,0,1000,0,0,1000,0,1000,39,65,39,65,34,50,26675,98,0,0,291,1,26384,97,39,65,39,65,34,50,26675,98,0,0,291,1,26384,97,39,65,39,65,34,50,26675,98,0,0,291,1,26384,97,39,65,39,65,34,50,26675,98,0,0,291,1,26384,97,39,65,39,65,34,50,26675,98,0,0,291,1,26384,97,39,65,39,65,34,50,26675,98,0,0,291,1,26384,97
263,0,1000,0,0,1000,0,1000,39,65,39,65,34,50,0,0,0,0,0,0,0,0,39,65,39,65,34,50,0,0,0,0,0,0,0,0,39,65,39,65,34,50,0,0,0,0,0,0,0,0,39,65,39,65,34,50,0,0,0,0,0,0,0,0,39,65,39,65,34,50,0,0,0,0,0,0,0,0,39,65,39,65,34,50,0,0,0,0,0,0,0,0
264,0,1000,0,0,1000,0,1000,39,65,39,65,34,50,0,0,0,0,0,0,0,0,39,65,39,65,34,50,0,0,0,0,0,0,0,0,39,65,39,65,34,50,0,0,0,0,0,0,0,0,39,65,39,65,34,50,0,0,0,0,0,0,0,0,39,65,39,65,34,50,0,0,0,0,0,0,0,0,39,65,39,65,34,50,0,0,0,0,0,0,0,0
265,0,1000,0,0,1000,0,1000,39,65,39,65,34,50,14172,4,14172,4,0,0,0,0,39,65,39,65,34,50,14172,4,14172,4,0,0,0,0,39,65,39,65,34,50,14172,4,14172,4,0,0,0,0,39,65,39,65,34,50,14172,4,14172,4,0,0,0,0,39,65,39,65,34,50,14172,4,14172,4,0,0,0,0,39,65,39,65,34,50,14172,4,14172,4,0,0,0,0
266,0,1000,0,0,1000,0,1000,40,66,40,66,34,50,23955,88,0,0,291,1,23664,87,40,66,40,66,34,50,23955,88,0,0,291,1,23664,87,40,66,40,66,34,50,23955,88,0,0,291,1,23664,87,40,66,40,66,34,50,23955,88,0,0,291,1,23664,87,40,66,40,66,34,50,23955,88,0,0,291,1,23664,87,40,66,40,66,34,50,23955,88,0,0,291,1,23664,87
267,0,1000,0,0,1000,0,1000,40,66,40,66,34,50,0,0,0,0,0,0,0,0,40,66,40,66,34,50,0,0,0,0,0,0,0,0,40,66,40,66,34,50,0,0,0,0,0,0,0,0,40,66,40,66,34,50,0,0,0,0,0,0,0,0,40,66,40,66,34,50,0,0,0,0,0,0,0,0,40,66,40,66,34,50,0,0,0,0,0,0,0,0
268,0,1000,0,0,1000,0,1000,40,66,40,66,34,50,0,0,0,0,0,0,0,0,40,66,40,66,34,50,0,0,0,0,0,0,0,0,40,66,40,66,34,50,0,0,0,0,0,0,0,0,40,66,40,66,34,50,0,0,0,0,0,0,0,0,40,66,40,66,34,50,0,0,0,0,0,0,0,0,40,66,40,66,34,50,0,0,0,0,0,0,0,0
269,0,1000,0,0,1000,0,1000,40,66,40,66,34,50,6446,2,6446,2,0,0,0,0,40,66,40,66,34,50,6446,2,6446,2,0,0,0,0,40,66,40,66,34,50,6446,2,6446,2,0,0,0,0,40,66,40,66,34,50,6446,2,6446,2,0,0,0,0,40,66,40,66,34,50,6446,2,6446,2,0,0,0,0,40,66,40,66,34,50,6446,2,6446,2,0,0,0,0
270,0,1000,0,0,1000,0,1000,41,67,41,67,34,50,25043,92,0,0,291,1,24752,91,41,67,41,67,34,50,25043,92,0,0,291,1,24752,91,41,67,41,67,34,50,25043,92,0,0,291,1,24752,91,41,67,41,67,34,50,25043,92,0,0,291,1,24752,91,41,67,41,67,34,50,25043,92,0,0,291,1,24752,91,41,67,41,67,34,50,25043,92,0,0,291,1,24752,91
271,0,1000,0,0,1000,0,1000,41,67,41,67,34,50,0,0,0,0,0,0,0,0,41,67,41,67,34,50,0,0,0,0,0,0,0,0,41,67,41,67,34,50,0,0,0,0,0,0,0,0,41,67,41,67,34,50,0,0,0,0,0,0,0,0,41,67,41,67,34,50,0,0,0,0,0,0,0,0,41,67,41,67,34,50,0,0,0,0,0,0,0,0
272,0,1000,0,0,1000,0,1000,41,67,41,67,34,50,0,0,0,0,0,0,0,0,41,67,41,67,34,50,0,0,0,0,0,0,0,0,41,67,41,67,34,50,0,0,0,0,0,0,0,0,41,67,41,67,34,50,0,0,0,0,0,0,0,0,41,67,41,67,34,50,0,0,0,0,0,0,0,0,41,67,41,67,34,50,0,0,0,0,0,0,0,0
273,0,1000,0,0,1000,0,1000,41,67,41,67,34,50,3351,1,3351,1,0,0,0,0,41,67,41,67,34,50,3351,1,3351,1,0,0,0,0,41,67,41,67,34,50,3351,1,3351,1,0,0,0,0,41,67,41,67,34,50,3351,1,3351,1,0,0,0,0,41,67,41,67,34,50,3351,1,3351,1,0,0,0,0,41,67,41,67,34,50,3351,1,3351,1,0,0,0,0
274,0,1000,0,0,1000,0,1000,42,68,42,68,34,50,28035,103,0,0,291,1,27744,102,42,68,42,68,34,50,28035,103,0,0,291,1,27744,102,42,68,42,68,34,50,28035,103,0,0,291,1,27744,102,42,68,42,68,34,50,28035,103,0,0,291,1,27744,102,42,68,42,68,34,50,28035,103,0,0,291,1,27744,102,42,68,42,68,34,50,28035,103,0,0,291,1,27744,102
275,0,1000,0,0,1000,0,1000,42,68,42,68,35,58,0,0,0,0,0,0,0,0,42,68,42,68,35,58,0,0,0,0,0,0,0,0,42,68,42,68,35,58,0,0,0,0,0,0,0,0,42,68,42,68,35,58,0,0,0,0,0,0,0,0,42,68,42,68,35,58,0,0,0,0,0,0,0,0,42,68,42,68,35,58,0,0,0,0,0,0,0,0
276,0,1000,0,0,1000,0,1000,42,68,42,68,35,58,0,0,0,0,0,0,0,0,42,68,42,68,35,58,0,0,0,0,0,0,0,0,42,68,42,68,35,58,0,0,0,0,0,0,0,0,42,68,42,68,35,58,0,0,0,0,0,0,0,0,42,68,42,68,35,58,0,0,0,0,0,0,0,0,42,68,42,68,35,58,0,0,0,0,0,0,0,0
277,0,1000,0,0,1000,0,1000,42,68,42,68,35,58,25919,7,25919,7,0,0,0,0,42,68,42,68,35,58,25919,7,25919,7,0,0,0,0,42,68,42,68,35,58,25919,7,25919,7,0,0,0,0,42,68,42,68,35,58,25919,7,25919,7,0,0,0,0,42,68,42,68,35,58,25919,7,25919,7,0,0,0,0,42,68,42,68,35,58,25919,7,25919,7,0,0,0,0
278,0,1000,0,0,1000,0,1000,43,69,43,69,35,58,23683,87,0,0,291,1,23392,86,43,69,43,69,35,58,23683,87,0,0,291,1,23392,86,43,69,43,69,35,58,23683,87,0,0,291,1,23392,86,43,69,43,69,35,58,23683,87,0,0,291,1,23392,86,43,69,43,69,35,58,23683,87,0,0,291,1,23392,86,43,69,43,69,35,58,23683,87,0,0,291,1,23392,86
279,0,1000,0,0,1000,0,1000,43,69,43,69,36,59,0,0,0,0,0,0,0,0,43,69,43,69,36,59,0,0,0,0,0,0,0,0,43,69,43,69,36,59,0,0,0,0,0,0,0,0,43,69,43,69,36,59,0,0,0,0,0,0,0,0,43,69,43,69,36,59,0,0,0,0,0,0,0,0,43,69,43,69,36,59,0,0,0,0,0,0,0,0
280,0,1000,0,0,1000,0,1000,43,69,43,69,36,59,0,0,0,0,0,0,0,0,43,69,43,69,36,59,0,0,0,0,0,0,0,0,43,69,43,69,36,59,0,0,0,0,0,0,0,0,43,69,43,69,36,59,0,0,0,0,0,0,0,0,43,69,43,69,36,59,0,0,0,0,0,0,0,0,43,69,43,69,36,59,0,0,0,0,0,0,0,0
281,0,1000,0,0,1000,0,1000,43,69,43,69,36,59,3191,1,3191,1,0,0,0,0,43,69,43,69,36,59,3191,1,3191,1,0,0,0,0,43,69,43,69,36,59,3191,1,3191,1,0,0,0,0,43,69,43,69,36,59,3191,1,3191,1,0,0,0,0,43,69,43,69,36,59,3191,1,3191,1,0,0,0,0,43,69,43,69,36,59,3191,1,3191,1,0,0,0,0
282,0,1000,0,0,1000,0,1000,44,70,44,70,36,59,26131,96,0,0,291,1,25840,95,44,70,44,70,36,59,26131,96,0,0,291,1,25840,95,44,70,44,70,36,59,26131,96,0,0,291,1,25840,95,44,70,44,70,36,59,26131,96,0,0,291,1,25840,95,44,70,44,70,36,59,26131,96,0,0,291,1,25840,95,44,70,44,70,36,59,26131,96,0,0,291,1,25840,95
283,0,1000,0,0,1000,0,1000,44,70,44,70,36,59,0,0,0,0,0,0,0,0,44,70,44,70,36,59,0,0,0,0,0,0,0,0,44,70,44,70,36,59,0,0,0,0,0,0,0,0,44,70,44,70,36,59,0,0,0,0,0,0,0,0,44,70,44,70,36,59,0,0,0,0,0,0,0,0,44,70,44,70,36,59,0,0,0,0,0,0,0,0
284,0,1000,0,0,1000,0,1000,44,70,44,70,36,59,0,0,0,0,0,0,0,0,44,70,44,70,36,59,0,0,0,0,0,0,0,0,44,70,44,70,36,59,0,0,0,0,0,0,0,0,44,70,44,70,36,59,0,0,0,0,0,0,0,0,44,70,44,70,36,59,0,0,0,0,0,0,0,0,44,70,44,70,36,59,0,0,0,0,0,0,0,0
285,0,1000,0,0,1000,0,1000,44,70,44,70,36,59,3479,1,3479,1,0,0,0,0,44,70,44,70,36,59,3479,1,3479,1,0,0,0,0,44,70,44,70,36,59,3479,1,3479,1,0,0,0,0,44,70,44,70,36,59,3479,1,3479,1,0,0,0,0,44,70,44,70,36,59,3479,1,3479,1,0,0,0,0,44,70,44,70,36,59,3479,1,3479,1,0,0,0,0
286,0,1000,0,0,1000,0,1000,45,71,45,71,36,59,29939,110,0,0,291,1,29648,109,45,71,45,71,36,59,29939,110,0,0,291,1,29648,109,45,71,45,71,36,59,29939,110,0,0,291,1,29648,109,45,71,45,71,36,59,29939,110,0,0,291,1,29648,109,45,71,45,71,36,59,29939,110,0,0,291,1,29648,109,45,71,45,71,36,59,29939,110,0,0,291,1,29648,109
287,0,1000,0,0,1000,0,1000,45,71,45,71,36,59,0,0,0,0,0,0,0,0,45,71,45,71,36,59,0,0,0,0,0,0,0,0,45,71,45,71,36,59,0,0,0,0,0,0,0,0,45,71,45,71,36,59,0,0,0,0,0,0,0,0,45,71,45,71,36,59,0,0,0,0,0,0,0,0,45,71,45,71,36,59,0,0,0,0,0,0,0,0
288,0,1000,0,0,1000,0,1000,45,71,45,71,36,59,0,0,0,0,0,0,0,0,45,71,45,71,36,59,0,0,0,0,0,0,0,0,45,71,45,71,36,59,0,0,0,0,0,0,0,0,45,71,45,71,36,59,0,0,0,0,0,0,0,0,45,71,45,71,36,59,0,0,0,0,0,0,0,0,45,71,45,71,36,59,0,0,0,0,0,0,0,0
289,0,1000,0,0,1000,0,1000,45,71,45,71,36,59,11781,3,11781,3,0,0,0,0,45,71,45,71,36,59,11781,3,11781,3,0,0,0,0,45,71,45,71,36,59,11781,3,11781,3,0,0,0,0,45,71,45,71,36,59,11781,3,11781,3,0,0,0,0,45,71,45,71,36,59,11781,3,11781,3,0,0,0,0,45,71,45,71,36,59,11781,3,11781,3,0,0,0,0
290,0,1000,0,0,1000,0,1000,46,72,46,72,36,59,24771,91,0,0,291,1,24480,90,46,72,46,72,36,59,24771,91,0,0,291,1,24480,90,46,72,46,72,36,59,24771,91,0,0,291,1,24480,90,46,72,46,72,36,59,24771,91,0,0,291,1,24480,90,46,72,46,72,36,59,24771,91,0,0,291,1,24480,90,46,72,46,72,36,59,24771,91,0,0,291,1,24480,90
291,0,1000,0,0,1000,0,1000,46,72,46,72,36,59,0,0,0,0,0,0,0,0,46,72,46,72,36,59,0,0,0,0,0,0,0,0,46,72,46,72,36,59,0,0,0,0,0,0,0,0,46,72,46,72,36,59,0,0,0,0,0,0,0,0,46,72,46,72,36,59,0,0,0,0,0,0,0,0,46,72,46,72,36,59,0,0,0,0,0,0,0,0
292,0,1000,0,0,1000,0,1000,46,72,46,72,36,59,0,0,0,0,0,0,0,0,46,72,46,72,36,59,0,0,0,0,0,0,0,0,46,72,46,72,36,59,0,0,0,0,0,0,0,0,46,72,46,72,36,59,0,0,0,0,0,0,0,0,46,72,46,72,36,59,0,0,0,0,0,0,0,0,46,72,46,72,36,59,0,0,0,0,0,0,0,0
293,0,1000,0,0,1000,0,1000,46,72,46,72,36,59,0,0,0,0,0,0,0,0,46,72,46,72,36,59,0,0,0,0,0,0,0,0,46,72,46,72,36,59,0,0,0,0,0,0,0,0,46,72,46,72,36,59,0,0,0,0,0,0,0,0,46,72,46,72,36,59,0,0,0,0,0,0,0,0,46,72,46,72,36,59,0,0,0,0,0,0,0,0
294,0,1000,0,0,1000,0,1000,46,72,46,72,36,59,27472,101,0,0,0,0,27472,101,46,72,46,72,36,59,27472,101,0,0,0,0,27472,101,46,72,46,72,36,59,27472,101,0,0,0,0,27472,101,46,72,46,72,36,59,27472,101,0,0,0,0,27472,101,46,72,46,72,36,59,27472,101,0,0,0,0,27472,101,46,72,46,72,36,59,27472,101,0,0,0,0,27472,101
295,0,1000,0,0,1000,0,1000,46,72,46,72,37,63,0,0,0,0,0,0,0,0,46,72,46,72,37,63,0,0,0,0,0,0,0,0,46,72,46,72,37,63,0,0,0,0,0,0,0,0,46,72,46,72,37,63,0,0,0,0,0,0,0,0,46,72,46,72,37,63,0,0,0,0,0,0,0,0,46,72,46,72,37,63,0,0,0,0,0,0,0,0
296,0,1000,0,0,1000,0,1000,46,72,46,72,37,63,0,0,0,0,0,0,0,0,46,72,46,72,37,63,0,0,0,0,0,0,0,0,46,72,46,72,37,63,0,0,0,0,0,0,0,0,46,72,46,72,37,63,0,0,0,0,0,0,0,0,46,72,46,72,37,63,0,0,0,0,0,0,0,0,46,72,46,72,37,63,0,0,0,0,0,0,0,0
297,0,1000,0,0,1000,0,1000,46,72,46,72,37,63,11013,3,11013,3,0,0,0,0,46,72,46,72,37,63,11013,3,11013,3,0,0,0,0,46,72,46,72,37,63,11013,3,11013,3,0,0,0,0,46,72,46,72,37,63,11013,3,11013,3,0,0,0,0,46,72,46,72,37,63,11013,3,11013,3,0,0,0,0,46,72,46,72,37,63,11013,3,11013,3,0,0,0,0
298,0,1000,0,0,1000,0,1000,47,74,47,74,37,63,32931,121,0,0,291,1,32640,120,47,74,47,74,37,63,32931,121,0,0,291,1,32640,120,47,74,47,74,37,63,32931,121,0,0,291,1,32640,120,47,74,47,74,37,63,32931,121,0,0,291,1,32640,120,47,74,47,74,37,63,32931,121,0,0,291,1,32640,120,47,74,47,74,37,63,32931,121,0,0,291,1,32640,120
299,0,1000,0,0,1000,0,1000,47,74,47,74,38,64,0,0,0,0,0,0,0,0,47,74,47,74,38,64,0,0,0,0,0,0,0,0,47,74,47,74,38,64,0,0,0,0,0,0,0,0,47,74,47,74,38,64,0,0,0,0,0,0,0,0,47,74,47,74,38,64,0,0,0,0,0,0,0,0,47,74,47,74,38,64,0,0,0,0,0,0,0,0
300,0,1000,0,0,1000,0,1000,47,74,47,74,38,64,0,0,0,0,0,0,0,0,47,74,47,74,38,64,0,0,0,0,0,0,0,0,47,74,47,74,38,64,0,0,0,0,0,0,0,0,47,74,47,74,38,64,0,0,0,0,0,0,0,0,47,74,47,74,38,64,0,0,0,0,0,0,0,0,47,74,47,74,38,64,0,0,0,0,0,0,0,0
301,0,1000,0,0,1000,0,1000,47,74,47,74,38,64,4279,1,4279,1,0,0,0,0,47,74,47,74,38,64,4279,1,4279,1,0,0,0,0,47,74,47,74,38,64,4279,1,4279,1,0,0,0,0,47,74,47,74,38,64,4279,1,4279,1,0,0,0,0,47,74,47,74,38,64,4279,1,4279,1,0,0,0,0,47,74,47,74,38,64,4279,1,4279,1,0,0,0,0
302,0,1000,0,0,1000,0,1000,48,75,48,75,38,64,29667,109,0,0,291,1,29376,108,48,75,48,75,38,64,29667,109,0,0,291,1,29376,108,48,75,48,75,38,64,29667,109,0,0,291,1,29376,108,48,75,48,75,38,64,29667,109,0,0,291,1,29376,108,48,75,48,75,38,64,29667,109,0,0,291,1,29376,108,48,75,48,75,38,64,29667,109,0,0,291,1,29376,108
303,0,1000,0,0,1000,0,1000,48,75,48,75,39,65,0,0,0,0,0,0,0,0,48,75,48,75,39,65,0,0,0,0,0,0,0,0,48,75,48,75,39,65,0,0,0,0,0,0,0,0,48,75,48,75,39,65,0,0,0,0,0,0,0,0,48,75,48,75,39,65,0,0,0,0,0,0,0,0,48,75,48,75,39,65,0,0,0,0,0,0,0,0

digraph G {
  rankdir=BT;
  style=filled;
  color=lightgrey;
  node [shape=box,style=filled,color=white];
  b_HZPogZhA5sG [label="H(ZPogZhA5sG)\nt=9 id=958"];
  b_HKNTAXVgmeg [label="H(KNTAXVgmeg)\nt=36 id=462"];
  b_H3DKOc1HUmq [label="H(3DKOc1HUmq)\nt=12 id=943"];
  b_HkWaoxYAIYd [label="H(kWaoxYAIYd)\nt=14 id=638"];
  b_H5sNuJb5TyN [label="H(5sNuJb5TyN)\nt=63 id=550"];
  b_Hh7BZat9gV4 [label="H(h7BZat9gV4)\nt=34 id=620"];
  b_HFa613dOI [label="H(Fa613d/OI/)\nt=2 id=206"];
  b_HYVcJYPXeDl [label="H(YVcJYPXeDl)\nt=75 id=663"];
  b_HmdT87BHe [label="H(+m/dT87BHe)\nt=41 id=194"];
  b_HpeG9dCCYh [label="H(peG9d+CCYh)\nt=16 id=110"];
  b_Hifrdpa4C2 [label="H(ifrdpa4C/2)\nt=37 id=64"];
  b_HaSlF1wwCcQ [label="H(aSlF1wwCcQ)\nt=65 id=688"];
  b_HhKRIleXtMa [label="H(hKRIleXtMa)\nt=33 id=239"];
  b_HIsFM1LTTR [label="H(I+sFM1LTTR)\nt=67 id=109"];
  b_H8lraWaoqB6 [label="H(8lraWaoqB6)\nt=68 id=812"];
  b_HawGvLOAEHy [label="H(awGvLOAEHy)\nt=32 id=208"];
  b_HC86MAEfp1r [label="H(C86MAEfp1r)\nt=45 id=294"];
  b_HUyaFFrK86X [label="H(UyaFFrK86X)\nt=21 id=641"];
  b_HCygpbZMvk [label="H(CygpbZ+Mvk)\nt=8 id=74"];
  b_HpiPUUmpTv [label="H(piPUUm+pTv)\nt=74 id=192"];
  b_HMpvT5hI6zi [label="H(MpvT5hI6zi)\nt=46 id=332"];
  b_HKWti6IC1h [label="H(KWti6IC1h/)\nt=50 id=195"];
  b_HRvO9oyXGsN [label="H(RvO9oyXGsN)\nt=64 id=141"];
  b_HWJWz8e0fo [label="H(WJWz8/e0fo)\nt=66 id=864"];
  b_HqA3IZoLR [label="H(qA3IZoLR/+)\nt=7 id=995"];
  b_HTxNlkUr3v8 [label="H(TxNlkUr3v8)\nt=15 id=787"];
  b_HRQO7Kp6Eij [label="H(RQO7Kp6Eij)\nt=49 id=616"];
  b_HMEglFmWyXj [label="H(MEglFmWyXj)\nt=13 id=196"];
  b_HW0fETVIWD [label="H(W0fETVIW/D)\nt=26 id=392"];
  b_HcCGGYLb5yD [label="H(cCGGYLb5yD)\nt=70 id=519"];
  b_HSeS0ACTz [label="H(SeS0/A+CTz)\nt=71 id=431"];
  b_HZGWbCOGso [label="H(ZGWbCOGso/)\nt=69 id=873"];
  b_HyFljRdU9Ph [label="H(yFljRdU9Ph)\nt=43 id=590"];
  b_H6qfSRgh86 [label="H(6qfSRg/h86)\nt=35 id=917"];
  b_HLcQ2h3BhRU [label="H(LcQ2h3BhRU)\nt=58 id=7"];
  b_HzuFXkAa6h [label="H(zu/FXkAa6h)\nt=59 id=63"];
  b_Hc9DC9wHI2 [label="H(c9DC/9wHI2)\nt=31 id=195"];
  b_HOQDkt1tU4v [label="H(OQDkt1tU4v)\nt=3 id=164"];
  b_H6UTGTZ1Tm [label="H(6U/TGTZ1Tm)\nt=10 id=813"];
  b_HRqOfjvQrR9 [label="H(RqOfjvQrR9)\nt=11 id=976"];
  b_HpqwW7BXVwz [label="H(pqwW7BXVwz)\n"];
  b_Ho8D0AMCJfC [label="H(o8D0AMCJfC)\nt=6 id=244"];
  b_HZ2J87v1rJU [label="H(Z2J87v1rJU)\nt=38 id=488"];
  b_HavFCSzLO1Q [label="H(avFCSzLO1Q)\nt=39 id=427"];
  b_HxIHRgavxO [label="H(xIHR/gavxO)\nt=40 id=841"];
  b_HJr5y99V2FV [label="H(Jr5y99V2FV)\nt=44 id=677"];
  b_HIuew7RykDm [label="H(Iuew7RykDm)\nt=72 id=161"];
  b_H1aUofE57ne [label="H(1aUofE57ne)\nt=24 id=593"];
  b_Hhw5Y0Dpr6m [label="H(hw5Y0Dpr6m)\nt=42 id=872"];
  b_HZPogZhA5sG -> b_HCygpbZMvk;
  b_HKNTAXVgmeg -> b_H6qfSRgh86;
  b_H3DKOc1HUmq -> b_HRqOfjvQrR9;
  b_HkWaoxYAIYd -> b_HMEglFmWyXj;
  b_H5sNuJb5TyN -> b_HzuFXkAa6h;
  b_Hh7BZat9gV4 -> b_HhKRIleXtMa;
  b_HFa613dOI -> b_HpqwW7BXVwz;
  b_HYVcJYPXeDl -> b_HpiPUUmpTv;
  b_HmdT87BHe -> b_HxIHRgavxO;
  b_HpeG9dCCYh -> b_HTxNlkUr3v8;
  b_Hifrdpa4C2 -> b_HKNTAXVgmeg;
  b_HaSlF1wwCcQ -> b_HRvO9oyXGsN;
  b_HhKRIleXtMa -> b_HawGvLOAEHy;
  b_HIsFM1LTTR -> b_HWJWz8e0fo;
  b_H8lraWaoqB6 -> b_HIsFM1LTTR;
  b_HawGvLOAEHy -> b_Hc9DC9wHI2;
  b_HC86MAEfp1r -> b_HJr5y99V2FV;
  b_HUyaFFrK86X -> b_HpeG9dCCYh;
  b_HCygpbZMvk -> b_HqA3IZoLR;
  b_HpiPUUmpTv -> b_HIuew7RykDm;
  b_HMpvT5hI6zi -> b_HC86MAEfp1r;
  b_HKWti6IC1h -> b_HRQO7Kp6Eij;
  b_HRvO9oyXGsN -> b_H5sNuJb5TyN;
  b_HWJWz8e0fo -> b_HaSlF1wwCcQ;
  b_HqA3IZoLR -> b_Ho8D0AMCJfC;
  b_HTxNlkUr3v8 -> b_HkWaoxYAIYd;
  b_HRQO7Kp6Eij -> b_HMpvT5hI6zi;
  b_HMEglFmWyXj -> b_H3DKOc1HUmq;
  b_HW0fETVIWD -> b_H1aUofE57ne;
  b_HcCGGYLb5yD -> b_HZGWbCOGso;
  b_HSeS0ACTz -> b_HcCGGYLb5yD;
  b_HZGWbCOGso -> b_H8lraWaoqB6;
  b_HyFljRdU9Ph -> b_Hhw5Y0Dpr6m;
  b_H6qfSRgh86 -> b_Hh7BZat9gV4;
  b_HLcQ2h3BhRU -> b_HKWti6IC1h;
  b_HzuFXkAa6h -> b_HLcQ2h3BhRU;
  b_Hc9DC9wHI2 -> b_HW0fETVIWD;
  b_HOQDkt1tU4v -> b_HFa613dOI;
  b_H6UTGTZ1Tm -> b_HZPogZhA5sG;
  b_HRqOfjvQrR9 -> b_H6UTGTZ1Tm;
  b_Ho8D0AMCJfC -> b_HOQDkt1tU4v;
  b_HZ2J87v1rJU -> b_Hifrdpa4C2;
  b_HavFCSzLO1Q -> b_HZ2J87v1rJU;
  b_HxIHRgavxO -> b_HavFCSzLO1Q;
  b_HJr5y99V2FV -> b_HyFljRdU9Ph;
  b_HIuew7RykDm -> b_HSeS0ACTz;
  b_H1aUofE57ne -> b_HUyaFFrK86X;
  b_Hhw5Y0Dpr6m -> b_HmdT87BHe;
  v_HdoHeh3a1T [label="id=659 t=75"];
  v_HdoHeh3a1T -> b_HYVcJYPXeDl;
  v_HnMHuCMH03 [label="id=756 t=75"];
  v_HnMHuCMH03 -> b_HYVcJYPXeDl;
  v_H7EO5VM0OWM [label="id=699 t=75"];
  v_H7EO5VM0OWM -> b_HYVcJYPXeDl;
  v_HTSyYAG1Iae [label="id=237 t=75"];
  v_HTSyYAG1Iae -> b_HYVcJYPXeDl;
  v_HxdnMcxEHlv [label="id=678 t=75"];
  v_HxdnMcxEHlv -> b_HYVcJYPXeDl;
  v_HJscxAo6Tn6 [label="id=356 t=75"];
  v_HJscxAo6Tn6 -> b_HYVcJYPXeDl;
  v_H6YqIqA3S [label="id=385 t=75"];
  v_H6YqIqA3S -> b_HYVcJYPXeDl;
  v_HPL0quvPCRR [label="id=143 t=75"];
  v_HPL0quvPCRR -> b_HYVcJYPXeDl;
  v_HPqu9BJXDAY [label="id=557 t=75"];
  v_HPqu9BJXDAY -> b_HYVcJYPXeDl;
  v_H0abHYldayD [label="id=127 t=75"];
  v_H0abHYldayD -> b_HYVcJYPXeDl;
  v_HEifI9KI3JL [label="id=418 t=75"];
  v_HEifI9KI3JL -> b_HYVcJYPXeDl;
  v_HCbV14FLIXV [label="id=200 t=75"];
  v_HCbV14FLIXV -> b_HYVcJYPXeDl;
  v_HFtKXJxJ0 [label="id=653 t=75"];
  v_HFtKXJxJ0 -> b_HYVcJYPXeDl;
  v_HxwPww90jim [label="id=190 t=75"];
  v_HxwPww90jim -> b_HYVcJYPXeDl;
  v_HFC3w4Xy0v3 [label="id=715 t=75"];
  v_HFC3w4Xy0v3 -> b_HYVcJYPXeDl;
  v_HQtU1frBMQk [label="id=633 t=75"];
  v_HQtU1frBMQk -> b_HYVcJYPXeDl;
  v_Hnx6Yrl7Plv [label="id=133 t=75"];
  v_Hnx6Yrl7Plv -> b_HYVcJYPXeDl;
  v_HAuUS7cGIP [label="id=236 t=75"];
  v_HAuUS7cGIP -> b_HYVcJYPXeDl;
  v_Hit7YaYtfw4 [label="id=980 t=75"];
  v_Hit7YaYtfw4 -> b_HYVcJYPXeDl;
  v_HyU3fCjEXyI [label="id=558 t=75"];
  v_HyU3fCjEXyI -> b_HYVcJYPXeDl;
  v_HDNBU1H0Mn [label="id=831 t=75"];
  v_HDNBU1H0Mn -> b_HYVcJYPXeDl;
  v_H6Ggn1Y7k1j [label="id=789 t=75"];
  v_H6Ggn1Y7k1j -> b_HYVcJYPXeDl;
  v_HLDYSzTegwg [label="id=665 t=75"];
  v_HLDYSzTegwg -> b_HYVcJYPXeDl;
  v_H2HZA7NCozJ [label="id=532 t=75"];
  v_H2HZA7NCozJ -> b_HYVcJYPXeDl;
  v_HMPYwlYiD5T [label="id=317 t=75"];
  v_HMPYwlYiD5T -> b_HYVcJYPXeDl;
  v_Hr5GNLY6O9 [label="id=405 t=75"];
  v_Hr5GNLY6O9 -> b_HYVcJYPXeDl;
  v_HHrUkpls4iA [label="id=638 t=75"];
  v_HHrUkpls4iA -> b_HYVcJYPXeDl;
  v_HOgIspmYLIQ [label="id=139 t=75"];
  v_HOgIspmYLIQ -> b_HYVcJYPXeDl;
  v_Hex2g6RtxYg [label="id=879 t=75"];
  v_Hex2g6RtxYg -> b_HYVcJYPXeDl;
  v_HueGN8Dpcn7 [label="id=331 t=75"];
  v_HueGN8Dpcn7 -> b_HYVcJYPXeDl;
  v_HnaW0WC4skP [label="id=207 t=75"];
  v_HnaW0WC4skP -> b_HYVcJYPXeDl;
  v_HDtg9LsEC0 [label="id=213 t=75"];
  v_HDtg9LsEC0 -> b_HYVcJYPXeDl;
  v_HqJkNJaNGS [label="id=538 t=75"];
  v_HqJkNJaNGS -> b_HYVcJYPXeDl;
  v_H3hyCAq1eyM [label="id=274 t=75"];
  v_H3hyCAq1eyM -> b_HYVcJYPXeDl;
  v_HAHn1FRux5 [label="id=646 t=75"];
  v_HAHn1FRux5 -> b_HYVcJYPXeDl;
  v_H6gb3oeYjh6 [label="id=709 t=75"];
  v_H6gb3oeYjh6 -> b_HYVcJYPXeDl;
  v_HShbf9L8A7 [label="id=72 t=75"];
  v_HShbf9L8A7 -> b_HYVcJYPXeDl;
  v_Hm7F4teQIRH [label="id=43 t=75"];
  v_Hm7F4teQIRH -> b_HYVcJYPXeDl;
  v_H7Uw1xEouMk [label="id=289 t=75"];
  v_H7Uw1xEouMk -> b_HYVcJYPXeDl;
  v_HUzdybkd9Vo [label="id=384 t=75"];
  v_HUzdybkd9Vo -> b_HYVcJYPXeDl;
  v_HjJFKRyJUp [label="id=745 t=75"];
  v_HjJFKRyJUp -> b_HYVcJYPXeDl;
  v_H477C8F5uj [label="id=949 t=75"];
  v_H477C8F5uj -> b_HYVcJYPXeDl;
  v_HOYw6vAlFlN [label="id=983 t=75"];
  v_HOYw6vAlFlN -> b_HYVcJYPXeDl;
  v_HugLd7UzNl [label="id=851 t=75"];
  v_HugLd7UzNl -> b_HYVcJYPXeDl;
  v_HdVUtR235k [label="id=372 t=75"];
  v_HdVUtR235k -> b_HYVcJYPXeDl;
  v_HC2Wu0BvX [label="id=876 t=75"];
  v_HC2Wu0BvX -> b_HYVcJYPXeDl;
  v_HDGFZjrMZc [label="id=338 t=75"];
  v_HDGFZjrMZc -> b_HYVcJYPXeDl;
  v_HrH9vhfzSmx [label="id=839 t=75"];
  v_HrH9vhfzSmx -> b_HYVcJYPXeDl;
  v_HatJHbe1Vh [label="id=180 t=75"];
  v_HatJHbe1Vh -> b_HYVcJYPXeDl;
  v_HCweqwu6zR [label="id=583 t=75"];
  v_HCweqwu6zR -> b_HYVcJYPXeDl;
  v_Hx4A3GAckk [label="id=647 t=75"];
  v_Hx4A3GAckk -> b_HYVcJYPXeDl;
  v_H0iyNw3mMPt [label="id=837 t=75"];
  v_H0iyNw3mMPt -> b_HYVcJYPXeDl;
  v_H5iXRLulY9w [label="id=443 t=75"];
  v_H5iXRLulY9w -> b_HYVcJYPXeDl;
  v_Hdj42dEMXx [label="id=203 t=75"];
  v_Hdj42dEMXx -> b_HYVcJYPXeDl;
  v_Hp529j7ny8 [label="id=87 t=75"];
  v_Hp529j7ny8 -> b_HYVcJYPXeDl;
  v_H5pywcRxv9l [label="id=976 t=75"];
  v_H5pywcRxv9l -> b_HYVcJYPXeDl;
  v_H8o9hn8q0 [label="id=744 t=75"];
  v_H8o9hn8q0 -> b_HYVcJYPXeDl;
  v_HIVoQ1tSof [label="id=425 t=75"];
  v_HIVoQ1tSof -> b_HYVcJYPXeDl;
  v_HKurXUh4iwP [label="id=297 t=75"];
  v_HKurXUh4iwP -> b_HYVcJYPXeDl;
  v_H86wJmFuPDQ [label="id=336 t=75"];
  v_H86wJmFuPDQ -> b_HYVcJYPXeDl;
  v_H0cl3JI1BX9 [label="id=884 t=75"];
  v_H0cl3JI1BX9 -> b_HYVcJYPXeDl;
  v_HSnsGRMuvJC [label="id=140 t=75"];
  v_HSnsGRMuvJC -> b_HYVcJYPXeDl;
  v_HAHE95Ccl7x [label="id=196 t=75"];
  v_HAHE95Ccl7x -> b_HYVcJYPXeDl;
  v_H6Dq84rIg2 [label="id=471 t=75"];
  v_H6Dq84rIg2 -> b_HYVcJYPXeDl;
  v_HLOhKAbaaOk [label="id=689 t=75"];
  v_HLOhKAbaaOk -> b_HYVcJYPXeDl;
  v_HsdnqbsixsG [label="id=947 t=75"];
  v_HsdnqbsixsG -> b_HYVcJYPXeDl;
  v_H50XWBXncX [label="id=510 t=75"];
  v_H50XWBXncX -> b_HYVcJYPXeDl;
  v_HrHlG1qmigP [label="id=977 t=75"];
  v_HrHlG1qmigP -> b_HYVcJYPXeDl;
  v_HRL0tP8NZLM [label="id=932 t=75"];
  v_HRL0tP8NZLM -> b_HYVcJYPXeDl;
  v_HQ8Rai7c1Hy [label="id=570 t=75"];
  v_HQ8Rai7c1Hy -> b_HYVcJYPXeDl;
  v_Hz9C49UeNB9 [label="id=189 t=75"];
  v_Hz9C49UeNB9 -> b_HYVcJYPXeDl;
  v_H62kpjUOI9f [label="id=95 t=75"];
  v_H62kpjUOI9f -> b_HYVcJYPXeDl;
  v_H4pCe6gBklu [label="id=618 t=75"];
  v_H4pCe6gBklu -> b_HYVcJYPXeDl;
  v_Hhtm4532pNC [label="id=937 t=75"];
  v_Hhtm4532pNC -> b_HYVcJYPXeDl;
  v_HGU9ZKZiVWx [label="id=452 t=75"];
  v_HGU9ZKZiVWx -> b_HYVcJYPXeDl;
  v_H9PGaI7WB1 [label="id=122 t=75"];
  v_H9PGaI7WB1 -> b_HYVcJYPXeDl;
  v_He32eHX3QOv [label="id=978 t=75"];
  v_He32eHX3QOv -> b_HYVcJYPXeDl;
  v_HF0HO61EA [label="id=252 t=75"];
  v_HF0HO61EA -> b_HYVcJYPXeDl;
  v_HbjoBIQoXJ [label="id=721 t=75"];
  v_HbjoBIQoXJ -> b_HYVcJYPXeDl;
  v_HBQ7Ph9tDGq [label="id=83 t=75"];
  v_HBQ7Ph9tDGq -> b_HYVcJYPXeDl;
  v_HhDZe6eg2wZ [label="id=995 t=75"];
  v_HhDZe6eg2wZ -> b_HYVcJYPXeDl;
  v_HJxL4vWhnX [label="id=11 t=75"];
  v_HJxL4vWhnX -> b_HYVcJYPXeDl;
  v_HR03c7p3kZA [label="id=560 t=75"];
  v_HR03c7p3kZA -> b_HYVcJYPXeDl;
  v_HFgqag6czLg [label="id=309 t=75"];
  v_HFgqag6czLg -> b_HYVcJYPXeDl;
  v_HvJx4qe6oH [label="id=304 t=75"];
  v_HvJx4qe6oH -> b_HYVcJYPXeDl;
  v_H5XioVQxUNi [label="id=988 t=75"];
  v_H5XioVQxUNi -> b_HYVcJYPXeDl;
  v_Hxky3aL7KFt [label="id=720 t=75"];
  v_Hxky3aL7KFt -> b_HYVcJYPXeDl;
  v_HLpCgXgN8k7 [label="id=193 t=75"];
  v_HLpCgXgN8k7 -> b_HYVcJYPXeDl;
  v_HwRR9LEBlk3 [label="id=226 t=75"];
  v_HwRR9LEBlk3 -> b_HYVcJYPXeDl;
  v_HJQhpveAD8 [label="id=814 t=75"];
  v_HJQhpveAD8 -> b_HYVcJYPXeDl;
  v_H45oaXDb9CS [label="id=870 t=75"];
  v_H45oaXDb9CS -> b_HYVcJYPXeDl;
  v_HXvpsbSgbn [label="id=994 t=75"];
  v_HXvpsbSgbn -> b_HYVcJYPXeDl;
  v_H63qQdjEAgI [label="id=555 t=75"];
  v_H63qQdjEAgI -> b_HYVcJYPXeDl;
  v_HhopwyrdaDW [label="id=326 t=75"];
  v_HhopwyrdaDW -> b_HYVcJYPXeDl;
  v_HMfs2SfLVE [label="id=358 t=75"];
  v_HMfs2SfLVE -> b_HYVcJYPXeDl;
  v_HOwBJiZEGCj [label="id=164 t=75"];
  v_HOwBJiZEGCj -> b_HYVcJYPXeDl;
  v_HxWPdl84U1C [label="id=250 t=75"];
  v_HxWPdl84U1C -> b_HYVcJYPXeDl;
  v_HX1QDzVqyiw [label="id=718 t=75"];
  v_HX1QDzVqyiw -> b_HYVcJYPXeDl;
  v_HeKgW7ZB8tB [label="id=458 t=75"];
  v_HeKgW7ZB8tB -> b_HYVcJYPXeDl;
  v_HK1DeWONKE1 [label="id=218 t=75"];
  v_HK1DeWONKE1 -> b_HYVcJYPXeDl;
  v_Hg4GpMzuwHR [label="id=708 t=75"];
  v_Hg4GpMzuwHR -> b_HYVcJYPXeDl;
  v_H22H4nu5w4k [label="id=279 t=75"];
  v_H22H4nu5w4k -> b_HYVcJYPXeDl;
  v_HsCU3cIO41v [label="id=212 t=75"];
  v_HsCU3cIO41v -> b_HYVcJYPXeDl;
  v_HYTbxXzQiXn [label="id=641 t=75"];
  v_HYTbxXzQiXn -> b_HYVcJYPXeDl;
  v_HpWcThno1FW [label="id=958 t=75"];
  v_HpWcThno1FW -> b_HYVcJYPXeDl;
  v_HgKkw7eKed [label="id=650 t=75"];
  v_HgKkw7eKed -> b_HYVcJYPXeDl;
  v_HZrWhGAhgzS [label="id=153 t=75"];
  v_HZrWhGAhgzS -> b_HYVcJYPXeDl;
  v_HogZr2mTiL9 [label="id=56 t=75"];
  v_HogZr2mTiL9 -> b_HYVcJYPXeDl;
}


ALWAYS AWAKE final ledgers: 48 75 48 75 39 65
ALWAYS AWAKE total communication: 1622454 4745
ALWAYS AWAKE blocks communication: 13957 48
ALWAYS AWAKE votes communication: 1246576 4583
ALWAYS AWAKE proposals communication: 361921 114
